[2022-07-30 18:18:51,850] {taskinstance.py:1159} INFO - Dependencies all met for <TaskInstance: dag_with_postgres_operator.create_postgres_table scheduled__2022-01-14T00:00:00+00:00 [queued]>
[2022-07-30 18:18:51,870] {taskinstance.py:1159} INFO - Dependencies all met for <TaskInstance: dag_with_postgres_operator.create_postgres_table scheduled__2022-01-14T00:00:00+00:00 [queued]>
[2022-07-30 18:18:51,870] {taskinstance.py:1356} INFO - 
--------------------------------------------------------------------------------
[2022-07-30 18:18:51,870] {taskinstance.py:1357} INFO - Starting attempt 4 of 6
[2022-07-30 18:18:51,870] {taskinstance.py:1358} INFO - 
--------------------------------------------------------------------------------
[2022-07-30 18:18:51,892] {taskinstance.py:1377} INFO - Executing <Task(PostgresOperator): create_postgres_table> on 2022-01-14 00:00:00+00:00
[2022-07-30 18:18:51,896] {standard_task_runner.py:52} INFO - Started process 2535 to run task
[2022-07-30 18:18:51,902] {standard_task_runner.py:79} INFO - Running: ['***', 'tasks', 'run', 'dag_with_postgres_operator', 'create_postgres_table', 'scheduled__2022-01-14T00:00:00+00:00', '--job-id', '157', '--raw', '--subdir', 'DAGS_FOLDER/DAGWithPostgresOperator.py', '--cfg-path', '/tmp/tmpfsh3tzkx', '--error-file', '/tmp/tmpa8243qoy']
[2022-07-30 18:18:51,902] {standard_task_runner.py:80} INFO - Job 157: Subtask create_postgres_table
[2022-07-30 18:18:51,979] {task_command.py:369} INFO - Running <TaskInstance: dag_with_postgres_operator.create_postgres_table scheduled__2022-01-14T00:00:00+00:00 [running]> on host 66bf18ec08cc
[2022-07-30 18:18:52,088] {taskinstance.py:1571} INFO - Exporting the following env vars:
AIRFLOW_CTX_DAG_OWNER=yosr
AIRFLOW_CTX_DAG_ID=dag_with_postgres_operator
AIRFLOW_CTX_TASK_ID=create_postgres_table
AIRFLOW_CTX_EXECUTION_DATE=2022-01-14T00:00:00+00:00
AIRFLOW_CTX_TRY_NUMBER=4
AIRFLOW_CTX_DAG_RUN_ID=scheduled__2022-01-14T00:00:00+00:00
[2022-07-30 18:18:52,103] {base.py:68} INFO - Using connection ID 'postgres_localhost' for task execution.
[2022-07-30 18:18:52,105] {taskinstance.py:1889} ERROR - Task failed with exception
Traceback (most recent call last):
  File "/home/airflow/.local/lib/python3.7/site-packages/airflow/providers/postgres/operators/postgres.py", line 92, in execute
    self.hook.run(self.sql, self.autocommit, parameters=self.parameters)
  File "/home/airflow/.local/lib/python3.7/site-packages/airflow/hooks/dbapi.py", line 181, in run
    with closing(self.get_conn()) as conn:
  File "/home/airflow/.local/lib/python3.7/site-packages/airflow/providers/postgres/hooks/postgres.py", line 113, in get_conn
    self.conn = psycopg2.connect(**conn_args)
  File "/home/airflow/.local/lib/python3.7/site-packages/psycopg2/__init__.py", line 122, in connect
    conn = _connect(dsn, connection_factory=connection_factory, **kwasync)
psycopg2.OperationalError: could not translate host name "host.docker.internal " to address: Name or service not known

[2022-07-30 18:18:52,118] {taskinstance.py:1400} INFO - Marking task as UP_FOR_RETRY. dag_id=dag_with_postgres_operator, task_id=create_postgres_table, execution_date=20220114T000000, start_date=20220730T181851, end_date=20220730T181852
[2022-07-30 18:18:52,134] {standard_task_runner.py:97} ERROR - Failed to execute job 157 for task create_postgres_table (could not translate host name "host.docker.internal " to address: Name or service not known
; 2535)
[2022-07-30 18:18:52,158] {local_task_job.py:156} INFO - Task exited with return code 1
[2022-07-30 18:18:52,220] {local_task_job.py:273} INFO - 0 downstream tasks scheduled from follow-on schedule check
[2022-07-31 00:25:05,721] {taskinstance.py:1159} INFO - Dependencies all met for <TaskInstance: dag_with_postgres_operator.create_postgres_table scheduled__2022-01-14T00:00:00+00:00 [queued]>
[2022-07-31 00:25:05,738] {taskinstance.py:1159} INFO - Dependencies all met for <TaskInstance: dag_with_postgres_operator.create_postgres_table scheduled__2022-01-14T00:00:00+00:00 [queued]>
[2022-07-31 00:25:05,738] {taskinstance.py:1356} INFO - 
--------------------------------------------------------------------------------
[2022-07-31 00:25:05,738] {taskinstance.py:1357} INFO - Starting attempt 4 of 6
[2022-07-31 00:25:05,738] {taskinstance.py:1358} INFO - 
--------------------------------------------------------------------------------
[2022-07-31 00:25:05,761] {taskinstance.py:1377} INFO - Executing <Task(PostgresOperator): create_postgres_table> on 2022-01-14 00:00:00+00:00
[2022-07-31 00:25:05,765] {standard_task_runner.py:52} INFO - Started process 6463 to run task
[2022-07-31 00:25:05,772] {standard_task_runner.py:79} INFO - Running: ['***', 'tasks', 'run', 'dag_with_postgres_operator', 'create_postgres_table', 'scheduled__2022-01-14T00:00:00+00:00', '--job-id', '1165', '--raw', '--subdir', 'DAGS_FOLDER/DAGWithPostgresOperator.py', '--cfg-path', '/tmp/tmp_1suf8vl', '--error-file', '/tmp/tmp44ubekcz']
[2022-07-31 00:25:05,772] {standard_task_runner.py:80} INFO - Job 1165: Subtask create_postgres_table
[2022-07-31 00:25:05,839] {task_command.py:369} INFO - Running <TaskInstance: dag_with_postgres_operator.create_postgres_table scheduled__2022-01-14T00:00:00+00:00 [running]> on host 66bf18ec08cc
[2022-07-31 00:25:05,933] {taskinstance.py:1571} INFO - Exporting the following env vars:
AIRFLOW_CTX_DAG_OWNER=yosr
AIRFLOW_CTX_DAG_ID=dag_with_postgres_operator
AIRFLOW_CTX_TASK_ID=create_postgres_table
AIRFLOW_CTX_EXECUTION_DATE=2022-01-14T00:00:00+00:00
AIRFLOW_CTX_TRY_NUMBER=4
AIRFLOW_CTX_DAG_RUN_ID=scheduled__2022-01-14T00:00:00+00:00
[2022-07-31 00:25:05,946] {base.py:68} INFO - Using connection ID 'postgres_localhost' for task execution.
[2022-07-31 00:25:05,947] {taskinstance.py:1889} ERROR - Task failed with exception
Traceback (most recent call last):
  File "/home/airflow/.local/lib/python3.7/site-packages/airflow/providers/postgres/operators/postgres.py", line 92, in execute
    self.hook.run(self.sql, self.autocommit, parameters=self.parameters)
  File "/home/airflow/.local/lib/python3.7/site-packages/airflow/hooks/dbapi.py", line 181, in run
    with closing(self.get_conn()) as conn:
  File "/home/airflow/.local/lib/python3.7/site-packages/airflow/providers/postgres/hooks/postgres.py", line 113, in get_conn
    self.conn = psycopg2.connect(**conn_args)
  File "/home/airflow/.local/lib/python3.7/site-packages/psycopg2/__init__.py", line 122, in connect
    conn = _connect(dsn, connection_factory=connection_factory, **kwasync)
psycopg2.OperationalError: could not translate host name "host.docker.local " to address: Name or service not known

[2022-07-31 00:25:05,962] {taskinstance.py:1400} INFO - Marking task as UP_FOR_RETRY. dag_id=dag_with_postgres_operator, task_id=create_postgres_table, execution_date=20220114T000000, start_date=20220731T002505, end_date=20220731T002505
[2022-07-31 00:25:05,978] {standard_task_runner.py:97} ERROR - Failed to execute job 1165 for task create_postgres_table (could not translate host name "host.docker.local " to address: Name or service not known
; 6463)
[2022-07-31 00:25:05,988] {local_task_job.py:156} INFO - Task exited with return code 1
[2022-07-31 00:25:06,083] {local_task_job.py:273} INFO - 0 downstream tasks scheduled from follow-on schedule check
[2022-07-31 11:18:49,105] {taskinstance.py:1159} INFO - Dependencies all met for <TaskInstance: dag_with_postgres_operator.create_postgres_table scheduled__2022-01-14T00:00:00+00:00 [queued]>
[2022-07-31 11:18:49,132] {taskinstance.py:1159} INFO - Dependencies all met for <TaskInstance: dag_with_postgres_operator.create_postgres_table scheduled__2022-01-14T00:00:00+00:00 [queued]>
[2022-07-31 11:18:49,132] {taskinstance.py:1356} INFO - 
--------------------------------------------------------------------------------
[2022-07-31 11:18:49,133] {taskinstance.py:1357} INFO - Starting attempt 4 of 6
[2022-07-31 11:18:49,133] {taskinstance.py:1358} INFO - 
--------------------------------------------------------------------------------
[2022-07-31 11:18:49,162] {taskinstance.py:1377} INFO - Executing <Task(PostgresOperator): create_postgres_table> on 2022-01-14 00:00:00+00:00
[2022-07-31 11:18:49,171] {standard_task_runner.py:52} INFO - Started process 5333 to run task
[2022-07-31 11:18:49,183] {standard_task_runner.py:79} INFO - Running: ['***', 'tasks', 'run', 'dag_with_postgres_operator', 'create_postgres_table', 'scheduled__2022-01-14T00:00:00+00:00', '--job-id', '1611', '--raw', '--subdir', 'DAGS_FOLDER/DAGWithPostgresOperator.py', '--cfg-path', '/tmp/tmpiw9wmn4x', '--error-file', '/tmp/tmpbtmm3ic1']
[2022-07-31 11:18:49,184] {standard_task_runner.py:80} INFO - Job 1611: Subtask create_postgres_table
[2022-07-31 11:18:49,281] {task_command.py:369} INFO - Running <TaskInstance: dag_with_postgres_operator.create_postgres_table scheduled__2022-01-14T00:00:00+00:00 [running]> on host 66bf18ec08cc
[2022-07-31 11:18:49,419] {taskinstance.py:1571} INFO - Exporting the following env vars:
AIRFLOW_CTX_DAG_OWNER=yosr
AIRFLOW_CTX_DAG_ID=dag_with_postgres_operator
AIRFLOW_CTX_TASK_ID=create_postgres_table
AIRFLOW_CTX_EXECUTION_DATE=2022-01-14T00:00:00+00:00
AIRFLOW_CTX_TRY_NUMBER=4
AIRFLOW_CTX_DAG_RUN_ID=scheduled__2022-01-14T00:00:00+00:00
[2022-07-31 11:18:49,435] {base.py:68} INFO - Using connection ID 'postgres_localhost' for task execution.
[2022-07-31 11:19:19,461] {taskinstance.py:1889} ERROR - Task failed with exception
Traceback (most recent call last):
  File "/home/airflow/.local/lib/python3.7/site-packages/airflow/providers/postgres/operators/postgres.py", line 92, in execute
    self.hook.run(self.sql, self.autocommit, parameters=self.parameters)
  File "/home/airflow/.local/lib/python3.7/site-packages/airflow/hooks/dbapi.py", line 181, in run
    with closing(self.get_conn()) as conn:
  File "/home/airflow/.local/lib/python3.7/site-packages/airflow/providers/postgres/hooks/postgres.py", line 113, in get_conn
    self.conn = psycopg2.connect(**conn_args)
  File "/home/airflow/.local/lib/python3.7/site-packages/psycopg2/__init__.py", line 122, in connect
    conn = _connect(dsn, connection_factory=connection_factory, **kwasync)
psycopg2.OperationalError: could not translate host name "host.docker.internal" to address: Temporary failure in name resolution

[2022-07-31 11:19:19,472] {taskinstance.py:1400} INFO - Marking task as UP_FOR_RETRY. dag_id=dag_with_postgres_operator, task_id=create_postgres_table, execution_date=20220114T000000, start_date=20220731T111849, end_date=20220731T111919
[2022-07-31 11:19:19,491] {standard_task_runner.py:97} ERROR - Failed to execute job 1611 for task create_postgres_table (could not translate host name "host.docker.internal" to address: Temporary failure in name resolution
; 5333)
[2022-07-31 11:19:19,531] {local_task_job.py:156} INFO - Task exited with return code 1
[2022-07-31 11:19:19,572] {local_task_job.py:273} INFO - 0 downstream tasks scheduled from follow-on schedule check
[2022-07-31 13:50:12,116] {taskinstance.py:1159} INFO - Dependencies all met for <TaskInstance: dag_with_postgres_operator.create_postgres_table scheduled__2022-01-14T00:00:00+00:00 [queued]>
[2022-07-31 13:50:12,127] {taskinstance.py:1159} INFO - Dependencies all met for <TaskInstance: dag_with_postgres_operator.create_postgres_table scheduled__2022-01-14T00:00:00+00:00 [queued]>
[2022-07-31 13:50:12,127] {taskinstance.py:1356} INFO - 
--------------------------------------------------------------------------------
[2022-07-31 13:50:12,127] {taskinstance.py:1357} INFO - Starting attempt 4 of 6
[2022-07-31 13:50:12,127] {taskinstance.py:1358} INFO - 
--------------------------------------------------------------------------------
[2022-07-31 13:50:12,145] {taskinstance.py:1377} INFO - Executing <Task(PostgresOperator): create_postgres_table> on 2022-01-14 00:00:00+00:00
[2022-07-31 13:50:12,150] {standard_task_runner.py:52} INFO - Started process 2934 to run task
[2022-07-31 13:50:12,153] {standard_task_runner.py:79} INFO - Running: ['***', 'tasks', 'run', 'dag_with_postgres_operator', 'create_postgres_table', 'scheduled__2022-01-14T00:00:00+00:00', '--job-id', '157', '--raw', '--subdir', 'DAGS_FOLDER/DAGWithPostgresOperator.py', '--cfg-path', '/tmp/tmp5u4do359', '--error-file', '/tmp/tmpv3d04h_c']
[2022-07-31 13:50:12,153] {standard_task_runner.py:80} INFO - Job 157: Subtask create_postgres_table
[2022-07-31 13:50:12,217] {task_command.py:369} INFO - Running <TaskInstance: dag_with_postgres_operator.create_postgres_table scheduled__2022-01-14T00:00:00+00:00 [running]> on host 4688dd3b7141
[2022-07-31 13:50:12,299] {taskinstance.py:1571} INFO - Exporting the following env vars:
AIRFLOW_CTX_DAG_OWNER=yosr
AIRFLOW_CTX_DAG_ID=dag_with_postgres_operator
AIRFLOW_CTX_TASK_ID=create_postgres_table
AIRFLOW_CTX_EXECUTION_DATE=2022-01-14T00:00:00+00:00
AIRFLOW_CTX_TRY_NUMBER=4
AIRFLOW_CTX_DAG_RUN_ID=scheduled__2022-01-14T00:00:00+00:00
[2022-07-31 13:50:12,392] {taskinstance.py:1889} ERROR - Task failed with exception
Traceback (most recent call last):
  File "/home/airflow/.local/lib/python3.7/site-packages/airflow/providers/postgres/operators/postgres.py", line 92, in execute
    self.hook.run(self.sql, self.autocommit, parameters=self.parameters)
  File "/home/airflow/.local/lib/python3.7/site-packages/airflow/hooks/dbapi.py", line 181, in run
    with closing(self.get_conn()) as conn:
  File "/home/airflow/.local/lib/python3.7/site-packages/airflow/providers/postgres/hooks/postgres.py", line 86, in get_conn
    conn = deepcopy(self.connection or self.get_connection(conn_id))
  File "/home/airflow/.local/lib/python3.7/site-packages/airflow/hooks/base.py", line 67, in get_connection
    conn = Connection.get_connection_from_secrets(conn_id)
  File "/home/airflow/.local/lib/python3.7/site-packages/airflow/models/connection.py", line 430, in get_connection_from_secrets
    raise AirflowNotFoundException(f"The conn_id `{conn_id}` isn't defined")
airflow.exceptions.AirflowNotFoundException: The conn_id `postgres_localhost` isn't defined
[2022-07-31 13:50:12,397] {taskinstance.py:1400} INFO - Marking task as UP_FOR_RETRY. dag_id=dag_with_postgres_operator, task_id=create_postgres_table, execution_date=20220114T000000, start_date=20220731T135012, end_date=20220731T135012
[2022-07-31 13:50:12,412] {standard_task_runner.py:97} ERROR - Failed to execute job 157 for task create_postgres_table (The conn_id `postgres_localhost` isn't defined; 2934)
[2022-07-31 13:50:12,449] {local_task_job.py:156} INFO - Task exited with return code 1
[2022-07-31 13:50:12,494] {local_task_job.py:273} INFO - 0 downstream tasks scheduled from follow-on schedule check
