[2022-07-30 18:03:48,933] {taskinstance.py:1159} INFO - Dependencies all met for <TaskInstance: dag_with_postgres_operator.create_postgres_table scheduled__2022-01-14T00:00:00+00:00 [queued]>
[2022-07-30 18:03:48,952] {taskinstance.py:1159} INFO - Dependencies all met for <TaskInstance: dag_with_postgres_operator.create_postgres_table scheduled__2022-01-14T00:00:00+00:00 [queued]>
[2022-07-30 18:03:48,953] {taskinstance.py:1356} INFO - 
--------------------------------------------------------------------------------
[2022-07-30 18:03:48,953] {taskinstance.py:1357} INFO - Starting attempt 1 of 6
[2022-07-30 18:03:48,953] {taskinstance.py:1358} INFO - 
--------------------------------------------------------------------------------
[2022-07-30 18:03:48,978] {taskinstance.py:1377} INFO - Executing <Task(PostgresOperator): create_postgres_table> on 2022-01-14 00:00:00+00:00
[2022-07-30 18:03:48,983] {standard_task_runner.py:52} INFO - Started process 1744 to run task
[2022-07-30 18:03:48,990] {standard_task_runner.py:79} INFO - Running: ['***', 'tasks', 'run', 'dag_with_postgres_operator', 'create_postgres_table', 'scheduled__2022-01-14T00:00:00+00:00', '--job-id', '109', '--raw', '--subdir', 'DAGS_FOLDER/DAGWithPostgresOperator.py', '--cfg-path', '/tmp/tmp8k13m8sv', '--error-file', '/tmp/tmpng0lnlk9']
[2022-07-30 18:03:48,991] {standard_task_runner.py:80} INFO - Job 109: Subtask create_postgres_table
[2022-07-30 18:03:49,076] {task_command.py:369} INFO - Running <TaskInstance: dag_with_postgres_operator.create_postgres_table scheduled__2022-01-14T00:00:00+00:00 [running]> on host 66bf18ec08cc
[2022-07-30 18:03:49,177] {taskinstance.py:1571} INFO - Exporting the following env vars:
AIRFLOW_CTX_DAG_OWNER=yosr
AIRFLOW_CTX_DAG_ID=dag_with_postgres_operator
AIRFLOW_CTX_TASK_ID=create_postgres_table
AIRFLOW_CTX_EXECUTION_DATE=2022-01-14T00:00:00+00:00
AIRFLOW_CTX_TRY_NUMBER=1
AIRFLOW_CTX_DAG_RUN_ID=scheduled__2022-01-14T00:00:00+00:00
[2022-07-30 18:03:49,189] {base.py:68} INFO - Using connection ID 'postgres_localhost' for task execution.
[2022-07-30 18:03:49,190] {taskinstance.py:1889} ERROR - Task failed with exception
Traceback (most recent call last):
  File "/home/airflow/.local/lib/python3.7/site-packages/airflow/providers/postgres/operators/postgres.py", line 92, in execute
    self.hook.run(self.sql, self.autocommit, parameters=self.parameters)
  File "/home/airflow/.local/lib/python3.7/site-packages/airflow/hooks/dbapi.py", line 181, in run
    with closing(self.get_conn()) as conn:
  File "/home/airflow/.local/lib/python3.7/site-packages/airflow/providers/postgres/hooks/postgres.py", line 113, in get_conn
    self.conn = psycopg2.connect(**conn_args)
  File "/home/airflow/.local/lib/python3.7/site-packages/psycopg2/__init__.py", line 122, in connect
    conn = _connect(dsn, connection_factory=connection_factory, **kwasync)
psycopg2.OperationalError: could not translate host name "host.docker.internal " to address: Name or service not known

[2022-07-30 18:03:49,202] {taskinstance.py:1400} INFO - Marking task as UP_FOR_RETRY. dag_id=dag_with_postgres_operator, task_id=create_postgres_table, execution_date=20220114T000000, start_date=20220730T180348, end_date=20220730T180349
[2022-07-30 18:03:49,216] {standard_task_runner.py:97} ERROR - Failed to execute job 109 for task create_postgres_table (could not translate host name "host.docker.internal " to address: Name or service not known
; 1744)
[2022-07-30 18:03:49,244] {local_task_job.py:156} INFO - Task exited with return code 1
[2022-07-30 18:03:49,318] {local_task_job.py:273} INFO - 0 downstream tasks scheduled from follow-on schedule check
[2022-07-31 00:10:02,934] {taskinstance.py:1159} INFO - Dependencies all met for <TaskInstance: dag_with_postgres_operator.create_postgres_table scheduled__2022-01-14T00:00:00+00:00 [queued]>
[2022-07-31 00:10:02,961] {taskinstance.py:1159} INFO - Dependencies all met for <TaskInstance: dag_with_postgres_operator.create_postgres_table scheduled__2022-01-14T00:00:00+00:00 [queued]>
[2022-07-31 00:10:02,961] {taskinstance.py:1356} INFO - 
--------------------------------------------------------------------------------
[2022-07-31 00:10:02,962] {taskinstance.py:1357} INFO - Starting attempt 1 of 6
[2022-07-31 00:10:02,962] {taskinstance.py:1358} INFO - 
--------------------------------------------------------------------------------
[2022-07-31 00:10:02,989] {taskinstance.py:1377} INFO - Executing <Task(PostgresOperator): create_postgres_table> on 2022-01-14 00:00:00+00:00
[2022-07-31 00:10:02,994] {standard_task_runner.py:52} INFO - Started process 5671 to run task
[2022-07-31 00:10:02,999] {standard_task_runner.py:79} INFO - Running: ['***', 'tasks', 'run', 'dag_with_postgres_operator', 'create_postgres_table', 'scheduled__2022-01-14T00:00:00+00:00', '--job-id', '1117', '--raw', '--subdir', 'DAGS_FOLDER/DAGWithPostgresOperator.py', '--cfg-path', '/tmp/tmplhscrl8v', '--error-file', '/tmp/tmphqvkw4vi']
[2022-07-31 00:10:03,000] {standard_task_runner.py:80} INFO - Job 1117: Subtask create_postgres_table
[2022-07-31 00:10:03,086] {task_command.py:369} INFO - Running <TaskInstance: dag_with_postgres_operator.create_postgres_table scheduled__2022-01-14T00:00:00+00:00 [running]> on host 66bf18ec08cc
[2022-07-31 00:10:03,198] {taskinstance.py:1571} INFO - Exporting the following env vars:
AIRFLOW_CTX_DAG_OWNER=yosr
AIRFLOW_CTX_DAG_ID=dag_with_postgres_operator
AIRFLOW_CTX_TASK_ID=create_postgres_table
AIRFLOW_CTX_EXECUTION_DATE=2022-01-14T00:00:00+00:00
AIRFLOW_CTX_TRY_NUMBER=1
AIRFLOW_CTX_DAG_RUN_ID=scheduled__2022-01-14T00:00:00+00:00
[2022-07-31 00:10:03,214] {base.py:68} INFO - Using connection ID 'postgres_localhost' for task execution.
[2022-07-31 00:10:03,216] {taskinstance.py:1889} ERROR - Task failed with exception
Traceback (most recent call last):
  File "/home/airflow/.local/lib/python3.7/site-packages/airflow/providers/postgres/operators/postgres.py", line 92, in execute
    self.hook.run(self.sql, self.autocommit, parameters=self.parameters)
  File "/home/airflow/.local/lib/python3.7/site-packages/airflow/hooks/dbapi.py", line 181, in run
    with closing(self.get_conn()) as conn:
  File "/home/airflow/.local/lib/python3.7/site-packages/airflow/providers/postgres/hooks/postgres.py", line 113, in get_conn
    self.conn = psycopg2.connect(**conn_args)
  File "/home/airflow/.local/lib/python3.7/site-packages/psycopg2/__init__.py", line 122, in connect
    conn = _connect(dsn, connection_factory=connection_factory, **kwasync)
psycopg2.OperationalError: could not translate host name "host.docker.local " to address: Name or service not known

[2022-07-31 00:10:03,231] {taskinstance.py:1400} INFO - Marking task as UP_FOR_RETRY. dag_id=dag_with_postgres_operator, task_id=create_postgres_table, execution_date=20220114T000000, start_date=20220731T001002, end_date=20220731T001003
[2022-07-31 00:10:03,248] {standard_task_runner.py:97} ERROR - Failed to execute job 1117 for task create_postgres_table (could not translate host name "host.docker.local " to address: Name or service not known
; 5671)
[2022-07-31 00:10:03,257] {local_task_job.py:156} INFO - Task exited with return code 1
[2022-07-31 00:10:03,344] {local_task_job.py:273} INFO - 0 downstream tasks scheduled from follow-on schedule check
[2022-07-31 11:03:28,523] {taskinstance.py:1159} INFO - Dependencies all met for <TaskInstance: dag_with_postgres_operator.create_postgres_table scheduled__2022-01-14T00:00:00+00:00 [queued]>
[2022-07-31 11:03:28,542] {taskinstance.py:1159} INFO - Dependencies all met for <TaskInstance: dag_with_postgres_operator.create_postgres_table scheduled__2022-01-14T00:00:00+00:00 [queued]>
[2022-07-31 11:03:28,542] {taskinstance.py:1356} INFO - 
--------------------------------------------------------------------------------
[2022-07-31 11:03:28,542] {taskinstance.py:1357} INFO - Starting attempt 1 of 6
[2022-07-31 11:03:28,542] {taskinstance.py:1358} INFO - 
--------------------------------------------------------------------------------
[2022-07-31 11:03:28,562] {taskinstance.py:1377} INFO - Executing <Task(PostgresOperator): create_postgres_table> on 2022-01-14 00:00:00+00:00
[2022-07-31 11:03:28,567] {standard_task_runner.py:52} INFO - Started process 4544 to run task
[2022-07-31 11:03:28,572] {standard_task_runner.py:79} INFO - Running: ['***', 'tasks', 'run', 'dag_with_postgres_operator', 'create_postgres_table', 'scheduled__2022-01-14T00:00:00+00:00', '--job-id', '1567', '--raw', '--subdir', 'DAGS_FOLDER/DAGWithPostgresOperator.py', '--cfg-path', '/tmp/tmpc9j4208f', '--error-file', '/tmp/tmpvpmfekvy']
[2022-07-31 11:03:28,572] {standard_task_runner.py:80} INFO - Job 1567: Subtask create_postgres_table
[2022-07-31 11:03:28,653] {task_command.py:369} INFO - Running <TaskInstance: dag_with_postgres_operator.create_postgres_table scheduled__2022-01-14T00:00:00+00:00 [running]> on host 66bf18ec08cc
[2022-07-31 11:03:28,760] {taskinstance.py:1571} INFO - Exporting the following env vars:
AIRFLOW_CTX_DAG_OWNER=yosr
AIRFLOW_CTX_DAG_ID=dag_with_postgres_operator
AIRFLOW_CTX_TASK_ID=create_postgres_table
AIRFLOW_CTX_EXECUTION_DATE=2022-01-14T00:00:00+00:00
AIRFLOW_CTX_TRY_NUMBER=1
AIRFLOW_CTX_DAG_RUN_ID=scheduled__2022-01-14T00:00:00+00:00
[2022-07-31 11:03:28,780] {base.py:68} INFO - Using connection ID 'postgres_localhost' for task execution.
[2022-07-31 11:03:28,781] {taskinstance.py:1889} ERROR - Task failed with exception
Traceback (most recent call last):
  File "/home/airflow/.local/lib/python3.7/site-packages/airflow/providers/postgres/operators/postgres.py", line 92, in execute
    self.hook.run(self.sql, self.autocommit, parameters=self.parameters)
  File "/home/airflow/.local/lib/python3.7/site-packages/airflow/hooks/dbapi.py", line 181, in run
    with closing(self.get_conn()) as conn:
  File "/home/airflow/.local/lib/python3.7/site-packages/airflow/providers/postgres/hooks/postgres.py", line 113, in get_conn
    self.conn = psycopg2.connect(**conn_args)
  File "/home/airflow/.local/lib/python3.7/site-packages/psycopg2/__init__.py", line 122, in connect
    conn = _connect(dsn, connection_factory=connection_factory, **kwasync)
psycopg2.OperationalError: could not translate host name "host.docker.internal " to address: Name or service not known

[2022-07-31 11:03:28,795] {taskinstance.py:1400} INFO - Marking task as UP_FOR_RETRY. dag_id=dag_with_postgres_operator, task_id=create_postgres_table, execution_date=20220114T000000, start_date=20220731T110328, end_date=20220731T110328
[2022-07-31 11:03:28,811] {standard_task_runner.py:97} ERROR - Failed to execute job 1567 for task create_postgres_table (could not translate host name "host.docker.internal " to address: Name or service not known
; 4544)
[2022-07-31 11:03:28,829] {local_task_job.py:156} INFO - Task exited with return code 1
[2022-07-31 11:03:28,903] {local_task_job.py:273} INFO - 0 downstream tasks scheduled from follow-on schedule check
[2022-07-31 13:35:08,908] {taskinstance.py:1159} INFO - Dependencies all met for <TaskInstance: dag_with_postgres_operator.create_postgres_table scheduled__2022-01-14T00:00:00+00:00 [queued]>
[2022-07-31 13:35:08,926] {taskinstance.py:1159} INFO - Dependencies all met for <TaskInstance: dag_with_postgres_operator.create_postgres_table scheduled__2022-01-14T00:00:00+00:00 [queued]>
[2022-07-31 13:35:08,926] {taskinstance.py:1356} INFO - 
--------------------------------------------------------------------------------
[2022-07-31 13:35:08,926] {taskinstance.py:1357} INFO - Starting attempt 1 of 6
[2022-07-31 13:35:08,926] {taskinstance.py:1358} INFO - 
--------------------------------------------------------------------------------
[2022-07-31 13:35:08,947] {taskinstance.py:1377} INFO - Executing <Task(PostgresOperator): create_postgres_table> on 2022-01-14 00:00:00+00:00
[2022-07-31 13:35:08,952] {standard_task_runner.py:52} INFO - Started process 2136 to run task
[2022-07-31 13:35:08,955] {standard_task_runner.py:79} INFO - Running: ['***', 'tasks', 'run', 'dag_with_postgres_operator', 'create_postgres_table', 'scheduled__2022-01-14T00:00:00+00:00', '--job-id', '109', '--raw', '--subdir', 'DAGS_FOLDER/DAGWithPostgresOperator.py', '--cfg-path', '/tmp/tmpyvhg5euq', '--error-file', '/tmp/tmp9ste_nxw']
[2022-07-31 13:35:08,956] {standard_task_runner.py:80} INFO - Job 109: Subtask create_postgres_table
[2022-07-31 13:35:09,057] {task_command.py:369} INFO - Running <TaskInstance: dag_with_postgres_operator.create_postgres_table scheduled__2022-01-14T00:00:00+00:00 [running]> on host 4688dd3b7141
[2022-07-31 13:35:09,207] {taskinstance.py:1571} INFO - Exporting the following env vars:
AIRFLOW_CTX_DAG_OWNER=yosr
AIRFLOW_CTX_DAG_ID=dag_with_postgres_operator
AIRFLOW_CTX_TASK_ID=create_postgres_table
AIRFLOW_CTX_EXECUTION_DATE=2022-01-14T00:00:00+00:00
AIRFLOW_CTX_TRY_NUMBER=1
AIRFLOW_CTX_DAG_RUN_ID=scheduled__2022-01-14T00:00:00+00:00
[2022-07-31 13:35:09,297] {taskinstance.py:1889} ERROR - Task failed with exception
Traceback (most recent call last):
  File "/home/airflow/.local/lib/python3.7/site-packages/airflow/providers/postgres/operators/postgres.py", line 92, in execute
    self.hook.run(self.sql, self.autocommit, parameters=self.parameters)
  File "/home/airflow/.local/lib/python3.7/site-packages/airflow/hooks/dbapi.py", line 181, in run
    with closing(self.get_conn()) as conn:
  File "/home/airflow/.local/lib/python3.7/site-packages/airflow/providers/postgres/hooks/postgres.py", line 86, in get_conn
    conn = deepcopy(self.connection or self.get_connection(conn_id))
  File "/home/airflow/.local/lib/python3.7/site-packages/airflow/hooks/base.py", line 67, in get_connection
    conn = Connection.get_connection_from_secrets(conn_id)
  File "/home/airflow/.local/lib/python3.7/site-packages/airflow/models/connection.py", line 430, in get_connection_from_secrets
    raise AirflowNotFoundException(f"The conn_id `{conn_id}` isn't defined")
airflow.exceptions.AirflowNotFoundException: The conn_id `postgres_localhost` isn't defined
[2022-07-31 13:35:09,303] {taskinstance.py:1400} INFO - Marking task as UP_FOR_RETRY. dag_id=dag_with_postgres_operator, task_id=create_postgres_table, execution_date=20220114T000000, start_date=20220731T133508, end_date=20220731T133509
[2022-07-31 13:35:09,321] {standard_task_runner.py:97} ERROR - Failed to execute job 109 for task create_postgres_table (The conn_id `postgres_localhost` isn't defined; 2136)
[2022-07-31 13:35:09,351] {local_task_job.py:156} INFO - Task exited with return code 1
[2022-07-31 13:35:09,405] {local_task_job.py:273} INFO - 0 downstream tasks scheduled from follow-on schedule check
