[2022-07-30 18:13:50,966] {taskinstance.py:1159} INFO - Dependencies all met for <TaskInstance: dag_with_postgres_operator.create_postgres_table scheduled__2022-01-14T00:00:00+00:00 [queued]>
[2022-07-30 18:13:50,986] {taskinstance.py:1159} INFO - Dependencies all met for <TaskInstance: dag_with_postgres_operator.create_postgres_table scheduled__2022-01-14T00:00:00+00:00 [queued]>
[2022-07-30 18:13:50,987] {taskinstance.py:1356} INFO - 
--------------------------------------------------------------------------------
[2022-07-30 18:13:50,987] {taskinstance.py:1357} INFO - Starting attempt 3 of 6
[2022-07-30 18:13:50,987] {taskinstance.py:1358} INFO - 
--------------------------------------------------------------------------------
[2022-07-30 18:13:51,010] {taskinstance.py:1377} INFO - Executing <Task(PostgresOperator): create_postgres_table> on 2022-01-14 00:00:00+00:00
[2022-07-30 18:13:51,016] {standard_task_runner.py:52} INFO - Started process 2279 to run task
[2022-07-30 18:13:51,019] {standard_task_runner.py:79} INFO - Running: ['***', 'tasks', 'run', 'dag_with_postgres_operator', 'create_postgres_table', 'scheduled__2022-01-14T00:00:00+00:00', '--job-id', '141', '--raw', '--subdir', 'DAGS_FOLDER/DAGWithPostgresOperator.py', '--cfg-path', '/tmp/tmpk3nh5oqp', '--error-file', '/tmp/tmpexfrj9kd']
[2022-07-30 18:13:51,019] {standard_task_runner.py:80} INFO - Job 141: Subtask create_postgres_table
[2022-07-30 18:13:51,096] {task_command.py:369} INFO - Running <TaskInstance: dag_with_postgres_operator.create_postgres_table scheduled__2022-01-14T00:00:00+00:00 [running]> on host 66bf18ec08cc
[2022-07-30 18:13:51,189] {taskinstance.py:1571} INFO - Exporting the following env vars:
AIRFLOW_CTX_DAG_OWNER=yosr
AIRFLOW_CTX_DAG_ID=dag_with_postgres_operator
AIRFLOW_CTX_TASK_ID=create_postgres_table
AIRFLOW_CTX_EXECUTION_DATE=2022-01-14T00:00:00+00:00
AIRFLOW_CTX_TRY_NUMBER=3
AIRFLOW_CTX_DAG_RUN_ID=scheduled__2022-01-14T00:00:00+00:00
[2022-07-30 18:13:51,202] {base.py:68} INFO - Using connection ID 'postgres_localhost' for task execution.
[2022-07-30 18:13:51,203] {taskinstance.py:1889} ERROR - Task failed with exception
Traceback (most recent call last):
  File "/home/airflow/.local/lib/python3.7/site-packages/airflow/providers/postgres/operators/postgres.py", line 92, in execute
    self.hook.run(self.sql, self.autocommit, parameters=self.parameters)
  File "/home/airflow/.local/lib/python3.7/site-packages/airflow/hooks/dbapi.py", line 181, in run
    with closing(self.get_conn()) as conn:
  File "/home/airflow/.local/lib/python3.7/site-packages/airflow/providers/postgres/hooks/postgres.py", line 113, in get_conn
    self.conn = psycopg2.connect(**conn_args)
  File "/home/airflow/.local/lib/python3.7/site-packages/psycopg2/__init__.py", line 122, in connect
    conn = _connect(dsn, connection_factory=connection_factory, **kwasync)
psycopg2.OperationalError: could not translate host name "host.docker.internal " to address: Name or service not known

[2022-07-30 18:13:51,215] {taskinstance.py:1400} INFO - Marking task as UP_FOR_RETRY. dag_id=dag_with_postgres_operator, task_id=create_postgres_table, execution_date=20220114T000000, start_date=20220730T181350, end_date=20220730T181351
[2022-07-30 18:13:51,230] {standard_task_runner.py:97} ERROR - Failed to execute job 141 for task create_postgres_table (could not translate host name "host.docker.internal " to address: Name or service not known
; 2279)
[2022-07-30 18:13:51,238] {local_task_job.py:156} INFO - Task exited with return code 1
[2022-07-30 18:13:51,346] {local_task_job.py:273} INFO - 0 downstream tasks scheduled from follow-on schedule check
[2022-07-31 00:20:04,793] {taskinstance.py:1159} INFO - Dependencies all met for <TaskInstance: dag_with_postgres_operator.create_postgres_table scheduled__2022-01-14T00:00:00+00:00 [queued]>
[2022-07-31 00:20:04,815] {taskinstance.py:1159} INFO - Dependencies all met for <TaskInstance: dag_with_postgres_operator.create_postgres_table scheduled__2022-01-14T00:00:00+00:00 [queued]>
[2022-07-31 00:20:04,815] {taskinstance.py:1356} INFO - 
--------------------------------------------------------------------------------
[2022-07-31 00:20:04,816] {taskinstance.py:1357} INFO - Starting attempt 3 of 6
[2022-07-31 00:20:04,816] {taskinstance.py:1358} INFO - 
--------------------------------------------------------------------------------
[2022-07-31 00:20:04,836] {taskinstance.py:1377} INFO - Executing <Task(PostgresOperator): create_postgres_table> on 2022-01-14 00:00:00+00:00
[2022-07-31 00:20:04,842] {standard_task_runner.py:52} INFO - Started process 6196 to run task
[2022-07-31 00:20:04,847] {standard_task_runner.py:79} INFO - Running: ['***', 'tasks', 'run', 'dag_with_postgres_operator', 'create_postgres_table', 'scheduled__2022-01-14T00:00:00+00:00', '--job-id', '1149', '--raw', '--subdir', 'DAGS_FOLDER/DAGWithPostgresOperator.py', '--cfg-path', '/tmp/tmpr_ka88jf', '--error-file', '/tmp/tmpbu3lmgqx']
[2022-07-31 00:20:04,847] {standard_task_runner.py:80} INFO - Job 1149: Subtask create_postgres_table
[2022-07-31 00:20:04,927] {task_command.py:369} INFO - Running <TaskInstance: dag_with_postgres_operator.create_postgres_table scheduled__2022-01-14T00:00:00+00:00 [running]> on host 66bf18ec08cc
[2022-07-31 00:20:05,017] {taskinstance.py:1571} INFO - Exporting the following env vars:
AIRFLOW_CTX_DAG_OWNER=yosr
AIRFLOW_CTX_DAG_ID=dag_with_postgres_operator
AIRFLOW_CTX_TASK_ID=create_postgres_table
AIRFLOW_CTX_EXECUTION_DATE=2022-01-14T00:00:00+00:00
AIRFLOW_CTX_TRY_NUMBER=3
AIRFLOW_CTX_DAG_RUN_ID=scheduled__2022-01-14T00:00:00+00:00
[2022-07-31 00:20:05,031] {base.py:68} INFO - Using connection ID 'postgres_localhost' for task execution.
[2022-07-31 00:20:05,032] {taskinstance.py:1889} ERROR - Task failed with exception
Traceback (most recent call last):
  File "/home/airflow/.local/lib/python3.7/site-packages/airflow/providers/postgres/operators/postgres.py", line 92, in execute
    self.hook.run(self.sql, self.autocommit, parameters=self.parameters)
  File "/home/airflow/.local/lib/python3.7/site-packages/airflow/hooks/dbapi.py", line 181, in run
    with closing(self.get_conn()) as conn:
  File "/home/airflow/.local/lib/python3.7/site-packages/airflow/providers/postgres/hooks/postgres.py", line 113, in get_conn
    self.conn = psycopg2.connect(**conn_args)
  File "/home/airflow/.local/lib/python3.7/site-packages/psycopg2/__init__.py", line 122, in connect
    conn = _connect(dsn, connection_factory=connection_factory, **kwasync)
psycopg2.OperationalError: could not translate host name "host.docker.local " to address: Name or service not known

[2022-07-31 00:20:05,043] {taskinstance.py:1400} INFO - Marking task as UP_FOR_RETRY. dag_id=dag_with_postgres_operator, task_id=create_postgres_table, execution_date=20220114T000000, start_date=20220731T002004, end_date=20220731T002005
[2022-07-31 00:20:05,056] {standard_task_runner.py:97} ERROR - Failed to execute job 1149 for task create_postgres_table (could not translate host name "host.docker.local " to address: Name or service not known
; 6196)
[2022-07-31 00:20:05,063] {local_task_job.py:156} INFO - Task exited with return code 1
[2022-07-31 00:20:05,173] {local_task_job.py:273} INFO - 0 downstream tasks scheduled from follow-on schedule check
[2022-07-31 11:13:30,638] {taskinstance.py:1159} INFO - Dependencies all met for <TaskInstance: dag_with_postgres_operator.create_postgres_table scheduled__2022-01-14T00:00:00+00:00 [queued]>
[2022-07-31 11:13:30,672] {taskinstance.py:1159} INFO - Dependencies all met for <TaskInstance: dag_with_postgres_operator.create_postgres_table scheduled__2022-01-14T00:00:00+00:00 [queued]>
[2022-07-31 11:13:30,672] {taskinstance.py:1356} INFO - 
--------------------------------------------------------------------------------
[2022-07-31 11:13:30,672] {taskinstance.py:1357} INFO - Starting attempt 3 of 6
[2022-07-31 11:13:30,672] {taskinstance.py:1358} INFO - 
--------------------------------------------------------------------------------
[2022-07-31 11:13:30,698] {taskinstance.py:1377} INFO - Executing <Task(PostgresOperator): create_postgres_table> on 2022-01-14 00:00:00+00:00
[2022-07-31 11:13:30,704] {standard_task_runner.py:52} INFO - Started process 5069 to run task
[2022-07-31 11:13:30,709] {standard_task_runner.py:79} INFO - Running: ['***', 'tasks', 'run', 'dag_with_postgres_operator', 'create_postgres_table', 'scheduled__2022-01-14T00:00:00+00:00', '--job-id', '1600', '--raw', '--subdir', 'DAGS_FOLDER/DAGWithPostgresOperator.py', '--cfg-path', '/tmp/tmp__b4lwyt', '--error-file', '/tmp/tmpccsw_r3u']
[2022-07-31 11:13:30,709] {standard_task_runner.py:80} INFO - Job 1600: Subtask create_postgres_table
[2022-07-31 11:13:30,790] {task_command.py:369} INFO - Running <TaskInstance: dag_with_postgres_operator.create_postgres_table scheduled__2022-01-14T00:00:00+00:00 [running]> on host 66bf18ec08cc
[2022-07-31 11:13:30,888] {taskinstance.py:1571} INFO - Exporting the following env vars:
AIRFLOW_CTX_DAG_OWNER=yosr
AIRFLOW_CTX_DAG_ID=dag_with_postgres_operator
AIRFLOW_CTX_TASK_ID=create_postgres_table
AIRFLOW_CTX_EXECUTION_DATE=2022-01-14T00:00:00+00:00
AIRFLOW_CTX_TRY_NUMBER=3
AIRFLOW_CTX_DAG_RUN_ID=scheduled__2022-01-14T00:00:00+00:00
[2022-07-31 11:13:30,901] {base.py:68} INFO - Using connection ID 'postgres_localhost' for task execution.
[2022-07-31 11:13:48,456] {taskinstance.py:1889} ERROR - Task failed with exception
Traceback (most recent call last):
  File "/home/airflow/.local/lib/python3.7/site-packages/airflow/providers/postgres/operators/postgres.py", line 92, in execute
    self.hook.run(self.sql, self.autocommit, parameters=self.parameters)
  File "/home/airflow/.local/lib/python3.7/site-packages/airflow/hooks/dbapi.py", line 181, in run
    with closing(self.get_conn()) as conn:
  File "/home/airflow/.local/lib/python3.7/site-packages/airflow/providers/postgres/hooks/postgres.py", line 113, in get_conn
    self.conn = psycopg2.connect(**conn_args)
  File "/home/airflow/.local/lib/python3.7/site-packages/psycopg2/__init__.py", line 122, in connect
    conn = _connect(dsn, connection_factory=connection_factory, **kwasync)
psycopg2.OperationalError: could not translate host name "host.docker.internal" to address: No address associated with hostname

[2022-07-31 11:13:48,475] {taskinstance.py:1400} INFO - Marking task as UP_FOR_RETRY. dag_id=dag_with_postgres_operator, task_id=create_postgres_table, execution_date=20220114T000000, start_date=20220731T111330, end_date=20220731T111348
[2022-07-31 11:13:48,499] {standard_task_runner.py:97} ERROR - Failed to execute job 1600 for task create_postgres_table (could not translate host name "host.docker.internal" to address: No address associated with hostname
; 5069)
[2022-07-31 11:13:48,520] {local_task_job.py:156} INFO - Task exited with return code 1
[2022-07-31 11:13:48,558] {local_task_job.py:273} INFO - 0 downstream tasks scheduled from follow-on schedule check
[2022-07-31 13:45:11,005] {taskinstance.py:1159} INFO - Dependencies all met for <TaskInstance: dag_with_postgres_operator.create_postgres_table scheduled__2022-01-14T00:00:00+00:00 [queued]>
[2022-07-31 13:45:11,025] {taskinstance.py:1159} INFO - Dependencies all met for <TaskInstance: dag_with_postgres_operator.create_postgres_table scheduled__2022-01-14T00:00:00+00:00 [queued]>
[2022-07-31 13:45:11,026] {taskinstance.py:1356} INFO - 
--------------------------------------------------------------------------------
[2022-07-31 13:45:11,026] {taskinstance.py:1357} INFO - Starting attempt 3 of 6
[2022-07-31 13:45:11,026] {taskinstance.py:1358} INFO - 
--------------------------------------------------------------------------------
[2022-07-31 13:45:11,050] {taskinstance.py:1377} INFO - Executing <Task(PostgresOperator): create_postgres_table> on 2022-01-14 00:00:00+00:00
[2022-07-31 13:45:11,055] {standard_task_runner.py:52} INFO - Started process 2670 to run task
[2022-07-31 13:45:11,058] {standard_task_runner.py:79} INFO - Running: ['***', 'tasks', 'run', 'dag_with_postgres_operator', 'create_postgres_table', 'scheduled__2022-01-14T00:00:00+00:00', '--job-id', '141', '--raw', '--subdir', 'DAGS_FOLDER/DAGWithPostgresOperator.py', '--cfg-path', '/tmp/tmpq81wuijg', '--error-file', '/tmp/tmph1qpw1ir']
[2022-07-31 13:45:11,059] {standard_task_runner.py:80} INFO - Job 141: Subtask create_postgres_table
[2022-07-31 13:45:11,155] {task_command.py:369} INFO - Running <TaskInstance: dag_with_postgres_operator.create_postgres_table scheduled__2022-01-14T00:00:00+00:00 [running]> on host 4688dd3b7141
[2022-07-31 13:45:11,273] {taskinstance.py:1571} INFO - Exporting the following env vars:
AIRFLOW_CTX_DAG_OWNER=yosr
AIRFLOW_CTX_DAG_ID=dag_with_postgres_operator
AIRFLOW_CTX_TASK_ID=create_postgres_table
AIRFLOW_CTX_EXECUTION_DATE=2022-01-14T00:00:00+00:00
AIRFLOW_CTX_TRY_NUMBER=3
AIRFLOW_CTX_DAG_RUN_ID=scheduled__2022-01-14T00:00:00+00:00
[2022-07-31 13:45:11,375] {taskinstance.py:1889} ERROR - Task failed with exception
Traceback (most recent call last):
  File "/home/airflow/.local/lib/python3.7/site-packages/airflow/providers/postgres/operators/postgres.py", line 92, in execute
    self.hook.run(self.sql, self.autocommit, parameters=self.parameters)
  File "/home/airflow/.local/lib/python3.7/site-packages/airflow/hooks/dbapi.py", line 181, in run
    with closing(self.get_conn()) as conn:
  File "/home/airflow/.local/lib/python3.7/site-packages/airflow/providers/postgres/hooks/postgres.py", line 86, in get_conn
    conn = deepcopy(self.connection or self.get_connection(conn_id))
  File "/home/airflow/.local/lib/python3.7/site-packages/airflow/hooks/base.py", line 67, in get_connection
    conn = Connection.get_connection_from_secrets(conn_id)
  File "/home/airflow/.local/lib/python3.7/site-packages/airflow/models/connection.py", line 430, in get_connection_from_secrets
    raise AirflowNotFoundException(f"The conn_id `{conn_id}` isn't defined")
airflow.exceptions.AirflowNotFoundException: The conn_id `postgres_localhost` isn't defined
[2022-07-31 13:45:11,380] {taskinstance.py:1400} INFO - Marking task as UP_FOR_RETRY. dag_id=dag_with_postgres_operator, task_id=create_postgres_table, execution_date=20220114T000000, start_date=20220731T134511, end_date=20220731T134511
[2022-07-31 13:45:11,398] {standard_task_runner.py:97} ERROR - Failed to execute job 141 for task create_postgres_table (The conn_id `postgres_localhost` isn't defined; 2670)
[2022-07-31 13:45:11,443] {local_task_job.py:156} INFO - Task exited with return code 1
[2022-07-31 13:45:11,494] {local_task_job.py:273} INFO - 0 downstream tasks scheduled from follow-on schedule check
