[2022-07-30 18:13:51,332] {taskinstance.py:1159} INFO - Dependencies all met for <TaskInstance: dag_with_postgres_operator.create_postgres_table scheduled__2022-01-15T00:00:00+00:00 [queued]>
[2022-07-30 18:13:51,347] {taskinstance.py:1159} INFO - Dependencies all met for <TaskInstance: dag_with_postgres_operator.create_postgres_table scheduled__2022-01-15T00:00:00+00:00 [queued]>
[2022-07-30 18:13:51,348] {taskinstance.py:1356} INFO - 
--------------------------------------------------------------------------------
[2022-07-30 18:13:51,348] {taskinstance.py:1357} INFO - Starting attempt 3 of 6
[2022-07-30 18:13:51,348] {taskinstance.py:1358} INFO - 
--------------------------------------------------------------------------------
[2022-07-30 18:13:51,368] {taskinstance.py:1377} INFO - Executing <Task(PostgresOperator): create_postgres_table> on 2022-01-15 00:00:00+00:00
[2022-07-30 18:13:51,374] {standard_task_runner.py:52} INFO - Started process 2281 to run task
[2022-07-30 18:13:51,378] {standard_task_runner.py:79} INFO - Running: ['***', 'tasks', 'run', 'dag_with_postgres_operator', 'create_postgres_table', 'scheduled__2022-01-15T00:00:00+00:00', '--job-id', '142', '--raw', '--subdir', 'DAGS_FOLDER/DAGWithPostgresOperator.py', '--cfg-path', '/tmp/tmpylebc1sx', '--error-file', '/tmp/tmpi47o41ib']
[2022-07-30 18:13:51,378] {standard_task_runner.py:80} INFO - Job 142: Subtask create_postgres_table
[2022-07-30 18:13:51,459] {task_command.py:369} INFO - Running <TaskInstance: dag_with_postgres_operator.create_postgres_table scheduled__2022-01-15T00:00:00+00:00 [running]> on host 66bf18ec08cc
[2022-07-30 18:13:51,562] {taskinstance.py:1571} INFO - Exporting the following env vars:
AIRFLOW_CTX_DAG_OWNER=yosr
AIRFLOW_CTX_DAG_ID=dag_with_postgres_operator
AIRFLOW_CTX_TASK_ID=create_postgres_table
AIRFLOW_CTX_EXECUTION_DATE=2022-01-15T00:00:00+00:00
AIRFLOW_CTX_TRY_NUMBER=3
AIRFLOW_CTX_DAG_RUN_ID=scheduled__2022-01-15T00:00:00+00:00
[2022-07-30 18:13:51,576] {base.py:68} INFO - Using connection ID 'postgres_localhost' for task execution.
[2022-07-30 18:13:51,577] {taskinstance.py:1889} ERROR - Task failed with exception
Traceback (most recent call last):
  File "/home/airflow/.local/lib/python3.7/site-packages/airflow/providers/postgres/operators/postgres.py", line 92, in execute
    self.hook.run(self.sql, self.autocommit, parameters=self.parameters)
  File "/home/airflow/.local/lib/python3.7/site-packages/airflow/hooks/dbapi.py", line 181, in run
    with closing(self.get_conn()) as conn:
  File "/home/airflow/.local/lib/python3.7/site-packages/airflow/providers/postgres/hooks/postgres.py", line 113, in get_conn
    self.conn = psycopg2.connect(**conn_args)
  File "/home/airflow/.local/lib/python3.7/site-packages/psycopg2/__init__.py", line 122, in connect
    conn = _connect(dsn, connection_factory=connection_factory, **kwasync)
psycopg2.OperationalError: could not translate host name "host.docker.internal " to address: Name or service not known

[2022-07-30 18:13:51,591] {taskinstance.py:1400} INFO - Marking task as UP_FOR_RETRY. dag_id=dag_with_postgres_operator, task_id=create_postgres_table, execution_date=20220115T000000, start_date=20220730T181351, end_date=20220730T181351
[2022-07-30 18:13:51,607] {standard_task_runner.py:97} ERROR - Failed to execute job 142 for task create_postgres_table (could not translate host name "host.docker.internal " to address: Name or service not known
; 2281)
[2022-07-30 18:13:51,639] {local_task_job.py:156} INFO - Task exited with return code 1
[2022-07-30 18:13:51,743] {local_task_job.py:273} INFO - 0 downstream tasks scheduled from follow-on schedule check
[2022-07-31 00:20:05,160] {taskinstance.py:1159} INFO - Dependencies all met for <TaskInstance: dag_with_postgres_operator.create_postgres_table scheduled__2022-01-15T00:00:00+00:00 [queued]>
[2022-07-31 00:20:05,177] {taskinstance.py:1159} INFO - Dependencies all met for <TaskInstance: dag_with_postgres_operator.create_postgres_table scheduled__2022-01-15T00:00:00+00:00 [queued]>
[2022-07-31 00:20:05,178] {taskinstance.py:1356} INFO - 
--------------------------------------------------------------------------------
[2022-07-31 00:20:05,178] {taskinstance.py:1357} INFO - Starting attempt 3 of 6
[2022-07-31 00:20:05,178] {taskinstance.py:1358} INFO - 
--------------------------------------------------------------------------------
[2022-07-31 00:20:05,198] {taskinstance.py:1377} INFO - Executing <Task(PostgresOperator): create_postgres_table> on 2022-01-15 00:00:00+00:00
[2022-07-31 00:20:05,202] {standard_task_runner.py:52} INFO - Started process 6198 to run task
[2022-07-31 00:20:05,206] {standard_task_runner.py:79} INFO - Running: ['***', 'tasks', 'run', 'dag_with_postgres_operator', 'create_postgres_table', 'scheduled__2022-01-15T00:00:00+00:00', '--job-id', '1150', '--raw', '--subdir', 'DAGS_FOLDER/DAGWithPostgresOperator.py', '--cfg-path', '/tmp/tmppr19w_jq', '--error-file', '/tmp/tmpdkbfj2fi']
[2022-07-31 00:20:05,206] {standard_task_runner.py:80} INFO - Job 1150: Subtask create_postgres_table
[2022-07-31 00:20:05,274] {task_command.py:369} INFO - Running <TaskInstance: dag_with_postgres_operator.create_postgres_table scheduled__2022-01-15T00:00:00+00:00 [running]> on host 66bf18ec08cc
[2022-07-31 00:20:05,347] {taskinstance.py:1571} INFO - Exporting the following env vars:
AIRFLOW_CTX_DAG_OWNER=yosr
AIRFLOW_CTX_DAG_ID=dag_with_postgres_operator
AIRFLOW_CTX_TASK_ID=create_postgres_table
AIRFLOW_CTX_EXECUTION_DATE=2022-01-15T00:00:00+00:00
AIRFLOW_CTX_TRY_NUMBER=3
AIRFLOW_CTX_DAG_RUN_ID=scheduled__2022-01-15T00:00:00+00:00
[2022-07-31 00:20:05,360] {base.py:68} INFO - Using connection ID 'postgres_localhost' for task execution.
[2022-07-31 00:20:05,361] {taskinstance.py:1889} ERROR - Task failed with exception
Traceback (most recent call last):
  File "/home/airflow/.local/lib/python3.7/site-packages/airflow/providers/postgres/operators/postgres.py", line 92, in execute
    self.hook.run(self.sql, self.autocommit, parameters=self.parameters)
  File "/home/airflow/.local/lib/python3.7/site-packages/airflow/hooks/dbapi.py", line 181, in run
    with closing(self.get_conn()) as conn:
  File "/home/airflow/.local/lib/python3.7/site-packages/airflow/providers/postgres/hooks/postgres.py", line 113, in get_conn
    self.conn = psycopg2.connect(**conn_args)
  File "/home/airflow/.local/lib/python3.7/site-packages/psycopg2/__init__.py", line 122, in connect
    conn = _connect(dsn, connection_factory=connection_factory, **kwasync)
psycopg2.OperationalError: could not translate host name "host.docker.local " to address: Name or service not known

[2022-07-31 00:20:05,373] {taskinstance.py:1400} INFO - Marking task as UP_FOR_RETRY. dag_id=dag_with_postgres_operator, task_id=create_postgres_table, execution_date=20220115T000000, start_date=20220731T002005, end_date=20220731T002005
[2022-07-31 00:20:05,387] {standard_task_runner.py:97} ERROR - Failed to execute job 1150 for task create_postgres_table (could not translate host name "host.docker.local " to address: Name or service not known
; 6198)
[2022-07-31 00:20:05,425] {local_task_job.py:156} INFO - Task exited with return code 1
[2022-07-31 00:20:05,470] {local_task_job.py:273} INFO - 0 downstream tasks scheduled from follow-on schedule check
[2022-07-31 11:13:30,957] {taskinstance.py:1159} INFO - Dependencies all met for <TaskInstance: dag_with_postgres_operator.create_postgres_table scheduled__2022-01-15T00:00:00+00:00 [queued]>
[2022-07-31 11:13:30,975] {taskinstance.py:1159} INFO - Dependencies all met for <TaskInstance: dag_with_postgres_operator.create_postgres_table scheduled__2022-01-15T00:00:00+00:00 [queued]>
[2022-07-31 11:13:30,976] {taskinstance.py:1356} INFO - 
--------------------------------------------------------------------------------
[2022-07-31 11:13:30,976] {taskinstance.py:1357} INFO - Starting attempt 3 of 6
[2022-07-31 11:13:30,976] {taskinstance.py:1358} INFO - 
--------------------------------------------------------------------------------
[2022-07-31 11:13:30,998] {taskinstance.py:1377} INFO - Executing <Task(PostgresOperator): create_postgres_table> on 2022-01-15 00:00:00+00:00
[2022-07-31 11:13:31,003] {standard_task_runner.py:52} INFO - Started process 5070 to run task
[2022-07-31 11:13:31,006] {standard_task_runner.py:79} INFO - Running: ['***', 'tasks', 'run', 'dag_with_postgres_operator', 'create_postgres_table', 'scheduled__2022-01-15T00:00:00+00:00', '--job-id', '1602', '--raw', '--subdir', 'DAGS_FOLDER/DAGWithPostgresOperator.py', '--cfg-path', '/tmp/tmpurhw2cxe', '--error-file', '/tmp/tmp9aok1uw4']
[2022-07-31 11:13:31,006] {standard_task_runner.py:80} INFO - Job 1602: Subtask create_postgres_table
[2022-07-31 11:13:31,092] {task_command.py:369} INFO - Running <TaskInstance: dag_with_postgres_operator.create_postgres_table scheduled__2022-01-15T00:00:00+00:00 [running]> on host 66bf18ec08cc
[2022-07-31 11:13:31,274] {taskinstance.py:1571} INFO - Exporting the following env vars:
AIRFLOW_CTX_DAG_OWNER=yosr
AIRFLOW_CTX_DAG_ID=dag_with_postgres_operator
AIRFLOW_CTX_TASK_ID=create_postgres_table
AIRFLOW_CTX_EXECUTION_DATE=2022-01-15T00:00:00+00:00
AIRFLOW_CTX_TRY_NUMBER=3
AIRFLOW_CTX_DAG_RUN_ID=scheduled__2022-01-15T00:00:00+00:00
[2022-07-31 11:13:31,299] {base.py:68} INFO - Using connection ID 'postgres_localhost' for task execution.
[2022-07-31 11:13:48,460] {taskinstance.py:1889} ERROR - Task failed with exception
Traceback (most recent call last):
  File "/home/airflow/.local/lib/python3.7/site-packages/airflow/providers/postgres/operators/postgres.py", line 92, in execute
    self.hook.run(self.sql, self.autocommit, parameters=self.parameters)
  File "/home/airflow/.local/lib/python3.7/site-packages/airflow/hooks/dbapi.py", line 181, in run
    with closing(self.get_conn()) as conn:
  File "/home/airflow/.local/lib/python3.7/site-packages/airflow/providers/postgres/hooks/postgres.py", line 113, in get_conn
    self.conn = psycopg2.connect(**conn_args)
  File "/home/airflow/.local/lib/python3.7/site-packages/psycopg2/__init__.py", line 122, in connect
    conn = _connect(dsn, connection_factory=connection_factory, **kwasync)
psycopg2.OperationalError: could not translate host name "host.docker.internal" to address: No address associated with hostname

[2022-07-31 11:13:48,485] {taskinstance.py:1400} INFO - Marking task as UP_FOR_RETRY. dag_id=dag_with_postgres_operator, task_id=create_postgres_table, execution_date=20220115T000000, start_date=20220731T111330, end_date=20220731T111348
[2022-07-31 11:13:48,514] {standard_task_runner.py:97} ERROR - Failed to execute job 1602 for task create_postgres_table (could not translate host name "host.docker.internal" to address: No address associated with hostname
; 5070)
[2022-07-31 11:13:48,520] {local_task_job.py:156} INFO - Task exited with return code 1
[2022-07-31 11:13:48,564] {local_task_job.py:273} INFO - 0 downstream tasks scheduled from follow-on schedule check
[2022-07-31 13:45:11,383] {taskinstance.py:1159} INFO - Dependencies all met for <TaskInstance: dag_with_postgres_operator.create_postgres_table scheduled__2022-01-15T00:00:00+00:00 [queued]>
[2022-07-31 13:45:11,402] {taskinstance.py:1159} INFO - Dependencies all met for <TaskInstance: dag_with_postgres_operator.create_postgres_table scheduled__2022-01-15T00:00:00+00:00 [queued]>
[2022-07-31 13:45:11,403] {taskinstance.py:1356} INFO - 
--------------------------------------------------------------------------------
[2022-07-31 13:45:11,403] {taskinstance.py:1357} INFO - Starting attempt 3 of 6
[2022-07-31 13:45:11,403] {taskinstance.py:1358} INFO - 
--------------------------------------------------------------------------------
[2022-07-31 13:45:11,425] {taskinstance.py:1377} INFO - Executing <Task(PostgresOperator): create_postgres_table> on 2022-01-15 00:00:00+00:00
[2022-07-31 13:45:11,430] {standard_task_runner.py:52} INFO - Started process 2672 to run task
[2022-07-31 13:45:11,433] {standard_task_runner.py:79} INFO - Running: ['***', 'tasks', 'run', 'dag_with_postgres_operator', 'create_postgres_table', 'scheduled__2022-01-15T00:00:00+00:00', '--job-id', '142', '--raw', '--subdir', 'DAGS_FOLDER/DAGWithPostgresOperator.py', '--cfg-path', '/tmp/tmpj0701mqv', '--error-file', '/tmp/tmp3m8zk1zc']
[2022-07-31 13:45:11,433] {standard_task_runner.py:80} INFO - Job 142: Subtask create_postgres_table
[2022-07-31 13:45:11,527] {task_command.py:369} INFO - Running <TaskInstance: dag_with_postgres_operator.create_postgres_table scheduled__2022-01-15T00:00:00+00:00 [running]> on host 4688dd3b7141
[2022-07-31 13:45:11,647] {taskinstance.py:1571} INFO - Exporting the following env vars:
AIRFLOW_CTX_DAG_OWNER=yosr
AIRFLOW_CTX_DAG_ID=dag_with_postgres_operator
AIRFLOW_CTX_TASK_ID=create_postgres_table
AIRFLOW_CTX_EXECUTION_DATE=2022-01-15T00:00:00+00:00
AIRFLOW_CTX_TRY_NUMBER=3
AIRFLOW_CTX_DAG_RUN_ID=scheduled__2022-01-15T00:00:00+00:00
[2022-07-31 13:45:11,770] {taskinstance.py:1889} ERROR - Task failed with exception
Traceback (most recent call last):
  File "/home/airflow/.local/lib/python3.7/site-packages/airflow/providers/postgres/operators/postgres.py", line 92, in execute
    self.hook.run(self.sql, self.autocommit, parameters=self.parameters)
  File "/home/airflow/.local/lib/python3.7/site-packages/airflow/hooks/dbapi.py", line 181, in run
    with closing(self.get_conn()) as conn:
  File "/home/airflow/.local/lib/python3.7/site-packages/airflow/providers/postgres/hooks/postgres.py", line 86, in get_conn
    conn = deepcopy(self.connection or self.get_connection(conn_id))
  File "/home/airflow/.local/lib/python3.7/site-packages/airflow/hooks/base.py", line 67, in get_connection
    conn = Connection.get_connection_from_secrets(conn_id)
  File "/home/airflow/.local/lib/python3.7/site-packages/airflow/models/connection.py", line 430, in get_connection_from_secrets
    raise AirflowNotFoundException(f"The conn_id `{conn_id}` isn't defined")
airflow.exceptions.AirflowNotFoundException: The conn_id `postgres_localhost` isn't defined
[2022-07-31 13:45:11,774] {taskinstance.py:1400} INFO - Marking task as UP_FOR_RETRY. dag_id=dag_with_postgres_operator, task_id=create_postgres_table, execution_date=20220115T000000, start_date=20220731T134511, end_date=20220731T134511
[2022-07-31 13:45:11,793] {standard_task_runner.py:97} ERROR - Failed to execute job 142 for task create_postgres_table (The conn_id `postgres_localhost` isn't defined; 2672)
[2022-07-31 13:45:11,813] {local_task_job.py:156} INFO - Task exited with return code 1
[2022-07-31 13:45:11,864] {local_task_job.py:273} INFO - 0 downstream tasks scheduled from follow-on schedule check
