[2022-07-29 11:41:54,519] {taskinstance.py:1159} INFO - Dependencies all met for <TaskInstance: dag_with_python_operator.get_age scheduled__2021-12-14T00:00:00+00:00 [queued]>
[2022-07-29 11:41:54,549] {taskinstance.py:1159} INFO - Dependencies all met for <TaskInstance: dag_with_python_operator.get_age scheduled__2021-12-14T00:00:00+00:00 [queued]>
[2022-07-29 11:41:54,550] {taskinstance.py:1356} INFO - 
--------------------------------------------------------------------------------
[2022-07-29 11:41:54,550] {taskinstance.py:1357} INFO - Starting attempt 1 of 6
[2022-07-29 11:41:54,550] {taskinstance.py:1358} INFO - 
--------------------------------------------------------------------------------
[2022-07-29 11:41:54,574] {taskinstance.py:1377} INFO - Executing <Task(PythonOperator): get_age> on 2021-12-14 00:00:00+00:00
[2022-07-29 11:41:54,580] {standard_task_runner.py:52} INFO - Started process 6126 to run task
[2022-07-29 11:41:54,585] {standard_task_runner.py:79} INFO - Running: ['***', 'tasks', 'run', 'dag_with_python_operator', 'get_age', 'scheduled__2021-12-14T00:00:00+00:00', '--job-id', '609', '--raw', '--subdir', 'DAGS_FOLDER/CreateDagWithPythonOperator.py', '--cfg-path', '/tmp/tmpriuzwq1p', '--error-file', '/tmp/tmprz2gk3d2']
[2022-07-29 11:41:54,586] {standard_task_runner.py:80} INFO - Job 609: Subtask get_age
[2022-07-29 11:41:54,678] {task_command.py:369} INFO - Running <TaskInstance: dag_with_python_operator.get_age scheduled__2021-12-14T00:00:00+00:00 [running]> on host 9f0f006fc89d
[2022-07-29 11:41:54,809] {taskinstance.py:1571} INFO - Exporting the following env vars:
AIRFLOW_CTX_DAG_OWNER=yosr
AIRFLOW_CTX_DAG_ID=dag_with_python_operator
AIRFLOW_CTX_TASK_ID=get_age
AIRFLOW_CTX_EXECUTION_DATE=2021-12-14T00:00:00+00:00
AIRFLOW_CTX_TRY_NUMBER=1
AIRFLOW_CTX_DAG_RUN_ID=scheduled__2021-12-14T00:00:00+00:00
[2022-07-29 11:41:54,837] {python.py:173} INFO - Done. Returned value was: None
[2022-07-29 11:41:54,865] {taskinstance.py:1400} INFO - Marking task as SUCCESS. dag_id=dag_with_python_operator, task_id=get_age, execution_date=20211214T000000, start_date=20220729T114154, end_date=20220729T114154
[2022-07-29 11:41:54,897] {local_task_job.py:156} INFO - Task exited with return code 0
[2022-07-29 11:41:54,952] {local_task_job.py:273} INFO - 1 downstream tasks scheduled from follow-on schedule check
