[2022-07-29 11:44:28,233] {taskinstance.py:1159} INFO - Dependencies all met for <TaskInstance: dag_with_python_operator.get_age scheduled__2022-05-21T00:00:00+00:00 [queued]>
[2022-07-29 11:44:28,249] {taskinstance.py:1159} INFO - Dependencies all met for <TaskInstance: dag_with_python_operator.get_age scheduled__2022-05-21T00:00:00+00:00 [queued]>
[2022-07-29 11:44:28,250] {taskinstance.py:1356} INFO - 
--------------------------------------------------------------------------------
[2022-07-29 11:44:28,250] {taskinstance.py:1357} INFO - Starting attempt 1 of 6
[2022-07-29 11:44:28,250] {taskinstance.py:1358} INFO - 
--------------------------------------------------------------------------------
[2022-07-29 11:44:28,268] {taskinstance.py:1377} INFO - Executing <Task(PythonOperator): get_age> on 2022-05-21 00:00:00+00:00
[2022-07-29 11:44:28,274] {standard_task_runner.py:52} INFO - Started process 7195 to run task
[2022-07-29 11:44:28,281] {standard_task_runner.py:79} INFO - Running: ['***', 'tasks', 'run', 'dag_with_python_operator', 'get_age', 'scheduled__2022-05-21T00:00:00+00:00', '--job-id', '1088', '--raw', '--subdir', 'DAGS_FOLDER/CreateDagWithPythonOperator.py', '--cfg-path', '/tmp/tmpmqx5dpeu', '--error-file', '/tmp/tmpluq3k77_']
[2022-07-29 11:44:28,282] {standard_task_runner.py:80} INFO - Job 1088: Subtask get_age
[2022-07-29 11:44:28,370] {task_command.py:369} INFO - Running <TaskInstance: dag_with_python_operator.get_age scheduled__2022-05-21T00:00:00+00:00 [running]> on host 9f0f006fc89d
[2022-07-29 11:44:28,498] {taskinstance.py:1571} INFO - Exporting the following env vars:
AIRFLOW_CTX_DAG_OWNER=yosr
AIRFLOW_CTX_DAG_ID=dag_with_python_operator
AIRFLOW_CTX_TASK_ID=get_age
AIRFLOW_CTX_EXECUTION_DATE=2022-05-21T00:00:00+00:00
AIRFLOW_CTX_TRY_NUMBER=1
AIRFLOW_CTX_DAG_RUN_ID=scheduled__2022-05-21T00:00:00+00:00
[2022-07-29 11:44:28,521] {python.py:173} INFO - Done. Returned value was: None
[2022-07-29 11:44:28,549] {taskinstance.py:1400} INFO - Marking task as SUCCESS. dag_id=dag_with_python_operator, task_id=get_age, execution_date=20220521T000000, start_date=20220729T114428, end_date=20220729T114428
[2022-07-29 11:44:28,582] {local_task_job.py:156} INFO - Task exited with return code 0
[2022-07-29 11:44:28,675] {local_task_job.py:273} INFO - 0 downstream tasks scheduled from follow-on schedule check
