[2022-07-30 18:13:52,130] {taskinstance.py:1159} INFO - Dependencies all met for <TaskInstance: dag_with_postgres_operator.create_postgres_table scheduled__2022-01-17T00:00:00+00:00 [queued]>
[2022-07-30 18:13:52,147] {taskinstance.py:1159} INFO - Dependencies all met for <TaskInstance: dag_with_postgres_operator.create_postgres_table scheduled__2022-01-17T00:00:00+00:00 [queued]>
[2022-07-30 18:13:52,147] {taskinstance.py:1356} INFO - 
--------------------------------------------------------------------------------
[2022-07-30 18:13:52,147] {taskinstance.py:1357} INFO - Starting attempt 3 of 6
[2022-07-30 18:13:52,147] {taskinstance.py:1358} INFO - 
--------------------------------------------------------------------------------
[2022-07-30 18:13:52,171] {taskinstance.py:1377} INFO - Executing <Task(PostgresOperator): create_postgres_table> on 2022-01-17 00:00:00+00:00
[2022-07-30 18:13:52,178] {standard_task_runner.py:52} INFO - Started process 2285 to run task
[2022-07-30 18:13:52,181] {standard_task_runner.py:79} INFO - Running: ['***', 'tasks', 'run', 'dag_with_postgres_operator', 'create_postgres_table', 'scheduled__2022-01-17T00:00:00+00:00', '--job-id', '144', '--raw', '--subdir', 'DAGS_FOLDER/DAGWithPostgresOperator.py', '--cfg-path', '/tmp/tmpm55f8geu', '--error-file', '/tmp/tmpduu77m_5']
[2022-07-30 18:13:52,182] {standard_task_runner.py:80} INFO - Job 144: Subtask create_postgres_table
[2022-07-30 18:13:52,259] {task_command.py:369} INFO - Running <TaskInstance: dag_with_postgres_operator.create_postgres_table scheduled__2022-01-17T00:00:00+00:00 [running]> on host 66bf18ec08cc
[2022-07-30 18:13:52,381] {taskinstance.py:1571} INFO - Exporting the following env vars:
AIRFLOW_CTX_DAG_OWNER=yosr
AIRFLOW_CTX_DAG_ID=dag_with_postgres_operator
AIRFLOW_CTX_TASK_ID=create_postgres_table
AIRFLOW_CTX_EXECUTION_DATE=2022-01-17T00:00:00+00:00
AIRFLOW_CTX_TRY_NUMBER=3
AIRFLOW_CTX_DAG_RUN_ID=scheduled__2022-01-17T00:00:00+00:00
[2022-07-30 18:13:52,394] {base.py:68} INFO - Using connection ID 'postgres_localhost' for task execution.
[2022-07-30 18:13:52,395] {taskinstance.py:1889} ERROR - Task failed with exception
Traceback (most recent call last):
  File "/home/airflow/.local/lib/python3.7/site-packages/airflow/providers/postgres/operators/postgres.py", line 92, in execute
    self.hook.run(self.sql, self.autocommit, parameters=self.parameters)
  File "/home/airflow/.local/lib/python3.7/site-packages/airflow/hooks/dbapi.py", line 181, in run
    with closing(self.get_conn()) as conn:
  File "/home/airflow/.local/lib/python3.7/site-packages/airflow/providers/postgres/hooks/postgres.py", line 113, in get_conn
    self.conn = psycopg2.connect(**conn_args)
  File "/home/airflow/.local/lib/python3.7/site-packages/psycopg2/__init__.py", line 122, in connect
    conn = _connect(dsn, connection_factory=connection_factory, **kwasync)
psycopg2.OperationalError: could not translate host name "host.docker.internal " to address: Name or service not known

[2022-07-30 18:13:52,409] {taskinstance.py:1400} INFO - Marking task as UP_FOR_RETRY. dag_id=dag_with_postgres_operator, task_id=create_postgres_table, execution_date=20220117T000000, start_date=20220730T181352, end_date=20220730T181352
[2022-07-30 18:13:52,423] {standard_task_runner.py:97} ERROR - Failed to execute job 144 for task create_postgres_table (could not translate host name "host.docker.internal " to address: Name or service not known
; 2285)
[2022-07-30 18:13:52,444] {local_task_job.py:156} INFO - Task exited with return code 1
[2022-07-30 18:13:52,537] {local_task_job.py:273} INFO - 0 downstream tasks scheduled from follow-on schedule check
[2022-07-31 00:20:06,671] {taskinstance.py:1159} INFO - Dependencies all met for <TaskInstance: dag_with_postgres_operator.create_postgres_table scheduled__2022-01-17T00:00:00+00:00 [queued]>
[2022-07-31 00:20:06,689] {taskinstance.py:1159} INFO - Dependencies all met for <TaskInstance: dag_with_postgres_operator.create_postgres_table scheduled__2022-01-17T00:00:00+00:00 [queued]>
[2022-07-31 00:20:06,689] {taskinstance.py:1356} INFO - 
--------------------------------------------------------------------------------
[2022-07-31 00:20:06,689] {taskinstance.py:1357} INFO - Starting attempt 3 of 6
[2022-07-31 00:20:06,689] {taskinstance.py:1358} INFO - 
--------------------------------------------------------------------------------
[2022-07-31 00:20:06,709] {taskinstance.py:1377} INFO - Executing <Task(PostgresOperator): create_postgres_table> on 2022-01-17 00:00:00+00:00
[2022-07-31 00:20:06,717] {standard_task_runner.py:52} INFO - Started process 6203 to run task
[2022-07-31 00:20:06,721] {standard_task_runner.py:79} INFO - Running: ['***', 'tasks', 'run', 'dag_with_postgres_operator', 'create_postgres_table', 'scheduled__2022-01-17T00:00:00+00:00', '--job-id', '1153', '--raw', '--subdir', 'DAGS_FOLDER/DAGWithPostgresOperator.py', '--cfg-path', '/tmp/tmpwrt2j6mc', '--error-file', '/tmp/tmp9vv72sar']
[2022-07-31 00:20:06,721] {standard_task_runner.py:80} INFO - Job 1153: Subtask create_postgres_table
[2022-07-31 00:20:06,792] {task_command.py:369} INFO - Running <TaskInstance: dag_with_postgres_operator.create_postgres_table scheduled__2022-01-17T00:00:00+00:00 [running]> on host 66bf18ec08cc
[2022-07-31 00:20:06,895] {taskinstance.py:1571} INFO - Exporting the following env vars:
AIRFLOW_CTX_DAG_OWNER=yosr
AIRFLOW_CTX_DAG_ID=dag_with_postgres_operator
AIRFLOW_CTX_TASK_ID=create_postgres_table
AIRFLOW_CTX_EXECUTION_DATE=2022-01-17T00:00:00+00:00
AIRFLOW_CTX_TRY_NUMBER=3
AIRFLOW_CTX_DAG_RUN_ID=scheduled__2022-01-17T00:00:00+00:00
[2022-07-31 00:20:06,910] {base.py:68} INFO - Using connection ID 'postgres_localhost' for task execution.
[2022-07-31 00:20:06,911] {taskinstance.py:1889} ERROR - Task failed with exception
Traceback (most recent call last):
  File "/home/airflow/.local/lib/python3.7/site-packages/airflow/providers/postgres/operators/postgres.py", line 92, in execute
    self.hook.run(self.sql, self.autocommit, parameters=self.parameters)
  File "/home/airflow/.local/lib/python3.7/site-packages/airflow/hooks/dbapi.py", line 181, in run
    with closing(self.get_conn()) as conn:
  File "/home/airflow/.local/lib/python3.7/site-packages/airflow/providers/postgres/hooks/postgres.py", line 113, in get_conn
    self.conn = psycopg2.connect(**conn_args)
  File "/home/airflow/.local/lib/python3.7/site-packages/psycopg2/__init__.py", line 122, in connect
    conn = _connect(dsn, connection_factory=connection_factory, **kwasync)
psycopg2.OperationalError: could not translate host name "host.docker.local " to address: Name or service not known

[2022-07-31 00:20:06,923] {taskinstance.py:1400} INFO - Marking task as UP_FOR_RETRY. dag_id=dag_with_postgres_operator, task_id=create_postgres_table, execution_date=20220117T000000, start_date=20220731T002006, end_date=20220731T002006
[2022-07-31 00:20:06,946] {standard_task_runner.py:97} ERROR - Failed to execute job 1153 for task create_postgres_table (could not translate host name "host.docker.local " to address: Name or service not known
; 6203)
[2022-07-31 00:20:06,981] {local_task_job.py:156} INFO - Task exited with return code 1
[2022-07-31 00:20:07,039] {local_task_job.py:273} INFO - 0 downstream tasks scheduled from follow-on schedule check
[2022-07-31 11:13:31,425] {taskinstance.py:1159} INFO - Dependencies all met for <TaskInstance: dag_with_postgres_operator.create_postgres_table scheduled__2022-01-17T00:00:00+00:00 [queued]>
[2022-07-31 11:13:31,444] {taskinstance.py:1159} INFO - Dependencies all met for <TaskInstance: dag_with_postgres_operator.create_postgres_table scheduled__2022-01-17T00:00:00+00:00 [queued]>
[2022-07-31 11:13:31,444] {taskinstance.py:1356} INFO - 
--------------------------------------------------------------------------------
[2022-07-31 11:13:31,445] {taskinstance.py:1357} INFO - Starting attempt 3 of 6
[2022-07-31 11:13:31,445] {taskinstance.py:1358} INFO - 
--------------------------------------------------------------------------------
[2022-07-31 11:13:31,473] {taskinstance.py:1377} INFO - Executing <Task(PostgresOperator): create_postgres_table> on 2022-01-17 00:00:00+00:00
[2022-07-31 11:13:31,480] {standard_task_runner.py:52} INFO - Started process 5080 to run task
[2022-07-31 11:13:31,485] {standard_task_runner.py:79} INFO - Running: ['***', 'tasks', 'run', 'dag_with_postgres_operator', 'create_postgres_table', 'scheduled__2022-01-17T00:00:00+00:00', '--job-id', '1603', '--raw', '--subdir', 'DAGS_FOLDER/DAGWithPostgresOperator.py', '--cfg-path', '/tmp/tmpqt2aq44f', '--error-file', '/tmp/tmph0j461i3']
[2022-07-31 11:13:31,486] {standard_task_runner.py:80} INFO - Job 1603: Subtask create_postgres_table
[2022-07-31 11:13:31,596] {task_command.py:369} INFO - Running <TaskInstance: dag_with_postgres_operator.create_postgres_table scheduled__2022-01-17T00:00:00+00:00 [running]> on host 66bf18ec08cc
[2022-07-31 11:13:31,708] {taskinstance.py:1571} INFO - Exporting the following env vars:
AIRFLOW_CTX_DAG_OWNER=yosr
AIRFLOW_CTX_DAG_ID=dag_with_postgres_operator
AIRFLOW_CTX_TASK_ID=create_postgres_table
AIRFLOW_CTX_EXECUTION_DATE=2022-01-17T00:00:00+00:00
AIRFLOW_CTX_TRY_NUMBER=3
AIRFLOW_CTX_DAG_RUN_ID=scheduled__2022-01-17T00:00:00+00:00
[2022-07-31 11:13:31,730] {base.py:68} INFO - Using connection ID 'postgres_localhost' for task execution.
[2022-07-31 11:13:48,461] {taskinstance.py:1889} ERROR - Task failed with exception
Traceback (most recent call last):
  File "/home/airflow/.local/lib/python3.7/site-packages/airflow/providers/postgres/operators/postgres.py", line 92, in execute
    self.hook.run(self.sql, self.autocommit, parameters=self.parameters)
  File "/home/airflow/.local/lib/python3.7/site-packages/airflow/hooks/dbapi.py", line 181, in run
    with closing(self.get_conn()) as conn:
  File "/home/airflow/.local/lib/python3.7/site-packages/airflow/providers/postgres/hooks/postgres.py", line 113, in get_conn
    self.conn = psycopg2.connect(**conn_args)
  File "/home/airflow/.local/lib/python3.7/site-packages/psycopg2/__init__.py", line 122, in connect
    conn = _connect(dsn, connection_factory=connection_factory, **kwasync)
psycopg2.OperationalError: could not translate host name "host.docker.internal" to address: No address associated with hostname

[2022-07-31 11:13:48,479] {taskinstance.py:1400} INFO - Marking task as UP_FOR_RETRY. dag_id=dag_with_postgres_operator, task_id=create_postgres_table, execution_date=20220117T000000, start_date=20220731T111331, end_date=20220731T111348
[2022-07-31 11:13:48,499] {standard_task_runner.py:97} ERROR - Failed to execute job 1603 for task create_postgres_table (could not translate host name "host.docker.internal" to address: No address associated with hostname
; 5080)
[2022-07-31 11:13:48,520] {local_task_job.py:156} INFO - Task exited with return code 1
[2022-07-31 11:13:48,560] {local_task_job.py:273} INFO - 0 downstream tasks scheduled from follow-on schedule check
[2022-07-31 13:45:12,135] {taskinstance.py:1159} INFO - Dependencies all met for <TaskInstance: dag_with_postgres_operator.create_postgres_table scheduled__2022-01-17T00:00:00+00:00 [queued]>
[2022-07-31 13:45:12,149] {taskinstance.py:1159} INFO - Dependencies all met for <TaskInstance: dag_with_postgres_operator.create_postgres_table scheduled__2022-01-17T00:00:00+00:00 [queued]>
[2022-07-31 13:45:12,150] {taskinstance.py:1356} INFO - 
--------------------------------------------------------------------------------
[2022-07-31 13:45:12,150] {taskinstance.py:1357} INFO - Starting attempt 3 of 6
[2022-07-31 13:45:12,150] {taskinstance.py:1358} INFO - 
--------------------------------------------------------------------------------
[2022-07-31 13:45:12,170] {taskinstance.py:1377} INFO - Executing <Task(PostgresOperator): create_postgres_table> on 2022-01-17 00:00:00+00:00
[2022-07-31 13:45:12,174] {standard_task_runner.py:52} INFO - Started process 2676 to run task
[2022-07-31 13:45:12,177] {standard_task_runner.py:79} INFO - Running: ['***', 'tasks', 'run', 'dag_with_postgres_operator', 'create_postgres_table', 'scheduled__2022-01-17T00:00:00+00:00', '--job-id', '144', '--raw', '--subdir', 'DAGS_FOLDER/DAGWithPostgresOperator.py', '--cfg-path', '/tmp/tmpnqm_5sak', '--error-file', '/tmp/tmp_0b_8kgr']
[2022-07-31 13:45:12,178] {standard_task_runner.py:80} INFO - Job 144: Subtask create_postgres_table
[2022-07-31 13:45:12,274] {task_command.py:369} INFO - Running <TaskInstance: dag_with_postgres_operator.create_postgres_table scheduled__2022-01-17T00:00:00+00:00 [running]> on host 4688dd3b7141
[2022-07-31 13:45:12,393] {taskinstance.py:1571} INFO - Exporting the following env vars:
AIRFLOW_CTX_DAG_OWNER=yosr
AIRFLOW_CTX_DAG_ID=dag_with_postgres_operator
AIRFLOW_CTX_TASK_ID=create_postgres_table
AIRFLOW_CTX_EXECUTION_DATE=2022-01-17T00:00:00+00:00
AIRFLOW_CTX_TRY_NUMBER=3
AIRFLOW_CTX_DAG_RUN_ID=scheduled__2022-01-17T00:00:00+00:00
[2022-07-31 13:45:12,562] {taskinstance.py:1889} ERROR - Task failed with exception
Traceback (most recent call last):
  File "/home/airflow/.local/lib/python3.7/site-packages/airflow/providers/postgres/operators/postgres.py", line 92, in execute
    self.hook.run(self.sql, self.autocommit, parameters=self.parameters)
  File "/home/airflow/.local/lib/python3.7/site-packages/airflow/hooks/dbapi.py", line 181, in run
    with closing(self.get_conn()) as conn:
  File "/home/airflow/.local/lib/python3.7/site-packages/airflow/providers/postgres/hooks/postgres.py", line 86, in get_conn
    conn = deepcopy(self.connection or self.get_connection(conn_id))
  File "/home/airflow/.local/lib/python3.7/site-packages/airflow/hooks/base.py", line 67, in get_connection
    conn = Connection.get_connection_from_secrets(conn_id)
  File "/home/airflow/.local/lib/python3.7/site-packages/airflow/models/connection.py", line 430, in get_connection_from_secrets
    raise AirflowNotFoundException(f"The conn_id `{conn_id}` isn't defined")
airflow.exceptions.AirflowNotFoundException: The conn_id `postgres_localhost` isn't defined
[2022-07-31 13:45:12,567] {taskinstance.py:1400} INFO - Marking task as UP_FOR_RETRY. dag_id=dag_with_postgres_operator, task_id=create_postgres_table, execution_date=20220117T000000, start_date=20220731T134512, end_date=20220731T134512
[2022-07-31 13:45:12,594] {standard_task_runner.py:97} ERROR - Failed to execute job 144 for task create_postgres_table (The conn_id `postgres_localhost` isn't defined; 2676)
[2022-07-31 13:45:12,642] {local_task_job.py:156} INFO - Task exited with return code 1
[2022-07-31 13:45:12,691] {local_task_job.py:273} INFO - 0 downstream tasks scheduled from follow-on schedule check
