[2022-07-30 18:28:55,034] {taskinstance.py:1159} INFO - Dependencies all met for <TaskInstance: dag_with_postgres_operator.create_postgres_table scheduled__2022-01-17T00:00:00+00:00 [queued]>
[2022-07-30 18:28:55,052] {taskinstance.py:1159} INFO - Dependencies all met for <TaskInstance: dag_with_postgres_operator.create_postgres_table scheduled__2022-01-17T00:00:00+00:00 [queued]>
[2022-07-30 18:28:55,052] {taskinstance.py:1356} INFO - 
--------------------------------------------------------------------------------
[2022-07-30 18:28:55,052] {taskinstance.py:1357} INFO - Starting attempt 6 of 6
[2022-07-30 18:28:55,052] {taskinstance.py:1358} INFO - 
--------------------------------------------------------------------------------
[2022-07-30 18:28:55,070] {taskinstance.py:1377} INFO - Executing <Task(PostgresOperator): create_postgres_table> on 2022-01-17 00:00:00+00:00
[2022-07-30 18:28:55,077] {standard_task_runner.py:52} INFO - Started process 3071 to run task
[2022-07-30 18:28:55,080] {standard_task_runner.py:79} INFO - Running: ['***', 'tasks', 'run', 'dag_with_postgres_operator', 'create_postgres_table', 'scheduled__2022-01-17T00:00:00+00:00', '--job-id', '190', '--raw', '--subdir', 'DAGS_FOLDER/DAGWithPostgresOperator.py', '--cfg-path', '/tmp/tmpfcb4pjpt', '--error-file', '/tmp/tmpacyja36m']
[2022-07-30 18:28:55,081] {standard_task_runner.py:80} INFO - Job 190: Subtask create_postgres_table
[2022-07-30 18:28:55,151] {task_command.py:369} INFO - Running <TaskInstance: dag_with_postgres_operator.create_postgres_table scheduled__2022-01-17T00:00:00+00:00 [running]> on host 66bf18ec08cc
[2022-07-30 18:28:55,247] {taskinstance.py:1571} INFO - Exporting the following env vars:
AIRFLOW_CTX_DAG_OWNER=yosr
AIRFLOW_CTX_DAG_ID=dag_with_postgres_operator
AIRFLOW_CTX_TASK_ID=create_postgres_table
AIRFLOW_CTX_EXECUTION_DATE=2022-01-17T00:00:00+00:00
AIRFLOW_CTX_TRY_NUMBER=6
AIRFLOW_CTX_DAG_RUN_ID=scheduled__2022-01-17T00:00:00+00:00
[2022-07-30 18:28:55,264] {base.py:68} INFO - Using connection ID 'postgres_localhost' for task execution.
[2022-07-30 18:28:55,265] {taskinstance.py:1889} ERROR - Task failed with exception
Traceback (most recent call last):
  File "/home/airflow/.local/lib/python3.7/site-packages/airflow/providers/postgres/operators/postgres.py", line 92, in execute
    self.hook.run(self.sql, self.autocommit, parameters=self.parameters)
  File "/home/airflow/.local/lib/python3.7/site-packages/airflow/hooks/dbapi.py", line 181, in run
    with closing(self.get_conn()) as conn:
  File "/home/airflow/.local/lib/python3.7/site-packages/airflow/providers/postgres/hooks/postgres.py", line 113, in get_conn
    self.conn = psycopg2.connect(**conn_args)
  File "/home/airflow/.local/lib/python3.7/site-packages/psycopg2/__init__.py", line 122, in connect
    conn = _connect(dsn, connection_factory=connection_factory, **kwasync)
psycopg2.OperationalError: could not translate host name "host.docker.internal " to address: Name or service not known

[2022-07-30 18:28:55,280] {taskinstance.py:1400} INFO - Marking task as FAILED. dag_id=dag_with_postgres_operator, task_id=create_postgres_table, execution_date=20220117T000000, start_date=20220730T182855, end_date=20220730T182855
[2022-07-30 18:28:55,297] {standard_task_runner.py:97} ERROR - Failed to execute job 190 for task create_postgres_table (could not translate host name "host.docker.internal " to address: Name or service not known
; 3071)
[2022-07-30 18:28:55,340] {local_task_job.py:156} INFO - Task exited with return code 1
[2022-07-30 18:28:55,409] {local_task_job.py:273} INFO - 0 downstream tasks scheduled from follow-on schedule check
[2022-07-31 00:35:10,594] {taskinstance.py:1159} INFO - Dependencies all met for <TaskInstance: dag_with_postgres_operator.create_postgres_table scheduled__2022-01-17T00:00:00+00:00 [queued]>
[2022-07-31 00:35:10,617] {taskinstance.py:1159} INFO - Dependencies all met for <TaskInstance: dag_with_postgres_operator.create_postgres_table scheduled__2022-01-17T00:00:00+00:00 [queued]>
[2022-07-31 00:35:10,618] {taskinstance.py:1356} INFO - 
--------------------------------------------------------------------------------
[2022-07-31 00:35:10,618] {taskinstance.py:1357} INFO - Starting attempt 6 of 6
[2022-07-31 00:35:10,618] {taskinstance.py:1358} INFO - 
--------------------------------------------------------------------------------
[2022-07-31 00:35:10,640] {taskinstance.py:1377} INFO - Executing <Task(PostgresOperator): create_postgres_table> on 2022-01-17 00:00:00+00:00
[2022-07-31 00:35:10,646] {standard_task_runner.py:52} INFO - Started process 7003 to run task
[2022-07-31 00:35:10,651] {standard_task_runner.py:79} INFO - Running: ['***', 'tasks', 'run', 'dag_with_postgres_operator', 'create_postgres_table', 'scheduled__2022-01-17T00:00:00+00:00', '--job-id', '1199', '--raw', '--subdir', 'DAGS_FOLDER/DAGWithPostgresOperator.py', '--cfg-path', '/tmp/tmp1ufxh2g6', '--error-file', '/tmp/tmpv356xx3o']
[2022-07-31 00:35:10,652] {standard_task_runner.py:80} INFO - Job 1199: Subtask create_postgres_table
[2022-07-31 00:35:10,738] {task_command.py:369} INFO - Running <TaskInstance: dag_with_postgres_operator.create_postgres_table scheduled__2022-01-17T00:00:00+00:00 [running]> on host 66bf18ec08cc
[2022-07-31 00:35:10,852] {taskinstance.py:1571} INFO - Exporting the following env vars:
AIRFLOW_CTX_DAG_OWNER=yosr
AIRFLOW_CTX_DAG_ID=dag_with_postgres_operator
AIRFLOW_CTX_TASK_ID=create_postgres_table
AIRFLOW_CTX_EXECUTION_DATE=2022-01-17T00:00:00+00:00
AIRFLOW_CTX_TRY_NUMBER=6
AIRFLOW_CTX_DAG_RUN_ID=scheduled__2022-01-17T00:00:00+00:00
[2022-07-31 00:35:10,869] {base.py:68} INFO - Using connection ID 'postgres_localhost' for task execution.
[2022-07-31 00:35:10,871] {taskinstance.py:1889} ERROR - Task failed with exception
Traceback (most recent call last):
  File "/home/airflow/.local/lib/python3.7/site-packages/airflow/providers/postgres/operators/postgres.py", line 92, in execute
    self.hook.run(self.sql, self.autocommit, parameters=self.parameters)
  File "/home/airflow/.local/lib/python3.7/site-packages/airflow/hooks/dbapi.py", line 181, in run
    with closing(self.get_conn()) as conn:
  File "/home/airflow/.local/lib/python3.7/site-packages/airflow/providers/postgres/hooks/postgres.py", line 113, in get_conn
    self.conn = psycopg2.connect(**conn_args)
  File "/home/airflow/.local/lib/python3.7/site-packages/psycopg2/__init__.py", line 122, in connect
    conn = _connect(dsn, connection_factory=connection_factory, **kwasync)
psycopg2.OperationalError: could not translate host name "host.docker.local " to address: Name or service not known

[2022-07-31 00:35:10,885] {taskinstance.py:1400} INFO - Marking task as FAILED. dag_id=dag_with_postgres_operator, task_id=create_postgres_table, execution_date=20220117T000000, start_date=20220731T003510, end_date=20220731T003510
[2022-07-31 00:35:10,905] {standard_task_runner.py:97} ERROR - Failed to execute job 1199 for task create_postgres_table (could not translate host name "host.docker.local " to address: Name or service not known
; 7003)
[2022-07-31 00:35:10,953] {local_task_job.py:156} INFO - Task exited with return code 1
[2022-07-31 00:35:11,025] {local_task_job.py:273} INFO - 0 downstream tasks scheduled from follow-on schedule check
[2022-07-31 11:29:43,607] {taskinstance.py:1159} INFO - Dependencies all met for <TaskInstance: dag_with_postgres_operator.create_postgres_table scheduled__2022-01-17T00:00:00+00:00 [queued]>
[2022-07-31 11:29:43,623] {taskinstance.py:1159} INFO - Dependencies all met for <TaskInstance: dag_with_postgres_operator.create_postgres_table scheduled__2022-01-17T00:00:00+00:00 [queued]>
[2022-07-31 11:29:43,624] {taskinstance.py:1356} INFO - 
--------------------------------------------------------------------------------
[2022-07-31 11:29:43,624] {taskinstance.py:1357} INFO - Starting attempt 6 of 6
[2022-07-31 11:29:43,624] {taskinstance.py:1358} INFO - 
--------------------------------------------------------------------------------
[2022-07-31 11:29:43,643] {taskinstance.py:1377} INFO - Executing <Task(PostgresOperator): create_postgres_table> on 2022-01-17 00:00:00+00:00
[2022-07-31 11:29:43,648] {standard_task_runner.py:52} INFO - Started process 5907 to run task
[2022-07-31 11:29:43,651] {standard_task_runner.py:79} INFO - Running: ['***', 'tasks', 'run', 'dag_with_postgres_operator', 'create_postgres_table', 'scheduled__2022-01-17T00:00:00+00:00', '--job-id', '1642', '--raw', '--subdir', 'DAGS_FOLDER/DAGWithPostgresOperator.py', '--cfg-path', '/tmp/tmputmoex1y', '--error-file', '/tmp/tmpo8neo14a']
[2022-07-31 11:29:43,652] {standard_task_runner.py:80} INFO - Job 1642: Subtask create_postgres_table
[2022-07-31 11:29:43,724] {task_command.py:369} INFO - Running <TaskInstance: dag_with_postgres_operator.create_postgres_table scheduled__2022-01-17T00:00:00+00:00 [running]> on host 66bf18ec08cc
[2022-07-31 11:29:43,827] {taskinstance.py:1571} INFO - Exporting the following env vars:
AIRFLOW_CTX_DAG_OWNER=yosr
AIRFLOW_CTX_DAG_ID=dag_with_postgres_operator
AIRFLOW_CTX_TASK_ID=create_postgres_table
AIRFLOW_CTX_EXECUTION_DATE=2022-01-17T00:00:00+00:00
AIRFLOW_CTX_TRY_NUMBER=6
AIRFLOW_CTX_DAG_RUN_ID=scheduled__2022-01-17T00:00:00+00:00
[2022-07-31 11:29:43,841] {base.py:68} INFO - Using connection ID 'postgres_localhost' for task execution.
[2022-07-31 11:30:08,863] {taskinstance.py:1889} ERROR - Task failed with exception
Traceback (most recent call last):
  File "/home/airflow/.local/lib/python3.7/site-packages/airflow/providers/postgres/operators/postgres.py", line 92, in execute
    self.hook.run(self.sql, self.autocommit, parameters=self.parameters)
  File "/home/airflow/.local/lib/python3.7/site-packages/airflow/hooks/dbapi.py", line 181, in run
    with closing(self.get_conn()) as conn:
  File "/home/airflow/.local/lib/python3.7/site-packages/airflow/providers/postgres/hooks/postgres.py", line 113, in get_conn
    self.conn = psycopg2.connect(**conn_args)
  File "/home/airflow/.local/lib/python3.7/site-packages/psycopg2/__init__.py", line 122, in connect
    conn = _connect(dsn, connection_factory=connection_factory, **kwasync)
psycopg2.OperationalError: could not translate host name "host.docker.internal" to address: Temporary failure in name resolution

[2022-07-31 11:30:08,876] {taskinstance.py:1400} INFO - Marking task as FAILED. dag_id=dag_with_postgres_operator, task_id=create_postgres_table, execution_date=20220117T000000, start_date=20220731T112943, end_date=20220731T113008
[2022-07-31 11:30:08,897] {standard_task_runner.py:97} ERROR - Failed to execute job 1642 for task create_postgres_table (could not translate host name "host.docker.internal" to address: Temporary failure in name resolution
; 5907)
[2022-07-31 11:30:08,908] {local_task_job.py:156} INFO - Task exited with return code 1
[2022-07-31 11:30:08,943] {local_task_job.py:273} INFO - 0 downstream tasks scheduled from follow-on schedule check
[2022-07-31 14:00:15,311] {taskinstance.py:1159} INFO - Dependencies all met for <TaskInstance: dag_with_postgres_operator.create_postgres_table scheduled__2022-01-17T00:00:00+00:00 [queued]>
[2022-07-31 14:00:15,329] {taskinstance.py:1159} INFO - Dependencies all met for <TaskInstance: dag_with_postgres_operator.create_postgres_table scheduled__2022-01-17T00:00:00+00:00 [queued]>
[2022-07-31 14:00:15,330] {taskinstance.py:1356} INFO - 
--------------------------------------------------------------------------------
[2022-07-31 14:00:15,330] {taskinstance.py:1357} INFO - Starting attempt 6 of 6
[2022-07-31 14:00:15,330] {taskinstance.py:1358} INFO - 
--------------------------------------------------------------------------------
[2022-07-31 14:00:15,361] {taskinstance.py:1377} INFO - Executing <Task(PostgresOperator): create_postgres_table> on 2022-01-17 00:00:00+00:00
[2022-07-31 14:00:15,368] {standard_task_runner.py:52} INFO - Started process 3467 to run task
[2022-07-31 14:00:15,372] {standard_task_runner.py:79} INFO - Running: ['***', 'tasks', 'run', 'dag_with_postgres_operator', 'create_postgres_table', 'scheduled__2022-01-17T00:00:00+00:00', '--job-id', '191', '--raw', '--subdir', 'DAGS_FOLDER/DAGWithPostgresOperator.py', '--cfg-path', '/tmp/tmp1su6ss4e', '--error-file', '/tmp/tmp36t26f_k']
[2022-07-31 14:00:15,373] {standard_task_runner.py:80} INFO - Job 191: Subtask create_postgres_table
[2022-07-31 14:00:15,477] {task_command.py:369} INFO - Running <TaskInstance: dag_with_postgres_operator.create_postgres_table scheduled__2022-01-17T00:00:00+00:00 [running]> on host 4688dd3b7141
[2022-07-31 14:00:15,603] {taskinstance.py:1571} INFO - Exporting the following env vars:
AIRFLOW_CTX_DAG_OWNER=yosr
AIRFLOW_CTX_DAG_ID=dag_with_postgres_operator
AIRFLOW_CTX_TASK_ID=create_postgres_table
AIRFLOW_CTX_EXECUTION_DATE=2022-01-17T00:00:00+00:00
AIRFLOW_CTX_TRY_NUMBER=6
AIRFLOW_CTX_DAG_RUN_ID=scheduled__2022-01-17T00:00:00+00:00
[2022-07-31 14:00:15,659] {taskinstance.py:1889} ERROR - Task failed with exception
Traceback (most recent call last):
  File "/home/airflow/.local/lib/python3.7/site-packages/airflow/providers/postgres/operators/postgres.py", line 92, in execute
    self.hook.run(self.sql, self.autocommit, parameters=self.parameters)
  File "/home/airflow/.local/lib/python3.7/site-packages/airflow/hooks/dbapi.py", line 181, in run
    with closing(self.get_conn()) as conn:
  File "/home/airflow/.local/lib/python3.7/site-packages/airflow/providers/postgres/hooks/postgres.py", line 86, in get_conn
    conn = deepcopy(self.connection or self.get_connection(conn_id))
  File "/home/airflow/.local/lib/python3.7/site-packages/airflow/hooks/base.py", line 67, in get_connection
    conn = Connection.get_connection_from_secrets(conn_id)
  File "/home/airflow/.local/lib/python3.7/site-packages/airflow/models/connection.py", line 430, in get_connection_from_secrets
    raise AirflowNotFoundException(f"The conn_id `{conn_id}` isn't defined")
airflow.exceptions.AirflowNotFoundException: The conn_id `postgres_localhost` isn't defined
[2022-07-31 14:00:15,666] {taskinstance.py:1400} INFO - Marking task as FAILED. dag_id=dag_with_postgres_operator, task_id=create_postgres_table, execution_date=20220117T000000, start_date=20220731T140015, end_date=20220731T140015
[2022-07-31 14:00:15,691] {standard_task_runner.py:97} ERROR - Failed to execute job 191 for task create_postgres_table (The conn_id `postgres_localhost` isn't defined; 3467)
[2022-07-31 14:00:15,720] {local_task_job.py:156} INFO - Task exited with return code 1
[2022-07-31 14:00:15,787] {local_task_job.py:273} INFO - 0 downstream tasks scheduled from follow-on schedule check
