[2022-07-30 19:14:21,450] {taskinstance.py:1159} INFO - Dependencies all met for <TaskInstance: dag_with_postgres_operator.create_postgres_table scheduled__2022-02-12T00:00:00+00:00 [queued]>
[2022-07-30 19:14:21,469] {taskinstance.py:1159} INFO - Dependencies all met for <TaskInstance: dag_with_postgres_operator.create_postgres_table scheduled__2022-02-12T00:00:00+00:00 [queued]>
[2022-07-30 19:14:21,469] {taskinstance.py:1356} INFO - 
--------------------------------------------------------------------------------
[2022-07-30 19:14:21,469] {taskinstance.py:1357} INFO - Starting attempt 5 of 6
[2022-07-30 19:14:21,469] {taskinstance.py:1358} INFO - 
--------------------------------------------------------------------------------
[2022-07-30 19:14:21,489] {taskinstance.py:1377} INFO - Executing <Task(PostgresOperator): create_postgres_table> on 2022-02-12 00:00:00+00:00
[2022-07-30 19:14:21,494] {standard_task_runner.py:52} INFO - Started process 5517 to run task
[2022-07-30 19:14:21,498] {standard_task_runner.py:79} INFO - Running: ['***', 'tasks', 'run', 'dag_with_postgres_operator', 'create_postgres_table', 'scheduled__2022-02-12T00:00:00+00:00', '--job-id', '361', '--raw', '--subdir', 'DAGS_FOLDER/DAGWithPostgresOperator.py', '--cfg-path', '/tmp/tmprtpf8bct', '--error-file', '/tmp/tmp1cdsg108']
[2022-07-30 19:14:21,498] {standard_task_runner.py:80} INFO - Job 361: Subtask create_postgres_table
[2022-07-30 19:14:21,574] {task_command.py:369} INFO - Running <TaskInstance: dag_with_postgres_operator.create_postgres_table scheduled__2022-02-12T00:00:00+00:00 [running]> on host 66bf18ec08cc
[2022-07-30 19:14:21,676] {taskinstance.py:1571} INFO - Exporting the following env vars:
AIRFLOW_CTX_DAG_OWNER=yosr
AIRFLOW_CTX_DAG_ID=dag_with_postgres_operator
AIRFLOW_CTX_TASK_ID=create_postgres_table
AIRFLOW_CTX_EXECUTION_DATE=2022-02-12T00:00:00+00:00
AIRFLOW_CTX_TRY_NUMBER=5
AIRFLOW_CTX_DAG_RUN_ID=scheduled__2022-02-12T00:00:00+00:00
[2022-07-30 19:14:21,690] {base.py:68} INFO - Using connection ID 'postgres_localhost' for task execution.
[2022-07-30 19:14:21,691] {taskinstance.py:1889} ERROR - Task failed with exception
Traceback (most recent call last):
  File "/home/airflow/.local/lib/python3.7/site-packages/airflow/providers/postgres/operators/postgres.py", line 92, in execute
    self.hook.run(self.sql, self.autocommit, parameters=self.parameters)
  File "/home/airflow/.local/lib/python3.7/site-packages/airflow/hooks/dbapi.py", line 181, in run
    with closing(self.get_conn()) as conn:
  File "/home/airflow/.local/lib/python3.7/site-packages/airflow/providers/postgres/hooks/postgres.py", line 113, in get_conn
    self.conn = psycopg2.connect(**conn_args)
  File "/home/airflow/.local/lib/python3.7/site-packages/psycopg2/__init__.py", line 122, in connect
    conn = _connect(dsn, connection_factory=connection_factory, **kwasync)
psycopg2.OperationalError: could not translate host name "host.docker.internal " to address: Name or service not known

[2022-07-30 19:14:21,707] {taskinstance.py:1400} INFO - Marking task as UP_FOR_RETRY. dag_id=dag_with_postgres_operator, task_id=create_postgres_table, execution_date=20220212T000000, start_date=20220730T191421, end_date=20220730T191421
[2022-07-30 19:14:21,726] {standard_task_runner.py:97} ERROR - Failed to execute job 361 for task create_postgres_table (could not translate host name "host.docker.internal " to address: Name or service not known
; 5517)
[2022-07-30 19:14:21,757] {local_task_job.py:156} INFO - Task exited with return code 1
[2022-07-30 19:14:21,814] {local_task_job.py:273} INFO - 0 downstream tasks scheduled from follow-on schedule check
[2022-07-31 10:16:37,499] {taskinstance.py:1159} INFO - Dependencies all met for <TaskInstance: dag_with_postgres_operator.create_postgres_table scheduled__2022-02-12T00:00:00+00:00 [queued]>
[2022-07-31 10:16:37,517] {taskinstance.py:1159} INFO - Dependencies all met for <TaskInstance: dag_with_postgres_operator.create_postgres_table scheduled__2022-02-12T00:00:00+00:00 [queued]>
[2022-07-31 10:16:37,518] {taskinstance.py:1356} INFO - 
--------------------------------------------------------------------------------
[2022-07-31 10:16:37,518] {taskinstance.py:1357} INFO - Starting attempt 5 of 6
[2022-07-31 10:16:37,518] {taskinstance.py:1358} INFO - 
--------------------------------------------------------------------------------
[2022-07-31 10:16:37,542] {taskinstance.py:1377} INFO - Executing <Task(PostgresOperator): create_postgres_table> on 2022-02-12 00:00:00+00:00
[2022-07-31 10:16:37,546] {standard_task_runner.py:52} INFO - Started process 1994 to run task
[2022-07-31 10:16:37,550] {standard_task_runner.py:79} INFO - Running: ['***', 'tasks', 'run', 'dag_with_postgres_operator', 'create_postgres_table', 'scheduled__2022-02-12T00:00:00+00:00', '--job-id', '1370', '--raw', '--subdir', 'DAGS_FOLDER/DAGWithPostgresOperator.py', '--cfg-path', '/tmp/tmptst9bwhd', '--error-file', '/tmp/tmpgefyfo_z']
[2022-07-31 10:16:37,551] {standard_task_runner.py:80} INFO - Job 1370: Subtask create_postgres_table
[2022-07-31 10:16:37,643] {task_command.py:369} INFO - Running <TaskInstance: dag_with_postgres_operator.create_postgres_table scheduled__2022-02-12T00:00:00+00:00 [running]> on host 66bf18ec08cc
[2022-07-31 10:16:37,766] {taskinstance.py:1571} INFO - Exporting the following env vars:
AIRFLOW_CTX_DAG_OWNER=yosr
AIRFLOW_CTX_DAG_ID=dag_with_postgres_operator
AIRFLOW_CTX_TASK_ID=create_postgres_table
AIRFLOW_CTX_EXECUTION_DATE=2022-02-12T00:00:00+00:00
AIRFLOW_CTX_TRY_NUMBER=5
AIRFLOW_CTX_DAG_RUN_ID=scheduled__2022-02-12T00:00:00+00:00
[2022-07-31 10:16:37,779] {base.py:68} INFO - Using connection ID 'postgres_localhost' for task execution.
[2022-07-31 10:16:37,783] {taskinstance.py:1889} ERROR - Task failed with exception
Traceback (most recent call last):
  File "/home/airflow/.local/lib/python3.7/site-packages/airflow/providers/postgres/operators/postgres.py", line 92, in execute
    self.hook.run(self.sql, self.autocommit, parameters=self.parameters)
  File "/home/airflow/.local/lib/python3.7/site-packages/airflow/hooks/dbapi.py", line 181, in run
    with closing(self.get_conn()) as conn:
  File "/home/airflow/.local/lib/python3.7/site-packages/airflow/providers/postgres/hooks/postgres.py", line 113, in get_conn
    self.conn = psycopg2.connect(**conn_args)
  File "/home/airflow/.local/lib/python3.7/site-packages/psycopg2/__init__.py", line 122, in connect
    conn = _connect(dsn, connection_factory=connection_factory, **kwasync)
psycopg2.OperationalError: could not translate host name "host.docker.local " to address: Name or service not known

[2022-07-31 10:16:37,806] {taskinstance.py:1400} INFO - Marking task as UP_FOR_RETRY. dag_id=dag_with_postgres_operator, task_id=create_postgres_table, execution_date=20220212T000000, start_date=20220731T101637, end_date=20220731T101637
[2022-07-31 10:16:37,828] {standard_task_runner.py:97} ERROR - Failed to execute job 1370 for task create_postgres_table (could not translate host name "host.docker.local " to address: Name or service not known
; 1994)
[2022-07-31 10:16:37,854] {local_task_job.py:156} INFO - Task exited with return code 1
[2022-07-31 10:16:38,007] {local_task_job.py:273} INFO - 0 downstream tasks scheduled from follow-on schedule check
[2022-07-31 14:46:05,563] {taskinstance.py:1159} INFO - Dependencies all met for <TaskInstance: dag_with_postgres_operator.create_postgres_table scheduled__2022-02-12T00:00:00+00:00 [queued]>
[2022-07-31 14:46:05,582] {taskinstance.py:1159} INFO - Dependencies all met for <TaskInstance: dag_with_postgres_operator.create_postgres_table scheduled__2022-02-12T00:00:00+00:00 [queued]>
[2022-07-31 14:46:05,582] {taskinstance.py:1356} INFO - 
--------------------------------------------------------------------------------
[2022-07-31 14:46:05,583] {taskinstance.py:1357} INFO - Starting attempt 5 of 6
[2022-07-31 14:46:05,583] {taskinstance.py:1358} INFO - 
--------------------------------------------------------------------------------
[2022-07-31 14:46:05,615] {taskinstance.py:1377} INFO - Executing <Task(PostgresOperator): create_postgres_table> on 2022-02-12 00:00:00+00:00
[2022-07-31 14:46:05,620] {standard_task_runner.py:52} INFO - Started process 5932 to run task
[2022-07-31 14:46:05,623] {standard_task_runner.py:79} INFO - Running: ['***', 'tasks', 'run', 'dag_with_postgres_operator', 'create_postgres_table', 'scheduled__2022-02-12T00:00:00+00:00', '--job-id', '356', '--raw', '--subdir', 'DAGS_FOLDER/DAGWithPostgresOperator.py', '--cfg-path', '/tmp/tmpn_ctb623', '--error-file', '/tmp/tmpwxhklvpm']
[2022-07-31 14:46:05,623] {standard_task_runner.py:80} INFO - Job 356: Subtask create_postgres_table
[2022-07-31 14:46:05,708] {task_command.py:369} INFO - Running <TaskInstance: dag_with_postgres_operator.create_postgres_table scheduled__2022-02-12T00:00:00+00:00 [running]> on host 4688dd3b7141
[2022-07-31 14:46:05,819] {taskinstance.py:1571} INFO - Exporting the following env vars:
AIRFLOW_CTX_DAG_OWNER=yosr
AIRFLOW_CTX_DAG_ID=dag_with_postgres_operator
AIRFLOW_CTX_TASK_ID=create_postgres_table
AIRFLOW_CTX_EXECUTION_DATE=2022-02-12T00:00:00+00:00
AIRFLOW_CTX_TRY_NUMBER=5
AIRFLOW_CTX_DAG_RUN_ID=scheduled__2022-02-12T00:00:00+00:00
[2022-07-31 14:46:05,839] {base.py:68} INFO - Using connection ID 'postgres_localhost' for task execution.
[2022-07-31 14:46:20,853] {taskinstance.py:1889} ERROR - Task failed with exception
Traceback (most recent call last):
  File "/home/airflow/.local/lib/python3.7/site-packages/airflow/providers/postgres/operators/postgres.py", line 92, in execute
    self.hook.run(self.sql, self.autocommit, parameters=self.parameters)
  File "/home/airflow/.local/lib/python3.7/site-packages/airflow/hooks/dbapi.py", line 181, in run
    with closing(self.get_conn()) as conn:
  File "/home/airflow/.local/lib/python3.7/site-packages/airflow/providers/postgres/hooks/postgres.py", line 113, in get_conn
    self.conn = psycopg2.connect(**conn_args)
  File "/home/airflow/.local/lib/python3.7/site-packages/psycopg2/__init__.py", line 122, in connect
    conn = _connect(dsn, connection_factory=connection_factory, **kwasync)
psycopg2.OperationalError: could not translate host name "host.docker.local" to address: Temporary failure in name resolution

[2022-07-31 14:46:20,869] {taskinstance.py:1400} INFO - Marking task as UP_FOR_RETRY. dag_id=dag_with_postgres_operator, task_id=create_postgres_table, execution_date=20220212T000000, start_date=20220731T144605, end_date=20220731T144620
[2022-07-31 14:46:20,887] {standard_task_runner.py:97} ERROR - Failed to execute job 356 for task create_postgres_table (could not translate host name "host.docker.local" to address: Temporary failure in name resolution
; 5932)
[2022-07-31 14:46:20,903] {local_task_job.py:156} INFO - Task exited with return code 1
[2022-07-31 14:46:20,955] {local_task_job.py:273} INFO - 0 downstream tasks scheduled from follow-on schedule check
