[2022-07-30 19:04:18,818] {taskinstance.py:1159} INFO - Dependencies all met for <TaskInstance: dag_with_postgres_operator.create_postgres_table scheduled__2022-02-12T00:00:00+00:00 [queued]>
[2022-07-30 19:04:18,833] {taskinstance.py:1159} INFO - Dependencies all met for <TaskInstance: dag_with_postgres_operator.create_postgres_table scheduled__2022-02-12T00:00:00+00:00 [queued]>
[2022-07-30 19:04:18,833] {taskinstance.py:1356} INFO - 
--------------------------------------------------------------------------------
[2022-07-30 19:04:18,833] {taskinstance.py:1357} INFO - Starting attempt 3 of 6
[2022-07-30 19:04:18,833] {taskinstance.py:1358} INFO - 
--------------------------------------------------------------------------------
[2022-07-30 19:04:18,857] {taskinstance.py:1377} INFO - Executing <Task(PostgresOperator): create_postgres_table> on 2022-02-12 00:00:00+00:00
[2022-07-30 19:04:18,862] {standard_task_runner.py:52} INFO - Started process 4995 to run task
[2022-07-30 19:04:18,865] {standard_task_runner.py:79} INFO - Running: ['***', 'tasks', 'run', 'dag_with_postgres_operator', 'create_postgres_table', 'scheduled__2022-02-12T00:00:00+00:00', '--job-id', '330', '--raw', '--subdir', 'DAGS_FOLDER/DAGWithPostgresOperator.py', '--cfg-path', '/tmp/tmpxutredii', '--error-file', '/tmp/tmpq5ycp04i']
[2022-07-30 19:04:18,866] {standard_task_runner.py:80} INFO - Job 330: Subtask create_postgres_table
[2022-07-30 19:04:18,931] {task_command.py:369} INFO - Running <TaskInstance: dag_with_postgres_operator.create_postgres_table scheduled__2022-02-12T00:00:00+00:00 [running]> on host 66bf18ec08cc
[2022-07-30 19:04:19,015] {taskinstance.py:1571} INFO - Exporting the following env vars:
AIRFLOW_CTX_DAG_OWNER=yosr
AIRFLOW_CTX_DAG_ID=dag_with_postgres_operator
AIRFLOW_CTX_TASK_ID=create_postgres_table
AIRFLOW_CTX_EXECUTION_DATE=2022-02-12T00:00:00+00:00
AIRFLOW_CTX_TRY_NUMBER=3
AIRFLOW_CTX_DAG_RUN_ID=scheduled__2022-02-12T00:00:00+00:00
[2022-07-30 19:04:19,027] {base.py:68} INFO - Using connection ID 'postgres_localhost' for task execution.
[2022-07-30 19:04:19,028] {taskinstance.py:1889} ERROR - Task failed with exception
Traceback (most recent call last):
  File "/home/airflow/.local/lib/python3.7/site-packages/airflow/providers/postgres/operators/postgres.py", line 92, in execute
    self.hook.run(self.sql, self.autocommit, parameters=self.parameters)
  File "/home/airflow/.local/lib/python3.7/site-packages/airflow/hooks/dbapi.py", line 181, in run
    with closing(self.get_conn()) as conn:
  File "/home/airflow/.local/lib/python3.7/site-packages/airflow/providers/postgres/hooks/postgres.py", line 113, in get_conn
    self.conn = psycopg2.connect(**conn_args)
  File "/home/airflow/.local/lib/python3.7/site-packages/psycopg2/__init__.py", line 122, in connect
    conn = _connect(dsn, connection_factory=connection_factory, **kwasync)
psycopg2.OperationalError: could not translate host name "host.docker.internal " to address: Name or service not known

[2022-07-30 19:04:19,039] {taskinstance.py:1400} INFO - Marking task as UP_FOR_RETRY. dag_id=dag_with_postgres_operator, task_id=create_postgres_table, execution_date=20220212T000000, start_date=20220730T190418, end_date=20220730T190419
[2022-07-30 19:04:19,051] {standard_task_runner.py:97} ERROR - Failed to execute job 330 for task create_postgres_table (could not translate host name "host.docker.internal " to address: Name or service not known
; 4995)
[2022-07-30 19:04:19,086] {local_task_job.py:156} INFO - Task exited with return code 1
[2022-07-30 19:04:19,135] {local_task_job.py:273} INFO - 0 downstream tasks scheduled from follow-on schedule check
[2022-07-31 10:06:34,966] {taskinstance.py:1159} INFO - Dependencies all met for <TaskInstance: dag_with_postgres_operator.create_postgres_table scheduled__2022-02-12T00:00:00+00:00 [queued]>
[2022-07-31 10:06:34,985] {taskinstance.py:1159} INFO - Dependencies all met for <TaskInstance: dag_with_postgres_operator.create_postgres_table scheduled__2022-02-12T00:00:00+00:00 [queued]>
[2022-07-31 10:06:34,985] {taskinstance.py:1356} INFO - 
--------------------------------------------------------------------------------
[2022-07-31 10:06:34,985] {taskinstance.py:1357} INFO - Starting attempt 3 of 6
[2022-07-31 10:06:34,985] {taskinstance.py:1358} INFO - 
--------------------------------------------------------------------------------
[2022-07-31 10:06:35,004] {taskinstance.py:1377} INFO - Executing <Task(PostgresOperator): create_postgres_table> on 2022-02-12 00:00:00+00:00
[2022-07-31 10:06:35,009] {standard_task_runner.py:52} INFO - Started process 1469 to run task
[2022-07-31 10:06:35,012] {standard_task_runner.py:79} INFO - Running: ['***', 'tasks', 'run', 'dag_with_postgres_operator', 'create_postgres_table', 'scheduled__2022-02-12T00:00:00+00:00', '--job-id', '1340', '--raw', '--subdir', 'DAGS_FOLDER/DAGWithPostgresOperator.py', '--cfg-path', '/tmp/tmpq_pb57hj', '--error-file', '/tmp/tmpbyr9mm9k']
[2022-07-31 10:06:35,012] {standard_task_runner.py:80} INFO - Job 1340: Subtask create_postgres_table
[2022-07-31 10:06:35,082] {task_command.py:369} INFO - Running <TaskInstance: dag_with_postgres_operator.create_postgres_table scheduled__2022-02-12T00:00:00+00:00 [running]> on host 66bf18ec08cc
[2022-07-31 10:06:35,179] {taskinstance.py:1571} INFO - Exporting the following env vars:
AIRFLOW_CTX_DAG_OWNER=yosr
AIRFLOW_CTX_DAG_ID=dag_with_postgres_operator
AIRFLOW_CTX_TASK_ID=create_postgres_table
AIRFLOW_CTX_EXECUTION_DATE=2022-02-12T00:00:00+00:00
AIRFLOW_CTX_TRY_NUMBER=3
AIRFLOW_CTX_DAG_RUN_ID=scheduled__2022-02-12T00:00:00+00:00
[2022-07-31 10:06:35,193] {base.py:68} INFO - Using connection ID 'postgres_localhost' for task execution.
[2022-07-31 10:06:35,194] {taskinstance.py:1889} ERROR - Task failed with exception
Traceback (most recent call last):
  File "/home/airflow/.local/lib/python3.7/site-packages/airflow/providers/postgres/operators/postgres.py", line 92, in execute
    self.hook.run(self.sql, self.autocommit, parameters=self.parameters)
  File "/home/airflow/.local/lib/python3.7/site-packages/airflow/hooks/dbapi.py", line 181, in run
    with closing(self.get_conn()) as conn:
  File "/home/airflow/.local/lib/python3.7/site-packages/airflow/providers/postgres/hooks/postgres.py", line 113, in get_conn
    self.conn = psycopg2.connect(**conn_args)
  File "/home/airflow/.local/lib/python3.7/site-packages/psycopg2/__init__.py", line 122, in connect
    conn = _connect(dsn, connection_factory=connection_factory, **kwasync)
psycopg2.OperationalError: could not translate host name "host.docker.local " to address: Name or service not known

[2022-07-31 10:06:35,208] {taskinstance.py:1400} INFO - Marking task as UP_FOR_RETRY. dag_id=dag_with_postgres_operator, task_id=create_postgres_table, execution_date=20220212T000000, start_date=20220731T100634, end_date=20220731T100635
[2022-07-31 10:06:35,224] {standard_task_runner.py:97} ERROR - Failed to execute job 1340 for task create_postgres_table (could not translate host name "host.docker.local " to address: Name or service not known
; 1469)
[2022-07-31 10:06:35,270] {local_task_job.py:156} INFO - Task exited with return code 1
[2022-07-31 10:06:35,323] {local_task_job.py:273} INFO - 0 downstream tasks scheduled from follow-on schedule check
[2022-07-31 14:35:38,065] {taskinstance.py:1159} INFO - Dependencies all met for <TaskInstance: dag_with_postgres_operator.create_postgres_table scheduled__2022-02-12T00:00:00+00:00 [queued]>
[2022-07-31 14:35:38,081] {taskinstance.py:1159} INFO - Dependencies all met for <TaskInstance: dag_with_postgres_operator.create_postgres_table scheduled__2022-02-12T00:00:00+00:00 [queued]>
[2022-07-31 14:35:38,081] {taskinstance.py:1356} INFO - 
--------------------------------------------------------------------------------
[2022-07-31 14:35:38,081] {taskinstance.py:1357} INFO - Starting attempt 3 of 6
[2022-07-31 14:35:38,082] {taskinstance.py:1358} INFO - 
--------------------------------------------------------------------------------
[2022-07-31 14:35:38,104] {taskinstance.py:1377} INFO - Executing <Task(PostgresOperator): create_postgres_table> on 2022-02-12 00:00:00+00:00
[2022-07-31 14:35:38,109] {standard_task_runner.py:52} INFO - Started process 5385 to run task
[2022-07-31 14:35:38,112] {standard_task_runner.py:79} INFO - Running: ['***', 'tasks', 'run', 'dag_with_postgres_operator', 'create_postgres_table', 'scheduled__2022-02-12T00:00:00+00:00', '--job-id', '331', '--raw', '--subdir', 'DAGS_FOLDER/DAGWithPostgresOperator.py', '--cfg-path', '/tmp/tmp3egg6bxo', '--error-file', '/tmp/tmppfw8seog']
[2022-07-31 14:35:38,113] {standard_task_runner.py:80} INFO - Job 331: Subtask create_postgres_table
[2022-07-31 14:35:38,203] {task_command.py:369} INFO - Running <TaskInstance: dag_with_postgres_operator.create_postgres_table scheduled__2022-02-12T00:00:00+00:00 [running]> on host 4688dd3b7141
[2022-07-31 14:35:38,299] {taskinstance.py:1571} INFO - Exporting the following env vars:
AIRFLOW_CTX_DAG_OWNER=yosr
AIRFLOW_CTX_DAG_ID=dag_with_postgres_operator
AIRFLOW_CTX_TASK_ID=create_postgres_table
AIRFLOW_CTX_EXECUTION_DATE=2022-02-12T00:00:00+00:00
AIRFLOW_CTX_TRY_NUMBER=3
AIRFLOW_CTX_DAG_RUN_ID=scheduled__2022-02-12T00:00:00+00:00
[2022-07-31 14:35:38,315] {base.py:68} INFO - Using connection ID 'postgres_localhost' for task execution.
[2022-07-31 14:35:48,329] {taskinstance.py:1889} ERROR - Task failed with exception
Traceback (most recent call last):
  File "/home/airflow/.local/lib/python3.7/site-packages/airflow/providers/postgres/operators/postgres.py", line 92, in execute
    self.hook.run(self.sql, self.autocommit, parameters=self.parameters)
  File "/home/airflow/.local/lib/python3.7/site-packages/airflow/hooks/dbapi.py", line 181, in run
    with closing(self.get_conn()) as conn:
  File "/home/airflow/.local/lib/python3.7/site-packages/airflow/providers/postgres/hooks/postgres.py", line 113, in get_conn
    self.conn = psycopg2.connect(**conn_args)
  File "/home/airflow/.local/lib/python3.7/site-packages/psycopg2/__init__.py", line 122, in connect
    conn = _connect(dsn, connection_factory=connection_factory, **kwasync)
psycopg2.OperationalError: could not translate host name "host.docker.local" to address: Temporary failure in name resolution

[2022-07-31 14:35:48,343] {taskinstance.py:1400} INFO - Marking task as UP_FOR_RETRY. dag_id=dag_with_postgres_operator, task_id=create_postgres_table, execution_date=20220212T000000, start_date=20220731T143538, end_date=20220731T143548
[2022-07-31 14:35:48,422] {standard_task_runner.py:97} ERROR - Failed to execute job 331 for task create_postgres_table (could not translate host name "host.docker.local" to address: Temporary failure in name resolution
; 5385)
[2022-07-31 14:35:48,429] {local_task_job.py:156} INFO - Task exited with return code 1
[2022-07-31 14:35:48,471] {local_task_job.py:273} INFO - 0 downstream tasks scheduled from follow-on schedule check
