[2022-07-30 19:04:17,093] {taskinstance.py:1159} INFO - Dependencies all met for <TaskInstance: dag_with_postgres_operator.create_postgres_table scheduled__2022-02-06T00:00:00+00:00 [queued]>
[2022-07-30 19:04:17,109] {taskinstance.py:1159} INFO - Dependencies all met for <TaskInstance: dag_with_postgres_operator.create_postgres_table scheduled__2022-02-06T00:00:00+00:00 [queued]>
[2022-07-30 19:04:17,109] {taskinstance.py:1356} INFO - 
--------------------------------------------------------------------------------
[2022-07-30 19:04:17,109] {taskinstance.py:1357} INFO - Starting attempt 3 of 6
[2022-07-30 19:04:17,109] {taskinstance.py:1358} INFO - 
--------------------------------------------------------------------------------
[2022-07-30 19:04:17,130] {taskinstance.py:1377} INFO - Executing <Task(PostgresOperator): create_postgres_table> on 2022-02-06 00:00:00+00:00
[2022-07-30 19:04:17,136] {standard_task_runner.py:52} INFO - Started process 4983 to run task
[2022-07-30 19:04:17,139] {standard_task_runner.py:79} INFO - Running: ['***', 'tasks', 'run', 'dag_with_postgres_operator', 'create_postgres_table', 'scheduled__2022-02-06T00:00:00+00:00', '--job-id', '324', '--raw', '--subdir', 'DAGS_FOLDER/DAGWithPostgresOperator.py', '--cfg-path', '/tmp/tmptuewowxk', '--error-file', '/tmp/tmp4jqm47gj']
[2022-07-30 19:04:17,140] {standard_task_runner.py:80} INFO - Job 324: Subtask create_postgres_table
[2022-07-30 19:04:17,228] {task_command.py:369} INFO - Running <TaskInstance: dag_with_postgres_operator.create_postgres_table scheduled__2022-02-06T00:00:00+00:00 [running]> on host 66bf18ec08cc
[2022-07-30 19:04:17,332] {taskinstance.py:1571} INFO - Exporting the following env vars:
AIRFLOW_CTX_DAG_OWNER=yosr
AIRFLOW_CTX_DAG_ID=dag_with_postgres_operator
AIRFLOW_CTX_TASK_ID=create_postgres_table
AIRFLOW_CTX_EXECUTION_DATE=2022-02-06T00:00:00+00:00
AIRFLOW_CTX_TRY_NUMBER=3
AIRFLOW_CTX_DAG_RUN_ID=scheduled__2022-02-06T00:00:00+00:00
[2022-07-30 19:04:17,346] {base.py:68} INFO - Using connection ID 'postgres_localhost' for task execution.
[2022-07-30 19:04:17,347] {taskinstance.py:1889} ERROR - Task failed with exception
Traceback (most recent call last):
  File "/home/airflow/.local/lib/python3.7/site-packages/airflow/providers/postgres/operators/postgres.py", line 92, in execute
    self.hook.run(self.sql, self.autocommit, parameters=self.parameters)
  File "/home/airflow/.local/lib/python3.7/site-packages/airflow/hooks/dbapi.py", line 181, in run
    with closing(self.get_conn()) as conn:
  File "/home/airflow/.local/lib/python3.7/site-packages/airflow/providers/postgres/hooks/postgres.py", line 113, in get_conn
    self.conn = psycopg2.connect(**conn_args)
  File "/home/airflow/.local/lib/python3.7/site-packages/psycopg2/__init__.py", line 122, in connect
    conn = _connect(dsn, connection_factory=connection_factory, **kwasync)
psycopg2.OperationalError: could not translate host name "host.docker.internal " to address: Name or service not known

[2022-07-30 19:04:17,358] {taskinstance.py:1400} INFO - Marking task as UP_FOR_RETRY. dag_id=dag_with_postgres_operator, task_id=create_postgres_table, execution_date=20220206T000000, start_date=20220730T190417, end_date=20220730T190417
[2022-07-30 19:04:17,373] {standard_task_runner.py:97} ERROR - Failed to execute job 324 for task create_postgres_table (could not translate host name "host.docker.internal " to address: Name or service not known
; 4983)
[2022-07-30 19:04:17,398] {local_task_job.py:156} INFO - Task exited with return code 1
[2022-07-30 19:04:17,552] {local_task_job.py:273} INFO - 0 downstream tasks scheduled from follow-on schedule check
[2022-07-31 10:06:33,947] {taskinstance.py:1159} INFO - Dependencies all met for <TaskInstance: dag_with_postgres_operator.create_postgres_table scheduled__2022-02-06T00:00:00+00:00 [queued]>
[2022-07-31 10:06:33,964] {taskinstance.py:1159} INFO - Dependencies all met for <TaskInstance: dag_with_postgres_operator.create_postgres_table scheduled__2022-02-06T00:00:00+00:00 [queued]>
[2022-07-31 10:06:33,965] {taskinstance.py:1356} INFO - 
--------------------------------------------------------------------------------
[2022-07-31 10:06:33,965] {taskinstance.py:1357} INFO - Starting attempt 3 of 6
[2022-07-31 10:06:33,965] {taskinstance.py:1358} INFO - 
--------------------------------------------------------------------------------
[2022-07-31 10:06:33,987] {taskinstance.py:1377} INFO - Executing <Task(PostgresOperator): create_postgres_table> on 2022-02-06 00:00:00+00:00
[2022-07-31 10:06:33,993] {standard_task_runner.py:52} INFO - Started process 1460 to run task
[2022-07-31 10:06:33,997] {standard_task_runner.py:79} INFO - Running: ['***', 'tasks', 'run', 'dag_with_postgres_operator', 'create_postgres_table', 'scheduled__2022-02-06T00:00:00+00:00', '--job-id', '1336', '--raw', '--subdir', 'DAGS_FOLDER/DAGWithPostgresOperator.py', '--cfg-path', '/tmp/tmptxa0qo6y', '--error-file', '/tmp/tmpi9i6wtsa']
[2022-07-31 10:06:33,998] {standard_task_runner.py:80} INFO - Job 1336: Subtask create_postgres_table
[2022-07-31 10:06:34,073] {task_command.py:369} INFO - Running <TaskInstance: dag_with_postgres_operator.create_postgres_table scheduled__2022-02-06T00:00:00+00:00 [running]> on host 66bf18ec08cc
[2022-07-31 10:06:34,178] {taskinstance.py:1571} INFO - Exporting the following env vars:
AIRFLOW_CTX_DAG_OWNER=yosr
AIRFLOW_CTX_DAG_ID=dag_with_postgres_operator
AIRFLOW_CTX_TASK_ID=create_postgres_table
AIRFLOW_CTX_EXECUTION_DATE=2022-02-06T00:00:00+00:00
AIRFLOW_CTX_TRY_NUMBER=3
AIRFLOW_CTX_DAG_RUN_ID=scheduled__2022-02-06T00:00:00+00:00
[2022-07-31 10:06:34,191] {base.py:68} INFO - Using connection ID 'postgres_localhost' for task execution.
[2022-07-31 10:06:34,192] {taskinstance.py:1889} ERROR - Task failed with exception
Traceback (most recent call last):
  File "/home/airflow/.local/lib/python3.7/site-packages/airflow/providers/postgres/operators/postgres.py", line 92, in execute
    self.hook.run(self.sql, self.autocommit, parameters=self.parameters)
  File "/home/airflow/.local/lib/python3.7/site-packages/airflow/hooks/dbapi.py", line 181, in run
    with closing(self.get_conn()) as conn:
  File "/home/airflow/.local/lib/python3.7/site-packages/airflow/providers/postgres/hooks/postgres.py", line 113, in get_conn
    self.conn = psycopg2.connect(**conn_args)
  File "/home/airflow/.local/lib/python3.7/site-packages/psycopg2/__init__.py", line 122, in connect
    conn = _connect(dsn, connection_factory=connection_factory, **kwasync)
psycopg2.OperationalError: could not translate host name "host.docker.local " to address: Name or service not known

[2022-07-31 10:06:34,210] {taskinstance.py:1400} INFO - Marking task as UP_FOR_RETRY. dag_id=dag_with_postgres_operator, task_id=create_postgres_table, execution_date=20220206T000000, start_date=20220731T100633, end_date=20220731T100634
[2022-07-31 10:06:34,228] {standard_task_runner.py:97} ERROR - Failed to execute job 1336 for task create_postgres_table (could not translate host name "host.docker.local " to address: Name or service not known
; 1460)
[2022-07-31 10:06:34,256] {local_task_job.py:156} INFO - Task exited with return code 1
[2022-07-31 10:06:34,323] {local_task_job.py:273} INFO - 0 downstream tasks scheduled from follow-on schedule check
[2022-07-31 14:35:37,241] {taskinstance.py:1159} INFO - Dependencies all met for <TaskInstance: dag_with_postgres_operator.create_postgres_table scheduled__2022-02-06T00:00:00+00:00 [queued]>
[2022-07-31 14:35:37,269] {taskinstance.py:1159} INFO - Dependencies all met for <TaskInstance: dag_with_postgres_operator.create_postgres_table scheduled__2022-02-06T00:00:00+00:00 [queued]>
[2022-07-31 14:35:37,269] {taskinstance.py:1356} INFO - 
--------------------------------------------------------------------------------
[2022-07-31 14:35:37,270] {taskinstance.py:1357} INFO - Starting attempt 3 of 6
[2022-07-31 14:35:37,270] {taskinstance.py:1358} INFO - 
--------------------------------------------------------------------------------
[2022-07-31 14:35:37,295] {taskinstance.py:1377} INFO - Executing <Task(PostgresOperator): create_postgres_table> on 2022-02-06 00:00:00+00:00
[2022-07-31 14:35:37,301] {standard_task_runner.py:52} INFO - Started process 5380 to run task
[2022-07-31 14:35:37,309] {standard_task_runner.py:79} INFO - Running: ['***', 'tasks', 'run', 'dag_with_postgres_operator', 'create_postgres_table', 'scheduled__2022-02-06T00:00:00+00:00', '--job-id', '329', '--raw', '--subdir', 'DAGS_FOLDER/DAGWithPostgresOperator.py', '--cfg-path', '/tmp/tmp5popr_g0', '--error-file', '/tmp/tmp91bmlyi4']
[2022-07-31 14:35:37,309] {standard_task_runner.py:80} INFO - Job 329: Subtask create_postgres_table
[2022-07-31 14:35:37,426] {task_command.py:369} INFO - Running <TaskInstance: dag_with_postgres_operator.create_postgres_table scheduled__2022-02-06T00:00:00+00:00 [running]> on host 4688dd3b7141
[2022-07-31 14:35:37,566] {taskinstance.py:1571} INFO - Exporting the following env vars:
AIRFLOW_CTX_DAG_OWNER=yosr
AIRFLOW_CTX_DAG_ID=dag_with_postgres_operator
AIRFLOW_CTX_TASK_ID=create_postgres_table
AIRFLOW_CTX_EXECUTION_DATE=2022-02-06T00:00:00+00:00
AIRFLOW_CTX_TRY_NUMBER=3
AIRFLOW_CTX_DAG_RUN_ID=scheduled__2022-02-06T00:00:00+00:00
[2022-07-31 14:35:37,592] {base.py:68} INFO - Using connection ID 'postgres_localhost' for task execution.
[2022-07-31 14:35:52,604] {taskinstance.py:1889} ERROR - Task failed with exception
Traceback (most recent call last):
  File "/home/airflow/.local/lib/python3.7/site-packages/airflow/providers/postgres/operators/postgres.py", line 92, in execute
    self.hook.run(self.sql, self.autocommit, parameters=self.parameters)
  File "/home/airflow/.local/lib/python3.7/site-packages/airflow/hooks/dbapi.py", line 181, in run
    with closing(self.get_conn()) as conn:
  File "/home/airflow/.local/lib/python3.7/site-packages/airflow/providers/postgres/hooks/postgres.py", line 113, in get_conn
    self.conn = psycopg2.connect(**conn_args)
  File "/home/airflow/.local/lib/python3.7/site-packages/psycopg2/__init__.py", line 122, in connect
    conn = _connect(dsn, connection_factory=connection_factory, **kwasync)
psycopg2.OperationalError: could not translate host name "host.docker.local" to address: Temporary failure in name resolution

[2022-07-31 14:35:52,627] {taskinstance.py:1400} INFO - Marking task as UP_FOR_RETRY. dag_id=dag_with_postgres_operator, task_id=create_postgres_table, execution_date=20220206T000000, start_date=20220731T143537, end_date=20220731T143552
[2022-07-31 14:35:52,665] {standard_task_runner.py:97} ERROR - Failed to execute job 329 for task create_postgres_table (could not translate host name "host.docker.local" to address: Temporary failure in name resolution
; 5380)
[2022-07-31 14:35:52,692] {local_task_job.py:156} INFO - Task exited with return code 1
[2022-07-31 14:35:52,755] {local_task_job.py:273} INFO - 0 downstream tasks scheduled from follow-on schedule check
