[2022-07-29 11:10:47,619] {taskinstance.py:1159} INFO - Dependencies all met for <TaskInstance: Second_one__.first_task scheduled__2021-08-22T00:00:00+00:00 [queued]>
[2022-07-29 11:10:47,633] {taskinstance.py:1159} INFO - Dependencies all met for <TaskInstance: Second_one__.first_task scheduled__2021-08-22T00:00:00+00:00 [queued]>
[2022-07-29 11:10:47,633] {taskinstance.py:1356} INFO - 
--------------------------------------------------------------------------------
[2022-07-29 11:10:47,633] {taskinstance.py:1357} INFO - Starting attempt 1 of 6
[2022-07-29 11:10:47,633] {taskinstance.py:1358} INFO - 
--------------------------------------------------------------------------------
[2022-07-29 11:10:47,656] {taskinstance.py:1377} INFO - Executing <Task(BashOperator): first_task> on 2021-08-22 00:00:00+00:00
[2022-07-29 11:10:47,660] {standard_task_runner.py:52} INFO - Started process 4264 to run task
[2022-07-29 11:10:47,663] {standard_task_runner.py:79} INFO - Running: ['***', 'tasks', 'run', 'Second_one__', 'first_task', 'scheduled__2021-08-22T00:00:00+00:00', '--job-id', '395', '--raw', '--subdir', 'DAGS_FOLDER/Second_One.py', '--cfg-path', '/tmp/tmpkbcy_oks', '--error-file', '/tmp/tmpsz4n75wp']
[2022-07-29 11:10:47,664] {standard_task_runner.py:80} INFO - Job 395: Subtask first_task
[2022-07-29 11:10:47,738] {task_command.py:369} INFO - Running <TaskInstance: Second_one__.first_task scheduled__2021-08-22T00:00:00+00:00 [running]> on host 9f0f006fc89d
[2022-07-29 11:10:47,848] {taskinstance.py:1571} INFO - Exporting the following env vars:
AIRFLOW_CTX_DAG_OWNER=yosr
AIRFLOW_CTX_DAG_ID=Second_one__
AIRFLOW_CTX_TASK_ID=first_task
AIRFLOW_CTX_EXECUTION_DATE=2021-08-22T00:00:00+00:00
AIRFLOW_CTX_TRY_NUMBER=1
AIRFLOW_CTX_DAG_RUN_ID=scheduled__2021-08-22T00:00:00+00:00
[2022-07-29 11:10:47,849] {subprocess.py:62} INFO - Tmp dir root location: 
 /tmp
[2022-07-29 11:10:47,849] {subprocess.py:74} INFO - Running command: ['bash', '-c', "echo hello world, I'm the first task"]
[2022-07-29 11:10:47,862] {subprocess.py:85} INFO - Output:
[2022-07-29 11:10:47,864] {subprocess.py:92} INFO - bash: -c: line 1: unexpected EOF while looking for matching `''
[2022-07-29 11:10:47,864] {subprocess.py:92} INFO - bash: -c: line 2: syntax error: unexpected end of file
[2022-07-29 11:10:47,864] {subprocess.py:96} INFO - Command exited with return code 2
[2022-07-29 11:10:47,911] {taskinstance.py:1889} ERROR - Task failed with exception
Traceback (most recent call last):
  File "/home/airflow/.local/lib/python3.7/site-packages/airflow/operators/bash.py", line 195, in execute
    f'Bash command failed. The command returned a non-zero exit code {result.exit_code}.'
airflow.exceptions.AirflowException: Bash command failed. The command returned a non-zero exit code 2.
[2022-07-29 11:10:47,915] {taskinstance.py:1400} INFO - Marking task as UP_FOR_RETRY. dag_id=Second_one__, task_id=first_task, execution_date=20210822T000000, start_date=20220729T111047, end_date=20220729T111047
[2022-07-29 11:10:47,932] {standard_task_runner.py:97} ERROR - Failed to execute job 395 for task first_task (Bash command failed. The command returned a non-zero exit code 2.; 4264)
[2022-07-29 11:10:47,964] {local_task_job.py:156} INFO - Task exited with return code 1
[2022-07-29 11:10:48,031] {local_task_job.py:273} INFO - 0 downstream tasks scheduled from follow-on schedule check
