[2022-07-29 12:00:07,015] {taskinstance.py:1159} INFO - Dependencies all met for <TaskInstance: dag_with_taskflow_api.get_name scheduled__2022-07-26T00:00:00+00:00 [queued]>
[2022-07-29 12:00:07,029] {taskinstance.py:1159} INFO - Dependencies all met for <TaskInstance: dag_with_taskflow_api.get_name scheduled__2022-07-26T00:00:00+00:00 [queued]>
[2022-07-29 12:00:07,029] {taskinstance.py:1356} INFO - 
--------------------------------------------------------------------------------
[2022-07-29 12:00:07,029] {taskinstance.py:1357} INFO - Starting attempt 1 of 6
[2022-07-29 12:00:07,029] {taskinstance.py:1358} INFO - 
--------------------------------------------------------------------------------
[2022-07-29 12:00:07,051] {taskinstance.py:1377} INFO - Executing <Task(_PythonDecoratedOperator): get_name> on 2022-07-26 00:00:00+00:00
[2022-07-29 12:00:07,057] {standard_task_runner.py:52} INFO - Started process 9948 to run task
[2022-07-29 12:00:07,061] {standard_task_runner.py:79} INFO - Running: ['***', 'tasks', 'run', 'dag_with_taskflow_api', 'get_name', 'scheduled__2022-07-26T00:00:00+00:00', '--job-id', '2112', '--raw', '--subdir', 'DAGS_FOLDER/DagWithTaskflowApi.py', '--cfg-path', '/tmp/tmp0g8ipceg', '--error-file', '/tmp/tmpkcs2eihl']
[2022-07-29 12:00:07,061] {standard_task_runner.py:80} INFO - Job 2112: Subtask get_name
[2022-07-29 12:00:07,147] {task_command.py:369} INFO - Running <TaskInstance: dag_with_taskflow_api.get_name scheduled__2022-07-26T00:00:00+00:00 [running]> on host 9f0f006fc89d
[2022-07-29 12:00:07,281] {taskinstance.py:1571} INFO - Exporting the following env vars:
AIRFLOW_CTX_DAG_OWNER=yosr
AIRFLOW_CTX_DAG_ID=dag_with_taskflow_api
AIRFLOW_CTX_TASK_ID=get_name
AIRFLOW_CTX_EXECUTION_DATE=2022-07-26T00:00:00+00:00
AIRFLOW_CTX_TRY_NUMBER=1
AIRFLOW_CTX_DAG_RUN_ID=scheduled__2022-07-26T00:00:00+00:00
[2022-07-29 12:00:07,281] {python.py:173} INFO - Done. Returned value was: {'first_name': 'yosr', 'last_name': 'hb'}
[2022-07-29 12:00:07,384] {taskinstance.py:1400} INFO - Marking task as SUCCESS. dag_id=dag_with_taskflow_api, task_id=get_name, execution_date=20220726T000000, start_date=20220729T120007, end_date=20220729T120007
[2022-07-29 12:00:07,445] {local_task_job.py:156} INFO - Task exited with return code 0
[2022-07-29 12:00:07,503] {local_task_job.py:273} INFO - 0 downstream tasks scheduled from follow-on schedule check
