[2022-07-29 11:57:18,143] {taskinstance.py:1159} INFO - Dependencies all met for <TaskInstance: dag_with_taskflow_api.get_name scheduled__2022-02-01T00:00:00+00:00 [queued]>
[2022-07-29 11:57:18,157] {taskinstance.py:1159} INFO - Dependencies all met for <TaskInstance: dag_with_taskflow_api.get_name scheduled__2022-02-01T00:00:00+00:00 [queued]>
[2022-07-29 11:57:18,157] {taskinstance.py:1356} INFO - 
--------------------------------------------------------------------------------
[2022-07-29 11:57:18,158] {taskinstance.py:1357} INFO - Starting attempt 1 of 6
[2022-07-29 11:57:18,158] {taskinstance.py:1358} INFO - 
--------------------------------------------------------------------------------
[2022-07-29 11:57:18,176] {taskinstance.py:1377} INFO - Executing <Task(_PythonDecoratedOperator): get_name> on 2022-02-01 00:00:00+00:00
[2022-07-29 11:57:18,180] {standard_task_runner.py:52} INFO - Started process 8772 to run task
[2022-07-29 11:57:18,184] {standard_task_runner.py:79} INFO - Running: ['***', 'tasks', 'run', 'dag_with_taskflow_api', 'get_name', 'scheduled__2022-02-01T00:00:00+00:00', '--job-id', '1586', '--raw', '--subdir', 'DAGS_FOLDER/DagWithTaskflowApi.py', '--cfg-path', '/tmp/tmp3gz5jnw3', '--error-file', '/tmp/tmp02zpnf8a']
[2022-07-29 11:57:18,184] {standard_task_runner.py:80} INFO - Job 1586: Subtask get_name
[2022-07-29 11:57:18,270] {task_command.py:369} INFO - Running <TaskInstance: dag_with_taskflow_api.get_name scheduled__2022-02-01T00:00:00+00:00 [running]> on host 9f0f006fc89d
[2022-07-29 11:57:18,411] {taskinstance.py:1571} INFO - Exporting the following env vars:
AIRFLOW_CTX_DAG_OWNER=yosr
AIRFLOW_CTX_DAG_ID=dag_with_taskflow_api
AIRFLOW_CTX_TASK_ID=get_name
AIRFLOW_CTX_EXECUTION_DATE=2022-02-01T00:00:00+00:00
AIRFLOW_CTX_TRY_NUMBER=1
AIRFLOW_CTX_DAG_RUN_ID=scheduled__2022-02-01T00:00:00+00:00
[2022-07-29 11:57:18,412] {python.py:173} INFO - Done. Returned value was: {'first_name': 'yosr', 'last_name': 'hb'}
[2022-07-29 11:57:18,506] {taskinstance.py:1400} INFO - Marking task as SUCCESS. dag_id=dag_with_taskflow_api, task_id=get_name, execution_date=20220201T000000, start_date=20220729T115718, end_date=20220729T115718
[2022-07-29 11:57:18,568] {local_task_job.py:156} INFO - Task exited with return code 0
[2022-07-29 11:57:18,621] {local_task_job.py:273} INFO - 0 downstream tasks scheduled from follow-on schedule check
