[2022-07-30 18:03:33,170] {taskinstance.py:1159} INFO - Dependencies all met for <TaskInstance: dag_with_postgres_operator.create_postgres_table scheduled__2021-12-19T00:00:00+00:00 [queued]>
[2022-07-30 18:03:33,192] {taskinstance.py:1159} INFO - Dependencies all met for <TaskInstance: dag_with_postgres_operator.create_postgres_table scheduled__2021-12-19T00:00:00+00:00 [queued]>
[2022-07-30 18:03:33,193] {taskinstance.py:1356} INFO - 
--------------------------------------------------------------------------------
[2022-07-30 18:03:33,193] {taskinstance.py:1357} INFO - Starting attempt 6 of 6
[2022-07-30 18:03:33,193] {taskinstance.py:1358} INFO - 
--------------------------------------------------------------------------------
[2022-07-30 18:03:33,216] {taskinstance.py:1377} INFO - Executing <Task(PostgresOperator): create_postgres_table> on 2021-12-19 00:00:00+00:00
[2022-07-30 18:03:33,221] {standard_task_runner.py:52} INFO - Started process 1689 to run task
[2022-07-30 18:03:33,225] {standard_task_runner.py:79} INFO - Running: ['***', 'tasks', 'run', 'dag_with_postgres_operator', 'create_postgres_table', 'scheduled__2021-12-19T00:00:00+00:00', '--job-id', '85', '--raw', '--subdir', 'DAGS_FOLDER/DAGWithPostgresOperator.py', '--cfg-path', '/tmp/tmpe687z6n8', '--error-file', '/tmp/tmpqizvbzbn']
[2022-07-30 18:03:33,226] {standard_task_runner.py:80} INFO - Job 85: Subtask create_postgres_table
[2022-07-30 18:03:33,309] {task_command.py:369} INFO - Running <TaskInstance: dag_with_postgres_operator.create_postgres_table scheduled__2021-12-19T00:00:00+00:00 [running]> on host 66bf18ec08cc
[2022-07-30 18:03:33,417] {taskinstance.py:1571} INFO - Exporting the following env vars:
AIRFLOW_CTX_DAG_OWNER=yosr
AIRFLOW_CTX_DAG_ID=dag_with_postgres_operator
AIRFLOW_CTX_TASK_ID=create_postgres_table
AIRFLOW_CTX_EXECUTION_DATE=2021-12-19T00:00:00+00:00
AIRFLOW_CTX_TRY_NUMBER=6
AIRFLOW_CTX_DAG_RUN_ID=scheduled__2021-12-19T00:00:00+00:00
[2022-07-30 18:03:33,431] {base.py:68} INFO - Using connection ID 'postgres_localhost' for task execution.
[2022-07-30 18:03:33,432] {taskinstance.py:1889} ERROR - Task failed with exception
Traceback (most recent call last):
  File "/home/airflow/.local/lib/python3.7/site-packages/airflow/providers/postgres/operators/postgres.py", line 92, in execute
    self.hook.run(self.sql, self.autocommit, parameters=self.parameters)
  File "/home/airflow/.local/lib/python3.7/site-packages/airflow/hooks/dbapi.py", line 181, in run
    with closing(self.get_conn()) as conn:
  File "/home/airflow/.local/lib/python3.7/site-packages/airflow/providers/postgres/hooks/postgres.py", line 113, in get_conn
    self.conn = psycopg2.connect(**conn_args)
  File "/home/airflow/.local/lib/python3.7/site-packages/psycopg2/__init__.py", line 122, in connect
    conn = _connect(dsn, connection_factory=connection_factory, **kwasync)
psycopg2.OperationalError: could not translate host name "host.docker.internal " to address: Name or service not known

[2022-07-30 18:03:33,450] {taskinstance.py:1400} INFO - Marking task as FAILED. dag_id=dag_with_postgres_operator, task_id=create_postgres_table, execution_date=20211219T000000, start_date=20220730T180333, end_date=20220730T180333
[2022-07-30 18:03:33,475] {standard_task_runner.py:97} ERROR - Failed to execute job 85 for task create_postgres_table (could not translate host name "host.docker.internal " to address: Name or service not known
; 1689)
[2022-07-30 18:03:33,495] {local_task_job.py:156} INFO - Task exited with return code 1
[2022-07-30 18:03:33,563] {local_task_job.py:273} INFO - 0 downstream tasks scheduled from follow-on schedule check
[2022-07-31 00:09:51,345] {taskinstance.py:1159} INFO - Dependencies all met for <TaskInstance: dag_with_postgres_operator.create_postgres_table scheduled__2021-12-19T00:00:00+00:00 [queued]>
[2022-07-31 00:09:51,376] {taskinstance.py:1159} INFO - Dependencies all met for <TaskInstance: dag_with_postgres_operator.create_postgres_table scheduled__2021-12-19T00:00:00+00:00 [queued]>
[2022-07-31 00:09:51,376] {taskinstance.py:1356} INFO - 
--------------------------------------------------------------------------------
[2022-07-31 00:09:51,376] {taskinstance.py:1357} INFO - Starting attempt 6 of 6
[2022-07-31 00:09:51,376] {taskinstance.py:1358} INFO - 
--------------------------------------------------------------------------------
[2022-07-31 00:09:51,404] {taskinstance.py:1377} INFO - Executing <Task(PostgresOperator): create_postgres_table> on 2021-12-19 00:00:00+00:00
[2022-07-31 00:09:51,416] {standard_task_runner.py:52} INFO - Started process 5618 to run task
[2022-07-31 00:09:51,422] {standard_task_runner.py:79} INFO - Running: ['***', 'tasks', 'run', 'dag_with_postgres_operator', 'create_postgres_table', 'scheduled__2021-12-19T00:00:00+00:00', '--job-id', '1092', '--raw', '--subdir', 'DAGS_FOLDER/DAGWithPostgresOperator.py', '--cfg-path', '/tmp/tmp5za7f071', '--error-file', '/tmp/tmplmseuo_l']
[2022-07-31 00:09:51,424] {standard_task_runner.py:80} INFO - Job 1092: Subtask create_postgres_table
[2022-07-31 00:09:51,580] {task_command.py:369} INFO - Running <TaskInstance: dag_with_postgres_operator.create_postgres_table scheduled__2021-12-19T00:00:00+00:00 [running]> on host 66bf18ec08cc
[2022-07-31 00:09:51,740] {taskinstance.py:1571} INFO - Exporting the following env vars:
AIRFLOW_CTX_DAG_OWNER=yosr
AIRFLOW_CTX_DAG_ID=dag_with_postgres_operator
AIRFLOW_CTX_TASK_ID=create_postgres_table
AIRFLOW_CTX_EXECUTION_DATE=2021-12-19T00:00:00+00:00
AIRFLOW_CTX_TRY_NUMBER=6
AIRFLOW_CTX_DAG_RUN_ID=scheduled__2021-12-19T00:00:00+00:00
[2022-07-31 00:09:51,777] {base.py:68} INFO - Using connection ID 'postgres_localhost' for task execution.
[2022-07-31 00:09:51,778] {taskinstance.py:1889} ERROR - Task failed with exception
Traceback (most recent call last):
  File "/home/airflow/.local/lib/python3.7/site-packages/airflow/providers/postgres/operators/postgres.py", line 92, in execute
    self.hook.run(self.sql, self.autocommit, parameters=self.parameters)
  File "/home/airflow/.local/lib/python3.7/site-packages/airflow/hooks/dbapi.py", line 181, in run
    with closing(self.get_conn()) as conn:
  File "/home/airflow/.local/lib/python3.7/site-packages/airflow/providers/postgres/hooks/postgres.py", line 113, in get_conn
    self.conn = psycopg2.connect(**conn_args)
  File "/home/airflow/.local/lib/python3.7/site-packages/psycopg2/__init__.py", line 122, in connect
    conn = _connect(dsn, connection_factory=connection_factory, **kwasync)
psycopg2.OperationalError: could not translate host name "host.docker.local " to address: Name or service not known

[2022-07-31 00:09:51,817] {taskinstance.py:1400} INFO - Marking task as FAILED. dag_id=dag_with_postgres_operator, task_id=create_postgres_table, execution_date=20211219T000000, start_date=20220731T000951, end_date=20220731T000951
[2022-07-31 00:09:51,850] {standard_task_runner.py:97} ERROR - Failed to execute job 1092 for task create_postgres_table (could not translate host name "host.docker.local " to address: Name or service not known
; 5618)
[2022-07-31 00:09:51,869] {local_task_job.py:156} INFO - Task exited with return code 1
[2022-07-31 00:09:51,959] {local_task_job.py:273} INFO - 0 downstream tasks scheduled from follow-on schedule check
[2022-07-31 11:03:16,484] {taskinstance.py:1159} INFO - Dependencies all met for <TaskInstance: dag_with_postgres_operator.create_postgres_table scheduled__2021-12-19T00:00:00+00:00 [queued]>
[2022-07-31 11:03:16,524] {taskinstance.py:1159} INFO - Dependencies all met for <TaskInstance: dag_with_postgres_operator.create_postgres_table scheduled__2021-12-19T00:00:00+00:00 [queued]>
[2022-07-31 11:03:16,524] {taskinstance.py:1356} INFO - 
--------------------------------------------------------------------------------
[2022-07-31 11:03:16,524] {taskinstance.py:1357} INFO - Starting attempt 6 of 6
[2022-07-31 11:03:16,545] {taskinstance.py:1358} INFO - 
--------------------------------------------------------------------------------
[2022-07-31 11:03:16,579] {taskinstance.py:1377} INFO - Executing <Task(PostgresOperator): create_postgres_table> on 2021-12-19 00:00:00+00:00
[2022-07-31 11:03:16,588] {standard_task_runner.py:52} INFO - Started process 4494 to run task
[2022-07-31 11:03:16,594] {standard_task_runner.py:79} INFO - Running: ['***', 'tasks', 'run', 'dag_with_postgres_operator', 'create_postgres_table', 'scheduled__2021-12-19T00:00:00+00:00', '--job-id', '1545', '--raw', '--subdir', 'DAGS_FOLDER/DAGWithPostgresOperator.py', '--cfg-path', '/tmp/tmpykpvj7mu', '--error-file', '/tmp/tmpn_58_gk6']
[2022-07-31 11:03:16,596] {standard_task_runner.py:80} INFO - Job 1545: Subtask create_postgres_table
[2022-07-31 11:03:16,706] {task_command.py:369} INFO - Running <TaskInstance: dag_with_postgres_operator.create_postgres_table scheduled__2021-12-19T00:00:00+00:00 [running]> on host 66bf18ec08cc
[2022-07-31 11:03:16,827] {taskinstance.py:1571} INFO - Exporting the following env vars:
AIRFLOW_CTX_DAG_OWNER=yosr
AIRFLOW_CTX_DAG_ID=dag_with_postgres_operator
AIRFLOW_CTX_TASK_ID=create_postgres_table
AIRFLOW_CTX_EXECUTION_DATE=2021-12-19T00:00:00+00:00
AIRFLOW_CTX_TRY_NUMBER=6
AIRFLOW_CTX_DAG_RUN_ID=scheduled__2021-12-19T00:00:00+00:00
[2022-07-31 11:03:16,850] {base.py:68} INFO - Using connection ID 'postgres_localhost' for task execution.
[2022-07-31 11:03:16,851] {taskinstance.py:1889} ERROR - Task failed with exception
Traceback (most recent call last):
  File "/home/airflow/.local/lib/python3.7/site-packages/airflow/providers/postgres/operators/postgres.py", line 92, in execute
    self.hook.run(self.sql, self.autocommit, parameters=self.parameters)
  File "/home/airflow/.local/lib/python3.7/site-packages/airflow/hooks/dbapi.py", line 181, in run
    with closing(self.get_conn()) as conn:
  File "/home/airflow/.local/lib/python3.7/site-packages/airflow/providers/postgres/hooks/postgres.py", line 113, in get_conn
    self.conn = psycopg2.connect(**conn_args)
  File "/home/airflow/.local/lib/python3.7/site-packages/psycopg2/__init__.py", line 122, in connect
    conn = _connect(dsn, connection_factory=connection_factory, **kwasync)
psycopg2.OperationalError: could not translate host name "host.docker.internal " to address: Name or service not known

[2022-07-31 11:03:16,871] {taskinstance.py:1400} INFO - Marking task as FAILED. dag_id=dag_with_postgres_operator, task_id=create_postgres_table, execution_date=20211219T000000, start_date=20220731T110316, end_date=20220731T110316
[2022-07-31 11:03:16,899] {standard_task_runner.py:97} ERROR - Failed to execute job 1545 for task create_postgres_table (could not translate host name "host.docker.internal " to address: Name or service not known
; 4494)
[2022-07-31 11:03:16,937] {local_task_job.py:156} INFO - Task exited with return code 1
[2022-07-31 11:03:17,075] {local_task_job.py:273} INFO - 0 downstream tasks scheduled from follow-on schedule check
[2022-07-31 13:35:00,512] {taskinstance.py:1159} INFO - Dependencies all met for <TaskInstance: dag_with_postgres_operator.create_postgres_table scheduled__2021-12-19T00:00:00+00:00 [queued]>
[2022-07-31 13:35:00,541] {taskinstance.py:1159} INFO - Dependencies all met for <TaskInstance: dag_with_postgres_operator.create_postgres_table scheduled__2021-12-19T00:00:00+00:00 [queued]>
[2022-07-31 13:35:00,541] {taskinstance.py:1356} INFO - 
--------------------------------------------------------------------------------
[2022-07-31 13:35:00,541] {taskinstance.py:1357} INFO - Starting attempt 6 of 6
[2022-07-31 13:35:00,541] {taskinstance.py:1358} INFO - 
--------------------------------------------------------------------------------
[2022-07-31 13:35:00,559] {taskinstance.py:1377} INFO - Executing <Task(PostgresOperator): create_postgres_table> on 2021-12-19 00:00:00+00:00
[2022-07-31 13:35:00,565] {standard_task_runner.py:52} INFO - Started process 2090 to run task
[2022-07-31 13:35:00,574] {standard_task_runner.py:79} INFO - Running: ['***', 'tasks', 'run', 'dag_with_postgres_operator', 'create_postgres_table', 'scheduled__2021-12-19T00:00:00+00:00', '--job-id', '84', '--raw', '--subdir', 'DAGS_FOLDER/DAGWithPostgresOperator.py', '--cfg-path', '/tmp/tmp9fcaw1ly', '--error-file', '/tmp/tmpjhnf34s_']
[2022-07-31 13:35:00,574] {standard_task_runner.py:80} INFO - Job 84: Subtask create_postgres_table
[2022-07-31 13:35:00,683] {task_command.py:369} INFO - Running <TaskInstance: dag_with_postgres_operator.create_postgres_table scheduled__2021-12-19T00:00:00+00:00 [running]> on host 4688dd3b7141
[2022-07-31 13:35:00,818] {taskinstance.py:1571} INFO - Exporting the following env vars:
AIRFLOW_CTX_DAG_OWNER=yosr
AIRFLOW_CTX_DAG_ID=dag_with_postgres_operator
AIRFLOW_CTX_TASK_ID=create_postgres_table
AIRFLOW_CTX_EXECUTION_DATE=2021-12-19T00:00:00+00:00
AIRFLOW_CTX_TRY_NUMBER=6
AIRFLOW_CTX_DAG_RUN_ID=scheduled__2021-12-19T00:00:00+00:00
[2022-07-31 13:35:00,860] {taskinstance.py:1889} ERROR - Task failed with exception
Traceback (most recent call last):
  File "/home/airflow/.local/lib/python3.7/site-packages/airflow/providers/postgres/operators/postgres.py", line 92, in execute
    self.hook.run(self.sql, self.autocommit, parameters=self.parameters)
  File "/home/airflow/.local/lib/python3.7/site-packages/airflow/hooks/dbapi.py", line 181, in run
    with closing(self.get_conn()) as conn:
  File "/home/airflow/.local/lib/python3.7/site-packages/airflow/providers/postgres/hooks/postgres.py", line 86, in get_conn
    conn = deepcopy(self.connection or self.get_connection(conn_id))
  File "/home/airflow/.local/lib/python3.7/site-packages/airflow/hooks/base.py", line 67, in get_connection
    conn = Connection.get_connection_from_secrets(conn_id)
  File "/home/airflow/.local/lib/python3.7/site-packages/airflow/models/connection.py", line 430, in get_connection_from_secrets
    raise AirflowNotFoundException(f"The conn_id `{conn_id}` isn't defined")
airflow.exceptions.AirflowNotFoundException: The conn_id `postgres_localhost` isn't defined
[2022-07-31 13:35:00,866] {taskinstance.py:1400} INFO - Marking task as FAILED. dag_id=dag_with_postgres_operator, task_id=create_postgres_table, execution_date=20211219T000000, start_date=20220731T133500, end_date=20220731T133500
[2022-07-31 13:35:00,885] {standard_task_runner.py:97} ERROR - Failed to execute job 84 for task create_postgres_table (The conn_id `postgres_localhost` isn't defined; 2090)
[2022-07-31 13:35:00,919] {local_task_job.py:156} INFO - Task exited with return code 1
[2022-07-31 13:35:00,989] {local_task_job.py:273} INFO - 0 downstream tasks scheduled from follow-on schedule check
