[2022-07-30 18:39:04,731] {taskinstance.py:1159} INFO - Dependencies all met for <TaskInstance: dag_with_postgres_operator.create_postgres_table scheduled__2022-01-30T00:00:00+00:00 [queued]>
[2022-07-30 18:39:04,755] {taskinstance.py:1159} INFO - Dependencies all met for <TaskInstance: dag_with_postgres_operator.create_postgres_table scheduled__2022-01-30T00:00:00+00:00 [queued]>
[2022-07-30 18:39:04,756] {taskinstance.py:1356} INFO - 
--------------------------------------------------------------------------------
[2022-07-30 18:39:04,756] {taskinstance.py:1357} INFO - Starting attempt 3 of 6
[2022-07-30 18:39:04,756] {taskinstance.py:1358} INFO - 
--------------------------------------------------------------------------------
[2022-07-30 18:39:04,776] {taskinstance.py:1377} INFO - Executing <Task(PostgresOperator): create_postgres_table> on 2022-01-30 00:00:00+00:00
[2022-07-30 18:39:04,783] {standard_task_runner.py:52} INFO - Started process 3632 to run task
[2022-07-30 18:39:04,790] {standard_task_runner.py:79} INFO - Running: ['***', 'tasks', 'run', 'dag_with_postgres_operator', 'create_postgres_table', 'scheduled__2022-01-30T00:00:00+00:00', '--job-id', '236', '--raw', '--subdir', 'DAGS_FOLDER/DAGWithPostgresOperator.py', '--cfg-path', '/tmp/tmpyqeh1tzi', '--error-file', '/tmp/tmpwp9k7k0a']
[2022-07-30 18:39:04,790] {standard_task_runner.py:80} INFO - Job 236: Subtask create_postgres_table
[2022-07-30 18:39:04,879] {task_command.py:369} INFO - Running <TaskInstance: dag_with_postgres_operator.create_postgres_table scheduled__2022-01-30T00:00:00+00:00 [running]> on host 66bf18ec08cc
[2022-07-30 18:39:04,985] {taskinstance.py:1571} INFO - Exporting the following env vars:
AIRFLOW_CTX_DAG_OWNER=yosr
AIRFLOW_CTX_DAG_ID=dag_with_postgres_operator
AIRFLOW_CTX_TASK_ID=create_postgres_table
AIRFLOW_CTX_EXECUTION_DATE=2022-01-30T00:00:00+00:00
AIRFLOW_CTX_TRY_NUMBER=3
AIRFLOW_CTX_DAG_RUN_ID=scheduled__2022-01-30T00:00:00+00:00
[2022-07-30 18:39:05,001] {base.py:68} INFO - Using connection ID 'postgres_localhost' for task execution.
[2022-07-30 18:39:05,002] {taskinstance.py:1889} ERROR - Task failed with exception
Traceback (most recent call last):
  File "/home/airflow/.local/lib/python3.7/site-packages/airflow/providers/postgres/operators/postgres.py", line 92, in execute
    self.hook.run(self.sql, self.autocommit, parameters=self.parameters)
  File "/home/airflow/.local/lib/python3.7/site-packages/airflow/hooks/dbapi.py", line 181, in run
    with closing(self.get_conn()) as conn:
  File "/home/airflow/.local/lib/python3.7/site-packages/airflow/providers/postgres/hooks/postgres.py", line 113, in get_conn
    self.conn = psycopg2.connect(**conn_args)
  File "/home/airflow/.local/lib/python3.7/site-packages/psycopg2/__init__.py", line 122, in connect
    conn = _connect(dsn, connection_factory=connection_factory, **kwasync)
psycopg2.OperationalError: could not translate host name "host.docker.internal " to address: Name or service not known

[2022-07-30 18:39:05,017] {taskinstance.py:1400} INFO - Marking task as UP_FOR_RETRY. dag_id=dag_with_postgres_operator, task_id=create_postgres_table, execution_date=20220130T000000, start_date=20220730T183904, end_date=20220730T183905
[2022-07-30 18:39:05,043] {standard_task_runner.py:97} ERROR - Failed to execute job 236 for task create_postgres_table (could not translate host name "host.docker.internal " to address: Name or service not known
; 3632)
[2022-07-30 18:39:05,088] {local_task_job.py:156} INFO - Task exited with return code 1
[2022-07-30 18:39:05,172] {local_task_job.py:273} INFO - 0 downstream tasks scheduled from follow-on schedule check
[2022-07-31 09:41:03,608] {taskinstance.py:1159} INFO - Dependencies all met for <TaskInstance: dag_with_postgres_operator.create_postgres_table scheduled__2022-01-30T00:00:00+00:00 [queued]>
[2022-07-31 09:41:03,791] {taskinstance.py:1159} INFO - Dependencies all met for <TaskInstance: dag_with_postgres_operator.create_postgres_table scheduled__2022-01-30T00:00:00+00:00 [queued]>
[2022-07-31 09:41:03,791] {taskinstance.py:1356} INFO - 
--------------------------------------------------------------------------------
[2022-07-31 09:41:03,791] {taskinstance.py:1357} INFO - Starting attempt 3 of 6
[2022-07-31 09:41:03,791] {taskinstance.py:1358} INFO - 
--------------------------------------------------------------------------------
[2022-07-31 09:41:03,937] {taskinstance.py:1377} INFO - Executing <Task(PostgresOperator): create_postgres_table> on 2022-01-30 00:00:00+00:00
[2022-07-31 09:41:03,956] {standard_task_runner.py:52} INFO - Started process 94 to run task
[2022-07-31 09:41:03,990] {standard_task_runner.py:79} INFO - Running: ['***', 'tasks', 'run', 'dag_with_postgres_operator', 'create_postgres_table', 'scheduled__2022-01-30T00:00:00+00:00', '--job-id', '1239', '--raw', '--subdir', 'DAGS_FOLDER/DAGWithPostgresOperator.py', '--cfg-path', '/tmp/tmp18wmse0k', '--error-file', '/tmp/tmpf_889gov']
[2022-07-31 09:41:03,991] {standard_task_runner.py:80} INFO - Job 1239: Subtask create_postgres_table
[2022-07-31 09:41:04,980] {task_command.py:369} INFO - Running <TaskInstance: dag_with_postgres_operator.create_postgres_table scheduled__2022-01-30T00:00:00+00:00 [running]> on host 66bf18ec08cc
[2022-07-31 09:41:05,658] {taskinstance.py:1571} INFO - Exporting the following env vars:
AIRFLOW_CTX_DAG_OWNER=yosr
AIRFLOW_CTX_DAG_ID=dag_with_postgres_operator
AIRFLOW_CTX_TASK_ID=create_postgres_table
AIRFLOW_CTX_EXECUTION_DATE=2022-01-30T00:00:00+00:00
AIRFLOW_CTX_TRY_NUMBER=3
AIRFLOW_CTX_DAG_RUN_ID=scheduled__2022-01-30T00:00:00+00:00
[2022-07-31 09:41:05,764] {base.py:68} INFO - Using connection ID 'postgres_localhost' for task execution.
[2022-07-31 09:41:05,767] {taskinstance.py:1889} ERROR - Task failed with exception
Traceback (most recent call last):
  File "/home/airflow/.local/lib/python3.7/site-packages/airflow/providers/postgres/operators/postgres.py", line 92, in execute
    self.hook.run(self.sql, self.autocommit, parameters=self.parameters)
  File "/home/airflow/.local/lib/python3.7/site-packages/airflow/hooks/dbapi.py", line 181, in run
    with closing(self.get_conn()) as conn:
  File "/home/airflow/.local/lib/python3.7/site-packages/airflow/providers/postgres/hooks/postgres.py", line 113, in get_conn
    self.conn = psycopg2.connect(**conn_args)
  File "/home/airflow/.local/lib/python3.7/site-packages/psycopg2/__init__.py", line 122, in connect
    conn = _connect(dsn, connection_factory=connection_factory, **kwasync)
psycopg2.OperationalError: could not translate host name "host.docker.local " to address: Name or service not known

[2022-07-31 09:41:05,823] {taskinstance.py:1400} INFO - Marking task as UP_FOR_RETRY. dag_id=dag_with_postgres_operator, task_id=create_postgres_table, execution_date=20220130T000000, start_date=20220731T094103, end_date=20220731T094105
[2022-07-31 09:41:05,893] {standard_task_runner.py:97} ERROR - Failed to execute job 1239 for task create_postgres_table (could not translate host name "host.docker.local " to address: Name or service not known
; 94)
[2022-07-31 09:41:06,005] {local_task_job.py:156} INFO - Task exited with return code 1
[2022-07-31 09:41:06,258] {local_task_job.py:273} INFO - 0 downstream tasks scheduled from follow-on schedule check
[2022-07-31 14:10:26,709] {taskinstance.py:1159} INFO - Dependencies all met for <TaskInstance: dag_with_postgres_operator.create_postgres_table scheduled__2022-01-30T00:00:00+00:00 [queued]>
[2022-07-31 14:10:26,729] {taskinstance.py:1159} INFO - Dependencies all met for <TaskInstance: dag_with_postgres_operator.create_postgres_table scheduled__2022-01-30T00:00:00+00:00 [queued]>
[2022-07-31 14:10:26,729] {taskinstance.py:1356} INFO - 
--------------------------------------------------------------------------------
[2022-07-31 14:10:26,729] {taskinstance.py:1357} INFO - Starting attempt 3 of 6
[2022-07-31 14:10:26,729] {taskinstance.py:1358} INFO - 
--------------------------------------------------------------------------------
[2022-07-31 14:10:26,755] {taskinstance.py:1377} INFO - Executing <Task(PostgresOperator): create_postgres_table> on 2022-01-30 00:00:00+00:00
[2022-07-31 14:10:26,761] {standard_task_runner.py:52} INFO - Started process 4037 to run task
[2022-07-31 14:10:26,765] {standard_task_runner.py:79} INFO - Running: ['***', 'tasks', 'run', 'dag_with_postgres_operator', 'create_postgres_table', 'scheduled__2022-01-30T00:00:00+00:00', '--job-id', '237', '--raw', '--subdir', 'DAGS_FOLDER/DAGWithPostgresOperator.py', '--cfg-path', '/tmp/tmpea_u784n', '--error-file', '/tmp/tmp576dwx8l']
[2022-07-31 14:10:26,766] {standard_task_runner.py:80} INFO - Job 237: Subtask create_postgres_table
[2022-07-31 14:10:26,868] {task_command.py:369} INFO - Running <TaskInstance: dag_with_postgres_operator.create_postgres_table scheduled__2022-01-30T00:00:00+00:00 [running]> on host 4688dd3b7141
[2022-07-31 14:10:26,988] {taskinstance.py:1571} INFO - Exporting the following env vars:
AIRFLOW_CTX_DAG_OWNER=yosr
AIRFLOW_CTX_DAG_ID=dag_with_postgres_operator
AIRFLOW_CTX_TASK_ID=create_postgres_table
AIRFLOW_CTX_EXECUTION_DATE=2022-01-30T00:00:00+00:00
AIRFLOW_CTX_TRY_NUMBER=3
AIRFLOW_CTX_DAG_RUN_ID=scheduled__2022-01-30T00:00:00+00:00
[2022-07-31 14:10:27,092] {taskinstance.py:1889} ERROR - Task failed with exception
Traceback (most recent call last):
  File "/home/airflow/.local/lib/python3.7/site-packages/airflow/providers/postgres/operators/postgres.py", line 92, in execute
    self.hook.run(self.sql, self.autocommit, parameters=self.parameters)
  File "/home/airflow/.local/lib/python3.7/site-packages/airflow/hooks/dbapi.py", line 181, in run
    with closing(self.get_conn()) as conn:
  File "/home/airflow/.local/lib/python3.7/site-packages/airflow/providers/postgres/hooks/postgres.py", line 86, in get_conn
    conn = deepcopy(self.connection or self.get_connection(conn_id))
  File "/home/airflow/.local/lib/python3.7/site-packages/airflow/hooks/base.py", line 67, in get_connection
    conn = Connection.get_connection_from_secrets(conn_id)
  File "/home/airflow/.local/lib/python3.7/site-packages/airflow/models/connection.py", line 430, in get_connection_from_secrets
    raise AirflowNotFoundException(f"The conn_id `{conn_id}` isn't defined")
airflow.exceptions.AirflowNotFoundException: The conn_id `postgres_localhost` isn't defined
[2022-07-31 14:10:27,098] {taskinstance.py:1400} INFO - Marking task as UP_FOR_RETRY. dag_id=dag_with_postgres_operator, task_id=create_postgres_table, execution_date=20220130T000000, start_date=20220731T141026, end_date=20220731T141027
[2022-07-31 14:10:27,118] {standard_task_runner.py:97} ERROR - Failed to execute job 237 for task create_postgres_table (The conn_id `postgres_localhost` isn't defined; 4037)
[2022-07-31 14:10:27,147] {local_task_job.py:156} INFO - Task exited with return code 1
[2022-07-31 14:10:27,204] {local_task_job.py:273} INFO - 0 downstream tasks scheduled from follow-on schedule check
