[2022-07-30 18:49:07,597] {taskinstance.py:1159} INFO - Dependencies all met for <TaskInstance: dag_with_postgres_operator.create_postgres_table scheduled__2022-01-30T00:00:00+00:00 [queued]>
[2022-07-30 18:49:07,617] {taskinstance.py:1159} INFO - Dependencies all met for <TaskInstance: dag_with_postgres_operator.create_postgres_table scheduled__2022-01-30T00:00:00+00:00 [queued]>
[2022-07-30 18:49:07,617] {taskinstance.py:1356} INFO - 
--------------------------------------------------------------------------------
[2022-07-30 18:49:07,618] {taskinstance.py:1357} INFO - Starting attempt 5 of 6
[2022-07-30 18:49:07,618] {taskinstance.py:1358} INFO - 
--------------------------------------------------------------------------------
[2022-07-30 18:49:07,645] {taskinstance.py:1377} INFO - Executing <Task(PostgresOperator): create_postgres_table> on 2022-01-30 00:00:00+00:00
[2022-07-30 18:49:07,652] {standard_task_runner.py:52} INFO - Started process 4163 to run task
[2022-07-30 18:49:07,656] {standard_task_runner.py:79} INFO - Running: ['***', 'tasks', 'run', 'dag_with_postgres_operator', 'create_postgres_table', 'scheduled__2022-01-30T00:00:00+00:00', '--job-id', '270', '--raw', '--subdir', 'DAGS_FOLDER/DAGWithPostgresOperator.py', '--cfg-path', '/tmp/tmpiac2cl1d', '--error-file', '/tmp/tmph6k6187o']
[2022-07-30 18:49:07,657] {standard_task_runner.py:80} INFO - Job 270: Subtask create_postgres_table
[2022-07-30 18:49:07,745] {task_command.py:369} INFO - Running <TaskInstance: dag_with_postgres_operator.create_postgres_table scheduled__2022-01-30T00:00:00+00:00 [running]> on host 66bf18ec08cc
[2022-07-30 18:49:07,868] {taskinstance.py:1571} INFO - Exporting the following env vars:
AIRFLOW_CTX_DAG_OWNER=yosr
AIRFLOW_CTX_DAG_ID=dag_with_postgres_operator
AIRFLOW_CTX_TASK_ID=create_postgres_table
AIRFLOW_CTX_EXECUTION_DATE=2022-01-30T00:00:00+00:00
AIRFLOW_CTX_TRY_NUMBER=5
AIRFLOW_CTX_DAG_RUN_ID=scheduled__2022-01-30T00:00:00+00:00
[2022-07-30 18:49:07,885] {base.py:68} INFO - Using connection ID 'postgres_localhost' for task execution.
[2022-07-30 18:49:07,888] {taskinstance.py:1889} ERROR - Task failed with exception
Traceback (most recent call last):
  File "/home/airflow/.local/lib/python3.7/site-packages/airflow/providers/postgres/operators/postgres.py", line 92, in execute
    self.hook.run(self.sql, self.autocommit, parameters=self.parameters)
  File "/home/airflow/.local/lib/python3.7/site-packages/airflow/hooks/dbapi.py", line 181, in run
    with closing(self.get_conn()) as conn:
  File "/home/airflow/.local/lib/python3.7/site-packages/airflow/providers/postgres/hooks/postgres.py", line 113, in get_conn
    self.conn = psycopg2.connect(**conn_args)
  File "/home/airflow/.local/lib/python3.7/site-packages/psycopg2/__init__.py", line 122, in connect
    conn = _connect(dsn, connection_factory=connection_factory, **kwasync)
psycopg2.OperationalError: could not translate host name "host.docker.internal " to address: Name or service not known

[2022-07-30 18:49:07,907] {taskinstance.py:1400} INFO - Marking task as UP_FOR_RETRY. dag_id=dag_with_postgres_operator, task_id=create_postgres_table, execution_date=20220130T000000, start_date=20220730T184907, end_date=20220730T184907
[2022-07-30 18:49:07,938] {standard_task_runner.py:97} ERROR - Failed to execute job 270 for task create_postgres_table (could not translate host name "host.docker.internal " to address: Name or service not known
; 4163)
[2022-07-30 18:49:07,960] {local_task_job.py:156} INFO - Task exited with return code 1
[2022-07-30 18:49:08,087] {local_task_job.py:273} INFO - 0 downstream tasks scheduled from follow-on schedule check
[2022-07-31 09:51:10,196] {taskinstance.py:1159} INFO - Dependencies all met for <TaskInstance: dag_with_postgres_operator.create_postgres_table scheduled__2022-01-30T00:00:00+00:00 [queued]>
[2022-07-31 09:51:10,245] {taskinstance.py:1159} INFO - Dependencies all met for <TaskInstance: dag_with_postgres_operator.create_postgres_table scheduled__2022-01-30T00:00:00+00:00 [queued]>
[2022-07-31 09:51:10,245] {taskinstance.py:1356} INFO - 
--------------------------------------------------------------------------------
[2022-07-31 09:51:10,245] {taskinstance.py:1357} INFO - Starting attempt 5 of 6
[2022-07-31 09:51:10,245] {taskinstance.py:1358} INFO - 
--------------------------------------------------------------------------------
[2022-07-31 09:51:10,293] {taskinstance.py:1377} INFO - Executing <Task(PostgresOperator): create_postgres_table> on 2022-01-30 00:00:00+00:00
[2022-07-31 09:51:10,300] {standard_task_runner.py:52} INFO - Started process 633 to run task
[2022-07-31 09:51:10,322] {standard_task_runner.py:79} INFO - Running: ['***', 'tasks', 'run', 'dag_with_postgres_operator', 'create_postgres_table', 'scheduled__2022-01-30T00:00:00+00:00', '--job-id', '1277', '--raw', '--subdir', 'DAGS_FOLDER/DAGWithPostgresOperator.py', '--cfg-path', '/tmp/tmp0041t1cq', '--error-file', '/tmp/tmp2wp2s0pd']
[2022-07-31 09:51:10,323] {standard_task_runner.py:80} INFO - Job 1277: Subtask create_postgres_table
[2022-07-31 09:51:10,779] {task_command.py:369} INFO - Running <TaskInstance: dag_with_postgres_operator.create_postgres_table scheduled__2022-01-30T00:00:00+00:00 [running]> on host 66bf18ec08cc
[2022-07-31 09:51:11,280] {taskinstance.py:1571} INFO - Exporting the following env vars:
AIRFLOW_CTX_DAG_OWNER=yosr
AIRFLOW_CTX_DAG_ID=dag_with_postgres_operator
AIRFLOW_CTX_TASK_ID=create_postgres_table
AIRFLOW_CTX_EXECUTION_DATE=2022-01-30T00:00:00+00:00
AIRFLOW_CTX_TRY_NUMBER=5
AIRFLOW_CTX_DAG_RUN_ID=scheduled__2022-01-30T00:00:00+00:00
[2022-07-31 09:51:11,320] {base.py:68} INFO - Using connection ID 'postgres_localhost' for task execution.
[2022-07-31 09:51:11,321] {taskinstance.py:1889} ERROR - Task failed with exception
Traceback (most recent call last):
  File "/home/airflow/.local/lib/python3.7/site-packages/airflow/providers/postgres/operators/postgres.py", line 92, in execute
    self.hook.run(self.sql, self.autocommit, parameters=self.parameters)
  File "/home/airflow/.local/lib/python3.7/site-packages/airflow/hooks/dbapi.py", line 181, in run
    with closing(self.get_conn()) as conn:
  File "/home/airflow/.local/lib/python3.7/site-packages/airflow/providers/postgres/hooks/postgres.py", line 113, in get_conn
    self.conn = psycopg2.connect(**conn_args)
  File "/home/airflow/.local/lib/python3.7/site-packages/psycopg2/__init__.py", line 122, in connect
    conn = _connect(dsn, connection_factory=connection_factory, **kwasync)
psycopg2.OperationalError: could not translate host name "host.docker.local " to address: Name or service not known

[2022-07-31 09:51:11,372] {taskinstance.py:1400} INFO - Marking task as UP_FOR_RETRY. dag_id=dag_with_postgres_operator, task_id=create_postgres_table, execution_date=20220130T000000, start_date=20220731T095110, end_date=20220731T095111
[2022-07-31 09:51:11,454] {standard_task_runner.py:97} ERROR - Failed to execute job 1277 for task create_postgres_table (could not translate host name "host.docker.local " to address: Name or service not known
; 633)
[2022-07-31 09:51:11,498] {local_task_job.py:156} INFO - Task exited with return code 1
[2022-07-31 09:51:11,606] {local_task_job.py:273} INFO - 0 downstream tasks scheduled from follow-on schedule check
[2022-07-31 14:20:28,666] {taskinstance.py:1159} INFO - Dependencies all met for <TaskInstance: dag_with_postgres_operator.create_postgres_table scheduled__2022-01-30T00:00:00+00:00 [queued]>
[2022-07-31 14:20:28,682] {taskinstance.py:1159} INFO - Dependencies all met for <TaskInstance: dag_with_postgres_operator.create_postgres_table scheduled__2022-01-30T00:00:00+00:00 [queued]>
[2022-07-31 14:20:28,683] {taskinstance.py:1356} INFO - 
--------------------------------------------------------------------------------
[2022-07-31 14:20:28,683] {taskinstance.py:1357} INFO - Starting attempt 5 of 6
[2022-07-31 14:20:28,683] {taskinstance.py:1358} INFO - 
--------------------------------------------------------------------------------
[2022-07-31 14:20:28,705] {taskinstance.py:1377} INFO - Executing <Task(PostgresOperator): create_postgres_table> on 2022-01-30 00:00:00+00:00
[2022-07-31 14:20:28,710] {standard_task_runner.py:52} INFO - Started process 4561 to run task
[2022-07-31 14:20:28,714] {standard_task_runner.py:79} INFO - Running: ['***', 'tasks', 'run', 'dag_with_postgres_operator', 'create_postgres_table', 'scheduled__2022-01-30T00:00:00+00:00', '--job-id', '269', '--raw', '--subdir', 'DAGS_FOLDER/DAGWithPostgresOperator.py', '--cfg-path', '/tmp/tmpxkevlb4d', '--error-file', '/tmp/tmpq_hsqcs9']
[2022-07-31 14:20:28,715] {standard_task_runner.py:80} INFO - Job 269: Subtask create_postgres_table
[2022-07-31 14:20:28,813] {task_command.py:369} INFO - Running <TaskInstance: dag_with_postgres_operator.create_postgres_table scheduled__2022-01-30T00:00:00+00:00 [running]> on host 4688dd3b7141
[2022-07-31 14:20:28,921] {taskinstance.py:1571} INFO - Exporting the following env vars:
AIRFLOW_CTX_DAG_OWNER=yosr
AIRFLOW_CTX_DAG_ID=dag_with_postgres_operator
AIRFLOW_CTX_TASK_ID=create_postgres_table
AIRFLOW_CTX_EXECUTION_DATE=2022-01-30T00:00:00+00:00
AIRFLOW_CTX_TRY_NUMBER=5
AIRFLOW_CTX_DAG_RUN_ID=scheduled__2022-01-30T00:00:00+00:00
[2022-07-31 14:20:29,106] {taskinstance.py:1889} ERROR - Task failed with exception
Traceback (most recent call last):
  File "/home/airflow/.local/lib/python3.7/site-packages/airflow/providers/postgres/operators/postgres.py", line 92, in execute
    self.hook.run(self.sql, self.autocommit, parameters=self.parameters)
  File "/home/airflow/.local/lib/python3.7/site-packages/airflow/hooks/dbapi.py", line 181, in run
    with closing(self.get_conn()) as conn:
  File "/home/airflow/.local/lib/python3.7/site-packages/airflow/providers/postgres/hooks/postgres.py", line 86, in get_conn
    conn = deepcopy(self.connection or self.get_connection(conn_id))
  File "/home/airflow/.local/lib/python3.7/site-packages/airflow/hooks/base.py", line 67, in get_connection
    conn = Connection.get_connection_from_secrets(conn_id)
  File "/home/airflow/.local/lib/python3.7/site-packages/airflow/models/connection.py", line 430, in get_connection_from_secrets
    raise AirflowNotFoundException(f"The conn_id `{conn_id}` isn't defined")
airflow.exceptions.AirflowNotFoundException: The conn_id `postgres_localhost` isn't defined
[2022-07-31 14:20:29,111] {taskinstance.py:1400} INFO - Marking task as UP_FOR_RETRY. dag_id=dag_with_postgres_operator, task_id=create_postgres_table, execution_date=20220130T000000, start_date=20220731T142028, end_date=20220731T142029
[2022-07-31 14:20:29,132] {standard_task_runner.py:97} ERROR - Failed to execute job 269 for task create_postgres_table (The conn_id `postgres_localhost` isn't defined; 4561)
[2022-07-31 14:20:29,174] {local_task_job.py:156} INFO - Task exited with return code 1
[2022-07-31 14:20:29,226] {local_task_job.py:273} INFO - 0 downstream tasks scheduled from follow-on schedule check
