[2022-07-29 11:56:32,212] {taskinstance.py:1159} INFO - Dependencies all met for <TaskInstance: dag_with_taskflow_api.get_age scheduled__2021-12-17T00:00:00+00:00 [queued]>
[2022-07-29 11:56:32,227] {taskinstance.py:1159} INFO - Dependencies all met for <TaskInstance: dag_with_taskflow_api.get_age scheduled__2021-12-17T00:00:00+00:00 [queued]>
[2022-07-29 11:56:32,228] {taskinstance.py:1356} INFO - 
--------------------------------------------------------------------------------
[2022-07-29 11:56:32,228] {taskinstance.py:1357} INFO - Starting attempt 1 of 6
[2022-07-29 11:56:32,228] {taskinstance.py:1358} INFO - 
--------------------------------------------------------------------------------
[2022-07-29 11:56:32,248] {taskinstance.py:1377} INFO - Executing <Task(_PythonDecoratedOperator): get_age> on 2021-12-17 00:00:00+00:00
[2022-07-29 11:56:32,255] {standard_task_runner.py:52} INFO - Started process 8464 to run task
[2022-07-29 11:56:32,262] {standard_task_runner.py:79} INFO - Running: ['***', 'tasks', 'run', 'dag_with_taskflow_api', 'get_age', 'scheduled__2021-12-17T00:00:00+00:00', '--job-id', '1451', '--raw', '--subdir', 'DAGS_FOLDER/DagWithTaskflowApi.py', '--cfg-path', '/tmp/tmp1txhuc2s', '--error-file', '/tmp/tmp0qb3poyq']
[2022-07-29 11:56:32,263] {standard_task_runner.py:80} INFO - Job 1451: Subtask get_age
[2022-07-29 11:56:32,353] {task_command.py:369} INFO - Running <TaskInstance: dag_with_taskflow_api.get_age scheduled__2021-12-17T00:00:00+00:00 [running]> on host 9f0f006fc89d
[2022-07-29 11:56:32,449] {taskinstance.py:1571} INFO - Exporting the following env vars:
AIRFLOW_CTX_DAG_OWNER=yosr
AIRFLOW_CTX_DAG_ID=dag_with_taskflow_api
AIRFLOW_CTX_TASK_ID=get_age
AIRFLOW_CTX_EXECUTION_DATE=2021-12-17T00:00:00+00:00
AIRFLOW_CTX_TRY_NUMBER=1
AIRFLOW_CTX_DAG_RUN_ID=scheduled__2021-12-17T00:00:00+00:00
[2022-07-29 11:56:32,450] {python.py:173} INFO - Done. Returned value was: 19
[2022-07-29 11:56:32,491] {taskinstance.py:1400} INFO - Marking task as SUCCESS. dag_id=dag_with_taskflow_api, task_id=get_age, execution_date=20211217T000000, start_date=20220729T115632, end_date=20220729T115632
[2022-07-29 11:56:32,525] {local_task_job.py:156} INFO - Task exited with return code 0
[2022-07-29 11:56:32,576] {local_task_job.py:273} INFO - 1 downstream tasks scheduled from follow-on schedule check
