[2022-07-29 11:40:58,243] {taskinstance.py:1159} INFO - Dependencies all met for <TaskInstance: dag_with_python_operator.greet scheduled__2021-10-17T00:00:00+00:00 [queued]>
[2022-07-29 11:40:58,259] {taskinstance.py:1159} INFO - Dependencies all met for <TaskInstance: dag_with_python_operator.greet scheduled__2021-10-17T00:00:00+00:00 [queued]>
[2022-07-29 11:40:58,260] {taskinstance.py:1356} INFO - 
--------------------------------------------------------------------------------
[2022-07-29 11:40:58,260] {taskinstance.py:1357} INFO - Starting attempt 1 of 6
[2022-07-29 11:40:58,260] {taskinstance.py:1358} INFO - 
--------------------------------------------------------------------------------
[2022-07-29 11:40:58,285] {taskinstance.py:1377} INFO - Executing <Task(PythonOperator): greet> on 2021-10-17 00:00:00+00:00
[2022-07-29 11:40:58,289] {standard_task_runner.py:52} INFO - Started process 5747 to run task
[2022-07-29 11:40:58,292] {standard_task_runner.py:79} INFO - Running: ['***', 'tasks', 'run', 'dag_with_python_operator', 'greet', 'scheduled__2021-10-17T00:00:00+00:00', '--job-id', '439', '--raw', '--subdir', 'DAGS_FOLDER/CreateDagWithPythonOperator.py', '--cfg-path', '/tmp/tmpzof7r99u', '--error-file', '/tmp/tmpce08ivff']
[2022-07-29 11:40:58,292] {standard_task_runner.py:80} INFO - Job 439: Subtask greet
[2022-07-29 11:40:58,366] {task_command.py:369} INFO - Running <TaskInstance: dag_with_python_operator.greet scheduled__2021-10-17T00:00:00+00:00 [running]> on host 9f0f006fc89d
[2022-07-29 11:40:58,456] {taskinstance.py:1571} INFO - Exporting the following env vars:
AIRFLOW_CTX_DAG_OWNER=yosr
AIRFLOW_CTX_DAG_ID=dag_with_python_operator
AIRFLOW_CTX_TASK_ID=greet
AIRFLOW_CTX_EXECUTION_DATE=2021-10-17T00:00:00+00:00
AIRFLOW_CTX_TRY_NUMBER=1
AIRFLOW_CTX_DAG_RUN_ID=scheduled__2021-10-17T00:00:00+00:00
[2022-07-29 11:40:58,457] {logging_mixin.py:115} INFO - some dict:  {'a': 1, 'b': 2}
[2022-07-29 11:40:58,491] {logging_mixin.py:115} INFO - Hello World! My name is Jerry Fridman, and I am 19 years old!
[2022-07-29 11:40:58,492] {python.py:173} INFO - Done. Returned value was: None
[2022-07-29 11:40:58,509] {taskinstance.py:1400} INFO - Marking task as SUCCESS. dag_id=dag_with_python_operator, task_id=greet, execution_date=20211017T000000, start_date=20220729T114058, end_date=20220729T114058
[2022-07-29 11:40:58,551] {local_task_job.py:156} INFO - Task exited with return code 0
[2022-07-29 11:40:58,593] {local_task_job.py:273} INFO - 0 downstream tasks scheduled from follow-on schedule check
