[2022-07-30 18:08:51,911] {taskinstance.py:1159} INFO - Dependencies all met for <TaskInstance: dag_with_postgres_operator.create_postgres_table scheduled__2022-01-19T00:00:00+00:00 [queued]>
[2022-07-30 18:08:51,925] {taskinstance.py:1159} INFO - Dependencies all met for <TaskInstance: dag_with_postgres_operator.create_postgres_table scheduled__2022-01-19T00:00:00+00:00 [queued]>
[2022-07-30 18:08:51,925] {taskinstance.py:1356} INFO - 
--------------------------------------------------------------------------------
[2022-07-30 18:08:51,925] {taskinstance.py:1357} INFO - Starting attempt 2 of 6
[2022-07-30 18:08:51,926] {taskinstance.py:1358} INFO - 
--------------------------------------------------------------------------------
[2022-07-30 18:08:51,946] {taskinstance.py:1377} INFO - Executing <Task(PostgresOperator): create_postgres_table> on 2022-01-19 00:00:00+00:00
[2022-07-30 18:08:51,950] {standard_task_runner.py:52} INFO - Started process 2021 to run task
[2022-07-30 18:08:51,953] {standard_task_runner.py:79} INFO - Running: ['***', 'tasks', 'run', 'dag_with_postgres_operator', 'create_postgres_table', 'scheduled__2022-01-19T00:00:00+00:00', '--job-id', '130', '--raw', '--subdir', 'DAGS_FOLDER/DAGWithPostgresOperator.py', '--cfg-path', '/tmp/tmpwbsx3qz2', '--error-file', '/tmp/tmp4tnh2oer']
[2022-07-30 18:08:51,954] {standard_task_runner.py:80} INFO - Job 130: Subtask create_postgres_table
[2022-07-30 18:08:52,020] {task_command.py:369} INFO - Running <TaskInstance: dag_with_postgres_operator.create_postgres_table scheduled__2022-01-19T00:00:00+00:00 [running]> on host 66bf18ec08cc
[2022-07-30 18:08:52,102] {taskinstance.py:1571} INFO - Exporting the following env vars:
AIRFLOW_CTX_DAG_OWNER=yosr
AIRFLOW_CTX_DAG_ID=dag_with_postgres_operator
AIRFLOW_CTX_TASK_ID=create_postgres_table
AIRFLOW_CTX_EXECUTION_DATE=2022-01-19T00:00:00+00:00
AIRFLOW_CTX_TRY_NUMBER=2
AIRFLOW_CTX_DAG_RUN_ID=scheduled__2022-01-19T00:00:00+00:00
[2022-07-30 18:08:52,114] {base.py:68} INFO - Using connection ID 'postgres_localhost' for task execution.
[2022-07-30 18:08:52,115] {taskinstance.py:1889} ERROR - Task failed with exception
Traceback (most recent call last):
  File "/home/airflow/.local/lib/python3.7/site-packages/airflow/providers/postgres/operators/postgres.py", line 92, in execute
    self.hook.run(self.sql, self.autocommit, parameters=self.parameters)
  File "/home/airflow/.local/lib/python3.7/site-packages/airflow/hooks/dbapi.py", line 181, in run
    with closing(self.get_conn()) as conn:
  File "/home/airflow/.local/lib/python3.7/site-packages/airflow/providers/postgres/hooks/postgres.py", line 113, in get_conn
    self.conn = psycopg2.connect(**conn_args)
  File "/home/airflow/.local/lib/python3.7/site-packages/psycopg2/__init__.py", line 122, in connect
    conn = _connect(dsn, connection_factory=connection_factory, **kwasync)
psycopg2.OperationalError: could not translate host name "host.docker.internal " to address: Name or service not known

[2022-07-30 18:08:52,125] {taskinstance.py:1400} INFO - Marking task as UP_FOR_RETRY. dag_id=dag_with_postgres_operator, task_id=create_postgres_table, execution_date=20220119T000000, start_date=20220730T180851, end_date=20220730T180852
[2022-07-30 18:08:52,138] {standard_task_runner.py:97} ERROR - Failed to execute job 130 for task create_postgres_table (could not translate host name "host.docker.internal " to address: Name or service not known
; 2021)
[2022-07-30 18:08:52,171] {local_task_job.py:156} INFO - Task exited with return code 1
[2022-07-30 18:08:52,215] {local_task_job.py:273} INFO - 0 downstream tasks scheduled from follow-on schedule check
[2022-07-31 00:15:06,174] {taskinstance.py:1159} INFO - Dependencies all met for <TaskInstance: dag_with_postgres_operator.create_postgres_table scheduled__2022-01-19T00:00:00+00:00 [queued]>
[2022-07-31 00:15:06,193] {taskinstance.py:1159} INFO - Dependencies all met for <TaskInstance: dag_with_postgres_operator.create_postgres_table scheduled__2022-01-19T00:00:00+00:00 [queued]>
[2022-07-31 00:15:06,193] {taskinstance.py:1356} INFO - 
--------------------------------------------------------------------------------
[2022-07-31 00:15:06,193] {taskinstance.py:1357} INFO - Starting attempt 2 of 6
[2022-07-31 00:15:06,193] {taskinstance.py:1358} INFO - 
--------------------------------------------------------------------------------
[2022-07-31 00:15:06,213] {taskinstance.py:1377} INFO - Executing <Task(PostgresOperator): create_postgres_table> on 2022-01-19 00:00:00+00:00
[2022-07-31 00:15:06,218] {standard_task_runner.py:52} INFO - Started process 5939 to run task
[2022-07-31 00:15:06,220] {standard_task_runner.py:79} INFO - Running: ['***', 'tasks', 'run', 'dag_with_postgres_operator', 'create_postgres_table', 'scheduled__2022-01-19T00:00:00+00:00', '--job-id', '1138', '--raw', '--subdir', 'DAGS_FOLDER/DAGWithPostgresOperator.py', '--cfg-path', '/tmp/tmpemc9ra4t', '--error-file', '/tmp/tmps0czjnun']
[2022-07-31 00:15:06,221] {standard_task_runner.py:80} INFO - Job 1138: Subtask create_postgres_table
[2022-07-31 00:15:06,281] {task_command.py:369} INFO - Running <TaskInstance: dag_with_postgres_operator.create_postgres_table scheduled__2022-01-19T00:00:00+00:00 [running]> on host 66bf18ec08cc
[2022-07-31 00:15:06,362] {taskinstance.py:1571} INFO - Exporting the following env vars:
AIRFLOW_CTX_DAG_OWNER=yosr
AIRFLOW_CTX_DAG_ID=dag_with_postgres_operator
AIRFLOW_CTX_TASK_ID=create_postgres_table
AIRFLOW_CTX_EXECUTION_DATE=2022-01-19T00:00:00+00:00
AIRFLOW_CTX_TRY_NUMBER=2
AIRFLOW_CTX_DAG_RUN_ID=scheduled__2022-01-19T00:00:00+00:00
[2022-07-31 00:15:06,375] {base.py:68} INFO - Using connection ID 'postgres_localhost' for task execution.
[2022-07-31 00:15:06,377] {taskinstance.py:1889} ERROR - Task failed with exception
Traceback (most recent call last):
  File "/home/airflow/.local/lib/python3.7/site-packages/airflow/providers/postgres/operators/postgres.py", line 92, in execute
    self.hook.run(self.sql, self.autocommit, parameters=self.parameters)
  File "/home/airflow/.local/lib/python3.7/site-packages/airflow/hooks/dbapi.py", line 181, in run
    with closing(self.get_conn()) as conn:
  File "/home/airflow/.local/lib/python3.7/site-packages/airflow/providers/postgres/hooks/postgres.py", line 113, in get_conn
    self.conn = psycopg2.connect(**conn_args)
  File "/home/airflow/.local/lib/python3.7/site-packages/psycopg2/__init__.py", line 122, in connect
    conn = _connect(dsn, connection_factory=connection_factory, **kwasync)
psycopg2.OperationalError: could not translate host name "host.docker.local " to address: Name or service not known

[2022-07-31 00:15:06,395] {taskinstance.py:1400} INFO - Marking task as UP_FOR_RETRY. dag_id=dag_with_postgres_operator, task_id=create_postgres_table, execution_date=20220119T000000, start_date=20220731T001506, end_date=20220731T001506
[2022-07-31 00:15:06,409] {standard_task_runner.py:97} ERROR - Failed to execute job 1138 for task create_postgres_table (could not translate host name "host.docker.local " to address: Name or service not known
; 5939)
[2022-07-31 00:15:06,439] {local_task_job.py:156} INFO - Task exited with return code 1
[2022-07-31 00:15:06,485] {local_task_job.py:273} INFO - 0 downstream tasks scheduled from follow-on schedule check
[2022-07-31 11:21:42,698] {taskinstance.py:1159} INFO - Dependencies all met for <TaskInstance: dag_with_postgres_operator.create_postgres_table scheduled__2022-01-19T00:00:00+00:00 [queued]>
[2022-07-31 11:21:42,715] {taskinstance.py:1159} INFO - Dependencies all met for <TaskInstance: dag_with_postgres_operator.create_postgres_table scheduled__2022-01-19T00:00:00+00:00 [queued]>
[2022-07-31 11:21:42,715] {taskinstance.py:1356} INFO - 
--------------------------------------------------------------------------------
[2022-07-31 11:21:42,715] {taskinstance.py:1357} INFO - Starting attempt 2 of 6
[2022-07-31 11:21:42,715] {taskinstance.py:1358} INFO - 
--------------------------------------------------------------------------------
[2022-07-31 11:21:42,734] {taskinstance.py:1377} INFO - Executing <Task(PostgresOperator): create_postgres_table> on 2022-01-19 00:00:00+00:00
[2022-07-31 11:21:42,737] {standard_task_runner.py:52} INFO - Started process 5489 to run task
[2022-07-31 11:21:42,740] {standard_task_runner.py:79} INFO - Running: ['***', 'tasks', 'run', 'dag_with_postgres_operator', 'create_postgres_table', 'scheduled__2022-01-19T00:00:00+00:00', '--job-id', '1622', '--raw', '--subdir', 'DAGS_FOLDER/DAGWithPostgresOperator.py', '--cfg-path', '/tmp/tmp5xriqsku', '--error-file', '/tmp/tmplqyqy2u1']
[2022-07-31 11:21:42,740] {standard_task_runner.py:80} INFO - Job 1622: Subtask create_postgres_table
[2022-07-31 11:21:42,805] {task_command.py:369} INFO - Running <TaskInstance: dag_with_postgres_operator.create_postgres_table scheduled__2022-01-19T00:00:00+00:00 [running]> on host 66bf18ec08cc
[2022-07-31 11:21:42,896] {taskinstance.py:1571} INFO - Exporting the following env vars:
AIRFLOW_CTX_DAG_OWNER=yosr
AIRFLOW_CTX_DAG_ID=dag_with_postgres_operator
AIRFLOW_CTX_TASK_ID=create_postgres_table
AIRFLOW_CTX_EXECUTION_DATE=2022-01-19T00:00:00+00:00
AIRFLOW_CTX_TRY_NUMBER=2
AIRFLOW_CTX_DAG_RUN_ID=scheduled__2022-01-19T00:00:00+00:00
[2022-07-31 11:21:42,909] {base.py:68} INFO - Using connection ID 'postgres_localhost' for task execution.
[2022-07-31 11:22:07,931] {taskinstance.py:1889} ERROR - Task failed with exception
Traceback (most recent call last):
  File "/home/airflow/.local/lib/python3.7/site-packages/airflow/providers/postgres/operators/postgres.py", line 92, in execute
    self.hook.run(self.sql, self.autocommit, parameters=self.parameters)
  File "/home/airflow/.local/lib/python3.7/site-packages/airflow/hooks/dbapi.py", line 181, in run
    with closing(self.get_conn()) as conn:
  File "/home/airflow/.local/lib/python3.7/site-packages/airflow/providers/postgres/hooks/postgres.py", line 113, in get_conn
    self.conn = psycopg2.connect(**conn_args)
  File "/home/airflow/.local/lib/python3.7/site-packages/psycopg2/__init__.py", line 122, in connect
    conn = _connect(dsn, connection_factory=connection_factory, **kwasync)
psycopg2.OperationalError: could not translate host name "host.docker.internal" to address: Temporary failure in name resolution

[2022-07-31 11:22:07,941] {taskinstance.py:1400} INFO - Marking task as UP_FOR_RETRY. dag_id=dag_with_postgres_operator, task_id=create_postgres_table, execution_date=20220119T000000, start_date=20220731T112142, end_date=20220731T112207
[2022-07-31 11:22:07,954] {standard_task_runner.py:97} ERROR - Failed to execute job 1622 for task create_postgres_table (could not translate host name "host.docker.internal" to address: Temporary failure in name resolution
; 5489)
[2022-07-31 11:22:07,962] {local_task_job.py:156} INFO - Task exited with return code 1
[2022-07-31 11:22:07,995] {local_task_job.py:273} INFO - 0 downstream tasks scheduled from follow-on schedule check
[2022-07-31 13:40:11,764] {taskinstance.py:1159} INFO - Dependencies all met for <TaskInstance: dag_with_postgres_operator.create_postgres_table scheduled__2022-01-19T00:00:00+00:00 [queued]>
[2022-07-31 13:40:11,787] {taskinstance.py:1159} INFO - Dependencies all met for <TaskInstance: dag_with_postgres_operator.create_postgres_table scheduled__2022-01-19T00:00:00+00:00 [queued]>
[2022-07-31 13:40:11,787] {taskinstance.py:1356} INFO - 
--------------------------------------------------------------------------------
[2022-07-31 13:40:11,787] {taskinstance.py:1357} INFO - Starting attempt 2 of 6
[2022-07-31 13:40:11,787] {taskinstance.py:1358} INFO - 
--------------------------------------------------------------------------------
[2022-07-31 13:40:11,810] {taskinstance.py:1377} INFO - Executing <Task(PostgresOperator): create_postgres_table> on 2022-01-19 00:00:00+00:00
[2022-07-31 13:40:11,815] {standard_task_runner.py:52} INFO - Started process 2413 to run task
[2022-07-31 13:40:11,818] {standard_task_runner.py:79} INFO - Running: ['***', 'tasks', 'run', 'dag_with_postgres_operator', 'create_postgres_table', 'scheduled__2022-01-19T00:00:00+00:00', '--job-id', '130', '--raw', '--subdir', 'DAGS_FOLDER/DAGWithPostgresOperator.py', '--cfg-path', '/tmp/tmpmrr47lm7', '--error-file', '/tmp/tmpksc9_ew2']
[2022-07-31 13:40:11,819] {standard_task_runner.py:80} INFO - Job 130: Subtask create_postgres_table
[2022-07-31 13:40:11,899] {task_command.py:369} INFO - Running <TaskInstance: dag_with_postgres_operator.create_postgres_table scheduled__2022-01-19T00:00:00+00:00 [running]> on host 4688dd3b7141
[2022-07-31 13:40:11,994] {taskinstance.py:1571} INFO - Exporting the following env vars:
AIRFLOW_CTX_DAG_OWNER=yosr
AIRFLOW_CTX_DAG_ID=dag_with_postgres_operator
AIRFLOW_CTX_TASK_ID=create_postgres_table
AIRFLOW_CTX_EXECUTION_DATE=2022-01-19T00:00:00+00:00
AIRFLOW_CTX_TRY_NUMBER=2
AIRFLOW_CTX_DAG_RUN_ID=scheduled__2022-01-19T00:00:00+00:00
[2022-07-31 13:40:12,027] {taskinstance.py:1889} ERROR - Task failed with exception
Traceback (most recent call last):
  File "/home/airflow/.local/lib/python3.7/site-packages/airflow/providers/postgres/operators/postgres.py", line 92, in execute
    self.hook.run(self.sql, self.autocommit, parameters=self.parameters)
  File "/home/airflow/.local/lib/python3.7/site-packages/airflow/hooks/dbapi.py", line 181, in run
    with closing(self.get_conn()) as conn:
  File "/home/airflow/.local/lib/python3.7/site-packages/airflow/providers/postgres/hooks/postgres.py", line 86, in get_conn
    conn = deepcopy(self.connection or self.get_connection(conn_id))
  File "/home/airflow/.local/lib/python3.7/site-packages/airflow/hooks/base.py", line 67, in get_connection
    conn = Connection.get_connection_from_secrets(conn_id)
  File "/home/airflow/.local/lib/python3.7/site-packages/airflow/models/connection.py", line 430, in get_connection_from_secrets
    raise AirflowNotFoundException(f"The conn_id `{conn_id}` isn't defined")
airflow.exceptions.AirflowNotFoundException: The conn_id `postgres_localhost` isn't defined
[2022-07-31 13:40:12,031] {taskinstance.py:1400} INFO - Marking task as UP_FOR_RETRY. dag_id=dag_with_postgres_operator, task_id=create_postgres_table, execution_date=20220119T000000, start_date=20220731T134011, end_date=20220731T134012
[2022-07-31 13:40:12,048] {standard_task_runner.py:97} ERROR - Failed to execute job 130 for task create_postgres_table (The conn_id `postgres_localhost` isn't defined; 2413)
[2022-07-31 13:40:12,076] {local_task_job.py:156} INFO - Task exited with return code 1
[2022-07-31 13:40:12,118] {local_task_job.py:273} INFO - 0 downstream tasks scheduled from follow-on schedule check
