[2022-07-30 18:13:52,898] {taskinstance.py:1159} INFO - Dependencies all met for <TaskInstance: dag_with_postgres_operator.create_postgres_table scheduled__2022-01-19T00:00:00+00:00 [queued]>
[2022-07-30 18:13:52,913] {taskinstance.py:1159} INFO - Dependencies all met for <TaskInstance: dag_with_postgres_operator.create_postgres_table scheduled__2022-01-19T00:00:00+00:00 [queued]>
[2022-07-30 18:13:52,913] {taskinstance.py:1356} INFO - 
--------------------------------------------------------------------------------
[2022-07-30 18:13:52,913] {taskinstance.py:1357} INFO - Starting attempt 3 of 6
[2022-07-30 18:13:52,913] {taskinstance.py:1358} INFO - 
--------------------------------------------------------------------------------
[2022-07-30 18:13:52,935] {taskinstance.py:1377} INFO - Executing <Task(PostgresOperator): create_postgres_table> on 2022-01-19 00:00:00+00:00
[2022-07-30 18:13:52,939] {standard_task_runner.py:52} INFO - Started process 2289 to run task
[2022-07-30 18:13:52,942] {standard_task_runner.py:79} INFO - Running: ['***', 'tasks', 'run', 'dag_with_postgres_operator', 'create_postgres_table', 'scheduled__2022-01-19T00:00:00+00:00', '--job-id', '146', '--raw', '--subdir', 'DAGS_FOLDER/DAGWithPostgresOperator.py', '--cfg-path', '/tmp/tmp0sgol0zs', '--error-file', '/tmp/tmpyu5gms8p']
[2022-07-30 18:13:52,943] {standard_task_runner.py:80} INFO - Job 146: Subtask create_postgres_table
[2022-07-30 18:13:53,007] {task_command.py:369} INFO - Running <TaskInstance: dag_with_postgres_operator.create_postgres_table scheduled__2022-01-19T00:00:00+00:00 [running]> on host 66bf18ec08cc
[2022-07-30 18:13:53,086] {taskinstance.py:1571} INFO - Exporting the following env vars:
AIRFLOW_CTX_DAG_OWNER=yosr
AIRFLOW_CTX_DAG_ID=dag_with_postgres_operator
AIRFLOW_CTX_TASK_ID=create_postgres_table
AIRFLOW_CTX_EXECUTION_DATE=2022-01-19T00:00:00+00:00
AIRFLOW_CTX_TRY_NUMBER=3
AIRFLOW_CTX_DAG_RUN_ID=scheduled__2022-01-19T00:00:00+00:00
[2022-07-30 18:13:53,098] {base.py:68} INFO - Using connection ID 'postgres_localhost' for task execution.
[2022-07-30 18:13:53,099] {taskinstance.py:1889} ERROR - Task failed with exception
Traceback (most recent call last):
  File "/home/airflow/.local/lib/python3.7/site-packages/airflow/providers/postgres/operators/postgres.py", line 92, in execute
    self.hook.run(self.sql, self.autocommit, parameters=self.parameters)
  File "/home/airflow/.local/lib/python3.7/site-packages/airflow/hooks/dbapi.py", line 181, in run
    with closing(self.get_conn()) as conn:
  File "/home/airflow/.local/lib/python3.7/site-packages/airflow/providers/postgres/hooks/postgres.py", line 113, in get_conn
    self.conn = psycopg2.connect(**conn_args)
  File "/home/airflow/.local/lib/python3.7/site-packages/psycopg2/__init__.py", line 122, in connect
    conn = _connect(dsn, connection_factory=connection_factory, **kwasync)
psycopg2.OperationalError: could not translate host name "host.docker.internal " to address: Name or service not known

[2022-07-30 18:13:53,110] {taskinstance.py:1400} INFO - Marking task as UP_FOR_RETRY. dag_id=dag_with_postgres_operator, task_id=create_postgres_table, execution_date=20220119T000000, start_date=20220730T181352, end_date=20220730T181353
[2022-07-30 18:13:53,127] {standard_task_runner.py:97} ERROR - Failed to execute job 146 for task create_postgres_table (could not translate host name "host.docker.internal " to address: Name or service not known
; 2289)
[2022-07-30 18:13:53,160] {local_task_job.py:156} INFO - Task exited with return code 1
[2022-07-30 18:13:53,204] {local_task_job.py:273} INFO - 0 downstream tasks scheduled from follow-on schedule check
[2022-07-31 00:20:07,213] {taskinstance.py:1159} INFO - Dependencies all met for <TaskInstance: dag_with_postgres_operator.create_postgres_table scheduled__2022-01-19T00:00:00+00:00 [queued]>
[2022-07-31 00:20:07,230] {taskinstance.py:1159} INFO - Dependencies all met for <TaskInstance: dag_with_postgres_operator.create_postgres_table scheduled__2022-01-19T00:00:00+00:00 [queued]>
[2022-07-31 00:20:07,230] {taskinstance.py:1356} INFO - 
--------------------------------------------------------------------------------
[2022-07-31 00:20:07,230] {taskinstance.py:1357} INFO - Starting attempt 3 of 6
[2022-07-31 00:20:07,230] {taskinstance.py:1358} INFO - 
--------------------------------------------------------------------------------
[2022-07-31 00:20:07,248] {taskinstance.py:1377} INFO - Executing <Task(PostgresOperator): create_postgres_table> on 2022-01-19 00:00:00+00:00
[2022-07-31 00:20:07,252] {standard_task_runner.py:52} INFO - Started process 6206 to run task
[2022-07-31 00:20:07,255] {standard_task_runner.py:79} INFO - Running: ['***', 'tasks', 'run', 'dag_with_postgres_operator', 'create_postgres_table', 'scheduled__2022-01-19T00:00:00+00:00', '--job-id', '1154', '--raw', '--subdir', 'DAGS_FOLDER/DAGWithPostgresOperator.py', '--cfg-path', '/tmp/tmp8_6o0ixd', '--error-file', '/tmp/tmp0ale72z7']
[2022-07-31 00:20:07,256] {standard_task_runner.py:80} INFO - Job 1154: Subtask create_postgres_table
[2022-07-31 00:20:07,313] {task_command.py:369} INFO - Running <TaskInstance: dag_with_postgres_operator.create_postgres_table scheduled__2022-01-19T00:00:00+00:00 [running]> on host 66bf18ec08cc
[2022-07-31 00:20:07,388] {taskinstance.py:1571} INFO - Exporting the following env vars:
AIRFLOW_CTX_DAG_OWNER=yosr
AIRFLOW_CTX_DAG_ID=dag_with_postgres_operator
AIRFLOW_CTX_TASK_ID=create_postgres_table
AIRFLOW_CTX_EXECUTION_DATE=2022-01-19T00:00:00+00:00
AIRFLOW_CTX_TRY_NUMBER=3
AIRFLOW_CTX_DAG_RUN_ID=scheduled__2022-01-19T00:00:00+00:00
[2022-07-31 00:20:07,400] {base.py:68} INFO - Using connection ID 'postgres_localhost' for task execution.
[2022-07-31 00:20:07,400] {taskinstance.py:1889} ERROR - Task failed with exception
Traceback (most recent call last):
  File "/home/airflow/.local/lib/python3.7/site-packages/airflow/providers/postgres/operators/postgres.py", line 92, in execute
    self.hook.run(self.sql, self.autocommit, parameters=self.parameters)
  File "/home/airflow/.local/lib/python3.7/site-packages/airflow/hooks/dbapi.py", line 181, in run
    with closing(self.get_conn()) as conn:
  File "/home/airflow/.local/lib/python3.7/site-packages/airflow/providers/postgres/hooks/postgres.py", line 113, in get_conn
    self.conn = psycopg2.connect(**conn_args)
  File "/home/airflow/.local/lib/python3.7/site-packages/psycopg2/__init__.py", line 122, in connect
    conn = _connect(dsn, connection_factory=connection_factory, **kwasync)
psycopg2.OperationalError: could not translate host name "host.docker.local " to address: Name or service not known

[2022-07-31 00:20:07,411] {taskinstance.py:1400} INFO - Marking task as UP_FOR_RETRY. dag_id=dag_with_postgres_operator, task_id=create_postgres_table, execution_date=20220119T000000, start_date=20220731T002007, end_date=20220731T002007
[2022-07-31 00:20:07,423] {standard_task_runner.py:97} ERROR - Failed to execute job 1154 for task create_postgres_table (could not translate host name "host.docker.local " to address: Name or service not known
; 6206)
[2022-07-31 00:20:07,432] {local_task_job.py:156} INFO - Task exited with return code 1
[2022-07-31 00:20:07,476] {local_task_job.py:273} INFO - 0 downstream tasks scheduled from follow-on schedule check
[2022-07-31 11:27:09,034] {taskinstance.py:1159} INFO - Dependencies all met for <TaskInstance: dag_with_postgres_operator.create_postgres_table scheduled__2022-01-19T00:00:00+00:00 [queued]>
[2022-07-31 11:27:09,051] {taskinstance.py:1159} INFO - Dependencies all met for <TaskInstance: dag_with_postgres_operator.create_postgres_table scheduled__2022-01-19T00:00:00+00:00 [queued]>
[2022-07-31 11:27:09,051] {taskinstance.py:1356} INFO - 
--------------------------------------------------------------------------------
[2022-07-31 11:27:09,051] {taskinstance.py:1357} INFO - Starting attempt 3 of 6
[2022-07-31 11:27:09,051] {taskinstance.py:1358} INFO - 
--------------------------------------------------------------------------------
[2022-07-31 11:27:09,070] {taskinstance.py:1377} INFO - Executing <Task(PostgresOperator): create_postgres_table> on 2022-01-19 00:00:00+00:00
[2022-07-31 11:27:09,074] {standard_task_runner.py:52} INFO - Started process 5776 to run task
[2022-07-31 11:27:09,076] {standard_task_runner.py:79} INFO - Running: ['***', 'tasks', 'run', 'dag_with_postgres_operator', 'create_postgres_table', 'scheduled__2022-01-19T00:00:00+00:00', '--job-id', '1638', '--raw', '--subdir', 'DAGS_FOLDER/DAGWithPostgresOperator.py', '--cfg-path', '/tmp/tmpw166m209', '--error-file', '/tmp/tmp0yn3pcob']
[2022-07-31 11:27:09,077] {standard_task_runner.py:80} INFO - Job 1638: Subtask create_postgres_table
[2022-07-31 11:27:09,137] {task_command.py:369} INFO - Running <TaskInstance: dag_with_postgres_operator.create_postgres_table scheduled__2022-01-19T00:00:00+00:00 [running]> on host 66bf18ec08cc
[2022-07-31 11:27:09,219] {taskinstance.py:1571} INFO - Exporting the following env vars:
AIRFLOW_CTX_DAG_OWNER=yosr
AIRFLOW_CTX_DAG_ID=dag_with_postgres_operator
AIRFLOW_CTX_TASK_ID=create_postgres_table
AIRFLOW_CTX_EXECUTION_DATE=2022-01-19T00:00:00+00:00
AIRFLOW_CTX_TRY_NUMBER=3
AIRFLOW_CTX_DAG_RUN_ID=scheduled__2022-01-19T00:00:00+00:00
[2022-07-31 11:27:09,229] {base.py:68} INFO - Using connection ID 'postgres_localhost' for task execution.
[2022-07-31 11:27:34,249] {taskinstance.py:1889} ERROR - Task failed with exception
Traceback (most recent call last):
  File "/home/airflow/.local/lib/python3.7/site-packages/airflow/providers/postgres/operators/postgres.py", line 92, in execute
    self.hook.run(self.sql, self.autocommit, parameters=self.parameters)
  File "/home/airflow/.local/lib/python3.7/site-packages/airflow/hooks/dbapi.py", line 181, in run
    with closing(self.get_conn()) as conn:
  File "/home/airflow/.local/lib/python3.7/site-packages/airflow/providers/postgres/hooks/postgres.py", line 113, in get_conn
    self.conn = psycopg2.connect(**conn_args)
  File "/home/airflow/.local/lib/python3.7/site-packages/psycopg2/__init__.py", line 122, in connect
    conn = _connect(dsn, connection_factory=connection_factory, **kwasync)
psycopg2.OperationalError: could not translate host name "host.docker.internal" to address: Temporary failure in name resolution

[2022-07-31 11:27:34,260] {taskinstance.py:1400} INFO - Marking task as UP_FOR_RETRY. dag_id=dag_with_postgres_operator, task_id=create_postgres_table, execution_date=20220119T000000, start_date=20220731T112709, end_date=20220731T112734
[2022-07-31 11:27:34,322] {standard_task_runner.py:97} ERROR - Failed to execute job 1638 for task create_postgres_table (could not translate host name "host.docker.internal" to address: Temporary failure in name resolution
; 5776)
[2022-07-31 11:27:34,336] {local_task_job.py:156} INFO - Task exited with return code 1
[2022-07-31 11:27:34,367] {local_task_job.py:273} INFO - 0 downstream tasks scheduled from follow-on schedule check
[2022-07-31 13:45:12,572] {taskinstance.py:1159} INFO - Dependencies all met for <TaskInstance: dag_with_postgres_operator.create_postgres_table scheduled__2022-01-19T00:00:00+00:00 [queued]>
[2022-07-31 13:45:12,587] {taskinstance.py:1159} INFO - Dependencies all met for <TaskInstance: dag_with_postgres_operator.create_postgres_table scheduled__2022-01-19T00:00:00+00:00 [queued]>
[2022-07-31 13:45:12,588] {taskinstance.py:1356} INFO - 
--------------------------------------------------------------------------------
[2022-07-31 13:45:12,588] {taskinstance.py:1357} INFO - Starting attempt 3 of 6
[2022-07-31 13:45:12,588] {taskinstance.py:1358} INFO - 
--------------------------------------------------------------------------------
[2022-07-31 13:45:12,609] {taskinstance.py:1377} INFO - Executing <Task(PostgresOperator): create_postgres_table> on 2022-01-19 00:00:00+00:00
[2022-07-31 13:45:12,613] {standard_task_runner.py:52} INFO - Started process 2679 to run task
[2022-07-31 13:45:12,617] {standard_task_runner.py:79} INFO - Running: ['***', 'tasks', 'run', 'dag_with_postgres_operator', 'create_postgres_table', 'scheduled__2022-01-19T00:00:00+00:00', '--job-id', '145', '--raw', '--subdir', 'DAGS_FOLDER/DAGWithPostgresOperator.py', '--cfg-path', '/tmp/tmpgikvb532', '--error-file', '/tmp/tmplrliopls']
[2022-07-31 13:45:12,617] {standard_task_runner.py:80} INFO - Job 145: Subtask create_postgres_table
[2022-07-31 13:45:12,698] {task_command.py:369} INFO - Running <TaskInstance: dag_with_postgres_operator.create_postgres_table scheduled__2022-01-19T00:00:00+00:00 [running]> on host 4688dd3b7141
[2022-07-31 13:45:12,794] {taskinstance.py:1571} INFO - Exporting the following env vars:
AIRFLOW_CTX_DAG_OWNER=yosr
AIRFLOW_CTX_DAG_ID=dag_with_postgres_operator
AIRFLOW_CTX_TASK_ID=create_postgres_table
AIRFLOW_CTX_EXECUTION_DATE=2022-01-19T00:00:00+00:00
AIRFLOW_CTX_TRY_NUMBER=3
AIRFLOW_CTX_DAG_RUN_ID=scheduled__2022-01-19T00:00:00+00:00
[2022-07-31 13:45:12,826] {taskinstance.py:1889} ERROR - Task failed with exception
Traceback (most recent call last):
  File "/home/airflow/.local/lib/python3.7/site-packages/airflow/providers/postgres/operators/postgres.py", line 92, in execute
    self.hook.run(self.sql, self.autocommit, parameters=self.parameters)
  File "/home/airflow/.local/lib/python3.7/site-packages/airflow/hooks/dbapi.py", line 181, in run
    with closing(self.get_conn()) as conn:
  File "/home/airflow/.local/lib/python3.7/site-packages/airflow/providers/postgres/hooks/postgres.py", line 86, in get_conn
    conn = deepcopy(self.connection or self.get_connection(conn_id))
  File "/home/airflow/.local/lib/python3.7/site-packages/airflow/hooks/base.py", line 67, in get_connection
    conn = Connection.get_connection_from_secrets(conn_id)
  File "/home/airflow/.local/lib/python3.7/site-packages/airflow/models/connection.py", line 430, in get_connection_from_secrets
    raise AirflowNotFoundException(f"The conn_id `{conn_id}` isn't defined")
airflow.exceptions.AirflowNotFoundException: The conn_id `postgres_localhost` isn't defined
[2022-07-31 13:45:12,832] {taskinstance.py:1400} INFO - Marking task as UP_FOR_RETRY. dag_id=dag_with_postgres_operator, task_id=create_postgres_table, execution_date=20220119T000000, start_date=20220731T134512, end_date=20220731T134512
[2022-07-31 13:45:12,847] {standard_task_runner.py:97} ERROR - Failed to execute job 145 for task create_postgres_table (The conn_id `postgres_localhost` isn't defined; 2679)
[2022-07-31 13:45:12,875] {local_task_job.py:156} INFO - Task exited with return code 1
[2022-07-31 13:45:12,921] {local_task_job.py:273} INFO - 0 downstream tasks scheduled from follow-on schedule check
