[2022-07-30 18:03:50,978] {taskinstance.py:1159} INFO - Dependencies all met for <TaskInstance: dag_with_postgres_operator.create_postgres_table scheduled__2022-01-19T00:00:00+00:00 [queued]>
[2022-07-30 18:03:50,993] {taskinstance.py:1159} INFO - Dependencies all met for <TaskInstance: dag_with_postgres_operator.create_postgres_table scheduled__2022-01-19T00:00:00+00:00 [queued]>
[2022-07-30 18:03:50,993] {taskinstance.py:1356} INFO - 
--------------------------------------------------------------------------------
[2022-07-30 18:03:50,993] {taskinstance.py:1357} INFO - Starting attempt 1 of 6
[2022-07-30 18:03:50,993] {taskinstance.py:1358} INFO - 
--------------------------------------------------------------------------------
[2022-07-30 18:03:51,017] {taskinstance.py:1377} INFO - Executing <Task(PostgresOperator): create_postgres_table> on 2022-01-19 00:00:00+00:00
[2022-07-30 18:03:51,022] {standard_task_runner.py:52} INFO - Started process 1753 to run task
[2022-07-30 18:03:51,025] {standard_task_runner.py:79} INFO - Running: ['***', 'tasks', 'run', 'dag_with_postgres_operator', 'create_postgres_table', 'scheduled__2022-01-19T00:00:00+00:00', '--job-id', '114', '--raw', '--subdir', 'DAGS_FOLDER/DAGWithPostgresOperator.py', '--cfg-path', '/tmp/tmpyo9fg288', '--error-file', '/tmp/tmpl8fz9zwa']
[2022-07-30 18:03:51,025] {standard_task_runner.py:80} INFO - Job 114: Subtask create_postgres_table
[2022-07-30 18:03:51,104] {task_command.py:369} INFO - Running <TaskInstance: dag_with_postgres_operator.create_postgres_table scheduled__2022-01-19T00:00:00+00:00 [running]> on host 66bf18ec08cc
[2022-07-30 18:03:51,221] {taskinstance.py:1571} INFO - Exporting the following env vars:
AIRFLOW_CTX_DAG_OWNER=yosr
AIRFLOW_CTX_DAG_ID=dag_with_postgres_operator
AIRFLOW_CTX_TASK_ID=create_postgres_table
AIRFLOW_CTX_EXECUTION_DATE=2022-01-19T00:00:00+00:00
AIRFLOW_CTX_TRY_NUMBER=1
AIRFLOW_CTX_DAG_RUN_ID=scheduled__2022-01-19T00:00:00+00:00
[2022-07-30 18:03:51,233] {base.py:68} INFO - Using connection ID 'postgres_localhost' for task execution.
[2022-07-30 18:03:51,234] {taskinstance.py:1889} ERROR - Task failed with exception
Traceback (most recent call last):
  File "/home/airflow/.local/lib/python3.7/site-packages/airflow/providers/postgres/operators/postgres.py", line 92, in execute
    self.hook.run(self.sql, self.autocommit, parameters=self.parameters)
  File "/home/airflow/.local/lib/python3.7/site-packages/airflow/hooks/dbapi.py", line 181, in run
    with closing(self.get_conn()) as conn:
  File "/home/airflow/.local/lib/python3.7/site-packages/airflow/providers/postgres/hooks/postgres.py", line 113, in get_conn
    self.conn = psycopg2.connect(**conn_args)
  File "/home/airflow/.local/lib/python3.7/site-packages/psycopg2/__init__.py", line 122, in connect
    conn = _connect(dsn, connection_factory=connection_factory, **kwasync)
psycopg2.OperationalError: could not translate host name "host.docker.internal " to address: Name or service not known

[2022-07-30 18:03:51,247] {taskinstance.py:1400} INFO - Marking task as UP_FOR_RETRY. dag_id=dag_with_postgres_operator, task_id=create_postgres_table, execution_date=20220119T000000, start_date=20220730T180350, end_date=20220730T180351
[2022-07-30 18:03:51,264] {standard_task_runner.py:97} ERROR - Failed to execute job 114 for task create_postgres_table (could not translate host name "host.docker.internal " to address: Name or service not known
; 1753)
[2022-07-30 18:03:51,284] {local_task_job.py:156} INFO - Task exited with return code 1
[2022-07-30 18:03:51,336] {local_task_job.py:273} INFO - 0 downstream tasks scheduled from follow-on schedule check
[2022-07-31 00:10:05,319] {taskinstance.py:1159} INFO - Dependencies all met for <TaskInstance: dag_with_postgres_operator.create_postgres_table scheduled__2022-01-19T00:00:00+00:00 [queued]>
[2022-07-31 00:10:05,339] {taskinstance.py:1159} INFO - Dependencies all met for <TaskInstance: dag_with_postgres_operator.create_postgres_table scheduled__2022-01-19T00:00:00+00:00 [queued]>
[2022-07-31 00:10:05,339] {taskinstance.py:1356} INFO - 
--------------------------------------------------------------------------------
[2022-07-31 00:10:05,340] {taskinstance.py:1357} INFO - Starting attempt 1 of 6
[2022-07-31 00:10:05,340] {taskinstance.py:1358} INFO - 
--------------------------------------------------------------------------------
[2022-07-31 00:10:05,365] {taskinstance.py:1377} INFO - Executing <Task(PostgresOperator): create_postgres_table> on 2022-01-19 00:00:00+00:00
[2022-07-31 00:10:05,371] {standard_task_runner.py:52} INFO - Started process 5681 to run task
[2022-07-31 00:10:05,375] {standard_task_runner.py:79} INFO - Running: ['***', 'tasks', 'run', 'dag_with_postgres_operator', 'create_postgres_table', 'scheduled__2022-01-19T00:00:00+00:00', '--job-id', '1122', '--raw', '--subdir', 'DAGS_FOLDER/DAGWithPostgresOperator.py', '--cfg-path', '/tmp/tmprx4cmxps', '--error-file', '/tmp/tmpxyl2_f1j']
[2022-07-31 00:10:05,376] {standard_task_runner.py:80} INFO - Job 1122: Subtask create_postgres_table
[2022-07-31 00:10:05,461] {task_command.py:369} INFO - Running <TaskInstance: dag_with_postgres_operator.create_postgres_table scheduled__2022-01-19T00:00:00+00:00 [running]> on host 66bf18ec08cc
[2022-07-31 00:10:05,565] {taskinstance.py:1571} INFO - Exporting the following env vars:
AIRFLOW_CTX_DAG_OWNER=yosr
AIRFLOW_CTX_DAG_ID=dag_with_postgres_operator
AIRFLOW_CTX_TASK_ID=create_postgres_table
AIRFLOW_CTX_EXECUTION_DATE=2022-01-19T00:00:00+00:00
AIRFLOW_CTX_TRY_NUMBER=1
AIRFLOW_CTX_DAG_RUN_ID=scheduled__2022-01-19T00:00:00+00:00
[2022-07-31 00:10:05,579] {base.py:68} INFO - Using connection ID 'postgres_localhost' for task execution.
[2022-07-31 00:10:05,580] {taskinstance.py:1889} ERROR - Task failed with exception
Traceback (most recent call last):
  File "/home/airflow/.local/lib/python3.7/site-packages/airflow/providers/postgres/operators/postgres.py", line 92, in execute
    self.hook.run(self.sql, self.autocommit, parameters=self.parameters)
  File "/home/airflow/.local/lib/python3.7/site-packages/airflow/hooks/dbapi.py", line 181, in run
    with closing(self.get_conn()) as conn:
  File "/home/airflow/.local/lib/python3.7/site-packages/airflow/providers/postgres/hooks/postgres.py", line 113, in get_conn
    self.conn = psycopg2.connect(**conn_args)
  File "/home/airflow/.local/lib/python3.7/site-packages/psycopg2/__init__.py", line 122, in connect
    conn = _connect(dsn, connection_factory=connection_factory, **kwasync)
psycopg2.OperationalError: could not translate host name "host.docker.local " to address: Name or service not known

[2022-07-31 00:10:05,597] {taskinstance.py:1400} INFO - Marking task as UP_FOR_RETRY. dag_id=dag_with_postgres_operator, task_id=create_postgres_table, execution_date=20220119T000000, start_date=20220731T001005, end_date=20220731T001005
[2022-07-31 00:10:05,617] {standard_task_runner.py:97} ERROR - Failed to execute job 1122 for task create_postgres_table (could not translate host name "host.docker.local " to address: Name or service not known
; 5681)
[2022-07-31 00:10:05,644] {local_task_job.py:156} INFO - Task exited with return code 1
[2022-07-31 00:10:05,698] {local_task_job.py:273} INFO - 0 downstream tasks scheduled from follow-on schedule check
[2022-07-31 11:16:23,059] {taskinstance.py:1159} INFO - Dependencies all met for <TaskInstance: dag_with_postgres_operator.create_postgres_table scheduled__2022-01-19T00:00:00+00:00 [queued]>
[2022-07-31 11:16:23,077] {taskinstance.py:1159} INFO - Dependencies all met for <TaskInstance: dag_with_postgres_operator.create_postgres_table scheduled__2022-01-19T00:00:00+00:00 [queued]>
[2022-07-31 11:16:23,077] {taskinstance.py:1356} INFO - 
--------------------------------------------------------------------------------
[2022-07-31 11:16:23,077] {taskinstance.py:1357} INFO - Starting attempt 1 of 6
[2022-07-31 11:16:23,077] {taskinstance.py:1358} INFO - 
--------------------------------------------------------------------------------
[2022-07-31 11:16:23,095] {taskinstance.py:1377} INFO - Executing <Task(PostgresOperator): create_postgres_table> on 2022-01-19 00:00:00+00:00
[2022-07-31 11:16:23,100] {standard_task_runner.py:52} INFO - Started process 5213 to run task
[2022-07-31 11:16:23,103] {standard_task_runner.py:79} INFO - Running: ['***', 'tasks', 'run', 'dag_with_postgres_operator', 'create_postgres_table', 'scheduled__2022-01-19T00:00:00+00:00', '--job-id', '1606', '--raw', '--subdir', 'DAGS_FOLDER/DAGWithPostgresOperator.py', '--cfg-path', '/tmp/tmpjkqeaeme', '--error-file', '/tmp/tmpmrz64voy']
[2022-07-31 11:16:23,103] {standard_task_runner.py:80} INFO - Job 1606: Subtask create_postgres_table
[2022-07-31 11:16:23,171] {task_command.py:369} INFO - Running <TaskInstance: dag_with_postgres_operator.create_postgres_table scheduled__2022-01-19T00:00:00+00:00 [running]> on host 66bf18ec08cc
[2022-07-31 11:16:23,259] {taskinstance.py:1571} INFO - Exporting the following env vars:
AIRFLOW_CTX_DAG_OWNER=yosr
AIRFLOW_CTX_DAG_ID=dag_with_postgres_operator
AIRFLOW_CTX_TASK_ID=create_postgres_table
AIRFLOW_CTX_EXECUTION_DATE=2022-01-19T00:00:00+00:00
AIRFLOW_CTX_TRY_NUMBER=1
AIRFLOW_CTX_DAG_RUN_ID=scheduled__2022-01-19T00:00:00+00:00
[2022-07-31 11:16:23,270] {base.py:68} INFO - Using connection ID 'postgres_localhost' for task execution.
[2022-07-31 11:16:41,156] {taskinstance.py:1889} ERROR - Task failed with exception
Traceback (most recent call last):
  File "/home/airflow/.local/lib/python3.7/site-packages/airflow/providers/postgres/operators/postgres.py", line 92, in execute
    self.hook.run(self.sql, self.autocommit, parameters=self.parameters)
  File "/home/airflow/.local/lib/python3.7/site-packages/airflow/hooks/dbapi.py", line 181, in run
    with closing(self.get_conn()) as conn:
  File "/home/airflow/.local/lib/python3.7/site-packages/airflow/providers/postgres/hooks/postgres.py", line 113, in get_conn
    self.conn = psycopg2.connect(**conn_args)
  File "/home/airflow/.local/lib/python3.7/site-packages/psycopg2/__init__.py", line 122, in connect
    conn = _connect(dsn, connection_factory=connection_factory, **kwasync)
psycopg2.OperationalError: could not translate host name "host.docker.internal" to address: No address associated with hostname

[2022-07-31 11:16:41,168] {taskinstance.py:1400} INFO - Marking task as UP_FOR_RETRY. dag_id=dag_with_postgres_operator, task_id=create_postgres_table, execution_date=20220119T000000, start_date=20220731T111623, end_date=20220731T111641
[2022-07-31 11:16:41,187] {standard_task_runner.py:97} ERROR - Failed to execute job 1606 for task create_postgres_table (could not translate host name "host.docker.internal" to address: No address associated with hostname
; 5213)
[2022-07-31 11:16:41,204] {local_task_job.py:156} INFO - Task exited with return code 1
[2022-07-31 11:16:41,237] {local_task_job.py:273} INFO - 0 downstream tasks scheduled from follow-on schedule check
[2022-07-31 13:35:10,774] {taskinstance.py:1159} INFO - Dependencies all met for <TaskInstance: dag_with_postgres_operator.create_postgres_table scheduled__2022-01-19T00:00:00+00:00 [queued]>
[2022-07-31 13:35:10,797] {taskinstance.py:1159} INFO - Dependencies all met for <TaskInstance: dag_with_postgres_operator.create_postgres_table scheduled__2022-01-19T00:00:00+00:00 [queued]>
[2022-07-31 13:35:10,797] {taskinstance.py:1356} INFO - 
--------------------------------------------------------------------------------
[2022-07-31 13:35:10,797] {taskinstance.py:1357} INFO - Starting attempt 1 of 6
[2022-07-31 13:35:10,798] {taskinstance.py:1358} INFO - 
--------------------------------------------------------------------------------
[2022-07-31 13:35:10,821] {taskinstance.py:1377} INFO - Executing <Task(PostgresOperator): create_postgres_table> on 2022-01-19 00:00:00+00:00
[2022-07-31 13:35:10,827] {standard_task_runner.py:52} INFO - Started process 2153 to run task
[2022-07-31 13:35:10,830] {standard_task_runner.py:79} INFO - Running: ['***', 'tasks', 'run', 'dag_with_postgres_operator', 'create_postgres_table', 'scheduled__2022-01-19T00:00:00+00:00', '--job-id', '114', '--raw', '--subdir', 'DAGS_FOLDER/DAGWithPostgresOperator.py', '--cfg-path', '/tmp/tmp6d2kadsu', '--error-file', '/tmp/tmpq4na53ap']
[2022-07-31 13:35:10,830] {standard_task_runner.py:80} INFO - Job 114: Subtask create_postgres_table
[2022-07-31 13:35:10,910] {task_command.py:369} INFO - Running <TaskInstance: dag_with_postgres_operator.create_postgres_table scheduled__2022-01-19T00:00:00+00:00 [running]> on host 4688dd3b7141
[2022-07-31 13:35:11,010] {taskinstance.py:1571} INFO - Exporting the following env vars:
AIRFLOW_CTX_DAG_OWNER=yosr
AIRFLOW_CTX_DAG_ID=dag_with_postgres_operator
AIRFLOW_CTX_TASK_ID=create_postgres_table
AIRFLOW_CTX_EXECUTION_DATE=2022-01-19T00:00:00+00:00
AIRFLOW_CTX_TRY_NUMBER=1
AIRFLOW_CTX_DAG_RUN_ID=scheduled__2022-01-19T00:00:00+00:00
[2022-07-31 13:35:11,044] {taskinstance.py:1889} ERROR - Task failed with exception
Traceback (most recent call last):
  File "/home/airflow/.local/lib/python3.7/site-packages/airflow/providers/postgres/operators/postgres.py", line 92, in execute
    self.hook.run(self.sql, self.autocommit, parameters=self.parameters)
  File "/home/airflow/.local/lib/python3.7/site-packages/airflow/hooks/dbapi.py", line 181, in run
    with closing(self.get_conn()) as conn:
  File "/home/airflow/.local/lib/python3.7/site-packages/airflow/providers/postgres/hooks/postgres.py", line 86, in get_conn
    conn = deepcopy(self.connection or self.get_connection(conn_id))
  File "/home/airflow/.local/lib/python3.7/site-packages/airflow/hooks/base.py", line 67, in get_connection
    conn = Connection.get_connection_from_secrets(conn_id)
  File "/home/airflow/.local/lib/python3.7/site-packages/airflow/models/connection.py", line 430, in get_connection_from_secrets
    raise AirflowNotFoundException(f"The conn_id `{conn_id}` isn't defined")
airflow.exceptions.AirflowNotFoundException: The conn_id `postgres_localhost` isn't defined
[2022-07-31 13:35:11,048] {taskinstance.py:1400} INFO - Marking task as UP_FOR_RETRY. dag_id=dag_with_postgres_operator, task_id=create_postgres_table, execution_date=20220119T000000, start_date=20220731T133510, end_date=20220731T133511
[2022-07-31 13:35:11,064] {standard_task_runner.py:97} ERROR - Failed to execute job 114 for task create_postgres_table (The conn_id `postgres_localhost` isn't defined; 2153)
[2022-07-31 13:35:11,090] {local_task_job.py:156} INFO - Task exited with return code 1
[2022-07-31 13:35:11,129] {local_task_job.py:273} INFO - 0 downstream tasks scheduled from follow-on schedule check
