[2022-07-29 11:44:40,659] {taskinstance.py:1159} INFO - Dependencies all met for <TaskInstance: dag_with_python_operator.greet scheduled__2022-06-02T00:00:00+00:00 [queued]>
[2022-07-29 11:44:40,680] {taskinstance.py:1159} INFO - Dependencies all met for <TaskInstance: dag_with_python_operator.greet scheduled__2022-06-02T00:00:00+00:00 [queued]>
[2022-07-29 11:44:40,681] {taskinstance.py:1356} INFO - 
--------------------------------------------------------------------------------
[2022-07-29 11:44:40,681] {taskinstance.py:1357} INFO - Starting attempt 1 of 6
[2022-07-29 11:44:40,681] {taskinstance.py:1358} INFO - 
--------------------------------------------------------------------------------
[2022-07-29 11:44:40,704] {taskinstance.py:1377} INFO - Executing <Task(PythonOperator): greet> on 2022-06-02 00:00:00+00:00
[2022-07-29 11:44:40,709] {standard_task_runner.py:52} INFO - Started process 7288 to run task
[2022-07-29 11:44:40,713] {standard_task_runner.py:79} INFO - Running: ['***', 'tasks', 'run', 'dag_with_python_operator', 'greet', 'scheduled__2022-06-02T00:00:00+00:00', '--job-id', '1130', '--raw', '--subdir', 'DAGS_FOLDER/CreateDagWithPythonOperator.py', '--cfg-path', '/tmp/tmpluwskdit', '--error-file', '/tmp/tmpvk5u2t9z']
[2022-07-29 11:44:40,714] {standard_task_runner.py:80} INFO - Job 1130: Subtask greet
[2022-07-29 11:44:40,797] {task_command.py:369} INFO - Running <TaskInstance: dag_with_python_operator.greet scheduled__2022-06-02T00:00:00+00:00 [running]> on host 9f0f006fc89d
[2022-07-29 11:44:40,921] {taskinstance.py:1571} INFO - Exporting the following env vars:
AIRFLOW_CTX_DAG_OWNER=yosr
AIRFLOW_CTX_DAG_ID=dag_with_python_operator
AIRFLOW_CTX_TASK_ID=greet
AIRFLOW_CTX_EXECUTION_DATE=2022-06-02T00:00:00+00:00
AIRFLOW_CTX_TRY_NUMBER=1
AIRFLOW_CTX_DAG_RUN_ID=scheduled__2022-06-02T00:00:00+00:00
[2022-07-29 11:44:40,922] {logging_mixin.py:115} INFO - some dict:  {'a': 1, 'b': 2}
[2022-07-29 11:44:40,964] {logging_mixin.py:115} INFO - Hello World! My name is yosr hb, and I am 22 years old!
[2022-07-29 11:44:40,965] {python.py:173} INFO - Done. Returned value was: None
[2022-07-29 11:44:41,023] {taskinstance.py:1400} INFO - Marking task as SUCCESS. dag_id=dag_with_python_operator, task_id=greet, execution_date=20220602T000000, start_date=20220729T114440, end_date=20220729T114441
[2022-07-29 11:44:41,053] {local_task_job.py:156} INFO - Task exited with return code 0
[2022-07-29 11:44:41,108] {local_task_job.py:273} INFO - 0 downstream tasks scheduled from follow-on schedule check
