[2022-07-30 17:58:38,218] {taskinstance.py:1159} INFO - Dependencies all met for <TaskInstance: dag_with_postgres_operator.create_postgres_table scheduled__2021-12-31T00:00:00+00:00 [queued]>
[2022-07-30 17:58:38,237] {taskinstance.py:1159} INFO - Dependencies all met for <TaskInstance: dag_with_postgres_operator.create_postgres_table scheduled__2021-12-31T00:00:00+00:00 [queued]>
[2022-07-30 17:58:38,237] {taskinstance.py:1356} INFO - 
--------------------------------------------------------------------------------
[2022-07-30 17:58:38,237] {taskinstance.py:1357} INFO - Starting attempt 5 of 6
[2022-07-30 17:58:38,237] {taskinstance.py:1358} INFO - 
--------------------------------------------------------------------------------
[2022-07-30 17:58:38,274] {taskinstance.py:1377} INFO - Executing <Task(PostgresOperator): create_postgres_table> on 2021-12-31 00:00:00+00:00
[2022-07-30 17:58:38,283] {standard_task_runner.py:52} INFO - Started process 1448 to run task
[2022-07-30 17:58:38,296] {standard_task_runner.py:79} INFO - Running: ['***', 'tasks', 'run', 'dag_with_postgres_operator', 'create_postgres_table', 'scheduled__2021-12-31T00:00:00+00:00', '--job-id', '82', '--raw', '--subdir', 'DAGS_FOLDER/DAGWithPostgresOperator.py', '--cfg-path', '/tmp/tmpncv2gxsm', '--error-file', '/tmp/tmp18k_9ipq']
[2022-07-30 17:58:38,298] {standard_task_runner.py:80} INFO - Job 82: Subtask create_postgres_table
[2022-07-30 17:58:38,438] {task_command.py:369} INFO - Running <TaskInstance: dag_with_postgres_operator.create_postgres_table scheduled__2021-12-31T00:00:00+00:00 [running]> on host 66bf18ec08cc
[2022-07-30 17:58:38,593] {taskinstance.py:1571} INFO - Exporting the following env vars:
AIRFLOW_CTX_DAG_OWNER=yosr
AIRFLOW_CTX_DAG_ID=dag_with_postgres_operator
AIRFLOW_CTX_TASK_ID=create_postgres_table
AIRFLOW_CTX_EXECUTION_DATE=2021-12-31T00:00:00+00:00
AIRFLOW_CTX_TRY_NUMBER=5
AIRFLOW_CTX_DAG_RUN_ID=scheduled__2021-12-31T00:00:00+00:00
[2022-07-30 17:58:38,611] {base.py:68} INFO - Using connection ID 'postgres_localhost' for task execution.
[2022-07-30 17:58:38,612] {taskinstance.py:1889} ERROR - Task failed with exception
Traceback (most recent call last):
  File "/home/airflow/.local/lib/python3.7/site-packages/airflow/providers/postgres/operators/postgres.py", line 92, in execute
    self.hook.run(self.sql, self.autocommit, parameters=self.parameters)
  File "/home/airflow/.local/lib/python3.7/site-packages/airflow/hooks/dbapi.py", line 181, in run
    with closing(self.get_conn()) as conn:
  File "/home/airflow/.local/lib/python3.7/site-packages/airflow/providers/postgres/hooks/postgres.py", line 113, in get_conn
    self.conn = psycopg2.connect(**conn_args)
  File "/home/airflow/.local/lib/python3.7/site-packages/psycopg2/__init__.py", line 122, in connect
    conn = _connect(dsn, connection_factory=connection_factory, **kwasync)
psycopg2.OperationalError: could not translate host name "host.docker.internal " to address: Name or service not known

[2022-07-30 17:58:38,632] {taskinstance.py:1400} INFO - Marking task as UP_FOR_RETRY. dag_id=dag_with_postgres_operator, task_id=create_postgres_table, execution_date=20211231T000000, start_date=20220730T175838, end_date=20220730T175838
[2022-07-30 17:58:38,653] {standard_task_runner.py:97} ERROR - Failed to execute job 82 for task create_postgres_table (could not translate host name "host.docker.internal " to address: Name or service not known
; 1448)
[2022-07-30 17:58:38,716] {local_task_job.py:156} INFO - Task exited with return code 1
[2022-07-30 17:58:38,786] {local_task_job.py:273} INFO - 0 downstream tasks scheduled from follow-on schedule check
[2022-07-31 00:04:52,929] {taskinstance.py:1159} INFO - Dependencies all met for <TaskInstance: dag_with_postgres_operator.create_postgres_table scheduled__2021-12-31T00:00:00+00:00 [queued]>
[2022-07-31 00:04:52,957] {taskinstance.py:1159} INFO - Dependencies all met for <TaskInstance: dag_with_postgres_operator.create_postgres_table scheduled__2021-12-31T00:00:00+00:00 [queued]>
[2022-07-31 00:04:52,957] {taskinstance.py:1356} INFO - 
--------------------------------------------------------------------------------
[2022-07-31 00:04:52,958] {taskinstance.py:1357} INFO - Starting attempt 5 of 6
[2022-07-31 00:04:52,958] {taskinstance.py:1358} INFO - 
--------------------------------------------------------------------------------
[2022-07-31 00:04:52,979] {taskinstance.py:1377} INFO - Executing <Task(PostgresOperator): create_postgres_table> on 2021-12-31 00:00:00+00:00
[2022-07-31 00:04:52,984] {standard_task_runner.py:52} INFO - Started process 5368 to run task
[2022-07-31 00:04:52,988] {standard_task_runner.py:79} INFO - Running: ['***', 'tasks', 'run', 'dag_with_postgres_operator', 'create_postgres_table', 'scheduled__2021-12-31T00:00:00+00:00', '--job-id', '1089', '--raw', '--subdir', 'DAGS_FOLDER/DAGWithPostgresOperator.py', '--cfg-path', '/tmp/tmpfe7e9s96', '--error-file', '/tmp/tmps_9oxvxi']
[2022-07-31 00:04:52,988] {standard_task_runner.py:80} INFO - Job 1089: Subtask create_postgres_table
[2022-07-31 00:04:53,069] {task_command.py:369} INFO - Running <TaskInstance: dag_with_postgres_operator.create_postgres_table scheduled__2021-12-31T00:00:00+00:00 [running]> on host 66bf18ec08cc
[2022-07-31 00:04:53,166] {taskinstance.py:1571} INFO - Exporting the following env vars:
AIRFLOW_CTX_DAG_OWNER=yosr
AIRFLOW_CTX_DAG_ID=dag_with_postgres_operator
AIRFLOW_CTX_TASK_ID=create_postgres_table
AIRFLOW_CTX_EXECUTION_DATE=2021-12-31T00:00:00+00:00
AIRFLOW_CTX_TRY_NUMBER=5
AIRFLOW_CTX_DAG_RUN_ID=scheduled__2021-12-31T00:00:00+00:00
[2022-07-31 00:04:53,179] {base.py:68} INFO - Using connection ID 'postgres_localhost' for task execution.
[2022-07-31 00:04:53,180] {taskinstance.py:1889} ERROR - Task failed with exception
Traceback (most recent call last):
  File "/home/airflow/.local/lib/python3.7/site-packages/airflow/providers/postgres/operators/postgres.py", line 92, in execute
    self.hook.run(self.sql, self.autocommit, parameters=self.parameters)
  File "/home/airflow/.local/lib/python3.7/site-packages/airflow/hooks/dbapi.py", line 181, in run
    with closing(self.get_conn()) as conn:
  File "/home/airflow/.local/lib/python3.7/site-packages/airflow/providers/postgres/hooks/postgres.py", line 113, in get_conn
    self.conn = psycopg2.connect(**conn_args)
  File "/home/airflow/.local/lib/python3.7/site-packages/psycopg2/__init__.py", line 122, in connect
    conn = _connect(dsn, connection_factory=connection_factory, **kwasync)
psycopg2.OperationalError: could not translate host name "host.docker.local " to address: Name or service not known

[2022-07-31 00:04:53,194] {taskinstance.py:1400} INFO - Marking task as UP_FOR_RETRY. dag_id=dag_with_postgres_operator, task_id=create_postgres_table, execution_date=20211231T000000, start_date=20220731T000452, end_date=20220731T000453
[2022-07-31 00:04:53,212] {standard_task_runner.py:97} ERROR - Failed to execute job 1089 for task create_postgres_table (could not translate host name "host.docker.local " to address: Name or service not known
; 5368)
[2022-07-31 00:04:53,249] {local_task_job.py:156} INFO - Task exited with return code 1
[2022-07-31 00:04:53,315] {local_task_job.py:273} INFO - 0 downstream tasks scheduled from follow-on schedule check
[2022-07-31 10:58:17,599] {taskinstance.py:1159} INFO - Dependencies all met for <TaskInstance: dag_with_postgres_operator.create_postgres_table scheduled__2021-12-31T00:00:00+00:00 [queued]>
[2022-07-31 10:58:17,620] {taskinstance.py:1159} INFO - Dependencies all met for <TaskInstance: dag_with_postgres_operator.create_postgres_table scheduled__2021-12-31T00:00:00+00:00 [queued]>
[2022-07-31 10:58:17,621] {taskinstance.py:1356} INFO - 
--------------------------------------------------------------------------------
[2022-07-31 10:58:17,621] {taskinstance.py:1357} INFO - Starting attempt 5 of 6
[2022-07-31 10:58:17,621] {taskinstance.py:1358} INFO - 
--------------------------------------------------------------------------------
[2022-07-31 10:58:17,640] {taskinstance.py:1377} INFO - Executing <Task(PostgresOperator): create_postgres_table> on 2021-12-31 00:00:00+00:00
[2022-07-31 10:58:17,645] {standard_task_runner.py:52} INFO - Started process 4244 to run task
[2022-07-31 10:58:17,648] {standard_task_runner.py:79} INFO - Running: ['***', 'tasks', 'run', 'dag_with_postgres_operator', 'create_postgres_table', 'scheduled__2021-12-31T00:00:00+00:00', '--job-id', '1539', '--raw', '--subdir', 'DAGS_FOLDER/DAGWithPostgresOperator.py', '--cfg-path', '/tmp/tmpx0qvb6mv', '--error-file', '/tmp/tmpryqwm7hz']
[2022-07-31 10:58:17,649] {standard_task_runner.py:80} INFO - Job 1539: Subtask create_postgres_table
[2022-07-31 10:58:17,728] {task_command.py:369} INFO - Running <TaskInstance: dag_with_postgres_operator.create_postgres_table scheduled__2021-12-31T00:00:00+00:00 [running]> on host 66bf18ec08cc
[2022-07-31 10:58:17,839] {taskinstance.py:1571} INFO - Exporting the following env vars:
AIRFLOW_CTX_DAG_OWNER=yosr
AIRFLOW_CTX_DAG_ID=dag_with_postgres_operator
AIRFLOW_CTX_TASK_ID=create_postgres_table
AIRFLOW_CTX_EXECUTION_DATE=2021-12-31T00:00:00+00:00
AIRFLOW_CTX_TRY_NUMBER=5
AIRFLOW_CTX_DAG_RUN_ID=scheduled__2021-12-31T00:00:00+00:00
[2022-07-31 10:58:17,856] {base.py:68} INFO - Using connection ID 'postgres_localhost' for task execution.
[2022-07-31 10:58:17,858] {taskinstance.py:1889} ERROR - Task failed with exception
Traceback (most recent call last):
  File "/home/airflow/.local/lib/python3.7/site-packages/airflow/providers/postgres/operators/postgres.py", line 92, in execute
    self.hook.run(self.sql, self.autocommit, parameters=self.parameters)
  File "/home/airflow/.local/lib/python3.7/site-packages/airflow/hooks/dbapi.py", line 181, in run
    with closing(self.get_conn()) as conn:
  File "/home/airflow/.local/lib/python3.7/site-packages/airflow/providers/postgres/hooks/postgres.py", line 113, in get_conn
    self.conn = psycopg2.connect(**conn_args)
  File "/home/airflow/.local/lib/python3.7/site-packages/psycopg2/__init__.py", line 122, in connect
    conn = _connect(dsn, connection_factory=connection_factory, **kwasync)
psycopg2.OperationalError: could not translate host name "host.docker.internal " to address: Name or service not known

[2022-07-31 10:58:17,872] {taskinstance.py:1400} INFO - Marking task as UP_FOR_RETRY. dag_id=dag_with_postgres_operator, task_id=create_postgres_table, execution_date=20211231T000000, start_date=20220731T105817, end_date=20220731T105817
[2022-07-31 10:58:17,887] {standard_task_runner.py:97} ERROR - Failed to execute job 1539 for task create_postgres_table (could not translate host name "host.docker.internal " to address: Name or service not known
; 4244)
[2022-07-31 10:58:17,906] {local_task_job.py:156} INFO - Task exited with return code 1
[2022-07-31 10:58:17,974] {local_task_job.py:273} INFO - 0 downstream tasks scheduled from follow-on schedule check
[2022-07-31 13:30:01,946] {taskinstance.py:1159} INFO - Dependencies all met for <TaskInstance: dag_with_postgres_operator.create_postgres_table scheduled__2021-12-31T00:00:00+00:00 [queued]>
[2022-07-31 13:30:01,966] {taskinstance.py:1159} INFO - Dependencies all met for <TaskInstance: dag_with_postgres_operator.create_postgres_table scheduled__2021-12-31T00:00:00+00:00 [queued]>
[2022-07-31 13:30:01,966] {taskinstance.py:1356} INFO - 
--------------------------------------------------------------------------------
[2022-07-31 13:30:01,967] {taskinstance.py:1357} INFO - Starting attempt 5 of 6
[2022-07-31 13:30:01,967] {taskinstance.py:1358} INFO - 
--------------------------------------------------------------------------------
[2022-07-31 13:30:01,989] {taskinstance.py:1377} INFO - Executing <Task(PostgresOperator): create_postgres_table> on 2021-12-31 00:00:00+00:00
[2022-07-31 13:30:01,995] {standard_task_runner.py:52} INFO - Started process 1837 to run task
[2022-07-31 13:30:01,998] {standard_task_runner.py:79} INFO - Running: ['***', 'tasks', 'run', 'dag_with_postgres_operator', 'create_postgres_table', 'scheduled__2021-12-31T00:00:00+00:00', '--job-id', '79', '--raw', '--subdir', 'DAGS_FOLDER/DAGWithPostgresOperator.py', '--cfg-path', '/tmp/tmprsgwwomq', '--error-file', '/tmp/tmpxlen9o6u']
[2022-07-31 13:30:01,998] {standard_task_runner.py:80} INFO - Job 79: Subtask create_postgres_table
[2022-07-31 13:30:02,091] {task_command.py:369} INFO - Running <TaskInstance: dag_with_postgres_operator.create_postgres_table scheduled__2021-12-31T00:00:00+00:00 [running]> on host 4688dd3b7141
[2022-07-31 13:30:02,238] {taskinstance.py:1571} INFO - Exporting the following env vars:
AIRFLOW_CTX_DAG_OWNER=yosr
AIRFLOW_CTX_DAG_ID=dag_with_postgres_operator
AIRFLOW_CTX_TASK_ID=create_postgres_table
AIRFLOW_CTX_EXECUTION_DATE=2021-12-31T00:00:00+00:00
AIRFLOW_CTX_TRY_NUMBER=5
AIRFLOW_CTX_DAG_RUN_ID=scheduled__2021-12-31T00:00:00+00:00
[2022-07-31 13:30:02,469] {taskinstance.py:1889} ERROR - Task failed with exception
Traceback (most recent call last):
  File "/home/airflow/.local/lib/python3.7/site-packages/airflow/providers/postgres/operators/postgres.py", line 92, in execute
    self.hook.run(self.sql, self.autocommit, parameters=self.parameters)
  File "/home/airflow/.local/lib/python3.7/site-packages/airflow/hooks/dbapi.py", line 181, in run
    with closing(self.get_conn()) as conn:
  File "/home/airflow/.local/lib/python3.7/site-packages/airflow/providers/postgres/hooks/postgres.py", line 86, in get_conn
    conn = deepcopy(self.connection or self.get_connection(conn_id))
  File "/home/airflow/.local/lib/python3.7/site-packages/airflow/hooks/base.py", line 67, in get_connection
    conn = Connection.get_connection_from_secrets(conn_id)
  File "/home/airflow/.local/lib/python3.7/site-packages/airflow/models/connection.py", line 430, in get_connection_from_secrets
    raise AirflowNotFoundException(f"The conn_id `{conn_id}` isn't defined")
airflow.exceptions.AirflowNotFoundException: The conn_id `postgres_localhost` isn't defined
[2022-07-31 13:30:02,479] {taskinstance.py:1400} INFO - Marking task as UP_FOR_RETRY. dag_id=dag_with_postgres_operator, task_id=create_postgres_table, execution_date=20211231T000000, start_date=20220731T133001, end_date=20220731T133002
[2022-07-31 13:30:02,506] {standard_task_runner.py:97} ERROR - Failed to execute job 79 for task create_postgres_table (The conn_id `postgres_localhost` isn't defined; 1837)
[2022-07-31 13:30:02,546] {local_task_job.py:156} INFO - Task exited with return code 1
[2022-07-31 13:30:02,598] {local_task_job.py:273} INFO - 0 downstream tasks scheduled from follow-on schedule check
