[2022-07-30 17:53:36,997] {taskinstance.py:1159} INFO - Dependencies all met for <TaskInstance: dag_with_postgres_operator.create_postgres_table scheduled__2021-12-31T00:00:00+00:00 [queued]>
[2022-07-30 17:53:37,018] {taskinstance.py:1159} INFO - Dependencies all met for <TaskInstance: dag_with_postgres_operator.create_postgres_table scheduled__2021-12-31T00:00:00+00:00 [queued]>
[2022-07-30 17:53:37,018] {taskinstance.py:1356} INFO - 
--------------------------------------------------------------------------------
[2022-07-30 17:53:37,018] {taskinstance.py:1357} INFO - Starting attempt 4 of 6
[2022-07-30 17:53:37,018] {taskinstance.py:1358} INFO - 
--------------------------------------------------------------------------------
[2022-07-30 17:53:37,044] {taskinstance.py:1377} INFO - Executing <Task(PostgresOperator): create_postgres_table> on 2021-12-31 00:00:00+00:00
[2022-07-30 17:53:37,054] {standard_task_runner.py:52} INFO - Started process 1189 to run task
[2022-07-30 17:53:37,063] {standard_task_runner.py:79} INFO - Running: ['***', 'tasks', 'run', 'dag_with_postgres_operator', 'create_postgres_table', 'scheduled__2021-12-31T00:00:00+00:00', '--job-id', '63', '--raw', '--subdir', 'DAGS_FOLDER/DAGWithPostgresOperator.py', '--cfg-path', '/tmp/tmpf8l_xczr', '--error-file', '/tmp/tmp1mcualnl']
[2022-07-30 17:53:37,064] {standard_task_runner.py:80} INFO - Job 63: Subtask create_postgres_table
[2022-07-30 17:53:37,157] {task_command.py:369} INFO - Running <TaskInstance: dag_with_postgres_operator.create_postgres_table scheduled__2021-12-31T00:00:00+00:00 [running]> on host 66bf18ec08cc
[2022-07-30 17:53:37,276] {taskinstance.py:1571} INFO - Exporting the following env vars:
AIRFLOW_CTX_DAG_OWNER=yosr
AIRFLOW_CTX_DAG_ID=dag_with_postgres_operator
AIRFLOW_CTX_TASK_ID=create_postgres_table
AIRFLOW_CTX_EXECUTION_DATE=2021-12-31T00:00:00+00:00
AIRFLOW_CTX_TRY_NUMBER=4
AIRFLOW_CTX_DAG_RUN_ID=scheduled__2021-12-31T00:00:00+00:00
[2022-07-30 17:53:37,312] {base.py:68} INFO - Using connection ID 'postgres_localhost' for task execution.
[2022-07-30 17:53:37,314] {taskinstance.py:1889} ERROR - Task failed with exception
Traceback (most recent call last):
  File "/home/airflow/.local/lib/python3.7/site-packages/airflow/providers/postgres/operators/postgres.py", line 92, in execute
    self.hook.run(self.sql, self.autocommit, parameters=self.parameters)
  File "/home/airflow/.local/lib/python3.7/site-packages/airflow/hooks/dbapi.py", line 181, in run
    with closing(self.get_conn()) as conn:
  File "/home/airflow/.local/lib/python3.7/site-packages/airflow/providers/postgres/hooks/postgres.py", line 113, in get_conn
    self.conn = psycopg2.connect(**conn_args)
  File "/home/airflow/.local/lib/python3.7/site-packages/psycopg2/__init__.py", line 122, in connect
    conn = _connect(dsn, connection_factory=connection_factory, **kwasync)
psycopg2.OperationalError: could not translate host name "host.docker.internal " to address: Name or service not known

[2022-07-30 17:53:37,345] {taskinstance.py:1400} INFO - Marking task as UP_FOR_RETRY. dag_id=dag_with_postgres_operator, task_id=create_postgres_table, execution_date=20211231T000000, start_date=20220730T175336, end_date=20220730T175337
[2022-07-30 17:53:37,388] {standard_task_runner.py:97} ERROR - Failed to execute job 63 for task create_postgres_table (could not translate host name "host.docker.internal " to address: Name or service not known
; 1189)
[2022-07-30 17:53:37,448] {local_task_job.py:156} INFO - Task exited with return code 1
[2022-07-30 17:53:37,515] {local_task_job.py:273} INFO - 0 downstream tasks scheduled from follow-on schedule check
[2022-07-30 23:59:52,151] {taskinstance.py:1159} INFO - Dependencies all met for <TaskInstance: dag_with_postgres_operator.create_postgres_table scheduled__2021-12-31T00:00:00+00:00 [queued]>
[2022-07-30 23:59:52,169] {taskinstance.py:1159} INFO - Dependencies all met for <TaskInstance: dag_with_postgres_operator.create_postgres_table scheduled__2021-12-31T00:00:00+00:00 [queued]>
[2022-07-30 23:59:52,169] {taskinstance.py:1356} INFO - 
--------------------------------------------------------------------------------
[2022-07-30 23:59:52,170] {taskinstance.py:1357} INFO - Starting attempt 4 of 6
[2022-07-30 23:59:52,170] {taskinstance.py:1358} INFO - 
--------------------------------------------------------------------------------
[2022-07-30 23:59:52,191] {taskinstance.py:1377} INFO - Executing <Task(PostgresOperator): create_postgres_table> on 2021-12-31 00:00:00+00:00
[2022-07-30 23:59:52,196] {standard_task_runner.py:52} INFO - Started process 5110 to run task
[2022-07-30 23:59:52,199] {standard_task_runner.py:79} INFO - Running: ['***', 'tasks', 'run', 'dag_with_postgres_operator', 'create_postgres_table', 'scheduled__2021-12-31T00:00:00+00:00', '--job-id', '1071', '--raw', '--subdir', 'DAGS_FOLDER/DAGWithPostgresOperator.py', '--cfg-path', '/tmp/tmpane66zrm', '--error-file', '/tmp/tmpzvpgbo8f']
[2022-07-30 23:59:52,199] {standard_task_runner.py:80} INFO - Job 1071: Subtask create_postgres_table
[2022-07-30 23:59:52,264] {task_command.py:369} INFO - Running <TaskInstance: dag_with_postgres_operator.create_postgres_table scheduled__2021-12-31T00:00:00+00:00 [running]> on host 66bf18ec08cc
[2022-07-30 23:59:52,361] {taskinstance.py:1571} INFO - Exporting the following env vars:
AIRFLOW_CTX_DAG_OWNER=yosr
AIRFLOW_CTX_DAG_ID=dag_with_postgres_operator
AIRFLOW_CTX_TASK_ID=create_postgres_table
AIRFLOW_CTX_EXECUTION_DATE=2021-12-31T00:00:00+00:00
AIRFLOW_CTX_TRY_NUMBER=4
AIRFLOW_CTX_DAG_RUN_ID=scheduled__2021-12-31T00:00:00+00:00
[2022-07-30 23:59:52,375] {base.py:68} INFO - Using connection ID 'postgres_localhost' for task execution.
[2022-07-30 23:59:52,376] {taskinstance.py:1889} ERROR - Task failed with exception
Traceback (most recent call last):
  File "/home/airflow/.local/lib/python3.7/site-packages/airflow/providers/postgres/operators/postgres.py", line 92, in execute
    self.hook.run(self.sql, self.autocommit, parameters=self.parameters)
  File "/home/airflow/.local/lib/python3.7/site-packages/airflow/hooks/dbapi.py", line 181, in run
    with closing(self.get_conn()) as conn:
  File "/home/airflow/.local/lib/python3.7/site-packages/airflow/providers/postgres/hooks/postgres.py", line 113, in get_conn
    self.conn = psycopg2.connect(**conn_args)
  File "/home/airflow/.local/lib/python3.7/site-packages/psycopg2/__init__.py", line 122, in connect
    conn = _connect(dsn, connection_factory=connection_factory, **kwasync)
psycopg2.OperationalError: could not translate host name "host.docker.local " to address: Name or service not known

[2022-07-30 23:59:52,389] {taskinstance.py:1400} INFO - Marking task as UP_FOR_RETRY. dag_id=dag_with_postgres_operator, task_id=create_postgres_table, execution_date=20211231T000000, start_date=20220730T235952, end_date=20220730T235952
[2022-07-30 23:59:52,406] {standard_task_runner.py:97} ERROR - Failed to execute job 1071 for task create_postgres_table (could not translate host name "host.docker.local " to address: Name or service not known
; 5110)
[2022-07-30 23:59:52,417] {local_task_job.py:156} INFO - Task exited with return code 1
[2022-07-30 23:59:52,481] {local_task_job.py:273} INFO - 0 downstream tasks scheduled from follow-on schedule check
[2022-07-31 10:53:16,613] {taskinstance.py:1159} INFO - Dependencies all met for <TaskInstance: dag_with_postgres_operator.create_postgres_table scheduled__2021-12-31T00:00:00+00:00 [queued]>
[2022-07-31 10:53:16,633] {taskinstance.py:1159} INFO - Dependencies all met for <TaskInstance: dag_with_postgres_operator.create_postgres_table scheduled__2021-12-31T00:00:00+00:00 [queued]>
[2022-07-31 10:53:16,634] {taskinstance.py:1356} INFO - 
--------------------------------------------------------------------------------
[2022-07-31 10:53:16,634] {taskinstance.py:1357} INFO - Starting attempt 4 of 6
[2022-07-31 10:53:16,634] {taskinstance.py:1358} INFO - 
--------------------------------------------------------------------------------
[2022-07-31 10:53:16,654] {taskinstance.py:1377} INFO - Executing <Task(PostgresOperator): create_postgres_table> on 2021-12-31 00:00:00+00:00
[2022-07-31 10:53:16,659] {standard_task_runner.py:52} INFO - Started process 3982 to run task
[2022-07-31 10:53:16,662] {standard_task_runner.py:79} INFO - Running: ['***', 'tasks', 'run', 'dag_with_postgres_operator', 'create_postgres_table', 'scheduled__2021-12-31T00:00:00+00:00', '--job-id', '1520', '--raw', '--subdir', 'DAGS_FOLDER/DAGWithPostgresOperator.py', '--cfg-path', '/tmp/tmp5sn7i53w', '--error-file', '/tmp/tmpy4jipd8y']
[2022-07-31 10:53:16,662] {standard_task_runner.py:80} INFO - Job 1520: Subtask create_postgres_table
[2022-07-31 10:53:16,752] {task_command.py:369} INFO - Running <TaskInstance: dag_with_postgres_operator.create_postgres_table scheduled__2021-12-31T00:00:00+00:00 [running]> on host 66bf18ec08cc
[2022-07-31 10:53:16,854] {taskinstance.py:1571} INFO - Exporting the following env vars:
AIRFLOW_CTX_DAG_OWNER=yosr
AIRFLOW_CTX_DAG_ID=dag_with_postgres_operator
AIRFLOW_CTX_TASK_ID=create_postgres_table
AIRFLOW_CTX_EXECUTION_DATE=2021-12-31T00:00:00+00:00
AIRFLOW_CTX_TRY_NUMBER=4
AIRFLOW_CTX_DAG_RUN_ID=scheduled__2021-12-31T00:00:00+00:00
[2022-07-31 10:53:16,869] {base.py:68} INFO - Using connection ID 'postgres_localhost' for task execution.
[2022-07-31 10:53:16,871] {taskinstance.py:1889} ERROR - Task failed with exception
Traceback (most recent call last):
  File "/home/airflow/.local/lib/python3.7/site-packages/airflow/providers/postgres/operators/postgres.py", line 92, in execute
    self.hook.run(self.sql, self.autocommit, parameters=self.parameters)
  File "/home/airflow/.local/lib/python3.7/site-packages/airflow/hooks/dbapi.py", line 181, in run
    with closing(self.get_conn()) as conn:
  File "/home/airflow/.local/lib/python3.7/site-packages/airflow/providers/postgres/hooks/postgres.py", line 113, in get_conn
    self.conn = psycopg2.connect(**conn_args)
  File "/home/airflow/.local/lib/python3.7/site-packages/psycopg2/__init__.py", line 122, in connect
    conn = _connect(dsn, connection_factory=connection_factory, **kwasync)
psycopg2.OperationalError: could not translate host name "host.docker.internal " to address: Name or service not known

[2022-07-31 10:53:16,883] {taskinstance.py:1400} INFO - Marking task as UP_FOR_RETRY. dag_id=dag_with_postgres_operator, task_id=create_postgres_table, execution_date=20211231T000000, start_date=20220731T105316, end_date=20220731T105316
[2022-07-31 10:53:16,900] {standard_task_runner.py:97} ERROR - Failed to execute job 1520 for task create_postgres_table (could not translate host name "host.docker.internal " to address: Name or service not known
; 3982)
[2022-07-31 10:53:16,921] {local_task_job.py:156} INFO - Task exited with return code 1
[2022-07-31 10:53:17,029] {local_task_job.py:273} INFO - 0 downstream tasks scheduled from follow-on schedule check
[2022-07-31 13:25:00,730] {taskinstance.py:1159} INFO - Dependencies all met for <TaskInstance: dag_with_postgres_operator.create_postgres_table scheduled__2021-12-31T00:00:00+00:00 [queued]>
[2022-07-31 13:25:00,753] {taskinstance.py:1159} INFO - Dependencies all met for <TaskInstance: dag_with_postgres_operator.create_postgres_table scheduled__2021-12-31T00:00:00+00:00 [queued]>
[2022-07-31 13:25:00,754] {taskinstance.py:1356} INFO - 
--------------------------------------------------------------------------------
[2022-07-31 13:25:00,754] {taskinstance.py:1357} INFO - Starting attempt 4 of 6
[2022-07-31 13:25:00,754] {taskinstance.py:1358} INFO - 
--------------------------------------------------------------------------------
[2022-07-31 13:25:00,778] {taskinstance.py:1377} INFO - Executing <Task(PostgresOperator): create_postgres_table> on 2021-12-31 00:00:00+00:00
[2022-07-31 13:25:00,784] {standard_task_runner.py:52} INFO - Started process 1579 to run task
[2022-07-31 13:25:00,786] {standard_task_runner.py:79} INFO - Running: ['***', 'tasks', 'run', 'dag_with_postgres_operator', 'create_postgres_table', 'scheduled__2021-12-31T00:00:00+00:00', '--job-id', '63', '--raw', '--subdir', 'DAGS_FOLDER/DAGWithPostgresOperator.py', '--cfg-path', '/tmp/tmputxv3ade', '--error-file', '/tmp/tmpjr3oy5p2']
[2022-07-31 13:25:00,787] {standard_task_runner.py:80} INFO - Job 63: Subtask create_postgres_table
[2022-07-31 13:25:00,880] {task_command.py:369} INFO - Running <TaskInstance: dag_with_postgres_operator.create_postgres_table scheduled__2021-12-31T00:00:00+00:00 [running]> on host 4688dd3b7141
[2022-07-31 13:25:00,998] {taskinstance.py:1571} INFO - Exporting the following env vars:
AIRFLOW_CTX_DAG_OWNER=yosr
AIRFLOW_CTX_DAG_ID=dag_with_postgres_operator
AIRFLOW_CTX_TASK_ID=create_postgres_table
AIRFLOW_CTX_EXECUTION_DATE=2021-12-31T00:00:00+00:00
AIRFLOW_CTX_TRY_NUMBER=4
AIRFLOW_CTX_DAG_RUN_ID=scheduled__2021-12-31T00:00:00+00:00
[2022-07-31 13:25:01,119] {taskinstance.py:1889} ERROR - Task failed with exception
Traceback (most recent call last):
  File "/home/airflow/.local/lib/python3.7/site-packages/airflow/providers/postgres/operators/postgres.py", line 92, in execute
    self.hook.run(self.sql, self.autocommit, parameters=self.parameters)
  File "/home/airflow/.local/lib/python3.7/site-packages/airflow/hooks/dbapi.py", line 181, in run
    with closing(self.get_conn()) as conn:
  File "/home/airflow/.local/lib/python3.7/site-packages/airflow/providers/postgres/hooks/postgres.py", line 86, in get_conn
    conn = deepcopy(self.connection or self.get_connection(conn_id))
  File "/home/airflow/.local/lib/python3.7/site-packages/airflow/hooks/base.py", line 67, in get_connection
    conn = Connection.get_connection_from_secrets(conn_id)
  File "/home/airflow/.local/lib/python3.7/site-packages/airflow/models/connection.py", line 430, in get_connection_from_secrets
    raise AirflowNotFoundException(f"The conn_id `{conn_id}` isn't defined")
airflow.exceptions.AirflowNotFoundException: The conn_id `postgres_localhost` isn't defined
[2022-07-31 13:25:01,125] {taskinstance.py:1400} INFO - Marking task as UP_FOR_RETRY. dag_id=dag_with_postgres_operator, task_id=create_postgres_table, execution_date=20211231T000000, start_date=20220731T132500, end_date=20220731T132501
[2022-07-31 13:25:01,148] {standard_task_runner.py:97} ERROR - Failed to execute job 63 for task create_postgres_table (The conn_id `postgres_localhost` isn't defined; 1579)
[2022-07-31 13:25:01,172] {local_task_job.py:156} INFO - Task exited with return code 1
[2022-07-31 13:25:01,228] {local_task_job.py:273} INFO - 0 downstream tasks scheduled from follow-on schedule check
