[2022-07-30 19:14:19,180] {taskinstance.py:1159} INFO - Dependencies all met for <TaskInstance: dag_with_postgres_operator.create_postgres_table scheduled__2022-02-09T00:00:00+00:00 [queued]>
[2022-07-30 19:14:19,199] {taskinstance.py:1159} INFO - Dependencies all met for <TaskInstance: dag_with_postgres_operator.create_postgres_table scheduled__2022-02-09T00:00:00+00:00 [queued]>
[2022-07-30 19:14:19,199] {taskinstance.py:1356} INFO - 
--------------------------------------------------------------------------------
[2022-07-30 19:14:19,199] {taskinstance.py:1357} INFO - Starting attempt 5 of 6
[2022-07-30 19:14:19,199] {taskinstance.py:1358} INFO - 
--------------------------------------------------------------------------------
[2022-07-30 19:14:19,225] {taskinstance.py:1377} INFO - Executing <Task(PostgresOperator): create_postgres_table> on 2022-02-09 00:00:00+00:00
[2022-07-30 19:14:19,233] {standard_task_runner.py:52} INFO - Started process 5508 to run task
[2022-07-30 19:14:19,236] {standard_task_runner.py:79} INFO - Running: ['***', 'tasks', 'run', 'dag_with_postgres_operator', 'create_postgres_table', 'scheduled__2022-02-09T00:00:00+00:00', '--job-id', '356', '--raw', '--subdir', 'DAGS_FOLDER/DAGWithPostgresOperator.py', '--cfg-path', '/tmp/tmpx83qg4cb', '--error-file', '/tmp/tmp4czjy54f']
[2022-07-30 19:14:19,237] {standard_task_runner.py:80} INFO - Job 356: Subtask create_postgres_table
[2022-07-30 19:14:19,353] {task_command.py:369} INFO - Running <TaskInstance: dag_with_postgres_operator.create_postgres_table scheduled__2022-02-09T00:00:00+00:00 [running]> on host 66bf18ec08cc
[2022-07-30 19:14:19,476] {taskinstance.py:1571} INFO - Exporting the following env vars:
AIRFLOW_CTX_DAG_OWNER=yosr
AIRFLOW_CTX_DAG_ID=dag_with_postgres_operator
AIRFLOW_CTX_TASK_ID=create_postgres_table
AIRFLOW_CTX_EXECUTION_DATE=2022-02-09T00:00:00+00:00
AIRFLOW_CTX_TRY_NUMBER=5
AIRFLOW_CTX_DAG_RUN_ID=scheduled__2022-02-09T00:00:00+00:00
[2022-07-30 19:14:19,493] {base.py:68} INFO - Using connection ID 'postgres_localhost' for task execution.
[2022-07-30 19:14:19,494] {taskinstance.py:1889} ERROR - Task failed with exception
Traceback (most recent call last):
  File "/home/airflow/.local/lib/python3.7/site-packages/airflow/providers/postgres/operators/postgres.py", line 92, in execute
    self.hook.run(self.sql, self.autocommit, parameters=self.parameters)
  File "/home/airflow/.local/lib/python3.7/site-packages/airflow/hooks/dbapi.py", line 181, in run
    with closing(self.get_conn()) as conn:
  File "/home/airflow/.local/lib/python3.7/site-packages/airflow/providers/postgres/hooks/postgres.py", line 113, in get_conn
    self.conn = psycopg2.connect(**conn_args)
  File "/home/airflow/.local/lib/python3.7/site-packages/psycopg2/__init__.py", line 122, in connect
    conn = _connect(dsn, connection_factory=connection_factory, **kwasync)
psycopg2.OperationalError: could not translate host name "host.docker.internal " to address: Name or service not known

[2022-07-30 19:14:19,510] {taskinstance.py:1400} INFO - Marking task as UP_FOR_RETRY. dag_id=dag_with_postgres_operator, task_id=create_postgres_table, execution_date=20220209T000000, start_date=20220730T191419, end_date=20220730T191419
[2022-07-30 19:14:19,530] {standard_task_runner.py:97} ERROR - Failed to execute job 356 for task create_postgres_table (could not translate host name "host.docker.internal " to address: Name or service not known
; 5508)
[2022-07-30 19:14:19,577] {local_task_job.py:156} INFO - Task exited with return code 1
[2022-07-30 19:14:19,646] {local_task_job.py:273} INFO - 0 downstream tasks scheduled from follow-on schedule check
[2022-07-31 10:16:37,507] {taskinstance.py:1159} INFO - Dependencies all met for <TaskInstance: dag_with_postgres_operator.create_postgres_table scheduled__2022-02-09T00:00:00+00:00 [queued]>
[2022-07-31 10:16:37,527] {taskinstance.py:1159} INFO - Dependencies all met for <TaskInstance: dag_with_postgres_operator.create_postgres_table scheduled__2022-02-09T00:00:00+00:00 [queued]>
[2022-07-31 10:16:37,527] {taskinstance.py:1356} INFO - 
--------------------------------------------------------------------------------
[2022-07-31 10:16:37,527] {taskinstance.py:1357} INFO - Starting attempt 5 of 6
[2022-07-31 10:16:37,527] {taskinstance.py:1358} INFO - 
--------------------------------------------------------------------------------
[2022-07-31 10:16:37,551] {taskinstance.py:1377} INFO - Executing <Task(PostgresOperator): create_postgres_table> on 2022-02-09 00:00:00+00:00
[2022-07-31 10:16:37,556] {standard_task_runner.py:52} INFO - Started process 1995 to run task
[2022-07-31 10:16:37,564] {standard_task_runner.py:79} INFO - Running: ['***', 'tasks', 'run', 'dag_with_postgres_operator', 'create_postgres_table', 'scheduled__2022-02-09T00:00:00+00:00', '--job-id', '1371', '--raw', '--subdir', 'DAGS_FOLDER/DAGWithPostgresOperator.py', '--cfg-path', '/tmp/tmpp7zdgtp3', '--error-file', '/tmp/tmplb_wzncg']
[2022-07-31 10:16:37,564] {standard_task_runner.py:80} INFO - Job 1371: Subtask create_postgres_table
[2022-07-31 10:16:37,665] {task_command.py:369} INFO - Running <TaskInstance: dag_with_postgres_operator.create_postgres_table scheduled__2022-02-09T00:00:00+00:00 [running]> on host 66bf18ec08cc
[2022-07-31 10:16:37,786] {taskinstance.py:1571} INFO - Exporting the following env vars:
AIRFLOW_CTX_DAG_OWNER=yosr
AIRFLOW_CTX_DAG_ID=dag_with_postgres_operator
AIRFLOW_CTX_TASK_ID=create_postgres_table
AIRFLOW_CTX_EXECUTION_DATE=2022-02-09T00:00:00+00:00
AIRFLOW_CTX_TRY_NUMBER=5
AIRFLOW_CTX_DAG_RUN_ID=scheduled__2022-02-09T00:00:00+00:00
[2022-07-31 10:16:37,807] {base.py:68} INFO - Using connection ID 'postgres_localhost' for task execution.
[2022-07-31 10:16:37,808] {taskinstance.py:1889} ERROR - Task failed with exception
Traceback (most recent call last):
  File "/home/airflow/.local/lib/python3.7/site-packages/airflow/providers/postgres/operators/postgres.py", line 92, in execute
    self.hook.run(self.sql, self.autocommit, parameters=self.parameters)
  File "/home/airflow/.local/lib/python3.7/site-packages/airflow/hooks/dbapi.py", line 181, in run
    with closing(self.get_conn()) as conn:
  File "/home/airflow/.local/lib/python3.7/site-packages/airflow/providers/postgres/hooks/postgres.py", line 113, in get_conn
    self.conn = psycopg2.connect(**conn_args)
  File "/home/airflow/.local/lib/python3.7/site-packages/psycopg2/__init__.py", line 122, in connect
    conn = _connect(dsn, connection_factory=connection_factory, **kwasync)
psycopg2.OperationalError: could not translate host name "host.docker.local " to address: Name or service not known

[2022-07-31 10:16:37,827] {taskinstance.py:1400} INFO - Marking task as UP_FOR_RETRY. dag_id=dag_with_postgres_operator, task_id=create_postgres_table, execution_date=20220209T000000, start_date=20220731T101637, end_date=20220731T101637
[2022-07-31 10:16:37,850] {standard_task_runner.py:97} ERROR - Failed to execute job 1371 for task create_postgres_table (could not translate host name "host.docker.local " to address: Name or service not known
; 1995)
[2022-07-31 10:16:37,860] {local_task_job.py:156} INFO - Task exited with return code 1
[2022-07-31 10:16:37,997] {local_task_job.py:273} INFO - 0 downstream tasks scheduled from follow-on schedule check
[2022-07-31 14:46:09,669] {taskinstance.py:1159} INFO - Dependencies all met for <TaskInstance: dag_with_postgres_operator.create_postgres_table scheduled__2022-02-09T00:00:00+00:00 [queued]>
[2022-07-31 14:46:09,690] {taskinstance.py:1159} INFO - Dependencies all met for <TaskInstance: dag_with_postgres_operator.create_postgres_table scheduled__2022-02-09T00:00:00+00:00 [queued]>
[2022-07-31 14:46:09,690] {taskinstance.py:1356} INFO - 
--------------------------------------------------------------------------------
[2022-07-31 14:46:09,690] {taskinstance.py:1357} INFO - Starting attempt 5 of 6
[2022-07-31 14:46:09,690] {taskinstance.py:1358} INFO - 
--------------------------------------------------------------------------------
[2022-07-31 14:46:09,712] {taskinstance.py:1377} INFO - Executing <Task(PostgresOperator): create_postgres_table> on 2022-02-09 00:00:00+00:00
[2022-07-31 14:46:09,717] {standard_task_runner.py:52} INFO - Started process 5954 to run task
[2022-07-31 14:46:09,721] {standard_task_runner.py:79} INFO - Running: ['***', 'tasks', 'run', 'dag_with_postgres_operator', 'create_postgres_table', 'scheduled__2022-02-09T00:00:00+00:00', '--job-id', '362', '--raw', '--subdir', 'DAGS_FOLDER/DAGWithPostgresOperator.py', '--cfg-path', '/tmp/tmpq3qmzdbk', '--error-file', '/tmp/tmp1b0dvv2a']
[2022-07-31 14:46:09,722] {standard_task_runner.py:80} INFO - Job 362: Subtask create_postgres_table
[2022-07-31 14:46:09,819] {task_command.py:369} INFO - Running <TaskInstance: dag_with_postgres_operator.create_postgres_table scheduled__2022-02-09T00:00:00+00:00 [running]> on host 4688dd3b7141
[2022-07-31 14:46:09,932] {taskinstance.py:1571} INFO - Exporting the following env vars:
AIRFLOW_CTX_DAG_OWNER=yosr
AIRFLOW_CTX_DAG_ID=dag_with_postgres_operator
AIRFLOW_CTX_TASK_ID=create_postgres_table
AIRFLOW_CTX_EXECUTION_DATE=2022-02-09T00:00:00+00:00
AIRFLOW_CTX_TRY_NUMBER=5
AIRFLOW_CTX_DAG_RUN_ID=scheduled__2022-02-09T00:00:00+00:00
[2022-07-31 14:46:09,949] {base.py:68} INFO - Using connection ID 'postgres_localhost' for task execution.
[2022-07-31 14:46:24,965] {taskinstance.py:1889} ERROR - Task failed with exception
Traceback (most recent call last):
  File "/home/airflow/.local/lib/python3.7/site-packages/airflow/providers/postgres/operators/postgres.py", line 92, in execute
    self.hook.run(self.sql, self.autocommit, parameters=self.parameters)
  File "/home/airflow/.local/lib/python3.7/site-packages/airflow/hooks/dbapi.py", line 181, in run
    with closing(self.get_conn()) as conn:
  File "/home/airflow/.local/lib/python3.7/site-packages/airflow/providers/postgres/hooks/postgres.py", line 113, in get_conn
    self.conn = psycopg2.connect(**conn_args)
  File "/home/airflow/.local/lib/python3.7/site-packages/psycopg2/__init__.py", line 122, in connect
    conn = _connect(dsn, connection_factory=connection_factory, **kwasync)
psycopg2.OperationalError: could not translate host name "host.docker.local" to address: Temporary failure in name resolution

[2022-07-31 14:46:24,984] {taskinstance.py:1400} INFO - Marking task as UP_FOR_RETRY. dag_id=dag_with_postgres_operator, task_id=create_postgres_table, execution_date=20220209T000000, start_date=20220731T144609, end_date=20220731T144624
[2022-07-31 14:46:25,112] {standard_task_runner.py:97} ERROR - Failed to execute job 362 for task create_postgres_table (could not translate host name "host.docker.local" to address: Temporary failure in name resolution
; 5954)
[2022-07-31 14:46:25,143] {local_task_job.py:156} INFO - Task exited with return code 1
[2022-07-31 14:46:25,190] {local_task_job.py:273} INFO - 0 downstream tasks scheduled from follow-on schedule check
