[2022-07-30 18:59:16,825] {taskinstance.py:1159} INFO - Dependencies all met for <TaskInstance: dag_with_postgres_operator.create_postgres_table scheduled__2022-02-09T00:00:00+00:00 [queued]>
[2022-07-30 18:59:16,838] {taskinstance.py:1159} INFO - Dependencies all met for <TaskInstance: dag_with_postgres_operator.create_postgres_table scheduled__2022-02-09T00:00:00+00:00 [queued]>
[2022-07-30 18:59:16,838] {taskinstance.py:1356} INFO - 
--------------------------------------------------------------------------------
[2022-07-30 18:59:16,838] {taskinstance.py:1357} INFO - Starting attempt 2 of 6
[2022-07-30 18:59:16,838] {taskinstance.py:1358} INFO - 
--------------------------------------------------------------------------------
[2022-07-30 18:59:16,852] {taskinstance.py:1377} INFO - Executing <Task(PostgresOperator): create_postgres_table> on 2022-02-09 00:00:00+00:00
[2022-07-30 18:59:16,855] {standard_task_runner.py:52} INFO - Started process 4721 to run task
[2022-07-30 18:59:16,858] {standard_task_runner.py:79} INFO - Running: ['***', 'tasks', 'run', 'dag_with_postgres_operator', 'create_postgres_table', 'scheduled__2022-02-09T00:00:00+00:00', '--job-id', '310', '--raw', '--subdir', 'DAGS_FOLDER/DAGWithPostgresOperator.py', '--cfg-path', '/tmp/tmpy3esyjwm', '--error-file', '/tmp/tmpiu6t0cuk']
[2022-07-30 18:59:16,858] {standard_task_runner.py:80} INFO - Job 310: Subtask create_postgres_table
[2022-07-30 18:59:16,915] {task_command.py:369} INFO - Running <TaskInstance: dag_with_postgres_operator.create_postgres_table scheduled__2022-02-09T00:00:00+00:00 [running]> on host 66bf18ec08cc
[2022-07-30 18:59:16,986] {taskinstance.py:1571} INFO - Exporting the following env vars:
AIRFLOW_CTX_DAG_OWNER=yosr
AIRFLOW_CTX_DAG_ID=dag_with_postgres_operator
AIRFLOW_CTX_TASK_ID=create_postgres_table
AIRFLOW_CTX_EXECUTION_DATE=2022-02-09T00:00:00+00:00
AIRFLOW_CTX_TRY_NUMBER=2
AIRFLOW_CTX_DAG_RUN_ID=scheduled__2022-02-09T00:00:00+00:00
[2022-07-30 18:59:16,996] {base.py:68} INFO - Using connection ID 'postgres_localhost' for task execution.
[2022-07-30 18:59:16,997] {taskinstance.py:1889} ERROR - Task failed with exception
Traceback (most recent call last):
  File "/home/airflow/.local/lib/python3.7/site-packages/airflow/providers/postgres/operators/postgres.py", line 92, in execute
    self.hook.run(self.sql, self.autocommit, parameters=self.parameters)
  File "/home/airflow/.local/lib/python3.7/site-packages/airflow/hooks/dbapi.py", line 181, in run
    with closing(self.get_conn()) as conn:
  File "/home/airflow/.local/lib/python3.7/site-packages/airflow/providers/postgres/hooks/postgres.py", line 113, in get_conn
    self.conn = psycopg2.connect(**conn_args)
  File "/home/airflow/.local/lib/python3.7/site-packages/psycopg2/__init__.py", line 122, in connect
    conn = _connect(dsn, connection_factory=connection_factory, **kwasync)
psycopg2.OperationalError: could not translate host name "host.docker.internal " to address: Name or service not known

[2022-07-30 18:59:17,007] {taskinstance.py:1400} INFO - Marking task as UP_FOR_RETRY. dag_id=dag_with_postgres_operator, task_id=create_postgres_table, execution_date=20220209T000000, start_date=20220730T185916, end_date=20220730T185917
[2022-07-30 18:59:17,021] {standard_task_runner.py:97} ERROR - Failed to execute job 310 for task create_postgres_table (could not translate host name "host.docker.internal " to address: Name or service not known
; 4721)
[2022-07-30 18:59:17,035] {local_task_job.py:156} INFO - Task exited with return code 1
[2022-07-30 18:59:17,079] {local_task_job.py:273} INFO - 0 downstream tasks scheduled from follow-on schedule check
[2022-07-31 10:01:33,396] {taskinstance.py:1159} INFO - Dependencies all met for <TaskInstance: dag_with_postgres_operator.create_postgres_table scheduled__2022-02-09T00:00:00+00:00 [queued]>
[2022-07-31 10:01:33,425] {taskinstance.py:1159} INFO - Dependencies all met for <TaskInstance: dag_with_postgres_operator.create_postgres_table scheduled__2022-02-09T00:00:00+00:00 [queued]>
[2022-07-31 10:01:33,425] {taskinstance.py:1356} INFO - 
--------------------------------------------------------------------------------
[2022-07-31 10:01:33,425] {taskinstance.py:1357} INFO - Starting attempt 2 of 6
[2022-07-31 10:01:33,425] {taskinstance.py:1358} INFO - 
--------------------------------------------------------------------------------
[2022-07-31 10:01:33,453] {taskinstance.py:1377} INFO - Executing <Task(PostgresOperator): create_postgres_table> on 2022-02-09 00:00:00+00:00
[2022-07-31 10:01:33,459] {standard_task_runner.py:52} INFO - Started process 1197 to run task
[2022-07-31 10:01:33,463] {standard_task_runner.py:79} INFO - Running: ['***', 'tasks', 'run', 'dag_with_postgres_operator', 'create_postgres_table', 'scheduled__2022-02-09T00:00:00+00:00', '--job-id', '1322', '--raw', '--subdir', 'DAGS_FOLDER/DAGWithPostgresOperator.py', '--cfg-path', '/tmp/tmpwavjvn8p', '--error-file', '/tmp/tmpyndrjehg']
[2022-07-31 10:01:33,463] {standard_task_runner.py:80} INFO - Job 1322: Subtask create_postgres_table
[2022-07-31 10:01:33,572] {task_command.py:369} INFO - Running <TaskInstance: dag_with_postgres_operator.create_postgres_table scheduled__2022-02-09T00:00:00+00:00 [running]> on host 66bf18ec08cc
[2022-07-31 10:01:33,710] {taskinstance.py:1571} INFO - Exporting the following env vars:
AIRFLOW_CTX_DAG_OWNER=yosr
AIRFLOW_CTX_DAG_ID=dag_with_postgres_operator
AIRFLOW_CTX_TASK_ID=create_postgres_table
AIRFLOW_CTX_EXECUTION_DATE=2022-02-09T00:00:00+00:00
AIRFLOW_CTX_TRY_NUMBER=2
AIRFLOW_CTX_DAG_RUN_ID=scheduled__2022-02-09T00:00:00+00:00
[2022-07-31 10:01:33,722] {base.py:68} INFO - Using connection ID 'postgres_localhost' for task execution.
[2022-07-31 10:01:33,723] {taskinstance.py:1889} ERROR - Task failed with exception
Traceback (most recent call last):
  File "/home/airflow/.local/lib/python3.7/site-packages/airflow/providers/postgres/operators/postgres.py", line 92, in execute
    self.hook.run(self.sql, self.autocommit, parameters=self.parameters)
  File "/home/airflow/.local/lib/python3.7/site-packages/airflow/hooks/dbapi.py", line 181, in run
    with closing(self.get_conn()) as conn:
  File "/home/airflow/.local/lib/python3.7/site-packages/airflow/providers/postgres/hooks/postgres.py", line 113, in get_conn
    self.conn = psycopg2.connect(**conn_args)
  File "/home/airflow/.local/lib/python3.7/site-packages/psycopg2/__init__.py", line 122, in connect
    conn = _connect(dsn, connection_factory=connection_factory, **kwasync)
psycopg2.OperationalError: could not translate host name "host.docker.local " to address: Name or service not known

[2022-07-31 10:01:33,738] {taskinstance.py:1400} INFO - Marking task as UP_FOR_RETRY. dag_id=dag_with_postgres_operator, task_id=create_postgres_table, execution_date=20220209T000000, start_date=20220731T100133, end_date=20220731T100133
[2022-07-31 10:01:33,756] {standard_task_runner.py:97} ERROR - Failed to execute job 1322 for task create_postgres_table (could not translate host name "host.docker.local " to address: Name or service not known
; 1197)
[2022-07-31 10:01:33,771] {local_task_job.py:156} INFO - Task exited with return code 1
[2022-07-31 10:01:33,874] {local_task_job.py:273} INFO - 0 downstream tasks scheduled from follow-on schedule check
[2022-07-31 14:30:36,410] {taskinstance.py:1159} INFO - Dependencies all met for <TaskInstance: dag_with_postgres_operator.create_postgres_table scheduled__2022-02-09T00:00:00+00:00 [queued]>
[2022-07-31 14:30:36,432] {taskinstance.py:1159} INFO - Dependencies all met for <TaskInstance: dag_with_postgres_operator.create_postgres_table scheduled__2022-02-09T00:00:00+00:00 [queued]>
[2022-07-31 14:30:36,432] {taskinstance.py:1356} INFO - 
--------------------------------------------------------------------------------
[2022-07-31 14:30:36,433] {taskinstance.py:1357} INFO - Starting attempt 2 of 6
[2022-07-31 14:30:36,433] {taskinstance.py:1358} INFO - 
--------------------------------------------------------------------------------
[2022-07-31 14:30:36,454] {taskinstance.py:1377} INFO - Executing <Task(PostgresOperator): create_postgres_table> on 2022-02-09 00:00:00+00:00
[2022-07-31 14:30:36,460] {standard_task_runner.py:52} INFO - Started process 5118 to run task
[2022-07-31 14:30:36,464] {standard_task_runner.py:79} INFO - Running: ['***', 'tasks', 'run', 'dag_with_postgres_operator', 'create_postgres_table', 'scheduled__2022-02-09T00:00:00+00:00', '--job-id', '311', '--raw', '--subdir', 'DAGS_FOLDER/DAGWithPostgresOperator.py', '--cfg-path', '/tmp/tmpwau06n3y', '--error-file', '/tmp/tmp71qiq6n1']
[2022-07-31 14:30:36,465] {standard_task_runner.py:80} INFO - Job 311: Subtask create_postgres_table
[2022-07-31 14:30:36,552] {task_command.py:369} INFO - Running <TaskInstance: dag_with_postgres_operator.create_postgres_table scheduled__2022-02-09T00:00:00+00:00 [running]> on host 4688dd3b7141
[2022-07-31 14:30:36,664] {taskinstance.py:1571} INFO - Exporting the following env vars:
AIRFLOW_CTX_DAG_OWNER=yosr
AIRFLOW_CTX_DAG_ID=dag_with_postgres_operator
AIRFLOW_CTX_TASK_ID=create_postgres_table
AIRFLOW_CTX_EXECUTION_DATE=2022-02-09T00:00:00+00:00
AIRFLOW_CTX_TRY_NUMBER=2
AIRFLOW_CTX_DAG_RUN_ID=scheduled__2022-02-09T00:00:00+00:00
[2022-07-31 14:30:36,704] {taskinstance.py:1889} ERROR - Task failed with exception
Traceback (most recent call last):
  File "/home/airflow/.local/lib/python3.7/site-packages/airflow/providers/postgres/operators/postgres.py", line 92, in execute
    self.hook.run(self.sql, self.autocommit, parameters=self.parameters)
  File "/home/airflow/.local/lib/python3.7/site-packages/airflow/hooks/dbapi.py", line 181, in run
    with closing(self.get_conn()) as conn:
  File "/home/airflow/.local/lib/python3.7/site-packages/airflow/providers/postgres/hooks/postgres.py", line 86, in get_conn
    conn = deepcopy(self.connection or self.get_connection(conn_id))
  File "/home/airflow/.local/lib/python3.7/site-packages/airflow/hooks/base.py", line 67, in get_connection
    conn = Connection.get_connection_from_secrets(conn_id)
  File "/home/airflow/.local/lib/python3.7/site-packages/airflow/models/connection.py", line 430, in get_connection_from_secrets
    raise AirflowNotFoundException(f"The conn_id `{conn_id}` isn't defined")
airflow.exceptions.AirflowNotFoundException: The conn_id `postgres_localhost` isn't defined
[2022-07-31 14:30:36,710] {taskinstance.py:1400} INFO - Marking task as UP_FOR_RETRY. dag_id=dag_with_postgres_operator, task_id=create_postgres_table, execution_date=20220209T000000, start_date=20220731T143036, end_date=20220731T143036
[2022-07-31 14:30:36,726] {standard_task_runner.py:97} ERROR - Failed to execute job 311 for task create_postgres_table (The conn_id `postgres_localhost` isn't defined; 5118)
[2022-07-31 14:30:36,767] {local_task_job.py:156} INFO - Task exited with return code 1
[2022-07-31 14:30:36,820] {local_task_job.py:273} INFO - 0 downstream tasks scheduled from follow-on schedule check
