[2022-07-30 19:04:17,336] {taskinstance.py:1159} INFO - Dependencies all met for <TaskInstance: dag_with_postgres_operator.create_postgres_table scheduled__2022-02-09T00:00:00+00:00 [queued]>
[2022-07-30 19:04:17,352] {taskinstance.py:1159} INFO - Dependencies all met for <TaskInstance: dag_with_postgres_operator.create_postgres_table scheduled__2022-02-09T00:00:00+00:00 [queued]>
[2022-07-30 19:04:17,352] {taskinstance.py:1356} INFO - 
--------------------------------------------------------------------------------
[2022-07-30 19:04:17,352] {taskinstance.py:1357} INFO - Starting attempt 3 of 6
[2022-07-30 19:04:17,352] {taskinstance.py:1358} INFO - 
--------------------------------------------------------------------------------
[2022-07-30 19:04:17,369] {taskinstance.py:1377} INFO - Executing <Task(PostgresOperator): create_postgres_table> on 2022-02-09 00:00:00+00:00
[2022-07-30 19:04:17,373] {standard_task_runner.py:52} INFO - Started process 4986 to run task
[2022-07-30 19:04:17,376] {standard_task_runner.py:79} INFO - Running: ['***', 'tasks', 'run', 'dag_with_postgres_operator', 'create_postgres_table', 'scheduled__2022-02-09T00:00:00+00:00', '--job-id', '325', '--raw', '--subdir', 'DAGS_FOLDER/DAGWithPostgresOperator.py', '--cfg-path', '/tmp/tmp5z9rdq8n', '--error-file', '/tmp/tmp92tclwlv']
[2022-07-30 19:04:17,376] {standard_task_runner.py:80} INFO - Job 325: Subtask create_postgres_table
[2022-07-30 19:04:17,447] {task_command.py:369} INFO - Running <TaskInstance: dag_with_postgres_operator.create_postgres_table scheduled__2022-02-09T00:00:00+00:00 [running]> on host 66bf18ec08cc
[2022-07-30 19:04:17,535] {taskinstance.py:1571} INFO - Exporting the following env vars:
AIRFLOW_CTX_DAG_OWNER=yosr
AIRFLOW_CTX_DAG_ID=dag_with_postgres_operator
AIRFLOW_CTX_TASK_ID=create_postgres_table
AIRFLOW_CTX_EXECUTION_DATE=2022-02-09T00:00:00+00:00
AIRFLOW_CTX_TRY_NUMBER=3
AIRFLOW_CTX_DAG_RUN_ID=scheduled__2022-02-09T00:00:00+00:00
[2022-07-30 19:04:17,549] {base.py:68} INFO - Using connection ID 'postgres_localhost' for task execution.
[2022-07-30 19:04:17,550] {taskinstance.py:1889} ERROR - Task failed with exception
Traceback (most recent call last):
  File "/home/airflow/.local/lib/python3.7/site-packages/airflow/providers/postgres/operators/postgres.py", line 92, in execute
    self.hook.run(self.sql, self.autocommit, parameters=self.parameters)
  File "/home/airflow/.local/lib/python3.7/site-packages/airflow/hooks/dbapi.py", line 181, in run
    with closing(self.get_conn()) as conn:
  File "/home/airflow/.local/lib/python3.7/site-packages/airflow/providers/postgres/hooks/postgres.py", line 113, in get_conn
    self.conn = psycopg2.connect(**conn_args)
  File "/home/airflow/.local/lib/python3.7/site-packages/psycopg2/__init__.py", line 122, in connect
    conn = _connect(dsn, connection_factory=connection_factory, **kwasync)
psycopg2.OperationalError: could not translate host name "host.docker.internal " to address: Name or service not known

[2022-07-30 19:04:17,561] {taskinstance.py:1400} INFO - Marking task as UP_FOR_RETRY. dag_id=dag_with_postgres_operator, task_id=create_postgres_table, execution_date=20220209T000000, start_date=20220730T190417, end_date=20220730T190417
[2022-07-30 19:04:17,577] {standard_task_runner.py:97} ERROR - Failed to execute job 325 for task create_postgres_table (could not translate host name "host.docker.internal " to address: Name or service not known
; 4986)
[2022-07-30 19:04:17,595] {local_task_job.py:156} INFO - Task exited with return code 1
[2022-07-30 19:04:17,680] {local_task_job.py:273} INFO - 0 downstream tasks scheduled from follow-on schedule check
[2022-07-31 10:06:34,439] {taskinstance.py:1159} INFO - Dependencies all met for <TaskInstance: dag_with_postgres_operator.create_postgres_table scheduled__2022-02-09T00:00:00+00:00 [queued]>
[2022-07-31 10:06:34,457] {taskinstance.py:1159} INFO - Dependencies all met for <TaskInstance: dag_with_postgres_operator.create_postgres_table scheduled__2022-02-09T00:00:00+00:00 [queued]>
[2022-07-31 10:06:34,457] {taskinstance.py:1356} INFO - 
--------------------------------------------------------------------------------
[2022-07-31 10:06:34,457] {taskinstance.py:1357} INFO - Starting attempt 3 of 6
[2022-07-31 10:06:34,457] {taskinstance.py:1358} INFO - 
--------------------------------------------------------------------------------
[2022-07-31 10:06:34,478] {taskinstance.py:1377} INFO - Executing <Task(PostgresOperator): create_postgres_table> on 2022-02-09 00:00:00+00:00
[2022-07-31 10:06:34,482] {standard_task_runner.py:52} INFO - Started process 1463 to run task
[2022-07-31 10:06:34,484] {standard_task_runner.py:79} INFO - Running: ['***', 'tasks', 'run', 'dag_with_postgres_operator', 'create_postgres_table', 'scheduled__2022-02-09T00:00:00+00:00', '--job-id', '1337', '--raw', '--subdir', 'DAGS_FOLDER/DAGWithPostgresOperator.py', '--cfg-path', '/tmp/tmpv4v08lru', '--error-file', '/tmp/tmpdvljlysu']
[2022-07-31 10:06:34,485] {standard_task_runner.py:80} INFO - Job 1337: Subtask create_postgres_table
[2022-07-31 10:06:34,557] {task_command.py:369} INFO - Running <TaskInstance: dag_with_postgres_operator.create_postgres_table scheduled__2022-02-09T00:00:00+00:00 [running]> on host 66bf18ec08cc
[2022-07-31 10:06:34,678] {taskinstance.py:1571} INFO - Exporting the following env vars:
AIRFLOW_CTX_DAG_OWNER=yosr
AIRFLOW_CTX_DAG_ID=dag_with_postgres_operator
AIRFLOW_CTX_TASK_ID=create_postgres_table
AIRFLOW_CTX_EXECUTION_DATE=2022-02-09T00:00:00+00:00
AIRFLOW_CTX_TRY_NUMBER=3
AIRFLOW_CTX_DAG_RUN_ID=scheduled__2022-02-09T00:00:00+00:00
[2022-07-31 10:06:34,695] {base.py:68} INFO - Using connection ID 'postgres_localhost' for task execution.
[2022-07-31 10:06:34,697] {taskinstance.py:1889} ERROR - Task failed with exception
Traceback (most recent call last):
  File "/home/airflow/.local/lib/python3.7/site-packages/airflow/providers/postgres/operators/postgres.py", line 92, in execute
    self.hook.run(self.sql, self.autocommit, parameters=self.parameters)
  File "/home/airflow/.local/lib/python3.7/site-packages/airflow/hooks/dbapi.py", line 181, in run
    with closing(self.get_conn()) as conn:
  File "/home/airflow/.local/lib/python3.7/site-packages/airflow/providers/postgres/hooks/postgres.py", line 113, in get_conn
    self.conn = psycopg2.connect(**conn_args)
  File "/home/airflow/.local/lib/python3.7/site-packages/psycopg2/__init__.py", line 122, in connect
    conn = _connect(dsn, connection_factory=connection_factory, **kwasync)
psycopg2.OperationalError: could not translate host name "host.docker.local " to address: Name or service not known

[2022-07-31 10:06:34,711] {taskinstance.py:1400} INFO - Marking task as UP_FOR_RETRY. dag_id=dag_with_postgres_operator, task_id=create_postgres_table, execution_date=20220209T000000, start_date=20220731T100634, end_date=20220731T100634
[2022-07-31 10:06:34,726] {standard_task_runner.py:97} ERROR - Failed to execute job 1337 for task create_postgres_table (could not translate host name "host.docker.local " to address: Name or service not known
; 1463)
[2022-07-31 10:06:34,749] {local_task_job.py:156} INFO - Task exited with return code 1
[2022-07-31 10:06:34,811] {local_task_job.py:273} INFO - 0 downstream tasks scheduled from follow-on schedule check
[2022-07-31 14:35:37,234] {taskinstance.py:1159} INFO - Dependencies all met for <TaskInstance: dag_with_postgres_operator.create_postgres_table scheduled__2022-02-09T00:00:00+00:00 [queued]>
[2022-07-31 14:35:37,265] {taskinstance.py:1159} INFO - Dependencies all met for <TaskInstance: dag_with_postgres_operator.create_postgres_table scheduled__2022-02-09T00:00:00+00:00 [queued]>
[2022-07-31 14:35:37,265] {taskinstance.py:1356} INFO - 
--------------------------------------------------------------------------------
[2022-07-31 14:35:37,265] {taskinstance.py:1357} INFO - Starting attempt 3 of 6
[2022-07-31 14:35:37,265] {taskinstance.py:1358} INFO - 
--------------------------------------------------------------------------------
[2022-07-31 14:35:37,285] {taskinstance.py:1377} INFO - Executing <Task(PostgresOperator): create_postgres_table> on 2022-02-09 00:00:00+00:00
[2022-07-31 14:35:37,291] {standard_task_runner.py:52} INFO - Started process 5379 to run task
[2022-07-31 14:35:37,298] {standard_task_runner.py:79} INFO - Running: ['***', 'tasks', 'run', 'dag_with_postgres_operator', 'create_postgres_table', 'scheduled__2022-02-09T00:00:00+00:00', '--job-id', '326', '--raw', '--subdir', 'DAGS_FOLDER/DAGWithPostgresOperator.py', '--cfg-path', '/tmp/tmpw_7z02lw', '--error-file', '/tmp/tmpupxtc5am']
[2022-07-31 14:35:37,298] {standard_task_runner.py:80} INFO - Job 326: Subtask create_postgres_table
[2022-07-31 14:35:37,456] {task_command.py:369} INFO - Running <TaskInstance: dag_with_postgres_operator.create_postgres_table scheduled__2022-02-09T00:00:00+00:00 [running]> on host 4688dd3b7141
[2022-07-31 14:35:37,589] {taskinstance.py:1571} INFO - Exporting the following env vars:
AIRFLOW_CTX_DAG_OWNER=yosr
AIRFLOW_CTX_DAG_ID=dag_with_postgres_operator
AIRFLOW_CTX_TASK_ID=create_postgres_table
AIRFLOW_CTX_EXECUTION_DATE=2022-02-09T00:00:00+00:00
AIRFLOW_CTX_TRY_NUMBER=3
AIRFLOW_CTX_DAG_RUN_ID=scheduled__2022-02-09T00:00:00+00:00
[2022-07-31 14:35:37,608] {base.py:68} INFO - Using connection ID 'postgres_localhost' for task execution.
[2022-07-31 14:35:52,625] {taskinstance.py:1889} ERROR - Task failed with exception
Traceback (most recent call last):
  File "/home/airflow/.local/lib/python3.7/site-packages/airflow/providers/postgres/operators/postgres.py", line 92, in execute
    self.hook.run(self.sql, self.autocommit, parameters=self.parameters)
  File "/home/airflow/.local/lib/python3.7/site-packages/airflow/hooks/dbapi.py", line 181, in run
    with closing(self.get_conn()) as conn:
  File "/home/airflow/.local/lib/python3.7/site-packages/airflow/providers/postgres/hooks/postgres.py", line 113, in get_conn
    self.conn = psycopg2.connect(**conn_args)
  File "/home/airflow/.local/lib/python3.7/site-packages/psycopg2/__init__.py", line 122, in connect
    conn = _connect(dsn, connection_factory=connection_factory, **kwasync)
psycopg2.OperationalError: could not translate host name "host.docker.local" to address: Temporary failure in name resolution

[2022-07-31 14:35:52,646] {taskinstance.py:1400} INFO - Marking task as UP_FOR_RETRY. dag_id=dag_with_postgres_operator, task_id=create_postgres_table, execution_date=20220209T000000, start_date=20220731T143537, end_date=20220731T143552
[2022-07-31 14:35:52,666] {standard_task_runner.py:97} ERROR - Failed to execute job 326 for task create_postgres_table (could not translate host name "host.docker.local" to address: Temporary failure in name resolution
; 5379)
[2022-07-31 14:35:52,714] {local_task_job.py:156} INFO - Task exited with return code 1
[2022-07-31 14:35:52,776] {local_task_job.py:273} INFO - 0 downstream tasks scheduled from follow-on schedule check
