[2022-07-30 18:54:16,243] {taskinstance.py:1159} INFO - Dependencies all met for <TaskInstance: dag_with_postgres_operator.create_postgres_table scheduled__2022-02-09T00:00:00+00:00 [queued]>
[2022-07-30 18:54:16,259] {taskinstance.py:1159} INFO - Dependencies all met for <TaskInstance: dag_with_postgres_operator.create_postgres_table scheduled__2022-02-09T00:00:00+00:00 [queued]>
[2022-07-30 18:54:16,259] {taskinstance.py:1356} INFO - 
--------------------------------------------------------------------------------
[2022-07-30 18:54:16,259] {taskinstance.py:1357} INFO - Starting attempt 1 of 6
[2022-07-30 18:54:16,259] {taskinstance.py:1358} INFO - 
--------------------------------------------------------------------------------
[2022-07-30 18:54:16,283] {taskinstance.py:1377} INFO - Executing <Task(PostgresOperator): create_postgres_table> on 2022-02-09 00:00:00+00:00
[2022-07-30 18:54:16,288] {standard_task_runner.py:52} INFO - Started process 4460 to run task
[2022-07-30 18:54:16,291] {standard_task_runner.py:79} INFO - Running: ['***', 'tasks', 'run', 'dag_with_postgres_operator', 'create_postgres_table', 'scheduled__2022-02-09T00:00:00+00:00', '--job-id', '295', '--raw', '--subdir', 'DAGS_FOLDER/DAGWithPostgresOperator.py', '--cfg-path', '/tmp/tmpi62h8yab', '--error-file', '/tmp/tmpsbw777ik']
[2022-07-30 18:54:16,292] {standard_task_runner.py:80} INFO - Job 295: Subtask create_postgres_table
[2022-07-30 18:54:16,376] {task_command.py:369} INFO - Running <TaskInstance: dag_with_postgres_operator.create_postgres_table scheduled__2022-02-09T00:00:00+00:00 [running]> on host 66bf18ec08cc
[2022-07-30 18:54:16,499] {taskinstance.py:1571} INFO - Exporting the following env vars:
AIRFLOW_CTX_DAG_OWNER=yosr
AIRFLOW_CTX_DAG_ID=dag_with_postgres_operator
AIRFLOW_CTX_TASK_ID=create_postgres_table
AIRFLOW_CTX_EXECUTION_DATE=2022-02-09T00:00:00+00:00
AIRFLOW_CTX_TRY_NUMBER=1
AIRFLOW_CTX_DAG_RUN_ID=scheduled__2022-02-09T00:00:00+00:00
[2022-07-30 18:54:16,519] {base.py:68} INFO - Using connection ID 'postgres_localhost' for task execution.
[2022-07-30 18:54:16,520] {taskinstance.py:1889} ERROR - Task failed with exception
Traceback (most recent call last):
  File "/home/airflow/.local/lib/python3.7/site-packages/airflow/providers/postgres/operators/postgres.py", line 92, in execute
    self.hook.run(self.sql, self.autocommit, parameters=self.parameters)
  File "/home/airflow/.local/lib/python3.7/site-packages/airflow/hooks/dbapi.py", line 181, in run
    with closing(self.get_conn()) as conn:
  File "/home/airflow/.local/lib/python3.7/site-packages/airflow/providers/postgres/hooks/postgres.py", line 113, in get_conn
    self.conn = psycopg2.connect(**conn_args)
  File "/home/airflow/.local/lib/python3.7/site-packages/psycopg2/__init__.py", line 122, in connect
    conn = _connect(dsn, connection_factory=connection_factory, **kwasync)
psycopg2.OperationalError: could not translate host name "host.docker.internal " to address: Name or service not known

[2022-07-30 18:54:16,539] {taskinstance.py:1400} INFO - Marking task as UP_FOR_RETRY. dag_id=dag_with_postgres_operator, task_id=create_postgres_table, execution_date=20220209T000000, start_date=20220730T185416, end_date=20220730T185416
[2022-07-30 18:54:16,561] {standard_task_runner.py:97} ERROR - Failed to execute job 295 for task create_postgres_table (could not translate host name "host.docker.internal " to address: Name or service not known
; 4460)
[2022-07-30 18:54:16,591] {local_task_job.py:156} INFO - Task exited with return code 1
[2022-07-30 18:54:16,668] {local_task_job.py:273} INFO - 0 downstream tasks scheduled from follow-on schedule check
[2022-07-31 09:56:32,238] {taskinstance.py:1159} INFO - Dependencies all met for <TaskInstance: dag_with_postgres_operator.create_postgres_table scheduled__2022-02-09T00:00:00+00:00 [queued]>
[2022-07-31 09:56:32,252] {taskinstance.py:1159} INFO - Dependencies all met for <TaskInstance: dag_with_postgres_operator.create_postgres_table scheduled__2022-02-09T00:00:00+00:00 [queued]>
[2022-07-31 09:56:32,252] {taskinstance.py:1356} INFO - 
--------------------------------------------------------------------------------
[2022-07-31 09:56:32,252] {taskinstance.py:1357} INFO - Starting attempt 1 of 6
[2022-07-31 09:56:32,252] {taskinstance.py:1358} INFO - 
--------------------------------------------------------------------------------
[2022-07-31 09:56:32,273] {taskinstance.py:1377} INFO - Executing <Task(PostgresOperator): create_postgres_table> on 2022-02-09 00:00:00+00:00
[2022-07-31 09:56:32,276] {standard_task_runner.py:52} INFO - Started process 940 to run task
[2022-07-31 09:56:32,280] {standard_task_runner.py:79} INFO - Running: ['***', 'tasks', 'run', 'dag_with_postgres_operator', 'create_postgres_table', 'scheduled__2022-02-09T00:00:00+00:00', '--job-id', '1305', '--raw', '--subdir', 'DAGS_FOLDER/DAGWithPostgresOperator.py', '--cfg-path', '/tmp/tmpcgkog2sd', '--error-file', '/tmp/tmpqe0udg6a']
[2022-07-31 09:56:32,280] {standard_task_runner.py:80} INFO - Job 1305: Subtask create_postgres_table
[2022-07-31 09:56:32,342] {task_command.py:369} INFO - Running <TaskInstance: dag_with_postgres_operator.create_postgres_table scheduled__2022-02-09T00:00:00+00:00 [running]> on host 66bf18ec08cc
[2022-07-31 09:56:32,435] {taskinstance.py:1571} INFO - Exporting the following env vars:
AIRFLOW_CTX_DAG_OWNER=yosr
AIRFLOW_CTX_DAG_ID=dag_with_postgres_operator
AIRFLOW_CTX_TASK_ID=create_postgres_table
AIRFLOW_CTX_EXECUTION_DATE=2022-02-09T00:00:00+00:00
AIRFLOW_CTX_TRY_NUMBER=1
AIRFLOW_CTX_DAG_RUN_ID=scheduled__2022-02-09T00:00:00+00:00
[2022-07-31 09:56:32,446] {base.py:68} INFO - Using connection ID 'postgres_localhost' for task execution.
[2022-07-31 09:56:32,447] {taskinstance.py:1889} ERROR - Task failed with exception
Traceback (most recent call last):
  File "/home/airflow/.local/lib/python3.7/site-packages/airflow/providers/postgres/operators/postgres.py", line 92, in execute
    self.hook.run(self.sql, self.autocommit, parameters=self.parameters)
  File "/home/airflow/.local/lib/python3.7/site-packages/airflow/hooks/dbapi.py", line 181, in run
    with closing(self.get_conn()) as conn:
  File "/home/airflow/.local/lib/python3.7/site-packages/airflow/providers/postgres/hooks/postgres.py", line 113, in get_conn
    self.conn = psycopg2.connect(**conn_args)
  File "/home/airflow/.local/lib/python3.7/site-packages/psycopg2/__init__.py", line 122, in connect
    conn = _connect(dsn, connection_factory=connection_factory, **kwasync)
psycopg2.OperationalError: could not translate host name "host.docker.local " to address: Name or service not known

[2022-07-31 09:56:32,459] {taskinstance.py:1400} INFO - Marking task as UP_FOR_RETRY. dag_id=dag_with_postgres_operator, task_id=create_postgres_table, execution_date=20220209T000000, start_date=20220731T095632, end_date=20220731T095632
[2022-07-31 09:56:32,474] {standard_task_runner.py:97} ERROR - Failed to execute job 1305 for task create_postgres_table (could not translate host name "host.docker.local " to address: Name or service not known
; 940)
[2022-07-31 09:56:32,496] {local_task_job.py:156} INFO - Task exited with return code 1
[2022-07-31 09:56:32,600] {local_task_job.py:273} INFO - 0 downstream tasks scheduled from follow-on schedule check
[2022-07-31 14:25:35,396] {taskinstance.py:1159} INFO - Dependencies all met for <TaskInstance: dag_with_postgres_operator.create_postgres_table scheduled__2022-02-09T00:00:00+00:00 [queued]>
[2022-07-31 14:25:35,416] {taskinstance.py:1159} INFO - Dependencies all met for <TaskInstance: dag_with_postgres_operator.create_postgres_table scheduled__2022-02-09T00:00:00+00:00 [queued]>
[2022-07-31 14:25:35,416] {taskinstance.py:1356} INFO - 
--------------------------------------------------------------------------------
[2022-07-31 14:25:35,416] {taskinstance.py:1357} INFO - Starting attempt 1 of 6
[2022-07-31 14:25:35,416] {taskinstance.py:1358} INFO - 
--------------------------------------------------------------------------------
[2022-07-31 14:25:35,438] {taskinstance.py:1377} INFO - Executing <Task(PostgresOperator): create_postgres_table> on 2022-02-09 00:00:00+00:00
[2022-07-31 14:25:35,443] {standard_task_runner.py:52} INFO - Started process 4851 to run task
[2022-07-31 14:25:35,448] {standard_task_runner.py:79} INFO - Running: ['***', 'tasks', 'run', 'dag_with_postgres_operator', 'create_postgres_table', 'scheduled__2022-02-09T00:00:00+00:00', '--job-id', '295', '--raw', '--subdir', 'DAGS_FOLDER/DAGWithPostgresOperator.py', '--cfg-path', '/tmp/tmpxj1dh8dk', '--error-file', '/tmp/tmp8ctx8fh6']
[2022-07-31 14:25:35,449] {standard_task_runner.py:80} INFO - Job 295: Subtask create_postgres_table
[2022-07-31 14:25:35,527] {task_command.py:369} INFO - Running <TaskInstance: dag_with_postgres_operator.create_postgres_table scheduled__2022-02-09T00:00:00+00:00 [running]> on host 4688dd3b7141
[2022-07-31 14:25:35,634] {taskinstance.py:1571} INFO - Exporting the following env vars:
AIRFLOW_CTX_DAG_OWNER=yosr
AIRFLOW_CTX_DAG_ID=dag_with_postgres_operator
AIRFLOW_CTX_TASK_ID=create_postgres_table
AIRFLOW_CTX_EXECUTION_DATE=2022-02-09T00:00:00+00:00
AIRFLOW_CTX_TRY_NUMBER=1
AIRFLOW_CTX_DAG_RUN_ID=scheduled__2022-02-09T00:00:00+00:00
[2022-07-31 14:25:35,672] {taskinstance.py:1889} ERROR - Task failed with exception
Traceback (most recent call last):
  File "/home/airflow/.local/lib/python3.7/site-packages/airflow/providers/postgres/operators/postgres.py", line 92, in execute
    self.hook.run(self.sql, self.autocommit, parameters=self.parameters)
  File "/home/airflow/.local/lib/python3.7/site-packages/airflow/hooks/dbapi.py", line 181, in run
    with closing(self.get_conn()) as conn:
  File "/home/airflow/.local/lib/python3.7/site-packages/airflow/providers/postgres/hooks/postgres.py", line 86, in get_conn
    conn = deepcopy(self.connection or self.get_connection(conn_id))
  File "/home/airflow/.local/lib/python3.7/site-packages/airflow/hooks/base.py", line 67, in get_connection
    conn = Connection.get_connection_from_secrets(conn_id)
  File "/home/airflow/.local/lib/python3.7/site-packages/airflow/models/connection.py", line 430, in get_connection_from_secrets
    raise AirflowNotFoundException(f"The conn_id `{conn_id}` isn't defined")
airflow.exceptions.AirflowNotFoundException: The conn_id `postgres_localhost` isn't defined
[2022-07-31 14:25:35,678] {taskinstance.py:1400} INFO - Marking task as UP_FOR_RETRY. dag_id=dag_with_postgres_operator, task_id=create_postgres_table, execution_date=20220209T000000, start_date=20220731T142535, end_date=20220731T142535
[2022-07-31 14:25:35,698] {standard_task_runner.py:97} ERROR - Failed to execute job 295 for task create_postgres_table (The conn_id `postgres_localhost` isn't defined; 4851)
[2022-07-31 14:25:35,745] {local_task_job.py:156} INFO - Task exited with return code 1
[2022-07-31 14:25:35,789] {local_task_job.py:273} INFO - 0 downstream tasks scheduled from follow-on schedule check
