[2022-07-30 18:28:55,526] {taskinstance.py:1159} INFO - Dependencies all met for <TaskInstance: dag_with_postgres_operator.create_postgres_table scheduled__2022-01-18T00:00:00+00:00 [queued]>
[2022-07-30 18:28:55,546] {taskinstance.py:1159} INFO - Dependencies all met for <TaskInstance: dag_with_postgres_operator.create_postgres_table scheduled__2022-01-18T00:00:00+00:00 [queued]>
[2022-07-30 18:28:55,546] {taskinstance.py:1356} INFO - 
--------------------------------------------------------------------------------
[2022-07-30 18:28:55,546] {taskinstance.py:1357} INFO - Starting attempt 6 of 6
[2022-07-30 18:28:55,546] {taskinstance.py:1358} INFO - 
--------------------------------------------------------------------------------
[2022-07-30 18:28:55,572] {taskinstance.py:1377} INFO - Executing <Task(PostgresOperator): create_postgres_table> on 2022-01-18 00:00:00+00:00
[2022-07-30 18:28:55,578] {standard_task_runner.py:52} INFO - Started process 3076 to run task
[2022-07-30 18:28:55,582] {standard_task_runner.py:79} INFO - Running: ['***', 'tasks', 'run', 'dag_with_postgres_operator', 'create_postgres_table', 'scheduled__2022-01-18T00:00:00+00:00', '--job-id', '193', '--raw', '--subdir', 'DAGS_FOLDER/DAGWithPostgresOperator.py', '--cfg-path', '/tmp/tmp2zkwdimd', '--error-file', '/tmp/tmpz55i0bp8']
[2022-07-30 18:28:55,583] {standard_task_runner.py:80} INFO - Job 193: Subtask create_postgres_table
[2022-07-30 18:28:55,670] {task_command.py:369} INFO - Running <TaskInstance: dag_with_postgres_operator.create_postgres_table scheduled__2022-01-18T00:00:00+00:00 [running]> on host 66bf18ec08cc
[2022-07-30 18:28:55,763] {taskinstance.py:1571} INFO - Exporting the following env vars:
AIRFLOW_CTX_DAG_OWNER=yosr
AIRFLOW_CTX_DAG_ID=dag_with_postgres_operator
AIRFLOW_CTX_TASK_ID=create_postgres_table
AIRFLOW_CTX_EXECUTION_DATE=2022-01-18T00:00:00+00:00
AIRFLOW_CTX_TRY_NUMBER=6
AIRFLOW_CTX_DAG_RUN_ID=scheduled__2022-01-18T00:00:00+00:00
[2022-07-30 18:28:55,775] {base.py:68} INFO - Using connection ID 'postgres_localhost' for task execution.
[2022-07-30 18:28:55,777] {taskinstance.py:1889} ERROR - Task failed with exception
Traceback (most recent call last):
  File "/home/airflow/.local/lib/python3.7/site-packages/airflow/providers/postgres/operators/postgres.py", line 92, in execute
    self.hook.run(self.sql, self.autocommit, parameters=self.parameters)
  File "/home/airflow/.local/lib/python3.7/site-packages/airflow/hooks/dbapi.py", line 181, in run
    with closing(self.get_conn()) as conn:
  File "/home/airflow/.local/lib/python3.7/site-packages/airflow/providers/postgres/hooks/postgres.py", line 113, in get_conn
    self.conn = psycopg2.connect(**conn_args)
  File "/home/airflow/.local/lib/python3.7/site-packages/psycopg2/__init__.py", line 122, in connect
    conn = _connect(dsn, connection_factory=connection_factory, **kwasync)
psycopg2.OperationalError: could not translate host name "host.docker.internal " to address: Name or service not known

[2022-07-30 18:28:55,787] {taskinstance.py:1400} INFO - Marking task as FAILED. dag_id=dag_with_postgres_operator, task_id=create_postgres_table, execution_date=20220118T000000, start_date=20220730T182855, end_date=20220730T182855
[2022-07-30 18:28:55,806] {standard_task_runner.py:97} ERROR - Failed to execute job 193 for task create_postgres_table (could not translate host name "host.docker.internal " to address: Name or service not known
; 3076)
[2022-07-30 18:28:55,842] {local_task_job.py:156} INFO - Task exited with return code 1
[2022-07-30 18:28:55,894] {local_task_job.py:273} INFO - 0 downstream tasks scheduled from follow-on schedule check
[2022-07-31 00:35:10,614] {taskinstance.py:1159} INFO - Dependencies all met for <TaskInstance: dag_with_postgres_operator.create_postgres_table scheduled__2022-01-18T00:00:00+00:00 [queued]>
[2022-07-31 00:35:10,639] {taskinstance.py:1159} INFO - Dependencies all met for <TaskInstance: dag_with_postgres_operator.create_postgres_table scheduled__2022-01-18T00:00:00+00:00 [queued]>
[2022-07-31 00:35:10,639] {taskinstance.py:1356} INFO - 
--------------------------------------------------------------------------------
[2022-07-31 00:35:10,639] {taskinstance.py:1357} INFO - Starting attempt 6 of 6
[2022-07-31 00:35:10,640] {taskinstance.py:1358} INFO - 
--------------------------------------------------------------------------------
[2022-07-31 00:35:10,663] {taskinstance.py:1377} INFO - Executing <Task(PostgresOperator): create_postgres_table> on 2022-01-18 00:00:00+00:00
[2022-07-31 00:35:10,670] {standard_task_runner.py:52} INFO - Started process 7006 to run task
[2022-07-31 00:35:10,676] {standard_task_runner.py:79} INFO - Running: ['***', 'tasks', 'run', 'dag_with_postgres_operator', 'create_postgres_table', 'scheduled__2022-01-18T00:00:00+00:00', '--job-id', '1202', '--raw', '--subdir', 'DAGS_FOLDER/DAGWithPostgresOperator.py', '--cfg-path', '/tmp/tmp15gs0mzr', '--error-file', '/tmp/tmp2wm_ucun']
[2022-07-31 00:35:10,677] {standard_task_runner.py:80} INFO - Job 1202: Subtask create_postgres_table
[2022-07-31 00:35:10,753] {task_command.py:369} INFO - Running <TaskInstance: dag_with_postgres_operator.create_postgres_table scheduled__2022-01-18T00:00:00+00:00 [running]> on host 66bf18ec08cc
[2022-07-31 00:35:10,865] {taskinstance.py:1571} INFO - Exporting the following env vars:
AIRFLOW_CTX_DAG_OWNER=yosr
AIRFLOW_CTX_DAG_ID=dag_with_postgres_operator
AIRFLOW_CTX_TASK_ID=create_postgres_table
AIRFLOW_CTX_EXECUTION_DATE=2022-01-18T00:00:00+00:00
AIRFLOW_CTX_TRY_NUMBER=6
AIRFLOW_CTX_DAG_RUN_ID=scheduled__2022-01-18T00:00:00+00:00
[2022-07-31 00:35:10,881] {base.py:68} INFO - Using connection ID 'postgres_localhost' for task execution.
[2022-07-31 00:35:10,882] {taskinstance.py:1889} ERROR - Task failed with exception
Traceback (most recent call last):
  File "/home/airflow/.local/lib/python3.7/site-packages/airflow/providers/postgres/operators/postgres.py", line 92, in execute
    self.hook.run(self.sql, self.autocommit, parameters=self.parameters)
  File "/home/airflow/.local/lib/python3.7/site-packages/airflow/hooks/dbapi.py", line 181, in run
    with closing(self.get_conn()) as conn:
  File "/home/airflow/.local/lib/python3.7/site-packages/airflow/providers/postgres/hooks/postgres.py", line 113, in get_conn
    self.conn = psycopg2.connect(**conn_args)
  File "/home/airflow/.local/lib/python3.7/site-packages/psycopg2/__init__.py", line 122, in connect
    conn = _connect(dsn, connection_factory=connection_factory, **kwasync)
psycopg2.OperationalError: could not translate host name "host.docker.local " to address: Name or service not known

[2022-07-31 00:35:10,898] {taskinstance.py:1400} INFO - Marking task as FAILED. dag_id=dag_with_postgres_operator, task_id=create_postgres_table, execution_date=20220118T000000, start_date=20220731T003510, end_date=20220731T003510
[2022-07-31 00:35:10,921] {standard_task_runner.py:97} ERROR - Failed to execute job 1202 for task create_postgres_table (could not translate host name "host.docker.local " to address: Name or service not known
; 7006)
[2022-07-31 00:35:10,937] {local_task_job.py:156} INFO - Task exited with return code 1
[2022-07-31 00:35:11,003] {local_task_job.py:273} INFO - 0 downstream tasks scheduled from follow-on schedule check
[2022-07-31 11:23:03,350] {taskinstance.py:1159} INFO - Dependencies all met for <TaskInstance: dag_with_postgres_operator.create_postgres_table scheduled__2022-01-18T00:00:00+00:00 [queued]>
[2022-07-31 11:23:03,364] {taskinstance.py:1159} INFO - Dependencies all met for <TaskInstance: dag_with_postgres_operator.create_postgres_table scheduled__2022-01-18T00:00:00+00:00 [queued]>
[2022-07-31 11:23:03,364] {taskinstance.py:1356} INFO - 
--------------------------------------------------------------------------------
[2022-07-31 11:23:03,364] {taskinstance.py:1357} INFO - Starting attempt 6 of 9
[2022-07-31 11:23:03,364] {taskinstance.py:1358} INFO - 
--------------------------------------------------------------------------------
[2022-07-31 11:23:03,383] {taskinstance.py:1377} INFO - Executing <Task(PostgresOperator): create_postgres_table> on 2022-01-18 00:00:00+00:00
[2022-07-31 11:23:03,387] {standard_task_runner.py:52} INFO - Started process 5555 to run task
[2022-07-31 11:23:03,390] {standard_task_runner.py:79} INFO - Running: ['***', 'tasks', 'run', 'dag_with_postgres_operator', 'create_postgres_table', 'scheduled__2022-01-18T00:00:00+00:00', '--job-id', '1623', '--raw', '--subdir', 'DAGS_FOLDER/DAGWithPostgresOperator.py', '--cfg-path', '/tmp/tmpyzkdkeb_', '--error-file', '/tmp/tmpiws6wbc9']
[2022-07-31 11:23:03,390] {standard_task_runner.py:80} INFO - Job 1623: Subtask create_postgres_table
[2022-07-31 11:23:03,459] {task_command.py:369} INFO - Running <TaskInstance: dag_with_postgres_operator.create_postgres_table scheduled__2022-01-18T00:00:00+00:00 [running]> on host 66bf18ec08cc
[2022-07-31 11:23:03,552] {taskinstance.py:1571} INFO - Exporting the following env vars:
AIRFLOW_CTX_DAG_OWNER=yosr
AIRFLOW_CTX_DAG_ID=dag_with_postgres_operator
AIRFLOW_CTX_TASK_ID=create_postgres_table
AIRFLOW_CTX_EXECUTION_DATE=2022-01-18T00:00:00+00:00
AIRFLOW_CTX_TRY_NUMBER=6
AIRFLOW_CTX_DAG_RUN_ID=scheduled__2022-01-18T00:00:00+00:00
[2022-07-31 11:23:03,563] {base.py:68} INFO - Using connection ID 'postgres_localhost' for task execution.
[2022-07-31 11:23:33,582] {taskinstance.py:1889} ERROR - Task failed with exception
Traceback (most recent call last):
  File "/home/airflow/.local/lib/python3.7/site-packages/airflow/providers/postgres/operators/postgres.py", line 92, in execute
    self.hook.run(self.sql, self.autocommit, parameters=self.parameters)
  File "/home/airflow/.local/lib/python3.7/site-packages/airflow/hooks/dbapi.py", line 181, in run
    with closing(self.get_conn()) as conn:
  File "/home/airflow/.local/lib/python3.7/site-packages/airflow/providers/postgres/hooks/postgres.py", line 113, in get_conn
    self.conn = psycopg2.connect(**conn_args)
  File "/home/airflow/.local/lib/python3.7/site-packages/psycopg2/__init__.py", line 122, in connect
    conn = _connect(dsn, connection_factory=connection_factory, **kwasync)
psycopg2.OperationalError: could not translate host name "host.docker.internal" to address: Temporary failure in name resolution

[2022-07-31 11:23:33,593] {taskinstance.py:1400} INFO - Marking task as UP_FOR_RETRY. dag_id=dag_with_postgres_operator, task_id=create_postgres_table, execution_date=20220118T000000, start_date=20220731T112303, end_date=20220731T112333
[2022-07-31 11:23:33,607] {standard_task_runner.py:97} ERROR - Failed to execute job 1623 for task create_postgres_table (could not translate host name "host.docker.internal" to address: Temporary failure in name resolution
; 5555)
[2022-07-31 11:23:33,651] {local_task_job.py:156} INFO - Task exited with return code 1
[2022-07-31 11:23:33,688] {local_task_job.py:273} INFO - 0 downstream tasks scheduled from follow-on schedule check
[2022-07-31 14:00:15,349] {taskinstance.py:1159} INFO - Dependencies all met for <TaskInstance: dag_with_postgres_operator.create_postgres_table scheduled__2022-01-18T00:00:00+00:00 [queued]>
[2022-07-31 14:00:15,370] {taskinstance.py:1159} INFO - Dependencies all met for <TaskInstance: dag_with_postgres_operator.create_postgres_table scheduled__2022-01-18T00:00:00+00:00 [queued]>
[2022-07-31 14:00:15,370] {taskinstance.py:1356} INFO - 
--------------------------------------------------------------------------------
[2022-07-31 14:00:15,370] {taskinstance.py:1357} INFO - Starting attempt 6 of 6
[2022-07-31 14:00:15,371] {taskinstance.py:1358} INFO - 
--------------------------------------------------------------------------------
[2022-07-31 14:00:15,402] {taskinstance.py:1377} INFO - Executing <Task(PostgresOperator): create_postgres_table> on 2022-01-18 00:00:00+00:00
[2022-07-31 14:00:15,409] {standard_task_runner.py:52} INFO - Started process 3469 to run task
[2022-07-31 14:00:15,412] {standard_task_runner.py:79} INFO - Running: ['***', 'tasks', 'run', 'dag_with_postgres_operator', 'create_postgres_table', 'scheduled__2022-01-18T00:00:00+00:00', '--job-id', '193', '--raw', '--subdir', 'DAGS_FOLDER/DAGWithPostgresOperator.py', '--cfg-path', '/tmp/tmpoqfobk7l', '--error-file', '/tmp/tmpsevdj27y']
[2022-07-31 14:00:15,413] {standard_task_runner.py:80} INFO - Job 193: Subtask create_postgres_table
[2022-07-31 14:00:15,516] {task_command.py:369} INFO - Running <TaskInstance: dag_with_postgres_operator.create_postgres_table scheduled__2022-01-18T00:00:00+00:00 [running]> on host 4688dd3b7141
[2022-07-31 14:00:15,658] {taskinstance.py:1571} INFO - Exporting the following env vars:
AIRFLOW_CTX_DAG_OWNER=yosr
AIRFLOW_CTX_DAG_ID=dag_with_postgres_operator
AIRFLOW_CTX_TASK_ID=create_postgres_table
AIRFLOW_CTX_EXECUTION_DATE=2022-01-18T00:00:00+00:00
AIRFLOW_CTX_TRY_NUMBER=6
AIRFLOW_CTX_DAG_RUN_ID=scheduled__2022-01-18T00:00:00+00:00
[2022-07-31 14:00:15,701] {taskinstance.py:1889} ERROR - Task failed with exception
Traceback (most recent call last):
  File "/home/airflow/.local/lib/python3.7/site-packages/airflow/providers/postgres/operators/postgres.py", line 92, in execute
    self.hook.run(self.sql, self.autocommit, parameters=self.parameters)
  File "/home/airflow/.local/lib/python3.7/site-packages/airflow/hooks/dbapi.py", line 181, in run
    with closing(self.get_conn()) as conn:
  File "/home/airflow/.local/lib/python3.7/site-packages/airflow/providers/postgres/hooks/postgres.py", line 86, in get_conn
    conn = deepcopy(self.connection or self.get_connection(conn_id))
  File "/home/airflow/.local/lib/python3.7/site-packages/airflow/hooks/base.py", line 67, in get_connection
    conn = Connection.get_connection_from_secrets(conn_id)
  File "/home/airflow/.local/lib/python3.7/site-packages/airflow/models/connection.py", line 430, in get_connection_from_secrets
    raise AirflowNotFoundException(f"The conn_id `{conn_id}` isn't defined")
airflow.exceptions.AirflowNotFoundException: The conn_id `postgres_localhost` isn't defined
[2022-07-31 14:00:15,707] {taskinstance.py:1400} INFO - Marking task as FAILED. dag_id=dag_with_postgres_operator, task_id=create_postgres_table, execution_date=20220118T000000, start_date=20220731T140015, end_date=20220731T140015
[2022-07-31 14:00:15,728] {standard_task_runner.py:97} ERROR - Failed to execute job 193 for task create_postgres_table (The conn_id `postgres_localhost` isn't defined; 3469)
[2022-07-31 14:00:15,759] {local_task_job.py:156} INFO - Task exited with return code 1
[2022-07-31 14:00:15,822] {local_task_job.py:273} INFO - 0 downstream tasks scheduled from follow-on schedule check
