[2022-07-30 18:23:54,523] {taskinstance.py:1159} INFO - Dependencies all met for <TaskInstance: dag_with_postgres_operator.create_postgres_table scheduled__2022-01-18T00:00:00+00:00 [queued]>
[2022-07-30 18:23:54,538] {taskinstance.py:1159} INFO - Dependencies all met for <TaskInstance: dag_with_postgres_operator.create_postgres_table scheduled__2022-01-18T00:00:00+00:00 [queued]>
[2022-07-30 18:23:54,538] {taskinstance.py:1356} INFO - 
--------------------------------------------------------------------------------
[2022-07-30 18:23:54,538] {taskinstance.py:1357} INFO - Starting attempt 5 of 6
[2022-07-30 18:23:54,539] {taskinstance.py:1358} INFO - 
--------------------------------------------------------------------------------
[2022-07-30 18:23:54,560] {taskinstance.py:1377} INFO - Executing <Task(PostgresOperator): create_postgres_table> on 2022-01-18 00:00:00+00:00
[2022-07-30 18:23:54,568] {standard_task_runner.py:52} INFO - Started process 2810 to run task
[2022-07-30 18:23:54,577] {standard_task_runner.py:79} INFO - Running: ['***', 'tasks', 'run', 'dag_with_postgres_operator', 'create_postgres_table', 'scheduled__2022-01-18T00:00:00+00:00', '--job-id', '177', '--raw', '--subdir', 'DAGS_FOLDER/DAGWithPostgresOperator.py', '--cfg-path', '/tmp/tmpil4nl1g5', '--error-file', '/tmp/tmpsul8sto7']
[2022-07-30 18:23:54,578] {standard_task_runner.py:80} INFO - Job 177: Subtask create_postgres_table
[2022-07-30 18:23:54,665] {task_command.py:369} INFO - Running <TaskInstance: dag_with_postgres_operator.create_postgres_table scheduled__2022-01-18T00:00:00+00:00 [running]> on host 66bf18ec08cc
[2022-07-30 18:23:54,768] {taskinstance.py:1571} INFO - Exporting the following env vars:
AIRFLOW_CTX_DAG_OWNER=yosr
AIRFLOW_CTX_DAG_ID=dag_with_postgres_operator
AIRFLOW_CTX_TASK_ID=create_postgres_table
AIRFLOW_CTX_EXECUTION_DATE=2022-01-18T00:00:00+00:00
AIRFLOW_CTX_TRY_NUMBER=5
AIRFLOW_CTX_DAG_RUN_ID=scheduled__2022-01-18T00:00:00+00:00
[2022-07-30 18:23:54,779] {base.py:68} INFO - Using connection ID 'postgres_localhost' for task execution.
[2022-07-30 18:23:54,780] {taskinstance.py:1889} ERROR - Task failed with exception
Traceback (most recent call last):
  File "/home/airflow/.local/lib/python3.7/site-packages/airflow/providers/postgres/operators/postgres.py", line 92, in execute
    self.hook.run(self.sql, self.autocommit, parameters=self.parameters)
  File "/home/airflow/.local/lib/python3.7/site-packages/airflow/hooks/dbapi.py", line 181, in run
    with closing(self.get_conn()) as conn:
  File "/home/airflow/.local/lib/python3.7/site-packages/airflow/providers/postgres/hooks/postgres.py", line 113, in get_conn
    self.conn = psycopg2.connect(**conn_args)
  File "/home/airflow/.local/lib/python3.7/site-packages/psycopg2/__init__.py", line 122, in connect
    conn = _connect(dsn, connection_factory=connection_factory, **kwasync)
psycopg2.OperationalError: could not translate host name "host.docker.internal " to address: Name or service not known

[2022-07-30 18:23:54,791] {taskinstance.py:1400} INFO - Marking task as UP_FOR_RETRY. dag_id=dag_with_postgres_operator, task_id=create_postgres_table, execution_date=20220118T000000, start_date=20220730T182354, end_date=20220730T182354
[2022-07-30 18:23:54,802] {standard_task_runner.py:97} ERROR - Failed to execute job 177 for task create_postgres_table (could not translate host name "host.docker.internal " to address: Name or service not known
; 2810)
[2022-07-30 18:23:54,830] {local_task_job.py:156} INFO - Task exited with return code 1
[2022-07-30 18:23:54,930] {local_task_job.py:273} INFO - 0 downstream tasks scheduled from follow-on schedule check
[2022-07-31 00:30:09,511] {taskinstance.py:1159} INFO - Dependencies all met for <TaskInstance: dag_with_postgres_operator.create_postgres_table scheduled__2022-01-18T00:00:00+00:00 [queued]>
[2022-07-31 00:30:09,528] {taskinstance.py:1159} INFO - Dependencies all met for <TaskInstance: dag_with_postgres_operator.create_postgres_table scheduled__2022-01-18T00:00:00+00:00 [queued]>
[2022-07-31 00:30:09,528] {taskinstance.py:1356} INFO - 
--------------------------------------------------------------------------------
[2022-07-31 00:30:09,528] {taskinstance.py:1357} INFO - Starting attempt 5 of 6
[2022-07-31 00:30:09,528] {taskinstance.py:1358} INFO - 
--------------------------------------------------------------------------------
[2022-07-31 00:30:09,551] {taskinstance.py:1377} INFO - Executing <Task(PostgresOperator): create_postgres_table> on 2022-01-18 00:00:00+00:00
[2022-07-31 00:30:09,556] {standard_task_runner.py:52} INFO - Started process 6737 to run task
[2022-07-31 00:30:09,559] {standard_task_runner.py:79} INFO - Running: ['***', 'tasks', 'run', 'dag_with_postgres_operator', 'create_postgres_table', 'scheduled__2022-01-18T00:00:00+00:00', '--job-id', '1184', '--raw', '--subdir', 'DAGS_FOLDER/DAGWithPostgresOperator.py', '--cfg-path', '/tmp/tmplcy3a4g5', '--error-file', '/tmp/tmpjgsm2x75']
[2022-07-31 00:30:09,560] {standard_task_runner.py:80} INFO - Job 1184: Subtask create_postgres_table
[2022-07-31 00:30:09,641] {task_command.py:369} INFO - Running <TaskInstance: dag_with_postgres_operator.create_postgres_table scheduled__2022-01-18T00:00:00+00:00 [running]> on host 66bf18ec08cc
[2022-07-31 00:30:09,763] {taskinstance.py:1571} INFO - Exporting the following env vars:
AIRFLOW_CTX_DAG_OWNER=yosr
AIRFLOW_CTX_DAG_ID=dag_with_postgres_operator
AIRFLOW_CTX_TASK_ID=create_postgres_table
AIRFLOW_CTX_EXECUTION_DATE=2022-01-18T00:00:00+00:00
AIRFLOW_CTX_TRY_NUMBER=5
AIRFLOW_CTX_DAG_RUN_ID=scheduled__2022-01-18T00:00:00+00:00
[2022-07-31 00:30:09,779] {base.py:68} INFO - Using connection ID 'postgres_localhost' for task execution.
[2022-07-31 00:30:09,780] {taskinstance.py:1889} ERROR - Task failed with exception
Traceback (most recent call last):
  File "/home/airflow/.local/lib/python3.7/site-packages/airflow/providers/postgres/operators/postgres.py", line 92, in execute
    self.hook.run(self.sql, self.autocommit, parameters=self.parameters)
  File "/home/airflow/.local/lib/python3.7/site-packages/airflow/hooks/dbapi.py", line 181, in run
    with closing(self.get_conn()) as conn:
  File "/home/airflow/.local/lib/python3.7/site-packages/airflow/providers/postgres/hooks/postgres.py", line 113, in get_conn
    self.conn = psycopg2.connect(**conn_args)
  File "/home/airflow/.local/lib/python3.7/site-packages/psycopg2/__init__.py", line 122, in connect
    conn = _connect(dsn, connection_factory=connection_factory, **kwasync)
psycopg2.OperationalError: could not translate host name "host.docker.local " to address: Name or service not known

[2022-07-31 00:30:09,797] {taskinstance.py:1400} INFO - Marking task as UP_FOR_RETRY. dag_id=dag_with_postgres_operator, task_id=create_postgres_table, execution_date=20220118T000000, start_date=20220731T003009, end_date=20220731T003009
[2022-07-31 00:30:09,818] {standard_task_runner.py:97} ERROR - Failed to execute job 1184 for task create_postgres_table (could not translate host name "host.docker.local " to address: Name or service not known
; 6737)
[2022-07-31 00:30:09,856] {local_task_job.py:156} INFO - Task exited with return code 1
[2022-07-31 00:30:09,911] {local_task_job.py:273} INFO - 0 downstream tasks scheduled from follow-on schedule check
[2022-07-31 11:17:44,405] {taskinstance.py:1159} INFO - Dependencies all met for <TaskInstance: dag_with_postgres_operator.create_postgres_table scheduled__2022-01-18T00:00:00+00:00 [queued]>
[2022-07-31 11:17:44,442] {taskinstance.py:1159} INFO - Dependencies all met for <TaskInstance: dag_with_postgres_operator.create_postgres_table scheduled__2022-01-18T00:00:00+00:00 [queued]>
[2022-07-31 11:17:44,443] {taskinstance.py:1356} INFO - 
--------------------------------------------------------------------------------
[2022-07-31 11:17:44,443] {taskinstance.py:1357} INFO - Starting attempt 5 of 9
[2022-07-31 11:17:44,443] {taskinstance.py:1358} INFO - 
--------------------------------------------------------------------------------
[2022-07-31 11:17:44,470] {taskinstance.py:1377} INFO - Executing <Task(PostgresOperator): create_postgres_table> on 2022-01-18 00:00:00+00:00
[2022-07-31 11:17:44,476] {standard_task_runner.py:52} INFO - Started process 5277 to run task
[2022-07-31 11:17:44,482] {standard_task_runner.py:79} INFO - Running: ['***', 'tasks', 'run', 'dag_with_postgres_operator', 'create_postgres_table', 'scheduled__2022-01-18T00:00:00+00:00', '--job-id', '1607', '--raw', '--subdir', 'DAGS_FOLDER/DAGWithPostgresOperator.py', '--cfg-path', '/tmp/tmp7oa18tip', '--error-file', '/tmp/tmpo80ls0yg']
[2022-07-31 11:17:44,482] {standard_task_runner.py:80} INFO - Job 1607: Subtask create_postgres_table
[2022-07-31 11:17:44,570] {task_command.py:369} INFO - Running <TaskInstance: dag_with_postgres_operator.create_postgres_table scheduled__2022-01-18T00:00:00+00:00 [running]> on host 66bf18ec08cc
[2022-07-31 11:17:44,646] {taskinstance.py:1571} INFO - Exporting the following env vars:
AIRFLOW_CTX_DAG_OWNER=yosr
AIRFLOW_CTX_DAG_ID=dag_with_postgres_operator
AIRFLOW_CTX_TASK_ID=create_postgres_table
AIRFLOW_CTX_EXECUTION_DATE=2022-01-18T00:00:00+00:00
AIRFLOW_CTX_TRY_NUMBER=5
AIRFLOW_CTX_DAG_RUN_ID=scheduled__2022-01-18T00:00:00+00:00
[2022-07-31 11:17:44,657] {base.py:68} INFO - Using connection ID 'postgres_localhost' for task execution.
[2022-07-31 11:18:02,166] {taskinstance.py:1889} ERROR - Task failed with exception
Traceback (most recent call last):
  File "/home/airflow/.local/lib/python3.7/site-packages/airflow/providers/postgres/operators/postgres.py", line 92, in execute
    self.hook.run(self.sql, self.autocommit, parameters=self.parameters)
  File "/home/airflow/.local/lib/python3.7/site-packages/airflow/hooks/dbapi.py", line 181, in run
    with closing(self.get_conn()) as conn:
  File "/home/airflow/.local/lib/python3.7/site-packages/airflow/providers/postgres/hooks/postgres.py", line 113, in get_conn
    self.conn = psycopg2.connect(**conn_args)
  File "/home/airflow/.local/lib/python3.7/site-packages/psycopg2/__init__.py", line 122, in connect
    conn = _connect(dsn, connection_factory=connection_factory, **kwasync)
psycopg2.OperationalError: could not translate host name "host.docker.internal" to address: No address associated with hostname

[2022-07-31 11:18:02,180] {taskinstance.py:1400} INFO - Marking task as UP_FOR_RETRY. dag_id=dag_with_postgres_operator, task_id=create_postgres_table, execution_date=20220118T000000, start_date=20220731T111744, end_date=20220731T111802
[2022-07-31 11:18:02,202] {standard_task_runner.py:97} ERROR - Failed to execute job 1607 for task create_postgres_table (could not translate host name "host.docker.internal" to address: No address associated with hostname
; 5277)
[2022-07-31 11:18:02,254] {local_task_job.py:156} INFO - Task exited with return code 1
[2022-07-31 11:18:02,287] {local_task_job.py:273} INFO - 0 downstream tasks scheduled from follow-on schedule check
[2022-07-31 13:55:13,902] {taskinstance.py:1159} INFO - Dependencies all met for <TaskInstance: dag_with_postgres_operator.create_postgres_table scheduled__2022-01-18T00:00:00+00:00 [queued]>
[2022-07-31 13:55:13,924] {taskinstance.py:1159} INFO - Dependencies all met for <TaskInstance: dag_with_postgres_operator.create_postgres_table scheduled__2022-01-18T00:00:00+00:00 [queued]>
[2022-07-31 13:55:13,926] {taskinstance.py:1356} INFO - 
--------------------------------------------------------------------------------
[2022-07-31 13:55:13,926] {taskinstance.py:1357} INFO - Starting attempt 5 of 6
[2022-07-31 13:55:13,927] {taskinstance.py:1358} INFO - 
--------------------------------------------------------------------------------
[2022-07-31 13:55:13,950] {taskinstance.py:1377} INFO - Executing <Task(PostgresOperator): create_postgres_table> on 2022-01-18 00:00:00+00:00
[2022-07-31 13:55:13,957] {standard_task_runner.py:52} INFO - Started process 3209 to run task
[2022-07-31 13:55:13,962] {standard_task_runner.py:79} INFO - Running: ['***', 'tasks', 'run', 'dag_with_postgres_operator', 'create_postgres_table', 'scheduled__2022-01-18T00:00:00+00:00', '--job-id', '176', '--raw', '--subdir', 'DAGS_FOLDER/DAGWithPostgresOperator.py', '--cfg-path', '/tmp/tmpp7qe87oq', '--error-file', '/tmp/tmpvhgypvfc']
[2022-07-31 13:55:13,963] {standard_task_runner.py:80} INFO - Job 176: Subtask create_postgres_table
[2022-07-31 13:55:14,048] {task_command.py:369} INFO - Running <TaskInstance: dag_with_postgres_operator.create_postgres_table scheduled__2022-01-18T00:00:00+00:00 [running]> on host 4688dd3b7141
[2022-07-31 13:55:14,166] {taskinstance.py:1571} INFO - Exporting the following env vars:
AIRFLOW_CTX_DAG_OWNER=yosr
AIRFLOW_CTX_DAG_ID=dag_with_postgres_operator
AIRFLOW_CTX_TASK_ID=create_postgres_table
AIRFLOW_CTX_EXECUTION_DATE=2022-01-18T00:00:00+00:00
AIRFLOW_CTX_TRY_NUMBER=5
AIRFLOW_CTX_DAG_RUN_ID=scheduled__2022-01-18T00:00:00+00:00
[2022-07-31 13:55:14,212] {taskinstance.py:1889} ERROR - Task failed with exception
Traceback (most recent call last):
  File "/home/airflow/.local/lib/python3.7/site-packages/airflow/providers/postgres/operators/postgres.py", line 92, in execute
    self.hook.run(self.sql, self.autocommit, parameters=self.parameters)
  File "/home/airflow/.local/lib/python3.7/site-packages/airflow/hooks/dbapi.py", line 181, in run
    with closing(self.get_conn()) as conn:
  File "/home/airflow/.local/lib/python3.7/site-packages/airflow/providers/postgres/hooks/postgres.py", line 86, in get_conn
    conn = deepcopy(self.connection or self.get_connection(conn_id))
  File "/home/airflow/.local/lib/python3.7/site-packages/airflow/hooks/base.py", line 67, in get_connection
    conn = Connection.get_connection_from_secrets(conn_id)
  File "/home/airflow/.local/lib/python3.7/site-packages/airflow/models/connection.py", line 430, in get_connection_from_secrets
    raise AirflowNotFoundException(f"The conn_id `{conn_id}` isn't defined")
airflow.exceptions.AirflowNotFoundException: The conn_id `postgres_localhost` isn't defined
[2022-07-31 13:55:14,219] {taskinstance.py:1400} INFO - Marking task as UP_FOR_RETRY. dag_id=dag_with_postgres_operator, task_id=create_postgres_table, execution_date=20220118T000000, start_date=20220731T135513, end_date=20220731T135514
[2022-07-31 13:55:14,239] {standard_task_runner.py:97} ERROR - Failed to execute job 176 for task create_postgres_table (The conn_id `postgres_localhost` isn't defined; 3209)
[2022-07-31 13:55:14,262] {local_task_job.py:156} INFO - Task exited with return code 1
[2022-07-31 13:55:14,314] {local_task_job.py:273} INFO - 0 downstream tasks scheduled from follow-on schedule check
