[2022-07-30 18:08:51,531] {taskinstance.py:1159} INFO - Dependencies all met for <TaskInstance: dag_with_postgres_operator.create_postgres_table scheduled__2022-01-18T00:00:00+00:00 [queued]>
[2022-07-30 18:08:51,549] {taskinstance.py:1159} INFO - Dependencies all met for <TaskInstance: dag_with_postgres_operator.create_postgres_table scheduled__2022-01-18T00:00:00+00:00 [queued]>
[2022-07-30 18:08:51,549] {taskinstance.py:1356} INFO - 
--------------------------------------------------------------------------------
[2022-07-30 18:08:51,549] {taskinstance.py:1357} INFO - Starting attempt 2 of 6
[2022-07-30 18:08:51,549] {taskinstance.py:1358} INFO - 
--------------------------------------------------------------------------------
[2022-07-30 18:08:51,569] {taskinstance.py:1377} INFO - Executing <Task(PostgresOperator): create_postgres_table> on 2022-01-18 00:00:00+00:00
[2022-07-30 18:08:51,575] {standard_task_runner.py:52} INFO - Started process 2019 to run task
[2022-07-30 18:08:51,579] {standard_task_runner.py:79} INFO - Running: ['***', 'tasks', 'run', 'dag_with_postgres_operator', 'create_postgres_table', 'scheduled__2022-01-18T00:00:00+00:00', '--job-id', '129', '--raw', '--subdir', 'DAGS_FOLDER/DAGWithPostgresOperator.py', '--cfg-path', '/tmp/tmp1ol7a8jp', '--error-file', '/tmp/tmpc4yp3a4h']
[2022-07-30 18:08:51,579] {standard_task_runner.py:80} INFO - Job 129: Subtask create_postgres_table
[2022-07-30 18:08:51,653] {task_command.py:369} INFO - Running <TaskInstance: dag_with_postgres_operator.create_postgres_table scheduled__2022-01-18T00:00:00+00:00 [running]> on host 66bf18ec08cc
[2022-07-30 18:08:51,752] {taskinstance.py:1571} INFO - Exporting the following env vars:
AIRFLOW_CTX_DAG_OWNER=yosr
AIRFLOW_CTX_DAG_ID=dag_with_postgres_operator
AIRFLOW_CTX_TASK_ID=create_postgres_table
AIRFLOW_CTX_EXECUTION_DATE=2022-01-18T00:00:00+00:00
AIRFLOW_CTX_TRY_NUMBER=2
AIRFLOW_CTX_DAG_RUN_ID=scheduled__2022-01-18T00:00:00+00:00
[2022-07-30 18:08:51,767] {base.py:68} INFO - Using connection ID 'postgres_localhost' for task execution.
[2022-07-30 18:08:51,768] {taskinstance.py:1889} ERROR - Task failed with exception
Traceback (most recent call last):
  File "/home/airflow/.local/lib/python3.7/site-packages/airflow/providers/postgres/operators/postgres.py", line 92, in execute
    self.hook.run(self.sql, self.autocommit, parameters=self.parameters)
  File "/home/airflow/.local/lib/python3.7/site-packages/airflow/hooks/dbapi.py", line 181, in run
    with closing(self.get_conn()) as conn:
  File "/home/airflow/.local/lib/python3.7/site-packages/airflow/providers/postgres/hooks/postgres.py", line 113, in get_conn
    self.conn = psycopg2.connect(**conn_args)
  File "/home/airflow/.local/lib/python3.7/site-packages/psycopg2/__init__.py", line 122, in connect
    conn = _connect(dsn, connection_factory=connection_factory, **kwasync)
psycopg2.OperationalError: could not translate host name "host.docker.internal " to address: Name or service not known

[2022-07-30 18:08:51,781] {taskinstance.py:1400} INFO - Marking task as UP_FOR_RETRY. dag_id=dag_with_postgres_operator, task_id=create_postgres_table, execution_date=20220118T000000, start_date=20220730T180851, end_date=20220730T180851
[2022-07-30 18:08:51,798] {standard_task_runner.py:97} ERROR - Failed to execute job 129 for task create_postgres_table (could not translate host name "host.docker.internal " to address: Name or service not known
; 2019)
[2022-07-30 18:08:51,838] {local_task_job.py:156} INFO - Task exited with return code 1
[2022-07-30 18:08:51,920] {local_task_job.py:273} INFO - 0 downstream tasks scheduled from follow-on schedule check
[2022-07-31 00:15:05,787] {taskinstance.py:1159} INFO - Dependencies all met for <TaskInstance: dag_with_postgres_operator.create_postgres_table scheduled__2022-01-18T00:00:00+00:00 [queued]>
[2022-07-31 00:15:05,805] {taskinstance.py:1159} INFO - Dependencies all met for <TaskInstance: dag_with_postgres_operator.create_postgres_table scheduled__2022-01-18T00:00:00+00:00 [queued]>
[2022-07-31 00:15:05,806] {taskinstance.py:1356} INFO - 
--------------------------------------------------------------------------------
[2022-07-31 00:15:05,806] {taskinstance.py:1357} INFO - Starting attempt 2 of 6
[2022-07-31 00:15:05,806] {taskinstance.py:1358} INFO - 
--------------------------------------------------------------------------------
[2022-07-31 00:15:05,832] {taskinstance.py:1377} INFO - Executing <Task(PostgresOperator): create_postgres_table> on 2022-01-18 00:00:00+00:00
[2022-07-31 00:15:05,837] {standard_task_runner.py:52} INFO - Started process 5937 to run task
[2022-07-31 00:15:05,839] {standard_task_runner.py:79} INFO - Running: ['***', 'tasks', 'run', 'dag_with_postgres_operator', 'create_postgres_table', 'scheduled__2022-01-18T00:00:00+00:00', '--job-id', '1137', '--raw', '--subdir', 'DAGS_FOLDER/DAGWithPostgresOperator.py', '--cfg-path', '/tmp/tmpoa3ery7j', '--error-file', '/tmp/tmpnags01pd']
[2022-07-31 00:15:05,840] {standard_task_runner.py:80} INFO - Job 1137: Subtask create_postgres_table
[2022-07-31 00:15:05,910] {task_command.py:369} INFO - Running <TaskInstance: dag_with_postgres_operator.create_postgres_table scheduled__2022-01-18T00:00:00+00:00 [running]> on host 66bf18ec08cc
[2022-07-31 00:15:06,001] {taskinstance.py:1571} INFO - Exporting the following env vars:
AIRFLOW_CTX_DAG_OWNER=yosr
AIRFLOW_CTX_DAG_ID=dag_with_postgres_operator
AIRFLOW_CTX_TASK_ID=create_postgres_table
AIRFLOW_CTX_EXECUTION_DATE=2022-01-18T00:00:00+00:00
AIRFLOW_CTX_TRY_NUMBER=2
AIRFLOW_CTX_DAG_RUN_ID=scheduled__2022-01-18T00:00:00+00:00
[2022-07-31 00:15:06,017] {base.py:68} INFO - Using connection ID 'postgres_localhost' for task execution.
[2022-07-31 00:15:06,018] {taskinstance.py:1889} ERROR - Task failed with exception
Traceback (most recent call last):
  File "/home/airflow/.local/lib/python3.7/site-packages/airflow/providers/postgres/operators/postgres.py", line 92, in execute
    self.hook.run(self.sql, self.autocommit, parameters=self.parameters)
  File "/home/airflow/.local/lib/python3.7/site-packages/airflow/hooks/dbapi.py", line 181, in run
    with closing(self.get_conn()) as conn:
  File "/home/airflow/.local/lib/python3.7/site-packages/airflow/providers/postgres/hooks/postgres.py", line 113, in get_conn
    self.conn = psycopg2.connect(**conn_args)
  File "/home/airflow/.local/lib/python3.7/site-packages/psycopg2/__init__.py", line 122, in connect
    conn = _connect(dsn, connection_factory=connection_factory, **kwasync)
psycopg2.OperationalError: could not translate host name "host.docker.local " to address: Name or service not known

[2022-07-31 00:15:06,033] {taskinstance.py:1400} INFO - Marking task as UP_FOR_RETRY. dag_id=dag_with_postgres_operator, task_id=create_postgres_table, execution_date=20220118T000000, start_date=20220731T001505, end_date=20220731T001506
[2022-07-31 00:15:06,056] {standard_task_runner.py:97} ERROR - Failed to execute job 1137 for task create_postgres_table (could not translate host name "host.docker.local " to address: Name or service not known
; 5937)
[2022-07-31 00:15:06,101] {local_task_job.py:156} INFO - Task exited with return code 1
[2022-07-31 00:15:06,185] {local_task_job.py:273} INFO - 0 downstream tasks scheduled from follow-on schedule check
[2022-07-31 11:04:59,158] {taskinstance.py:1159} INFO - Dependencies all met for <TaskInstance: dag_with_postgres_operator.create_postgres_table scheduled__2022-01-18T00:00:00+00:00 [queued]>
[2022-07-31 11:04:59,183] {taskinstance.py:1159} INFO - Dependencies all met for <TaskInstance: dag_with_postgres_operator.create_postgres_table scheduled__2022-01-18T00:00:00+00:00 [queued]>
[2022-07-31 11:04:59,183] {taskinstance.py:1356} INFO - 
--------------------------------------------------------------------------------
[2022-07-31 11:04:59,184] {taskinstance.py:1357} INFO - Starting attempt 2 of 7
[2022-07-31 11:04:59,184] {taskinstance.py:1358} INFO - 
--------------------------------------------------------------------------------
[2022-07-31 11:04:59,209] {taskinstance.py:1377} INFO - Executing <Task(PostgresOperator): create_postgres_table> on 2022-01-18 00:00:00+00:00
[2022-07-31 11:04:59,213] {standard_task_runner.py:52} INFO - Started process 4617 to run task
[2022-07-31 11:04:59,216] {standard_task_runner.py:79} INFO - Running: ['***', 'tasks', 'run', 'dag_with_postgres_operator', 'create_postgres_table', 'scheduled__2022-01-18T00:00:00+00:00', '--job-id', '1572', '--raw', '--subdir', 'DAGS_FOLDER/DAGWithPostgresOperator.py', '--cfg-path', '/tmp/tmp38vvj5xb', '--error-file', '/tmp/tmp_jurv489']
[2022-07-31 11:04:59,217] {standard_task_runner.py:80} INFO - Job 1572: Subtask create_postgres_table
[2022-07-31 11:04:59,282] {task_command.py:369} INFO - Running <TaskInstance: dag_with_postgres_operator.create_postgres_table scheduled__2022-01-18T00:00:00+00:00 [running]> on host 66bf18ec08cc
[2022-07-31 11:04:59,370] {taskinstance.py:1571} INFO - Exporting the following env vars:
AIRFLOW_CTX_DAG_OWNER=yosr
AIRFLOW_CTX_DAG_ID=dag_with_postgres_operator
AIRFLOW_CTX_TASK_ID=create_postgres_table
AIRFLOW_CTX_EXECUTION_DATE=2022-01-18T00:00:00+00:00
AIRFLOW_CTX_TRY_NUMBER=2
AIRFLOW_CTX_DAG_RUN_ID=scheduled__2022-01-18T00:00:00+00:00
[2022-07-31 11:04:59,383] {base.py:68} INFO - Using connection ID 'postgres_localhost' for task execution.
[2022-07-31 11:04:59,384] {taskinstance.py:1889} ERROR - Task failed with exception
Traceback (most recent call last):
  File "/home/airflow/.local/lib/python3.7/site-packages/airflow/providers/postgres/operators/postgres.py", line 92, in execute
    self.hook.run(self.sql, self.autocommit, parameters=self.parameters)
  File "/home/airflow/.local/lib/python3.7/site-packages/airflow/hooks/dbapi.py", line 181, in run
    with closing(self.get_conn()) as conn:
  File "/home/airflow/.local/lib/python3.7/site-packages/airflow/providers/postgres/hooks/postgres.py", line 113, in get_conn
    self.conn = psycopg2.connect(**conn_args)
  File "/home/airflow/.local/lib/python3.7/site-packages/psycopg2/__init__.py", line 122, in connect
    conn = _connect(dsn, connection_factory=connection_factory, **kwasync)
psycopg2.OperationalError: connection to server at "localhost" (127.0.0.1), port 5432 failed: Connection refused
	Is the server running on that host and accepting TCP/IP connections?
connection to server at "localhost" (::1), port 5432 failed: Cannot assign requested address
	Is the server running on that host and accepting TCP/IP connections?

[2022-07-31 11:04:59,395] {taskinstance.py:1400} INFO - Marking task as UP_FOR_RETRY. dag_id=dag_with_postgres_operator, task_id=create_postgres_table, execution_date=20220118T000000, start_date=20220731T110459, end_date=20220731T110459
[2022-07-31 11:04:59,410] {standard_task_runner.py:97} ERROR - Failed to execute job 1572 for task create_postgres_table (connection to server at "localhost" (127.0.0.1), port 5432 failed: Connection refused
	Is the server running on that host and accepting TCP/IP connections?
connection to server at "localhost" (::1), port 5432 failed: Cannot assign requested address
	Is the server running on that host and accepting TCP/IP connections?
; 4617)
[2022-07-31 11:04:59,436] {local_task_job.py:156} INFO - Task exited with return code 1
[2022-07-31 11:04:59,470] {local_task_job.py:273} INFO - 0 downstream tasks scheduled from follow-on schedule check
[2022-07-31 13:40:11,399] {taskinstance.py:1159} INFO - Dependencies all met for <TaskInstance: dag_with_postgres_operator.create_postgres_table scheduled__2022-01-18T00:00:00+00:00 [queued]>
[2022-07-31 13:40:11,418] {taskinstance.py:1159} INFO - Dependencies all met for <TaskInstance: dag_with_postgres_operator.create_postgres_table scheduled__2022-01-18T00:00:00+00:00 [queued]>
[2022-07-31 13:40:11,419] {taskinstance.py:1356} INFO - 
--------------------------------------------------------------------------------
[2022-07-31 13:40:11,419] {taskinstance.py:1357} INFO - Starting attempt 2 of 6
[2022-07-31 13:40:11,419] {taskinstance.py:1358} INFO - 
--------------------------------------------------------------------------------
[2022-07-31 13:40:11,439] {taskinstance.py:1377} INFO - Executing <Task(PostgresOperator): create_postgres_table> on 2022-01-18 00:00:00+00:00
[2022-07-31 13:40:11,445] {standard_task_runner.py:52} INFO - Started process 2411 to run task
[2022-07-31 13:40:11,448] {standard_task_runner.py:79} INFO - Running: ['***', 'tasks', 'run', 'dag_with_postgres_operator', 'create_postgres_table', 'scheduled__2022-01-18T00:00:00+00:00', '--job-id', '129', '--raw', '--subdir', 'DAGS_FOLDER/DAGWithPostgresOperator.py', '--cfg-path', '/tmp/tmpor52oqhl', '--error-file', '/tmp/tmprr4t96es']
[2022-07-31 13:40:11,449] {standard_task_runner.py:80} INFO - Job 129: Subtask create_postgres_table
[2022-07-31 13:40:11,535] {task_command.py:369} INFO - Running <TaskInstance: dag_with_postgres_operator.create_postgres_table scheduled__2022-01-18T00:00:00+00:00 [running]> on host 4688dd3b7141
[2022-07-31 13:40:11,645] {taskinstance.py:1571} INFO - Exporting the following env vars:
AIRFLOW_CTX_DAG_OWNER=yosr
AIRFLOW_CTX_DAG_ID=dag_with_postgres_operator
AIRFLOW_CTX_TASK_ID=create_postgres_table
AIRFLOW_CTX_EXECUTION_DATE=2022-01-18T00:00:00+00:00
AIRFLOW_CTX_TRY_NUMBER=2
AIRFLOW_CTX_DAG_RUN_ID=scheduled__2022-01-18T00:00:00+00:00
[2022-07-31 13:40:11,752] {taskinstance.py:1889} ERROR - Task failed with exception
Traceback (most recent call last):
  File "/home/airflow/.local/lib/python3.7/site-packages/airflow/providers/postgres/operators/postgres.py", line 92, in execute
    self.hook.run(self.sql, self.autocommit, parameters=self.parameters)
  File "/home/airflow/.local/lib/python3.7/site-packages/airflow/hooks/dbapi.py", line 181, in run
    with closing(self.get_conn()) as conn:
  File "/home/airflow/.local/lib/python3.7/site-packages/airflow/providers/postgres/hooks/postgres.py", line 86, in get_conn
    conn = deepcopy(self.connection or self.get_connection(conn_id))
  File "/home/airflow/.local/lib/python3.7/site-packages/airflow/hooks/base.py", line 67, in get_connection
    conn = Connection.get_connection_from_secrets(conn_id)
  File "/home/airflow/.local/lib/python3.7/site-packages/airflow/models/connection.py", line 430, in get_connection_from_secrets
    raise AirflowNotFoundException(f"The conn_id `{conn_id}` isn't defined")
airflow.exceptions.AirflowNotFoundException: The conn_id `postgres_localhost` isn't defined
[2022-07-31 13:40:11,758] {taskinstance.py:1400} INFO - Marking task as UP_FOR_RETRY. dag_id=dag_with_postgres_operator, task_id=create_postgres_table, execution_date=20220118T000000, start_date=20220731T134011, end_date=20220731T134011
[2022-07-31 13:40:11,780] {standard_task_runner.py:97} ERROR - Failed to execute job 129 for task create_postgres_table (The conn_id `postgres_localhost` isn't defined; 2411)
[2022-07-31 13:40:11,828] {local_task_job.py:156} INFO - Task exited with return code 1
[2022-07-31 13:40:11,879] {local_task_job.py:273} INFO - 0 downstream tasks scheduled from follow-on schedule check
