[2022-07-30 17:58:31,788] {taskinstance.py:1159} INFO - Dependencies all met for <TaskInstance: dag_with_postgres_operator.create_postgres_table scheduled__2021-12-20T00:00:00+00:00 [queued]>
[2022-07-30 17:58:31,813] {taskinstance.py:1159} INFO - Dependencies all met for <TaskInstance: dag_with_postgres_operator.create_postgres_table scheduled__2021-12-20T00:00:00+00:00 [queued]>
[2022-07-30 17:58:31,813] {taskinstance.py:1356} INFO - 
--------------------------------------------------------------------------------
[2022-07-30 17:58:31,813] {taskinstance.py:1357} INFO - Starting attempt 5 of 6
[2022-07-30 17:58:31,813] {taskinstance.py:1358} INFO - 
--------------------------------------------------------------------------------
[2022-07-30 17:58:31,836] {taskinstance.py:1377} INFO - Executing <Task(PostgresOperator): create_postgres_table> on 2021-12-20 00:00:00+00:00
[2022-07-30 17:58:31,844] {standard_task_runner.py:52} INFO - Started process 1420 to run task
[2022-07-30 17:58:31,852] {standard_task_runner.py:79} INFO - Running: ['***', 'tasks', 'run', 'dag_with_postgres_operator', 'create_postgres_table', 'scheduled__2021-12-20T00:00:00+00:00', '--job-id', '70', '--raw', '--subdir', 'DAGS_FOLDER/DAGWithPostgresOperator.py', '--cfg-path', '/tmp/tmpkgggk0e0', '--error-file', '/tmp/tmpqgb0ftej']
[2022-07-30 17:58:31,852] {standard_task_runner.py:80} INFO - Job 70: Subtask create_postgres_table
[2022-07-30 17:58:31,960] {task_command.py:369} INFO - Running <TaskInstance: dag_with_postgres_operator.create_postgres_table scheduled__2021-12-20T00:00:00+00:00 [running]> on host 66bf18ec08cc
[2022-07-30 17:58:32,087] {taskinstance.py:1571} INFO - Exporting the following env vars:
AIRFLOW_CTX_DAG_OWNER=yosr
AIRFLOW_CTX_DAG_ID=dag_with_postgres_operator
AIRFLOW_CTX_TASK_ID=create_postgres_table
AIRFLOW_CTX_EXECUTION_DATE=2021-12-20T00:00:00+00:00
AIRFLOW_CTX_TRY_NUMBER=5
AIRFLOW_CTX_DAG_RUN_ID=scheduled__2021-12-20T00:00:00+00:00
[2022-07-30 17:58:32,113] {base.py:68} INFO - Using connection ID 'postgres_localhost' for task execution.
[2022-07-30 17:58:32,114] {taskinstance.py:1889} ERROR - Task failed with exception
Traceback (most recent call last):
  File "/home/airflow/.local/lib/python3.7/site-packages/airflow/providers/postgres/operators/postgres.py", line 92, in execute
    self.hook.run(self.sql, self.autocommit, parameters=self.parameters)
  File "/home/airflow/.local/lib/python3.7/site-packages/airflow/hooks/dbapi.py", line 181, in run
    with closing(self.get_conn()) as conn:
  File "/home/airflow/.local/lib/python3.7/site-packages/airflow/providers/postgres/hooks/postgres.py", line 113, in get_conn
    self.conn = psycopg2.connect(**conn_args)
  File "/home/airflow/.local/lib/python3.7/site-packages/psycopg2/__init__.py", line 122, in connect
    conn = _connect(dsn, connection_factory=connection_factory, **kwasync)
psycopg2.OperationalError: could not translate host name "host.docker.internal " to address: Name or service not known

[2022-07-30 17:58:32,129] {taskinstance.py:1400} INFO - Marking task as UP_FOR_RETRY. dag_id=dag_with_postgres_operator, task_id=create_postgres_table, execution_date=20211220T000000, start_date=20220730T175831, end_date=20220730T175832
[2022-07-30 17:58:32,150] {standard_task_runner.py:97} ERROR - Failed to execute job 70 for task create_postgres_table (could not translate host name "host.docker.internal " to address: Name or service not known
; 1420)
[2022-07-30 17:58:32,191] {local_task_job.py:156} INFO - Task exited with return code 1
[2022-07-30 17:58:32,252] {local_task_job.py:273} INFO - 0 downstream tasks scheduled from follow-on schedule check
[2022-07-31 00:04:49,853] {taskinstance.py:1159} INFO - Dependencies all met for <TaskInstance: dag_with_postgres_operator.create_postgres_table scheduled__2021-12-20T00:00:00+00:00 [queued]>
[2022-07-31 00:04:49,881] {taskinstance.py:1159} INFO - Dependencies all met for <TaskInstance: dag_with_postgres_operator.create_postgres_table scheduled__2021-12-20T00:00:00+00:00 [queued]>
[2022-07-31 00:04:49,882] {taskinstance.py:1356} INFO - 
--------------------------------------------------------------------------------
[2022-07-31 00:04:49,882] {taskinstance.py:1357} INFO - Starting attempt 5 of 6
[2022-07-31 00:04:49,882] {taskinstance.py:1358} INFO - 
--------------------------------------------------------------------------------
[2022-07-31 00:04:49,902] {taskinstance.py:1377} INFO - Executing <Task(PostgresOperator): create_postgres_table> on 2021-12-20 00:00:00+00:00
[2022-07-31 00:04:49,908] {standard_task_runner.py:52} INFO - Started process 5344 to run task
[2022-07-31 00:04:49,912] {standard_task_runner.py:79} INFO - Running: ['***', 'tasks', 'run', 'dag_with_postgres_operator', 'create_postgres_table', 'scheduled__2021-12-20T00:00:00+00:00', '--job-id', '1076', '--raw', '--subdir', 'DAGS_FOLDER/DAGWithPostgresOperator.py', '--cfg-path', '/tmp/tmp7k5xus09', '--error-file', '/tmp/tmphpzoe0qp']
[2022-07-31 00:04:49,912] {standard_task_runner.py:80} INFO - Job 1076: Subtask create_postgres_table
[2022-07-31 00:04:50,002] {task_command.py:369} INFO - Running <TaskInstance: dag_with_postgres_operator.create_postgres_table scheduled__2021-12-20T00:00:00+00:00 [running]> on host 66bf18ec08cc
[2022-07-31 00:04:50,111] {taskinstance.py:1571} INFO - Exporting the following env vars:
AIRFLOW_CTX_DAG_OWNER=yosr
AIRFLOW_CTX_DAG_ID=dag_with_postgres_operator
AIRFLOW_CTX_TASK_ID=create_postgres_table
AIRFLOW_CTX_EXECUTION_DATE=2021-12-20T00:00:00+00:00
AIRFLOW_CTX_TRY_NUMBER=5
AIRFLOW_CTX_DAG_RUN_ID=scheduled__2021-12-20T00:00:00+00:00
[2022-07-31 00:04:50,125] {base.py:68} INFO - Using connection ID 'postgres_localhost' for task execution.
[2022-07-31 00:04:50,127] {taskinstance.py:1889} ERROR - Task failed with exception
Traceback (most recent call last):
  File "/home/airflow/.local/lib/python3.7/site-packages/airflow/providers/postgres/operators/postgres.py", line 92, in execute
    self.hook.run(self.sql, self.autocommit, parameters=self.parameters)
  File "/home/airflow/.local/lib/python3.7/site-packages/airflow/hooks/dbapi.py", line 181, in run
    with closing(self.get_conn()) as conn:
  File "/home/airflow/.local/lib/python3.7/site-packages/airflow/providers/postgres/hooks/postgres.py", line 113, in get_conn
    self.conn = psycopg2.connect(**conn_args)
  File "/home/airflow/.local/lib/python3.7/site-packages/psycopg2/__init__.py", line 122, in connect
    conn = _connect(dsn, connection_factory=connection_factory, **kwasync)
psycopg2.OperationalError: could not translate host name "host.docker.local " to address: Name or service not known

[2022-07-31 00:04:50,139] {taskinstance.py:1400} INFO - Marking task as UP_FOR_RETRY. dag_id=dag_with_postgres_operator, task_id=create_postgres_table, execution_date=20211220T000000, start_date=20220731T000449, end_date=20220731T000450
[2022-07-31 00:04:50,156] {standard_task_runner.py:97} ERROR - Failed to execute job 1076 for task create_postgres_table (could not translate host name "host.docker.local " to address: Name or service not known
; 5344)
[2022-07-31 00:04:50,170] {local_task_job.py:156} INFO - Task exited with return code 1
[2022-07-31 00:04:50,231] {local_task_job.py:273} INFO - 0 downstream tasks scheduled from follow-on schedule check
[2022-07-31 10:58:14,987] {taskinstance.py:1159} INFO - Dependencies all met for <TaskInstance: dag_with_postgres_operator.create_postgres_table scheduled__2021-12-20T00:00:00+00:00 [queued]>
[2022-07-31 10:58:15,006] {taskinstance.py:1159} INFO - Dependencies all met for <TaskInstance: dag_with_postgres_operator.create_postgres_table scheduled__2021-12-20T00:00:00+00:00 [queued]>
[2022-07-31 10:58:15,007] {taskinstance.py:1356} INFO - 
--------------------------------------------------------------------------------
[2022-07-31 10:58:15,007] {taskinstance.py:1357} INFO - Starting attempt 5 of 6
[2022-07-31 10:58:15,008] {taskinstance.py:1358} INFO - 
--------------------------------------------------------------------------------
[2022-07-31 10:58:15,036] {taskinstance.py:1377} INFO - Executing <Task(PostgresOperator): create_postgres_table> on 2021-12-20 00:00:00+00:00
[2022-07-31 10:58:15,042] {standard_task_runner.py:52} INFO - Started process 4224 to run task
[2022-07-31 10:58:15,050] {standard_task_runner.py:79} INFO - Running: ['***', 'tasks', 'run', 'dag_with_postgres_operator', 'create_postgres_table', 'scheduled__2021-12-20T00:00:00+00:00', '--job-id', '1526', '--raw', '--subdir', 'DAGS_FOLDER/DAGWithPostgresOperator.py', '--cfg-path', '/tmp/tmptshgsfvj', '--error-file', '/tmp/tmp7b4lrnno']
[2022-07-31 10:58:15,051] {standard_task_runner.py:80} INFO - Job 1526: Subtask create_postgres_table
[2022-07-31 10:58:15,141] {task_command.py:369} INFO - Running <TaskInstance: dag_with_postgres_operator.create_postgres_table scheduled__2021-12-20T00:00:00+00:00 [running]> on host 66bf18ec08cc
[2022-07-31 10:58:15,274] {taskinstance.py:1571} INFO - Exporting the following env vars:
AIRFLOW_CTX_DAG_OWNER=yosr
AIRFLOW_CTX_DAG_ID=dag_with_postgres_operator
AIRFLOW_CTX_TASK_ID=create_postgres_table
AIRFLOW_CTX_EXECUTION_DATE=2021-12-20T00:00:00+00:00
AIRFLOW_CTX_TRY_NUMBER=5
AIRFLOW_CTX_DAG_RUN_ID=scheduled__2021-12-20T00:00:00+00:00
[2022-07-31 10:58:15,291] {base.py:68} INFO - Using connection ID 'postgres_localhost' for task execution.
[2022-07-31 10:58:15,292] {taskinstance.py:1889} ERROR - Task failed with exception
Traceback (most recent call last):
  File "/home/airflow/.local/lib/python3.7/site-packages/airflow/providers/postgres/operators/postgres.py", line 92, in execute
    self.hook.run(self.sql, self.autocommit, parameters=self.parameters)
  File "/home/airflow/.local/lib/python3.7/site-packages/airflow/hooks/dbapi.py", line 181, in run
    with closing(self.get_conn()) as conn:
  File "/home/airflow/.local/lib/python3.7/site-packages/airflow/providers/postgres/hooks/postgres.py", line 113, in get_conn
    self.conn = psycopg2.connect(**conn_args)
  File "/home/airflow/.local/lib/python3.7/site-packages/psycopg2/__init__.py", line 122, in connect
    conn = _connect(dsn, connection_factory=connection_factory, **kwasync)
psycopg2.OperationalError: could not translate host name "host.docker.internal " to address: Name or service not known

[2022-07-31 10:58:15,309] {taskinstance.py:1400} INFO - Marking task as UP_FOR_RETRY. dag_id=dag_with_postgres_operator, task_id=create_postgres_table, execution_date=20211220T000000, start_date=20220731T105814, end_date=20220731T105815
[2022-07-31 10:58:15,326] {standard_task_runner.py:97} ERROR - Failed to execute job 1526 for task create_postgres_table (could not translate host name "host.docker.internal " to address: Name or service not known
; 4224)
[2022-07-31 10:58:15,349] {local_task_job.py:156} INFO - Task exited with return code 1
[2022-07-31 10:58:15,478] {local_task_job.py:273} INFO - 0 downstream tasks scheduled from follow-on schedule check
[2022-07-31 13:29:59,184] {taskinstance.py:1159} INFO - Dependencies all met for <TaskInstance: dag_with_postgres_operator.create_postgres_table scheduled__2021-12-20T00:00:00+00:00 [queued]>
[2022-07-31 13:29:59,213] {taskinstance.py:1159} INFO - Dependencies all met for <TaskInstance: dag_with_postgres_operator.create_postgres_table scheduled__2021-12-20T00:00:00+00:00 [queued]>
[2022-07-31 13:29:59,213] {taskinstance.py:1356} INFO - 
--------------------------------------------------------------------------------
[2022-07-31 13:29:59,213] {taskinstance.py:1357} INFO - Starting attempt 5 of 6
[2022-07-31 13:29:59,214] {taskinstance.py:1358} INFO - 
--------------------------------------------------------------------------------
[2022-07-31 13:29:59,237] {taskinstance.py:1377} INFO - Executing <Task(PostgresOperator): create_postgres_table> on 2021-12-20 00:00:00+00:00
[2022-07-31 13:29:59,243] {standard_task_runner.py:52} INFO - Started process 1817 to run task
[2022-07-31 13:29:59,248] {standard_task_runner.py:79} INFO - Running: ['***', 'tasks', 'run', 'dag_with_postgres_operator', 'create_postgres_table', 'scheduled__2021-12-20T00:00:00+00:00', '--job-id', '68', '--raw', '--subdir', 'DAGS_FOLDER/DAGWithPostgresOperator.py', '--cfg-path', '/tmp/tmpocpo7psx', '--error-file', '/tmp/tmph66_dmzd']
[2022-07-31 13:29:59,248] {standard_task_runner.py:80} INFO - Job 68: Subtask create_postgres_table
[2022-07-31 13:29:59,339] {task_command.py:369} INFO - Running <TaskInstance: dag_with_postgres_operator.create_postgres_table scheduled__2021-12-20T00:00:00+00:00 [running]> on host 4688dd3b7141
[2022-07-31 13:29:59,450] {taskinstance.py:1571} INFO - Exporting the following env vars:
AIRFLOW_CTX_DAG_OWNER=yosr
AIRFLOW_CTX_DAG_ID=dag_with_postgres_operator
AIRFLOW_CTX_TASK_ID=create_postgres_table
AIRFLOW_CTX_EXECUTION_DATE=2021-12-20T00:00:00+00:00
AIRFLOW_CTX_TRY_NUMBER=5
AIRFLOW_CTX_DAG_RUN_ID=scheduled__2021-12-20T00:00:00+00:00
[2022-07-31 13:29:59,489] {taskinstance.py:1889} ERROR - Task failed with exception
Traceback (most recent call last):
  File "/home/airflow/.local/lib/python3.7/site-packages/airflow/providers/postgres/operators/postgres.py", line 92, in execute
    self.hook.run(self.sql, self.autocommit, parameters=self.parameters)
  File "/home/airflow/.local/lib/python3.7/site-packages/airflow/hooks/dbapi.py", line 181, in run
    with closing(self.get_conn()) as conn:
  File "/home/airflow/.local/lib/python3.7/site-packages/airflow/providers/postgres/hooks/postgres.py", line 86, in get_conn
    conn = deepcopy(self.connection or self.get_connection(conn_id))
  File "/home/airflow/.local/lib/python3.7/site-packages/airflow/hooks/base.py", line 67, in get_connection
    conn = Connection.get_connection_from_secrets(conn_id)
  File "/home/airflow/.local/lib/python3.7/site-packages/airflow/models/connection.py", line 430, in get_connection_from_secrets
    raise AirflowNotFoundException(f"The conn_id `{conn_id}` isn't defined")
airflow.exceptions.AirflowNotFoundException: The conn_id `postgres_localhost` isn't defined
[2022-07-31 13:29:59,495] {taskinstance.py:1400} INFO - Marking task as UP_FOR_RETRY. dag_id=dag_with_postgres_operator, task_id=create_postgres_table, execution_date=20211220T000000, start_date=20220731T132959, end_date=20220731T132959
[2022-07-31 13:29:59,514] {standard_task_runner.py:97} ERROR - Failed to execute job 68 for task create_postgres_table (The conn_id `postgres_localhost` isn't defined; 1817)
[2022-07-31 13:29:59,546] {local_task_job.py:156} INFO - Task exited with return code 1
[2022-07-31 13:29:59,609] {local_task_job.py:273} INFO - 0 downstream tasks scheduled from follow-on schedule check
