[2022-07-30 17:53:30,701] {taskinstance.py:1159} INFO - Dependencies all met for <TaskInstance: dag_with_postgres_operator.create_postgres_table scheduled__2021-12-20T00:00:00+00:00 [queued]>
[2022-07-30 17:53:30,717] {taskinstance.py:1159} INFO - Dependencies all met for <TaskInstance: dag_with_postgres_operator.create_postgres_table scheduled__2021-12-20T00:00:00+00:00 [queued]>
[2022-07-30 17:53:30,717] {taskinstance.py:1356} INFO - 
--------------------------------------------------------------------------------
[2022-07-30 17:53:30,718] {taskinstance.py:1357} INFO - Starting attempt 4 of 6
[2022-07-30 17:53:30,718] {taskinstance.py:1358} INFO - 
--------------------------------------------------------------------------------
[2022-07-30 17:53:30,738] {taskinstance.py:1377} INFO - Executing <Task(PostgresOperator): create_postgres_table> on 2021-12-20 00:00:00+00:00
[2022-07-30 17:53:30,744] {standard_task_runner.py:52} INFO - Started process 1162 to run task
[2022-07-30 17:53:30,747] {standard_task_runner.py:79} INFO - Running: ['***', 'tasks', 'run', 'dag_with_postgres_operator', 'create_postgres_table', 'scheduled__2021-12-20T00:00:00+00:00', '--job-id', '56', '--raw', '--subdir', 'DAGS_FOLDER/DAGWithPostgresOperator.py', '--cfg-path', '/tmp/tmpjmgpwnv7', '--error-file', '/tmp/tmph9fdzrfm']
[2022-07-30 17:53:30,748] {standard_task_runner.py:80} INFO - Job 56: Subtask create_postgres_table
[2022-07-30 17:53:30,817] {task_command.py:369} INFO - Running <TaskInstance: dag_with_postgres_operator.create_postgres_table scheduled__2021-12-20T00:00:00+00:00 [running]> on host 66bf18ec08cc
[2022-07-30 17:53:30,916] {taskinstance.py:1571} INFO - Exporting the following env vars:
AIRFLOW_CTX_DAG_OWNER=yosr
AIRFLOW_CTX_DAG_ID=dag_with_postgres_operator
AIRFLOW_CTX_TASK_ID=create_postgres_table
AIRFLOW_CTX_EXECUTION_DATE=2021-12-20T00:00:00+00:00
AIRFLOW_CTX_TRY_NUMBER=4
AIRFLOW_CTX_DAG_RUN_ID=scheduled__2021-12-20T00:00:00+00:00
[2022-07-30 17:53:30,945] {base.py:68} INFO - Using connection ID 'postgres_localhost' for task execution.
[2022-07-30 17:53:30,947] {taskinstance.py:1889} ERROR - Task failed with exception
Traceback (most recent call last):
  File "/home/airflow/.local/lib/python3.7/site-packages/airflow/providers/postgres/operators/postgres.py", line 92, in execute
    self.hook.run(self.sql, self.autocommit, parameters=self.parameters)
  File "/home/airflow/.local/lib/python3.7/site-packages/airflow/hooks/dbapi.py", line 181, in run
    with closing(self.get_conn()) as conn:
  File "/home/airflow/.local/lib/python3.7/site-packages/airflow/providers/postgres/hooks/postgres.py", line 113, in get_conn
    self.conn = psycopg2.connect(**conn_args)
  File "/home/airflow/.local/lib/python3.7/site-packages/psycopg2/__init__.py", line 122, in connect
    conn = _connect(dsn, connection_factory=connection_factory, **kwasync)
psycopg2.OperationalError: could not translate host name "host.docker.internal " to address: Name or service not known

[2022-07-30 17:53:30,962] {taskinstance.py:1400} INFO - Marking task as UP_FOR_RETRY. dag_id=dag_with_postgres_operator, task_id=create_postgres_table, execution_date=20211220T000000, start_date=20220730T175330, end_date=20220730T175330
[2022-07-30 17:53:30,982] {standard_task_runner.py:97} ERROR - Failed to execute job 56 for task create_postgres_table (could not translate host name "host.docker.internal " to address: Name or service not known
; 1162)
[2022-07-30 17:53:31,010] {local_task_job.py:156} INFO - Task exited with return code 1
[2022-07-30 17:53:31,071] {local_task_job.py:273} INFO - 0 downstream tasks scheduled from follow-on schedule check
[2022-07-30 23:59:48,770] {taskinstance.py:1159} INFO - Dependencies all met for <TaskInstance: dag_with_postgres_operator.create_postgres_table scheduled__2021-12-20T00:00:00+00:00 [queued]>
[2022-07-30 23:59:48,797] {taskinstance.py:1159} INFO - Dependencies all met for <TaskInstance: dag_with_postgres_operator.create_postgres_table scheduled__2021-12-20T00:00:00+00:00 [queued]>
[2022-07-30 23:59:48,798] {taskinstance.py:1356} INFO - 
--------------------------------------------------------------------------------
[2022-07-30 23:59:48,798] {taskinstance.py:1357} INFO - Starting attempt 4 of 6
[2022-07-30 23:59:48,799] {taskinstance.py:1358} INFO - 
--------------------------------------------------------------------------------
[2022-07-30 23:59:48,820] {taskinstance.py:1377} INFO - Executing <Task(PostgresOperator): create_postgres_table> on 2021-12-20 00:00:00+00:00
[2022-07-30 23:59:48,826] {standard_task_runner.py:52} INFO - Started process 5079 to run task
[2022-07-30 23:59:48,829] {standard_task_runner.py:79} INFO - Running: ['***', 'tasks', 'run', 'dag_with_postgres_operator', 'create_postgres_table', 'scheduled__2021-12-20T00:00:00+00:00', '--job-id', '1059', '--raw', '--subdir', 'DAGS_FOLDER/DAGWithPostgresOperator.py', '--cfg-path', '/tmp/tmp11rn7j2f', '--error-file', '/tmp/tmp3otqgdjs']
[2022-07-30 23:59:48,830] {standard_task_runner.py:80} INFO - Job 1059: Subtask create_postgres_table
[2022-07-30 23:59:48,917] {task_command.py:369} INFO - Running <TaskInstance: dag_with_postgres_operator.create_postgres_table scheduled__2021-12-20T00:00:00+00:00 [running]> on host 66bf18ec08cc
[2022-07-30 23:59:49,026] {taskinstance.py:1571} INFO - Exporting the following env vars:
AIRFLOW_CTX_DAG_OWNER=yosr
AIRFLOW_CTX_DAG_ID=dag_with_postgres_operator
AIRFLOW_CTX_TASK_ID=create_postgres_table
AIRFLOW_CTX_EXECUTION_DATE=2021-12-20T00:00:00+00:00
AIRFLOW_CTX_TRY_NUMBER=4
AIRFLOW_CTX_DAG_RUN_ID=scheduled__2021-12-20T00:00:00+00:00
[2022-07-30 23:59:49,042] {base.py:68} INFO - Using connection ID 'postgres_localhost' for task execution.
[2022-07-30 23:59:49,043] {taskinstance.py:1889} ERROR - Task failed with exception
Traceback (most recent call last):
  File "/home/airflow/.local/lib/python3.7/site-packages/airflow/providers/postgres/operators/postgres.py", line 92, in execute
    self.hook.run(self.sql, self.autocommit, parameters=self.parameters)
  File "/home/airflow/.local/lib/python3.7/site-packages/airflow/hooks/dbapi.py", line 181, in run
    with closing(self.get_conn()) as conn:
  File "/home/airflow/.local/lib/python3.7/site-packages/airflow/providers/postgres/hooks/postgres.py", line 113, in get_conn
    self.conn = psycopg2.connect(**conn_args)
  File "/home/airflow/.local/lib/python3.7/site-packages/psycopg2/__init__.py", line 122, in connect
    conn = _connect(dsn, connection_factory=connection_factory, **kwasync)
psycopg2.OperationalError: could not translate host name "host.docker.local " to address: Name or service not known

[2022-07-30 23:59:49,056] {taskinstance.py:1400} INFO - Marking task as UP_FOR_RETRY. dag_id=dag_with_postgres_operator, task_id=create_postgres_table, execution_date=20211220T000000, start_date=20220730T235948, end_date=20220730T235949
[2022-07-30 23:59:49,076] {standard_task_runner.py:97} ERROR - Failed to execute job 1059 for task create_postgres_table (could not translate host name "host.docker.local " to address: Name or service not known
; 5079)
[2022-07-30 23:59:49,088] {local_task_job.py:156} INFO - Task exited with return code 1
[2022-07-30 23:59:49,152] {local_task_job.py:273} INFO - 0 downstream tasks scheduled from follow-on schedule check
[2022-07-31 10:53:13,463] {taskinstance.py:1159} INFO - Dependencies all met for <TaskInstance: dag_with_postgres_operator.create_postgres_table scheduled__2021-12-20T00:00:00+00:00 [queued]>
[2022-07-31 10:53:13,497] {taskinstance.py:1159} INFO - Dependencies all met for <TaskInstance: dag_with_postgres_operator.create_postgres_table scheduled__2021-12-20T00:00:00+00:00 [queued]>
[2022-07-31 10:53:13,497] {taskinstance.py:1356} INFO - 
--------------------------------------------------------------------------------
[2022-07-31 10:53:13,498] {taskinstance.py:1357} INFO - Starting attempt 4 of 6
[2022-07-31 10:53:13,498] {taskinstance.py:1358} INFO - 
--------------------------------------------------------------------------------
[2022-07-31 10:53:13,519] {taskinstance.py:1377} INFO - Executing <Task(PostgresOperator): create_postgres_table> on 2021-12-20 00:00:00+00:00
[2022-07-31 10:53:13,524] {standard_task_runner.py:52} INFO - Started process 3954 to run task
[2022-07-31 10:53:13,528] {standard_task_runner.py:79} INFO - Running: ['***', 'tasks', 'run', 'dag_with_postgres_operator', 'create_postgres_table', 'scheduled__2021-12-20T00:00:00+00:00', '--job-id', '1511', '--raw', '--subdir', 'DAGS_FOLDER/DAGWithPostgresOperator.py', '--cfg-path', '/tmp/tmpssc9vgay', '--error-file', '/tmp/tmpfznzd1op']
[2022-07-31 10:53:13,528] {standard_task_runner.py:80} INFO - Job 1511: Subtask create_postgres_table
[2022-07-31 10:53:13,599] {task_command.py:369} INFO - Running <TaskInstance: dag_with_postgres_operator.create_postgres_table scheduled__2021-12-20T00:00:00+00:00 [running]> on host 66bf18ec08cc
[2022-07-31 10:53:13,723] {taskinstance.py:1571} INFO - Exporting the following env vars:
AIRFLOW_CTX_DAG_OWNER=yosr
AIRFLOW_CTX_DAG_ID=dag_with_postgres_operator
AIRFLOW_CTX_TASK_ID=create_postgres_table
AIRFLOW_CTX_EXECUTION_DATE=2021-12-20T00:00:00+00:00
AIRFLOW_CTX_TRY_NUMBER=4
AIRFLOW_CTX_DAG_RUN_ID=scheduled__2021-12-20T00:00:00+00:00
[2022-07-31 10:53:13,748] {base.py:68} INFO - Using connection ID 'postgres_localhost' for task execution.
[2022-07-31 10:53:13,749] {taskinstance.py:1889} ERROR - Task failed with exception
Traceback (most recent call last):
  File "/home/airflow/.local/lib/python3.7/site-packages/airflow/providers/postgres/operators/postgres.py", line 92, in execute
    self.hook.run(self.sql, self.autocommit, parameters=self.parameters)
  File "/home/airflow/.local/lib/python3.7/site-packages/airflow/hooks/dbapi.py", line 181, in run
    with closing(self.get_conn()) as conn:
  File "/home/airflow/.local/lib/python3.7/site-packages/airflow/providers/postgres/hooks/postgres.py", line 113, in get_conn
    self.conn = psycopg2.connect(**conn_args)
  File "/home/airflow/.local/lib/python3.7/site-packages/psycopg2/__init__.py", line 122, in connect
    conn = _connect(dsn, connection_factory=connection_factory, **kwasync)
psycopg2.OperationalError: could not translate host name "host.docker.internal " to address: Name or service not known

[2022-07-31 10:53:13,767] {taskinstance.py:1400} INFO - Marking task as UP_FOR_RETRY. dag_id=dag_with_postgres_operator, task_id=create_postgres_table, execution_date=20211220T000000, start_date=20220731T105313, end_date=20220731T105313
[2022-07-31 10:53:13,785] {standard_task_runner.py:97} ERROR - Failed to execute job 1511 for task create_postgres_table (could not translate host name "host.docker.internal " to address: Name or service not known
; 3954)
[2022-07-31 10:53:13,831] {local_task_job.py:156} INFO - Task exited with return code 1
[2022-07-31 10:53:13,927] {local_task_job.py:273} INFO - 0 downstream tasks scheduled from follow-on schedule check
[2022-07-31 13:24:58,209] {taskinstance.py:1159} INFO - Dependencies all met for <TaskInstance: dag_with_postgres_operator.create_postgres_table scheduled__2021-12-20T00:00:00+00:00 [queued]>
[2022-07-31 13:24:58,223] {taskinstance.py:1159} INFO - Dependencies all met for <TaskInstance: dag_with_postgres_operator.create_postgres_table scheduled__2021-12-20T00:00:00+00:00 [queued]>
[2022-07-31 13:24:58,223] {taskinstance.py:1356} INFO - 
--------------------------------------------------------------------------------
[2022-07-31 13:24:58,223] {taskinstance.py:1357} INFO - Starting attempt 4 of 6
[2022-07-31 13:24:58,224] {taskinstance.py:1358} INFO - 
--------------------------------------------------------------------------------
[2022-07-31 13:24:58,241] {taskinstance.py:1377} INFO - Executing <Task(PostgresOperator): create_postgres_table> on 2021-12-20 00:00:00+00:00
[2022-07-31 13:24:58,246] {standard_task_runner.py:52} INFO - Started process 1549 to run task
[2022-07-31 13:24:58,251] {standard_task_runner.py:79} INFO - Running: ['***', 'tasks', 'run', 'dag_with_postgres_operator', 'create_postgres_table', 'scheduled__2021-12-20T00:00:00+00:00', '--job-id', '54', '--raw', '--subdir', 'DAGS_FOLDER/DAGWithPostgresOperator.py', '--cfg-path', '/tmp/tmpi5evjc4p', '--error-file', '/tmp/tmph_7omufb']
[2022-07-31 13:24:58,251] {standard_task_runner.py:80} INFO - Job 54: Subtask create_postgres_table
[2022-07-31 13:24:58,333] {task_command.py:369} INFO - Running <TaskInstance: dag_with_postgres_operator.create_postgres_table scheduled__2021-12-20T00:00:00+00:00 [running]> on host 4688dd3b7141
[2022-07-31 13:24:58,437] {taskinstance.py:1571} INFO - Exporting the following env vars:
AIRFLOW_CTX_DAG_OWNER=yosr
AIRFLOW_CTX_DAG_ID=dag_with_postgres_operator
AIRFLOW_CTX_TASK_ID=create_postgres_table
AIRFLOW_CTX_EXECUTION_DATE=2021-12-20T00:00:00+00:00
AIRFLOW_CTX_TRY_NUMBER=4
AIRFLOW_CTX_DAG_RUN_ID=scheduled__2021-12-20T00:00:00+00:00
[2022-07-31 13:24:58,477] {taskinstance.py:1889} ERROR - Task failed with exception
Traceback (most recent call last):
  File "/home/airflow/.local/lib/python3.7/site-packages/airflow/providers/postgres/operators/postgres.py", line 92, in execute
    self.hook.run(self.sql, self.autocommit, parameters=self.parameters)
  File "/home/airflow/.local/lib/python3.7/site-packages/airflow/hooks/dbapi.py", line 181, in run
    with closing(self.get_conn()) as conn:
  File "/home/airflow/.local/lib/python3.7/site-packages/airflow/providers/postgres/hooks/postgres.py", line 86, in get_conn
    conn = deepcopy(self.connection or self.get_connection(conn_id))
  File "/home/airflow/.local/lib/python3.7/site-packages/airflow/hooks/base.py", line 67, in get_connection
    conn = Connection.get_connection_from_secrets(conn_id)
  File "/home/airflow/.local/lib/python3.7/site-packages/airflow/models/connection.py", line 430, in get_connection_from_secrets
    raise AirflowNotFoundException(f"The conn_id `{conn_id}` isn't defined")
airflow.exceptions.AirflowNotFoundException: The conn_id `postgres_localhost` isn't defined
[2022-07-31 13:24:58,482] {taskinstance.py:1400} INFO - Marking task as UP_FOR_RETRY. dag_id=dag_with_postgres_operator, task_id=create_postgres_table, execution_date=20211220T000000, start_date=20220731T132458, end_date=20220731T132458
[2022-07-31 13:24:58,499] {standard_task_runner.py:97} ERROR - Failed to execute job 54 for task create_postgres_table (The conn_id `postgres_localhost` isn't defined; 1549)
[2022-07-31 13:24:58,549] {local_task_job.py:156} INFO - Task exited with return code 1
[2022-07-31 13:24:58,611] {local_task_job.py:273} INFO - 0 downstream tasks scheduled from follow-on schedule check
