[2022-07-30 17:48:29,568] {taskinstance.py:1159} INFO - Dependencies all met for <TaskInstance: dag_with_postgres_operator.create_postgres_table scheduled__2021-12-20T00:00:00+00:00 [queued]>
[2022-07-30 17:48:29,583] {taskinstance.py:1159} INFO - Dependencies all met for <TaskInstance: dag_with_postgres_operator.create_postgres_table scheduled__2021-12-20T00:00:00+00:00 [queued]>
[2022-07-30 17:48:29,584] {taskinstance.py:1356} INFO - 
--------------------------------------------------------------------------------
[2022-07-30 17:48:29,584] {taskinstance.py:1357} INFO - Starting attempt 3 of 6
[2022-07-30 17:48:29,584] {taskinstance.py:1358} INFO - 
--------------------------------------------------------------------------------
[2022-07-30 17:48:29,606] {taskinstance.py:1377} INFO - Executing <Task(PostgresOperator): create_postgres_table> on 2021-12-20 00:00:00+00:00
[2022-07-30 17:48:29,612] {standard_task_runner.py:52} INFO - Started process 906 to run task
[2022-07-30 17:48:29,616] {standard_task_runner.py:79} INFO - Running: ['***', 'tasks', 'run', 'dag_with_postgres_operator', 'create_postgres_table', 'scheduled__2021-12-20T00:00:00+00:00', '--job-id', '40', '--raw', '--subdir', 'DAGS_FOLDER/DAGWithPostgresOperator.py', '--cfg-path', '/tmp/tmpv3qzvnu7', '--error-file', '/tmp/tmpluk5q_4l']
[2022-07-30 17:48:29,617] {standard_task_runner.py:80} INFO - Job 40: Subtask create_postgres_table
[2022-07-30 17:48:29,698] {task_command.py:369} INFO - Running <TaskInstance: dag_with_postgres_operator.create_postgres_table scheduled__2021-12-20T00:00:00+00:00 [running]> on host 66bf18ec08cc
[2022-07-30 17:48:29,801] {taskinstance.py:1571} INFO - Exporting the following env vars:
AIRFLOW_CTX_DAG_OWNER=yosr
AIRFLOW_CTX_DAG_ID=dag_with_postgres_operator
AIRFLOW_CTX_TASK_ID=create_postgres_table
AIRFLOW_CTX_EXECUTION_DATE=2021-12-20T00:00:00+00:00
AIRFLOW_CTX_TRY_NUMBER=3
AIRFLOW_CTX_DAG_RUN_ID=scheduled__2021-12-20T00:00:00+00:00
[2022-07-30 17:48:29,814] {base.py:68} INFO - Using connection ID 'postgres_localhost' for task execution.
[2022-07-30 17:48:29,816] {taskinstance.py:1889} ERROR - Task failed with exception
Traceback (most recent call last):
  File "/home/airflow/.local/lib/python3.7/site-packages/airflow/providers/postgres/operators/postgres.py", line 92, in execute
    self.hook.run(self.sql, self.autocommit, parameters=self.parameters)
  File "/home/airflow/.local/lib/python3.7/site-packages/airflow/hooks/dbapi.py", line 181, in run
    with closing(self.get_conn()) as conn:
  File "/home/airflow/.local/lib/python3.7/site-packages/airflow/providers/postgres/hooks/postgres.py", line 113, in get_conn
    self.conn = psycopg2.connect(**conn_args)
  File "/home/airflow/.local/lib/python3.7/site-packages/psycopg2/__init__.py", line 122, in connect
    conn = _connect(dsn, connection_factory=connection_factory, **kwasync)
psycopg2.OperationalError: could not translate host name "host.docker.internal " to address: Name or service not known

[2022-07-30 17:48:29,828] {taskinstance.py:1400} INFO - Marking task as UP_FOR_RETRY. dag_id=dag_with_postgres_operator, task_id=create_postgres_table, execution_date=20211220T000000, start_date=20220730T174829, end_date=20220730T174829
[2022-07-30 17:48:29,844] {standard_task_runner.py:97} ERROR - Failed to execute job 40 for task create_postgres_table (could not translate host name "host.docker.internal " to address: Name or service not known
; 906)
[2022-07-30 17:48:29,901] {local_task_job.py:156} INFO - Task exited with return code 1
[2022-07-30 17:48:29,946] {local_task_job.py:273} INFO - 0 downstream tasks scheduled from follow-on schedule check
[2022-07-30 23:54:47,729] {taskinstance.py:1159} INFO - Dependencies all met for <TaskInstance: dag_with_postgres_operator.create_postgres_table scheduled__2021-12-20T00:00:00+00:00 [queued]>
[2022-07-30 23:54:47,746] {taskinstance.py:1159} INFO - Dependencies all met for <TaskInstance: dag_with_postgres_operator.create_postgres_table scheduled__2021-12-20T00:00:00+00:00 [queued]>
[2022-07-30 23:54:47,746] {taskinstance.py:1356} INFO - 
--------------------------------------------------------------------------------
[2022-07-30 23:54:47,746] {taskinstance.py:1357} INFO - Starting attempt 3 of 6
[2022-07-30 23:54:47,746] {taskinstance.py:1358} INFO - 
--------------------------------------------------------------------------------
[2022-07-30 23:54:47,769] {taskinstance.py:1377} INFO - Executing <Task(PostgresOperator): create_postgres_table> on 2021-12-20 00:00:00+00:00
[2022-07-30 23:54:47,775] {standard_task_runner.py:52} INFO - Started process 4821 to run task
[2022-07-30 23:54:47,781] {standard_task_runner.py:79} INFO - Running: ['***', 'tasks', 'run', 'dag_with_postgres_operator', 'create_postgres_table', 'scheduled__2021-12-20T00:00:00+00:00', '--job-id', '1044', '--raw', '--subdir', 'DAGS_FOLDER/DAGWithPostgresOperator.py', '--cfg-path', '/tmp/tmp5pxocuax', '--error-file', '/tmp/tmp4n9m0unh']
[2022-07-30 23:54:47,781] {standard_task_runner.py:80} INFO - Job 1044: Subtask create_postgres_table
[2022-07-30 23:54:47,853] {task_command.py:369} INFO - Running <TaskInstance: dag_with_postgres_operator.create_postgres_table scheduled__2021-12-20T00:00:00+00:00 [running]> on host 66bf18ec08cc
[2022-07-30 23:54:47,962] {taskinstance.py:1571} INFO - Exporting the following env vars:
AIRFLOW_CTX_DAG_OWNER=yosr
AIRFLOW_CTX_DAG_ID=dag_with_postgres_operator
AIRFLOW_CTX_TASK_ID=create_postgres_table
AIRFLOW_CTX_EXECUTION_DATE=2021-12-20T00:00:00+00:00
AIRFLOW_CTX_TRY_NUMBER=3
AIRFLOW_CTX_DAG_RUN_ID=scheduled__2021-12-20T00:00:00+00:00
[2022-07-30 23:54:47,979] {base.py:68} INFO - Using connection ID 'postgres_localhost' for task execution.
[2022-07-30 23:54:47,980] {taskinstance.py:1889} ERROR - Task failed with exception
Traceback (most recent call last):
  File "/home/airflow/.local/lib/python3.7/site-packages/airflow/providers/postgres/operators/postgres.py", line 92, in execute
    self.hook.run(self.sql, self.autocommit, parameters=self.parameters)
  File "/home/airflow/.local/lib/python3.7/site-packages/airflow/hooks/dbapi.py", line 181, in run
    with closing(self.get_conn()) as conn:
  File "/home/airflow/.local/lib/python3.7/site-packages/airflow/providers/postgres/hooks/postgres.py", line 113, in get_conn
    self.conn = psycopg2.connect(**conn_args)
  File "/home/airflow/.local/lib/python3.7/site-packages/psycopg2/__init__.py", line 122, in connect
    conn = _connect(dsn, connection_factory=connection_factory, **kwasync)
psycopg2.OperationalError: could not translate host name "host.docker.local " to address: Name or service not known

[2022-07-30 23:54:47,999] {taskinstance.py:1400} INFO - Marking task as UP_FOR_RETRY. dag_id=dag_with_postgres_operator, task_id=create_postgres_table, execution_date=20211220T000000, start_date=20220730T235447, end_date=20220730T235447
[2022-07-30 23:54:48,022] {standard_task_runner.py:97} ERROR - Failed to execute job 1044 for task create_postgres_table (could not translate host name "host.docker.local " to address: Name or service not known
; 4821)
[2022-07-30 23:54:48,038] {local_task_job.py:156} INFO - Task exited with return code 1
[2022-07-30 23:54:48,105] {local_task_job.py:273} INFO - 0 downstream tasks scheduled from follow-on schedule check
[2022-07-31 10:36:04,270] {taskinstance.py:1159} INFO - Dependencies all met for <TaskInstance: dag_with_postgres_operator.create_postgres_table scheduled__2021-12-20T00:00:00+00:00 [queued]>
[2022-07-31 10:36:04,305] {taskinstance.py:1159} INFO - Dependencies all met for <TaskInstance: dag_with_postgres_operator.create_postgres_table scheduled__2021-12-20T00:00:00+00:00 [queued]>
[2022-07-31 10:36:04,305] {taskinstance.py:1356} INFO - 
--------------------------------------------------------------------------------
[2022-07-31 10:36:04,305] {taskinstance.py:1357} INFO - Starting attempt 3 of 6
[2022-07-31 10:36:04,305] {taskinstance.py:1358} INFO - 
--------------------------------------------------------------------------------
[2022-07-31 10:36:04,329] {taskinstance.py:1377} INFO - Executing <Task(PostgresOperator): create_postgres_table> on 2021-12-20 00:00:00+00:00
[2022-07-31 10:36:04,338] {standard_task_runner.py:52} INFO - Started process 3044 to run task
[2022-07-31 10:36:04,342] {standard_task_runner.py:79} INFO - Running: ['***', 'tasks', 'run', 'dag_with_postgres_operator', 'create_postgres_table', 'scheduled__2021-12-20T00:00:00+00:00', '--job-id', '1449', '--raw', '--subdir', 'DAGS_FOLDER/DAGWithPostgresOperator.py', '--cfg-path', '/tmp/tmpaduf7aka', '--error-file', '/tmp/tmpy_kk1h16']
[2022-07-31 10:36:04,343] {standard_task_runner.py:80} INFO - Job 1449: Subtask create_postgres_table
[2022-07-31 10:36:04,419] {task_command.py:369} INFO - Running <TaskInstance: dag_with_postgres_operator.create_postgres_table scheduled__2021-12-20T00:00:00+00:00 [running]> on host 66bf18ec08cc
[2022-07-31 10:36:04,538] {taskinstance.py:1571} INFO - Exporting the following env vars:
AIRFLOW_CTX_DAG_OWNER=yosr
AIRFLOW_CTX_DAG_ID=dag_with_postgres_operator
AIRFLOW_CTX_TASK_ID=create_postgres_table
AIRFLOW_CTX_EXECUTION_DATE=2021-12-20T00:00:00+00:00
AIRFLOW_CTX_TRY_NUMBER=3
AIRFLOW_CTX_DAG_RUN_ID=scheduled__2021-12-20T00:00:00+00:00
[2022-07-31 10:36:04,559] {base.py:68} INFO - Using connection ID 'postgres_localhost' for task execution.
[2022-07-31 10:36:04,561] {taskinstance.py:1889} ERROR - Task failed with exception
Traceback (most recent call last):
  File "/home/airflow/.local/lib/python3.7/site-packages/airflow/providers/postgres/operators/postgres.py", line 92, in execute
    self.hook.run(self.sql, self.autocommit, parameters=self.parameters)
  File "/home/airflow/.local/lib/python3.7/site-packages/airflow/hooks/dbapi.py", line 181, in run
    with closing(self.get_conn()) as conn:
  File "/home/airflow/.local/lib/python3.7/site-packages/airflow/providers/postgres/hooks/postgres.py", line 113, in get_conn
    self.conn = psycopg2.connect(**conn_args)
  File "/home/airflow/.local/lib/python3.7/site-packages/psycopg2/__init__.py", line 122, in connect
    conn = _connect(dsn, connection_factory=connection_factory, **kwasync)
psycopg2.OperationalError: could not translate host name "host.docker.internal " to address: Name or service not known

[2022-07-31 10:36:04,580] {taskinstance.py:1400} INFO - Marking task as UP_FOR_RETRY. dag_id=dag_with_postgres_operator, task_id=create_postgres_table, execution_date=20211220T000000, start_date=20220731T103604, end_date=20220731T103604
[2022-07-31 10:36:04,600] {standard_task_runner.py:97} ERROR - Failed to execute job 1449 for task create_postgres_table (could not translate host name "host.docker.internal " to address: Name or service not known
; 3044)
[2022-07-31 10:36:04,647] {local_task_job.py:156} INFO - Task exited with return code 1
[2022-07-31 10:36:04,737] {local_task_job.py:273} INFO - 0 downstream tasks scheduled from follow-on schedule check
[2022-07-31 10:48:12,373] {taskinstance.py:1159} INFO - Dependencies all met for <TaskInstance: dag_with_postgres_operator.create_postgres_table scheduled__2021-12-20T00:00:00+00:00 [queued]>
[2022-07-31 10:48:12,412] {taskinstance.py:1159} INFO - Dependencies all met for <TaskInstance: dag_with_postgres_operator.create_postgres_table scheduled__2021-12-20T00:00:00+00:00 [queued]>
[2022-07-31 10:48:12,412] {taskinstance.py:1356} INFO - 
--------------------------------------------------------------------------------
[2022-07-31 10:48:12,412] {taskinstance.py:1357} INFO - Starting attempt 3 of 6
[2022-07-31 10:48:12,412] {taskinstance.py:1358} INFO - 
--------------------------------------------------------------------------------
[2022-07-31 10:48:12,431] {taskinstance.py:1377} INFO - Executing <Task(PostgresOperator): create_postgres_table> on 2021-12-20 00:00:00+00:00
[2022-07-31 10:48:12,436] {standard_task_runner.py:52} INFO - Started process 3698 to run task
[2022-07-31 10:48:12,441] {standard_task_runner.py:79} INFO - Running: ['***', 'tasks', 'run', 'dag_with_postgres_operator', 'create_postgres_table', 'scheduled__2021-12-20T00:00:00+00:00', '--job-id', '1497', '--raw', '--subdir', 'DAGS_FOLDER/DAGWithPostgresOperator.py', '--cfg-path', '/tmp/tmpma8gv23b', '--error-file', '/tmp/tmpamzxq3hv']
[2022-07-31 10:48:12,441] {standard_task_runner.py:80} INFO - Job 1497: Subtask create_postgres_table
[2022-07-31 10:48:12,502] {task_command.py:369} INFO - Running <TaskInstance: dag_with_postgres_operator.create_postgres_table scheduled__2021-12-20T00:00:00+00:00 [running]> on host 66bf18ec08cc
[2022-07-31 10:48:12,583] {taskinstance.py:1571} INFO - Exporting the following env vars:
AIRFLOW_CTX_DAG_OWNER=yosr
AIRFLOW_CTX_DAG_ID=dag_with_postgres_operator
AIRFLOW_CTX_TASK_ID=create_postgres_table
AIRFLOW_CTX_EXECUTION_DATE=2021-12-20T00:00:00+00:00
AIRFLOW_CTX_TRY_NUMBER=3
AIRFLOW_CTX_DAG_RUN_ID=scheduled__2021-12-20T00:00:00+00:00
[2022-07-31 10:48:12,596] {base.py:68} INFO - Using connection ID 'postgres_localhost' for task execution.
[2022-07-31 10:48:12,597] {taskinstance.py:1889} ERROR - Task failed with exception
Traceback (most recent call last):
  File "/home/airflow/.local/lib/python3.7/site-packages/airflow/providers/postgres/operators/postgres.py", line 92, in execute
    self.hook.run(self.sql, self.autocommit, parameters=self.parameters)
  File "/home/airflow/.local/lib/python3.7/site-packages/airflow/hooks/dbapi.py", line 181, in run
    with closing(self.get_conn()) as conn:
  File "/home/airflow/.local/lib/python3.7/site-packages/airflow/providers/postgres/hooks/postgres.py", line 113, in get_conn
    self.conn = psycopg2.connect(**conn_args)
  File "/home/airflow/.local/lib/python3.7/site-packages/psycopg2/__init__.py", line 122, in connect
    conn = _connect(dsn, connection_factory=connection_factory, **kwasync)
psycopg2.OperationalError: could not translate host name "host.docker.internal " to address: Name or service not known

[2022-07-31 10:48:12,608] {taskinstance.py:1400} INFO - Marking task as UP_FOR_RETRY. dag_id=dag_with_postgres_operator, task_id=create_postgres_table, execution_date=20211220T000000, start_date=20220731T104812, end_date=20220731T104812
[2022-07-31 10:48:12,622] {standard_task_runner.py:97} ERROR - Failed to execute job 1497 for task create_postgres_table (could not translate host name "host.docker.internal " to address: Name or service not known
; 3698)
[2022-07-31 10:48:12,659] {local_task_job.py:156} INFO - Task exited with return code 1
[2022-07-31 10:48:12,711] {local_task_job.py:273} INFO - 0 downstream tasks scheduled from follow-on schedule check
[2022-07-31 13:19:56,559] {taskinstance.py:1159} INFO - Dependencies all met for <TaskInstance: dag_with_postgres_operator.create_postgres_table scheduled__2021-12-20T00:00:00+00:00 [queued]>
[2022-07-31 13:19:56,577] {taskinstance.py:1159} INFO - Dependencies all met for <TaskInstance: dag_with_postgres_operator.create_postgres_table scheduled__2021-12-20T00:00:00+00:00 [queued]>
[2022-07-31 13:19:56,577] {taskinstance.py:1356} INFO - 
--------------------------------------------------------------------------------
[2022-07-31 13:19:56,577] {taskinstance.py:1357} INFO - Starting attempt 3 of 6
[2022-07-31 13:19:56,577] {taskinstance.py:1358} INFO - 
--------------------------------------------------------------------------------
[2022-07-31 13:19:56,598] {taskinstance.py:1377} INFO - Executing <Task(PostgresOperator): create_postgres_table> on 2021-12-20 00:00:00+00:00
[2022-07-31 13:19:56,603] {standard_task_runner.py:52} INFO - Started process 1288 to run task
[2022-07-31 13:19:56,606] {standard_task_runner.py:79} INFO - Running: ['***', 'tasks', 'run', 'dag_with_postgres_operator', 'create_postgres_table', 'scheduled__2021-12-20T00:00:00+00:00', '--job-id', '35', '--raw', '--subdir', 'DAGS_FOLDER/DAGWithPostgresOperator.py', '--cfg-path', '/tmp/tmp1pg8mzkb', '--error-file', '/tmp/tmpnhxux7ic']
[2022-07-31 13:19:56,607] {standard_task_runner.py:80} INFO - Job 35: Subtask create_postgres_table
[2022-07-31 13:19:56,694] {task_command.py:369} INFO - Running <TaskInstance: dag_with_postgres_operator.create_postgres_table scheduled__2021-12-20T00:00:00+00:00 [running]> on host 4688dd3b7141
[2022-07-31 13:19:56,815] {taskinstance.py:1571} INFO - Exporting the following env vars:
AIRFLOW_CTX_DAG_OWNER=yosr
AIRFLOW_CTX_DAG_ID=dag_with_postgres_operator
AIRFLOW_CTX_TASK_ID=create_postgres_table
AIRFLOW_CTX_EXECUTION_DATE=2021-12-20T00:00:00+00:00
AIRFLOW_CTX_TRY_NUMBER=3
AIRFLOW_CTX_DAG_RUN_ID=scheduled__2021-12-20T00:00:00+00:00
[2022-07-31 13:19:56,855] {taskinstance.py:1889} ERROR - Task failed with exception
Traceback (most recent call last):
  File "/home/airflow/.local/lib/python3.7/site-packages/airflow/providers/postgres/operators/postgres.py", line 92, in execute
    self.hook.run(self.sql, self.autocommit, parameters=self.parameters)
  File "/home/airflow/.local/lib/python3.7/site-packages/airflow/hooks/dbapi.py", line 181, in run
    with closing(self.get_conn()) as conn:
  File "/home/airflow/.local/lib/python3.7/site-packages/airflow/providers/postgres/hooks/postgres.py", line 86, in get_conn
    conn = deepcopy(self.connection or self.get_connection(conn_id))
  File "/home/airflow/.local/lib/python3.7/site-packages/airflow/hooks/base.py", line 67, in get_connection
    conn = Connection.get_connection_from_secrets(conn_id)
  File "/home/airflow/.local/lib/python3.7/site-packages/airflow/models/connection.py", line 430, in get_connection_from_secrets
    raise AirflowNotFoundException(f"The conn_id `{conn_id}` isn't defined")
airflow.exceptions.AirflowNotFoundException: The conn_id `postgres_localhost` isn't defined
[2022-07-31 13:19:56,861] {taskinstance.py:1400} INFO - Marking task as UP_FOR_RETRY. dag_id=dag_with_postgres_operator, task_id=create_postgres_table, execution_date=20211220T000000, start_date=20220731T131956, end_date=20220731T131956
[2022-07-31 13:19:56,879] {standard_task_runner.py:97} ERROR - Failed to execute job 35 for task create_postgres_table (The conn_id `postgres_localhost` isn't defined; 1288)
[2022-07-31 13:19:56,905] {local_task_job.py:156} INFO - Task exited with return code 1
[2022-07-31 13:19:57,114] {local_task_job.py:273} INFO - 0 downstream tasks scheduled from follow-on schedule check
