[2022-07-29 12:22:35,496] {taskinstance.py:1159} INFO - Dependencies all met for <TaskInstance: dag_with_cron_expression.task1 scheduled__2022-06-02T03:00:00+00:00 [queued]>
[2022-07-29 12:22:35,512] {taskinstance.py:1159} INFO - Dependencies all met for <TaskInstance: dag_with_cron_expression.task1 scheduled__2022-06-02T03:00:00+00:00 [queued]>
[2022-07-29 12:22:35,512] {taskinstance.py:1356} INFO - 
--------------------------------------------------------------------------------
[2022-07-29 12:22:35,512] {taskinstance.py:1357} INFO - Starting attempt 1 of 6
[2022-07-29 12:22:35,512] {taskinstance.py:1358} INFO - 
--------------------------------------------------------------------------------
[2022-07-29 12:22:35,533] {taskinstance.py:1377} INFO - Executing <Task(BashOperator): task1> on 2022-06-02 03:00:00+00:00
[2022-07-29 12:22:35,538] {standard_task_runner.py:52} INFO - Started process 11403 to run task
[2022-07-29 12:22:35,541] {standard_task_runner.py:79} INFO - Running: ['***', 'tasks', 'run', 'dag_with_cron_expression', 'task1', 'scheduled__2022-06-02T03:00:00+00:00', '--job-id', '2259', '--raw', '--subdir', 'DAGS_FOLDER/DagWithCronExpression.py', '--cfg-path', '/tmp/tmpekskso8a', '--error-file', '/tmp/tmpsprz2z23']
[2022-07-29 12:22:35,542] {standard_task_runner.py:80} INFO - Job 2259: Subtask task1
[2022-07-29 12:22:35,612] {task_command.py:369} INFO - Running <TaskInstance: dag_with_cron_expression.task1 scheduled__2022-06-02T03:00:00+00:00 [running]> on host 9f0f006fc89d
[2022-07-29 12:22:35,707] {taskinstance.py:1571} INFO - Exporting the following env vars:
AIRFLOW_CTX_DAG_OWNER=yosr
AIRFLOW_CTX_DAG_ID=dag_with_cron_expression
AIRFLOW_CTX_TASK_ID=task1
AIRFLOW_CTX_EXECUTION_DATE=2022-06-02T03:00:00+00:00
AIRFLOW_CTX_TRY_NUMBER=1
AIRFLOW_CTX_DAG_RUN_ID=scheduled__2022-06-02T03:00:00+00:00
[2022-07-29 12:22:35,708] {subprocess.py:62} INFO - Tmp dir root location: 
 /tmp
[2022-07-29 12:22:35,708] {subprocess.py:74} INFO - Running command: ['bash', '-c', 'echo dag with cron expression!']
[2022-07-29 12:22:35,721] {subprocess.py:85} INFO - Output:
[2022-07-29 12:22:35,723] {subprocess.py:92} INFO - dag with cron expression!
[2022-07-29 12:22:35,724] {subprocess.py:96} INFO - Command exited with return code 0
[2022-07-29 12:22:35,764] {taskinstance.py:1400} INFO - Marking task as SUCCESS. dag_id=dag_with_cron_expression, task_id=task1, execution_date=20220602T030000, start_date=20220729T122235, end_date=20220729T122235
[2022-07-29 12:22:35,798] {local_task_job.py:156} INFO - Task exited with return code 0
[2022-07-29 12:22:35,861] {local_task_job.py:273} INFO - 0 downstream tasks scheduled from follow-on schedule check
