[2022-07-29 11:56:04,279] {taskinstance.py:1159} INFO - Dependencies all met for <TaskInstance: dag_with_taskflow_api.greet scheduled__2021-11-15T00:00:00+00:00 [queued]>
[2022-07-29 11:56:04,297] {taskinstance.py:1159} INFO - Dependencies all met for <TaskInstance: dag_with_taskflow_api.greet scheduled__2021-11-15T00:00:00+00:00 [queued]>
[2022-07-29 11:56:04,297] {taskinstance.py:1356} INFO - 
--------------------------------------------------------------------------------
[2022-07-29 11:56:04,297] {taskinstance.py:1357} INFO - Starting attempt 1 of 6
[2022-07-29 11:56:04,297] {taskinstance.py:1358} INFO - 
--------------------------------------------------------------------------------
[2022-07-29 11:56:04,321] {taskinstance.py:1377} INFO - Executing <Task(_PythonDecoratedOperator): greet> on 2021-11-15 00:00:00+00:00
[2022-07-29 11:56:04,327] {standard_task_runner.py:52} INFO - Started process 8265 to run task
[2022-07-29 11:56:04,332] {standard_task_runner.py:79} INFO - Running: ['***', 'tasks', 'run', 'dag_with_taskflow_api', 'greet', 'scheduled__2021-11-15T00:00:00+00:00', '--job-id', '1360', '--raw', '--subdir', 'DAGS_FOLDER/DagWithTaskflowApi.py', '--cfg-path', '/tmp/tmpybq_othm', '--error-file', '/tmp/tmph0y00nrn']
[2022-07-29 11:56:04,332] {standard_task_runner.py:80} INFO - Job 1360: Subtask greet
[2022-07-29 11:56:04,429] {task_command.py:369} INFO - Running <TaskInstance: dag_with_taskflow_api.greet scheduled__2021-11-15T00:00:00+00:00 [running]> on host 9f0f006fc89d
[2022-07-29 11:56:04,704] {taskinstance.py:1571} INFO - Exporting the following env vars:
AIRFLOW_CTX_DAG_OWNER=yosr
AIRFLOW_CTX_DAG_ID=dag_with_taskflow_api
AIRFLOW_CTX_TASK_ID=greet
AIRFLOW_CTX_EXECUTION_DATE=2021-11-15T00:00:00+00:00
AIRFLOW_CTX_TRY_NUMBER=1
AIRFLOW_CTX_DAG_RUN_ID=scheduled__2021-11-15T00:00:00+00:00
[2022-07-29 11:56:04,705] {logging_mixin.py:115} INFO - Hello World! My name is Jerry Fridman and I am 19 years old!
[2022-07-29 11:56:04,705] {python.py:173} INFO - Done. Returned value was: None
[2022-07-29 11:56:04,731] {taskinstance.py:1400} INFO - Marking task as SUCCESS. dag_id=dag_with_taskflow_api, task_id=greet, execution_date=20211115T000000, start_date=20220729T115604, end_date=20220729T115604
[2022-07-29 11:56:04,766] {local_task_job.py:156} INFO - Task exited with return code 0
[2022-07-29 11:56:04,819] {local_task_job.py:273} INFO - 0 downstream tasks scheduled from follow-on schedule check
