[2022-07-29 11:44:03,587] {taskinstance.py:1159} INFO - Dependencies all met for <TaskInstance: dag_with_python_operator.get_name scheduled__2022-04-24T00:00:00+00:00 [queued]>
[2022-07-29 11:44:03,615] {taskinstance.py:1159} INFO - Dependencies all met for <TaskInstance: dag_with_python_operator.get_name scheduled__2022-04-24T00:00:00+00:00 [queued]>
[2022-07-29 11:44:03,616] {taskinstance.py:1356} INFO - 
--------------------------------------------------------------------------------
[2022-07-29 11:44:03,616] {taskinstance.py:1357} INFO - Starting attempt 1 of 6
[2022-07-29 11:44:03,617] {taskinstance.py:1358} INFO - 
--------------------------------------------------------------------------------
[2022-07-29 11:44:03,650] {taskinstance.py:1377} INFO - Executing <Task(PythonOperator): get_name> on 2022-04-24 00:00:00+00:00
[2022-07-29 11:44:03,656] {standard_task_runner.py:52} INFO - Started process 7015 to run task
[2022-07-29 11:44:03,660] {standard_task_runner.py:79} INFO - Running: ['***', 'tasks', 'run', 'dag_with_python_operator', 'get_name', 'scheduled__2022-04-24T00:00:00+00:00', '--job-id', '1005', '--raw', '--subdir', 'DAGS_FOLDER/CreateDagWithPythonOperator.py', '--cfg-path', '/tmp/tmp67jhflz5', '--error-file', '/tmp/tmpu2kagrfs']
[2022-07-29 11:44:03,661] {standard_task_runner.py:80} INFO - Job 1005: Subtask get_name
[2022-07-29 11:44:03,760] {task_command.py:369} INFO - Running <TaskInstance: dag_with_python_operator.get_name scheduled__2022-04-24T00:00:00+00:00 [running]> on host 9f0f006fc89d
[2022-07-29 11:44:03,903] {taskinstance.py:1571} INFO - Exporting the following env vars:
AIRFLOW_CTX_DAG_OWNER=yosr
AIRFLOW_CTX_DAG_ID=dag_with_python_operator
AIRFLOW_CTX_TASK_ID=get_name
AIRFLOW_CTX_EXECUTION_DATE=2022-04-24T00:00:00+00:00
AIRFLOW_CTX_TRY_NUMBER=1
AIRFLOW_CTX_DAG_RUN_ID=scheduled__2022-04-24T00:00:00+00:00
[2022-07-29 11:44:03,972] {python.py:173} INFO - Done. Returned value was: None
[2022-07-29 11:44:04,007] {taskinstance.py:1400} INFO - Marking task as SUCCESS. dag_id=dag_with_python_operator, task_id=get_name, execution_date=20220424T000000, start_date=20220729T114403, end_date=20220729T114404
[2022-07-29 11:44:04,049] {local_task_job.py:156} INFO - Task exited with return code 0
[2022-07-29 11:44:04,161] {local_task_job.py:273} INFO - 0 downstream tasks scheduled from follow-on schedule check
