[2022-07-29 11:41:53,992] {taskinstance.py:1159} INFO - Dependencies all met for <TaskInstance: dag_with_python_operator.get_age scheduled__2021-12-13T00:00:00+00:00 [queued]>
[2022-07-29 11:41:54,015] {taskinstance.py:1159} INFO - Dependencies all met for <TaskInstance: dag_with_python_operator.get_age scheduled__2021-12-13T00:00:00+00:00 [queued]>
[2022-07-29 11:41:54,015] {taskinstance.py:1356} INFO - 
--------------------------------------------------------------------------------
[2022-07-29 11:41:54,015] {taskinstance.py:1357} INFO - Starting attempt 1 of 6
[2022-07-29 11:41:54,015] {taskinstance.py:1358} INFO - 
--------------------------------------------------------------------------------
[2022-07-29 11:41:54,049] {taskinstance.py:1377} INFO - Executing <Task(PythonOperator): get_age> on 2021-12-13 00:00:00+00:00
[2022-07-29 11:41:54,059] {standard_task_runner.py:52} INFO - Started process 6119 to run task
[2022-07-29 11:41:54,066] {standard_task_runner.py:79} INFO - Running: ['***', 'tasks', 'run', 'dag_with_python_operator', 'get_age', 'scheduled__2021-12-13T00:00:00+00:00', '--job-id', '608', '--raw', '--subdir', 'DAGS_FOLDER/CreateDagWithPythonOperator.py', '--cfg-path', '/tmp/tmp8hgv3i_u', '--error-file', '/tmp/tmpssff1154']
[2022-07-29 11:41:54,067] {standard_task_runner.py:80} INFO - Job 608: Subtask get_age
[2022-07-29 11:41:54,173] {task_command.py:369} INFO - Running <TaskInstance: dag_with_python_operator.get_age scheduled__2021-12-13T00:00:00+00:00 [running]> on host 9f0f006fc89d
[2022-07-29 11:41:54,374] {taskinstance.py:1571} INFO - Exporting the following env vars:
AIRFLOW_CTX_DAG_OWNER=yosr
AIRFLOW_CTX_DAG_ID=dag_with_python_operator
AIRFLOW_CTX_TASK_ID=get_age
AIRFLOW_CTX_EXECUTION_DATE=2021-12-13T00:00:00+00:00
AIRFLOW_CTX_TRY_NUMBER=1
AIRFLOW_CTX_DAG_RUN_ID=scheduled__2021-12-13T00:00:00+00:00
[2022-07-29 11:41:54,407] {python.py:173} INFO - Done. Returned value was: None
[2022-07-29 11:41:54,440] {taskinstance.py:1400} INFO - Marking task as SUCCESS. dag_id=dag_with_python_operator, task_id=get_age, execution_date=20211213T000000, start_date=20220729T114153, end_date=20220729T114154
[2022-07-29 11:41:54,511] {local_task_job.py:156} INFO - Task exited with return code 0
[2022-07-29 11:41:54,595] {local_task_job.py:273} INFO - 0 downstream tasks scheduled from follow-on schedule check
