[2022-07-30 18:34:00,258] {taskinstance.py:1159} INFO - Dependencies all met for <TaskInstance: dag_with_postgres_operator.create_postgres_table scheduled__2022-01-21T00:00:00+00:00 [queued]>
[2022-07-30 18:34:00,273] {taskinstance.py:1159} INFO - Dependencies all met for <TaskInstance: dag_with_postgres_operator.create_postgres_table scheduled__2022-01-21T00:00:00+00:00 [queued]>
[2022-07-30 18:34:00,273] {taskinstance.py:1356} INFO - 
--------------------------------------------------------------------------------
[2022-07-30 18:34:00,273] {taskinstance.py:1357} INFO - Starting attempt 2 of 6
[2022-07-30 18:34:00,273] {taskinstance.py:1358} INFO - 
--------------------------------------------------------------------------------
[2022-07-30 18:34:00,296] {taskinstance.py:1377} INFO - Executing <Task(PostgresOperator): create_postgres_table> on 2022-01-21 00:00:00+00:00
[2022-07-30 18:34:00,302] {standard_task_runner.py:52} INFO - Started process 3348 to run task
[2022-07-30 18:34:00,305] {standard_task_runner.py:79} INFO - Running: ['***', 'tasks', 'run', 'dag_with_postgres_operator', 'create_postgres_table', 'scheduled__2022-01-21T00:00:00+00:00', '--job-id', '213', '--raw', '--subdir', 'DAGS_FOLDER/DAGWithPostgresOperator.py', '--cfg-path', '/tmp/tmp4rkqvte7', '--error-file', '/tmp/tmp_999vcj2']
[2022-07-30 18:34:00,305] {standard_task_runner.py:80} INFO - Job 213: Subtask create_postgres_table
[2022-07-30 18:34:00,382] {task_command.py:369} INFO - Running <TaskInstance: dag_with_postgres_operator.create_postgres_table scheduled__2022-01-21T00:00:00+00:00 [running]> on host 66bf18ec08cc
[2022-07-30 18:34:00,482] {taskinstance.py:1571} INFO - Exporting the following env vars:
AIRFLOW_CTX_DAG_OWNER=yosr
AIRFLOW_CTX_DAG_ID=dag_with_postgres_operator
AIRFLOW_CTX_TASK_ID=create_postgres_table
AIRFLOW_CTX_EXECUTION_DATE=2022-01-21T00:00:00+00:00
AIRFLOW_CTX_TRY_NUMBER=2
AIRFLOW_CTX_DAG_RUN_ID=scheduled__2022-01-21T00:00:00+00:00
[2022-07-30 18:34:00,494] {base.py:68} INFO - Using connection ID 'postgres_localhost' for task execution.
[2022-07-30 18:34:00,496] {taskinstance.py:1889} ERROR - Task failed with exception
Traceback (most recent call last):
  File "/home/airflow/.local/lib/python3.7/site-packages/airflow/providers/postgres/operators/postgres.py", line 92, in execute
    self.hook.run(self.sql, self.autocommit, parameters=self.parameters)
  File "/home/airflow/.local/lib/python3.7/site-packages/airflow/hooks/dbapi.py", line 181, in run
    with closing(self.get_conn()) as conn:
  File "/home/airflow/.local/lib/python3.7/site-packages/airflow/providers/postgres/hooks/postgres.py", line 113, in get_conn
    self.conn = psycopg2.connect(**conn_args)
  File "/home/airflow/.local/lib/python3.7/site-packages/psycopg2/__init__.py", line 122, in connect
    conn = _connect(dsn, connection_factory=connection_factory, **kwasync)
psycopg2.OperationalError: could not translate host name "host.docker.internal " to address: Name or service not known

[2022-07-30 18:34:00,508] {taskinstance.py:1400} INFO - Marking task as UP_FOR_RETRY. dag_id=dag_with_postgres_operator, task_id=create_postgres_table, execution_date=20220121T000000, start_date=20220730T183400, end_date=20220730T183400
[2022-07-30 18:34:00,525] {standard_task_runner.py:97} ERROR - Failed to execute job 213 for task create_postgres_table (could not translate host name "host.docker.internal " to address: Name or service not known
; 3348)
[2022-07-30 18:34:00,564] {local_task_job.py:156} INFO - Task exited with return code 1
[2022-07-30 18:34:00,638] {local_task_job.py:273} INFO - 0 downstream tasks scheduled from follow-on schedule check
[2022-07-31 00:41:10,112] {taskinstance.py:1159} INFO - Dependencies all met for <TaskInstance: dag_with_postgres_operator.create_postgres_table scheduled__2022-01-21T00:00:00+00:00 [queued]>
[2022-07-31 00:41:10,191] {taskinstance.py:1159} INFO - Dependencies all met for <TaskInstance: dag_with_postgres_operator.create_postgres_table scheduled__2022-01-21T00:00:00+00:00 [queued]>
[2022-07-31 00:41:10,192] {taskinstance.py:1356} INFO - 
--------------------------------------------------------------------------------
[2022-07-31 00:41:10,192] {taskinstance.py:1357} INFO - Starting attempt 2 of 6
[2022-07-31 00:41:10,192] {taskinstance.py:1358} INFO - 
--------------------------------------------------------------------------------
[2022-07-31 00:41:10,303] {taskinstance.py:1377} INFO - Executing <Task(PostgresOperator): create_postgres_table> on 2022-01-21 00:00:00+00:00
[2022-07-31 00:41:10,311] {standard_task_runner.py:52} INFO - Started process 7146 to run task
[2022-07-31 00:41:10,347] {standard_task_runner.py:79} INFO - Running: ['***', 'tasks', 'run', 'dag_with_postgres_operator', 'create_postgres_table', 'scheduled__2022-01-21T00:00:00+00:00', '--job-id', '1222', '--raw', '--subdir', 'DAGS_FOLDER/DAGWithPostgresOperator.py', '--cfg-path', '/tmp/tmp93q0fr6q', '--error-file', '/tmp/tmpwy1avphx']
[2022-07-31 00:41:10,348] {standard_task_runner.py:80} INFO - Job 1222: Subtask create_postgres_table
[2022-07-31 00:41:10,716] {task_command.py:369} INFO - Running <TaskInstance: dag_with_postgres_operator.create_postgres_table scheduled__2022-01-21T00:00:00+00:00 [running]> on host 66bf18ec08cc
[2022-07-31 00:41:11,140] {taskinstance.py:1571} INFO - Exporting the following env vars:
AIRFLOW_CTX_DAG_OWNER=yosr
AIRFLOW_CTX_DAG_ID=dag_with_postgres_operator
AIRFLOW_CTX_TASK_ID=create_postgres_table
AIRFLOW_CTX_EXECUTION_DATE=2022-01-21T00:00:00+00:00
AIRFLOW_CTX_TRY_NUMBER=2
AIRFLOW_CTX_DAG_RUN_ID=scheduled__2022-01-21T00:00:00+00:00
[2022-07-31 00:41:11,182] {base.py:68} INFO - Using connection ID 'postgres_localhost' for task execution.
[2022-07-31 00:41:11,183] {taskinstance.py:1889} ERROR - Task failed with exception
Traceback (most recent call last):
  File "/home/airflow/.local/lib/python3.7/site-packages/airflow/providers/postgres/operators/postgres.py", line 92, in execute
    self.hook.run(self.sql, self.autocommit, parameters=self.parameters)
  File "/home/airflow/.local/lib/python3.7/site-packages/airflow/hooks/dbapi.py", line 181, in run
    with closing(self.get_conn()) as conn:
  File "/home/airflow/.local/lib/python3.7/site-packages/airflow/providers/postgres/hooks/postgres.py", line 113, in get_conn
    self.conn = psycopg2.connect(**conn_args)
  File "/home/airflow/.local/lib/python3.7/site-packages/psycopg2/__init__.py", line 122, in connect
    conn = _connect(dsn, connection_factory=connection_factory, **kwasync)
psycopg2.OperationalError: could not translate host name "host.docker.local " to address: Name or service not known

[2022-07-31 00:41:11,224] {taskinstance.py:1400} INFO - Marking task as UP_FOR_RETRY. dag_id=dag_with_postgres_operator, task_id=create_postgres_table, execution_date=20220121T000000, start_date=20220731T004110, end_date=20220731T004111
[2022-07-31 00:41:11,264] {standard_task_runner.py:97} ERROR - Failed to execute job 1222 for task create_postgres_table (could not translate host name "host.docker.local " to address: Name or service not known
; 7146)
[2022-07-31 00:41:11,289] {local_task_job.py:156} INFO - Task exited with return code 1
[2022-07-31 00:41:11,574] {local_task_job.py:273} INFO - 0 downstream tasks scheduled from follow-on schedule check
[2022-07-31 14:05:23,635] {taskinstance.py:1159} INFO - Dependencies all met for <TaskInstance: dag_with_postgres_operator.create_postgres_table scheduled__2022-01-21T00:00:00+00:00 [queued]>
[2022-07-31 14:05:23,677] {taskinstance.py:1159} INFO - Dependencies all met for <TaskInstance: dag_with_postgres_operator.create_postgres_table scheduled__2022-01-21T00:00:00+00:00 [queued]>
[2022-07-31 14:05:23,677] {taskinstance.py:1356} INFO - 
--------------------------------------------------------------------------------
[2022-07-31 14:05:23,677] {taskinstance.py:1357} INFO - Starting attempt 2 of 6
[2022-07-31 14:05:23,677] {taskinstance.py:1358} INFO - 
--------------------------------------------------------------------------------
[2022-07-31 14:05:23,710] {taskinstance.py:1377} INFO - Executing <Task(PostgresOperator): create_postgres_table> on 2022-01-21 00:00:00+00:00
[2022-07-31 14:05:23,716] {standard_task_runner.py:52} INFO - Started process 3755 to run task
[2022-07-31 14:05:23,721] {standard_task_runner.py:79} INFO - Running: ['***', 'tasks', 'run', 'dag_with_postgres_operator', 'create_postgres_table', 'scheduled__2022-01-21T00:00:00+00:00', '--job-id', '215', '--raw', '--subdir', 'DAGS_FOLDER/DAGWithPostgresOperator.py', '--cfg-path', '/tmp/tmpjzy3yjrd', '--error-file', '/tmp/tmpcjvzl5gb']
[2022-07-31 14:05:23,722] {standard_task_runner.py:80} INFO - Job 215: Subtask create_postgres_table
[2022-07-31 14:05:23,902] {task_command.py:369} INFO - Running <TaskInstance: dag_with_postgres_operator.create_postgres_table scheduled__2022-01-21T00:00:00+00:00 [running]> on host 4688dd3b7141
[2022-07-31 14:05:24,163] {taskinstance.py:1571} INFO - Exporting the following env vars:
AIRFLOW_CTX_DAG_OWNER=yosr
AIRFLOW_CTX_DAG_ID=dag_with_postgres_operator
AIRFLOW_CTX_TASK_ID=create_postgres_table
AIRFLOW_CTX_EXECUTION_DATE=2022-01-21T00:00:00+00:00
AIRFLOW_CTX_TRY_NUMBER=2
AIRFLOW_CTX_DAG_RUN_ID=scheduled__2022-01-21T00:00:00+00:00
[2022-07-31 14:05:24,223] {taskinstance.py:1889} ERROR - Task failed with exception
Traceback (most recent call last):
  File "/home/airflow/.local/lib/python3.7/site-packages/airflow/providers/postgres/operators/postgres.py", line 92, in execute
    self.hook.run(self.sql, self.autocommit, parameters=self.parameters)
  File "/home/airflow/.local/lib/python3.7/site-packages/airflow/hooks/dbapi.py", line 181, in run
    with closing(self.get_conn()) as conn:
  File "/home/airflow/.local/lib/python3.7/site-packages/airflow/providers/postgres/hooks/postgres.py", line 86, in get_conn
    conn = deepcopy(self.connection or self.get_connection(conn_id))
  File "/home/airflow/.local/lib/python3.7/site-packages/airflow/hooks/base.py", line 67, in get_connection
    conn = Connection.get_connection_from_secrets(conn_id)
  File "/home/airflow/.local/lib/python3.7/site-packages/airflow/models/connection.py", line 430, in get_connection_from_secrets
    raise AirflowNotFoundException(f"The conn_id `{conn_id}` isn't defined")
airflow.exceptions.AirflowNotFoundException: The conn_id `postgres_localhost` isn't defined
[2022-07-31 14:05:24,234] {taskinstance.py:1400} INFO - Marking task as UP_FOR_RETRY. dag_id=dag_with_postgres_operator, task_id=create_postgres_table, execution_date=20220121T000000, start_date=20220731T140523, end_date=20220731T140524
[2022-07-31 14:05:24,292] {standard_task_runner.py:97} ERROR - Failed to execute job 215 for task create_postgres_table (The conn_id `postgres_localhost` isn't defined; 3755)
[2022-07-31 14:05:24,348] {local_task_job.py:156} INFO - Task exited with return code 1
[2022-07-31 14:05:24,449] {local_task_job.py:273} INFO - 0 downstream tasks scheduled from follow-on schedule check
