[2022-07-30 18:49:03,488] {taskinstance.py:1159} INFO - Dependencies all met for <TaskInstance: dag_with_postgres_operator.create_postgres_table scheduled__2022-01-21T00:00:00+00:00 [queued]>
[2022-07-30 18:49:03,507] {taskinstance.py:1159} INFO - Dependencies all met for <TaskInstance: dag_with_postgres_operator.create_postgres_table scheduled__2022-01-21T00:00:00+00:00 [queued]>
[2022-07-30 18:49:03,507] {taskinstance.py:1356} INFO - 
--------------------------------------------------------------------------------
[2022-07-30 18:49:03,507] {taskinstance.py:1357} INFO - Starting attempt 5 of 6
[2022-07-30 18:49:03,507] {taskinstance.py:1358} INFO - 
--------------------------------------------------------------------------------
[2022-07-30 18:49:03,533] {taskinstance.py:1377} INFO - Executing <Task(PostgresOperator): create_postgres_table> on 2022-01-21 00:00:00+00:00
[2022-07-30 18:49:03,538] {standard_task_runner.py:52} INFO - Started process 4148 to run task
[2022-07-30 18:49:03,543] {standard_task_runner.py:79} INFO - Running: ['***', 'tasks', 'run', 'dag_with_postgres_operator', 'create_postgres_table', 'scheduled__2022-01-21T00:00:00+00:00', '--job-id', '261', '--raw', '--subdir', 'DAGS_FOLDER/DAGWithPostgresOperator.py', '--cfg-path', '/tmp/tmp0h4r3buu', '--error-file', '/tmp/tmpb4pxqgzd']
[2022-07-30 18:49:03,543] {standard_task_runner.py:80} INFO - Job 261: Subtask create_postgres_table
[2022-07-30 18:49:03,628] {task_command.py:369} INFO - Running <TaskInstance: dag_with_postgres_operator.create_postgres_table scheduled__2022-01-21T00:00:00+00:00 [running]> on host 66bf18ec08cc
[2022-07-30 18:49:03,744] {taskinstance.py:1571} INFO - Exporting the following env vars:
AIRFLOW_CTX_DAG_OWNER=yosr
AIRFLOW_CTX_DAG_ID=dag_with_postgres_operator
AIRFLOW_CTX_TASK_ID=create_postgres_table
AIRFLOW_CTX_EXECUTION_DATE=2022-01-21T00:00:00+00:00
AIRFLOW_CTX_TRY_NUMBER=5
AIRFLOW_CTX_DAG_RUN_ID=scheduled__2022-01-21T00:00:00+00:00
[2022-07-30 18:49:03,760] {base.py:68} INFO - Using connection ID 'postgres_localhost' for task execution.
[2022-07-30 18:49:03,762] {taskinstance.py:1889} ERROR - Task failed with exception
Traceback (most recent call last):
  File "/home/airflow/.local/lib/python3.7/site-packages/airflow/providers/postgres/operators/postgres.py", line 92, in execute
    self.hook.run(self.sql, self.autocommit, parameters=self.parameters)
  File "/home/airflow/.local/lib/python3.7/site-packages/airflow/hooks/dbapi.py", line 181, in run
    with closing(self.get_conn()) as conn:
  File "/home/airflow/.local/lib/python3.7/site-packages/airflow/providers/postgres/hooks/postgres.py", line 113, in get_conn
    self.conn = psycopg2.connect(**conn_args)
  File "/home/airflow/.local/lib/python3.7/site-packages/psycopg2/__init__.py", line 122, in connect
    conn = _connect(dsn, connection_factory=connection_factory, **kwasync)
psycopg2.OperationalError: could not translate host name "host.docker.internal " to address: Name or service not known

[2022-07-30 18:49:03,779] {taskinstance.py:1400} INFO - Marking task as UP_FOR_RETRY. dag_id=dag_with_postgres_operator, task_id=create_postgres_table, execution_date=20220121T000000, start_date=20220730T184903, end_date=20220730T184903
[2022-07-30 18:49:03,802] {standard_task_runner.py:97} ERROR - Failed to execute job 261 for task create_postgres_table (could not translate host name "host.docker.internal " to address: Name or service not known
; 4148)
[2022-07-30 18:49:03,842] {local_task_job.py:156} INFO - Task exited with return code 1
[2022-07-30 18:49:03,908] {local_task_job.py:273} INFO - 0 downstream tasks scheduled from follow-on schedule check
[2022-07-31 09:51:10,195] {taskinstance.py:1159} INFO - Dependencies all met for <TaskInstance: dag_with_postgres_operator.create_postgres_table scheduled__2022-01-21T00:00:00+00:00 [queued]>
[2022-07-31 09:51:10,240] {taskinstance.py:1159} INFO - Dependencies all met for <TaskInstance: dag_with_postgres_operator.create_postgres_table scheduled__2022-01-21T00:00:00+00:00 [queued]>
[2022-07-31 09:51:10,240] {taskinstance.py:1356} INFO - 
--------------------------------------------------------------------------------
[2022-07-31 09:51:10,240] {taskinstance.py:1357} INFO - Starting attempt 5 of 6
[2022-07-31 09:51:10,240] {taskinstance.py:1358} INFO - 
--------------------------------------------------------------------------------
[2022-07-31 09:51:10,331] {taskinstance.py:1377} INFO - Executing <Task(PostgresOperator): create_postgres_table> on 2022-01-21 00:00:00+00:00
[2022-07-31 09:51:10,337] {standard_task_runner.py:52} INFO - Started process 635 to run task
[2022-07-31 09:51:10,353] {standard_task_runner.py:79} INFO - Running: ['***', 'tasks', 'run', 'dag_with_postgres_operator', 'create_postgres_table', 'scheduled__2022-01-21T00:00:00+00:00', '--job-id', '1272', '--raw', '--subdir', 'DAGS_FOLDER/DAGWithPostgresOperator.py', '--cfg-path', '/tmp/tmphx08eigu', '--error-file', '/tmp/tmp9gxq6pf5']
[2022-07-31 09:51:10,354] {standard_task_runner.py:80} INFO - Job 1272: Subtask create_postgres_table
[2022-07-31 09:51:10,922] {task_command.py:369} INFO - Running <TaskInstance: dag_with_postgres_operator.create_postgres_table scheduled__2022-01-21T00:00:00+00:00 [running]> on host 66bf18ec08cc
[2022-07-31 09:51:11,315] {taskinstance.py:1571} INFO - Exporting the following env vars:
AIRFLOW_CTX_DAG_OWNER=yosr
AIRFLOW_CTX_DAG_ID=dag_with_postgres_operator
AIRFLOW_CTX_TASK_ID=create_postgres_table
AIRFLOW_CTX_EXECUTION_DATE=2022-01-21T00:00:00+00:00
AIRFLOW_CTX_TRY_NUMBER=5
AIRFLOW_CTX_DAG_RUN_ID=scheduled__2022-01-21T00:00:00+00:00
[2022-07-31 09:51:11,360] {base.py:68} INFO - Using connection ID 'postgres_localhost' for task execution.
[2022-07-31 09:51:11,364] {taskinstance.py:1889} ERROR - Task failed with exception
Traceback (most recent call last):
  File "/home/airflow/.local/lib/python3.7/site-packages/airflow/providers/postgres/operators/postgres.py", line 92, in execute
    self.hook.run(self.sql, self.autocommit, parameters=self.parameters)
  File "/home/airflow/.local/lib/python3.7/site-packages/airflow/hooks/dbapi.py", line 181, in run
    with closing(self.get_conn()) as conn:
  File "/home/airflow/.local/lib/python3.7/site-packages/airflow/providers/postgres/hooks/postgres.py", line 113, in get_conn
    self.conn = psycopg2.connect(**conn_args)
  File "/home/airflow/.local/lib/python3.7/site-packages/psycopg2/__init__.py", line 122, in connect
    conn = _connect(dsn, connection_factory=connection_factory, **kwasync)
psycopg2.OperationalError: could not translate host name "host.docker.local " to address: Name or service not known

[2022-07-31 09:51:11,405] {taskinstance.py:1400} INFO - Marking task as UP_FOR_RETRY. dag_id=dag_with_postgres_operator, task_id=create_postgres_table, execution_date=20220121T000000, start_date=20220731T095110, end_date=20220731T095111
[2022-07-31 09:51:11,453] {standard_task_runner.py:97} ERROR - Failed to execute job 1272 for task create_postgres_table (could not translate host name "host.docker.local " to address: Name or service not known
; 635)
[2022-07-31 09:51:11,483] {local_task_job.py:156} INFO - Task exited with return code 1
[2022-07-31 09:51:11,611] {local_task_job.py:273} INFO - 0 downstream tasks scheduled from follow-on schedule check
[2022-07-31 14:20:27,326] {taskinstance.py:1159} INFO - Dependencies all met for <TaskInstance: dag_with_postgres_operator.create_postgres_table scheduled__2022-01-21T00:00:00+00:00 [queued]>
[2022-07-31 14:20:27,352] {taskinstance.py:1159} INFO - Dependencies all met for <TaskInstance: dag_with_postgres_operator.create_postgres_table scheduled__2022-01-21T00:00:00+00:00 [queued]>
[2022-07-31 14:20:27,352] {taskinstance.py:1356} INFO - 
--------------------------------------------------------------------------------
[2022-07-31 14:20:27,352] {taskinstance.py:1357} INFO - Starting attempt 5 of 6
[2022-07-31 14:20:27,353] {taskinstance.py:1358} INFO - 
--------------------------------------------------------------------------------
[2022-07-31 14:20:27,382] {taskinstance.py:1377} INFO - Executing <Task(PostgresOperator): create_postgres_table> on 2022-01-21 00:00:00+00:00
[2022-07-31 14:20:27,388] {standard_task_runner.py:52} INFO - Started process 4550 to run task
[2022-07-31 14:20:27,393] {standard_task_runner.py:79} INFO - Running: ['***', 'tasks', 'run', 'dag_with_postgres_operator', 'create_postgres_table', 'scheduled__2022-01-21T00:00:00+00:00', '--job-id', '263', '--raw', '--subdir', 'DAGS_FOLDER/DAGWithPostgresOperator.py', '--cfg-path', '/tmp/tmpaw1n438y', '--error-file', '/tmp/tmpnpvfnybj']
[2022-07-31 14:20:27,393] {standard_task_runner.py:80} INFO - Job 263: Subtask create_postgres_table
[2022-07-31 14:20:27,492] {task_command.py:369} INFO - Running <TaskInstance: dag_with_postgres_operator.create_postgres_table scheduled__2022-01-21T00:00:00+00:00 [running]> on host 4688dd3b7141
[2022-07-31 14:20:27,615] {taskinstance.py:1571} INFO - Exporting the following env vars:
AIRFLOW_CTX_DAG_OWNER=yosr
AIRFLOW_CTX_DAG_ID=dag_with_postgres_operator
AIRFLOW_CTX_TASK_ID=create_postgres_table
AIRFLOW_CTX_EXECUTION_DATE=2022-01-21T00:00:00+00:00
AIRFLOW_CTX_TRY_NUMBER=5
AIRFLOW_CTX_DAG_RUN_ID=scheduled__2022-01-21T00:00:00+00:00
[2022-07-31 14:20:27,678] {taskinstance.py:1889} ERROR - Task failed with exception
Traceback (most recent call last):
  File "/home/airflow/.local/lib/python3.7/site-packages/airflow/providers/postgres/operators/postgres.py", line 92, in execute
    self.hook.run(self.sql, self.autocommit, parameters=self.parameters)
  File "/home/airflow/.local/lib/python3.7/site-packages/airflow/hooks/dbapi.py", line 181, in run
    with closing(self.get_conn()) as conn:
  File "/home/airflow/.local/lib/python3.7/site-packages/airflow/providers/postgres/hooks/postgres.py", line 86, in get_conn
    conn = deepcopy(self.connection or self.get_connection(conn_id))
  File "/home/airflow/.local/lib/python3.7/site-packages/airflow/hooks/base.py", line 67, in get_connection
    conn = Connection.get_connection_from_secrets(conn_id)
  File "/home/airflow/.local/lib/python3.7/site-packages/airflow/models/connection.py", line 430, in get_connection_from_secrets
    raise AirflowNotFoundException(f"The conn_id `{conn_id}` isn't defined")
airflow.exceptions.AirflowNotFoundException: The conn_id `postgres_localhost` isn't defined
[2022-07-31 14:20:27,684] {taskinstance.py:1400} INFO - Marking task as UP_FOR_RETRY. dag_id=dag_with_postgres_operator, task_id=create_postgres_table, execution_date=20220121T000000, start_date=20220731T142027, end_date=20220731T142027
[2022-07-31 14:20:27,710] {standard_task_runner.py:97} ERROR - Failed to execute job 263 for task create_postgres_table (The conn_id `postgres_localhost` isn't defined; 4550)
[2022-07-31 14:20:27,733] {local_task_job.py:156} INFO - Task exited with return code 1
[2022-07-31 14:20:27,794] {local_task_job.py:273} INFO - 0 downstream tasks scheduled from follow-on schedule check
