[2022-07-29 11:43:57,414] {taskinstance.py:1159} INFO - Dependencies all met for <TaskInstance: dag_with_python_operator.get_name scheduled__2022-04-16T00:00:00+00:00 [queued]>
[2022-07-29 11:43:57,430] {taskinstance.py:1159} INFO - Dependencies all met for <TaskInstance: dag_with_python_operator.get_name scheduled__2022-04-16T00:00:00+00:00 [queued]>
[2022-07-29 11:43:57,430] {taskinstance.py:1356} INFO - 
--------------------------------------------------------------------------------
[2022-07-29 11:43:57,430] {taskinstance.py:1357} INFO - Starting attempt 1 of 6
[2022-07-29 11:43:57,430] {taskinstance.py:1358} INFO - 
--------------------------------------------------------------------------------
[2022-07-29 11:43:57,451] {taskinstance.py:1377} INFO - Executing <Task(PythonOperator): get_name> on 2022-04-16 00:00:00+00:00
[2022-07-29 11:43:57,456] {standard_task_runner.py:52} INFO - Started process 6956 to run task
[2022-07-29 11:43:57,458] {standard_task_runner.py:79} INFO - Running: ['***', 'tasks', 'run', 'dag_with_python_operator', 'get_name', 'scheduled__2022-04-16T00:00:00+00:00', '--job-id', '981', '--raw', '--subdir', 'DAGS_FOLDER/CreateDagWithPythonOperator.py', '--cfg-path', '/tmp/tmpv5cho2cc', '--error-file', '/tmp/tmpvj_ets7s']
[2022-07-29 11:43:57,459] {standard_task_runner.py:80} INFO - Job 981: Subtask get_name
[2022-07-29 11:43:57,540] {task_command.py:369} INFO - Running <TaskInstance: dag_with_python_operator.get_name scheduled__2022-04-16T00:00:00+00:00 [running]> on host 9f0f006fc89d
[2022-07-29 11:43:57,689] {taskinstance.py:1571} INFO - Exporting the following env vars:
AIRFLOW_CTX_DAG_OWNER=yosr
AIRFLOW_CTX_DAG_ID=dag_with_python_operator
AIRFLOW_CTX_TASK_ID=get_name
AIRFLOW_CTX_EXECUTION_DATE=2022-04-16T00:00:00+00:00
AIRFLOW_CTX_TRY_NUMBER=1
AIRFLOW_CTX_DAG_RUN_ID=scheduled__2022-04-16T00:00:00+00:00
[2022-07-29 11:43:57,741] {python.py:173} INFO - Done. Returned value was: None
[2022-07-29 11:43:57,791] {taskinstance.py:1400} INFO - Marking task as SUCCESS. dag_id=dag_with_python_operator, task_id=get_name, execution_date=20220416T000000, start_date=20220729T114357, end_date=20220729T114357
[2022-07-29 11:43:57,844] {local_task_job.py:156} INFO - Task exited with return code 0
[2022-07-29 11:43:57,900] {local_task_job.py:273} INFO - 0 downstream tasks scheduled from follow-on schedule check
