[2022-07-30 19:09:21,573] {taskinstance.py:1159} INFO - Dependencies all met for <TaskInstance: dag_with_postgres_operator.create_postgres_table scheduled__2022-02-16T00:00:00+00:00 [queued]>
[2022-07-30 19:09:21,593] {taskinstance.py:1159} INFO - Dependencies all met for <TaskInstance: dag_with_postgres_operator.create_postgres_table scheduled__2022-02-16T00:00:00+00:00 [queued]>
[2022-07-30 19:09:21,593] {taskinstance.py:1356} INFO - 
--------------------------------------------------------------------------------
[2022-07-30 19:09:21,593] {taskinstance.py:1357} INFO - Starting attempt 4 of 6
[2022-07-30 19:09:21,593] {taskinstance.py:1358} INFO - 
--------------------------------------------------------------------------------
[2022-07-30 19:09:21,617] {taskinstance.py:1377} INFO - Executing <Task(PostgresOperator): create_postgres_table> on 2022-02-16 00:00:00+00:00
[2022-07-30 19:09:21,622] {standard_task_runner.py:52} INFO - Started process 5269 to run task
[2022-07-30 19:09:21,625] {standard_task_runner.py:79} INFO - Running: ['***', 'tasks', 'run', 'dag_with_postgres_operator', 'create_postgres_table', 'scheduled__2022-02-16T00:00:00+00:00', '--job-id', '350', '--raw', '--subdir', 'DAGS_FOLDER/DAGWithPostgresOperator.py', '--cfg-path', '/tmp/tmp3pajc8sw', '--error-file', '/tmp/tmpvygbmojp']
[2022-07-30 19:09:21,625] {standard_task_runner.py:80} INFO - Job 350: Subtask create_postgres_table
[2022-07-30 19:09:21,697] {task_command.py:369} INFO - Running <TaskInstance: dag_with_postgres_operator.create_postgres_table scheduled__2022-02-16T00:00:00+00:00 [running]> on host 66bf18ec08cc
[2022-07-30 19:09:21,792] {taskinstance.py:1571} INFO - Exporting the following env vars:
AIRFLOW_CTX_DAG_OWNER=yosr
AIRFLOW_CTX_DAG_ID=dag_with_postgres_operator
AIRFLOW_CTX_TASK_ID=create_postgres_table
AIRFLOW_CTX_EXECUTION_DATE=2022-02-16T00:00:00+00:00
AIRFLOW_CTX_TRY_NUMBER=4
AIRFLOW_CTX_DAG_RUN_ID=scheduled__2022-02-16T00:00:00+00:00
[2022-07-30 19:09:21,806] {base.py:68} INFO - Using connection ID 'postgres_localhost' for task execution.
[2022-07-30 19:09:21,808] {taskinstance.py:1889} ERROR - Task failed with exception
Traceback (most recent call last):
  File "/home/airflow/.local/lib/python3.7/site-packages/airflow/providers/postgres/operators/postgres.py", line 92, in execute
    self.hook.run(self.sql, self.autocommit, parameters=self.parameters)
  File "/home/airflow/.local/lib/python3.7/site-packages/airflow/hooks/dbapi.py", line 181, in run
    with closing(self.get_conn()) as conn:
  File "/home/airflow/.local/lib/python3.7/site-packages/airflow/providers/postgres/hooks/postgres.py", line 113, in get_conn
    self.conn = psycopg2.connect(**conn_args)
  File "/home/airflow/.local/lib/python3.7/site-packages/psycopg2/__init__.py", line 122, in connect
    conn = _connect(dsn, connection_factory=connection_factory, **kwasync)
psycopg2.OperationalError: could not translate host name "host.docker.internal " to address: Name or service not known

[2022-07-30 19:09:21,819] {taskinstance.py:1400} INFO - Marking task as UP_FOR_RETRY. dag_id=dag_with_postgres_operator, task_id=create_postgres_table, execution_date=20220216T000000, start_date=20220730T190921, end_date=20220730T190921
[2022-07-30 19:09:21,833] {standard_task_runner.py:97} ERROR - Failed to execute job 350 for task create_postgres_table (could not translate host name "host.docker.internal " to address: Name or service not known
; 5269)
[2022-07-30 19:09:21,843] {local_task_job.py:156} INFO - Task exited with return code 1
[2022-07-30 19:09:21,896] {local_task_job.py:273} INFO - 0 downstream tasks scheduled from follow-on schedule check
[2022-07-31 10:11:37,043] {taskinstance.py:1159} INFO - Dependencies all met for <TaskInstance: dag_with_postgres_operator.create_postgres_table scheduled__2022-02-16T00:00:00+00:00 [queued]>
[2022-07-31 10:11:37,061] {taskinstance.py:1159} INFO - Dependencies all met for <TaskInstance: dag_with_postgres_operator.create_postgres_table scheduled__2022-02-16T00:00:00+00:00 [queued]>
[2022-07-31 10:11:37,061] {taskinstance.py:1356} INFO - 
--------------------------------------------------------------------------------
[2022-07-31 10:11:37,062] {taskinstance.py:1357} INFO - Starting attempt 4 of 6
[2022-07-31 10:11:37,062] {taskinstance.py:1358} INFO - 
--------------------------------------------------------------------------------
[2022-07-31 10:11:37,083] {taskinstance.py:1377} INFO - Executing <Task(PostgresOperator): create_postgres_table> on 2022-02-16 00:00:00+00:00
[2022-07-31 10:11:37,087] {standard_task_runner.py:52} INFO - Started process 1734 to run task
[2022-07-31 10:11:37,092] {standard_task_runner.py:79} INFO - Running: ['***', 'tasks', 'run', 'dag_with_postgres_operator', 'create_postgres_table', 'scheduled__2022-02-16T00:00:00+00:00', '--job-id', '1360', '--raw', '--subdir', 'DAGS_FOLDER/DAGWithPostgresOperator.py', '--cfg-path', '/tmp/tmpk1o8fac4', '--error-file', '/tmp/tmpjc0nw8rg']
[2022-07-31 10:11:37,092] {standard_task_runner.py:80} INFO - Job 1360: Subtask create_postgres_table
[2022-07-31 10:11:37,162] {task_command.py:369} INFO - Running <TaskInstance: dag_with_postgres_operator.create_postgres_table scheduled__2022-02-16T00:00:00+00:00 [running]> on host 66bf18ec08cc
[2022-07-31 10:11:37,250] {taskinstance.py:1571} INFO - Exporting the following env vars:
AIRFLOW_CTX_DAG_OWNER=yosr
AIRFLOW_CTX_DAG_ID=dag_with_postgres_operator
AIRFLOW_CTX_TASK_ID=create_postgres_table
AIRFLOW_CTX_EXECUTION_DATE=2022-02-16T00:00:00+00:00
AIRFLOW_CTX_TRY_NUMBER=4
AIRFLOW_CTX_DAG_RUN_ID=scheduled__2022-02-16T00:00:00+00:00
[2022-07-31 10:11:37,263] {base.py:68} INFO - Using connection ID 'postgres_localhost' for task execution.
[2022-07-31 10:11:37,264] {taskinstance.py:1889} ERROR - Task failed with exception
Traceback (most recent call last):
  File "/home/airflow/.local/lib/python3.7/site-packages/airflow/providers/postgres/operators/postgres.py", line 92, in execute
    self.hook.run(self.sql, self.autocommit, parameters=self.parameters)
  File "/home/airflow/.local/lib/python3.7/site-packages/airflow/hooks/dbapi.py", line 181, in run
    with closing(self.get_conn()) as conn:
  File "/home/airflow/.local/lib/python3.7/site-packages/airflow/providers/postgres/hooks/postgres.py", line 113, in get_conn
    self.conn = psycopg2.connect(**conn_args)
  File "/home/airflow/.local/lib/python3.7/site-packages/psycopg2/__init__.py", line 122, in connect
    conn = _connect(dsn, connection_factory=connection_factory, **kwasync)
psycopg2.OperationalError: could not translate host name "host.docker.local " to address: Name or service not known

[2022-07-31 10:11:37,276] {taskinstance.py:1400} INFO - Marking task as UP_FOR_RETRY. dag_id=dag_with_postgres_operator, task_id=create_postgres_table, execution_date=20220216T000000, start_date=20220731T101137, end_date=20220731T101137
[2022-07-31 10:11:37,290] {standard_task_runner.py:97} ERROR - Failed to execute job 1360 for task create_postgres_table (could not translate host name "host.docker.local " to address: Name or service not known
; 1734)
[2022-07-31 10:11:37,309] {local_task_job.py:156} INFO - Task exited with return code 1
[2022-07-31 10:11:37,402] {local_task_job.py:273} INFO - 0 downstream tasks scheduled from follow-on schedule check
[2022-07-31 14:40:54,968] {taskinstance.py:1159} INFO - Dependencies all met for <TaskInstance: dag_with_postgres_operator.create_postgres_table scheduled__2022-02-16T00:00:00+00:00 [queued]>
[2022-07-31 14:40:54,982] {taskinstance.py:1159} INFO - Dependencies all met for <TaskInstance: dag_with_postgres_operator.create_postgres_table scheduled__2022-02-16T00:00:00+00:00 [queued]>
[2022-07-31 14:40:54,982] {taskinstance.py:1356} INFO - 
--------------------------------------------------------------------------------
[2022-07-31 14:40:54,983] {taskinstance.py:1357} INFO - Starting attempt 4 of 6
[2022-07-31 14:40:54,983] {taskinstance.py:1358} INFO - 
--------------------------------------------------------------------------------
[2022-07-31 14:40:55,004] {taskinstance.py:1377} INFO - Executing <Task(PostgresOperator): create_postgres_table> on 2022-02-16 00:00:00+00:00
[2022-07-31 14:40:55,009] {standard_task_runner.py:52} INFO - Started process 5683 to run task
[2022-07-31 14:40:55,012] {standard_task_runner.py:79} INFO - Running: ['***', 'tasks', 'run', 'dag_with_postgres_operator', 'create_postgres_table', 'scheduled__2022-02-16T00:00:00+00:00', '--job-id', '351', '--raw', '--subdir', 'DAGS_FOLDER/DAGWithPostgresOperator.py', '--cfg-path', '/tmp/tmpgky6n4a5', '--error-file', '/tmp/tmpjfy2e8xn']
[2022-07-31 14:40:55,013] {standard_task_runner.py:80} INFO - Job 351: Subtask create_postgres_table
[2022-07-31 14:40:55,089] {task_command.py:369} INFO - Running <TaskInstance: dag_with_postgres_operator.create_postgres_table scheduled__2022-02-16T00:00:00+00:00 [running]> on host 4688dd3b7141
[2022-07-31 14:40:55,190] {taskinstance.py:1571} INFO - Exporting the following env vars:
AIRFLOW_CTX_DAG_OWNER=yosr
AIRFLOW_CTX_DAG_ID=dag_with_postgres_operator
AIRFLOW_CTX_TASK_ID=create_postgres_table
AIRFLOW_CTX_EXECUTION_DATE=2022-02-16T00:00:00+00:00
AIRFLOW_CTX_TRY_NUMBER=4
AIRFLOW_CTX_DAG_RUN_ID=scheduled__2022-02-16T00:00:00+00:00
[2022-07-31 14:40:55,205] {base.py:68} INFO - Using connection ID 'postgres_localhost' for task execution.
[2022-07-31 14:41:05,220] {taskinstance.py:1889} ERROR - Task failed with exception
Traceback (most recent call last):
  File "/home/airflow/.local/lib/python3.7/site-packages/airflow/providers/postgres/operators/postgres.py", line 92, in execute
    self.hook.run(self.sql, self.autocommit, parameters=self.parameters)
  File "/home/airflow/.local/lib/python3.7/site-packages/airflow/hooks/dbapi.py", line 181, in run
    with closing(self.get_conn()) as conn:
  File "/home/airflow/.local/lib/python3.7/site-packages/airflow/providers/postgres/hooks/postgres.py", line 113, in get_conn
    self.conn = psycopg2.connect(**conn_args)
  File "/home/airflow/.local/lib/python3.7/site-packages/psycopg2/__init__.py", line 122, in connect
    conn = _connect(dsn, connection_factory=connection_factory, **kwasync)
psycopg2.OperationalError: could not translate host name "host.docker.local" to address: Temporary failure in name resolution

[2022-07-31 14:41:05,233] {taskinstance.py:1400} INFO - Marking task as UP_FOR_RETRY. dag_id=dag_with_postgres_operator, task_id=create_postgres_table, execution_date=20220216T000000, start_date=20220731T144054, end_date=20220731T144105
[2022-07-31 14:41:05,248] {standard_task_runner.py:97} ERROR - Failed to execute job 351 for task create_postgres_table (could not translate host name "host.docker.local" to address: Temporary failure in name resolution
; 5683)
[2022-07-31 14:41:05,261] {local_task_job.py:156} INFO - Task exited with return code 1
[2022-07-31 14:41:05,300] {local_task_job.py:273} INFO - 0 downstream tasks scheduled from follow-on schedule check
