[2022-07-30 19:04:20,395] {taskinstance.py:1159} INFO - Dependencies all met for <TaskInstance: dag_with_postgres_operator.create_postgres_table scheduled__2022-02-16T00:00:00+00:00 [queued]>
[2022-07-30 19:04:20,415] {taskinstance.py:1159} INFO - Dependencies all met for <TaskInstance: dag_with_postgres_operator.create_postgres_table scheduled__2022-02-16T00:00:00+00:00 [queued]>
[2022-07-30 19:04:20,415] {taskinstance.py:1356} INFO - 
--------------------------------------------------------------------------------
[2022-07-30 19:04:20,415] {taskinstance.py:1357} INFO - Starting attempt 3 of 6
[2022-07-30 19:04:20,416] {taskinstance.py:1358} INFO - 
--------------------------------------------------------------------------------
[2022-07-30 19:04:20,438] {taskinstance.py:1377} INFO - Executing <Task(PostgresOperator): create_postgres_table> on 2022-02-16 00:00:00+00:00
[2022-07-30 19:04:20,444] {standard_task_runner.py:52} INFO - Started process 5003 to run task
[2022-07-30 19:04:20,447] {standard_task_runner.py:79} INFO - Running: ['***', 'tasks', 'run', 'dag_with_postgres_operator', 'create_postgres_table', 'scheduled__2022-02-16T00:00:00+00:00', '--job-id', '334', '--raw', '--subdir', 'DAGS_FOLDER/DAGWithPostgresOperator.py', '--cfg-path', '/tmp/tmpxhllozf3', '--error-file', '/tmp/tmptvcx20gx']
[2022-07-30 19:04:20,448] {standard_task_runner.py:80} INFO - Job 334: Subtask create_postgres_table
[2022-07-30 19:04:20,527] {task_command.py:369} INFO - Running <TaskInstance: dag_with_postgres_operator.create_postgres_table scheduled__2022-02-16T00:00:00+00:00 [running]> on host 66bf18ec08cc
[2022-07-30 19:04:20,653] {taskinstance.py:1571} INFO - Exporting the following env vars:
AIRFLOW_CTX_DAG_OWNER=yosr
AIRFLOW_CTX_DAG_ID=dag_with_postgres_operator
AIRFLOW_CTX_TASK_ID=create_postgres_table
AIRFLOW_CTX_EXECUTION_DATE=2022-02-16T00:00:00+00:00
AIRFLOW_CTX_TRY_NUMBER=3
AIRFLOW_CTX_DAG_RUN_ID=scheduled__2022-02-16T00:00:00+00:00
[2022-07-30 19:04:20,675] {base.py:68} INFO - Using connection ID 'postgres_localhost' for task execution.
[2022-07-30 19:04:20,676] {taskinstance.py:1889} ERROR - Task failed with exception
Traceback (most recent call last):
  File "/home/airflow/.local/lib/python3.7/site-packages/airflow/providers/postgres/operators/postgres.py", line 92, in execute
    self.hook.run(self.sql, self.autocommit, parameters=self.parameters)
  File "/home/airflow/.local/lib/python3.7/site-packages/airflow/hooks/dbapi.py", line 181, in run
    with closing(self.get_conn()) as conn:
  File "/home/airflow/.local/lib/python3.7/site-packages/airflow/providers/postgres/hooks/postgres.py", line 113, in get_conn
    self.conn = psycopg2.connect(**conn_args)
  File "/home/airflow/.local/lib/python3.7/site-packages/psycopg2/__init__.py", line 122, in connect
    conn = _connect(dsn, connection_factory=connection_factory, **kwasync)
psycopg2.OperationalError: could not translate host name "host.docker.internal " to address: Name or service not known

[2022-07-30 19:04:20,698] {taskinstance.py:1400} INFO - Marking task as UP_FOR_RETRY. dag_id=dag_with_postgres_operator, task_id=create_postgres_table, execution_date=20220216T000000, start_date=20220730T190420, end_date=20220730T190420
[2022-07-30 19:04:20,717] {standard_task_runner.py:97} ERROR - Failed to execute job 334 for task create_postgres_table (could not translate host name "host.docker.internal " to address: Name or service not known
; 5003)
[2022-07-30 19:04:20,747] {local_task_job.py:156} INFO - Task exited with return code 1
[2022-07-30 19:04:20,807] {local_task_job.py:273} INFO - 0 downstream tasks scheduled from follow-on schedule check
[2022-07-31 10:06:36,238] {taskinstance.py:1159} INFO - Dependencies all met for <TaskInstance: dag_with_postgres_operator.create_postgres_table scheduled__2022-02-16T00:00:00+00:00 [queued]>
[2022-07-31 10:06:36,256] {taskinstance.py:1159} INFO - Dependencies all met for <TaskInstance: dag_with_postgres_operator.create_postgres_table scheduled__2022-02-16T00:00:00+00:00 [queued]>
[2022-07-31 10:06:36,257] {taskinstance.py:1356} INFO - 
--------------------------------------------------------------------------------
[2022-07-31 10:06:36,257] {taskinstance.py:1357} INFO - Starting attempt 3 of 6
[2022-07-31 10:06:36,257] {taskinstance.py:1358} INFO - 
--------------------------------------------------------------------------------
[2022-07-31 10:06:36,276] {taskinstance.py:1377} INFO - Executing <Task(PostgresOperator): create_postgres_table> on 2022-02-16 00:00:00+00:00
[2022-07-31 10:06:36,280] {standard_task_runner.py:52} INFO - Started process 1476 to run task
[2022-07-31 10:06:36,284] {standard_task_runner.py:79} INFO - Running: ['***', 'tasks', 'run', 'dag_with_postgres_operator', 'create_postgres_table', 'scheduled__2022-02-16T00:00:00+00:00', '--job-id', '1344', '--raw', '--subdir', 'DAGS_FOLDER/DAGWithPostgresOperator.py', '--cfg-path', '/tmp/tmp4k2lel8m', '--error-file', '/tmp/tmpcmwl7v3z']
[2022-07-31 10:06:36,285] {standard_task_runner.py:80} INFO - Job 1344: Subtask create_postgres_table
[2022-07-31 10:06:36,352] {task_command.py:369} INFO - Running <TaskInstance: dag_with_postgres_operator.create_postgres_table scheduled__2022-02-16T00:00:00+00:00 [running]> on host 66bf18ec08cc
[2022-07-31 10:06:36,453] {taskinstance.py:1571} INFO - Exporting the following env vars:
AIRFLOW_CTX_DAG_OWNER=yosr
AIRFLOW_CTX_DAG_ID=dag_with_postgres_operator
AIRFLOW_CTX_TASK_ID=create_postgres_table
AIRFLOW_CTX_EXECUTION_DATE=2022-02-16T00:00:00+00:00
AIRFLOW_CTX_TRY_NUMBER=3
AIRFLOW_CTX_DAG_RUN_ID=scheduled__2022-02-16T00:00:00+00:00
[2022-07-31 10:06:36,465] {base.py:68} INFO - Using connection ID 'postgres_localhost' for task execution.
[2022-07-31 10:06:36,466] {taskinstance.py:1889} ERROR - Task failed with exception
Traceback (most recent call last):
  File "/home/airflow/.local/lib/python3.7/site-packages/airflow/providers/postgres/operators/postgres.py", line 92, in execute
    self.hook.run(self.sql, self.autocommit, parameters=self.parameters)
  File "/home/airflow/.local/lib/python3.7/site-packages/airflow/hooks/dbapi.py", line 181, in run
    with closing(self.get_conn()) as conn:
  File "/home/airflow/.local/lib/python3.7/site-packages/airflow/providers/postgres/hooks/postgres.py", line 113, in get_conn
    self.conn = psycopg2.connect(**conn_args)
  File "/home/airflow/.local/lib/python3.7/site-packages/psycopg2/__init__.py", line 122, in connect
    conn = _connect(dsn, connection_factory=connection_factory, **kwasync)
psycopg2.OperationalError: could not translate host name "host.docker.local " to address: Name or service not known

[2022-07-31 10:06:36,478] {taskinstance.py:1400} INFO - Marking task as UP_FOR_RETRY. dag_id=dag_with_postgres_operator, task_id=create_postgres_table, execution_date=20220216T000000, start_date=20220731T100636, end_date=20220731T100636
[2022-07-31 10:06:36,495] {standard_task_runner.py:97} ERROR - Failed to execute job 1344 for task create_postgres_table (could not translate host name "host.docker.local " to address: Name or service not known
; 1476)
[2022-07-31 10:06:36,505] {local_task_job.py:156} INFO - Task exited with return code 1
[2022-07-31 10:06:36,618] {local_task_job.py:273} INFO - 0 downstream tasks scheduled from follow-on schedule check
[2022-07-31 14:35:39,164] {taskinstance.py:1159} INFO - Dependencies all met for <TaskInstance: dag_with_postgres_operator.create_postgres_table scheduled__2022-02-16T00:00:00+00:00 [queued]>
[2022-07-31 14:35:39,183] {taskinstance.py:1159} INFO - Dependencies all met for <TaskInstance: dag_with_postgres_operator.create_postgres_table scheduled__2022-02-16T00:00:00+00:00 [queued]>
[2022-07-31 14:35:39,183] {taskinstance.py:1356} INFO - 
--------------------------------------------------------------------------------
[2022-07-31 14:35:39,183] {taskinstance.py:1357} INFO - Starting attempt 3 of 6
[2022-07-31 14:35:39,183] {taskinstance.py:1358} INFO - 
--------------------------------------------------------------------------------
[2022-07-31 14:35:39,206] {taskinstance.py:1377} INFO - Executing <Task(PostgresOperator): create_postgres_table> on 2022-02-16 00:00:00+00:00
[2022-07-31 14:35:39,211] {standard_task_runner.py:52} INFO - Started process 5402 to run task
[2022-07-31 14:35:39,215] {standard_task_runner.py:79} INFO - Running: ['***', 'tasks', 'run', 'dag_with_postgres_operator', 'create_postgres_table', 'scheduled__2022-02-16T00:00:00+00:00', '--job-id', '335', '--raw', '--subdir', 'DAGS_FOLDER/DAGWithPostgresOperator.py', '--cfg-path', '/tmp/tmp3cngzf2f', '--error-file', '/tmp/tmp2mjgqr61']
[2022-07-31 14:35:39,215] {standard_task_runner.py:80} INFO - Job 335: Subtask create_postgres_table
[2022-07-31 14:35:39,327] {task_command.py:369} INFO - Running <TaskInstance: dag_with_postgres_operator.create_postgres_table scheduled__2022-02-16T00:00:00+00:00 [running]> on host 4688dd3b7141
[2022-07-31 14:35:39,468] {taskinstance.py:1571} INFO - Exporting the following env vars:
AIRFLOW_CTX_DAG_OWNER=yosr
AIRFLOW_CTX_DAG_ID=dag_with_postgres_operator
AIRFLOW_CTX_TASK_ID=create_postgres_table
AIRFLOW_CTX_EXECUTION_DATE=2022-02-16T00:00:00+00:00
AIRFLOW_CTX_TRY_NUMBER=3
AIRFLOW_CTX_DAG_RUN_ID=scheduled__2022-02-16T00:00:00+00:00
[2022-07-31 14:35:39,487] {base.py:68} INFO - Using connection ID 'postgres_localhost' for task execution.
[2022-07-31 14:35:54,505] {taskinstance.py:1889} ERROR - Task failed with exception
Traceback (most recent call last):
  File "/home/airflow/.local/lib/python3.7/site-packages/airflow/providers/postgres/operators/postgres.py", line 92, in execute
    self.hook.run(self.sql, self.autocommit, parameters=self.parameters)
  File "/home/airflow/.local/lib/python3.7/site-packages/airflow/hooks/dbapi.py", line 181, in run
    with closing(self.get_conn()) as conn:
  File "/home/airflow/.local/lib/python3.7/site-packages/airflow/providers/postgres/hooks/postgres.py", line 113, in get_conn
    self.conn = psycopg2.connect(**conn_args)
  File "/home/airflow/.local/lib/python3.7/site-packages/psycopg2/__init__.py", line 122, in connect
    conn = _connect(dsn, connection_factory=connection_factory, **kwasync)
psycopg2.OperationalError: could not translate host name "host.docker.local" to address: Temporary failure in name resolution

[2022-07-31 14:35:54,522] {taskinstance.py:1400} INFO - Marking task as UP_FOR_RETRY. dag_id=dag_with_postgres_operator, task_id=create_postgres_table, execution_date=20220216T000000, start_date=20220731T143539, end_date=20220731T143554
[2022-07-31 14:35:54,544] {standard_task_runner.py:97} ERROR - Failed to execute job 335 for task create_postgres_table (could not translate host name "host.docker.local" to address: Temporary failure in name resolution
; 5402)
[2022-07-31 14:35:54,592] {local_task_job.py:156} INFO - Task exited with return code 1
[2022-07-31 14:35:54,635] {local_task_job.py:273} INFO - 0 downstream tasks scheduled from follow-on schedule check
