[2022-07-29 10:54:43,895] {taskinstance.py:1159} INFO - Dependencies all met for <TaskInstance: Second_one.second_task scheduled__2021-12-05T00:00:00+00:00 [queued]>
[2022-07-29 10:54:43,918] {taskinstance.py:1159} INFO - Dependencies all met for <TaskInstance: Second_one.second_task scheduled__2021-12-05T00:00:00+00:00 [queued]>
[2022-07-29 10:54:43,919] {taskinstance.py:1356} INFO - 
--------------------------------------------------------------------------------
[2022-07-29 10:54:43,919] {taskinstance.py:1357} INFO - Starting attempt 1 of 6
[2022-07-29 10:54:43,920] {taskinstance.py:1358} INFO - 
--------------------------------------------------------------------------------
[2022-07-29 10:54:43,945] {taskinstance.py:1377} INFO - Executing <Task(BashOperator): second_task> on 2021-12-05 00:00:00+00:00
[2022-07-29 10:54:43,953] {standard_task_runner.py:52} INFO - Started process 2776 to run task
[2022-07-29 10:54:43,959] {standard_task_runner.py:79} INFO - Running: ['***', 'tasks', 'run', 'Second_one', 'second_task', 'scheduled__2021-12-05T00:00:00+00:00', '--job-id', '139', '--raw', '--subdir', 'DAGS_FOLDER/Second_One.py', '--cfg-path', '/tmp/tmpu7oun7t2', '--error-file', '/tmp/tmpa9khr7ro']
[2022-07-29 10:54:43,960] {standard_task_runner.py:80} INFO - Job 139: Subtask second_task
[2022-07-29 10:54:44,050] {task_command.py:369} INFO - Running <TaskInstance: Second_one.second_task scheduled__2021-12-05T00:00:00+00:00 [running]> on host 9f0f006fc89d
[2022-07-29 10:54:44,170] {taskinstance.py:1571} INFO - Exporting the following env vars:
AIRFLOW_CTX_DAG_OWNER=yosr
AIRFLOW_CTX_DAG_ID=Second_one
AIRFLOW_CTX_TASK_ID=second_task
AIRFLOW_CTX_EXECUTION_DATE=2021-12-05T00:00:00+00:00
AIRFLOW_CTX_TRY_NUMBER=1
AIRFLOW_CTX_DAG_RUN_ID=scheduled__2021-12-05T00:00:00+00:00
[2022-07-29 10:54:44,171] {subprocess.py:62} INFO - Tmp dir root location: 
 /tmp
[2022-07-29 10:54:44,172] {subprocess.py:74} INFO - Running command: ['bash', '-c', 'echo hello world']
[2022-07-29 10:54:44,184] {subprocess.py:85} INFO - Output:
[2022-07-29 10:54:44,187] {subprocess.py:92} INFO - hello world
[2022-07-29 10:54:44,187] {subprocess.py:96} INFO - Command exited with return code 0
[2022-07-29 10:54:44,231] {taskinstance.py:1400} INFO - Marking task as SUCCESS. dag_id=Second_one, task_id=second_task, execution_date=20211205T000000, start_date=20220729T105443, end_date=20220729T105444
[2022-07-29 10:54:44,259] {local_task_job.py:156} INFO - Task exited with return code 0
[2022-07-29 10:54:44,303] {local_task_job.py:273} INFO - 0 downstream tasks scheduled from follow-on schedule check
