[2022-07-30 19:04:17,542] {taskinstance.py:1159} INFO - Dependencies all met for <TaskInstance: dag_with_postgres_operator.create_postgres_table scheduled__2022-02-07T00:00:00+00:00 [queued]>
[2022-07-30 19:04:17,559] {taskinstance.py:1159} INFO - Dependencies all met for <TaskInstance: dag_with_postgres_operator.create_postgres_table scheduled__2022-02-07T00:00:00+00:00 [queued]>
[2022-07-30 19:04:17,559] {taskinstance.py:1356} INFO - 
--------------------------------------------------------------------------------
[2022-07-30 19:04:17,560] {taskinstance.py:1357} INFO - Starting attempt 3 of 6
[2022-07-30 19:04:17,560] {taskinstance.py:1358} INFO - 
--------------------------------------------------------------------------------
[2022-07-30 19:04:17,584] {taskinstance.py:1377} INFO - Executing <Task(PostgresOperator): create_postgres_table> on 2022-02-07 00:00:00+00:00
[2022-07-30 19:04:17,591] {standard_task_runner.py:52} INFO - Started process 4987 to run task
[2022-07-30 19:04:17,598] {standard_task_runner.py:79} INFO - Running: ['***', 'tasks', 'run', 'dag_with_postgres_operator', 'create_postgres_table', 'scheduled__2022-02-07T00:00:00+00:00', '--job-id', '326', '--raw', '--subdir', 'DAGS_FOLDER/DAGWithPostgresOperator.py', '--cfg-path', '/tmp/tmpsqqa2oq0', '--error-file', '/tmp/tmpkm4m7h28']
[2022-07-30 19:04:17,598] {standard_task_runner.py:80} INFO - Job 326: Subtask create_postgres_table
[2022-07-30 19:04:17,691] {task_command.py:369} INFO - Running <TaskInstance: dag_with_postgres_operator.create_postgres_table scheduled__2022-02-07T00:00:00+00:00 [running]> on host 66bf18ec08cc
[2022-07-30 19:04:17,800] {taskinstance.py:1571} INFO - Exporting the following env vars:
AIRFLOW_CTX_DAG_OWNER=yosr
AIRFLOW_CTX_DAG_ID=dag_with_postgres_operator
AIRFLOW_CTX_TASK_ID=create_postgres_table
AIRFLOW_CTX_EXECUTION_DATE=2022-02-07T00:00:00+00:00
AIRFLOW_CTX_TRY_NUMBER=3
AIRFLOW_CTX_DAG_RUN_ID=scheduled__2022-02-07T00:00:00+00:00
[2022-07-30 19:04:17,812] {base.py:68} INFO - Using connection ID 'postgres_localhost' for task execution.
[2022-07-30 19:04:17,813] {taskinstance.py:1889} ERROR - Task failed with exception
Traceback (most recent call last):
  File "/home/airflow/.local/lib/python3.7/site-packages/airflow/providers/postgres/operators/postgres.py", line 92, in execute
    self.hook.run(self.sql, self.autocommit, parameters=self.parameters)
  File "/home/airflow/.local/lib/python3.7/site-packages/airflow/hooks/dbapi.py", line 181, in run
    with closing(self.get_conn()) as conn:
  File "/home/airflow/.local/lib/python3.7/site-packages/airflow/providers/postgres/hooks/postgres.py", line 113, in get_conn
    self.conn = psycopg2.connect(**conn_args)
  File "/home/airflow/.local/lib/python3.7/site-packages/psycopg2/__init__.py", line 122, in connect
    conn = _connect(dsn, connection_factory=connection_factory, **kwasync)
psycopg2.OperationalError: could not translate host name "host.docker.internal " to address: Name or service not known

[2022-07-30 19:04:17,825] {taskinstance.py:1400} INFO - Marking task as UP_FOR_RETRY. dag_id=dag_with_postgres_operator, task_id=create_postgres_table, execution_date=20220207T000000, start_date=20220730T190417, end_date=20220730T190417
[2022-07-30 19:04:17,840] {standard_task_runner.py:97} ERROR - Failed to execute job 326 for task create_postgres_table (could not translate host name "host.docker.internal " to address: Name or service not known
; 4987)
[2022-07-30 19:04:17,858] {local_task_job.py:156} INFO - Task exited with return code 1
[2022-07-30 19:04:17,977] {local_task_job.py:273} INFO - 0 downstream tasks scheduled from follow-on schedule check
[2022-07-31 10:06:33,930] {taskinstance.py:1159} INFO - Dependencies all met for <TaskInstance: dag_with_postgres_operator.create_postgres_table scheduled__2022-02-07T00:00:00+00:00 [queued]>
[2022-07-31 10:06:33,955] {taskinstance.py:1159} INFO - Dependencies all met for <TaskInstance: dag_with_postgres_operator.create_postgres_table scheduled__2022-02-07T00:00:00+00:00 [queued]>
[2022-07-31 10:06:33,955] {taskinstance.py:1356} INFO - 
--------------------------------------------------------------------------------
[2022-07-31 10:06:33,956] {taskinstance.py:1357} INFO - Starting attempt 3 of 6
[2022-07-31 10:06:33,956] {taskinstance.py:1358} INFO - 
--------------------------------------------------------------------------------
[2022-07-31 10:06:33,982] {taskinstance.py:1377} INFO - Executing <Task(PostgresOperator): create_postgres_table> on 2022-02-07 00:00:00+00:00
[2022-07-31 10:06:33,987] {standard_task_runner.py:52} INFO - Started process 1459 to run task
[2022-07-31 10:06:33,990] {standard_task_runner.py:79} INFO - Running: ['***', 'tasks', 'run', 'dag_with_postgres_operator', 'create_postgres_table', 'scheduled__2022-02-07T00:00:00+00:00', '--job-id', '1335', '--raw', '--subdir', 'DAGS_FOLDER/DAGWithPostgresOperator.py', '--cfg-path', '/tmp/tmp8jhf1pkj', '--error-file', '/tmp/tmpj67ckyhm']
[2022-07-31 10:06:33,990] {standard_task_runner.py:80} INFO - Job 1335: Subtask create_postgres_table
[2022-07-31 10:06:34,070] {task_command.py:369} INFO - Running <TaskInstance: dag_with_postgres_operator.create_postgres_table scheduled__2022-02-07T00:00:00+00:00 [running]> on host 66bf18ec08cc
[2022-07-31 10:06:34,154] {taskinstance.py:1571} INFO - Exporting the following env vars:
AIRFLOW_CTX_DAG_OWNER=yosr
AIRFLOW_CTX_DAG_ID=dag_with_postgres_operator
AIRFLOW_CTX_TASK_ID=create_postgres_table
AIRFLOW_CTX_EXECUTION_DATE=2022-02-07T00:00:00+00:00
AIRFLOW_CTX_TRY_NUMBER=3
AIRFLOW_CTX_DAG_RUN_ID=scheduled__2022-02-07T00:00:00+00:00
[2022-07-31 10:06:34,167] {base.py:68} INFO - Using connection ID 'postgres_localhost' for task execution.
[2022-07-31 10:06:34,168] {taskinstance.py:1889} ERROR - Task failed with exception
Traceback (most recent call last):
  File "/home/airflow/.local/lib/python3.7/site-packages/airflow/providers/postgres/operators/postgres.py", line 92, in execute
    self.hook.run(self.sql, self.autocommit, parameters=self.parameters)
  File "/home/airflow/.local/lib/python3.7/site-packages/airflow/hooks/dbapi.py", line 181, in run
    with closing(self.get_conn()) as conn:
  File "/home/airflow/.local/lib/python3.7/site-packages/airflow/providers/postgres/hooks/postgres.py", line 113, in get_conn
    self.conn = psycopg2.connect(**conn_args)
  File "/home/airflow/.local/lib/python3.7/site-packages/psycopg2/__init__.py", line 122, in connect
    conn = _connect(dsn, connection_factory=connection_factory, **kwasync)
psycopg2.OperationalError: could not translate host name "host.docker.local " to address: Name or service not known

[2022-07-31 10:06:34,184] {taskinstance.py:1400} INFO - Marking task as UP_FOR_RETRY. dag_id=dag_with_postgres_operator, task_id=create_postgres_table, execution_date=20220207T000000, start_date=20220731T100633, end_date=20220731T100634
[2022-07-31 10:06:34,206] {standard_task_runner.py:97} ERROR - Failed to execute job 1335 for task create_postgres_table (could not translate host name "host.docker.local " to address: Name or service not known
; 1459)
[2022-07-31 10:06:34,249] {local_task_job.py:156} INFO - Task exited with return code 1
[2022-07-31 10:06:34,319] {local_task_job.py:273} INFO - 0 downstream tasks scheduled from follow-on schedule check
[2022-07-31 14:35:37,237] {taskinstance.py:1159} INFO - Dependencies all met for <TaskInstance: dag_with_postgres_operator.create_postgres_table scheduled__2022-02-07T00:00:00+00:00 [queued]>
[2022-07-31 14:35:37,253] {taskinstance.py:1159} INFO - Dependencies all met for <TaskInstance: dag_with_postgres_operator.create_postgres_table scheduled__2022-02-07T00:00:00+00:00 [queued]>
[2022-07-31 14:35:37,254] {taskinstance.py:1356} INFO - 
--------------------------------------------------------------------------------
[2022-07-31 14:35:37,254] {taskinstance.py:1357} INFO - Starting attempt 3 of 6
[2022-07-31 14:35:37,254] {taskinstance.py:1358} INFO - 
--------------------------------------------------------------------------------
[2022-07-31 14:35:37,274] {taskinstance.py:1377} INFO - Executing <Task(PostgresOperator): create_postgres_table> on 2022-02-07 00:00:00+00:00
[2022-07-31 14:35:37,281] {standard_task_runner.py:52} INFO - Started process 5376 to run task
[2022-07-31 14:35:37,292] {standard_task_runner.py:79} INFO - Running: ['***', 'tasks', 'run', 'dag_with_postgres_operator', 'create_postgres_table', 'scheduled__2022-02-07T00:00:00+00:00', '--job-id', '325', '--raw', '--subdir', 'DAGS_FOLDER/DAGWithPostgresOperator.py', '--cfg-path', '/tmp/tmpf176g6t4', '--error-file', '/tmp/tmpqr02jtos']
[2022-07-31 14:35:37,292] {standard_task_runner.py:80} INFO - Job 325: Subtask create_postgres_table
[2022-07-31 14:35:37,427] {task_command.py:369} INFO - Running <TaskInstance: dag_with_postgres_operator.create_postgres_table scheduled__2022-02-07T00:00:00+00:00 [running]> on host 4688dd3b7141
[2022-07-31 14:35:37,565] {taskinstance.py:1571} INFO - Exporting the following env vars:
AIRFLOW_CTX_DAG_OWNER=yosr
AIRFLOW_CTX_DAG_ID=dag_with_postgres_operator
AIRFLOW_CTX_TASK_ID=create_postgres_table
AIRFLOW_CTX_EXECUTION_DATE=2022-02-07T00:00:00+00:00
AIRFLOW_CTX_TRY_NUMBER=3
AIRFLOW_CTX_DAG_RUN_ID=scheduled__2022-02-07T00:00:00+00:00
[2022-07-31 14:35:37,587] {base.py:68} INFO - Using connection ID 'postgres_localhost' for task execution.
[2022-07-31 14:35:52,608] {taskinstance.py:1889} ERROR - Task failed with exception
Traceback (most recent call last):
  File "/home/airflow/.local/lib/python3.7/site-packages/airflow/providers/postgres/operators/postgres.py", line 92, in execute
    self.hook.run(self.sql, self.autocommit, parameters=self.parameters)
  File "/home/airflow/.local/lib/python3.7/site-packages/airflow/hooks/dbapi.py", line 181, in run
    with closing(self.get_conn()) as conn:
  File "/home/airflow/.local/lib/python3.7/site-packages/airflow/providers/postgres/hooks/postgres.py", line 113, in get_conn
    self.conn = psycopg2.connect(**conn_args)
  File "/home/airflow/.local/lib/python3.7/site-packages/psycopg2/__init__.py", line 122, in connect
    conn = _connect(dsn, connection_factory=connection_factory, **kwasync)
psycopg2.OperationalError: could not translate host name "host.docker.local" to address: Temporary failure in name resolution

[2022-07-31 14:35:52,632] {taskinstance.py:1400} INFO - Marking task as UP_FOR_RETRY. dag_id=dag_with_postgres_operator, task_id=create_postgres_table, execution_date=20220207T000000, start_date=20220731T143537, end_date=20220731T143552
[2022-07-31 14:35:52,652] {standard_task_runner.py:97} ERROR - Failed to execute job 325 for task create_postgres_table (could not translate host name "host.docker.local" to address: Temporary failure in name resolution
; 5376)
[2022-07-31 14:35:52,702] {local_task_job.py:156} INFO - Task exited with return code 1
[2022-07-31 14:35:52,781] {local_task_job.py:273} INFO - 0 downstream tasks scheduled from follow-on schedule check
