[2022-07-30 19:14:19,181] {taskinstance.py:1159} INFO - Dependencies all met for <TaskInstance: dag_with_postgres_operator.create_postgres_table scheduled__2022-02-07T00:00:00+00:00 [queued]>
[2022-07-30 19:14:19,206] {taskinstance.py:1159} INFO - Dependencies all met for <TaskInstance: dag_with_postgres_operator.create_postgres_table scheduled__2022-02-07T00:00:00+00:00 [queued]>
[2022-07-30 19:14:19,206] {taskinstance.py:1356} INFO - 
--------------------------------------------------------------------------------
[2022-07-30 19:14:19,206] {taskinstance.py:1357} INFO - Starting attempt 5 of 6
[2022-07-30 19:14:19,206] {taskinstance.py:1358} INFO - 
--------------------------------------------------------------------------------
[2022-07-30 19:14:19,228] {taskinstance.py:1377} INFO - Executing <Task(PostgresOperator): create_postgres_table> on 2022-02-07 00:00:00+00:00
[2022-07-30 19:14:19,234] {standard_task_runner.py:52} INFO - Started process 5509 to run task
[2022-07-30 19:14:19,240] {standard_task_runner.py:79} INFO - Running: ['***', 'tasks', 'run', 'dag_with_postgres_operator', 'create_postgres_table', 'scheduled__2022-02-07T00:00:00+00:00', '--job-id', '357', '--raw', '--subdir', 'DAGS_FOLDER/DAGWithPostgresOperator.py', '--cfg-path', '/tmp/tmpqz9brlhq', '--error-file', '/tmp/tmpzpf5dy56']
[2022-07-30 19:14:19,240] {standard_task_runner.py:80} INFO - Job 357: Subtask create_postgres_table
[2022-07-30 19:14:19,334] {task_command.py:369} INFO - Running <TaskInstance: dag_with_postgres_operator.create_postgres_table scheduled__2022-02-07T00:00:00+00:00 [running]> on host 66bf18ec08cc
[2022-07-30 19:14:19,469] {taskinstance.py:1571} INFO - Exporting the following env vars:
AIRFLOW_CTX_DAG_OWNER=yosr
AIRFLOW_CTX_DAG_ID=dag_with_postgres_operator
AIRFLOW_CTX_TASK_ID=create_postgres_table
AIRFLOW_CTX_EXECUTION_DATE=2022-02-07T00:00:00+00:00
AIRFLOW_CTX_TRY_NUMBER=5
AIRFLOW_CTX_DAG_RUN_ID=scheduled__2022-02-07T00:00:00+00:00
[2022-07-30 19:14:19,483] {base.py:68} INFO - Using connection ID 'postgres_localhost' for task execution.
[2022-07-30 19:14:19,484] {taskinstance.py:1889} ERROR - Task failed with exception
Traceback (most recent call last):
  File "/home/airflow/.local/lib/python3.7/site-packages/airflow/providers/postgres/operators/postgres.py", line 92, in execute
    self.hook.run(self.sql, self.autocommit, parameters=self.parameters)
  File "/home/airflow/.local/lib/python3.7/site-packages/airflow/hooks/dbapi.py", line 181, in run
    with closing(self.get_conn()) as conn:
  File "/home/airflow/.local/lib/python3.7/site-packages/airflow/providers/postgres/hooks/postgres.py", line 113, in get_conn
    self.conn = psycopg2.connect(**conn_args)
  File "/home/airflow/.local/lib/python3.7/site-packages/psycopg2/__init__.py", line 122, in connect
    conn = _connect(dsn, connection_factory=connection_factory, **kwasync)
psycopg2.OperationalError: could not translate host name "host.docker.internal " to address: Name or service not known

[2022-07-30 19:14:19,500] {taskinstance.py:1400} INFO - Marking task as UP_FOR_RETRY. dag_id=dag_with_postgres_operator, task_id=create_postgres_table, execution_date=20220207T000000, start_date=20220730T191419, end_date=20220730T191419
[2022-07-30 19:14:19,518] {standard_task_runner.py:97} ERROR - Failed to execute job 357 for task create_postgres_table (could not translate host name "host.docker.internal " to address: Name or service not known
; 5509)
[2022-07-30 19:14:19,540] {local_task_job.py:156} INFO - Task exited with return code 1
[2022-07-30 19:14:19,608] {local_task_job.py:273} INFO - 0 downstream tasks scheduled from follow-on schedule check
[2022-07-31 10:16:35,654] {taskinstance.py:1159} INFO - Dependencies all met for <TaskInstance: dag_with_postgres_operator.create_postgres_table scheduled__2022-02-07T00:00:00+00:00 [queued]>
[2022-07-31 10:16:35,677] {taskinstance.py:1159} INFO - Dependencies all met for <TaskInstance: dag_with_postgres_operator.create_postgres_table scheduled__2022-02-07T00:00:00+00:00 [queued]>
[2022-07-31 10:16:35,677] {taskinstance.py:1356} INFO - 
--------------------------------------------------------------------------------
[2022-07-31 10:16:35,677] {taskinstance.py:1357} INFO - Starting attempt 5 of 6
[2022-07-31 10:16:35,678] {taskinstance.py:1358} INFO - 
--------------------------------------------------------------------------------
[2022-07-31 10:16:35,699] {taskinstance.py:1377} INFO - Executing <Task(PostgresOperator): create_postgres_table> on 2022-02-07 00:00:00+00:00
[2022-07-31 10:16:35,704] {standard_task_runner.py:52} INFO - Started process 1983 to run task
[2022-07-31 10:16:35,707] {standard_task_runner.py:79} INFO - Running: ['***', 'tasks', 'run', 'dag_with_postgres_operator', 'create_postgres_table', 'scheduled__2022-02-07T00:00:00+00:00', '--job-id', '1366', '--raw', '--subdir', 'DAGS_FOLDER/DAGWithPostgresOperator.py', '--cfg-path', '/tmp/tmp91vu1648', '--error-file', '/tmp/tmp6968tjjj']
[2022-07-31 10:16:35,708] {standard_task_runner.py:80} INFO - Job 1366: Subtask create_postgres_table
[2022-07-31 10:16:35,796] {task_command.py:369} INFO - Running <TaskInstance: dag_with_postgres_operator.create_postgres_table scheduled__2022-02-07T00:00:00+00:00 [running]> on host 66bf18ec08cc
[2022-07-31 10:16:35,891] {taskinstance.py:1571} INFO - Exporting the following env vars:
AIRFLOW_CTX_DAG_OWNER=yosr
AIRFLOW_CTX_DAG_ID=dag_with_postgres_operator
AIRFLOW_CTX_TASK_ID=create_postgres_table
AIRFLOW_CTX_EXECUTION_DATE=2022-02-07T00:00:00+00:00
AIRFLOW_CTX_TRY_NUMBER=5
AIRFLOW_CTX_DAG_RUN_ID=scheduled__2022-02-07T00:00:00+00:00
[2022-07-31 10:16:35,907] {base.py:68} INFO - Using connection ID 'postgres_localhost' for task execution.
[2022-07-31 10:16:35,909] {taskinstance.py:1889} ERROR - Task failed with exception
Traceback (most recent call last):
  File "/home/airflow/.local/lib/python3.7/site-packages/airflow/providers/postgres/operators/postgres.py", line 92, in execute
    self.hook.run(self.sql, self.autocommit, parameters=self.parameters)
  File "/home/airflow/.local/lib/python3.7/site-packages/airflow/hooks/dbapi.py", line 181, in run
    with closing(self.get_conn()) as conn:
  File "/home/airflow/.local/lib/python3.7/site-packages/airflow/providers/postgres/hooks/postgres.py", line 113, in get_conn
    self.conn = psycopg2.connect(**conn_args)
  File "/home/airflow/.local/lib/python3.7/site-packages/psycopg2/__init__.py", line 122, in connect
    conn = _connect(dsn, connection_factory=connection_factory, **kwasync)
psycopg2.OperationalError: could not translate host name "host.docker.local " to address: Name or service not known

[2022-07-31 10:16:35,921] {taskinstance.py:1400} INFO - Marking task as UP_FOR_RETRY. dag_id=dag_with_postgres_operator, task_id=create_postgres_table, execution_date=20220207T000000, start_date=20220731T101635, end_date=20220731T101635
[2022-07-31 10:16:35,937] {standard_task_runner.py:97} ERROR - Failed to execute job 1366 for task create_postgres_table (could not translate host name "host.docker.local " to address: Name or service not known
; 1983)
[2022-07-31 10:16:35,968] {local_task_job.py:156} INFO - Task exited with return code 1
[2022-07-31 10:16:36,017] {local_task_job.py:273} INFO - 0 downstream tasks scheduled from follow-on schedule check
[2022-07-31 14:46:09,683] {taskinstance.py:1159} INFO - Dependencies all met for <TaskInstance: dag_with_postgres_operator.create_postgres_table scheduled__2022-02-07T00:00:00+00:00 [queued]>
[2022-07-31 14:46:09,702] {taskinstance.py:1159} INFO - Dependencies all met for <TaskInstance: dag_with_postgres_operator.create_postgres_table scheduled__2022-02-07T00:00:00+00:00 [queued]>
[2022-07-31 14:46:09,702] {taskinstance.py:1356} INFO - 
--------------------------------------------------------------------------------
[2022-07-31 14:46:09,702] {taskinstance.py:1357} INFO - Starting attempt 5 of 6
[2022-07-31 14:46:09,702] {taskinstance.py:1358} INFO - 
--------------------------------------------------------------------------------
[2022-07-31 14:46:09,726] {taskinstance.py:1377} INFO - Executing <Task(PostgresOperator): create_postgres_table> on 2022-02-07 00:00:00+00:00
[2022-07-31 14:46:09,732] {standard_task_runner.py:52} INFO - Started process 5955 to run task
[2022-07-31 14:46:09,739] {standard_task_runner.py:79} INFO - Running: ['***', 'tasks', 'run', 'dag_with_postgres_operator', 'create_postgres_table', 'scheduled__2022-02-07T00:00:00+00:00', '--job-id', '366', '--raw', '--subdir', 'DAGS_FOLDER/DAGWithPostgresOperator.py', '--cfg-path', '/tmp/tmpi3vecn25', '--error-file', '/tmp/tmpw7vjlhh6']
[2022-07-31 14:46:09,740] {standard_task_runner.py:80} INFO - Job 366: Subtask create_postgres_table
[2022-07-31 14:46:09,827] {task_command.py:369} INFO - Running <TaskInstance: dag_with_postgres_operator.create_postgres_table scheduled__2022-02-07T00:00:00+00:00 [running]> on host 4688dd3b7141
[2022-07-31 14:46:09,954] {taskinstance.py:1571} INFO - Exporting the following env vars:
AIRFLOW_CTX_DAG_OWNER=yosr
AIRFLOW_CTX_DAG_ID=dag_with_postgres_operator
AIRFLOW_CTX_TASK_ID=create_postgres_table
AIRFLOW_CTX_EXECUTION_DATE=2022-02-07T00:00:00+00:00
AIRFLOW_CTX_TRY_NUMBER=5
AIRFLOW_CTX_DAG_RUN_ID=scheduled__2022-02-07T00:00:00+00:00
[2022-07-31 14:46:09,977] {base.py:68} INFO - Using connection ID 'postgres_localhost' for task execution.
[2022-07-31 14:46:24,994] {taskinstance.py:1889} ERROR - Task failed with exception
Traceback (most recent call last):
  File "/home/airflow/.local/lib/python3.7/site-packages/airflow/providers/postgres/operators/postgres.py", line 92, in execute
    self.hook.run(self.sql, self.autocommit, parameters=self.parameters)
  File "/home/airflow/.local/lib/python3.7/site-packages/airflow/hooks/dbapi.py", line 181, in run
    with closing(self.get_conn()) as conn:
  File "/home/airflow/.local/lib/python3.7/site-packages/airflow/providers/postgres/hooks/postgres.py", line 113, in get_conn
    self.conn = psycopg2.connect(**conn_args)
  File "/home/airflow/.local/lib/python3.7/site-packages/psycopg2/__init__.py", line 122, in connect
    conn = _connect(dsn, connection_factory=connection_factory, **kwasync)
psycopg2.OperationalError: could not translate host name "host.docker.local" to address: Temporary failure in name resolution

[2022-07-31 14:46:25,021] {taskinstance.py:1400} INFO - Marking task as UP_FOR_RETRY. dag_id=dag_with_postgres_operator, task_id=create_postgres_table, execution_date=20220207T000000, start_date=20220731T144609, end_date=20220731T144625
[2022-07-31 14:46:25,113] {standard_task_runner.py:97} ERROR - Failed to execute job 366 for task create_postgres_table (could not translate host name "host.docker.local" to address: Temporary failure in name resolution
; 5955)
[2022-07-31 14:46:25,147] {local_task_job.py:156} INFO - Task exited with return code 1
[2022-07-31 14:46:25,196] {local_task_job.py:273} INFO - 0 downstream tasks scheduled from follow-on schedule check
