[2022-07-30 19:09:18,355] {taskinstance.py:1159} INFO - Dependencies all met for <TaskInstance: dag_with_postgres_operator.create_postgres_table scheduled__2022-02-07T00:00:00+00:00 [queued]>
[2022-07-30 19:09:18,374] {taskinstance.py:1159} INFO - Dependencies all met for <TaskInstance: dag_with_postgres_operator.create_postgres_table scheduled__2022-02-07T00:00:00+00:00 [queued]>
[2022-07-30 19:09:18,374] {taskinstance.py:1356} INFO - 
--------------------------------------------------------------------------------
[2022-07-30 19:09:18,374] {taskinstance.py:1357} INFO - Starting attempt 4 of 6
[2022-07-30 19:09:18,374] {taskinstance.py:1358} INFO - 
--------------------------------------------------------------------------------
[2022-07-30 19:09:18,397] {taskinstance.py:1377} INFO - Executing <Task(PostgresOperator): create_postgres_table> on 2022-02-07 00:00:00+00:00
[2022-07-30 19:09:18,403] {standard_task_runner.py:52} INFO - Started process 5250 to run task
[2022-07-30 19:09:18,407] {standard_task_runner.py:79} INFO - Running: ['***', 'tasks', 'run', 'dag_with_postgres_operator', 'create_postgres_table', 'scheduled__2022-02-07T00:00:00+00:00', '--job-id', '342', '--raw', '--subdir', 'DAGS_FOLDER/DAGWithPostgresOperator.py', '--cfg-path', '/tmp/tmpz3v2amg2', '--error-file', '/tmp/tmpc99er33p']
[2022-07-30 19:09:18,408] {standard_task_runner.py:80} INFO - Job 342: Subtask create_postgres_table
[2022-07-30 19:09:18,478] {task_command.py:369} INFO - Running <TaskInstance: dag_with_postgres_operator.create_postgres_table scheduled__2022-02-07T00:00:00+00:00 [running]> on host 66bf18ec08cc
[2022-07-30 19:09:18,576] {taskinstance.py:1571} INFO - Exporting the following env vars:
AIRFLOW_CTX_DAG_OWNER=yosr
AIRFLOW_CTX_DAG_ID=dag_with_postgres_operator
AIRFLOW_CTX_TASK_ID=create_postgres_table
AIRFLOW_CTX_EXECUTION_DATE=2022-02-07T00:00:00+00:00
AIRFLOW_CTX_TRY_NUMBER=4
AIRFLOW_CTX_DAG_RUN_ID=scheduled__2022-02-07T00:00:00+00:00
[2022-07-30 19:09:18,593] {base.py:68} INFO - Using connection ID 'postgres_localhost' for task execution.
[2022-07-30 19:09:18,594] {taskinstance.py:1889} ERROR - Task failed with exception
Traceback (most recent call last):
  File "/home/airflow/.local/lib/python3.7/site-packages/airflow/providers/postgres/operators/postgres.py", line 92, in execute
    self.hook.run(self.sql, self.autocommit, parameters=self.parameters)
  File "/home/airflow/.local/lib/python3.7/site-packages/airflow/hooks/dbapi.py", line 181, in run
    with closing(self.get_conn()) as conn:
  File "/home/airflow/.local/lib/python3.7/site-packages/airflow/providers/postgres/hooks/postgres.py", line 113, in get_conn
    self.conn = psycopg2.connect(**conn_args)
  File "/home/airflow/.local/lib/python3.7/site-packages/psycopg2/__init__.py", line 122, in connect
    conn = _connect(dsn, connection_factory=connection_factory, **kwasync)
psycopg2.OperationalError: could not translate host name "host.docker.internal " to address: Name or service not known

[2022-07-30 19:09:18,606] {taskinstance.py:1400} INFO - Marking task as UP_FOR_RETRY. dag_id=dag_with_postgres_operator, task_id=create_postgres_table, execution_date=20220207T000000, start_date=20220730T190918, end_date=20220730T190918
[2022-07-30 19:09:18,620] {standard_task_runner.py:97} ERROR - Failed to execute job 342 for task create_postgres_table (could not translate host name "host.docker.internal " to address: Name or service not known
; 5250)
[2022-07-30 19:09:18,667] {local_task_job.py:156} INFO - Task exited with return code 1
[2022-07-30 19:09:18,752] {local_task_job.py:273} INFO - 0 downstream tasks scheduled from follow-on schedule check
[2022-07-31 10:11:34,933] {taskinstance.py:1159} INFO - Dependencies all met for <TaskInstance: dag_with_postgres_operator.create_postgres_table scheduled__2022-02-07T00:00:00+00:00 [queued]>
[2022-07-31 10:11:34,953] {taskinstance.py:1159} INFO - Dependencies all met for <TaskInstance: dag_with_postgres_operator.create_postgres_table scheduled__2022-02-07T00:00:00+00:00 [queued]>
[2022-07-31 10:11:34,953] {taskinstance.py:1356} INFO - 
--------------------------------------------------------------------------------
[2022-07-31 10:11:34,953] {taskinstance.py:1357} INFO - Starting attempt 4 of 6
[2022-07-31 10:11:34,953] {taskinstance.py:1358} INFO - 
--------------------------------------------------------------------------------
[2022-07-31 10:11:34,973] {taskinstance.py:1377} INFO - Executing <Task(PostgresOperator): create_postgres_table> on 2022-02-07 00:00:00+00:00
[2022-07-31 10:11:34,979] {standard_task_runner.py:52} INFO - Started process 1716 to run task
[2022-07-31 10:11:34,986] {standard_task_runner.py:79} INFO - Running: ['***', 'tasks', 'run', 'dag_with_postgres_operator', 'create_postgres_table', 'scheduled__2022-02-07T00:00:00+00:00', '--job-id', '1349', '--raw', '--subdir', 'DAGS_FOLDER/DAGWithPostgresOperator.py', '--cfg-path', '/tmp/tmpncvf5_vo', '--error-file', '/tmp/tmpv_vpato4']
[2022-07-31 10:11:34,987] {standard_task_runner.py:80} INFO - Job 1349: Subtask create_postgres_table
[2022-07-31 10:11:35,079] {task_command.py:369} INFO - Running <TaskInstance: dag_with_postgres_operator.create_postgres_table scheduled__2022-02-07T00:00:00+00:00 [running]> on host 66bf18ec08cc
[2022-07-31 10:11:35,186] {taskinstance.py:1571} INFO - Exporting the following env vars:
AIRFLOW_CTX_DAG_OWNER=yosr
AIRFLOW_CTX_DAG_ID=dag_with_postgres_operator
AIRFLOW_CTX_TASK_ID=create_postgres_table
AIRFLOW_CTX_EXECUTION_DATE=2022-02-07T00:00:00+00:00
AIRFLOW_CTX_TRY_NUMBER=4
AIRFLOW_CTX_DAG_RUN_ID=scheduled__2022-02-07T00:00:00+00:00
[2022-07-31 10:11:35,207] {base.py:68} INFO - Using connection ID 'postgres_localhost' for task execution.
[2022-07-31 10:11:35,208] {taskinstance.py:1889} ERROR - Task failed with exception
Traceback (most recent call last):
  File "/home/airflow/.local/lib/python3.7/site-packages/airflow/providers/postgres/operators/postgres.py", line 92, in execute
    self.hook.run(self.sql, self.autocommit, parameters=self.parameters)
  File "/home/airflow/.local/lib/python3.7/site-packages/airflow/hooks/dbapi.py", line 181, in run
    with closing(self.get_conn()) as conn:
  File "/home/airflow/.local/lib/python3.7/site-packages/airflow/providers/postgres/hooks/postgres.py", line 113, in get_conn
    self.conn = psycopg2.connect(**conn_args)
  File "/home/airflow/.local/lib/python3.7/site-packages/psycopg2/__init__.py", line 122, in connect
    conn = _connect(dsn, connection_factory=connection_factory, **kwasync)
psycopg2.OperationalError: could not translate host name "host.docker.local " to address: Name or service not known

[2022-07-31 10:11:35,224] {taskinstance.py:1400} INFO - Marking task as UP_FOR_RETRY. dag_id=dag_with_postgres_operator, task_id=create_postgres_table, execution_date=20220207T000000, start_date=20220731T101134, end_date=20220731T101135
[2022-07-31 10:11:35,244] {standard_task_runner.py:97} ERROR - Failed to execute job 1349 for task create_postgres_table (could not translate host name "host.docker.local " to address: Name or service not known
; 1716)
[2022-07-31 10:11:35,293] {local_task_job.py:156} INFO - Task exited with return code 1
[2022-07-31 10:11:35,361] {local_task_job.py:273} INFO - 0 downstream tasks scheduled from follow-on schedule check
[2022-07-31 14:40:53,584] {taskinstance.py:1159} INFO - Dependencies all met for <TaskInstance: dag_with_postgres_operator.create_postgres_table scheduled__2022-02-07T00:00:00+00:00 [queued]>
[2022-07-31 14:40:53,620] {taskinstance.py:1159} INFO - Dependencies all met for <TaskInstance: dag_with_postgres_operator.create_postgres_table scheduled__2022-02-07T00:00:00+00:00 [queued]>
[2022-07-31 14:40:53,620] {taskinstance.py:1356} INFO - 
--------------------------------------------------------------------------------
[2022-07-31 14:40:53,621] {taskinstance.py:1357} INFO - Starting attempt 4 of 6
[2022-07-31 14:40:53,621] {taskinstance.py:1358} INFO - 
--------------------------------------------------------------------------------
[2022-07-31 14:40:53,656] {taskinstance.py:1377} INFO - Executing <Task(PostgresOperator): create_postgres_table> on 2022-02-07 00:00:00+00:00
[2022-07-31 14:40:53,671] {standard_task_runner.py:52} INFO - Started process 5674 to run task
[2022-07-31 14:40:53,682] {standard_task_runner.py:79} INFO - Running: ['***', 'tasks', 'run', 'dag_with_postgres_operator', 'create_postgres_table', 'scheduled__2022-02-07T00:00:00+00:00', '--job-id', '345', '--raw', '--subdir', 'DAGS_FOLDER/DAGWithPostgresOperator.py', '--cfg-path', '/tmp/tmpzrkrdo38', '--error-file', '/tmp/tmpnt2u8590']
[2022-07-31 14:40:53,683] {standard_task_runner.py:80} INFO - Job 345: Subtask create_postgres_table
[2022-07-31 14:40:53,797] {task_command.py:369} INFO - Running <TaskInstance: dag_with_postgres_operator.create_postgres_table scheduled__2022-02-07T00:00:00+00:00 [running]> on host 4688dd3b7141
[2022-07-31 14:40:53,930] {taskinstance.py:1571} INFO - Exporting the following env vars:
AIRFLOW_CTX_DAG_OWNER=yosr
AIRFLOW_CTX_DAG_ID=dag_with_postgres_operator
AIRFLOW_CTX_TASK_ID=create_postgres_table
AIRFLOW_CTX_EXECUTION_DATE=2022-02-07T00:00:00+00:00
AIRFLOW_CTX_TRY_NUMBER=4
AIRFLOW_CTX_DAG_RUN_ID=scheduled__2022-02-07T00:00:00+00:00
[2022-07-31 14:40:53,950] {base.py:68} INFO - Using connection ID 'postgres_localhost' for task execution.
[2022-07-31 14:41:08,961] {taskinstance.py:1889} ERROR - Task failed with exception
Traceback (most recent call last):
  File "/home/airflow/.local/lib/python3.7/site-packages/airflow/providers/postgres/operators/postgres.py", line 92, in execute
    self.hook.run(self.sql, self.autocommit, parameters=self.parameters)
  File "/home/airflow/.local/lib/python3.7/site-packages/airflow/hooks/dbapi.py", line 181, in run
    with closing(self.get_conn()) as conn:
  File "/home/airflow/.local/lib/python3.7/site-packages/airflow/providers/postgres/hooks/postgres.py", line 113, in get_conn
    self.conn = psycopg2.connect(**conn_args)
  File "/home/airflow/.local/lib/python3.7/site-packages/psycopg2/__init__.py", line 122, in connect
    conn = _connect(dsn, connection_factory=connection_factory, **kwasync)
psycopg2.OperationalError: could not translate host name "host.docker.local" to address: Temporary failure in name resolution

[2022-07-31 14:41:08,978] {taskinstance.py:1400} INFO - Marking task as UP_FOR_RETRY. dag_id=dag_with_postgres_operator, task_id=create_postgres_table, execution_date=20220207T000000, start_date=20220731T144053, end_date=20220731T144108
[2022-07-31 14:41:09,001] {standard_task_runner.py:97} ERROR - Failed to execute job 345 for task create_postgres_table (could not translate host name "host.docker.local" to address: Temporary failure in name resolution
; 5674)
[2022-07-31 14:41:09,020] {local_task_job.py:156} INFO - Task exited with return code 1
[2022-07-31 14:41:09,065] {local_task_job.py:273} INFO - 0 downstream tasks scheduled from follow-on schedule check
