[2022-07-29 11:44:13,564] {taskinstance.py:1159} INFO - Dependencies all met for <TaskInstance: dag_with_python_operator.get_name scheduled__2022-05-06T00:00:00+00:00 [queued]>
[2022-07-29 11:44:13,583] {taskinstance.py:1159} INFO - Dependencies all met for <TaskInstance: dag_with_python_operator.get_name scheduled__2022-05-06T00:00:00+00:00 [queued]>
[2022-07-29 11:44:13,584] {taskinstance.py:1356} INFO - 
--------------------------------------------------------------------------------
[2022-07-29 11:44:13,584] {taskinstance.py:1357} INFO - Starting attempt 1 of 6
[2022-07-29 11:44:13,584] {taskinstance.py:1358} INFO - 
--------------------------------------------------------------------------------
[2022-07-29 11:44:13,609] {taskinstance.py:1377} INFO - Executing <Task(PythonOperator): get_name> on 2022-05-06 00:00:00+00:00
[2022-07-29 11:44:13,614] {standard_task_runner.py:52} INFO - Started process 7094 to run task
[2022-07-29 11:44:13,618] {standard_task_runner.py:79} INFO - Running: ['***', 'tasks', 'run', 'dag_with_python_operator', 'get_name', 'scheduled__2022-05-06T00:00:00+00:00', '--job-id', '1041', '--raw', '--subdir', 'DAGS_FOLDER/CreateDagWithPythonOperator.py', '--cfg-path', '/tmp/tmpli43ozk3', '--error-file', '/tmp/tmpm3l2i_n3']
[2022-07-29 11:44:13,619] {standard_task_runner.py:80} INFO - Job 1041: Subtask get_name
[2022-07-29 11:44:13,704] {task_command.py:369} INFO - Running <TaskInstance: dag_with_python_operator.get_name scheduled__2022-05-06T00:00:00+00:00 [running]> on host 9f0f006fc89d
[2022-07-29 11:44:13,839] {taskinstance.py:1571} INFO - Exporting the following env vars:
AIRFLOW_CTX_DAG_OWNER=yosr
AIRFLOW_CTX_DAG_ID=dag_with_python_operator
AIRFLOW_CTX_TASK_ID=get_name
AIRFLOW_CTX_EXECUTION_DATE=2022-05-06T00:00:00+00:00
AIRFLOW_CTX_TRY_NUMBER=1
AIRFLOW_CTX_DAG_RUN_ID=scheduled__2022-05-06T00:00:00+00:00
[2022-07-29 11:44:13,891] {python.py:173} INFO - Done. Returned value was: None
[2022-07-29 11:44:13,912] {taskinstance.py:1400} INFO - Marking task as SUCCESS. dag_id=dag_with_python_operator, task_id=get_name, execution_date=20220506T000000, start_date=20220729T114413, end_date=20220729T114413
[2022-07-29 11:44:13,964] {local_task_job.py:156} INFO - Task exited with return code 0
[2022-07-29 11:44:14,049] {local_task_job.py:273} INFO - 0 downstream tasks scheduled from follow-on schedule check
