[2022-07-30 18:03:39,447] {taskinstance.py:1159} INFO - Dependencies all met for <TaskInstance: dag_with_postgres_operator.create_postgres_table scheduled__2021-12-29T00:00:00+00:00 [queued]>
[2022-07-30 18:03:39,466] {taskinstance.py:1159} INFO - Dependencies all met for <TaskInstance: dag_with_postgres_operator.create_postgres_table scheduled__2021-12-29T00:00:00+00:00 [queued]>
[2022-07-30 18:03:39,466] {taskinstance.py:1356} INFO - 
--------------------------------------------------------------------------------
[2022-07-30 18:03:39,466] {taskinstance.py:1357} INFO - Starting attempt 6 of 6
[2022-07-30 18:03:39,466] {taskinstance.py:1358} INFO - 
--------------------------------------------------------------------------------
[2022-07-30 18:03:39,488] {taskinstance.py:1377} INFO - Executing <Task(PostgresOperator): create_postgres_table> on 2021-12-29 00:00:00+00:00
[2022-07-30 18:03:39,494] {standard_task_runner.py:52} INFO - Started process 1720 to run task
[2022-07-30 18:03:39,499] {standard_task_runner.py:79} INFO - Running: ['***', 'tasks', 'run', 'dag_with_postgres_operator', 'create_postgres_table', 'scheduled__2021-12-29T00:00:00+00:00', '--job-id', '98', '--raw', '--subdir', 'DAGS_FOLDER/DAGWithPostgresOperator.py', '--cfg-path', '/tmp/tmpm0rdgdus', '--error-file', '/tmp/tmpr0g7w3j0']
[2022-07-30 18:03:39,501] {standard_task_runner.py:80} INFO - Job 98: Subtask create_postgres_table
[2022-07-30 18:03:39,601] {task_command.py:369} INFO - Running <TaskInstance: dag_with_postgres_operator.create_postgres_table scheduled__2021-12-29T00:00:00+00:00 [running]> on host 66bf18ec08cc
[2022-07-30 18:03:39,734] {taskinstance.py:1571} INFO - Exporting the following env vars:
AIRFLOW_CTX_DAG_OWNER=yosr
AIRFLOW_CTX_DAG_ID=dag_with_postgres_operator
AIRFLOW_CTX_TASK_ID=create_postgres_table
AIRFLOW_CTX_EXECUTION_DATE=2021-12-29T00:00:00+00:00
AIRFLOW_CTX_TRY_NUMBER=6
AIRFLOW_CTX_DAG_RUN_ID=scheduled__2021-12-29T00:00:00+00:00
[2022-07-30 18:03:39,752] {base.py:68} INFO - Using connection ID 'postgres_localhost' for task execution.
[2022-07-30 18:03:39,753] {taskinstance.py:1889} ERROR - Task failed with exception
Traceback (most recent call last):
  File "/home/airflow/.local/lib/python3.7/site-packages/airflow/providers/postgres/operators/postgres.py", line 92, in execute
    self.hook.run(self.sql, self.autocommit, parameters=self.parameters)
  File "/home/airflow/.local/lib/python3.7/site-packages/airflow/hooks/dbapi.py", line 181, in run
    with closing(self.get_conn()) as conn:
  File "/home/airflow/.local/lib/python3.7/site-packages/airflow/providers/postgres/hooks/postgres.py", line 113, in get_conn
    self.conn = psycopg2.connect(**conn_args)
  File "/home/airflow/.local/lib/python3.7/site-packages/psycopg2/__init__.py", line 122, in connect
    conn = _connect(dsn, connection_factory=connection_factory, **kwasync)
psycopg2.OperationalError: could not translate host name "host.docker.internal " to address: Name or service not known

[2022-07-30 18:03:39,777] {taskinstance.py:1400} INFO - Marking task as FAILED. dag_id=dag_with_postgres_operator, task_id=create_postgres_table, execution_date=20211229T000000, start_date=20220730T180339, end_date=20220730T180339
[2022-07-30 18:03:39,802] {standard_task_runner.py:97} ERROR - Failed to execute job 98 for task create_postgres_table (could not translate host name "host.docker.internal " to address: Name or service not known
; 1720)
[2022-07-30 18:03:39,845] {local_task_job.py:156} INFO - Task exited with return code 1
[2022-07-30 18:03:39,915] {local_task_job.py:273} INFO - 0 downstream tasks scheduled from follow-on schedule check
[2022-07-31 00:09:53,509] {taskinstance.py:1159} INFO - Dependencies all met for <TaskInstance: dag_with_postgres_operator.create_postgres_table scheduled__2021-12-29T00:00:00+00:00 [queued]>
[2022-07-31 00:09:53,533] {taskinstance.py:1159} INFO - Dependencies all met for <TaskInstance: dag_with_postgres_operator.create_postgres_table scheduled__2021-12-29T00:00:00+00:00 [queued]>
[2022-07-31 00:09:53,533] {taskinstance.py:1356} INFO - 
--------------------------------------------------------------------------------
[2022-07-31 00:09:53,533] {taskinstance.py:1357} INFO - Starting attempt 6 of 6
[2022-07-31 00:09:53,533] {taskinstance.py:1358} INFO - 
--------------------------------------------------------------------------------
[2022-07-31 00:09:53,561] {taskinstance.py:1377} INFO - Executing <Task(PostgresOperator): create_postgres_table> on 2021-12-29 00:00:00+00:00
[2022-07-31 00:09:53,565] {standard_task_runner.py:52} INFO - Started process 5630 to run task
[2022-07-31 00:09:53,569] {standard_task_runner.py:79} INFO - Running: ['***', 'tasks', 'run', 'dag_with_postgres_operator', 'create_postgres_table', 'scheduled__2021-12-29T00:00:00+00:00', '--job-id', '1100', '--raw', '--subdir', 'DAGS_FOLDER/DAGWithPostgresOperator.py', '--cfg-path', '/tmp/tmp33ru4rwy', '--error-file', '/tmp/tmp2tzjhp8c']
[2022-07-31 00:09:53,569] {standard_task_runner.py:80} INFO - Job 1100: Subtask create_postgres_table
[2022-07-31 00:09:53,642] {task_command.py:369} INFO - Running <TaskInstance: dag_with_postgres_operator.create_postgres_table scheduled__2021-12-29T00:00:00+00:00 [running]> on host 66bf18ec08cc
[2022-07-31 00:09:53,764] {taskinstance.py:1571} INFO - Exporting the following env vars:
AIRFLOW_CTX_DAG_OWNER=yosr
AIRFLOW_CTX_DAG_ID=dag_with_postgres_operator
AIRFLOW_CTX_TASK_ID=create_postgres_table
AIRFLOW_CTX_EXECUTION_DATE=2021-12-29T00:00:00+00:00
AIRFLOW_CTX_TRY_NUMBER=6
AIRFLOW_CTX_DAG_RUN_ID=scheduled__2021-12-29T00:00:00+00:00
[2022-07-31 00:09:53,782] {base.py:68} INFO - Using connection ID 'postgres_localhost' for task execution.
[2022-07-31 00:09:53,784] {taskinstance.py:1889} ERROR - Task failed with exception
Traceback (most recent call last):
  File "/home/airflow/.local/lib/python3.7/site-packages/airflow/providers/postgres/operators/postgres.py", line 92, in execute
    self.hook.run(self.sql, self.autocommit, parameters=self.parameters)
  File "/home/airflow/.local/lib/python3.7/site-packages/airflow/hooks/dbapi.py", line 181, in run
    with closing(self.get_conn()) as conn:
  File "/home/airflow/.local/lib/python3.7/site-packages/airflow/providers/postgres/hooks/postgres.py", line 113, in get_conn
    self.conn = psycopg2.connect(**conn_args)
  File "/home/airflow/.local/lib/python3.7/site-packages/psycopg2/__init__.py", line 122, in connect
    conn = _connect(dsn, connection_factory=connection_factory, **kwasync)
psycopg2.OperationalError: could not translate host name "host.docker.local " to address: Name or service not known

[2022-07-31 00:09:53,797] {taskinstance.py:1400} INFO - Marking task as FAILED. dag_id=dag_with_postgres_operator, task_id=create_postgres_table, execution_date=20211229T000000, start_date=20220731T000953, end_date=20220731T000953
[2022-07-31 00:09:53,813] {standard_task_runner.py:97} ERROR - Failed to execute job 1100 for task create_postgres_table (could not translate host name "host.docker.local " to address: Name or service not known
; 5630)
[2022-07-31 00:09:53,829] {local_task_job.py:156} INFO - Task exited with return code 1
[2022-07-31 00:09:53,893] {local_task_job.py:273} INFO - 0 downstream tasks scheduled from follow-on schedule check
[2022-07-31 11:03:19,066] {taskinstance.py:1159} INFO - Dependencies all met for <TaskInstance: dag_with_postgres_operator.create_postgres_table scheduled__2021-12-29T00:00:00+00:00 [queued]>
[2022-07-31 11:03:19,102] {taskinstance.py:1159} INFO - Dependencies all met for <TaskInstance: dag_with_postgres_operator.create_postgres_table scheduled__2021-12-29T00:00:00+00:00 [queued]>
[2022-07-31 11:03:19,102] {taskinstance.py:1356} INFO - 
--------------------------------------------------------------------------------
[2022-07-31 11:03:19,102] {taskinstance.py:1357} INFO - Starting attempt 6 of 6
[2022-07-31 11:03:19,102] {taskinstance.py:1358} INFO - 
--------------------------------------------------------------------------------
[2022-07-31 11:03:19,127] {taskinstance.py:1377} INFO - Executing <Task(PostgresOperator): create_postgres_table> on 2021-12-29 00:00:00+00:00
[2022-07-31 11:03:19,132] {standard_task_runner.py:52} INFO - Started process 4513 to run task
[2022-07-31 11:03:19,137] {standard_task_runner.py:79} INFO - Running: ['***', 'tasks', 'run', 'dag_with_postgres_operator', 'create_postgres_table', 'scheduled__2021-12-29T00:00:00+00:00', '--job-id', '1554', '--raw', '--subdir', 'DAGS_FOLDER/DAGWithPostgresOperator.py', '--cfg-path', '/tmp/tmpdwtrpjgm', '--error-file', '/tmp/tmprem5760o']
[2022-07-31 11:03:19,137] {standard_task_runner.py:80} INFO - Job 1554: Subtask create_postgres_table
[2022-07-31 11:03:19,211] {task_command.py:369} INFO - Running <TaskInstance: dag_with_postgres_operator.create_postgres_table scheduled__2021-12-29T00:00:00+00:00 [running]> on host 66bf18ec08cc
[2022-07-31 11:03:19,355] {taskinstance.py:1571} INFO - Exporting the following env vars:
AIRFLOW_CTX_DAG_OWNER=yosr
AIRFLOW_CTX_DAG_ID=dag_with_postgres_operator
AIRFLOW_CTX_TASK_ID=create_postgres_table
AIRFLOW_CTX_EXECUTION_DATE=2021-12-29T00:00:00+00:00
AIRFLOW_CTX_TRY_NUMBER=6
AIRFLOW_CTX_DAG_RUN_ID=scheduled__2021-12-29T00:00:00+00:00
[2022-07-31 11:03:19,377] {base.py:68} INFO - Using connection ID 'postgres_localhost' for task execution.
[2022-07-31 11:03:19,381] {taskinstance.py:1889} ERROR - Task failed with exception
Traceback (most recent call last):
  File "/home/airflow/.local/lib/python3.7/site-packages/airflow/providers/postgres/operators/postgres.py", line 92, in execute
    self.hook.run(self.sql, self.autocommit, parameters=self.parameters)
  File "/home/airflow/.local/lib/python3.7/site-packages/airflow/hooks/dbapi.py", line 181, in run
    with closing(self.get_conn()) as conn:
  File "/home/airflow/.local/lib/python3.7/site-packages/airflow/providers/postgres/hooks/postgres.py", line 113, in get_conn
    self.conn = psycopg2.connect(**conn_args)
  File "/home/airflow/.local/lib/python3.7/site-packages/psycopg2/__init__.py", line 122, in connect
    conn = _connect(dsn, connection_factory=connection_factory, **kwasync)
psycopg2.OperationalError: could not translate host name "host.docker.internal " to address: Name or service not known

[2022-07-31 11:03:19,404] {taskinstance.py:1400} INFO - Marking task as FAILED. dag_id=dag_with_postgres_operator, task_id=create_postgres_table, execution_date=20211229T000000, start_date=20220731T110319, end_date=20220731T110319
[2022-07-31 11:03:19,429] {standard_task_runner.py:97} ERROR - Failed to execute job 1554 for task create_postgres_table (could not translate host name "host.docker.internal " to address: Name or service not known
; 4513)
[2022-07-31 11:03:19,444] {local_task_job.py:156} INFO - Task exited with return code 1
[2022-07-31 11:03:19,502] {local_task_job.py:273} INFO - 0 downstream tasks scheduled from follow-on schedule check
[2022-07-31 13:35:02,046] {taskinstance.py:1159} INFO - Dependencies all met for <TaskInstance: dag_with_postgres_operator.create_postgres_table scheduled__2021-12-29T00:00:00+00:00 [queued]>
[2022-07-31 13:35:02,068] {taskinstance.py:1159} INFO - Dependencies all met for <TaskInstance: dag_with_postgres_operator.create_postgres_table scheduled__2021-12-29T00:00:00+00:00 [queued]>
[2022-07-31 13:35:02,068] {taskinstance.py:1356} INFO - 
--------------------------------------------------------------------------------
[2022-07-31 13:35:02,068] {taskinstance.py:1357} INFO - Starting attempt 6 of 6
[2022-07-31 13:35:02,068] {taskinstance.py:1358} INFO - 
--------------------------------------------------------------------------------
[2022-07-31 13:35:02,092] {taskinstance.py:1377} INFO - Executing <Task(PostgresOperator): create_postgres_table> on 2021-12-29 00:00:00+00:00
[2022-07-31 13:35:02,097] {standard_task_runner.py:52} INFO - Started process 2104 to run task
[2022-07-31 13:35:02,105] {standard_task_runner.py:79} INFO - Running: ['***', 'tasks', 'run', 'dag_with_postgres_operator', 'create_postgres_table', 'scheduled__2021-12-29T00:00:00+00:00', '--job-id', '92', '--raw', '--subdir', 'DAGS_FOLDER/DAGWithPostgresOperator.py', '--cfg-path', '/tmp/tmplnbj9iob', '--error-file', '/tmp/tmpwxjhuzsw']
[2022-07-31 13:35:02,105] {standard_task_runner.py:80} INFO - Job 92: Subtask create_postgres_table
[2022-07-31 13:35:02,207] {task_command.py:369} INFO - Running <TaskInstance: dag_with_postgres_operator.create_postgres_table scheduled__2021-12-29T00:00:00+00:00 [running]> on host 4688dd3b7141
[2022-07-31 13:35:02,321] {taskinstance.py:1571} INFO - Exporting the following env vars:
AIRFLOW_CTX_DAG_OWNER=yosr
AIRFLOW_CTX_DAG_ID=dag_with_postgres_operator
AIRFLOW_CTX_TASK_ID=create_postgres_table
AIRFLOW_CTX_EXECUTION_DATE=2021-12-29T00:00:00+00:00
AIRFLOW_CTX_TRY_NUMBER=6
AIRFLOW_CTX_DAG_RUN_ID=scheduled__2021-12-29T00:00:00+00:00
[2022-07-31 13:35:02,360] {taskinstance.py:1889} ERROR - Task failed with exception
Traceback (most recent call last):
  File "/home/airflow/.local/lib/python3.7/site-packages/airflow/providers/postgres/operators/postgres.py", line 92, in execute
    self.hook.run(self.sql, self.autocommit, parameters=self.parameters)
  File "/home/airflow/.local/lib/python3.7/site-packages/airflow/hooks/dbapi.py", line 181, in run
    with closing(self.get_conn()) as conn:
  File "/home/airflow/.local/lib/python3.7/site-packages/airflow/providers/postgres/hooks/postgres.py", line 86, in get_conn
    conn = deepcopy(self.connection or self.get_connection(conn_id))
  File "/home/airflow/.local/lib/python3.7/site-packages/airflow/hooks/base.py", line 67, in get_connection
    conn = Connection.get_connection_from_secrets(conn_id)
  File "/home/airflow/.local/lib/python3.7/site-packages/airflow/models/connection.py", line 430, in get_connection_from_secrets
    raise AirflowNotFoundException(f"The conn_id `{conn_id}` isn't defined")
airflow.exceptions.AirflowNotFoundException: The conn_id `postgres_localhost` isn't defined
[2022-07-31 13:35:02,366] {taskinstance.py:1400} INFO - Marking task as FAILED. dag_id=dag_with_postgres_operator, task_id=create_postgres_table, execution_date=20211229T000000, start_date=20220731T133502, end_date=20220731T133502
[2022-07-31 13:35:02,383] {standard_task_runner.py:97} ERROR - Failed to execute job 92 for task create_postgres_table (The conn_id `postgres_localhost` isn't defined; 2104)
[2022-07-31 13:35:02,404] {local_task_job.py:156} INFO - Task exited with return code 1
[2022-07-31 13:35:02,455] {local_task_job.py:273} INFO - 0 downstream tasks scheduled from follow-on schedule check
