[2022-07-30 17:38:14,803] {taskinstance.py:1159} INFO - Dependencies all met for <TaskInstance: dag_with_postgres_operator.create_postgres_table scheduled__2021-12-29T00:00:00+00:00 [queued]>
[2022-07-30 17:38:14,833] {taskinstance.py:1159} INFO - Dependencies all met for <TaskInstance: dag_with_postgres_operator.create_postgres_table scheduled__2021-12-29T00:00:00+00:00 [queued]>
[2022-07-30 17:38:14,833] {taskinstance.py:1356} INFO - 
--------------------------------------------------------------------------------
[2022-07-30 17:38:14,833] {taskinstance.py:1357} INFO - Starting attempt 1 of 6
[2022-07-30 17:38:14,833] {taskinstance.py:1358} INFO - 
--------------------------------------------------------------------------------
[2022-07-30 17:38:14,866] {taskinstance.py:1377} INFO - Executing <Task(PostgresOperator): create_postgres_table> on 2021-12-29 00:00:00+00:00
[2022-07-30 17:38:14,871] {standard_task_runner.py:52} INFO - Started process 392 to run task
[2022-07-30 17:38:14,879] {standard_task_runner.py:79} INFO - Running: ['***', 'tasks', 'run', 'dag_with_postgres_operator', 'create_postgres_table', 'scheduled__2021-12-29T00:00:00+00:00', '--job-id', '13', '--raw', '--subdir', 'DAGS_FOLDER/DAGWithPostgresOperator.py', '--cfg-path', '/tmp/tmp_81n68_0', '--error-file', '/tmp/tmp2i42hc9t']
[2022-07-30 17:38:14,879] {standard_task_runner.py:80} INFO - Job 13: Subtask create_postgres_table
[2022-07-30 17:38:15,019] {task_command.py:369} INFO - Running <TaskInstance: dag_with_postgres_operator.create_postgres_table scheduled__2021-12-29T00:00:00+00:00 [running]> on host 66bf18ec08cc
[2022-07-30 17:38:15,194] {taskinstance.py:1571} INFO - Exporting the following env vars:
AIRFLOW_CTX_DAG_OWNER=yosr
AIRFLOW_CTX_DAG_ID=dag_with_postgres_operator
AIRFLOW_CTX_TASK_ID=create_postgres_table
AIRFLOW_CTX_EXECUTION_DATE=2021-12-29T00:00:00+00:00
AIRFLOW_CTX_TRY_NUMBER=1
AIRFLOW_CTX_DAG_RUN_ID=scheduled__2021-12-29T00:00:00+00:00
[2022-07-30 17:38:15,259] {taskinstance.py:1889} ERROR - Task failed with exception
Traceback (most recent call last):
  File "/home/airflow/.local/lib/python3.7/site-packages/airflow/providers/postgres/operators/postgres.py", line 92, in execute
    self.hook.run(self.sql, self.autocommit, parameters=self.parameters)
  File "/home/airflow/.local/lib/python3.7/site-packages/airflow/hooks/dbapi.py", line 181, in run
    with closing(self.get_conn()) as conn:
  File "/home/airflow/.local/lib/python3.7/site-packages/airflow/providers/postgres/hooks/postgres.py", line 86, in get_conn
    conn = deepcopy(self.connection or self.get_connection(conn_id))
  File "/home/airflow/.local/lib/python3.7/site-packages/airflow/hooks/base.py", line 67, in get_connection
    conn = Connection.get_connection_from_secrets(conn_id)
  File "/home/airflow/.local/lib/python3.7/site-packages/airflow/models/connection.py", line 430, in get_connection_from_secrets
    raise AirflowNotFoundException(f"The conn_id `{conn_id}` isn't defined")
airflow.exceptions.AirflowNotFoundException: The conn_id `postgres_localhost` isn't defined
[2022-07-30 17:38:15,270] {taskinstance.py:1400} INFO - Marking task as UP_FOR_RETRY. dag_id=dag_with_postgres_operator, task_id=create_postgres_table, execution_date=20211229T000000, start_date=20220730T173814, end_date=20220730T173815
[2022-07-30 17:38:15,293] {standard_task_runner.py:97} ERROR - Failed to execute job 13 for task create_postgres_table (The conn_id `postgres_localhost` isn't defined; 392)
[2022-07-30 17:38:15,321] {local_task_job.py:156} INFO - Task exited with return code 1
[2022-07-30 17:38:15,427] {local_task_job.py:273} INFO - 0 downstream tasks scheduled from follow-on schedule check
[2022-07-30 23:44:47,979] {taskinstance.py:1159} INFO - Dependencies all met for <TaskInstance: dag_with_postgres_operator.create_postgres_table scheduled__2021-12-29T00:00:00+00:00 [queued]>
[2022-07-30 23:44:48,003] {taskinstance.py:1159} INFO - Dependencies all met for <TaskInstance: dag_with_postgres_operator.create_postgres_table scheduled__2021-12-29T00:00:00+00:00 [queued]>
[2022-07-30 23:44:48,003] {taskinstance.py:1356} INFO - 
--------------------------------------------------------------------------------
[2022-07-30 23:44:48,004] {taskinstance.py:1357} INFO - Starting attempt 1 of 6
[2022-07-30 23:44:48,004] {taskinstance.py:1358} INFO - 
--------------------------------------------------------------------------------
[2022-07-30 23:44:48,029] {taskinstance.py:1377} INFO - Executing <Task(PostgresOperator): create_postgres_table> on 2021-12-29 00:00:00+00:00
[2022-07-30 23:44:48,034] {standard_task_runner.py:52} INFO - Started process 4312 to run task
[2022-07-30 23:44:48,038] {standard_task_runner.py:79} INFO - Running: ['***', 'tasks', 'run', 'dag_with_postgres_operator', 'create_postgres_table', 'scheduled__2021-12-29T00:00:00+00:00', '--job-id', '1021', '--raw', '--subdir', 'DAGS_FOLDER/DAGWithPostgresOperator.py', '--cfg-path', '/tmp/tmpcgrbgus9', '--error-file', '/tmp/tmprldl51r_']
[2022-07-30 23:44:48,038] {standard_task_runner.py:80} INFO - Job 1021: Subtask create_postgres_table
[2022-07-30 23:44:48,107] {task_command.py:369} INFO - Running <TaskInstance: dag_with_postgres_operator.create_postgres_table scheduled__2021-12-29T00:00:00+00:00 [running]> on host 66bf18ec08cc
[2022-07-30 23:44:48,204] {taskinstance.py:1571} INFO - Exporting the following env vars:
AIRFLOW_CTX_DAG_OWNER=yosr
AIRFLOW_CTX_DAG_ID=dag_with_postgres_operator
AIRFLOW_CTX_TASK_ID=create_postgres_table
AIRFLOW_CTX_EXECUTION_DATE=2021-12-29T00:00:00+00:00
AIRFLOW_CTX_TRY_NUMBER=1
AIRFLOW_CTX_DAG_RUN_ID=scheduled__2021-12-29T00:00:00+00:00
[2022-07-30 23:44:48,218] {base.py:68} INFO - Using connection ID 'postgres_localhost' for task execution.
[2022-07-30 23:44:48,219] {taskinstance.py:1889} ERROR - Task failed with exception
Traceback (most recent call last):
  File "/home/airflow/.local/lib/python3.7/site-packages/airflow/providers/postgres/operators/postgres.py", line 92, in execute
    self.hook.run(self.sql, self.autocommit, parameters=self.parameters)
  File "/home/airflow/.local/lib/python3.7/site-packages/airflow/hooks/dbapi.py", line 181, in run
    with closing(self.get_conn()) as conn:
  File "/home/airflow/.local/lib/python3.7/site-packages/airflow/providers/postgres/hooks/postgres.py", line 113, in get_conn
    self.conn = psycopg2.connect(**conn_args)
  File "/home/airflow/.local/lib/python3.7/site-packages/psycopg2/__init__.py", line 122, in connect
    conn = _connect(dsn, connection_factory=connection_factory, **kwasync)
psycopg2.OperationalError: could not translate host name "host.docker.local " to address: Name or service not known

[2022-07-30 23:44:48,233] {taskinstance.py:1400} INFO - Marking task as UP_FOR_RETRY. dag_id=dag_with_postgres_operator, task_id=create_postgres_table, execution_date=20211229T000000, start_date=20220730T234447, end_date=20220730T234448
[2022-07-30 23:44:48,248] {standard_task_runner.py:97} ERROR - Failed to execute job 1021 for task create_postgres_table (could not translate host name "host.docker.local " to address: Name or service not known
; 4312)
[2022-07-30 23:44:48,256] {local_task_job.py:156} INFO - Task exited with return code 1
[2022-07-30 23:44:48,306] {local_task_job.py:273} INFO - 0 downstream tasks scheduled from follow-on schedule check
[2022-07-31 10:26:03,476] {taskinstance.py:1159} INFO - Dependencies all met for <TaskInstance: dag_with_postgres_operator.create_postgres_table scheduled__2021-12-29T00:00:00+00:00 [queued]>
[2022-07-31 10:26:03,494] {taskinstance.py:1159} INFO - Dependencies all met for <TaskInstance: dag_with_postgres_operator.create_postgres_table scheduled__2021-12-29T00:00:00+00:00 [queued]>
[2022-07-31 10:26:03,495] {taskinstance.py:1356} INFO - 
--------------------------------------------------------------------------------
[2022-07-31 10:26:03,496] {taskinstance.py:1357} INFO - Starting attempt 1 of 6
[2022-07-31 10:26:03,496] {taskinstance.py:1358} INFO - 
--------------------------------------------------------------------------------
[2022-07-31 10:26:03,516] {taskinstance.py:1377} INFO - Executing <Task(PostgresOperator): create_postgres_table> on 2021-12-29 00:00:00+00:00
[2022-07-31 10:26:03,520] {standard_task_runner.py:52} INFO - Started process 2530 to run task
[2022-07-31 10:26:03,524] {standard_task_runner.py:79} INFO - Running: ['***', 'tasks', 'run', 'dag_with_postgres_operator', 'create_postgres_table', 'scheduled__2021-12-29T00:00:00+00:00', '--job-id', '1423', '--raw', '--subdir', 'DAGS_FOLDER/DAGWithPostgresOperator.py', '--cfg-path', '/tmp/tmpj9hyrqwn', '--error-file', '/tmp/tmput_8lq5w']
[2022-07-31 10:26:03,525] {standard_task_runner.py:80} INFO - Job 1423: Subtask create_postgres_table
[2022-07-31 10:26:03,593] {task_command.py:369} INFO - Running <TaskInstance: dag_with_postgres_operator.create_postgres_table scheduled__2021-12-29T00:00:00+00:00 [running]> on host 66bf18ec08cc
[2022-07-31 10:26:03,683] {taskinstance.py:1571} INFO - Exporting the following env vars:
AIRFLOW_CTX_DAG_OWNER=yosr
AIRFLOW_CTX_DAG_ID=dag_with_postgres_operator
AIRFLOW_CTX_TASK_ID=create_postgres_table
AIRFLOW_CTX_EXECUTION_DATE=2021-12-29T00:00:00+00:00
AIRFLOW_CTX_TRY_NUMBER=1
AIRFLOW_CTX_DAG_RUN_ID=scheduled__2021-12-29T00:00:00+00:00
[2022-07-31 10:26:03,695] {base.py:68} INFO - Using connection ID 'postgres_localhost' for task execution.
[2022-07-31 10:26:03,696] {taskinstance.py:1889} ERROR - Task failed with exception
Traceback (most recent call last):
  File "/home/airflow/.local/lib/python3.7/site-packages/airflow/providers/postgres/operators/postgres.py", line 92, in execute
    self.hook.run(self.sql, self.autocommit, parameters=self.parameters)
  File "/home/airflow/.local/lib/python3.7/site-packages/airflow/hooks/dbapi.py", line 181, in run
    with closing(self.get_conn()) as conn:
  File "/home/airflow/.local/lib/python3.7/site-packages/airflow/providers/postgres/hooks/postgres.py", line 113, in get_conn
    self.conn = psycopg2.connect(**conn_args)
  File "/home/airflow/.local/lib/python3.7/site-packages/psycopg2/__init__.py", line 122, in connect
    conn = _connect(dsn, connection_factory=connection_factory, **kwasync)
psycopg2.OperationalError: could not translate host name "host.docker.local " to address: Name or service not known

[2022-07-31 10:26:03,708] {taskinstance.py:1400} INFO - Marking task as UP_FOR_RETRY. dag_id=dag_with_postgres_operator, task_id=create_postgres_table, execution_date=20211229T000000, start_date=20220731T102603, end_date=20220731T102603
[2022-07-31 10:26:03,729] {standard_task_runner.py:97} ERROR - Failed to execute job 1423 for task create_postgres_table (could not translate host name "host.docker.local " to address: Name or service not known
; 2530)
[2022-07-31 10:26:03,742] {local_task_job.py:156} INFO - Task exited with return code 1
[2022-07-31 10:26:03,812] {local_task_job.py:273} INFO - 0 downstream tasks scheduled from follow-on schedule check
[2022-07-31 10:38:12,438] {taskinstance.py:1159} INFO - Dependencies all met for <TaskInstance: dag_with_postgres_operator.create_postgres_table scheduled__2021-12-29T00:00:00+00:00 [queued]>
[2022-07-31 10:38:12,459] {taskinstance.py:1159} INFO - Dependencies all met for <TaskInstance: dag_with_postgres_operator.create_postgres_table scheduled__2021-12-29T00:00:00+00:00 [queued]>
[2022-07-31 10:38:12,459] {taskinstance.py:1356} INFO - 
--------------------------------------------------------------------------------
[2022-07-31 10:38:12,459] {taskinstance.py:1357} INFO - Starting attempt 1 of 6
[2022-07-31 10:38:12,459] {taskinstance.py:1358} INFO - 
--------------------------------------------------------------------------------
[2022-07-31 10:38:12,487] {taskinstance.py:1377} INFO - Executing <Task(PostgresOperator): create_postgres_table> on 2021-12-29 00:00:00+00:00
[2022-07-31 10:38:12,493] {standard_task_runner.py:52} INFO - Started process 3185 to run task
[2022-07-31 10:38:12,497] {standard_task_runner.py:79} INFO - Running: ['***', 'tasks', 'run', 'dag_with_postgres_operator', 'create_postgres_table', 'scheduled__2021-12-29T00:00:00+00:00', '--job-id', '1471', '--raw', '--subdir', 'DAGS_FOLDER/DAGWithPostgresOperator.py', '--cfg-path', '/tmp/tmp5kowcdhi', '--error-file', '/tmp/tmpqy076ooz']
[2022-07-31 10:38:12,497] {standard_task_runner.py:80} INFO - Job 1471: Subtask create_postgres_table
[2022-07-31 10:38:12,583] {task_command.py:369} INFO - Running <TaskInstance: dag_with_postgres_operator.create_postgres_table scheduled__2021-12-29T00:00:00+00:00 [running]> on host 66bf18ec08cc
[2022-07-31 10:38:12,680] {taskinstance.py:1571} INFO - Exporting the following env vars:
AIRFLOW_CTX_DAG_OWNER=yosr
AIRFLOW_CTX_DAG_ID=dag_with_postgres_operator
AIRFLOW_CTX_TASK_ID=create_postgres_table
AIRFLOW_CTX_EXECUTION_DATE=2021-12-29T00:00:00+00:00
AIRFLOW_CTX_TRY_NUMBER=1
AIRFLOW_CTX_DAG_RUN_ID=scheduled__2021-12-29T00:00:00+00:00
[2022-07-31 10:38:12,693] {base.py:68} INFO - Using connection ID 'postgres_localhost' for task execution.
[2022-07-31 10:38:12,694] {taskinstance.py:1889} ERROR - Task failed with exception
Traceback (most recent call last):
  File "/home/airflow/.local/lib/python3.7/site-packages/airflow/providers/postgres/operators/postgres.py", line 92, in execute
    self.hook.run(self.sql, self.autocommit, parameters=self.parameters)
  File "/home/airflow/.local/lib/python3.7/site-packages/airflow/hooks/dbapi.py", line 181, in run
    with closing(self.get_conn()) as conn:
  File "/home/airflow/.local/lib/python3.7/site-packages/airflow/providers/postgres/hooks/postgres.py", line 113, in get_conn
    self.conn = psycopg2.connect(**conn_args)
  File "/home/airflow/.local/lib/python3.7/site-packages/psycopg2/__init__.py", line 122, in connect
    conn = _connect(dsn, connection_factory=connection_factory, **kwasync)
psycopg2.OperationalError: could not translate host name "host.docker.internal " to address: Name or service not known

[2022-07-31 10:38:12,708] {taskinstance.py:1400} INFO - Marking task as UP_FOR_RETRY. dag_id=dag_with_postgres_operator, task_id=create_postgres_table, execution_date=20211229T000000, start_date=20220731T103812, end_date=20220731T103812
[2022-07-31 10:38:12,724] {standard_task_runner.py:97} ERROR - Failed to execute job 1471 for task create_postgres_table (could not translate host name "host.docker.internal " to address: Name or service not known
; 3185)
[2022-07-31 10:38:12,756] {local_task_job.py:156} INFO - Task exited with return code 1
[2022-07-31 10:38:12,810] {local_task_job.py:273} INFO - 0 downstream tasks scheduled from follow-on schedule check
[2022-07-31 13:09:56,985] {taskinstance.py:1159} INFO - Dependencies all met for <TaskInstance: dag_with_postgres_operator.create_postgres_table scheduled__2021-12-29T00:00:00+00:00 [queued]>
[2022-07-31 13:09:57,006] {taskinstance.py:1159} INFO - Dependencies all met for <TaskInstance: dag_with_postgres_operator.create_postgres_table scheduled__2021-12-29T00:00:00+00:00 [queued]>
[2022-07-31 13:09:57,006] {taskinstance.py:1356} INFO - 
--------------------------------------------------------------------------------
[2022-07-31 13:09:57,006] {taskinstance.py:1357} INFO - Starting attempt 1 of 6
[2022-07-31 13:09:57,006] {taskinstance.py:1358} INFO - 
--------------------------------------------------------------------------------
[2022-07-31 13:09:57,027] {taskinstance.py:1377} INFO - Executing <Task(PostgresOperator): create_postgres_table> on 2021-12-29 00:00:00+00:00
[2022-07-31 13:09:57,031] {standard_task_runner.py:52} INFO - Started process 785 to run task
[2022-07-31 13:09:57,035] {standard_task_runner.py:79} INFO - Running: ['***', 'tasks', 'run', 'dag_with_postgres_operator', 'create_postgres_table', 'scheduled__2021-12-29T00:00:00+00:00', '--job-id', '13', '--raw', '--subdir', 'DAGS_FOLDER/DAGWithPostgresOperator.py', '--cfg-path', '/tmp/tmpw_iuv3m6', '--error-file', '/tmp/tmpagt6cjlq']
[2022-07-31 13:09:57,035] {standard_task_runner.py:80} INFO - Job 13: Subtask create_postgres_table
[2022-07-31 13:09:57,116] {task_command.py:369} INFO - Running <TaskInstance: dag_with_postgres_operator.create_postgres_table scheduled__2021-12-29T00:00:00+00:00 [running]> on host 4688dd3b7141
[2022-07-31 13:09:57,227] {taskinstance.py:1571} INFO - Exporting the following env vars:
AIRFLOW_CTX_DAG_OWNER=yosr
AIRFLOW_CTX_DAG_ID=dag_with_postgres_operator
AIRFLOW_CTX_TASK_ID=create_postgres_table
AIRFLOW_CTX_EXECUTION_DATE=2021-12-29T00:00:00+00:00
AIRFLOW_CTX_TRY_NUMBER=1
AIRFLOW_CTX_DAG_RUN_ID=scheduled__2021-12-29T00:00:00+00:00
[2022-07-31 13:09:57,266] {taskinstance.py:1889} ERROR - Task failed with exception
Traceback (most recent call last):
  File "/home/airflow/.local/lib/python3.7/site-packages/airflow/providers/postgres/operators/postgres.py", line 92, in execute
    self.hook.run(self.sql, self.autocommit, parameters=self.parameters)
  File "/home/airflow/.local/lib/python3.7/site-packages/airflow/hooks/dbapi.py", line 181, in run
    with closing(self.get_conn()) as conn:
  File "/home/airflow/.local/lib/python3.7/site-packages/airflow/providers/postgres/hooks/postgres.py", line 86, in get_conn
    conn = deepcopy(self.connection or self.get_connection(conn_id))
  File "/home/airflow/.local/lib/python3.7/site-packages/airflow/hooks/base.py", line 67, in get_connection
    conn = Connection.get_connection_from_secrets(conn_id)
  File "/home/airflow/.local/lib/python3.7/site-packages/airflow/models/connection.py", line 430, in get_connection_from_secrets
    raise AirflowNotFoundException(f"The conn_id `{conn_id}` isn't defined")
airflow.exceptions.AirflowNotFoundException: The conn_id `postgres_localhost` isn't defined
[2022-07-31 13:09:57,271] {taskinstance.py:1400} INFO - Marking task as UP_FOR_RETRY. dag_id=dag_with_postgres_operator, task_id=create_postgres_table, execution_date=20211229T000000, start_date=20220731T130956, end_date=20220731T130957
[2022-07-31 13:09:57,291] {standard_task_runner.py:97} ERROR - Failed to execute job 13 for task create_postgres_table (The conn_id `postgres_localhost` isn't defined; 785)
[2022-07-31 13:09:57,335] {local_task_job.py:156} INFO - Task exited with return code 1
[2022-07-31 13:09:57,384] {local_task_job.py:273} INFO - 0 downstream tasks scheduled from follow-on schedule check
