[2022-07-29 11:56:40,548] {taskinstance.py:1159} INFO - Dependencies all met for <TaskInstance: dag_with_taskflow_api.greet scheduled__2021-12-24T00:00:00+00:00 [queued]>
[2022-07-29 11:56:40,563] {taskinstance.py:1159} INFO - Dependencies all met for <TaskInstance: dag_with_taskflow_api.greet scheduled__2021-12-24T00:00:00+00:00 [queued]>
[2022-07-29 11:56:40,563] {taskinstance.py:1356} INFO - 
--------------------------------------------------------------------------------
[2022-07-29 11:56:40,564] {taskinstance.py:1357} INFO - Starting attempt 1 of 6
[2022-07-29 11:56:40,564] {taskinstance.py:1358} INFO - 
--------------------------------------------------------------------------------
[2022-07-29 11:56:40,583] {taskinstance.py:1377} INFO - Executing <Task(_PythonDecoratedOperator): greet> on 2021-12-24 00:00:00+00:00
[2022-07-29 11:56:40,588] {standard_task_runner.py:52} INFO - Started process 8522 to run task
[2022-07-29 11:56:40,591] {standard_task_runner.py:79} INFO - Running: ['***', 'tasks', 'run', 'dag_with_taskflow_api', 'greet', 'scheduled__2021-12-24T00:00:00+00:00', '--job-id', '1475', '--raw', '--subdir', 'DAGS_FOLDER/DagWithTaskflowApi.py', '--cfg-path', '/tmp/tmp7uqpve9m', '--error-file', '/tmp/tmpr9e8shvp']
[2022-07-29 11:56:40,592] {standard_task_runner.py:80} INFO - Job 1475: Subtask greet
[2022-07-29 11:56:40,682] {task_command.py:369} INFO - Running <TaskInstance: dag_with_taskflow_api.greet scheduled__2021-12-24T00:00:00+00:00 [running]> on host 9f0f006fc89d
[2022-07-29 11:56:40,890] {taskinstance.py:1571} INFO - Exporting the following env vars:
AIRFLOW_CTX_DAG_OWNER=yosr
AIRFLOW_CTX_DAG_ID=dag_with_taskflow_api
AIRFLOW_CTX_TASK_ID=greet
AIRFLOW_CTX_EXECUTION_DATE=2021-12-24T00:00:00+00:00
AIRFLOW_CTX_TRY_NUMBER=1
AIRFLOW_CTX_DAG_RUN_ID=scheduled__2021-12-24T00:00:00+00:00
[2022-07-29 11:56:40,892] {logging_mixin.py:115} INFO - Hello World! My name is yosr hb and I am 22 years old!
[2022-07-29 11:56:40,892] {python.py:173} INFO - Done. Returned value was: None
[2022-07-29 11:56:40,920] {taskinstance.py:1400} INFO - Marking task as SUCCESS. dag_id=dag_with_taskflow_api, task_id=greet, execution_date=20211224T000000, start_date=20220729T115640, end_date=20220729T115640
[2022-07-29 11:56:40,962] {local_task_job.py:156} INFO - Task exited with return code 0
[2022-07-29 11:56:41,049] {local_task_job.py:273} INFO - 0 downstream tasks scheduled from follow-on schedule check
