[2022-07-29 11:42:48,401] {taskinstance.py:1159} INFO - Dependencies all met for <TaskInstance: dag_with_python_operator.greet scheduled__2022-02-03T00:00:00+00:00 [queued]>
[2022-07-29 11:42:48,419] {taskinstance.py:1159} INFO - Dependencies all met for <TaskInstance: dag_with_python_operator.greet scheduled__2022-02-03T00:00:00+00:00 [queued]>
[2022-07-29 11:42:48,419] {taskinstance.py:1356} INFO - 
--------------------------------------------------------------------------------
[2022-07-29 11:42:48,420] {taskinstance.py:1357} INFO - Starting attempt 1 of 6
[2022-07-29 11:42:48,420] {taskinstance.py:1358} INFO - 
--------------------------------------------------------------------------------
[2022-07-29 11:42:48,446] {taskinstance.py:1377} INFO - Executing <Task(PythonOperator): greet> on 2022-02-03 00:00:00+00:00
[2022-07-29 11:42:48,452] {standard_task_runner.py:52} INFO - Started process 6493 to run task
[2022-07-29 11:42:48,469] {standard_task_runner.py:79} INFO - Running: ['***', 'tasks', 'run', 'dag_with_python_operator', 'greet', 'scheduled__2022-02-03T00:00:00+00:00', '--job-id', '772', '--raw', '--subdir', 'DAGS_FOLDER/CreateDagWithPythonOperator.py', '--cfg-path', '/tmp/tmp8enx_mgv', '--error-file', '/tmp/tmp0p4zl34o']
[2022-07-29 11:42:48,469] {standard_task_runner.py:80} INFO - Job 772: Subtask greet
[2022-07-29 11:42:48,589] {task_command.py:369} INFO - Running <TaskInstance: dag_with_python_operator.greet scheduled__2022-02-03T00:00:00+00:00 [running]> on host 9f0f006fc89d
[2022-07-29 11:42:48,784] {taskinstance.py:1571} INFO - Exporting the following env vars:
AIRFLOW_CTX_DAG_OWNER=yosr
AIRFLOW_CTX_DAG_ID=dag_with_python_operator
AIRFLOW_CTX_TASK_ID=greet
AIRFLOW_CTX_EXECUTION_DATE=2022-02-03T00:00:00+00:00
AIRFLOW_CTX_TRY_NUMBER=1
AIRFLOW_CTX_DAG_RUN_ID=scheduled__2022-02-03T00:00:00+00:00
[2022-07-29 11:42:48,785] {logging_mixin.py:115} INFO - some dict:  {'a': 1, 'b': 2}
[2022-07-29 11:42:48,834] {logging_mixin.py:115} INFO - Hello World! My name is yosr hb, and I am 22 years old!
[2022-07-29 11:42:48,834] {python.py:173} INFO - Done. Returned value was: None
[2022-07-29 11:42:48,884] {taskinstance.py:1400} INFO - Marking task as SUCCESS. dag_id=dag_with_python_operator, task_id=greet, execution_date=20220203T000000, start_date=20220729T114248, end_date=20220729T114248
[2022-07-29 11:42:48,932] {local_task_job.py:156} INFO - Task exited with return code 0
[2022-07-29 11:42:48,995] {local_task_job.py:273} INFO - 0 downstream tasks scheduled from follow-on schedule check
