[2022-07-30 18:54:18,333] {taskinstance.py:1159} INFO - Dependencies all met for <TaskInstance: dag_with_postgres_operator.create_postgres_table scheduled__2022-02-15T00:00:00+00:00 [queued]>
[2022-07-30 18:54:18,350] {taskinstance.py:1159} INFO - Dependencies all met for <TaskInstance: dag_with_postgres_operator.create_postgres_table scheduled__2022-02-15T00:00:00+00:00 [queued]>
[2022-07-30 18:54:18,351] {taskinstance.py:1356} INFO - 
--------------------------------------------------------------------------------
[2022-07-30 18:54:18,351] {taskinstance.py:1357} INFO - Starting attempt 1 of 6
[2022-07-30 18:54:18,351] {taskinstance.py:1358} INFO - 
--------------------------------------------------------------------------------
[2022-07-30 18:54:18,377] {taskinstance.py:1377} INFO - Executing <Task(PostgresOperator): create_postgres_table> on 2022-02-15 00:00:00+00:00
[2022-07-30 18:54:18,383] {standard_task_runner.py:52} INFO - Started process 4471 to run task
[2022-07-30 18:54:18,387] {standard_task_runner.py:79} INFO - Running: ['***', 'tasks', 'run', 'dag_with_postgres_operator', 'create_postgres_table', 'scheduled__2022-02-15T00:00:00+00:00', '--job-id', '301', '--raw', '--subdir', 'DAGS_FOLDER/DAGWithPostgresOperator.py', '--cfg-path', '/tmp/tmplc772xut', '--error-file', '/tmp/tmpmvxaduj6']
[2022-07-30 18:54:18,388] {standard_task_runner.py:80} INFO - Job 301: Subtask create_postgres_table
[2022-07-30 18:54:18,474] {task_command.py:369} INFO - Running <TaskInstance: dag_with_postgres_operator.create_postgres_table scheduled__2022-02-15T00:00:00+00:00 [running]> on host 66bf18ec08cc
[2022-07-30 18:54:18,576] {taskinstance.py:1571} INFO - Exporting the following env vars:
AIRFLOW_CTX_DAG_OWNER=yosr
AIRFLOW_CTX_DAG_ID=dag_with_postgres_operator
AIRFLOW_CTX_TASK_ID=create_postgres_table
AIRFLOW_CTX_EXECUTION_DATE=2022-02-15T00:00:00+00:00
AIRFLOW_CTX_TRY_NUMBER=1
AIRFLOW_CTX_DAG_RUN_ID=scheduled__2022-02-15T00:00:00+00:00
[2022-07-30 18:54:18,594] {base.py:68} INFO - Using connection ID 'postgres_localhost' for task execution.
[2022-07-30 18:54:18,596] {taskinstance.py:1889} ERROR - Task failed with exception
Traceback (most recent call last):
  File "/home/airflow/.local/lib/python3.7/site-packages/airflow/providers/postgres/operators/postgres.py", line 92, in execute
    self.hook.run(self.sql, self.autocommit, parameters=self.parameters)
  File "/home/airflow/.local/lib/python3.7/site-packages/airflow/hooks/dbapi.py", line 181, in run
    with closing(self.get_conn()) as conn:
  File "/home/airflow/.local/lib/python3.7/site-packages/airflow/providers/postgres/hooks/postgres.py", line 113, in get_conn
    self.conn = psycopg2.connect(**conn_args)
  File "/home/airflow/.local/lib/python3.7/site-packages/psycopg2/__init__.py", line 122, in connect
    conn = _connect(dsn, connection_factory=connection_factory, **kwasync)
psycopg2.OperationalError: could not translate host name "host.docker.internal " to address: Name or service not known

[2022-07-30 18:54:18,608] {taskinstance.py:1400} INFO - Marking task as UP_FOR_RETRY. dag_id=dag_with_postgres_operator, task_id=create_postgres_table, execution_date=20220215T000000, start_date=20220730T185418, end_date=20220730T185418
[2022-07-30 18:54:18,635] {standard_task_runner.py:97} ERROR - Failed to execute job 301 for task create_postgres_table (could not translate host name "host.docker.internal " to address: Name or service not known
; 4471)
[2022-07-30 18:54:18,685] {local_task_job.py:156} INFO - Task exited with return code 1
[2022-07-30 18:54:18,753] {local_task_job.py:273} INFO - 0 downstream tasks scheduled from follow-on schedule check
[2022-07-31 09:56:34,049] {taskinstance.py:1159} INFO - Dependencies all met for <TaskInstance: dag_with_postgres_operator.create_postgres_table scheduled__2022-02-15T00:00:00+00:00 [queued]>
[2022-07-31 09:56:34,067] {taskinstance.py:1159} INFO - Dependencies all met for <TaskInstance: dag_with_postgres_operator.create_postgres_table scheduled__2022-02-15T00:00:00+00:00 [queued]>
[2022-07-31 09:56:34,067] {taskinstance.py:1356} INFO - 
--------------------------------------------------------------------------------
[2022-07-31 09:56:34,067] {taskinstance.py:1357} INFO - Starting attempt 1 of 6
[2022-07-31 09:56:34,067] {taskinstance.py:1358} INFO - 
--------------------------------------------------------------------------------
[2022-07-31 09:56:34,090] {taskinstance.py:1377} INFO - Executing <Task(PostgresOperator): create_postgres_table> on 2022-02-15 00:00:00+00:00
[2022-07-31 09:56:34,094] {standard_task_runner.py:52} INFO - Started process 953 to run task
[2022-07-31 09:56:34,098] {standard_task_runner.py:79} INFO - Running: ['***', 'tasks', 'run', 'dag_with_postgres_operator', 'create_postgres_table', 'scheduled__2022-02-15T00:00:00+00:00', '--job-id', '1311', '--raw', '--subdir', 'DAGS_FOLDER/DAGWithPostgresOperator.py', '--cfg-path', '/tmp/tmp6vobavh_', '--error-file', '/tmp/tmp5ggzdr8j']
[2022-07-31 09:56:34,098] {standard_task_runner.py:80} INFO - Job 1311: Subtask create_postgres_table
[2022-07-31 09:56:34,182] {task_command.py:369} INFO - Running <TaskInstance: dag_with_postgres_operator.create_postgres_table scheduled__2022-02-15T00:00:00+00:00 [running]> on host 66bf18ec08cc
[2022-07-31 09:56:34,304] {taskinstance.py:1571} INFO - Exporting the following env vars:
AIRFLOW_CTX_DAG_OWNER=yosr
AIRFLOW_CTX_DAG_ID=dag_with_postgres_operator
AIRFLOW_CTX_TASK_ID=create_postgres_table
AIRFLOW_CTX_EXECUTION_DATE=2022-02-15T00:00:00+00:00
AIRFLOW_CTX_TRY_NUMBER=1
AIRFLOW_CTX_DAG_RUN_ID=scheduled__2022-02-15T00:00:00+00:00
[2022-07-31 09:56:34,317] {base.py:68} INFO - Using connection ID 'postgres_localhost' for task execution.
[2022-07-31 09:56:34,318] {taskinstance.py:1889} ERROR - Task failed with exception
Traceback (most recent call last):
  File "/home/airflow/.local/lib/python3.7/site-packages/airflow/providers/postgres/operators/postgres.py", line 92, in execute
    self.hook.run(self.sql, self.autocommit, parameters=self.parameters)
  File "/home/airflow/.local/lib/python3.7/site-packages/airflow/hooks/dbapi.py", line 181, in run
    with closing(self.get_conn()) as conn:
  File "/home/airflow/.local/lib/python3.7/site-packages/airflow/providers/postgres/hooks/postgres.py", line 113, in get_conn
    self.conn = psycopg2.connect(**conn_args)
  File "/home/airflow/.local/lib/python3.7/site-packages/psycopg2/__init__.py", line 122, in connect
    conn = _connect(dsn, connection_factory=connection_factory, **kwasync)
psycopg2.OperationalError: could not translate host name "host.docker.local " to address: Name or service not known

[2022-07-31 09:56:34,328] {taskinstance.py:1400} INFO - Marking task as UP_FOR_RETRY. dag_id=dag_with_postgres_operator, task_id=create_postgres_table, execution_date=20220215T000000, start_date=20220731T095634, end_date=20220731T095634
[2022-07-31 09:56:34,348] {standard_task_runner.py:97} ERROR - Failed to execute job 1311 for task create_postgres_table (could not translate host name "host.docker.local " to address: Name or service not known
; 953)
[2022-07-31 09:56:34,361] {local_task_job.py:156} INFO - Task exited with return code 1
[2022-07-31 09:56:34,438] {local_task_job.py:273} INFO - 0 downstream tasks scheduled from follow-on schedule check
[2022-07-31 14:25:37,009] {taskinstance.py:1159} INFO - Dependencies all met for <TaskInstance: dag_with_postgres_operator.create_postgres_table scheduled__2022-02-15T00:00:00+00:00 [queued]>
[2022-07-31 14:25:37,028] {taskinstance.py:1159} INFO - Dependencies all met for <TaskInstance: dag_with_postgres_operator.create_postgres_table scheduled__2022-02-15T00:00:00+00:00 [queued]>
[2022-07-31 14:25:37,028] {taskinstance.py:1356} INFO - 
--------------------------------------------------------------------------------
[2022-07-31 14:25:37,028] {taskinstance.py:1357} INFO - Starting attempt 1 of 6
[2022-07-31 14:25:37,029] {taskinstance.py:1358} INFO - 
--------------------------------------------------------------------------------
[2022-07-31 14:25:37,050] {taskinstance.py:1377} INFO - Executing <Task(PostgresOperator): create_postgres_table> on 2022-02-15 00:00:00+00:00
[2022-07-31 14:25:37,055] {standard_task_runner.py:52} INFO - Started process 4862 to run task
[2022-07-31 14:25:37,058] {standard_task_runner.py:79} INFO - Running: ['***', 'tasks', 'run', 'dag_with_postgres_operator', 'create_postgres_table', 'scheduled__2022-02-15T00:00:00+00:00', '--job-id', '301', '--raw', '--subdir', 'DAGS_FOLDER/DAGWithPostgresOperator.py', '--cfg-path', '/tmp/tmpe00przzk', '--error-file', '/tmp/tmpllg01dr5']
[2022-07-31 14:25:37,058] {standard_task_runner.py:80} INFO - Job 301: Subtask create_postgres_table
[2022-07-31 14:25:37,143] {task_command.py:369} INFO - Running <TaskInstance: dag_with_postgres_operator.create_postgres_table scheduled__2022-02-15T00:00:00+00:00 [running]> on host 4688dd3b7141
[2022-07-31 14:25:37,265] {taskinstance.py:1571} INFO - Exporting the following env vars:
AIRFLOW_CTX_DAG_OWNER=yosr
AIRFLOW_CTX_DAG_ID=dag_with_postgres_operator
AIRFLOW_CTX_TASK_ID=create_postgres_table
AIRFLOW_CTX_EXECUTION_DATE=2022-02-15T00:00:00+00:00
AIRFLOW_CTX_TRY_NUMBER=1
AIRFLOW_CTX_DAG_RUN_ID=scheduled__2022-02-15T00:00:00+00:00
[2022-07-31 14:25:37,335] {taskinstance.py:1889} ERROR - Task failed with exception
Traceback (most recent call last):
  File "/home/airflow/.local/lib/python3.7/site-packages/airflow/providers/postgres/operators/postgres.py", line 92, in execute
    self.hook.run(self.sql, self.autocommit, parameters=self.parameters)
  File "/home/airflow/.local/lib/python3.7/site-packages/airflow/hooks/dbapi.py", line 181, in run
    with closing(self.get_conn()) as conn:
  File "/home/airflow/.local/lib/python3.7/site-packages/airflow/providers/postgres/hooks/postgres.py", line 86, in get_conn
    conn = deepcopy(self.connection or self.get_connection(conn_id))
  File "/home/airflow/.local/lib/python3.7/site-packages/airflow/hooks/base.py", line 67, in get_connection
    conn = Connection.get_connection_from_secrets(conn_id)
  File "/home/airflow/.local/lib/python3.7/site-packages/airflow/models/connection.py", line 430, in get_connection_from_secrets
    raise AirflowNotFoundException(f"The conn_id `{conn_id}` isn't defined")
airflow.exceptions.AirflowNotFoundException: The conn_id `postgres_localhost` isn't defined
[2022-07-31 14:25:37,340] {taskinstance.py:1400} INFO - Marking task as UP_FOR_RETRY. dag_id=dag_with_postgres_operator, task_id=create_postgres_table, execution_date=20220215T000000, start_date=20220731T142537, end_date=20220731T142537
[2022-07-31 14:25:37,360] {standard_task_runner.py:97} ERROR - Failed to execute job 301 for task create_postgres_table (The conn_id `postgres_localhost` isn't defined; 4862)
[2022-07-31 14:25:37,399] {local_task_job.py:156} INFO - Task exited with return code 1
[2022-07-31 14:25:37,451] {local_task_job.py:273} INFO - 0 downstream tasks scheduled from follow-on schedule check
