[2022-07-30 19:14:23,298] {taskinstance.py:1159} INFO - Dependencies all met for <TaskInstance: dag_with_postgres_operator.create_postgres_table scheduled__2022-02-15T00:00:00+00:00 [queued]>
[2022-07-30 19:14:23,313] {taskinstance.py:1159} INFO - Dependencies all met for <TaskInstance: dag_with_postgres_operator.create_postgres_table scheduled__2022-02-15T00:00:00+00:00 [queued]>
[2022-07-30 19:14:23,313] {taskinstance.py:1356} INFO - 
--------------------------------------------------------------------------------
[2022-07-30 19:14:23,313] {taskinstance.py:1357} INFO - Starting attempt 5 of 6
[2022-07-30 19:14:23,313] {taskinstance.py:1358} INFO - 
--------------------------------------------------------------------------------
[2022-07-30 19:14:23,337] {taskinstance.py:1377} INFO - Executing <Task(PostgresOperator): create_postgres_table> on 2022-02-15 00:00:00+00:00
[2022-07-30 19:14:23,343] {standard_task_runner.py:52} INFO - Started process 5532 to run task
[2022-07-30 19:14:23,354] {standard_task_runner.py:79} INFO - Running: ['***', 'tasks', 'run', 'dag_with_postgres_operator', 'create_postgres_table', 'scheduled__2022-02-15T00:00:00+00:00', '--job-id', '365', '--raw', '--subdir', 'DAGS_FOLDER/DAGWithPostgresOperator.py', '--cfg-path', '/tmp/tmp84skvu0q', '--error-file', '/tmp/tmp2r7nszze']
[2022-07-30 19:14:23,355] {standard_task_runner.py:80} INFO - Job 365: Subtask create_postgres_table
[2022-07-30 19:14:23,476] {task_command.py:369} INFO - Running <TaskInstance: dag_with_postgres_operator.create_postgres_table scheduled__2022-02-15T00:00:00+00:00 [running]> on host 66bf18ec08cc
[2022-07-30 19:14:23,616] {taskinstance.py:1571} INFO - Exporting the following env vars:
AIRFLOW_CTX_DAG_OWNER=yosr
AIRFLOW_CTX_DAG_ID=dag_with_postgres_operator
AIRFLOW_CTX_TASK_ID=create_postgres_table
AIRFLOW_CTX_EXECUTION_DATE=2022-02-15T00:00:00+00:00
AIRFLOW_CTX_TRY_NUMBER=5
AIRFLOW_CTX_DAG_RUN_ID=scheduled__2022-02-15T00:00:00+00:00
[2022-07-30 19:14:23,633] {base.py:68} INFO - Using connection ID 'postgres_localhost' for task execution.
[2022-07-30 19:14:23,634] {taskinstance.py:1889} ERROR - Task failed with exception
Traceback (most recent call last):
  File "/home/airflow/.local/lib/python3.7/site-packages/airflow/providers/postgres/operators/postgres.py", line 92, in execute
    self.hook.run(self.sql, self.autocommit, parameters=self.parameters)
  File "/home/airflow/.local/lib/python3.7/site-packages/airflow/hooks/dbapi.py", line 181, in run
    with closing(self.get_conn()) as conn:
  File "/home/airflow/.local/lib/python3.7/site-packages/airflow/providers/postgres/hooks/postgres.py", line 113, in get_conn
    self.conn = psycopg2.connect(**conn_args)
  File "/home/airflow/.local/lib/python3.7/site-packages/psycopg2/__init__.py", line 122, in connect
    conn = _connect(dsn, connection_factory=connection_factory, **kwasync)
psycopg2.OperationalError: could not translate host name "host.docker.internal " to address: Name or service not known

[2022-07-30 19:14:23,652] {taskinstance.py:1400} INFO - Marking task as UP_FOR_RETRY. dag_id=dag_with_postgres_operator, task_id=create_postgres_table, execution_date=20220215T000000, start_date=20220730T191423, end_date=20220730T191423
[2022-07-30 19:14:23,671] {standard_task_runner.py:97} ERROR - Failed to execute job 365 for task create_postgres_table (could not translate host name "host.docker.internal " to address: Name or service not known
; 5532)
[2022-07-30 19:14:23,704] {local_task_job.py:156} INFO - Task exited with return code 1
[2022-07-30 19:14:23,929] {local_task_job.py:273} INFO - 0 downstream tasks scheduled from follow-on schedule check
[2022-07-31 10:16:37,522] {taskinstance.py:1159} INFO - Dependencies all met for <TaskInstance: dag_with_postgres_operator.create_postgres_table scheduled__2022-02-15T00:00:00+00:00 [queued]>
[2022-07-31 10:16:37,549] {taskinstance.py:1159} INFO - Dependencies all met for <TaskInstance: dag_with_postgres_operator.create_postgres_table scheduled__2022-02-15T00:00:00+00:00 [queued]>
[2022-07-31 10:16:37,549] {taskinstance.py:1356} INFO - 
--------------------------------------------------------------------------------
[2022-07-31 10:16:37,550] {taskinstance.py:1357} INFO - Starting attempt 5 of 6
[2022-07-31 10:16:37,550] {taskinstance.py:1358} INFO - 
--------------------------------------------------------------------------------
[2022-07-31 10:16:37,582] {taskinstance.py:1377} INFO - Executing <Task(PostgresOperator): create_postgres_table> on 2022-02-15 00:00:00+00:00
[2022-07-31 10:16:37,589] {standard_task_runner.py:52} INFO - Started process 1998 to run task
[2022-07-31 10:16:37,594] {standard_task_runner.py:79} INFO - Running: ['***', 'tasks', 'run', 'dag_with_postgres_operator', 'create_postgres_table', 'scheduled__2022-02-15T00:00:00+00:00', '--job-id', '1375', '--raw', '--subdir', 'DAGS_FOLDER/DAGWithPostgresOperator.py', '--cfg-path', '/tmp/tmpgj1ybs2f', '--error-file', '/tmp/tmp5fyy4koy']
[2022-07-31 10:16:37,594] {standard_task_runner.py:80} INFO - Job 1375: Subtask create_postgres_table
[2022-07-31 10:16:37,679] {task_command.py:369} INFO - Running <TaskInstance: dag_with_postgres_operator.create_postgres_table scheduled__2022-02-15T00:00:00+00:00 [running]> on host 66bf18ec08cc
[2022-07-31 10:16:37,796] {taskinstance.py:1571} INFO - Exporting the following env vars:
AIRFLOW_CTX_DAG_OWNER=yosr
AIRFLOW_CTX_DAG_ID=dag_with_postgres_operator
AIRFLOW_CTX_TASK_ID=create_postgres_table
AIRFLOW_CTX_EXECUTION_DATE=2022-02-15T00:00:00+00:00
AIRFLOW_CTX_TRY_NUMBER=5
AIRFLOW_CTX_DAG_RUN_ID=scheduled__2022-02-15T00:00:00+00:00
[2022-07-31 10:16:37,812] {base.py:68} INFO - Using connection ID 'postgres_localhost' for task execution.
[2022-07-31 10:16:37,813] {taskinstance.py:1889} ERROR - Task failed with exception
Traceback (most recent call last):
  File "/home/airflow/.local/lib/python3.7/site-packages/airflow/providers/postgres/operators/postgres.py", line 92, in execute
    self.hook.run(self.sql, self.autocommit, parameters=self.parameters)
  File "/home/airflow/.local/lib/python3.7/site-packages/airflow/hooks/dbapi.py", line 181, in run
    with closing(self.get_conn()) as conn:
  File "/home/airflow/.local/lib/python3.7/site-packages/airflow/providers/postgres/hooks/postgres.py", line 113, in get_conn
    self.conn = psycopg2.connect(**conn_args)
  File "/home/airflow/.local/lib/python3.7/site-packages/psycopg2/__init__.py", line 122, in connect
    conn = _connect(dsn, connection_factory=connection_factory, **kwasync)
psycopg2.OperationalError: could not translate host name "host.docker.local " to address: Name or service not known

[2022-07-31 10:16:37,835] {taskinstance.py:1400} INFO - Marking task as UP_FOR_RETRY. dag_id=dag_with_postgres_operator, task_id=create_postgres_table, execution_date=20220215T000000, start_date=20220731T101637, end_date=20220731T101637
[2022-07-31 10:16:37,853] {standard_task_runner.py:97} ERROR - Failed to execute job 1375 for task create_postgres_table (could not translate host name "host.docker.local " to address: Name or service not known
; 1998)
[2022-07-31 10:16:37,897] {local_task_job.py:156} INFO - Task exited with return code 1
[2022-07-31 10:16:38,008] {local_task_job.py:273} INFO - 0 downstream tasks scheduled from follow-on schedule check
[2022-07-31 14:46:10,686] {taskinstance.py:1159} INFO - Dependencies all met for <TaskInstance: dag_with_postgres_operator.create_postgres_table scheduled__2022-02-15T00:00:00+00:00 [queued]>
[2022-07-31 14:46:10,703] {taskinstance.py:1159} INFO - Dependencies all met for <TaskInstance: dag_with_postgres_operator.create_postgres_table scheduled__2022-02-15T00:00:00+00:00 [queued]>
[2022-07-31 14:46:10,703] {taskinstance.py:1356} INFO - 
--------------------------------------------------------------------------------
[2022-07-31 14:46:10,703] {taskinstance.py:1357} INFO - Starting attempt 5 of 6
[2022-07-31 14:46:10,704] {taskinstance.py:1358} INFO - 
--------------------------------------------------------------------------------
[2022-07-31 14:46:10,726] {taskinstance.py:1377} INFO - Executing <Task(PostgresOperator): create_postgres_table> on 2022-02-15 00:00:00+00:00
[2022-07-31 14:46:10,730] {standard_task_runner.py:52} INFO - Started process 5962 to run task
[2022-07-31 14:46:10,733] {standard_task_runner.py:79} INFO - Running: ['***', 'tasks', 'run', 'dag_with_postgres_operator', 'create_postgres_table', 'scheduled__2022-02-15T00:00:00+00:00', '--job-id', '368', '--raw', '--subdir', 'DAGS_FOLDER/DAGWithPostgresOperator.py', '--cfg-path', '/tmp/tmp5fmagd0w', '--error-file', '/tmp/tmp0y2v1wz0']
[2022-07-31 14:46:10,734] {standard_task_runner.py:80} INFO - Job 368: Subtask create_postgres_table
[2022-07-31 14:46:10,802] {task_command.py:369} INFO - Running <TaskInstance: dag_with_postgres_operator.create_postgres_table scheduled__2022-02-15T00:00:00+00:00 [running]> on host 4688dd3b7141
[2022-07-31 14:46:10,887] {taskinstance.py:1571} INFO - Exporting the following env vars:
AIRFLOW_CTX_DAG_OWNER=yosr
AIRFLOW_CTX_DAG_ID=dag_with_postgres_operator
AIRFLOW_CTX_TASK_ID=create_postgres_table
AIRFLOW_CTX_EXECUTION_DATE=2022-02-15T00:00:00+00:00
AIRFLOW_CTX_TRY_NUMBER=5
AIRFLOW_CTX_DAG_RUN_ID=scheduled__2022-02-15T00:00:00+00:00
[2022-07-31 14:46:10,900] {base.py:68} INFO - Using connection ID 'postgres_localhost' for task execution.
[2022-07-31 14:46:25,916] {taskinstance.py:1889} ERROR - Task failed with exception
Traceback (most recent call last):
  File "/home/airflow/.local/lib/python3.7/site-packages/airflow/providers/postgres/operators/postgres.py", line 92, in execute
    self.hook.run(self.sql, self.autocommit, parameters=self.parameters)
  File "/home/airflow/.local/lib/python3.7/site-packages/airflow/hooks/dbapi.py", line 181, in run
    with closing(self.get_conn()) as conn:
  File "/home/airflow/.local/lib/python3.7/site-packages/airflow/providers/postgres/hooks/postgres.py", line 113, in get_conn
    self.conn = psycopg2.connect(**conn_args)
  File "/home/airflow/.local/lib/python3.7/site-packages/psycopg2/__init__.py", line 122, in connect
    conn = _connect(dsn, connection_factory=connection_factory, **kwasync)
psycopg2.OperationalError: could not translate host name "host.docker.local" to address: Temporary failure in name resolution

[2022-07-31 14:46:25,932] {taskinstance.py:1400} INFO - Marking task as UP_FOR_RETRY. dag_id=dag_with_postgres_operator, task_id=create_postgres_table, execution_date=20220215T000000, start_date=20220731T144610, end_date=20220731T144625
[2022-07-31 14:46:26,099] {standard_task_runner.py:97} ERROR - Failed to execute job 368 for task create_postgres_table (could not translate host name "host.docker.local" to address: Temporary failure in name resolution
; 5962)
[2022-07-31 14:46:26,111] {local_task_job.py:156} INFO - Task exited with return code 1
[2022-07-31 14:46:26,150] {local_task_job.py:273} INFO - 0 downstream tasks scheduled from follow-on schedule check
