[2022-07-30 19:04:20,389] {taskinstance.py:1159} INFO - Dependencies all met for <TaskInstance: dag_with_postgres_operator.create_postgres_table scheduled__2022-02-15T00:00:00+00:00 [queued]>
[2022-07-30 19:04:20,410] {taskinstance.py:1159} INFO - Dependencies all met for <TaskInstance: dag_with_postgres_operator.create_postgres_table scheduled__2022-02-15T00:00:00+00:00 [queued]>
[2022-07-30 19:04:20,410] {taskinstance.py:1356} INFO - 
--------------------------------------------------------------------------------
[2022-07-30 19:04:20,410] {taskinstance.py:1357} INFO - Starting attempt 3 of 6
[2022-07-30 19:04:20,410] {taskinstance.py:1358} INFO - 
--------------------------------------------------------------------------------
[2022-07-30 19:04:20,432] {taskinstance.py:1377} INFO - Executing <Task(PostgresOperator): create_postgres_table> on 2022-02-15 00:00:00+00:00
[2022-07-30 19:04:20,438] {standard_task_runner.py:52} INFO - Started process 5002 to run task
[2022-07-30 19:04:20,444] {standard_task_runner.py:79} INFO - Running: ['***', 'tasks', 'run', 'dag_with_postgres_operator', 'create_postgres_table', 'scheduled__2022-02-15T00:00:00+00:00', '--job-id', '332', '--raw', '--subdir', 'DAGS_FOLDER/DAGWithPostgresOperator.py', '--cfg-path', '/tmp/tmp0ja9xzez', '--error-file', '/tmp/tmpo_lrncxc']
[2022-07-30 19:04:20,445] {standard_task_runner.py:80} INFO - Job 332: Subtask create_postgres_table
[2022-07-30 19:04:20,522] {task_command.py:369} INFO - Running <TaskInstance: dag_with_postgres_operator.create_postgres_table scheduled__2022-02-15T00:00:00+00:00 [running]> on host 66bf18ec08cc
[2022-07-30 19:04:20,625] {taskinstance.py:1571} INFO - Exporting the following env vars:
AIRFLOW_CTX_DAG_OWNER=yosr
AIRFLOW_CTX_DAG_ID=dag_with_postgres_operator
AIRFLOW_CTX_TASK_ID=create_postgres_table
AIRFLOW_CTX_EXECUTION_DATE=2022-02-15T00:00:00+00:00
AIRFLOW_CTX_TRY_NUMBER=3
AIRFLOW_CTX_DAG_RUN_ID=scheduled__2022-02-15T00:00:00+00:00
[2022-07-30 19:04:20,642] {base.py:68} INFO - Using connection ID 'postgres_localhost' for task execution.
[2022-07-30 19:04:20,643] {taskinstance.py:1889} ERROR - Task failed with exception
Traceback (most recent call last):
  File "/home/airflow/.local/lib/python3.7/site-packages/airflow/providers/postgres/operators/postgres.py", line 92, in execute
    self.hook.run(self.sql, self.autocommit, parameters=self.parameters)
  File "/home/airflow/.local/lib/python3.7/site-packages/airflow/hooks/dbapi.py", line 181, in run
    with closing(self.get_conn()) as conn:
  File "/home/airflow/.local/lib/python3.7/site-packages/airflow/providers/postgres/hooks/postgres.py", line 113, in get_conn
    self.conn = psycopg2.connect(**conn_args)
  File "/home/airflow/.local/lib/python3.7/site-packages/psycopg2/__init__.py", line 122, in connect
    conn = _connect(dsn, connection_factory=connection_factory, **kwasync)
psycopg2.OperationalError: could not translate host name "host.docker.internal " to address: Name or service not known

[2022-07-30 19:04:20,658] {taskinstance.py:1400} INFO - Marking task as UP_FOR_RETRY. dag_id=dag_with_postgres_operator, task_id=create_postgres_table, execution_date=20220215T000000, start_date=20220730T190420, end_date=20220730T190420
[2022-07-30 19:04:20,679] {standard_task_runner.py:97} ERROR - Failed to execute job 332 for task create_postgres_table (could not translate host name "host.docker.internal " to address: Name or service not known
; 5002)
[2022-07-30 19:04:20,708] {local_task_job.py:156} INFO - Task exited with return code 1
[2022-07-30 19:04:20,778] {local_task_job.py:273} INFO - 0 downstream tasks scheduled from follow-on schedule check
[2022-07-31 10:06:35,877] {taskinstance.py:1159} INFO - Dependencies all met for <TaskInstance: dag_with_postgres_operator.create_postgres_table scheduled__2022-02-15T00:00:00+00:00 [queued]>
[2022-07-31 10:06:35,895] {taskinstance.py:1159} INFO - Dependencies all met for <TaskInstance: dag_with_postgres_operator.create_postgres_table scheduled__2022-02-15T00:00:00+00:00 [queued]>
[2022-07-31 10:06:35,896] {taskinstance.py:1356} INFO - 
--------------------------------------------------------------------------------
[2022-07-31 10:06:35,896] {taskinstance.py:1357} INFO - Starting attempt 3 of 6
[2022-07-31 10:06:35,896] {taskinstance.py:1358} INFO - 
--------------------------------------------------------------------------------
[2022-07-31 10:06:35,916] {taskinstance.py:1377} INFO - Executing <Task(PostgresOperator): create_postgres_table> on 2022-02-15 00:00:00+00:00
[2022-07-31 10:06:35,920] {standard_task_runner.py:52} INFO - Started process 1474 to run task
[2022-07-31 10:06:35,923] {standard_task_runner.py:79} INFO - Running: ['***', 'tasks', 'run', 'dag_with_postgres_operator', 'create_postgres_table', 'scheduled__2022-02-15T00:00:00+00:00', '--job-id', '1343', '--raw', '--subdir', 'DAGS_FOLDER/DAGWithPostgresOperator.py', '--cfg-path', '/tmp/tmppjun2q7v', '--error-file', '/tmp/tmpl3mf3dzp']
[2022-07-31 10:06:35,924] {standard_task_runner.py:80} INFO - Job 1343: Subtask create_postgres_table
[2022-07-31 10:06:35,993] {task_command.py:369} INFO - Running <TaskInstance: dag_with_postgres_operator.create_postgres_table scheduled__2022-02-15T00:00:00+00:00 [running]> on host 66bf18ec08cc
[2022-07-31 10:06:36,096] {taskinstance.py:1571} INFO - Exporting the following env vars:
AIRFLOW_CTX_DAG_OWNER=yosr
AIRFLOW_CTX_DAG_ID=dag_with_postgres_operator
AIRFLOW_CTX_TASK_ID=create_postgres_table
AIRFLOW_CTX_EXECUTION_DATE=2022-02-15T00:00:00+00:00
AIRFLOW_CTX_TRY_NUMBER=3
AIRFLOW_CTX_DAG_RUN_ID=scheduled__2022-02-15T00:00:00+00:00
[2022-07-31 10:06:36,109] {base.py:68} INFO - Using connection ID 'postgres_localhost' for task execution.
[2022-07-31 10:06:36,111] {taskinstance.py:1889} ERROR - Task failed with exception
Traceback (most recent call last):
  File "/home/airflow/.local/lib/python3.7/site-packages/airflow/providers/postgres/operators/postgres.py", line 92, in execute
    self.hook.run(self.sql, self.autocommit, parameters=self.parameters)
  File "/home/airflow/.local/lib/python3.7/site-packages/airflow/hooks/dbapi.py", line 181, in run
    with closing(self.get_conn()) as conn:
  File "/home/airflow/.local/lib/python3.7/site-packages/airflow/providers/postgres/hooks/postgres.py", line 113, in get_conn
    self.conn = psycopg2.connect(**conn_args)
  File "/home/airflow/.local/lib/python3.7/site-packages/psycopg2/__init__.py", line 122, in connect
    conn = _connect(dsn, connection_factory=connection_factory, **kwasync)
psycopg2.OperationalError: could not translate host name "host.docker.local " to address: Name or service not known

[2022-07-31 10:06:36,123] {taskinstance.py:1400} INFO - Marking task as UP_FOR_RETRY. dag_id=dag_with_postgres_operator, task_id=create_postgres_table, execution_date=20220215T000000, start_date=20220731T100635, end_date=20220731T100636
[2022-07-31 10:06:36,140] {standard_task_runner.py:97} ERROR - Failed to execute job 1343 for task create_postgres_table (could not translate host name "host.docker.local " to address: Name or service not known
; 1474)
[2022-07-31 10:06:36,151] {local_task_job.py:156} INFO - Task exited with return code 1
[2022-07-31 10:06:36,249] {local_task_job.py:273} INFO - 0 downstream tasks scheduled from follow-on schedule check
[2022-07-31 14:35:38,835] {taskinstance.py:1159} INFO - Dependencies all met for <TaskInstance: dag_with_postgres_operator.create_postgres_table scheduled__2022-02-15T00:00:00+00:00 [queued]>
[2022-07-31 14:35:38,847] {taskinstance.py:1159} INFO - Dependencies all met for <TaskInstance: dag_with_postgres_operator.create_postgres_table scheduled__2022-02-15T00:00:00+00:00 [queued]>
[2022-07-31 14:35:38,848] {taskinstance.py:1356} INFO - 
--------------------------------------------------------------------------------
[2022-07-31 14:35:38,848] {taskinstance.py:1357} INFO - Starting attempt 3 of 6
[2022-07-31 14:35:38,848] {taskinstance.py:1358} INFO - 
--------------------------------------------------------------------------------
[2022-07-31 14:35:38,872] {taskinstance.py:1377} INFO - Executing <Task(PostgresOperator): create_postgres_table> on 2022-02-15 00:00:00+00:00
[2022-07-31 14:35:38,881] {standard_task_runner.py:52} INFO - Started process 5398 to run task
[2022-07-31 14:35:38,892] {standard_task_runner.py:79} INFO - Running: ['***', 'tasks', 'run', 'dag_with_postgres_operator', 'create_postgres_table', 'scheduled__2022-02-15T00:00:00+00:00', '--job-id', '334', '--raw', '--subdir', 'DAGS_FOLDER/DAGWithPostgresOperator.py', '--cfg-path', '/tmp/tmp0qrpsdfm', '--error-file', '/tmp/tmpui3s3m75']
[2022-07-31 14:35:38,893] {standard_task_runner.py:80} INFO - Job 334: Subtask create_postgres_table
[2022-07-31 14:35:38,979] {task_command.py:369} INFO - Running <TaskInstance: dag_with_postgres_operator.create_postgres_table scheduled__2022-02-15T00:00:00+00:00 [running]> on host 4688dd3b7141
[2022-07-31 14:35:39,083] {taskinstance.py:1571} INFO - Exporting the following env vars:
AIRFLOW_CTX_DAG_OWNER=yosr
AIRFLOW_CTX_DAG_ID=dag_with_postgres_operator
AIRFLOW_CTX_TASK_ID=create_postgres_table
AIRFLOW_CTX_EXECUTION_DATE=2022-02-15T00:00:00+00:00
AIRFLOW_CTX_TRY_NUMBER=3
AIRFLOW_CTX_DAG_RUN_ID=scheduled__2022-02-15T00:00:00+00:00
[2022-07-31 14:35:39,098] {base.py:68} INFO - Using connection ID 'postgres_localhost' for task execution.
[2022-07-31 14:35:54,113] {taskinstance.py:1889} ERROR - Task failed with exception
Traceback (most recent call last):
  File "/home/airflow/.local/lib/python3.7/site-packages/airflow/providers/postgres/operators/postgres.py", line 92, in execute
    self.hook.run(self.sql, self.autocommit, parameters=self.parameters)
  File "/home/airflow/.local/lib/python3.7/site-packages/airflow/hooks/dbapi.py", line 181, in run
    with closing(self.get_conn()) as conn:
  File "/home/airflow/.local/lib/python3.7/site-packages/airflow/providers/postgres/hooks/postgres.py", line 113, in get_conn
    self.conn = psycopg2.connect(**conn_args)
  File "/home/airflow/.local/lib/python3.7/site-packages/psycopg2/__init__.py", line 122, in connect
    conn = _connect(dsn, connection_factory=connection_factory, **kwasync)
psycopg2.OperationalError: could not translate host name "host.docker.local" to address: Temporary failure in name resolution

[2022-07-31 14:35:54,131] {taskinstance.py:1400} INFO - Marking task as UP_FOR_RETRY. dag_id=dag_with_postgres_operator, task_id=create_postgres_table, execution_date=20220215T000000, start_date=20220731T143538, end_date=20220731T143554
[2022-07-31 14:35:54,151] {standard_task_runner.py:97} ERROR - Failed to execute job 334 for task create_postgres_table (could not translate host name "host.docker.local" to address: Temporary failure in name resolution
; 5398)
[2022-07-31 14:35:54,175] {local_task_job.py:156} INFO - Task exited with return code 1
[2022-07-31 14:35:54,218] {local_task_job.py:273} INFO - 0 downstream tasks scheduled from follow-on schedule check
