[2022-07-30 18:59:19,422] {taskinstance.py:1159} INFO - Dependencies all met for <TaskInstance: dag_with_postgres_operator.create_postgres_table scheduled__2022-02-15T00:00:00+00:00 [queued]>
[2022-07-30 18:59:19,438] {taskinstance.py:1159} INFO - Dependencies all met for <TaskInstance: dag_with_postgres_operator.create_postgres_table scheduled__2022-02-15T00:00:00+00:00 [queued]>
[2022-07-30 18:59:19,438] {taskinstance.py:1356} INFO - 
--------------------------------------------------------------------------------
[2022-07-30 18:59:19,438] {taskinstance.py:1357} INFO - Starting attempt 2 of 6
[2022-07-30 18:59:19,438] {taskinstance.py:1358} INFO - 
--------------------------------------------------------------------------------
[2022-07-30 18:59:19,459] {taskinstance.py:1377} INFO - Executing <Task(PostgresOperator): create_postgres_table> on 2022-02-15 00:00:00+00:00
[2022-07-30 18:59:19,465] {standard_task_runner.py:52} INFO - Started process 4734 to run task
[2022-07-30 18:59:19,469] {standard_task_runner.py:79} INFO - Running: ['***', 'tasks', 'run', 'dag_with_postgres_operator', 'create_postgres_table', 'scheduled__2022-02-15T00:00:00+00:00', '--job-id', '317', '--raw', '--subdir', 'DAGS_FOLDER/DAGWithPostgresOperator.py', '--cfg-path', '/tmp/tmpynbfdydw', '--error-file', '/tmp/tmpv6dvdgwx']
[2022-07-30 18:59:19,469] {standard_task_runner.py:80} INFO - Job 317: Subtask create_postgres_table
[2022-07-30 18:59:19,537] {task_command.py:369} INFO - Running <TaskInstance: dag_with_postgres_operator.create_postgres_table scheduled__2022-02-15T00:00:00+00:00 [running]> on host 66bf18ec08cc
[2022-07-30 18:59:19,620] {taskinstance.py:1571} INFO - Exporting the following env vars:
AIRFLOW_CTX_DAG_OWNER=yosr
AIRFLOW_CTX_DAG_ID=dag_with_postgres_operator
AIRFLOW_CTX_TASK_ID=create_postgres_table
AIRFLOW_CTX_EXECUTION_DATE=2022-02-15T00:00:00+00:00
AIRFLOW_CTX_TRY_NUMBER=2
AIRFLOW_CTX_DAG_RUN_ID=scheduled__2022-02-15T00:00:00+00:00
[2022-07-30 18:59:19,632] {base.py:68} INFO - Using connection ID 'postgres_localhost' for task execution.
[2022-07-30 18:59:19,633] {taskinstance.py:1889} ERROR - Task failed with exception
Traceback (most recent call last):
  File "/home/airflow/.local/lib/python3.7/site-packages/airflow/providers/postgres/operators/postgres.py", line 92, in execute
    self.hook.run(self.sql, self.autocommit, parameters=self.parameters)
  File "/home/airflow/.local/lib/python3.7/site-packages/airflow/hooks/dbapi.py", line 181, in run
    with closing(self.get_conn()) as conn:
  File "/home/airflow/.local/lib/python3.7/site-packages/airflow/providers/postgres/hooks/postgres.py", line 113, in get_conn
    self.conn = psycopg2.connect(**conn_args)
  File "/home/airflow/.local/lib/python3.7/site-packages/psycopg2/__init__.py", line 122, in connect
    conn = _connect(dsn, connection_factory=connection_factory, **kwasync)
psycopg2.OperationalError: could not translate host name "host.docker.internal " to address: Name or service not known

[2022-07-30 18:59:19,643] {taskinstance.py:1400} INFO - Marking task as UP_FOR_RETRY. dag_id=dag_with_postgres_operator, task_id=create_postgres_table, execution_date=20220215T000000, start_date=20220730T185919, end_date=20220730T185919
[2022-07-30 18:59:19,657] {standard_task_runner.py:97} ERROR - Failed to execute job 317 for task create_postgres_table (could not translate host name "host.docker.internal " to address: Name or service not known
; 4734)
[2022-07-30 18:59:19,685] {local_task_job.py:156} INFO - Task exited with return code 1
[2022-07-30 18:59:19,760] {local_task_job.py:273} INFO - 0 downstream tasks scheduled from follow-on schedule check
[2022-07-31 10:01:35,064] {taskinstance.py:1159} INFO - Dependencies all met for <TaskInstance: dag_with_postgres_operator.create_postgres_table scheduled__2022-02-15T00:00:00+00:00 [queued]>
[2022-07-31 10:01:35,087] {taskinstance.py:1159} INFO - Dependencies all met for <TaskInstance: dag_with_postgres_operator.create_postgres_table scheduled__2022-02-15T00:00:00+00:00 [queued]>
[2022-07-31 10:01:35,087] {taskinstance.py:1356} INFO - 
--------------------------------------------------------------------------------
[2022-07-31 10:01:35,088] {taskinstance.py:1357} INFO - Starting attempt 2 of 6
[2022-07-31 10:01:35,088] {taskinstance.py:1358} INFO - 
--------------------------------------------------------------------------------
[2022-07-31 10:01:35,108] {taskinstance.py:1377} INFO - Executing <Task(PostgresOperator): create_postgres_table> on 2022-02-15 00:00:00+00:00
[2022-07-31 10:01:35,112] {standard_task_runner.py:52} INFO - Started process 1216 to run task
[2022-07-31 10:01:35,118] {standard_task_runner.py:79} INFO - Running: ['***', 'tasks', 'run', 'dag_with_postgres_operator', 'create_postgres_table', 'scheduled__2022-02-15T00:00:00+00:00', '--job-id', '1327', '--raw', '--subdir', 'DAGS_FOLDER/DAGWithPostgresOperator.py', '--cfg-path', '/tmp/tmpl4m_xm8g', '--error-file', '/tmp/tmppmf9cm8a']
[2022-07-31 10:01:35,118] {standard_task_runner.py:80} INFO - Job 1327: Subtask create_postgres_table
[2022-07-31 10:01:35,187] {task_command.py:369} INFO - Running <TaskInstance: dag_with_postgres_operator.create_postgres_table scheduled__2022-02-15T00:00:00+00:00 [running]> on host 66bf18ec08cc
[2022-07-31 10:01:35,270] {taskinstance.py:1571} INFO - Exporting the following env vars:
AIRFLOW_CTX_DAG_OWNER=yosr
AIRFLOW_CTX_DAG_ID=dag_with_postgres_operator
AIRFLOW_CTX_TASK_ID=create_postgres_table
AIRFLOW_CTX_EXECUTION_DATE=2022-02-15T00:00:00+00:00
AIRFLOW_CTX_TRY_NUMBER=2
AIRFLOW_CTX_DAG_RUN_ID=scheduled__2022-02-15T00:00:00+00:00
[2022-07-31 10:01:35,282] {base.py:68} INFO - Using connection ID 'postgres_localhost' for task execution.
[2022-07-31 10:01:35,284] {taskinstance.py:1889} ERROR - Task failed with exception
Traceback (most recent call last):
  File "/home/airflow/.local/lib/python3.7/site-packages/airflow/providers/postgres/operators/postgres.py", line 92, in execute
    self.hook.run(self.sql, self.autocommit, parameters=self.parameters)
  File "/home/airflow/.local/lib/python3.7/site-packages/airflow/hooks/dbapi.py", line 181, in run
    with closing(self.get_conn()) as conn:
  File "/home/airflow/.local/lib/python3.7/site-packages/airflow/providers/postgres/hooks/postgres.py", line 113, in get_conn
    self.conn = psycopg2.connect(**conn_args)
  File "/home/airflow/.local/lib/python3.7/site-packages/psycopg2/__init__.py", line 122, in connect
    conn = _connect(dsn, connection_factory=connection_factory, **kwasync)
psycopg2.OperationalError: could not translate host name "host.docker.local " to address: Name or service not known

[2022-07-31 10:01:35,298] {taskinstance.py:1400} INFO - Marking task as UP_FOR_RETRY. dag_id=dag_with_postgres_operator, task_id=create_postgres_table, execution_date=20220215T000000, start_date=20220731T100135, end_date=20220731T100135
[2022-07-31 10:01:35,313] {standard_task_runner.py:97} ERROR - Failed to execute job 1327 for task create_postgres_table (could not translate host name "host.docker.local " to address: Name or service not known
; 1216)
[2022-07-31 10:01:35,333] {local_task_job.py:156} INFO - Task exited with return code 1
[2022-07-31 10:01:35,391] {local_task_job.py:273} INFO - 0 downstream tasks scheduled from follow-on schedule check
[2022-07-31 14:30:37,833] {taskinstance.py:1159} INFO - Dependencies all met for <TaskInstance: dag_with_postgres_operator.create_postgres_table scheduled__2022-02-15T00:00:00+00:00 [queued]>
[2022-07-31 14:30:37,853] {taskinstance.py:1159} INFO - Dependencies all met for <TaskInstance: dag_with_postgres_operator.create_postgres_table scheduled__2022-02-15T00:00:00+00:00 [queued]>
[2022-07-31 14:30:37,853] {taskinstance.py:1356} INFO - 
--------------------------------------------------------------------------------
[2022-07-31 14:30:37,853] {taskinstance.py:1357} INFO - Starting attempt 2 of 6
[2022-07-31 14:30:37,853] {taskinstance.py:1358} INFO - 
--------------------------------------------------------------------------------
[2022-07-31 14:30:37,872] {taskinstance.py:1377} INFO - Executing <Task(PostgresOperator): create_postgres_table> on 2022-02-15 00:00:00+00:00
[2022-07-31 14:30:37,877] {standard_task_runner.py:52} INFO - Started process 5129 to run task
[2022-07-31 14:30:37,880] {standard_task_runner.py:79} INFO - Running: ['***', 'tasks', 'run', 'dag_with_postgres_operator', 'create_postgres_table', 'scheduled__2022-02-15T00:00:00+00:00', '--job-id', '317', '--raw', '--subdir', 'DAGS_FOLDER/DAGWithPostgresOperator.py', '--cfg-path', '/tmp/tmpry566cf2', '--error-file', '/tmp/tmptvygf9mp']
[2022-07-31 14:30:37,881] {standard_task_runner.py:80} INFO - Job 317: Subtask create_postgres_table
[2022-07-31 14:30:37,956] {task_command.py:369} INFO - Running <TaskInstance: dag_with_postgres_operator.create_postgres_table scheduled__2022-02-15T00:00:00+00:00 [running]> on host 4688dd3b7141
[2022-07-31 14:30:38,063] {taskinstance.py:1571} INFO - Exporting the following env vars:
AIRFLOW_CTX_DAG_OWNER=yosr
AIRFLOW_CTX_DAG_ID=dag_with_postgres_operator
AIRFLOW_CTX_TASK_ID=create_postgres_table
AIRFLOW_CTX_EXECUTION_DATE=2022-02-15T00:00:00+00:00
AIRFLOW_CTX_TRY_NUMBER=2
AIRFLOW_CTX_DAG_RUN_ID=scheduled__2022-02-15T00:00:00+00:00
[2022-07-31 14:30:38,163] {taskinstance.py:1889} ERROR - Task failed with exception
Traceback (most recent call last):
  File "/home/airflow/.local/lib/python3.7/site-packages/airflow/providers/postgres/operators/postgres.py", line 92, in execute
    self.hook.run(self.sql, self.autocommit, parameters=self.parameters)
  File "/home/airflow/.local/lib/python3.7/site-packages/airflow/hooks/dbapi.py", line 181, in run
    with closing(self.get_conn()) as conn:
  File "/home/airflow/.local/lib/python3.7/site-packages/airflow/providers/postgres/hooks/postgres.py", line 86, in get_conn
    conn = deepcopy(self.connection or self.get_connection(conn_id))
  File "/home/airflow/.local/lib/python3.7/site-packages/airflow/hooks/base.py", line 67, in get_connection
    conn = Connection.get_connection_from_secrets(conn_id)
  File "/home/airflow/.local/lib/python3.7/site-packages/airflow/models/connection.py", line 430, in get_connection_from_secrets
    raise AirflowNotFoundException(f"The conn_id `{conn_id}` isn't defined")
airflow.exceptions.AirflowNotFoundException: The conn_id `postgres_localhost` isn't defined
[2022-07-31 14:30:38,169] {taskinstance.py:1400} INFO - Marking task as UP_FOR_RETRY. dag_id=dag_with_postgres_operator, task_id=create_postgres_table, execution_date=20220215T000000, start_date=20220731T143037, end_date=20220731T143038
[2022-07-31 14:30:38,187] {standard_task_runner.py:97} ERROR - Failed to execute job 317 for task create_postgres_table (The conn_id `postgres_localhost` isn't defined; 5129)
[2022-07-31 14:30:38,220] {local_task_job.py:156} INFO - Task exited with return code 1
[2022-07-31 14:30:38,273] {local_task_job.py:273} INFO - 0 downstream tasks scheduled from follow-on schedule check
