[2022-07-30 23:32:21,609] {taskinstance.py:1159} INFO - Dependencies all met for <TaskInstance: dag_with_postgres_operator.create_postgres_table scheduled__2022-05-12T00:00:00+00:00 [queued]>
[2022-07-30 23:32:21,636] {taskinstance.py:1159} INFO - Dependencies all met for <TaskInstance: dag_with_postgres_operator.create_postgres_table scheduled__2022-05-12T00:00:00+00:00 [queued]>
[2022-07-30 23:32:21,637] {taskinstance.py:1356} INFO - 
--------------------------------------------------------------------------------
[2022-07-30 23:32:21,637] {taskinstance.py:1357} INFO - Starting attempt 4 of 6
[2022-07-30 23:32:21,637] {taskinstance.py:1358} INFO - 
--------------------------------------------------------------------------------
[2022-07-30 23:32:21,659] {taskinstance.py:1377} INFO - Executing <Task(PostgresOperator): create_postgres_table> on 2022-05-12 00:00:00+00:00
[2022-07-30 23:32:21,667] {standard_task_runner.py:52} INFO - Started process 3599 to run task
[2022-07-30 23:32:21,674] {standard_task_runner.py:79} INFO - Running: ['***', 'tasks', 'run', 'dag_with_postgres_operator', 'create_postgres_table', 'scheduled__2022-05-12T00:00:00+00:00', '--job-id', '949', '--raw', '--subdir', 'DAGS_FOLDER/DAGWithPostgresOperator.py', '--cfg-path', '/tmp/tmplozx978n', '--error-file', '/tmp/tmpwrbdgoyk']
[2022-07-30 23:32:21,675] {standard_task_runner.py:80} INFO - Job 949: Subtask create_postgres_table
[2022-07-30 23:32:21,755] {task_command.py:369} INFO - Running <TaskInstance: dag_with_postgres_operator.create_postgres_table scheduled__2022-05-12T00:00:00+00:00 [running]> on host 66bf18ec08cc
[2022-07-30 23:32:21,865] {taskinstance.py:1571} INFO - Exporting the following env vars:
AIRFLOW_CTX_DAG_OWNER=yosr
AIRFLOW_CTX_DAG_ID=dag_with_postgres_operator
AIRFLOW_CTX_TASK_ID=create_postgres_table
AIRFLOW_CTX_EXECUTION_DATE=2022-05-12T00:00:00+00:00
AIRFLOW_CTX_TRY_NUMBER=4
AIRFLOW_CTX_DAG_RUN_ID=scheduled__2022-05-12T00:00:00+00:00
[2022-07-30 23:32:21,883] {base.py:68} INFO - Using connection ID 'postgres_localhost' for task execution.
[2022-07-30 23:32:21,884] {taskinstance.py:1889} ERROR - Task failed with exception
Traceback (most recent call last):
  File "/home/airflow/.local/lib/python3.7/site-packages/airflow/providers/postgres/operators/postgres.py", line 92, in execute
    self.hook.run(self.sql, self.autocommit, parameters=self.parameters)
  File "/home/airflow/.local/lib/python3.7/site-packages/airflow/hooks/dbapi.py", line 181, in run
    with closing(self.get_conn()) as conn:
  File "/home/airflow/.local/lib/python3.7/site-packages/airflow/providers/postgres/hooks/postgres.py", line 113, in get_conn
    self.conn = psycopg2.connect(**conn_args)
  File "/home/airflow/.local/lib/python3.7/site-packages/psycopg2/__init__.py", line 122, in connect
    conn = _connect(dsn, connection_factory=connection_factory, **kwasync)
psycopg2.OperationalError: could not translate host name "host.docker.local " to address: Name or service not known

[2022-07-30 23:32:21,900] {taskinstance.py:1400} INFO - Marking task as UP_FOR_RETRY. dag_id=dag_with_postgres_operator, task_id=create_postgres_table, execution_date=20220512T000000, start_date=20220730T233221, end_date=20220730T233221
[2022-07-30 23:32:21,919] {standard_task_runner.py:97} ERROR - Failed to execute job 949 for task create_postgres_table (could not translate host name "host.docker.local " to address: Name or service not known
; 3599)
[2022-07-30 23:32:21,935] {local_task_job.py:156} INFO - Task exited with return code 1
[2022-07-30 23:32:22,035] {local_task_job.py:273} INFO - 0 downstream tasks scheduled from follow-on schedule check
