[2022-07-30 17:38:11,941] {taskinstance.py:1159} INFO - Dependencies all met for <TaskInstance: dag_with_postgres_operator.create_postgres_table scheduled__2021-12-21T00:00:00+00:00 [queued]>
[2022-07-30 17:38:11,962] {taskinstance.py:1159} INFO - Dependencies all met for <TaskInstance: dag_with_postgres_operator.create_postgres_table scheduled__2021-12-21T00:00:00+00:00 [queued]>
[2022-07-30 17:38:11,962] {taskinstance.py:1356} INFO - 
--------------------------------------------------------------------------------
[2022-07-30 17:38:11,962] {taskinstance.py:1357} INFO - Starting attempt 1 of 6
[2022-07-30 17:38:11,962] {taskinstance.py:1358} INFO - 
--------------------------------------------------------------------------------
[2022-07-30 17:38:11,985] {taskinstance.py:1377} INFO - Executing <Task(PostgresOperator): create_postgres_table> on 2021-12-21 00:00:00+00:00
[2022-07-30 17:38:11,990] {standard_task_runner.py:52} INFO - Started process 368 to run task
[2022-07-30 17:38:11,998] {standard_task_runner.py:79} INFO - Running: ['***', 'tasks', 'run', 'dag_with_postgres_operator', 'create_postgres_table', 'scheduled__2021-12-21T00:00:00+00:00', '--job-id', '5', '--raw', '--subdir', 'DAGS_FOLDER/DAGWithPostgresOperator.py', '--cfg-path', '/tmp/tmp4dulwytj', '--error-file', '/tmp/tmpxs02597z']
[2022-07-30 17:38:11,998] {standard_task_runner.py:80} INFO - Job 5: Subtask create_postgres_table
[2022-07-30 17:38:12,102] {task_command.py:369} INFO - Running <TaskInstance: dag_with_postgres_operator.create_postgres_table scheduled__2021-12-21T00:00:00+00:00 [running]> on host 66bf18ec08cc
[2022-07-30 17:38:12,250] {taskinstance.py:1571} INFO - Exporting the following env vars:
AIRFLOW_CTX_DAG_OWNER=yosr
AIRFLOW_CTX_DAG_ID=dag_with_postgres_operator
AIRFLOW_CTX_TASK_ID=create_postgres_table
AIRFLOW_CTX_EXECUTION_DATE=2021-12-21T00:00:00+00:00
AIRFLOW_CTX_TRY_NUMBER=1
AIRFLOW_CTX_DAG_RUN_ID=scheduled__2021-12-21T00:00:00+00:00
[2022-07-30 17:38:12,299] {taskinstance.py:1889} ERROR - Task failed with exception
Traceback (most recent call last):
  File "/home/airflow/.local/lib/python3.7/site-packages/airflow/providers/postgres/operators/postgres.py", line 92, in execute
    self.hook.run(self.sql, self.autocommit, parameters=self.parameters)
  File "/home/airflow/.local/lib/python3.7/site-packages/airflow/hooks/dbapi.py", line 181, in run
    with closing(self.get_conn()) as conn:
  File "/home/airflow/.local/lib/python3.7/site-packages/airflow/providers/postgres/hooks/postgres.py", line 86, in get_conn
    conn = deepcopy(self.connection or self.get_connection(conn_id))
  File "/home/airflow/.local/lib/python3.7/site-packages/airflow/hooks/base.py", line 67, in get_connection
    conn = Connection.get_connection_from_secrets(conn_id)
  File "/home/airflow/.local/lib/python3.7/site-packages/airflow/models/connection.py", line 430, in get_connection_from_secrets
    raise AirflowNotFoundException(f"The conn_id `{conn_id}` isn't defined")
airflow.exceptions.AirflowNotFoundException: The conn_id `postgres_localhost` isn't defined
[2022-07-30 17:38:12,306] {taskinstance.py:1400} INFO - Marking task as UP_FOR_RETRY. dag_id=dag_with_postgres_operator, task_id=create_postgres_table, execution_date=20211221T000000, start_date=20220730T173811, end_date=20220730T173812
[2022-07-30 17:38:12,329] {standard_task_runner.py:97} ERROR - Failed to execute job 5 for task create_postgres_table (The conn_id `postgres_localhost` isn't defined; 368)
[2022-07-30 17:38:12,375] {local_task_job.py:156} INFO - Task exited with return code 1
[2022-07-30 17:38:12,456] {local_task_job.py:273} INFO - 0 downstream tasks scheduled from follow-on schedule check
[2022-07-30 23:44:45,872] {taskinstance.py:1159} INFO - Dependencies all met for <TaskInstance: dag_with_postgres_operator.create_postgres_table scheduled__2021-12-21T00:00:00+00:00 [queued]>
[2022-07-30 23:44:45,891] {taskinstance.py:1159} INFO - Dependencies all met for <TaskInstance: dag_with_postgres_operator.create_postgres_table scheduled__2021-12-21T00:00:00+00:00 [queued]>
[2022-07-30 23:44:45,891] {taskinstance.py:1356} INFO - 
--------------------------------------------------------------------------------
[2022-07-30 23:44:45,892] {taskinstance.py:1357} INFO - Starting attempt 1 of 6
[2022-07-30 23:44:45,892] {taskinstance.py:1358} INFO - 
--------------------------------------------------------------------------------
[2022-07-30 23:44:45,917] {taskinstance.py:1377} INFO - Executing <Task(PostgresOperator): create_postgres_table> on 2021-12-21 00:00:00+00:00
[2022-07-30 23:44:45,922] {standard_task_runner.py:52} INFO - Started process 4296 to run task
[2022-07-30 23:44:45,930] {standard_task_runner.py:79} INFO - Running: ['***', 'tasks', 'run', 'dag_with_postgres_operator', 'create_postgres_table', 'scheduled__2021-12-21T00:00:00+00:00', '--job-id', '1013', '--raw', '--subdir', 'DAGS_FOLDER/DAGWithPostgresOperator.py', '--cfg-path', '/tmp/tmptmmmsiyd', '--error-file', '/tmp/tmp7ijjisj5']
[2022-07-30 23:44:45,931] {standard_task_runner.py:80} INFO - Job 1013: Subtask create_postgres_table
[2022-07-30 23:44:46,018] {task_command.py:369} INFO - Running <TaskInstance: dag_with_postgres_operator.create_postgres_table scheduled__2021-12-21T00:00:00+00:00 [running]> on host 66bf18ec08cc
[2022-07-30 23:44:46,130] {taskinstance.py:1571} INFO - Exporting the following env vars:
AIRFLOW_CTX_DAG_OWNER=yosr
AIRFLOW_CTX_DAG_ID=dag_with_postgres_operator
AIRFLOW_CTX_TASK_ID=create_postgres_table
AIRFLOW_CTX_EXECUTION_DATE=2021-12-21T00:00:00+00:00
AIRFLOW_CTX_TRY_NUMBER=1
AIRFLOW_CTX_DAG_RUN_ID=scheduled__2021-12-21T00:00:00+00:00
[2022-07-30 23:44:46,142] {base.py:68} INFO - Using connection ID 'postgres_localhost' for task execution.
[2022-07-30 23:44:46,143] {taskinstance.py:1889} ERROR - Task failed with exception
Traceback (most recent call last):
  File "/home/airflow/.local/lib/python3.7/site-packages/airflow/providers/postgres/operators/postgres.py", line 92, in execute
    self.hook.run(self.sql, self.autocommit, parameters=self.parameters)
  File "/home/airflow/.local/lib/python3.7/site-packages/airflow/hooks/dbapi.py", line 181, in run
    with closing(self.get_conn()) as conn:
  File "/home/airflow/.local/lib/python3.7/site-packages/airflow/providers/postgres/hooks/postgres.py", line 113, in get_conn
    self.conn = psycopg2.connect(**conn_args)
  File "/home/airflow/.local/lib/python3.7/site-packages/psycopg2/__init__.py", line 122, in connect
    conn = _connect(dsn, connection_factory=connection_factory, **kwasync)
psycopg2.OperationalError: could not translate host name "host.docker.local " to address: Name or service not known

[2022-07-30 23:44:46,156] {taskinstance.py:1400} INFO - Marking task as UP_FOR_RETRY. dag_id=dag_with_postgres_operator, task_id=create_postgres_table, execution_date=20211221T000000, start_date=20220730T234445, end_date=20220730T234446
[2022-07-30 23:44:46,175] {standard_task_runner.py:97} ERROR - Failed to execute job 1013 for task create_postgres_table (could not translate host name "host.docker.local " to address: Name or service not known
; 4296)
[2022-07-30 23:44:46,195] {local_task_job.py:156} INFO - Task exited with return code 1
[2022-07-30 23:44:46,249] {local_task_job.py:273} INFO - 0 downstream tasks scheduled from follow-on schedule check
[2022-07-31 10:26:01,392] {taskinstance.py:1159} INFO - Dependencies all met for <TaskInstance: dag_with_postgres_operator.create_postgres_table scheduled__2021-12-21T00:00:00+00:00 [queued]>
[2022-07-31 10:26:01,406] {taskinstance.py:1159} INFO - Dependencies all met for <TaskInstance: dag_with_postgres_operator.create_postgres_table scheduled__2021-12-21T00:00:00+00:00 [queued]>
[2022-07-31 10:26:01,406] {taskinstance.py:1356} INFO - 
--------------------------------------------------------------------------------
[2022-07-31 10:26:01,406] {taskinstance.py:1357} INFO - Starting attempt 1 of 6
[2022-07-31 10:26:01,406] {taskinstance.py:1358} INFO - 
--------------------------------------------------------------------------------
[2022-07-31 10:26:01,429] {taskinstance.py:1377} INFO - Executing <Task(PostgresOperator): create_postgres_table> on 2021-12-21 00:00:00+00:00
[2022-07-31 10:26:01,434] {standard_task_runner.py:52} INFO - Started process 2514 to run task
[2022-07-31 10:26:01,437] {standard_task_runner.py:79} INFO - Running: ['***', 'tasks', 'run', 'dag_with_postgres_operator', 'create_postgres_table', 'scheduled__2021-12-21T00:00:00+00:00', '--job-id', '1415', '--raw', '--subdir', 'DAGS_FOLDER/DAGWithPostgresOperator.py', '--cfg-path', '/tmp/tmpll8n4tts', '--error-file', '/tmp/tmpci35sufi']
[2022-07-31 10:26:01,438] {standard_task_runner.py:80} INFO - Job 1415: Subtask create_postgres_table
[2022-07-31 10:26:01,505] {task_command.py:369} INFO - Running <TaskInstance: dag_with_postgres_operator.create_postgres_table scheduled__2021-12-21T00:00:00+00:00 [running]> on host 66bf18ec08cc
[2022-07-31 10:26:01,601] {taskinstance.py:1571} INFO - Exporting the following env vars:
AIRFLOW_CTX_DAG_OWNER=yosr
AIRFLOW_CTX_DAG_ID=dag_with_postgres_operator
AIRFLOW_CTX_TASK_ID=create_postgres_table
AIRFLOW_CTX_EXECUTION_DATE=2021-12-21T00:00:00+00:00
AIRFLOW_CTX_TRY_NUMBER=1
AIRFLOW_CTX_DAG_RUN_ID=scheduled__2021-12-21T00:00:00+00:00
[2022-07-31 10:26:01,614] {base.py:68} INFO - Using connection ID 'postgres_localhost' for task execution.
[2022-07-31 10:26:01,615] {taskinstance.py:1889} ERROR - Task failed with exception
Traceback (most recent call last):
  File "/home/airflow/.local/lib/python3.7/site-packages/airflow/providers/postgres/operators/postgres.py", line 92, in execute
    self.hook.run(self.sql, self.autocommit, parameters=self.parameters)
  File "/home/airflow/.local/lib/python3.7/site-packages/airflow/hooks/dbapi.py", line 181, in run
    with closing(self.get_conn()) as conn:
  File "/home/airflow/.local/lib/python3.7/site-packages/airflow/providers/postgres/hooks/postgres.py", line 113, in get_conn
    self.conn = psycopg2.connect(**conn_args)
  File "/home/airflow/.local/lib/python3.7/site-packages/psycopg2/__init__.py", line 122, in connect
    conn = _connect(dsn, connection_factory=connection_factory, **kwasync)
psycopg2.OperationalError: could not translate host name "host.docker.local " to address: Name or service not known

[2022-07-31 10:26:01,630] {taskinstance.py:1400} INFO - Marking task as UP_FOR_RETRY. dag_id=dag_with_postgres_operator, task_id=create_postgres_table, execution_date=20211221T000000, start_date=20220731T102601, end_date=20220731T102601
[2022-07-31 10:26:01,647] {standard_task_runner.py:97} ERROR - Failed to execute job 1415 for task create_postgres_table (could not translate host name "host.docker.local " to address: Name or service not known
; 2514)
[2022-07-31 10:26:01,695] {local_task_job.py:156} INFO - Task exited with return code 1
[2022-07-31 10:26:01,754] {local_task_job.py:273} INFO - 0 downstream tasks scheduled from follow-on schedule check
[2022-07-31 10:38:10,204] {taskinstance.py:1159} INFO - Dependencies all met for <TaskInstance: dag_with_postgres_operator.create_postgres_table scheduled__2021-12-21T00:00:00+00:00 [queued]>
[2022-07-31 10:38:10,223] {taskinstance.py:1159} INFO - Dependencies all met for <TaskInstance: dag_with_postgres_operator.create_postgres_table scheduled__2021-12-21T00:00:00+00:00 [queued]>
[2022-07-31 10:38:10,223] {taskinstance.py:1356} INFO - 
--------------------------------------------------------------------------------
[2022-07-31 10:38:10,223] {taskinstance.py:1357} INFO - Starting attempt 1 of 6
[2022-07-31 10:38:10,223] {taskinstance.py:1358} INFO - 
--------------------------------------------------------------------------------
[2022-07-31 10:38:10,250] {taskinstance.py:1377} INFO - Executing <Task(PostgresOperator): create_postgres_table> on 2021-12-21 00:00:00+00:00
[2022-07-31 10:38:10,256] {standard_task_runner.py:52} INFO - Started process 3167 to run task
[2022-07-31 10:38:10,261] {standard_task_runner.py:79} INFO - Running: ['***', 'tasks', 'run', 'dag_with_postgres_operator', 'create_postgres_table', 'scheduled__2021-12-21T00:00:00+00:00', '--job-id', '1463', '--raw', '--subdir', 'DAGS_FOLDER/DAGWithPostgresOperator.py', '--cfg-path', '/tmp/tmpnavmriie', '--error-file', '/tmp/tmpci5mfelo']
[2022-07-31 10:38:10,262] {standard_task_runner.py:80} INFO - Job 1463: Subtask create_postgres_table
[2022-07-31 10:38:10,359] {task_command.py:369} INFO - Running <TaskInstance: dag_with_postgres_operator.create_postgres_table scheduled__2021-12-21T00:00:00+00:00 [running]> on host 66bf18ec08cc
[2022-07-31 10:38:10,480] {taskinstance.py:1571} INFO - Exporting the following env vars:
AIRFLOW_CTX_DAG_OWNER=yosr
AIRFLOW_CTX_DAG_ID=dag_with_postgres_operator
AIRFLOW_CTX_TASK_ID=create_postgres_table
AIRFLOW_CTX_EXECUTION_DATE=2021-12-21T00:00:00+00:00
AIRFLOW_CTX_TRY_NUMBER=1
AIRFLOW_CTX_DAG_RUN_ID=scheduled__2021-12-21T00:00:00+00:00
[2022-07-31 10:38:10,494] {base.py:68} INFO - Using connection ID 'postgres_localhost' for task execution.
[2022-07-31 10:38:10,496] {taskinstance.py:1889} ERROR - Task failed with exception
Traceback (most recent call last):
  File "/home/airflow/.local/lib/python3.7/site-packages/airflow/providers/postgres/operators/postgres.py", line 92, in execute
    self.hook.run(self.sql, self.autocommit, parameters=self.parameters)
  File "/home/airflow/.local/lib/python3.7/site-packages/airflow/hooks/dbapi.py", line 181, in run
    with closing(self.get_conn()) as conn:
  File "/home/airflow/.local/lib/python3.7/site-packages/airflow/providers/postgres/hooks/postgres.py", line 113, in get_conn
    self.conn = psycopg2.connect(**conn_args)
  File "/home/airflow/.local/lib/python3.7/site-packages/psycopg2/__init__.py", line 122, in connect
    conn = _connect(dsn, connection_factory=connection_factory, **kwasync)
psycopg2.OperationalError: could not translate host name "host.docker.internal " to address: Name or service not known

[2022-07-31 10:38:10,519] {taskinstance.py:1400} INFO - Marking task as UP_FOR_RETRY. dag_id=dag_with_postgres_operator, task_id=create_postgres_table, execution_date=20211221T000000, start_date=20220731T103810, end_date=20220731T103810
[2022-07-31 10:38:10,541] {standard_task_runner.py:97} ERROR - Failed to execute job 1463 for task create_postgres_table (could not translate host name "host.docker.internal " to address: Name or service not known
; 3167)
[2022-07-31 10:38:10,564] {local_task_job.py:156} INFO - Task exited with return code 1
[2022-07-31 10:38:10,712] {local_task_job.py:273} INFO - 0 downstream tasks scheduled from follow-on schedule check
[2022-07-31 13:09:55,050] {taskinstance.py:1159} INFO - Dependencies all met for <TaskInstance: dag_with_postgres_operator.create_postgres_table scheduled__2021-12-21T00:00:00+00:00 [queued]>
[2022-07-31 13:09:55,068] {taskinstance.py:1159} INFO - Dependencies all met for <TaskInstance: dag_with_postgres_operator.create_postgres_table scheduled__2021-12-21T00:00:00+00:00 [queued]>
[2022-07-31 13:09:55,068] {taskinstance.py:1356} INFO - 
--------------------------------------------------------------------------------
[2022-07-31 13:09:55,068] {taskinstance.py:1357} INFO - Starting attempt 1 of 6
[2022-07-31 13:09:55,068] {taskinstance.py:1358} INFO - 
--------------------------------------------------------------------------------
[2022-07-31 13:09:55,091] {taskinstance.py:1377} INFO - Executing <Task(PostgresOperator): create_postgres_table> on 2021-12-21 00:00:00+00:00
[2022-07-31 13:09:55,096] {standard_task_runner.py:52} INFO - Started process 769 to run task
[2022-07-31 13:09:55,101] {standard_task_runner.py:79} INFO - Running: ['***', 'tasks', 'run', 'dag_with_postgres_operator', 'create_postgres_table', 'scheduled__2021-12-21T00:00:00+00:00', '--job-id', '5', '--raw', '--subdir', 'DAGS_FOLDER/DAGWithPostgresOperator.py', '--cfg-path', '/tmp/tmp9bfdlx3v', '--error-file', '/tmp/tmpkcdtsv73']
[2022-07-31 13:09:55,102] {standard_task_runner.py:80} INFO - Job 5: Subtask create_postgres_table
[2022-07-31 13:09:55,182] {task_command.py:369} INFO - Running <TaskInstance: dag_with_postgres_operator.create_postgres_table scheduled__2021-12-21T00:00:00+00:00 [running]> on host 4688dd3b7141
[2022-07-31 13:09:55,299] {taskinstance.py:1571} INFO - Exporting the following env vars:
AIRFLOW_CTX_DAG_OWNER=yosr
AIRFLOW_CTX_DAG_ID=dag_with_postgres_operator
AIRFLOW_CTX_TASK_ID=create_postgres_table
AIRFLOW_CTX_EXECUTION_DATE=2021-12-21T00:00:00+00:00
AIRFLOW_CTX_TRY_NUMBER=1
AIRFLOW_CTX_DAG_RUN_ID=scheduled__2021-12-21T00:00:00+00:00
[2022-07-31 13:09:55,333] {taskinstance.py:1889} ERROR - Task failed with exception
Traceback (most recent call last):
  File "/home/airflow/.local/lib/python3.7/site-packages/airflow/providers/postgres/operators/postgres.py", line 92, in execute
    self.hook.run(self.sql, self.autocommit, parameters=self.parameters)
  File "/home/airflow/.local/lib/python3.7/site-packages/airflow/hooks/dbapi.py", line 181, in run
    with closing(self.get_conn()) as conn:
  File "/home/airflow/.local/lib/python3.7/site-packages/airflow/providers/postgres/hooks/postgres.py", line 86, in get_conn
    conn = deepcopy(self.connection or self.get_connection(conn_id))
  File "/home/airflow/.local/lib/python3.7/site-packages/airflow/hooks/base.py", line 67, in get_connection
    conn = Connection.get_connection_from_secrets(conn_id)
  File "/home/airflow/.local/lib/python3.7/site-packages/airflow/models/connection.py", line 430, in get_connection_from_secrets
    raise AirflowNotFoundException(f"The conn_id `{conn_id}` isn't defined")
airflow.exceptions.AirflowNotFoundException: The conn_id `postgres_localhost` isn't defined
[2022-07-31 13:09:55,338] {taskinstance.py:1400} INFO - Marking task as UP_FOR_RETRY. dag_id=dag_with_postgres_operator, task_id=create_postgres_table, execution_date=20211221T000000, start_date=20220731T130955, end_date=20220731T130955
[2022-07-31 13:09:55,353] {standard_task_runner.py:97} ERROR - Failed to execute job 5 for task create_postgres_table (The conn_id `postgres_localhost` isn't defined; 769)
[2022-07-31 13:09:55,398] {local_task_job.py:156} INFO - Task exited with return code 1
[2022-07-31 13:09:55,448] {local_task_job.py:273} INFO - 0 downstream tasks scheduled from follow-on schedule check
