[2022-07-30 17:43:12,907] {taskinstance.py:1159} INFO - Dependencies all met for <TaskInstance: dag_with_postgres_operator.create_postgres_table scheduled__2021-12-21T00:00:00+00:00 [queued]>
[2022-07-30 17:43:12,935] {taskinstance.py:1159} INFO - Dependencies all met for <TaskInstance: dag_with_postgres_operator.create_postgres_table scheduled__2021-12-21T00:00:00+00:00 [queued]>
[2022-07-30 17:43:12,935] {taskinstance.py:1356} INFO - 
--------------------------------------------------------------------------------
[2022-07-30 17:43:12,935] {taskinstance.py:1357} INFO - Starting attempt 2 of 6
[2022-07-30 17:43:12,935] {taskinstance.py:1358} INFO - 
--------------------------------------------------------------------------------
[2022-07-30 17:43:12,971] {taskinstance.py:1377} INFO - Executing <Task(PostgresOperator): create_postgres_table> on 2021-12-21 00:00:00+00:00
[2022-07-30 17:43:12,977] {standard_task_runner.py:52} INFO - Started process 633 to run task
[2022-07-30 17:43:12,984] {standard_task_runner.py:79} INFO - Running: ['***', 'tasks', 'run', 'dag_with_postgres_operator', 'create_postgres_table', 'scheduled__2021-12-21T00:00:00+00:00', '--job-id', '20', '--raw', '--subdir', 'DAGS_FOLDER/DAGWithPostgresOperator.py', '--cfg-path', '/tmp/tmpgx70l8ab', '--error-file', '/tmp/tmptpsrf7dd']
[2022-07-30 17:43:12,984] {standard_task_runner.py:80} INFO - Job 20: Subtask create_postgres_table
[2022-07-30 17:43:13,067] {task_command.py:369} INFO - Running <TaskInstance: dag_with_postgres_operator.create_postgres_table scheduled__2021-12-21T00:00:00+00:00 [running]> on host 66bf18ec08cc
[2022-07-30 17:43:13,194] {taskinstance.py:1571} INFO - Exporting the following env vars:
AIRFLOW_CTX_DAG_OWNER=yosr
AIRFLOW_CTX_DAG_ID=dag_with_postgres_operator
AIRFLOW_CTX_TASK_ID=create_postgres_table
AIRFLOW_CTX_EXECUTION_DATE=2021-12-21T00:00:00+00:00
AIRFLOW_CTX_TRY_NUMBER=2
AIRFLOW_CTX_DAG_RUN_ID=scheduled__2021-12-21T00:00:00+00:00
[2022-07-30 17:43:13,216] {base.py:68} INFO - Using connection ID 'postgres_localhost' for task execution.
[2022-07-30 17:43:28,233] {taskinstance.py:1889} ERROR - Task failed with exception
Traceback (most recent call last):
  File "/home/airflow/.local/lib/python3.7/site-packages/airflow/providers/postgres/operators/postgres.py", line 92, in execute
    self.hook.run(self.sql, self.autocommit, parameters=self.parameters)
  File "/home/airflow/.local/lib/python3.7/site-packages/airflow/hooks/dbapi.py", line 181, in run
    with closing(self.get_conn()) as conn:
  File "/home/airflow/.local/lib/python3.7/site-packages/airflow/providers/postgres/hooks/postgres.py", line 113, in get_conn
    self.conn = psycopg2.connect(**conn_args)
  File "/home/airflow/.local/lib/python3.7/site-packages/psycopg2/__init__.py", line 122, in connect
    conn = _connect(dsn, connection_factory=connection_factory, **kwasync)
psycopg2.OperationalError: could not translate host name "host.docker.local" to address: Temporary failure in name resolution

[2022-07-30 17:43:28,249] {taskinstance.py:1400} INFO - Marking task as UP_FOR_RETRY. dag_id=dag_with_postgres_operator, task_id=create_postgres_table, execution_date=20211221T000000, start_date=20220730T174312, end_date=20220730T174328
[2022-07-30 17:43:28,423] {standard_task_runner.py:97} ERROR - Failed to execute job 20 for task create_postgres_table (could not translate host name "host.docker.local" to address: Temporary failure in name resolution
; 633)
[2022-07-30 17:43:28,442] {local_task_job.py:156} INFO - Task exited with return code 1
[2022-07-30 17:43:28,540] {local_task_job.py:273} INFO - 0 downstream tasks scheduled from follow-on schedule check
[2022-07-30 23:49:47,028] {taskinstance.py:1159} INFO - Dependencies all met for <TaskInstance: dag_with_postgres_operator.create_postgres_table scheduled__2021-12-21T00:00:00+00:00 [queued]>
[2022-07-30 23:49:47,056] {taskinstance.py:1159} INFO - Dependencies all met for <TaskInstance: dag_with_postgres_operator.create_postgres_table scheduled__2021-12-21T00:00:00+00:00 [queued]>
[2022-07-30 23:49:47,056] {taskinstance.py:1356} INFO - 
--------------------------------------------------------------------------------
[2022-07-30 23:49:47,057] {taskinstance.py:1357} INFO - Starting attempt 2 of 6
[2022-07-30 23:49:47,057] {taskinstance.py:1358} INFO - 
--------------------------------------------------------------------------------
[2022-07-30 23:49:47,079] {taskinstance.py:1377} INFO - Executing <Task(PostgresOperator): create_postgres_table> on 2021-12-21 00:00:00+00:00
[2022-07-30 23:49:47,084] {standard_task_runner.py:52} INFO - Started process 4553 to run task
[2022-07-30 23:49:47,089] {standard_task_runner.py:79} INFO - Running: ['***', 'tasks', 'run', 'dag_with_postgres_operator', 'create_postgres_table', 'scheduled__2021-12-21T00:00:00+00:00', '--job-id', '1027', '--raw', '--subdir', 'DAGS_FOLDER/DAGWithPostgresOperator.py', '--cfg-path', '/tmp/tmpfg1xz2o4', '--error-file', '/tmp/tmpxlt2fn7i']
[2022-07-30 23:49:47,089] {standard_task_runner.py:80} INFO - Job 1027: Subtask create_postgres_table
[2022-07-30 23:49:47,194] {task_command.py:369} INFO - Running <TaskInstance: dag_with_postgres_operator.create_postgres_table scheduled__2021-12-21T00:00:00+00:00 [running]> on host 66bf18ec08cc
[2022-07-30 23:49:47,317] {taskinstance.py:1571} INFO - Exporting the following env vars:
AIRFLOW_CTX_DAG_OWNER=yosr
AIRFLOW_CTX_DAG_ID=dag_with_postgres_operator
AIRFLOW_CTX_TASK_ID=create_postgres_table
AIRFLOW_CTX_EXECUTION_DATE=2021-12-21T00:00:00+00:00
AIRFLOW_CTX_TRY_NUMBER=2
AIRFLOW_CTX_DAG_RUN_ID=scheduled__2021-12-21T00:00:00+00:00
[2022-07-30 23:49:47,333] {base.py:68} INFO - Using connection ID 'postgres_localhost' for task execution.
[2022-07-30 23:49:47,336] {taskinstance.py:1889} ERROR - Task failed with exception
Traceback (most recent call last):
  File "/home/airflow/.local/lib/python3.7/site-packages/airflow/providers/postgres/operators/postgres.py", line 92, in execute
    self.hook.run(self.sql, self.autocommit, parameters=self.parameters)
  File "/home/airflow/.local/lib/python3.7/site-packages/airflow/hooks/dbapi.py", line 181, in run
    with closing(self.get_conn()) as conn:
  File "/home/airflow/.local/lib/python3.7/site-packages/airflow/providers/postgres/hooks/postgres.py", line 113, in get_conn
    self.conn = psycopg2.connect(**conn_args)
  File "/home/airflow/.local/lib/python3.7/site-packages/psycopg2/__init__.py", line 122, in connect
    conn = _connect(dsn, connection_factory=connection_factory, **kwasync)
psycopg2.OperationalError: could not translate host name "host.docker.local " to address: Name or service not known

[2022-07-30 23:49:47,357] {taskinstance.py:1400} INFO - Marking task as UP_FOR_RETRY. dag_id=dag_with_postgres_operator, task_id=create_postgres_table, execution_date=20211221T000000, start_date=20220730T234947, end_date=20220730T234947
[2022-07-30 23:49:47,379] {standard_task_runner.py:97} ERROR - Failed to execute job 1027 for task create_postgres_table (could not translate host name "host.docker.local " to address: Name or service not known
; 4553)
[2022-07-30 23:49:47,391] {local_task_job.py:156} INFO - Task exited with return code 1
[2022-07-30 23:49:47,497] {local_task_job.py:273} INFO - 0 downstream tasks scheduled from follow-on schedule check
[2022-07-31 10:31:02,628] {taskinstance.py:1159} INFO - Dependencies all met for <TaskInstance: dag_with_postgres_operator.create_postgres_table scheduled__2021-12-21T00:00:00+00:00 [queued]>
[2022-07-31 10:31:02,649] {taskinstance.py:1159} INFO - Dependencies all met for <TaskInstance: dag_with_postgres_operator.create_postgres_table scheduled__2021-12-21T00:00:00+00:00 [queued]>
[2022-07-31 10:31:02,650] {taskinstance.py:1356} INFO - 
--------------------------------------------------------------------------------
[2022-07-31 10:31:02,650] {taskinstance.py:1357} INFO - Starting attempt 2 of 6
[2022-07-31 10:31:02,650] {taskinstance.py:1358} INFO - 
--------------------------------------------------------------------------------
[2022-07-31 10:31:02,670] {taskinstance.py:1377} INFO - Executing <Task(PostgresOperator): create_postgres_table> on 2021-12-21 00:00:00+00:00
[2022-07-31 10:31:02,676] {standard_task_runner.py:52} INFO - Started process 2770 to run task
[2022-07-31 10:31:02,679] {standard_task_runner.py:79} INFO - Running: ['***', 'tasks', 'run', 'dag_with_postgres_operator', 'create_postgres_table', 'scheduled__2021-12-21T00:00:00+00:00', '--job-id', '1429', '--raw', '--subdir', 'DAGS_FOLDER/DAGWithPostgresOperator.py', '--cfg-path', '/tmp/tmpe_1bvkp6', '--error-file', '/tmp/tmpay4byuj3']
[2022-07-31 10:31:02,680] {standard_task_runner.py:80} INFO - Job 1429: Subtask create_postgres_table
[2022-07-31 10:31:02,765] {task_command.py:369} INFO - Running <TaskInstance: dag_with_postgres_operator.create_postgres_table scheduled__2021-12-21T00:00:00+00:00 [running]> on host 66bf18ec08cc
[2022-07-31 10:31:02,872] {taskinstance.py:1571} INFO - Exporting the following env vars:
AIRFLOW_CTX_DAG_OWNER=yosr
AIRFLOW_CTX_DAG_ID=dag_with_postgres_operator
AIRFLOW_CTX_TASK_ID=create_postgres_table
AIRFLOW_CTX_EXECUTION_DATE=2021-12-21T00:00:00+00:00
AIRFLOW_CTX_TRY_NUMBER=2
AIRFLOW_CTX_DAG_RUN_ID=scheduled__2021-12-21T00:00:00+00:00
[2022-07-31 10:31:02,888] {base.py:68} INFO - Using connection ID 'postgres_localhost' for task execution.
[2022-07-31 10:31:02,890] {taskinstance.py:1889} ERROR - Task failed with exception
Traceback (most recent call last):
  File "/home/airflow/.local/lib/python3.7/site-packages/airflow/providers/postgres/operators/postgres.py", line 92, in execute
    self.hook.run(self.sql, self.autocommit, parameters=self.parameters)
  File "/home/airflow/.local/lib/python3.7/site-packages/airflow/hooks/dbapi.py", line 181, in run
    with closing(self.get_conn()) as conn:
  File "/home/airflow/.local/lib/python3.7/site-packages/airflow/providers/postgres/hooks/postgres.py", line 113, in get_conn
    self.conn = psycopg2.connect(**conn_args)
  File "/home/airflow/.local/lib/python3.7/site-packages/psycopg2/__init__.py", line 122, in connect
    conn = _connect(dsn, connection_factory=connection_factory, **kwasync)
psycopg2.OperationalError: could not translate host name "host.docker.local " to address: Name or service not known

[2022-07-31 10:31:02,906] {taskinstance.py:1400} INFO - Marking task as UP_FOR_RETRY. dag_id=dag_with_postgres_operator, task_id=create_postgres_table, execution_date=20211221T000000, start_date=20220731T103102, end_date=20220731T103102
[2022-07-31 10:31:02,926] {standard_task_runner.py:97} ERROR - Failed to execute job 1429 for task create_postgres_table (could not translate host name "host.docker.local " to address: Name or service not known
; 2770)
[2022-07-31 10:31:02,940] {local_task_job.py:156} INFO - Task exited with return code 1
[2022-07-31 10:31:03,010] {local_task_job.py:273} INFO - 0 downstream tasks scheduled from follow-on schedule check
[2022-07-31 10:43:11,521] {taskinstance.py:1159} INFO - Dependencies all met for <TaskInstance: dag_with_postgres_operator.create_postgres_table scheduled__2021-12-21T00:00:00+00:00 [queued]>
[2022-07-31 10:43:11,540] {taskinstance.py:1159} INFO - Dependencies all met for <TaskInstance: dag_with_postgres_operator.create_postgres_table scheduled__2021-12-21T00:00:00+00:00 [queued]>
[2022-07-31 10:43:11,540] {taskinstance.py:1356} INFO - 
--------------------------------------------------------------------------------
[2022-07-31 10:43:11,541] {taskinstance.py:1357} INFO - Starting attempt 2 of 6
[2022-07-31 10:43:11,541] {taskinstance.py:1358} INFO - 
--------------------------------------------------------------------------------
[2022-07-31 10:43:11,559] {taskinstance.py:1377} INFO - Executing <Task(PostgresOperator): create_postgres_table> on 2021-12-21 00:00:00+00:00
[2022-07-31 10:43:11,564] {standard_task_runner.py:52} INFO - Started process 3426 to run task
[2022-07-31 10:43:11,568] {standard_task_runner.py:79} INFO - Running: ['***', 'tasks', 'run', 'dag_with_postgres_operator', 'create_postgres_table', 'scheduled__2021-12-21T00:00:00+00:00', '--job-id', '1481', '--raw', '--subdir', 'DAGS_FOLDER/DAGWithPostgresOperator.py', '--cfg-path', '/tmp/tmp03no4v6y', '--error-file', '/tmp/tmpq_icj4kw']
[2022-07-31 10:43:11,569] {standard_task_runner.py:80} INFO - Job 1481: Subtask create_postgres_table
[2022-07-31 10:43:11,651] {task_command.py:369} INFO - Running <TaskInstance: dag_with_postgres_operator.create_postgres_table scheduled__2021-12-21T00:00:00+00:00 [running]> on host 66bf18ec08cc
[2022-07-31 10:43:11,759] {taskinstance.py:1571} INFO - Exporting the following env vars:
AIRFLOW_CTX_DAG_OWNER=yosr
AIRFLOW_CTX_DAG_ID=dag_with_postgres_operator
AIRFLOW_CTX_TASK_ID=create_postgres_table
AIRFLOW_CTX_EXECUTION_DATE=2021-12-21T00:00:00+00:00
AIRFLOW_CTX_TRY_NUMBER=2
AIRFLOW_CTX_DAG_RUN_ID=scheduled__2021-12-21T00:00:00+00:00
[2022-07-31 10:43:11,774] {base.py:68} INFO - Using connection ID 'postgres_localhost' for task execution.
[2022-07-31 10:43:11,775] {taskinstance.py:1889} ERROR - Task failed with exception
Traceback (most recent call last):
  File "/home/airflow/.local/lib/python3.7/site-packages/airflow/providers/postgres/operators/postgres.py", line 92, in execute
    self.hook.run(self.sql, self.autocommit, parameters=self.parameters)
  File "/home/airflow/.local/lib/python3.7/site-packages/airflow/hooks/dbapi.py", line 181, in run
    with closing(self.get_conn()) as conn:
  File "/home/airflow/.local/lib/python3.7/site-packages/airflow/providers/postgres/hooks/postgres.py", line 113, in get_conn
    self.conn = psycopg2.connect(**conn_args)
  File "/home/airflow/.local/lib/python3.7/site-packages/psycopg2/__init__.py", line 122, in connect
    conn = _connect(dsn, connection_factory=connection_factory, **kwasync)
psycopg2.OperationalError: could not translate host name "host.docker.internal " to address: Name or service not known

[2022-07-31 10:43:11,789] {taskinstance.py:1400} INFO - Marking task as UP_FOR_RETRY. dag_id=dag_with_postgres_operator, task_id=create_postgres_table, execution_date=20211221T000000, start_date=20220731T104311, end_date=20220731T104311
[2022-07-31 10:43:11,805] {standard_task_runner.py:97} ERROR - Failed to execute job 1481 for task create_postgres_table (could not translate host name "host.docker.internal " to address: Name or service not known
; 3426)
[2022-07-31 10:43:11,827] {local_task_job.py:156} INFO - Task exited with return code 1
[2022-07-31 10:43:11,888] {local_task_job.py:273} INFO - 0 downstream tasks scheduled from follow-on schedule check
[2022-07-31 13:14:55,670] {taskinstance.py:1159} INFO - Dependencies all met for <TaskInstance: dag_with_postgres_operator.create_postgres_table scheduled__2021-12-21T00:00:00+00:00 [queued]>
[2022-07-31 13:14:55,684] {taskinstance.py:1159} INFO - Dependencies all met for <TaskInstance: dag_with_postgres_operator.create_postgres_table scheduled__2021-12-21T00:00:00+00:00 [queued]>
[2022-07-31 13:14:55,684] {taskinstance.py:1356} INFO - 
--------------------------------------------------------------------------------
[2022-07-31 13:14:55,684] {taskinstance.py:1357} INFO - Starting attempt 2 of 6
[2022-07-31 13:14:55,684] {taskinstance.py:1358} INFO - 
--------------------------------------------------------------------------------
[2022-07-31 13:14:55,702] {taskinstance.py:1377} INFO - Executing <Task(PostgresOperator): create_postgres_table> on 2021-12-21 00:00:00+00:00
[2022-07-31 13:14:55,709] {standard_task_runner.py:52} INFO - Started process 1024 to run task
[2022-07-31 13:14:55,712] {standard_task_runner.py:79} INFO - Running: ['***', 'tasks', 'run', 'dag_with_postgres_operator', 'create_postgres_table', 'scheduled__2021-12-21T00:00:00+00:00', '--job-id', '21', '--raw', '--subdir', 'DAGS_FOLDER/DAGWithPostgresOperator.py', '--cfg-path', '/tmp/tmphqyxt0o0', '--error-file', '/tmp/tmpo9gb_60i']
[2022-07-31 13:14:55,713] {standard_task_runner.py:80} INFO - Job 21: Subtask create_postgres_table
[2022-07-31 13:14:55,788] {task_command.py:369} INFO - Running <TaskInstance: dag_with_postgres_operator.create_postgres_table scheduled__2021-12-21T00:00:00+00:00 [running]> on host 4688dd3b7141
[2022-07-31 13:14:55,894] {taskinstance.py:1571} INFO - Exporting the following env vars:
AIRFLOW_CTX_DAG_OWNER=yosr
AIRFLOW_CTX_DAG_ID=dag_with_postgres_operator
AIRFLOW_CTX_TASK_ID=create_postgres_table
AIRFLOW_CTX_EXECUTION_DATE=2021-12-21T00:00:00+00:00
AIRFLOW_CTX_TRY_NUMBER=2
AIRFLOW_CTX_DAG_RUN_ID=scheduled__2021-12-21T00:00:00+00:00
[2022-07-31 13:14:55,937] {taskinstance.py:1889} ERROR - Task failed with exception
Traceback (most recent call last):
  File "/home/airflow/.local/lib/python3.7/site-packages/airflow/providers/postgres/operators/postgres.py", line 92, in execute
    self.hook.run(self.sql, self.autocommit, parameters=self.parameters)
  File "/home/airflow/.local/lib/python3.7/site-packages/airflow/hooks/dbapi.py", line 181, in run
    with closing(self.get_conn()) as conn:
  File "/home/airflow/.local/lib/python3.7/site-packages/airflow/providers/postgres/hooks/postgres.py", line 86, in get_conn
    conn = deepcopy(self.connection or self.get_connection(conn_id))
  File "/home/airflow/.local/lib/python3.7/site-packages/airflow/hooks/base.py", line 67, in get_connection
    conn = Connection.get_connection_from_secrets(conn_id)
  File "/home/airflow/.local/lib/python3.7/site-packages/airflow/models/connection.py", line 430, in get_connection_from_secrets
    raise AirflowNotFoundException(f"The conn_id `{conn_id}` isn't defined")
airflow.exceptions.AirflowNotFoundException: The conn_id `postgres_localhost` isn't defined
[2022-07-31 13:14:55,943] {taskinstance.py:1400} INFO - Marking task as UP_FOR_RETRY. dag_id=dag_with_postgres_operator, task_id=create_postgres_table, execution_date=20211221T000000, start_date=20220731T131455, end_date=20220731T131455
[2022-07-31 13:14:55,960] {standard_task_runner.py:97} ERROR - Failed to execute job 21 for task create_postgres_table (The conn_id `postgres_localhost` isn't defined; 1024)
[2022-07-31 13:14:55,970] {local_task_job.py:156} INFO - Task exited with return code 1
[2022-07-31 13:14:56,024] {local_task_job.py:273} INFO - 0 downstream tasks scheduled from follow-on schedule check
