[2022-07-30 17:58:31,834] {taskinstance.py:1159} INFO - Dependencies all met for <TaskInstance: dag_with_postgres_operator.create_postgres_table scheduled__2021-12-21T00:00:00+00:00 [queued]>
[2022-07-30 17:58:31,859] {taskinstance.py:1159} INFO - Dependencies all met for <TaskInstance: dag_with_postgres_operator.create_postgres_table scheduled__2021-12-21T00:00:00+00:00 [queued]>
[2022-07-30 17:58:31,859] {taskinstance.py:1356} INFO - 
--------------------------------------------------------------------------------
[2022-07-30 17:58:31,859] {taskinstance.py:1357} INFO - Starting attempt 5 of 6
[2022-07-30 17:58:31,859] {taskinstance.py:1358} INFO - 
--------------------------------------------------------------------------------
[2022-07-30 17:58:31,879] {taskinstance.py:1377} INFO - Executing <Task(PostgresOperator): create_postgres_table> on 2021-12-21 00:00:00+00:00
[2022-07-30 17:58:31,885] {standard_task_runner.py:52} INFO - Started process 1422 to run task
[2022-07-30 17:58:31,889] {standard_task_runner.py:79} INFO - Running: ['***', 'tasks', 'run', 'dag_with_postgres_operator', 'create_postgres_table', 'scheduled__2021-12-21T00:00:00+00:00', '--job-id', '72', '--raw', '--subdir', 'DAGS_FOLDER/DAGWithPostgresOperator.py', '--cfg-path', '/tmp/tmp46_7_1y1', '--error-file', '/tmp/tmp4kqbjoha']
[2022-07-30 17:58:31,890] {standard_task_runner.py:80} INFO - Job 72: Subtask create_postgres_table
[2022-07-30 17:58:31,996] {task_command.py:369} INFO - Running <TaskInstance: dag_with_postgres_operator.create_postgres_table scheduled__2021-12-21T00:00:00+00:00 [running]> on host 66bf18ec08cc
[2022-07-30 17:58:32,128] {taskinstance.py:1571} INFO - Exporting the following env vars:
AIRFLOW_CTX_DAG_OWNER=yosr
AIRFLOW_CTX_DAG_ID=dag_with_postgres_operator
AIRFLOW_CTX_TASK_ID=create_postgres_table
AIRFLOW_CTX_EXECUTION_DATE=2021-12-21T00:00:00+00:00
AIRFLOW_CTX_TRY_NUMBER=5
AIRFLOW_CTX_DAG_RUN_ID=scheduled__2021-12-21T00:00:00+00:00
[2022-07-30 17:58:32,143] {base.py:68} INFO - Using connection ID 'postgres_localhost' for task execution.
[2022-07-30 17:58:32,145] {taskinstance.py:1889} ERROR - Task failed with exception
Traceback (most recent call last):
  File "/home/airflow/.local/lib/python3.7/site-packages/airflow/providers/postgres/operators/postgres.py", line 92, in execute
    self.hook.run(self.sql, self.autocommit, parameters=self.parameters)
  File "/home/airflow/.local/lib/python3.7/site-packages/airflow/hooks/dbapi.py", line 181, in run
    with closing(self.get_conn()) as conn:
  File "/home/airflow/.local/lib/python3.7/site-packages/airflow/providers/postgres/hooks/postgres.py", line 113, in get_conn
    self.conn = psycopg2.connect(**conn_args)
  File "/home/airflow/.local/lib/python3.7/site-packages/psycopg2/__init__.py", line 122, in connect
    conn = _connect(dsn, connection_factory=connection_factory, **kwasync)
psycopg2.OperationalError: could not translate host name "host.docker.internal " to address: Name or service not known

[2022-07-30 17:58:32,159] {taskinstance.py:1400} INFO - Marking task as UP_FOR_RETRY. dag_id=dag_with_postgres_operator, task_id=create_postgres_table, execution_date=20211221T000000, start_date=20220730T175831, end_date=20220730T175832
[2022-07-30 17:58:32,174] {standard_task_runner.py:97} ERROR - Failed to execute job 72 for task create_postgres_table (could not translate host name "host.docker.internal " to address: Name or service not known
; 1422)
[2022-07-30 17:58:32,198] {local_task_job.py:156} INFO - Task exited with return code 1
[2022-07-30 17:58:32,258] {local_task_job.py:273} INFO - 0 downstream tasks scheduled from follow-on schedule check
[2022-07-31 00:04:49,850] {taskinstance.py:1159} INFO - Dependencies all met for <TaskInstance: dag_with_postgres_operator.create_postgres_table scheduled__2021-12-21T00:00:00+00:00 [queued]>
[2022-07-31 00:04:49,870] {taskinstance.py:1159} INFO - Dependencies all met for <TaskInstance: dag_with_postgres_operator.create_postgres_table scheduled__2021-12-21T00:00:00+00:00 [queued]>
[2022-07-31 00:04:49,871] {taskinstance.py:1356} INFO - 
--------------------------------------------------------------------------------
[2022-07-31 00:04:49,871] {taskinstance.py:1357} INFO - Starting attempt 5 of 6
[2022-07-31 00:04:49,871] {taskinstance.py:1358} INFO - 
--------------------------------------------------------------------------------
[2022-07-31 00:04:49,893] {taskinstance.py:1377} INFO - Executing <Task(PostgresOperator): create_postgres_table> on 2021-12-21 00:00:00+00:00
[2022-07-31 00:04:49,899] {standard_task_runner.py:52} INFO - Started process 5343 to run task
[2022-07-31 00:04:49,904] {standard_task_runner.py:79} INFO - Running: ['***', 'tasks', 'run', 'dag_with_postgres_operator', 'create_postgres_table', 'scheduled__2021-12-21T00:00:00+00:00', '--job-id', '1075', '--raw', '--subdir', 'DAGS_FOLDER/DAGWithPostgresOperator.py', '--cfg-path', '/tmp/tmpo5axxeb1', '--error-file', '/tmp/tmp8u_wo40c']
[2022-07-31 00:04:49,907] {standard_task_runner.py:80} INFO - Job 1075: Subtask create_postgres_table
[2022-07-31 00:04:49,997] {task_command.py:369} INFO - Running <TaskInstance: dag_with_postgres_operator.create_postgres_table scheduled__2021-12-21T00:00:00+00:00 [running]> on host 66bf18ec08cc
[2022-07-31 00:04:50,105] {taskinstance.py:1571} INFO - Exporting the following env vars:
AIRFLOW_CTX_DAG_OWNER=yosr
AIRFLOW_CTX_DAG_ID=dag_with_postgres_operator
AIRFLOW_CTX_TASK_ID=create_postgres_table
AIRFLOW_CTX_EXECUTION_DATE=2021-12-21T00:00:00+00:00
AIRFLOW_CTX_TRY_NUMBER=5
AIRFLOW_CTX_DAG_RUN_ID=scheduled__2021-12-21T00:00:00+00:00
[2022-07-31 00:04:50,126] {base.py:68} INFO - Using connection ID 'postgres_localhost' for task execution.
[2022-07-31 00:04:50,127] {taskinstance.py:1889} ERROR - Task failed with exception
Traceback (most recent call last):
  File "/home/airflow/.local/lib/python3.7/site-packages/airflow/providers/postgres/operators/postgres.py", line 92, in execute
    self.hook.run(self.sql, self.autocommit, parameters=self.parameters)
  File "/home/airflow/.local/lib/python3.7/site-packages/airflow/hooks/dbapi.py", line 181, in run
    with closing(self.get_conn()) as conn:
  File "/home/airflow/.local/lib/python3.7/site-packages/airflow/providers/postgres/hooks/postgres.py", line 113, in get_conn
    self.conn = psycopg2.connect(**conn_args)
  File "/home/airflow/.local/lib/python3.7/site-packages/psycopg2/__init__.py", line 122, in connect
    conn = _connect(dsn, connection_factory=connection_factory, **kwasync)
psycopg2.OperationalError: could not translate host name "host.docker.local " to address: Name or service not known

[2022-07-31 00:04:50,142] {taskinstance.py:1400} INFO - Marking task as UP_FOR_RETRY. dag_id=dag_with_postgres_operator, task_id=create_postgres_table, execution_date=20211221T000000, start_date=20220731T000449, end_date=20220731T000450
[2022-07-31 00:04:50,158] {standard_task_runner.py:97} ERROR - Failed to execute job 1075 for task create_postgres_table (could not translate host name "host.docker.local " to address: Name or service not known
; 5343)
[2022-07-31 00:04:50,203] {local_task_job.py:156} INFO - Task exited with return code 1
[2022-07-31 00:04:50,300] {local_task_job.py:273} INFO - 0 downstream tasks scheduled from follow-on schedule check
[2022-07-31 10:58:14,990] {taskinstance.py:1159} INFO - Dependencies all met for <TaskInstance: dag_with_postgres_operator.create_postgres_table scheduled__2021-12-21T00:00:00+00:00 [queued]>
[2022-07-31 10:58:15,017] {taskinstance.py:1159} INFO - Dependencies all met for <TaskInstance: dag_with_postgres_operator.create_postgres_table scheduled__2021-12-21T00:00:00+00:00 [queued]>
[2022-07-31 10:58:15,017] {taskinstance.py:1356} INFO - 
--------------------------------------------------------------------------------
[2022-07-31 10:58:15,017] {taskinstance.py:1357} INFO - Starting attempt 5 of 6
[2022-07-31 10:58:15,017] {taskinstance.py:1358} INFO - 
--------------------------------------------------------------------------------
[2022-07-31 10:58:15,046] {taskinstance.py:1377} INFO - Executing <Task(PostgresOperator): create_postgres_table> on 2021-12-21 00:00:00+00:00
[2022-07-31 10:58:15,052] {standard_task_runner.py:52} INFO - Started process 4226 to run task
[2022-07-31 10:58:15,061] {standard_task_runner.py:79} INFO - Running: ['***', 'tasks', 'run', 'dag_with_postgres_operator', 'create_postgres_table', 'scheduled__2021-12-21T00:00:00+00:00', '--job-id', '1529', '--raw', '--subdir', 'DAGS_FOLDER/DAGWithPostgresOperator.py', '--cfg-path', '/tmp/tmpu55js7yu', '--error-file', '/tmp/tmp3xpzfekv']
[2022-07-31 10:58:15,061] {standard_task_runner.py:80} INFO - Job 1529: Subtask create_postgres_table
[2022-07-31 10:58:15,160] {task_command.py:369} INFO - Running <TaskInstance: dag_with_postgres_operator.create_postgres_table scheduled__2021-12-21T00:00:00+00:00 [running]> on host 66bf18ec08cc
[2022-07-31 10:58:15,298] {taskinstance.py:1571} INFO - Exporting the following env vars:
AIRFLOW_CTX_DAG_OWNER=yosr
AIRFLOW_CTX_DAG_ID=dag_with_postgres_operator
AIRFLOW_CTX_TASK_ID=create_postgres_table
AIRFLOW_CTX_EXECUTION_DATE=2021-12-21T00:00:00+00:00
AIRFLOW_CTX_TRY_NUMBER=5
AIRFLOW_CTX_DAG_RUN_ID=scheduled__2021-12-21T00:00:00+00:00
[2022-07-31 10:58:15,319] {base.py:68} INFO - Using connection ID 'postgres_localhost' for task execution.
[2022-07-31 10:58:15,320] {taskinstance.py:1889} ERROR - Task failed with exception
Traceback (most recent call last):
  File "/home/airflow/.local/lib/python3.7/site-packages/airflow/providers/postgres/operators/postgres.py", line 92, in execute
    self.hook.run(self.sql, self.autocommit, parameters=self.parameters)
  File "/home/airflow/.local/lib/python3.7/site-packages/airflow/hooks/dbapi.py", line 181, in run
    with closing(self.get_conn()) as conn:
  File "/home/airflow/.local/lib/python3.7/site-packages/airflow/providers/postgres/hooks/postgres.py", line 113, in get_conn
    self.conn = psycopg2.connect(**conn_args)
  File "/home/airflow/.local/lib/python3.7/site-packages/psycopg2/__init__.py", line 122, in connect
    conn = _connect(dsn, connection_factory=connection_factory, **kwasync)
psycopg2.OperationalError: could not translate host name "host.docker.internal " to address: Name or service not known

[2022-07-31 10:58:15,335] {taskinstance.py:1400} INFO - Marking task as UP_FOR_RETRY. dag_id=dag_with_postgres_operator, task_id=create_postgres_table, execution_date=20211221T000000, start_date=20220731T105814, end_date=20220731T105815
[2022-07-31 10:58:15,351] {standard_task_runner.py:97} ERROR - Failed to execute job 1529 for task create_postgres_table (could not translate host name "host.docker.internal " to address: Name or service not known
; 4226)
[2022-07-31 10:58:15,364] {local_task_job.py:156} INFO - Task exited with return code 1
[2022-07-31 10:58:15,479] {local_task_job.py:273} INFO - 0 downstream tasks scheduled from follow-on schedule check
[2022-07-31 13:29:59,205] {taskinstance.py:1159} INFO - Dependencies all met for <TaskInstance: dag_with_postgres_operator.create_postgres_table scheduled__2021-12-21T00:00:00+00:00 [queued]>
[2022-07-31 13:29:59,223] {taskinstance.py:1159} INFO - Dependencies all met for <TaskInstance: dag_with_postgres_operator.create_postgres_table scheduled__2021-12-21T00:00:00+00:00 [queued]>
[2022-07-31 13:29:59,224] {taskinstance.py:1356} INFO - 
--------------------------------------------------------------------------------
[2022-07-31 13:29:59,224] {taskinstance.py:1357} INFO - Starting attempt 5 of 6
[2022-07-31 13:29:59,224] {taskinstance.py:1358} INFO - 
--------------------------------------------------------------------------------
[2022-07-31 13:29:59,246] {taskinstance.py:1377} INFO - Executing <Task(PostgresOperator): create_postgres_table> on 2021-12-21 00:00:00+00:00
[2022-07-31 13:29:59,253] {standard_task_runner.py:52} INFO - Started process 1819 to run task
[2022-07-31 13:29:59,255] {standard_task_runner.py:79} INFO - Running: ['***', 'tasks', 'run', 'dag_with_postgres_operator', 'create_postgres_table', 'scheduled__2021-12-21T00:00:00+00:00', '--job-id', '69', '--raw', '--subdir', 'DAGS_FOLDER/DAGWithPostgresOperator.py', '--cfg-path', '/tmp/tmp6ay4r0x5', '--error-file', '/tmp/tmpq0pnd7iw']
[2022-07-31 13:29:59,256] {standard_task_runner.py:80} INFO - Job 69: Subtask create_postgres_table
[2022-07-31 13:29:59,345] {task_command.py:369} INFO - Running <TaskInstance: dag_with_postgres_operator.create_postgres_table scheduled__2021-12-21T00:00:00+00:00 [running]> on host 4688dd3b7141
[2022-07-31 13:29:59,460] {taskinstance.py:1571} INFO - Exporting the following env vars:
AIRFLOW_CTX_DAG_OWNER=yosr
AIRFLOW_CTX_DAG_ID=dag_with_postgres_operator
AIRFLOW_CTX_TASK_ID=create_postgres_table
AIRFLOW_CTX_EXECUTION_DATE=2021-12-21T00:00:00+00:00
AIRFLOW_CTX_TRY_NUMBER=5
AIRFLOW_CTX_DAG_RUN_ID=scheduled__2021-12-21T00:00:00+00:00
[2022-07-31 13:29:59,506] {taskinstance.py:1889} ERROR - Task failed with exception
Traceback (most recent call last):
  File "/home/airflow/.local/lib/python3.7/site-packages/airflow/providers/postgres/operators/postgres.py", line 92, in execute
    self.hook.run(self.sql, self.autocommit, parameters=self.parameters)
  File "/home/airflow/.local/lib/python3.7/site-packages/airflow/hooks/dbapi.py", line 181, in run
    with closing(self.get_conn()) as conn:
  File "/home/airflow/.local/lib/python3.7/site-packages/airflow/providers/postgres/hooks/postgres.py", line 86, in get_conn
    conn = deepcopy(self.connection or self.get_connection(conn_id))
  File "/home/airflow/.local/lib/python3.7/site-packages/airflow/hooks/base.py", line 67, in get_connection
    conn = Connection.get_connection_from_secrets(conn_id)
  File "/home/airflow/.local/lib/python3.7/site-packages/airflow/models/connection.py", line 430, in get_connection_from_secrets
    raise AirflowNotFoundException(f"The conn_id `{conn_id}` isn't defined")
airflow.exceptions.AirflowNotFoundException: The conn_id `postgres_localhost` isn't defined
[2022-07-31 13:29:59,515] {taskinstance.py:1400} INFO - Marking task as UP_FOR_RETRY. dag_id=dag_with_postgres_operator, task_id=create_postgres_table, execution_date=20211221T000000, start_date=20220731T132959, end_date=20220731T132959
[2022-07-31 13:29:59,535] {standard_task_runner.py:97} ERROR - Failed to execute job 69 for task create_postgres_table (The conn_id `postgres_localhost` isn't defined; 1819)
[2022-07-31 13:29:59,559] {local_task_job.py:156} INFO - Task exited with return code 1
[2022-07-31 13:29:59,637] {local_task_job.py:273} INFO - 0 downstream tasks scheduled from follow-on schedule check
