[2022-07-29 11:58:22,902] {taskinstance.py:1159} INFO - Dependencies all met for <TaskInstance: dag_with_taskflow_api.get_age scheduled__2022-04-11T00:00:00+00:00 [queued]>
[2022-07-29 11:58:22,923] {taskinstance.py:1159} INFO - Dependencies all met for <TaskInstance: dag_with_taskflow_api.get_age scheduled__2022-04-11T00:00:00+00:00 [queued]>
[2022-07-29 11:58:22,924] {taskinstance.py:1356} INFO - 
--------------------------------------------------------------------------------
[2022-07-29 11:58:22,924] {taskinstance.py:1357} INFO - Starting attempt 1 of 6
[2022-07-29 11:58:22,925] {taskinstance.py:1358} INFO - 
--------------------------------------------------------------------------------
[2022-07-29 11:58:22,949] {taskinstance.py:1377} INFO - Executing <Task(_PythonDecoratedOperator): get_age> on 2022-04-11 00:00:00+00:00
[2022-07-29 11:58:22,954] {standard_task_runner.py:52} INFO - Started process 9235 to run task
[2022-07-29 11:58:22,957] {standard_task_runner.py:79} INFO - Running: ['***', 'tasks', 'run', 'dag_with_taskflow_api', 'get_age', 'scheduled__2022-04-11T00:00:00+00:00', '--job-id', '1796', '--raw', '--subdir', 'DAGS_FOLDER/DagWithTaskflowApi.py', '--cfg-path', '/tmp/tmppb_b_1xv', '--error-file', '/tmp/tmp47d0ig4v']
[2022-07-29 11:58:22,958] {standard_task_runner.py:80} INFO - Job 1796: Subtask get_age
[2022-07-29 11:58:23,073] {task_command.py:369} INFO - Running <TaskInstance: dag_with_taskflow_api.get_age scheduled__2022-04-11T00:00:00+00:00 [running]> on host 9f0f006fc89d
[2022-07-29 11:58:23,194] {taskinstance.py:1571} INFO - Exporting the following env vars:
AIRFLOW_CTX_DAG_OWNER=yosr
AIRFLOW_CTX_DAG_ID=dag_with_taskflow_api
AIRFLOW_CTX_TASK_ID=get_age
AIRFLOW_CTX_EXECUTION_DATE=2022-04-11T00:00:00+00:00
AIRFLOW_CTX_TRY_NUMBER=1
AIRFLOW_CTX_DAG_RUN_ID=scheduled__2022-04-11T00:00:00+00:00
[2022-07-29 11:58:23,195] {python.py:173} INFO - Done. Returned value was: 22
[2022-07-29 11:58:23,236] {taskinstance.py:1400} INFO - Marking task as SUCCESS. dag_id=dag_with_taskflow_api, task_id=get_age, execution_date=20220411T000000, start_date=20220729T115822, end_date=20220729T115823
[2022-07-29 11:58:23,299] {local_task_job.py:156} INFO - Task exited with return code 0
[2022-07-29 11:58:23,360] {local_task_job.py:273} INFO - 0 downstream tasks scheduled from follow-on schedule check
