[2022-07-30 17:58:29,813] {taskinstance.py:1159} INFO - Dependencies all met for <TaskInstance: dag_with_postgres_operator.create_postgres_table scheduled__2021-12-24T00:00:00+00:00 [queued]>
[2022-07-30 17:58:29,828] {taskinstance.py:1159} INFO - Dependencies all met for <TaskInstance: dag_with_postgres_operator.create_postgres_table scheduled__2021-12-24T00:00:00+00:00 [queued]>
[2022-07-30 17:58:29,828] {taskinstance.py:1356} INFO - 
--------------------------------------------------------------------------------
[2022-07-30 17:58:29,828] {taskinstance.py:1357} INFO - Starting attempt 5 of 6
[2022-07-30 17:58:29,828] {taskinstance.py:1358} INFO - 
--------------------------------------------------------------------------------
[2022-07-30 17:58:29,845] {taskinstance.py:1377} INFO - Executing <Task(PostgresOperator): create_postgres_table> on 2021-12-24 00:00:00+00:00
[2022-07-30 17:58:29,850] {standard_task_runner.py:52} INFO - Started process 1413 to run task
[2022-07-30 17:58:29,853] {standard_task_runner.py:79} INFO - Running: ['***', 'tasks', 'run', 'dag_with_postgres_operator', 'create_postgres_table', 'scheduled__2021-12-24T00:00:00+00:00', '--job-id', '67', '--raw', '--subdir', 'DAGS_FOLDER/DAGWithPostgresOperator.py', '--cfg-path', '/tmp/tmp_7w22mg7', '--error-file', '/tmp/tmplyed4t1q']
[2022-07-30 17:58:29,853] {standard_task_runner.py:80} INFO - Job 67: Subtask create_postgres_table
[2022-07-30 17:58:29,924] {task_command.py:369} INFO - Running <TaskInstance: dag_with_postgres_operator.create_postgres_table scheduled__2021-12-24T00:00:00+00:00 [running]> on host 66bf18ec08cc
[2022-07-30 17:58:30,030] {taskinstance.py:1571} INFO - Exporting the following env vars:
AIRFLOW_CTX_DAG_OWNER=yosr
AIRFLOW_CTX_DAG_ID=dag_with_postgres_operator
AIRFLOW_CTX_TASK_ID=create_postgres_table
AIRFLOW_CTX_EXECUTION_DATE=2021-12-24T00:00:00+00:00
AIRFLOW_CTX_TRY_NUMBER=5
AIRFLOW_CTX_DAG_RUN_ID=scheduled__2021-12-24T00:00:00+00:00
[2022-07-30 17:58:30,045] {base.py:68} INFO - Using connection ID 'postgres_localhost' for task execution.
[2022-07-30 17:58:30,047] {taskinstance.py:1889} ERROR - Task failed with exception
Traceback (most recent call last):
  File "/home/airflow/.local/lib/python3.7/site-packages/airflow/providers/postgres/operators/postgres.py", line 92, in execute
    self.hook.run(self.sql, self.autocommit, parameters=self.parameters)
  File "/home/airflow/.local/lib/python3.7/site-packages/airflow/hooks/dbapi.py", line 181, in run
    with closing(self.get_conn()) as conn:
  File "/home/airflow/.local/lib/python3.7/site-packages/airflow/providers/postgres/hooks/postgres.py", line 113, in get_conn
    self.conn = psycopg2.connect(**conn_args)
  File "/home/airflow/.local/lib/python3.7/site-packages/psycopg2/__init__.py", line 122, in connect
    conn = _connect(dsn, connection_factory=connection_factory, **kwasync)
psycopg2.OperationalError: could not translate host name "host.docker.internal " to address: Name or service not known

[2022-07-30 17:58:30,066] {taskinstance.py:1400} INFO - Marking task as UP_FOR_RETRY. dag_id=dag_with_postgres_operator, task_id=create_postgres_table, execution_date=20211224T000000, start_date=20220730T175829, end_date=20220730T175830
[2022-07-30 17:58:30,093] {standard_task_runner.py:97} ERROR - Failed to execute job 67 for task create_postgres_table (could not translate host name "host.docker.internal " to address: Name or service not known
; 1413)
[2022-07-30 17:58:30,112] {local_task_job.py:156} INFO - Task exited with return code 1
[2022-07-30 17:58:30,207] {local_task_job.py:273} INFO - 0 downstream tasks scheduled from follow-on schedule check
[2022-07-31 00:04:50,483] {taskinstance.py:1159} INFO - Dependencies all met for <TaskInstance: dag_with_postgres_operator.create_postgres_table scheduled__2021-12-24T00:00:00+00:00 [queued]>
[2022-07-31 00:04:50,500] {taskinstance.py:1159} INFO - Dependencies all met for <TaskInstance: dag_with_postgres_operator.create_postgres_table scheduled__2021-12-24T00:00:00+00:00 [queued]>
[2022-07-31 00:04:50,500] {taskinstance.py:1356} INFO - 
--------------------------------------------------------------------------------
[2022-07-31 00:04:50,501] {taskinstance.py:1357} INFO - Starting attempt 5 of 6
[2022-07-31 00:04:50,501] {taskinstance.py:1358} INFO - 
--------------------------------------------------------------------------------
[2022-07-31 00:04:50,522] {taskinstance.py:1377} INFO - Executing <Task(PostgresOperator): create_postgres_table> on 2021-12-24 00:00:00+00:00
[2022-07-31 00:04:50,527] {standard_task_runner.py:52} INFO - Started process 5351 to run task
[2022-07-31 00:04:50,530] {standard_task_runner.py:79} INFO - Running: ['***', 'tasks', 'run', 'dag_with_postgres_operator', 'create_postgres_table', 'scheduled__2021-12-24T00:00:00+00:00', '--job-id', '1079', '--raw', '--subdir', 'DAGS_FOLDER/DAGWithPostgresOperator.py', '--cfg-path', '/tmp/tmp1oyulcv6', '--error-file', '/tmp/tmpwo_un5yw']
[2022-07-31 00:04:50,531] {standard_task_runner.py:80} INFO - Job 1079: Subtask create_postgres_table
[2022-07-31 00:04:50,611] {task_command.py:369} INFO - Running <TaskInstance: dag_with_postgres_operator.create_postgres_table scheduled__2021-12-24T00:00:00+00:00 [running]> on host 66bf18ec08cc
[2022-07-31 00:04:50,723] {taskinstance.py:1571} INFO - Exporting the following env vars:
AIRFLOW_CTX_DAG_OWNER=yosr
AIRFLOW_CTX_DAG_ID=dag_with_postgres_operator
AIRFLOW_CTX_TASK_ID=create_postgres_table
AIRFLOW_CTX_EXECUTION_DATE=2021-12-24T00:00:00+00:00
AIRFLOW_CTX_TRY_NUMBER=5
AIRFLOW_CTX_DAG_RUN_ID=scheduled__2021-12-24T00:00:00+00:00
[2022-07-31 00:04:50,740] {base.py:68} INFO - Using connection ID 'postgres_localhost' for task execution.
[2022-07-31 00:04:50,742] {taskinstance.py:1889} ERROR - Task failed with exception
Traceback (most recent call last):
  File "/home/airflow/.local/lib/python3.7/site-packages/airflow/providers/postgres/operators/postgres.py", line 92, in execute
    self.hook.run(self.sql, self.autocommit, parameters=self.parameters)
  File "/home/airflow/.local/lib/python3.7/site-packages/airflow/hooks/dbapi.py", line 181, in run
    with closing(self.get_conn()) as conn:
  File "/home/airflow/.local/lib/python3.7/site-packages/airflow/providers/postgres/hooks/postgres.py", line 113, in get_conn
    self.conn = psycopg2.connect(**conn_args)
  File "/home/airflow/.local/lib/python3.7/site-packages/psycopg2/__init__.py", line 122, in connect
    conn = _connect(dsn, connection_factory=connection_factory, **kwasync)
psycopg2.OperationalError: could not translate host name "host.docker.local " to address: Name or service not known

[2022-07-31 00:04:50,756] {taskinstance.py:1400} INFO - Marking task as UP_FOR_RETRY. dag_id=dag_with_postgres_operator, task_id=create_postgres_table, execution_date=20211224T000000, start_date=20220731T000450, end_date=20220731T000450
[2022-07-31 00:04:50,777] {standard_task_runner.py:97} ERROR - Failed to execute job 1079 for task create_postgres_table (could not translate host name "host.docker.local " to address: Name or service not known
; 5351)
[2022-07-31 00:04:50,789] {local_task_job.py:156} INFO - Task exited with return code 1
[2022-07-31 00:04:50,846] {local_task_job.py:273} INFO - 0 downstream tasks scheduled from follow-on schedule check
[2022-07-31 10:58:15,017] {taskinstance.py:1159} INFO - Dependencies all met for <TaskInstance: dag_with_postgres_operator.create_postgres_table scheduled__2021-12-24T00:00:00+00:00 [queued]>
[2022-07-31 10:58:15,044] {taskinstance.py:1159} INFO - Dependencies all met for <TaskInstance: dag_with_postgres_operator.create_postgres_table scheduled__2021-12-24T00:00:00+00:00 [queued]>
[2022-07-31 10:58:15,045] {taskinstance.py:1356} INFO - 
--------------------------------------------------------------------------------
[2022-07-31 10:58:15,045] {taskinstance.py:1357} INFO - Starting attempt 5 of 6
[2022-07-31 10:58:15,045] {taskinstance.py:1358} INFO - 
--------------------------------------------------------------------------------
[2022-07-31 10:58:15,067] {taskinstance.py:1377} INFO - Executing <Task(PostgresOperator): create_postgres_table> on 2021-12-24 00:00:00+00:00
[2022-07-31 10:58:15,074] {standard_task_runner.py:52} INFO - Started process 4229 to run task
[2022-07-31 10:58:15,078] {standard_task_runner.py:79} INFO - Running: ['***', 'tasks', 'run', 'dag_with_postgres_operator', 'create_postgres_table', 'scheduled__2021-12-24T00:00:00+00:00', '--job-id', '1531', '--raw', '--subdir', 'DAGS_FOLDER/DAGWithPostgresOperator.py', '--cfg-path', '/tmp/tmp73w8gl2s', '--error-file', '/tmp/tmpgrd78ogr']
[2022-07-31 10:58:15,081] {standard_task_runner.py:80} INFO - Job 1531: Subtask create_postgres_table
[2022-07-31 10:58:15,180] {task_command.py:369} INFO - Running <TaskInstance: dag_with_postgres_operator.create_postgres_table scheduled__2021-12-24T00:00:00+00:00 [running]> on host 66bf18ec08cc
[2022-07-31 10:58:15,304] {taskinstance.py:1571} INFO - Exporting the following env vars:
AIRFLOW_CTX_DAG_OWNER=yosr
AIRFLOW_CTX_DAG_ID=dag_with_postgres_operator
AIRFLOW_CTX_TASK_ID=create_postgres_table
AIRFLOW_CTX_EXECUTION_DATE=2021-12-24T00:00:00+00:00
AIRFLOW_CTX_TRY_NUMBER=5
AIRFLOW_CTX_DAG_RUN_ID=scheduled__2021-12-24T00:00:00+00:00
[2022-07-31 10:58:15,328] {base.py:68} INFO - Using connection ID 'postgres_localhost' for task execution.
[2022-07-31 10:58:15,330] {taskinstance.py:1889} ERROR - Task failed with exception
Traceback (most recent call last):
  File "/home/airflow/.local/lib/python3.7/site-packages/airflow/providers/postgres/operators/postgres.py", line 92, in execute
    self.hook.run(self.sql, self.autocommit, parameters=self.parameters)
  File "/home/airflow/.local/lib/python3.7/site-packages/airflow/hooks/dbapi.py", line 181, in run
    with closing(self.get_conn()) as conn:
  File "/home/airflow/.local/lib/python3.7/site-packages/airflow/providers/postgres/hooks/postgres.py", line 113, in get_conn
    self.conn = psycopg2.connect(**conn_args)
  File "/home/airflow/.local/lib/python3.7/site-packages/psycopg2/__init__.py", line 122, in connect
    conn = _connect(dsn, connection_factory=connection_factory, **kwasync)
psycopg2.OperationalError: could not translate host name "host.docker.internal " to address: Name or service not known

[2022-07-31 10:58:15,345] {taskinstance.py:1400} INFO - Marking task as UP_FOR_RETRY. dag_id=dag_with_postgres_operator, task_id=create_postgres_table, execution_date=20211224T000000, start_date=20220731T105815, end_date=20220731T105815
[2022-07-31 10:58:15,367] {standard_task_runner.py:97} ERROR - Failed to execute job 1531 for task create_postgres_table (could not translate host name "host.docker.internal " to address: Name or service not known
; 4229)
[2022-07-31 10:58:15,379] {local_task_job.py:156} INFO - Task exited with return code 1
[2022-07-31 10:58:15,479] {local_task_job.py:273} INFO - 0 downstream tasks scheduled from follow-on schedule check
[2022-07-31 13:29:59,960] {taskinstance.py:1159} INFO - Dependencies all met for <TaskInstance: dag_with_postgres_operator.create_postgres_table scheduled__2021-12-24T00:00:00+00:00 [queued]>
[2022-07-31 13:29:59,976] {taskinstance.py:1159} INFO - Dependencies all met for <TaskInstance: dag_with_postgres_operator.create_postgres_table scheduled__2021-12-24T00:00:00+00:00 [queued]>
[2022-07-31 13:29:59,976] {taskinstance.py:1356} INFO - 
--------------------------------------------------------------------------------
[2022-07-31 13:29:59,976] {taskinstance.py:1357} INFO - Starting attempt 5 of 6
[2022-07-31 13:29:59,977] {taskinstance.py:1358} INFO - 
--------------------------------------------------------------------------------
[2022-07-31 13:30:00,000] {taskinstance.py:1377} INFO - Executing <Task(PostgresOperator): create_postgres_table> on 2021-12-24 00:00:00+00:00
[2022-07-31 13:30:00,005] {standard_task_runner.py:52} INFO - Started process 1822 to run task
[2022-07-31 13:30:00,009] {standard_task_runner.py:79} INFO - Running: ['***', 'tasks', 'run', 'dag_with_postgres_operator', 'create_postgres_table', 'scheduled__2021-12-24T00:00:00+00:00', '--job-id', '72', '--raw', '--subdir', 'DAGS_FOLDER/DAGWithPostgresOperator.py', '--cfg-path', '/tmp/tmp_1oolimv', '--error-file', '/tmp/tmpb7umfm3p']
[2022-07-31 13:30:00,009] {standard_task_runner.py:80} INFO - Job 72: Subtask create_postgres_table
[2022-07-31 13:30:00,095] {task_command.py:369} INFO - Running <TaskInstance: dag_with_postgres_operator.create_postgres_table scheduled__2021-12-24T00:00:00+00:00 [running]> on host 4688dd3b7141
[2022-07-31 13:30:00,197] {taskinstance.py:1571} INFO - Exporting the following env vars:
AIRFLOW_CTX_DAG_OWNER=yosr
AIRFLOW_CTX_DAG_ID=dag_with_postgres_operator
AIRFLOW_CTX_TASK_ID=create_postgres_table
AIRFLOW_CTX_EXECUTION_DATE=2021-12-24T00:00:00+00:00
AIRFLOW_CTX_TRY_NUMBER=5
AIRFLOW_CTX_DAG_RUN_ID=scheduled__2021-12-24T00:00:00+00:00
[2022-07-31 13:30:00,288] {taskinstance.py:1889} ERROR - Task failed with exception
Traceback (most recent call last):
  File "/home/airflow/.local/lib/python3.7/site-packages/airflow/providers/postgres/operators/postgres.py", line 92, in execute
    self.hook.run(self.sql, self.autocommit, parameters=self.parameters)
  File "/home/airflow/.local/lib/python3.7/site-packages/airflow/hooks/dbapi.py", line 181, in run
    with closing(self.get_conn()) as conn:
  File "/home/airflow/.local/lib/python3.7/site-packages/airflow/providers/postgres/hooks/postgres.py", line 86, in get_conn
    conn = deepcopy(self.connection or self.get_connection(conn_id))
  File "/home/airflow/.local/lib/python3.7/site-packages/airflow/hooks/base.py", line 67, in get_connection
    conn = Connection.get_connection_from_secrets(conn_id)
  File "/home/airflow/.local/lib/python3.7/site-packages/airflow/models/connection.py", line 430, in get_connection_from_secrets
    raise AirflowNotFoundException(f"The conn_id `{conn_id}` isn't defined")
airflow.exceptions.AirflowNotFoundException: The conn_id `postgres_localhost` isn't defined
[2022-07-31 13:30:00,294] {taskinstance.py:1400} INFO - Marking task as UP_FOR_RETRY. dag_id=dag_with_postgres_operator, task_id=create_postgres_table, execution_date=20211224T000000, start_date=20220731T132959, end_date=20220731T133000
[2022-07-31 13:30:00,315] {standard_task_runner.py:97} ERROR - Failed to execute job 72 for task create_postgres_table (The conn_id `postgres_localhost` isn't defined; 1822)
[2022-07-31 13:30:00,351] {local_task_job.py:156} INFO - Task exited with return code 1
[2022-07-31 13:30:00,409] {local_task_job.py:273} INFO - 0 downstream tasks scheduled from follow-on schedule check
