[2022-07-30 19:24:32,931] {taskinstance.py:1159} INFO - Dependencies all met for <TaskInstance: dag_with_postgres_operator.create_postgres_table scheduled__2022-02-26T00:00:00+00:00 [queued]>
[2022-07-30 19:24:32,952] {taskinstance.py:1159} INFO - Dependencies all met for <TaskInstance: dag_with_postgres_operator.create_postgres_table scheduled__2022-02-26T00:00:00+00:00 [queued]>
[2022-07-30 19:24:32,952] {taskinstance.py:1356} INFO - 
--------------------------------------------------------------------------------
[2022-07-30 19:24:32,952] {taskinstance.py:1357} INFO - Starting attempt 2 of 6
[2022-07-30 19:24:32,953] {taskinstance.py:1358} INFO - 
--------------------------------------------------------------------------------
[2022-07-30 19:24:32,979] {taskinstance.py:1377} INFO - Executing <Task(PostgresOperator): create_postgres_table> on 2022-02-26 00:00:00+00:00
[2022-07-30 19:24:32,984] {standard_task_runner.py:52} INFO - Started process 6092 to run task
[2022-07-30 19:24:32,988] {standard_task_runner.py:79} INFO - Running: ['***', 'tasks', 'run', 'dag_with_postgres_operator', 'create_postgres_table', 'scheduled__2022-02-26T00:00:00+00:00', '--job-id', '408', '--raw', '--subdir', 'DAGS_FOLDER/DAGWithPostgresOperator.py', '--cfg-path', '/tmp/tmpi35dxu6v', '--error-file', '/tmp/tmp80rsnh23']
[2022-07-30 19:24:32,988] {standard_task_runner.py:80} INFO - Job 408: Subtask create_postgres_table
[2022-07-30 19:24:33,081] {task_command.py:369} INFO - Running <TaskInstance: dag_with_postgres_operator.create_postgres_table scheduled__2022-02-26T00:00:00+00:00 [running]> on host 66bf18ec08cc
[2022-07-30 19:24:33,194] {taskinstance.py:1571} INFO - Exporting the following env vars:
AIRFLOW_CTX_DAG_OWNER=yosr
AIRFLOW_CTX_DAG_ID=dag_with_postgres_operator
AIRFLOW_CTX_TASK_ID=create_postgres_table
AIRFLOW_CTX_EXECUTION_DATE=2022-02-26T00:00:00+00:00
AIRFLOW_CTX_TRY_NUMBER=2
AIRFLOW_CTX_DAG_RUN_ID=scheduled__2022-02-26T00:00:00+00:00
[2022-07-30 19:24:33,208] {base.py:68} INFO - Using connection ID 'postgres_localhost' for task execution.
[2022-07-30 19:24:33,209] {taskinstance.py:1889} ERROR - Task failed with exception
Traceback (most recent call last):
  File "/home/airflow/.local/lib/python3.7/site-packages/airflow/providers/postgres/operators/postgres.py", line 92, in execute
    self.hook.run(self.sql, self.autocommit, parameters=self.parameters)
  File "/home/airflow/.local/lib/python3.7/site-packages/airflow/hooks/dbapi.py", line 181, in run
    with closing(self.get_conn()) as conn:
  File "/home/airflow/.local/lib/python3.7/site-packages/airflow/providers/postgres/hooks/postgres.py", line 113, in get_conn
    self.conn = psycopg2.connect(**conn_args)
  File "/home/airflow/.local/lib/python3.7/site-packages/psycopg2/__init__.py", line 122, in connect
    conn = _connect(dsn, connection_factory=connection_factory, **kwasync)
psycopg2.OperationalError: could not translate host name "host.docker.internal " to address: Name or service not known

[2022-07-30 19:24:33,222] {taskinstance.py:1400} INFO - Marking task as UP_FOR_RETRY. dag_id=dag_with_postgres_operator, task_id=create_postgres_table, execution_date=20220226T000000, start_date=20220730T192432, end_date=20220730T192433
[2022-07-30 19:24:33,238] {standard_task_runner.py:97} ERROR - Failed to execute job 408 for task create_postgres_table (could not translate host name "host.docker.internal " to address: Name or service not known
; 6092)
[2022-07-30 19:24:33,250] {local_task_job.py:156} INFO - Task exited with return code 1
[2022-07-30 19:24:33,439] {local_task_job.py:273} INFO - 0 downstream tasks scheduled from follow-on schedule check
[2022-07-31 14:56:31,309] {taskinstance.py:1159} INFO - Dependencies all met for <TaskInstance: dag_with_postgres_operator.create_postgres_table scheduled__2022-02-26T00:00:00+00:00 [queued]>
[2022-07-31 14:56:31,340] {taskinstance.py:1159} INFO - Dependencies all met for <TaskInstance: dag_with_postgres_operator.create_postgres_table scheduled__2022-02-26T00:00:00+00:00 [queued]>
[2022-07-31 14:56:31,340] {taskinstance.py:1356} INFO - 
--------------------------------------------------------------------------------
[2022-07-31 14:56:31,340] {taskinstance.py:1357} INFO - Starting attempt 2 of 6
[2022-07-31 14:56:31,340] {taskinstance.py:1358} INFO - 
--------------------------------------------------------------------------------
[2022-07-31 14:56:31,367] {taskinstance.py:1377} INFO - Executing <Task(PostgresOperator): create_postgres_table> on 2022-02-26 00:00:00+00:00
[2022-07-31 14:56:31,373] {standard_task_runner.py:52} INFO - Started process 6558 to run task
[2022-07-31 14:56:31,376] {standard_task_runner.py:79} INFO - Running: ['***', 'tasks', 'run', 'dag_with_postgres_operator', 'create_postgres_table', 'scheduled__2022-02-26T00:00:00+00:00', '--job-id', '439', '--raw', '--subdir', 'DAGS_FOLDER/DAGWithPostgresOperator.py', '--cfg-path', '/tmp/tmp693civkm', '--error-file', '/tmp/tmp67_hxuy0']
[2022-07-31 14:56:31,377] {standard_task_runner.py:80} INFO - Job 439: Subtask create_postgres_table
[2022-07-31 14:56:31,470] {task_command.py:369} INFO - Running <TaskInstance: dag_with_postgres_operator.create_postgres_table scheduled__2022-02-26T00:00:00+00:00 [running]> on host 4688dd3b7141
[2022-07-31 14:56:31,519] {taskinstance.py:1889} ERROR - Task failed with exception
Traceback (most recent call last):
  File "/home/airflow/.local/lib/python3.7/site-packages/airflow/models/taskinstance.py", line 1451, in _run_raw_task
    self._execute_task_with_callbacks(context, test_mode)
  File "/home/airflow/.local/lib/python3.7/site-packages/airflow/models/taskinstance.py", line 1555, in _execute_task_with_callbacks
    task_orig = self.render_templates(context=context)
  File "/home/airflow/.local/lib/python3.7/site-packages/airflow/models/taskinstance.py", line 2202, in render_templates
    rendered_task = self.task.render_template_fields(context)
  File "/home/airflow/.local/lib/python3.7/site-packages/airflow/models/baseoperator.py", line 1179, in render_template_fields
    self._do_render_template_fields(self, self.template_fields, context, jinja_env, set())
  File "/home/airflow/.local/lib/python3.7/site-packages/airflow/utils/session.py", line 71, in wrapper
    return func(*args, session=session, **kwargs)
  File "/home/airflow/.local/lib/python3.7/site-packages/airflow/models/abstractoperator.py", line 348, in _do_render_template_fields
    seen_oids,
  File "/home/airflow/.local/lib/python3.7/site-packages/airflow/models/abstractoperator.py", line 385, in render_template
    template = jinja_env.get_template(value)
  File "/home/airflow/.local/lib/python3.7/site-packages/jinja2/environment.py", line 997, in get_template
    return self._load_template(name, globals)
  File "/home/airflow/.local/lib/python3.7/site-packages/jinja2/environment.py", line 958, in _load_template
    template = self.loader.load(self, name, self.make_globals(globals))
  File "/home/airflow/.local/lib/python3.7/site-packages/jinja2/loaders.py", line 125, in load
    source, filename, uptodate = self.get_source(environment, name)
  File "/home/airflow/.local/lib/python3.7/site-packages/jinja2/loaders.py", line 214, in get_source
    raise TemplateNotFound(template)
jinja2.exceptions.TemplateNotFound: /data/postgres/pet_schema.sql
[2022-07-31 14:56:31,543] {taskinstance.py:1400} INFO - Marking task as UP_FOR_RETRY. dag_id=dag_with_postgres_operator, task_id=create_postgres_table, execution_date=20220226T000000, start_date=20220731T145631, end_date=20220731T145631
[2022-07-31 14:56:31,559] {standard_task_runner.py:97} ERROR - Failed to execute job 439 for task create_postgres_table (/data/postgres/pet_schema.sql; 6558)
[2022-07-31 14:56:31,599] {local_task_job.py:156} INFO - Task exited with return code 1
[2022-07-31 14:56:31,680] {local_task_job.py:273} INFO - 0 downstream tasks scheduled from follow-on schedule check
