[2022-07-30 18:34:05,408] {taskinstance.py:1159} INFO - Dependencies all met for <TaskInstance: dag_with_postgres_operator.create_postgres_table scheduled__2022-02-04T00:00:00+00:00 [queued]>
[2022-07-30 18:34:05,423] {taskinstance.py:1159} INFO - Dependencies all met for <TaskInstance: dag_with_postgres_operator.create_postgres_table scheduled__2022-02-04T00:00:00+00:00 [queued]>
[2022-07-30 18:34:05,423] {taskinstance.py:1356} INFO - 
--------------------------------------------------------------------------------
[2022-07-30 18:34:05,423] {taskinstance.py:1357} INFO - Starting attempt 2 of 6
[2022-07-30 18:34:05,423] {taskinstance.py:1358} INFO - 
--------------------------------------------------------------------------------
[2022-07-30 18:34:05,445] {taskinstance.py:1377} INFO - Executing <Task(PostgresOperator): create_postgres_table> on 2022-02-04 00:00:00+00:00
[2022-07-30 18:34:05,450] {standard_task_runner.py:52} INFO - Started process 3374 to run task
[2022-07-30 18:34:05,453] {standard_task_runner.py:79} INFO - Running: ['***', 'tasks', 'run', 'dag_with_postgres_operator', 'create_postgres_table', 'scheduled__2022-02-04T00:00:00+00:00', '--job-id', '226', '--raw', '--subdir', 'DAGS_FOLDER/DAGWithPostgresOperator.py', '--cfg-path', '/tmp/tmp6nt866nr', '--error-file', '/tmp/tmphec3qsk9']
[2022-07-30 18:34:05,453] {standard_task_runner.py:80} INFO - Job 226: Subtask create_postgres_table
[2022-07-30 18:34:05,514] {task_command.py:369} INFO - Running <TaskInstance: dag_with_postgres_operator.create_postgres_table scheduled__2022-02-04T00:00:00+00:00 [running]> on host 66bf18ec08cc
[2022-07-30 18:34:05,601] {taskinstance.py:1571} INFO - Exporting the following env vars:
AIRFLOW_CTX_DAG_OWNER=yosr
AIRFLOW_CTX_DAG_ID=dag_with_postgres_operator
AIRFLOW_CTX_TASK_ID=create_postgres_table
AIRFLOW_CTX_EXECUTION_DATE=2022-02-04T00:00:00+00:00
AIRFLOW_CTX_TRY_NUMBER=2
AIRFLOW_CTX_DAG_RUN_ID=scheduled__2022-02-04T00:00:00+00:00
[2022-07-30 18:34:05,615] {base.py:68} INFO - Using connection ID 'postgres_localhost' for task execution.
[2022-07-30 18:34:05,616] {taskinstance.py:1889} ERROR - Task failed with exception
Traceback (most recent call last):
  File "/home/airflow/.local/lib/python3.7/site-packages/airflow/providers/postgres/operators/postgres.py", line 92, in execute
    self.hook.run(self.sql, self.autocommit, parameters=self.parameters)
  File "/home/airflow/.local/lib/python3.7/site-packages/airflow/hooks/dbapi.py", line 181, in run
    with closing(self.get_conn()) as conn:
  File "/home/airflow/.local/lib/python3.7/site-packages/airflow/providers/postgres/hooks/postgres.py", line 113, in get_conn
    self.conn = psycopg2.connect(**conn_args)
  File "/home/airflow/.local/lib/python3.7/site-packages/psycopg2/__init__.py", line 122, in connect
    conn = _connect(dsn, connection_factory=connection_factory, **kwasync)
psycopg2.OperationalError: could not translate host name "host.docker.internal " to address: Name or service not known

[2022-07-30 18:34:05,626] {taskinstance.py:1400} INFO - Marking task as UP_FOR_RETRY. dag_id=dag_with_postgres_operator, task_id=create_postgres_table, execution_date=20220204T000000, start_date=20220730T183405, end_date=20220730T183405
[2022-07-30 18:34:05,638] {standard_task_runner.py:97} ERROR - Failed to execute job 226 for task create_postgres_table (could not translate host name "host.docker.internal " to address: Name or service not known
; 3374)
[2022-07-30 18:34:05,674] {local_task_job.py:156} INFO - Task exited with return code 1
[2022-07-30 18:34:05,720] {local_task_job.py:273} INFO - 0 downstream tasks scheduled from follow-on schedule check
[2022-07-31 00:41:13,578] {taskinstance.py:1159} INFO - Dependencies all met for <TaskInstance: dag_with_postgres_operator.create_postgres_table scheduled__2022-02-04T00:00:00+00:00 [queued]>
[2022-07-31 00:41:13,614] {taskinstance.py:1159} INFO - Dependencies all met for <TaskInstance: dag_with_postgres_operator.create_postgres_table scheduled__2022-02-04T00:00:00+00:00 [queued]>
[2022-07-31 00:41:13,614] {taskinstance.py:1356} INFO - 
--------------------------------------------------------------------------------
[2022-07-31 00:41:13,615] {taskinstance.py:1357} INFO - Starting attempt 2 of 6
[2022-07-31 00:41:13,615] {taskinstance.py:1358} INFO - 
--------------------------------------------------------------------------------
[2022-07-31 00:41:13,652] {taskinstance.py:1377} INFO - Executing <Task(PostgresOperator): create_postgres_table> on 2022-02-04 00:00:00+00:00
[2022-07-31 00:41:13,663] {standard_task_runner.py:52} INFO - Started process 7166 to run task
[2022-07-31 00:41:13,669] {standard_task_runner.py:79} INFO - Running: ['***', 'tasks', 'run', 'dag_with_postgres_operator', 'create_postgres_table', 'scheduled__2022-02-04T00:00:00+00:00', '--job-id', '1234', '--raw', '--subdir', 'DAGS_FOLDER/DAGWithPostgresOperator.py', '--cfg-path', '/tmp/tmp99jianup', '--error-file', '/tmp/tmpbtzrplj6']
[2022-07-31 00:41:13,670] {standard_task_runner.py:80} INFO - Job 1234: Subtask create_postgres_table
[2022-07-31 00:41:13,787] {task_command.py:369} INFO - Running <TaskInstance: dag_with_postgres_operator.create_postgres_table scheduled__2022-02-04T00:00:00+00:00 [running]> on host 66bf18ec08cc
[2022-07-31 00:41:14,005] {taskinstance.py:1571} INFO - Exporting the following env vars:
AIRFLOW_CTX_DAG_OWNER=yosr
AIRFLOW_CTX_DAG_ID=dag_with_postgres_operator
AIRFLOW_CTX_TASK_ID=create_postgres_table
AIRFLOW_CTX_EXECUTION_DATE=2022-02-04T00:00:00+00:00
AIRFLOW_CTX_TRY_NUMBER=2
AIRFLOW_CTX_DAG_RUN_ID=scheduled__2022-02-04T00:00:00+00:00
[2022-07-31 00:41:14,030] {base.py:68} INFO - Using connection ID 'postgres_localhost' for task execution.
[2022-07-31 00:41:14,032] {taskinstance.py:1889} ERROR - Task failed with exception
Traceback (most recent call last):
  File "/home/airflow/.local/lib/python3.7/site-packages/airflow/providers/postgres/operators/postgres.py", line 92, in execute
    self.hook.run(self.sql, self.autocommit, parameters=self.parameters)
  File "/home/airflow/.local/lib/python3.7/site-packages/airflow/hooks/dbapi.py", line 181, in run
    with closing(self.get_conn()) as conn:
  File "/home/airflow/.local/lib/python3.7/site-packages/airflow/providers/postgres/hooks/postgres.py", line 113, in get_conn
    self.conn = psycopg2.connect(**conn_args)
  File "/home/airflow/.local/lib/python3.7/site-packages/psycopg2/__init__.py", line 122, in connect
    conn = _connect(dsn, connection_factory=connection_factory, **kwasync)
psycopg2.OperationalError: could not translate host name "host.docker.local " to address: Name or service not known

[2022-07-31 00:41:14,045] {taskinstance.py:1400} INFO - Marking task as UP_FOR_RETRY. dag_id=dag_with_postgres_operator, task_id=create_postgres_table, execution_date=20220204T000000, start_date=20220731T004113, end_date=20220731T004114
[2022-07-31 00:41:14,065] {standard_task_runner.py:97} ERROR - Failed to execute job 1234 for task create_postgres_table (could not translate host name "host.docker.local " to address: Name or service not known
; 7166)
[2022-07-31 00:41:14,104] {local_task_job.py:156} INFO - Task exited with return code 1
[2022-07-31 00:41:14,203] {local_task_job.py:273} INFO - 0 downstream tasks scheduled from follow-on schedule check
[2022-07-31 14:05:27,226] {taskinstance.py:1159} INFO - Dependencies all met for <TaskInstance: dag_with_postgres_operator.create_postgres_table scheduled__2022-02-04T00:00:00+00:00 [queued]>
[2022-07-31 14:05:27,246] {taskinstance.py:1159} INFO - Dependencies all met for <TaskInstance: dag_with_postgres_operator.create_postgres_table scheduled__2022-02-04T00:00:00+00:00 [queued]>
[2022-07-31 14:05:27,246] {taskinstance.py:1356} INFO - 
--------------------------------------------------------------------------------
[2022-07-31 14:05:27,246] {taskinstance.py:1357} INFO - Starting attempt 2 of 6
[2022-07-31 14:05:27,246] {taskinstance.py:1358} INFO - 
--------------------------------------------------------------------------------
[2022-07-31 14:05:27,267] {taskinstance.py:1377} INFO - Executing <Task(PostgresOperator): create_postgres_table> on 2022-02-04 00:00:00+00:00
[2022-07-31 14:05:27,273] {standard_task_runner.py:52} INFO - Started process 3777 to run task
[2022-07-31 14:05:27,276] {standard_task_runner.py:79} INFO - Running: ['***', 'tasks', 'run', 'dag_with_postgres_operator', 'create_postgres_table', 'scheduled__2022-02-04T00:00:00+00:00', '--job-id', '226', '--raw', '--subdir', 'DAGS_FOLDER/DAGWithPostgresOperator.py', '--cfg-path', '/tmp/tmpknv4snbb', '--error-file', '/tmp/tmpd6w58fwf']
[2022-07-31 14:05:27,277] {standard_task_runner.py:80} INFO - Job 226: Subtask create_postgres_table
[2022-07-31 14:05:27,359] {task_command.py:369} INFO - Running <TaskInstance: dag_with_postgres_operator.create_postgres_table scheduled__2022-02-04T00:00:00+00:00 [running]> on host 4688dd3b7141
[2022-07-31 14:05:27,484] {taskinstance.py:1571} INFO - Exporting the following env vars:
AIRFLOW_CTX_DAG_OWNER=yosr
AIRFLOW_CTX_DAG_ID=dag_with_postgres_operator
AIRFLOW_CTX_TASK_ID=create_postgres_table
AIRFLOW_CTX_EXECUTION_DATE=2022-02-04T00:00:00+00:00
AIRFLOW_CTX_TRY_NUMBER=2
AIRFLOW_CTX_DAG_RUN_ID=scheduled__2022-02-04T00:00:00+00:00
[2022-07-31 14:05:27,522] {taskinstance.py:1889} ERROR - Task failed with exception
Traceback (most recent call last):
  File "/home/airflow/.local/lib/python3.7/site-packages/airflow/providers/postgres/operators/postgres.py", line 92, in execute
    self.hook.run(self.sql, self.autocommit, parameters=self.parameters)
  File "/home/airflow/.local/lib/python3.7/site-packages/airflow/hooks/dbapi.py", line 181, in run
    with closing(self.get_conn()) as conn:
  File "/home/airflow/.local/lib/python3.7/site-packages/airflow/providers/postgres/hooks/postgres.py", line 86, in get_conn
    conn = deepcopy(self.connection or self.get_connection(conn_id))
  File "/home/airflow/.local/lib/python3.7/site-packages/airflow/hooks/base.py", line 67, in get_connection
    conn = Connection.get_connection_from_secrets(conn_id)
  File "/home/airflow/.local/lib/python3.7/site-packages/airflow/models/connection.py", line 430, in get_connection_from_secrets
    raise AirflowNotFoundException(f"The conn_id `{conn_id}` isn't defined")
airflow.exceptions.AirflowNotFoundException: The conn_id `postgres_localhost` isn't defined
[2022-07-31 14:05:27,529] {taskinstance.py:1400} INFO - Marking task as UP_FOR_RETRY. dag_id=dag_with_postgres_operator, task_id=create_postgres_table, execution_date=20220204T000000, start_date=20220731T140527, end_date=20220731T140527
[2022-07-31 14:05:27,544] {standard_task_runner.py:97} ERROR - Failed to execute job 226 for task create_postgres_table (The conn_id `postgres_localhost` isn't defined; 3777)
[2022-07-31 14:05:27,577] {local_task_job.py:156} INFO - Task exited with return code 1
[2022-07-31 14:05:27,626] {local_task_job.py:273} INFO - 0 downstream tasks scheduled from follow-on schedule check
