[2022-07-30 18:49:08,284] {taskinstance.py:1159} INFO - Dependencies all met for <TaskInstance: dag_with_postgres_operator.create_postgres_table scheduled__2022-02-04T00:00:00+00:00 [queued]>
[2022-07-30 18:49:08,303] {taskinstance.py:1159} INFO - Dependencies all met for <TaskInstance: dag_with_postgres_operator.create_postgres_table scheduled__2022-02-04T00:00:00+00:00 [queued]>
[2022-07-30 18:49:08,303] {taskinstance.py:1356} INFO - 
--------------------------------------------------------------------------------
[2022-07-30 18:49:08,303] {taskinstance.py:1357} INFO - Starting attempt 5 of 6
[2022-07-30 18:49:08,303] {taskinstance.py:1358} INFO - 
--------------------------------------------------------------------------------
[2022-07-30 18:49:08,323] {taskinstance.py:1377} INFO - Executing <Task(PostgresOperator): create_postgres_table> on 2022-02-04 00:00:00+00:00
[2022-07-30 18:49:08,329] {standard_task_runner.py:52} INFO - Started process 4180 to run task
[2022-07-30 18:49:08,337] {standard_task_runner.py:79} INFO - Running: ['***', 'tasks', 'run', 'dag_with_postgres_operator', 'create_postgres_table', 'scheduled__2022-02-04T00:00:00+00:00', '--job-id', '274', '--raw', '--subdir', 'DAGS_FOLDER/DAGWithPostgresOperator.py', '--cfg-path', '/tmp/tmpzg_cx4z9', '--error-file', '/tmp/tmpw86zgyub']
[2022-07-30 18:49:08,338] {standard_task_runner.py:80} INFO - Job 274: Subtask create_postgres_table
[2022-07-30 18:49:08,412] {task_command.py:369} INFO - Running <TaskInstance: dag_with_postgres_operator.create_postgres_table scheduled__2022-02-04T00:00:00+00:00 [running]> on host 66bf18ec08cc
[2022-07-30 18:49:08,515] {taskinstance.py:1571} INFO - Exporting the following env vars:
AIRFLOW_CTX_DAG_OWNER=yosr
AIRFLOW_CTX_DAG_ID=dag_with_postgres_operator
AIRFLOW_CTX_TASK_ID=create_postgres_table
AIRFLOW_CTX_EXECUTION_DATE=2022-02-04T00:00:00+00:00
AIRFLOW_CTX_TRY_NUMBER=5
AIRFLOW_CTX_DAG_RUN_ID=scheduled__2022-02-04T00:00:00+00:00
[2022-07-30 18:49:08,531] {base.py:68} INFO - Using connection ID 'postgres_localhost' for task execution.
[2022-07-30 18:49:08,532] {taskinstance.py:1889} ERROR - Task failed with exception
Traceback (most recent call last):
  File "/home/airflow/.local/lib/python3.7/site-packages/airflow/providers/postgres/operators/postgres.py", line 92, in execute
    self.hook.run(self.sql, self.autocommit, parameters=self.parameters)
  File "/home/airflow/.local/lib/python3.7/site-packages/airflow/hooks/dbapi.py", line 181, in run
    with closing(self.get_conn()) as conn:
  File "/home/airflow/.local/lib/python3.7/site-packages/airflow/providers/postgres/hooks/postgres.py", line 113, in get_conn
    self.conn = psycopg2.connect(**conn_args)
  File "/home/airflow/.local/lib/python3.7/site-packages/psycopg2/__init__.py", line 122, in connect
    conn = _connect(dsn, connection_factory=connection_factory, **kwasync)
psycopg2.OperationalError: could not translate host name "host.docker.internal " to address: Name or service not known

[2022-07-30 18:49:08,550] {taskinstance.py:1400} INFO - Marking task as UP_FOR_RETRY. dag_id=dag_with_postgres_operator, task_id=create_postgres_table, execution_date=20220204T000000, start_date=20220730T184908, end_date=20220730T184908
[2022-07-30 18:49:08,570] {standard_task_runner.py:97} ERROR - Failed to execute job 274 for task create_postgres_table (could not translate host name "host.docker.internal " to address: Name or service not known
; 4180)
[2022-07-30 18:49:08,592] {local_task_job.py:156} INFO - Task exited with return code 1
[2022-07-30 18:49:08,658] {local_task_job.py:273} INFO - 0 downstream tasks scheduled from follow-on schedule check
[2022-07-31 09:51:10,251] {taskinstance.py:1159} INFO - Dependencies all met for <TaskInstance: dag_with_postgres_operator.create_postgres_table scheduled__2022-02-04T00:00:00+00:00 [queued]>
[2022-07-31 09:51:10,297] {taskinstance.py:1159} INFO - Dependencies all met for <TaskInstance: dag_with_postgres_operator.create_postgres_table scheduled__2022-02-04T00:00:00+00:00 [queued]>
[2022-07-31 09:51:10,298] {taskinstance.py:1356} INFO - 
--------------------------------------------------------------------------------
[2022-07-31 09:51:10,298] {taskinstance.py:1357} INFO - Starting attempt 5 of 6
[2022-07-31 09:51:10,298] {taskinstance.py:1358} INFO - 
--------------------------------------------------------------------------------
[2022-07-31 09:51:10,370] {taskinstance.py:1377} INFO - Executing <Task(PostgresOperator): create_postgres_table> on 2022-02-04 00:00:00+00:00
[2022-07-31 09:51:10,386] {standard_task_runner.py:52} INFO - Started process 640 to run task
[2022-07-31 09:51:10,453] {standard_task_runner.py:79} INFO - Running: ['***', 'tasks', 'run', 'dag_with_postgres_operator', 'create_postgres_table', 'scheduled__2022-02-04T00:00:00+00:00', '--job-id', '1278', '--raw', '--subdir', 'DAGS_FOLDER/DAGWithPostgresOperator.py', '--cfg-path', '/tmp/tmpti9eokcx', '--error-file', '/tmp/tmppzcgr_ag']
[2022-07-31 09:51:10,454] {standard_task_runner.py:80} INFO - Job 1278: Subtask create_postgres_table
[2022-07-31 09:51:11,085] {task_command.py:369} INFO - Running <TaskInstance: dag_with_postgres_operator.create_postgres_table scheduled__2022-02-04T00:00:00+00:00 [running]> on host 66bf18ec08cc
[2022-07-31 09:51:11,386] {taskinstance.py:1571} INFO - Exporting the following env vars:
AIRFLOW_CTX_DAG_OWNER=yosr
AIRFLOW_CTX_DAG_ID=dag_with_postgres_operator
AIRFLOW_CTX_TASK_ID=create_postgres_table
AIRFLOW_CTX_EXECUTION_DATE=2022-02-04T00:00:00+00:00
AIRFLOW_CTX_TRY_NUMBER=5
AIRFLOW_CTX_DAG_RUN_ID=scheduled__2022-02-04T00:00:00+00:00
[2022-07-31 09:51:11,444] {base.py:68} INFO - Using connection ID 'postgres_localhost' for task execution.
[2022-07-31 09:51:11,445] {taskinstance.py:1889} ERROR - Task failed with exception
Traceback (most recent call last):
  File "/home/airflow/.local/lib/python3.7/site-packages/airflow/providers/postgres/operators/postgres.py", line 92, in execute
    self.hook.run(self.sql, self.autocommit, parameters=self.parameters)
  File "/home/airflow/.local/lib/python3.7/site-packages/airflow/hooks/dbapi.py", line 181, in run
    with closing(self.get_conn()) as conn:
  File "/home/airflow/.local/lib/python3.7/site-packages/airflow/providers/postgres/hooks/postgres.py", line 113, in get_conn
    self.conn = psycopg2.connect(**conn_args)
  File "/home/airflow/.local/lib/python3.7/site-packages/psycopg2/__init__.py", line 122, in connect
    conn = _connect(dsn, connection_factory=connection_factory, **kwasync)
psycopg2.OperationalError: could not translate host name "host.docker.local " to address: Name or service not known

[2022-07-31 09:51:11,479] {taskinstance.py:1400} INFO - Marking task as UP_FOR_RETRY. dag_id=dag_with_postgres_operator, task_id=create_postgres_table, execution_date=20220204T000000, start_date=20220731T095110, end_date=20220731T095111
[2022-07-31 09:51:11,514] {standard_task_runner.py:97} ERROR - Failed to execute job 1278 for task create_postgres_table (could not translate host name "host.docker.local " to address: Name or service not known
; 640)
[2022-07-31 09:51:11,569] {local_task_job.py:156} INFO - Task exited with return code 1
[2022-07-31 09:51:11,711] {local_task_job.py:273} INFO - 0 downstream tasks scheduled from follow-on schedule check
[2022-07-31 14:20:30,612] {taskinstance.py:1159} INFO - Dependencies all met for <TaskInstance: dag_with_postgres_operator.create_postgres_table scheduled__2022-02-04T00:00:00+00:00 [queued]>
[2022-07-31 14:20:30,641] {taskinstance.py:1159} INFO - Dependencies all met for <TaskInstance: dag_with_postgres_operator.create_postgres_table scheduled__2022-02-04T00:00:00+00:00 [queued]>
[2022-07-31 14:20:30,641] {taskinstance.py:1356} INFO - 
--------------------------------------------------------------------------------
[2022-07-31 14:20:30,641] {taskinstance.py:1357} INFO - Starting attempt 5 of 6
[2022-07-31 14:20:30,641] {taskinstance.py:1358} INFO - 
--------------------------------------------------------------------------------
[2022-07-31 14:20:30,664] {taskinstance.py:1377} INFO - Executing <Task(PostgresOperator): create_postgres_table> on 2022-02-04 00:00:00+00:00
[2022-07-31 14:20:30,670] {standard_task_runner.py:52} INFO - Started process 4569 to run task
[2022-07-31 14:20:30,674] {standard_task_runner.py:79} INFO - Running: ['***', 'tasks', 'run', 'dag_with_postgres_operator', 'create_postgres_table', 'scheduled__2022-02-04T00:00:00+00:00', '--job-id', '273', '--raw', '--subdir', 'DAGS_FOLDER/DAGWithPostgresOperator.py', '--cfg-path', '/tmp/tmp4x5jquh9', '--error-file', '/tmp/tmpegpau8bh']
[2022-07-31 14:20:30,675] {standard_task_runner.py:80} INFO - Job 273: Subtask create_postgres_table
[2022-07-31 14:20:30,779] {task_command.py:369} INFO - Running <TaskInstance: dag_with_postgres_operator.create_postgres_table scheduled__2022-02-04T00:00:00+00:00 [running]> on host 4688dd3b7141
[2022-07-31 14:20:30,905] {taskinstance.py:1571} INFO - Exporting the following env vars:
AIRFLOW_CTX_DAG_OWNER=yosr
AIRFLOW_CTX_DAG_ID=dag_with_postgres_operator
AIRFLOW_CTX_TASK_ID=create_postgres_table
AIRFLOW_CTX_EXECUTION_DATE=2022-02-04T00:00:00+00:00
AIRFLOW_CTX_TRY_NUMBER=5
AIRFLOW_CTX_DAG_RUN_ID=scheduled__2022-02-04T00:00:00+00:00
[2022-07-31 14:20:30,948] {taskinstance.py:1889} ERROR - Task failed with exception
Traceback (most recent call last):
  File "/home/airflow/.local/lib/python3.7/site-packages/airflow/providers/postgres/operators/postgres.py", line 92, in execute
    self.hook.run(self.sql, self.autocommit, parameters=self.parameters)
  File "/home/airflow/.local/lib/python3.7/site-packages/airflow/hooks/dbapi.py", line 181, in run
    with closing(self.get_conn()) as conn:
  File "/home/airflow/.local/lib/python3.7/site-packages/airflow/providers/postgres/hooks/postgres.py", line 86, in get_conn
    conn = deepcopy(self.connection or self.get_connection(conn_id))
  File "/home/airflow/.local/lib/python3.7/site-packages/airflow/hooks/base.py", line 67, in get_connection
    conn = Connection.get_connection_from_secrets(conn_id)
  File "/home/airflow/.local/lib/python3.7/site-packages/airflow/models/connection.py", line 430, in get_connection_from_secrets
    raise AirflowNotFoundException(f"The conn_id `{conn_id}` isn't defined")
airflow.exceptions.AirflowNotFoundException: The conn_id `postgres_localhost` isn't defined
[2022-07-31 14:20:30,954] {taskinstance.py:1400} INFO - Marking task as UP_FOR_RETRY. dag_id=dag_with_postgres_operator, task_id=create_postgres_table, execution_date=20220204T000000, start_date=20220731T142030, end_date=20220731T142030
[2022-07-31 14:20:30,969] {standard_task_runner.py:97} ERROR - Failed to execute job 273 for task create_postgres_table (The conn_id `postgres_localhost` isn't defined; 4569)
[2022-07-31 14:20:31,018] {local_task_job.py:156} INFO - Task exited with return code 1
[2022-07-31 14:20:31,081] {local_task_job.py:273} INFO - 0 downstream tasks scheduled from follow-on schedule check
