[2022-07-30 19:14:23,327] {taskinstance.py:1159} INFO - Dependencies all met for <TaskInstance: dag_with_postgres_operator.create_postgres_table scheduled__2022-02-14T00:00:00+00:00 [queued]>
[2022-07-30 19:14:23,351] {taskinstance.py:1159} INFO - Dependencies all met for <TaskInstance: dag_with_postgres_operator.create_postgres_table scheduled__2022-02-14T00:00:00+00:00 [queued]>
[2022-07-30 19:14:23,351] {taskinstance.py:1356} INFO - 
--------------------------------------------------------------------------------
[2022-07-30 19:14:23,351] {taskinstance.py:1357} INFO - Starting attempt 5 of 6
[2022-07-30 19:14:23,352] {taskinstance.py:1358} INFO - 
--------------------------------------------------------------------------------
[2022-07-30 19:14:23,387] {taskinstance.py:1377} INFO - Executing <Task(PostgresOperator): create_postgres_table> on 2022-02-14 00:00:00+00:00
[2022-07-30 19:14:23,399] {standard_task_runner.py:52} INFO - Started process 5536 to run task
[2022-07-30 19:14:23,404] {standard_task_runner.py:79} INFO - Running: ['***', 'tasks', 'run', 'dag_with_postgres_operator', 'create_postgres_table', 'scheduled__2022-02-14T00:00:00+00:00', '--job-id', '368', '--raw', '--subdir', 'DAGS_FOLDER/DAGWithPostgresOperator.py', '--cfg-path', '/tmp/tmpjqny8ftc', '--error-file', '/tmp/tmp4al40qx3']
[2022-07-30 19:14:23,412] {standard_task_runner.py:80} INFO - Job 368: Subtask create_postgres_table
[2022-07-30 19:14:23,576] {task_command.py:369} INFO - Running <TaskInstance: dag_with_postgres_operator.create_postgres_table scheduled__2022-02-14T00:00:00+00:00 [running]> on host 66bf18ec08cc
[2022-07-30 19:14:23,721] {taskinstance.py:1571} INFO - Exporting the following env vars:
AIRFLOW_CTX_DAG_OWNER=yosr
AIRFLOW_CTX_DAG_ID=dag_with_postgres_operator
AIRFLOW_CTX_TASK_ID=create_postgres_table
AIRFLOW_CTX_EXECUTION_DATE=2022-02-14T00:00:00+00:00
AIRFLOW_CTX_TRY_NUMBER=5
AIRFLOW_CTX_DAG_RUN_ID=scheduled__2022-02-14T00:00:00+00:00
[2022-07-30 19:14:23,747] {base.py:68} INFO - Using connection ID 'postgres_localhost' for task execution.
[2022-07-30 19:14:23,748] {taskinstance.py:1889} ERROR - Task failed with exception
Traceback (most recent call last):
  File "/home/airflow/.local/lib/python3.7/site-packages/airflow/providers/postgres/operators/postgres.py", line 92, in execute
    self.hook.run(self.sql, self.autocommit, parameters=self.parameters)
  File "/home/airflow/.local/lib/python3.7/site-packages/airflow/hooks/dbapi.py", line 181, in run
    with closing(self.get_conn()) as conn:
  File "/home/airflow/.local/lib/python3.7/site-packages/airflow/providers/postgres/hooks/postgres.py", line 113, in get_conn
    self.conn = psycopg2.connect(**conn_args)
  File "/home/airflow/.local/lib/python3.7/site-packages/psycopg2/__init__.py", line 122, in connect
    conn = _connect(dsn, connection_factory=connection_factory, **kwasync)
psycopg2.OperationalError: could not translate host name "host.docker.internal " to address: Name or service not known

[2022-07-30 19:14:23,768] {taskinstance.py:1400} INFO - Marking task as UP_FOR_RETRY. dag_id=dag_with_postgres_operator, task_id=create_postgres_table, execution_date=20220214T000000, start_date=20220730T191423, end_date=20220730T191423
[2022-07-30 19:14:23,784] {standard_task_runner.py:97} ERROR - Failed to execute job 368 for task create_postgres_table (could not translate host name "host.docker.internal " to address: Name or service not known
; 5536)
[2022-07-30 19:14:23,807] {local_task_job.py:156} INFO - Task exited with return code 1
[2022-07-30 19:14:23,947] {local_task_job.py:273} INFO - 0 downstream tasks scheduled from follow-on schedule check
[2022-07-31 10:16:37,513] {taskinstance.py:1159} INFO - Dependencies all met for <TaskInstance: dag_with_postgres_operator.create_postgres_table scheduled__2022-02-14T00:00:00+00:00 [queued]>
[2022-07-31 10:16:37,535] {taskinstance.py:1159} INFO - Dependencies all met for <TaskInstance: dag_with_postgres_operator.create_postgres_table scheduled__2022-02-14T00:00:00+00:00 [queued]>
[2022-07-31 10:16:37,536] {taskinstance.py:1356} INFO - 
--------------------------------------------------------------------------------
[2022-07-31 10:16:37,536] {taskinstance.py:1357} INFO - Starting attempt 5 of 6
[2022-07-31 10:16:37,537] {taskinstance.py:1358} INFO - 
--------------------------------------------------------------------------------
[2022-07-31 10:16:37,562] {taskinstance.py:1377} INFO - Executing <Task(PostgresOperator): create_postgres_table> on 2022-02-14 00:00:00+00:00
[2022-07-31 10:16:37,567] {standard_task_runner.py:52} INFO - Started process 1996 to run task
[2022-07-31 10:16:37,570] {standard_task_runner.py:79} INFO - Running: ['***', 'tasks', 'run', 'dag_with_postgres_operator', 'create_postgres_table', 'scheduled__2022-02-14T00:00:00+00:00', '--job-id', '1372', '--raw', '--subdir', 'DAGS_FOLDER/DAGWithPostgresOperator.py', '--cfg-path', '/tmp/tmp9ruw9stk', '--error-file', '/tmp/tmps99q3lsn']
[2022-07-31 10:16:37,571] {standard_task_runner.py:80} INFO - Job 1372: Subtask create_postgres_table
[2022-07-31 10:16:37,670] {task_command.py:369} INFO - Running <TaskInstance: dag_with_postgres_operator.create_postgres_table scheduled__2022-02-14T00:00:00+00:00 [running]> on host 66bf18ec08cc
[2022-07-31 10:16:37,782] {taskinstance.py:1571} INFO - Exporting the following env vars:
AIRFLOW_CTX_DAG_OWNER=yosr
AIRFLOW_CTX_DAG_ID=dag_with_postgres_operator
AIRFLOW_CTX_TASK_ID=create_postgres_table
AIRFLOW_CTX_EXECUTION_DATE=2022-02-14T00:00:00+00:00
AIRFLOW_CTX_TRY_NUMBER=5
AIRFLOW_CTX_DAG_RUN_ID=scheduled__2022-02-14T00:00:00+00:00
[2022-07-31 10:16:37,798] {base.py:68} INFO - Using connection ID 'postgres_localhost' for task execution.
[2022-07-31 10:16:37,800] {taskinstance.py:1889} ERROR - Task failed with exception
Traceback (most recent call last):
  File "/home/airflow/.local/lib/python3.7/site-packages/airflow/providers/postgres/operators/postgres.py", line 92, in execute
    self.hook.run(self.sql, self.autocommit, parameters=self.parameters)
  File "/home/airflow/.local/lib/python3.7/site-packages/airflow/hooks/dbapi.py", line 181, in run
    with closing(self.get_conn()) as conn:
  File "/home/airflow/.local/lib/python3.7/site-packages/airflow/providers/postgres/hooks/postgres.py", line 113, in get_conn
    self.conn = psycopg2.connect(**conn_args)
  File "/home/airflow/.local/lib/python3.7/site-packages/psycopg2/__init__.py", line 122, in connect
    conn = _connect(dsn, connection_factory=connection_factory, **kwasync)
psycopg2.OperationalError: could not translate host name "host.docker.local " to address: Name or service not known

[2022-07-31 10:16:37,821] {taskinstance.py:1400} INFO - Marking task as UP_FOR_RETRY. dag_id=dag_with_postgres_operator, task_id=create_postgres_table, execution_date=20220214T000000, start_date=20220731T101637, end_date=20220731T101637
[2022-07-31 10:16:37,840] {standard_task_runner.py:97} ERROR - Failed to execute job 1372 for task create_postgres_table (could not translate host name "host.docker.local " to address: Name or service not known
; 1996)
[2022-07-31 10:16:37,871] {local_task_job.py:156} INFO - Task exited with return code 1
[2022-07-31 10:16:38,001] {local_task_job.py:273} INFO - 0 downstream tasks scheduled from follow-on schedule check
[2022-07-31 14:46:05,575] {taskinstance.py:1159} INFO - Dependencies all met for <TaskInstance: dag_with_postgres_operator.create_postgres_table scheduled__2022-02-14T00:00:00+00:00 [queued]>
[2022-07-31 14:46:05,603] {taskinstance.py:1159} INFO - Dependencies all met for <TaskInstance: dag_with_postgres_operator.create_postgres_table scheduled__2022-02-14T00:00:00+00:00 [queued]>
[2022-07-31 14:46:05,603] {taskinstance.py:1356} INFO - 
--------------------------------------------------------------------------------
[2022-07-31 14:46:05,603] {taskinstance.py:1357} INFO - Starting attempt 5 of 6
[2022-07-31 14:46:05,603] {taskinstance.py:1358} INFO - 
--------------------------------------------------------------------------------
[2022-07-31 14:46:05,625] {taskinstance.py:1377} INFO - Executing <Task(PostgresOperator): create_postgres_table> on 2022-02-14 00:00:00+00:00
[2022-07-31 14:46:05,632] {standard_task_runner.py:52} INFO - Started process 5934 to run task
[2022-07-31 14:46:05,635] {standard_task_runner.py:79} INFO - Running: ['***', 'tasks', 'run', 'dag_with_postgres_operator', 'create_postgres_table', 'scheduled__2022-02-14T00:00:00+00:00', '--job-id', '358', '--raw', '--subdir', 'DAGS_FOLDER/DAGWithPostgresOperator.py', '--cfg-path', '/tmp/tmp8d0txcsx', '--error-file', '/tmp/tmp5hrr6qhy']
[2022-07-31 14:46:05,638] {standard_task_runner.py:80} INFO - Job 358: Subtask create_postgres_table
[2022-07-31 14:46:05,720] {task_command.py:369} INFO - Running <TaskInstance: dag_with_postgres_operator.create_postgres_table scheduled__2022-02-14T00:00:00+00:00 [running]> on host 4688dd3b7141
[2022-07-31 14:46:05,839] {taskinstance.py:1571} INFO - Exporting the following env vars:
AIRFLOW_CTX_DAG_OWNER=yosr
AIRFLOW_CTX_DAG_ID=dag_with_postgres_operator
AIRFLOW_CTX_TASK_ID=create_postgres_table
AIRFLOW_CTX_EXECUTION_DATE=2022-02-14T00:00:00+00:00
AIRFLOW_CTX_TRY_NUMBER=5
AIRFLOW_CTX_DAG_RUN_ID=scheduled__2022-02-14T00:00:00+00:00
[2022-07-31 14:46:05,862] {base.py:68} INFO - Using connection ID 'postgres_localhost' for task execution.
[2022-07-31 14:46:20,873] {taskinstance.py:1889} ERROR - Task failed with exception
Traceback (most recent call last):
  File "/home/airflow/.local/lib/python3.7/site-packages/airflow/providers/postgres/operators/postgres.py", line 92, in execute
    self.hook.run(self.sql, self.autocommit, parameters=self.parameters)
  File "/home/airflow/.local/lib/python3.7/site-packages/airflow/hooks/dbapi.py", line 181, in run
    with closing(self.get_conn()) as conn:
  File "/home/airflow/.local/lib/python3.7/site-packages/airflow/providers/postgres/hooks/postgres.py", line 113, in get_conn
    self.conn = psycopg2.connect(**conn_args)
  File "/home/airflow/.local/lib/python3.7/site-packages/psycopg2/__init__.py", line 122, in connect
    conn = _connect(dsn, connection_factory=connection_factory, **kwasync)
psycopg2.OperationalError: could not translate host name "host.docker.local" to address: Temporary failure in name resolution

[2022-07-31 14:46:20,891] {taskinstance.py:1400} INFO - Marking task as UP_FOR_RETRY. dag_id=dag_with_postgres_operator, task_id=create_postgres_table, execution_date=20220214T000000, start_date=20220731T144605, end_date=20220731T144620
[2022-07-31 14:46:20,919] {standard_task_runner.py:97} ERROR - Failed to execute job 358 for task create_postgres_table (could not translate host name "host.docker.local" to address: Temporary failure in name resolution
; 5934)
[2022-07-31 14:46:20,940] {local_task_job.py:156} INFO - Task exited with return code 1
[2022-07-31 14:46:20,988] {local_task_job.py:273} INFO - 0 downstream tasks scheduled from follow-on schedule check
