[2022-07-30 19:04:20,389] {taskinstance.py:1159} INFO - Dependencies all met for <TaskInstance: dag_with_postgres_operator.create_postgres_table scheduled__2022-02-14T00:00:00+00:00 [queued]>
[2022-07-30 19:04:20,408] {taskinstance.py:1159} INFO - Dependencies all met for <TaskInstance: dag_with_postgres_operator.create_postgres_table scheduled__2022-02-14T00:00:00+00:00 [queued]>
[2022-07-30 19:04:20,408] {taskinstance.py:1356} INFO - 
--------------------------------------------------------------------------------
[2022-07-30 19:04:20,408] {taskinstance.py:1357} INFO - Starting attempt 3 of 6
[2022-07-30 19:04:20,408] {taskinstance.py:1358} INFO - 
--------------------------------------------------------------------------------
[2022-07-30 19:04:20,430] {taskinstance.py:1377} INFO - Executing <Task(PostgresOperator): create_postgres_table> on 2022-02-14 00:00:00+00:00
[2022-07-30 19:04:20,437] {standard_task_runner.py:52} INFO - Started process 5001 to run task
[2022-07-30 19:04:20,442] {standard_task_runner.py:79} INFO - Running: ['***', 'tasks', 'run', 'dag_with_postgres_operator', 'create_postgres_table', 'scheduled__2022-02-14T00:00:00+00:00', '--job-id', '331', '--raw', '--subdir', 'DAGS_FOLDER/DAGWithPostgresOperator.py', '--cfg-path', '/tmp/tmp261eu3ih', '--error-file', '/tmp/tmp1t3z_hu_']
[2022-07-30 19:04:20,442] {standard_task_runner.py:80} INFO - Job 331: Subtask create_postgres_table
[2022-07-30 19:04:20,518] {task_command.py:369} INFO - Running <TaskInstance: dag_with_postgres_operator.create_postgres_table scheduled__2022-02-14T00:00:00+00:00 [running]> on host 66bf18ec08cc
[2022-07-30 19:04:20,639] {taskinstance.py:1571} INFO - Exporting the following env vars:
AIRFLOW_CTX_DAG_OWNER=yosr
AIRFLOW_CTX_DAG_ID=dag_with_postgres_operator
AIRFLOW_CTX_TASK_ID=create_postgres_table
AIRFLOW_CTX_EXECUTION_DATE=2022-02-14T00:00:00+00:00
AIRFLOW_CTX_TRY_NUMBER=3
AIRFLOW_CTX_DAG_RUN_ID=scheduled__2022-02-14T00:00:00+00:00
[2022-07-30 19:04:20,655] {base.py:68} INFO - Using connection ID 'postgres_localhost' for task execution.
[2022-07-30 19:04:20,657] {taskinstance.py:1889} ERROR - Task failed with exception
Traceback (most recent call last):
  File "/home/airflow/.local/lib/python3.7/site-packages/airflow/providers/postgres/operators/postgres.py", line 92, in execute
    self.hook.run(self.sql, self.autocommit, parameters=self.parameters)
  File "/home/airflow/.local/lib/python3.7/site-packages/airflow/hooks/dbapi.py", line 181, in run
    with closing(self.get_conn()) as conn:
  File "/home/airflow/.local/lib/python3.7/site-packages/airflow/providers/postgres/hooks/postgres.py", line 113, in get_conn
    self.conn = psycopg2.connect(**conn_args)
  File "/home/airflow/.local/lib/python3.7/site-packages/psycopg2/__init__.py", line 122, in connect
    conn = _connect(dsn, connection_factory=connection_factory, **kwasync)
psycopg2.OperationalError: could not translate host name "host.docker.internal " to address: Name or service not known

[2022-07-30 19:04:20,675] {taskinstance.py:1400} INFO - Marking task as UP_FOR_RETRY. dag_id=dag_with_postgres_operator, task_id=create_postgres_table, execution_date=20220214T000000, start_date=20220730T190420, end_date=20220730T190420
[2022-07-30 19:04:20,708] {standard_task_runner.py:97} ERROR - Failed to execute job 331 for task create_postgres_table (could not translate host name "host.docker.internal " to address: Name or service not known
; 5001)
[2022-07-30 19:04:20,739] {local_task_job.py:156} INFO - Task exited with return code 1
[2022-07-30 19:04:20,799] {local_task_job.py:273} INFO - 0 downstream tasks scheduled from follow-on schedule check
[2022-07-31 10:06:35,492] {taskinstance.py:1159} INFO - Dependencies all met for <TaskInstance: dag_with_postgres_operator.create_postgres_table scheduled__2022-02-14T00:00:00+00:00 [queued]>
[2022-07-31 10:06:35,509] {taskinstance.py:1159} INFO - Dependencies all met for <TaskInstance: dag_with_postgres_operator.create_postgres_table scheduled__2022-02-14T00:00:00+00:00 [queued]>
[2022-07-31 10:06:35,509] {taskinstance.py:1356} INFO - 
--------------------------------------------------------------------------------
[2022-07-31 10:06:35,509] {taskinstance.py:1357} INFO - Starting attempt 3 of 6
[2022-07-31 10:06:35,509] {taskinstance.py:1358} INFO - 
--------------------------------------------------------------------------------
[2022-07-31 10:06:35,529] {taskinstance.py:1377} INFO - Executing <Task(PostgresOperator): create_postgres_table> on 2022-02-14 00:00:00+00:00
[2022-07-31 10:06:35,533] {standard_task_runner.py:52} INFO - Started process 1473 to run task
[2022-07-31 10:06:35,536] {standard_task_runner.py:79} INFO - Running: ['***', 'tasks', 'run', 'dag_with_postgres_operator', 'create_postgres_table', 'scheduled__2022-02-14T00:00:00+00:00', '--job-id', '1342', '--raw', '--subdir', 'DAGS_FOLDER/DAGWithPostgresOperator.py', '--cfg-path', '/tmp/tmpy19os1zb', '--error-file', '/tmp/tmpj3ehc_fw']
[2022-07-31 10:06:35,537] {standard_task_runner.py:80} INFO - Job 1342: Subtask create_postgres_table
[2022-07-31 10:06:35,604] {task_command.py:369} INFO - Running <TaskInstance: dag_with_postgres_operator.create_postgres_table scheduled__2022-02-14T00:00:00+00:00 [running]> on host 66bf18ec08cc
[2022-07-31 10:06:35,692] {taskinstance.py:1571} INFO - Exporting the following env vars:
AIRFLOW_CTX_DAG_OWNER=yosr
AIRFLOW_CTX_DAG_ID=dag_with_postgres_operator
AIRFLOW_CTX_TASK_ID=create_postgres_table
AIRFLOW_CTX_EXECUTION_DATE=2022-02-14T00:00:00+00:00
AIRFLOW_CTX_TRY_NUMBER=3
AIRFLOW_CTX_DAG_RUN_ID=scheduled__2022-02-14T00:00:00+00:00
[2022-07-31 10:06:35,705] {base.py:68} INFO - Using connection ID 'postgres_localhost' for task execution.
[2022-07-31 10:06:35,706] {taskinstance.py:1889} ERROR - Task failed with exception
Traceback (most recent call last):
  File "/home/airflow/.local/lib/python3.7/site-packages/airflow/providers/postgres/operators/postgres.py", line 92, in execute
    self.hook.run(self.sql, self.autocommit, parameters=self.parameters)
  File "/home/airflow/.local/lib/python3.7/site-packages/airflow/hooks/dbapi.py", line 181, in run
    with closing(self.get_conn()) as conn:
  File "/home/airflow/.local/lib/python3.7/site-packages/airflow/providers/postgres/hooks/postgres.py", line 113, in get_conn
    self.conn = psycopg2.connect(**conn_args)
  File "/home/airflow/.local/lib/python3.7/site-packages/psycopg2/__init__.py", line 122, in connect
    conn = _connect(dsn, connection_factory=connection_factory, **kwasync)
psycopg2.OperationalError: could not translate host name "host.docker.local " to address: Name or service not known

[2022-07-31 10:06:35,720] {taskinstance.py:1400} INFO - Marking task as UP_FOR_RETRY. dag_id=dag_with_postgres_operator, task_id=create_postgres_table, execution_date=20220214T000000, start_date=20220731T100635, end_date=20220731T100635
[2022-07-31 10:06:35,739] {standard_task_runner.py:97} ERROR - Failed to execute job 1342 for task create_postgres_table (could not translate host name "host.docker.local " to address: Name or service not known
; 1473)
[2022-07-31 10:06:35,760] {local_task_job.py:156} INFO - Task exited with return code 1
[2022-07-31 10:06:35,889] {local_task_job.py:273} INFO - 0 downstream tasks scheduled from follow-on schedule check
[2022-07-31 14:35:38,317] {taskinstance.py:1159} INFO - Dependencies all met for <TaskInstance: dag_with_postgres_operator.create_postgres_table scheduled__2022-02-14T00:00:00+00:00 [queued]>
[2022-07-31 14:35:38,332] {taskinstance.py:1159} INFO - Dependencies all met for <TaskInstance: dag_with_postgres_operator.create_postgres_table scheduled__2022-02-14T00:00:00+00:00 [queued]>
[2022-07-31 14:35:38,332] {taskinstance.py:1356} INFO - 
--------------------------------------------------------------------------------
[2022-07-31 14:35:38,332] {taskinstance.py:1357} INFO - Starting attempt 3 of 6
[2022-07-31 14:35:38,332] {taskinstance.py:1358} INFO - 
--------------------------------------------------------------------------------
[2022-07-31 14:35:38,353] {taskinstance.py:1377} INFO - Executing <Task(PostgresOperator): create_postgres_table> on 2022-02-14 00:00:00+00:00
[2022-07-31 14:35:38,357] {standard_task_runner.py:52} INFO - Started process 5388 to run task
[2022-07-31 14:35:38,359] {standard_task_runner.py:79} INFO - Running: ['***', 'tasks', 'run', 'dag_with_postgres_operator', 'create_postgres_table', 'scheduled__2022-02-14T00:00:00+00:00', '--job-id', '332', '--raw', '--subdir', 'DAGS_FOLDER/DAGWithPostgresOperator.py', '--cfg-path', '/tmp/tmpu29proph', '--error-file', '/tmp/tmp9r9j790z']
[2022-07-31 14:35:38,360] {standard_task_runner.py:80} INFO - Job 332: Subtask create_postgres_table
[2022-07-31 14:35:38,433] {task_command.py:369} INFO - Running <TaskInstance: dag_with_postgres_operator.create_postgres_table scheduled__2022-02-14T00:00:00+00:00 [running]> on host 4688dd3b7141
[2022-07-31 14:35:38,529] {taskinstance.py:1571} INFO - Exporting the following env vars:
AIRFLOW_CTX_DAG_OWNER=yosr
AIRFLOW_CTX_DAG_ID=dag_with_postgres_operator
AIRFLOW_CTX_TASK_ID=create_postgres_table
AIRFLOW_CTX_EXECUTION_DATE=2022-02-14T00:00:00+00:00
AIRFLOW_CTX_TRY_NUMBER=3
AIRFLOW_CTX_DAG_RUN_ID=scheduled__2022-02-14T00:00:00+00:00
[2022-07-31 14:35:38,548] {base.py:68} INFO - Using connection ID 'postgres_localhost' for task execution.
[2022-07-31 14:35:48,563] {taskinstance.py:1889} ERROR - Task failed with exception
Traceback (most recent call last):
  File "/home/airflow/.local/lib/python3.7/site-packages/airflow/providers/postgres/operators/postgres.py", line 92, in execute
    self.hook.run(self.sql, self.autocommit, parameters=self.parameters)
  File "/home/airflow/.local/lib/python3.7/site-packages/airflow/hooks/dbapi.py", line 181, in run
    with closing(self.get_conn()) as conn:
  File "/home/airflow/.local/lib/python3.7/site-packages/airflow/providers/postgres/hooks/postgres.py", line 113, in get_conn
    self.conn = psycopg2.connect(**conn_args)
  File "/home/airflow/.local/lib/python3.7/site-packages/psycopg2/__init__.py", line 122, in connect
    conn = _connect(dsn, connection_factory=connection_factory, **kwasync)
psycopg2.OperationalError: could not translate host name "host.docker.local" to address: Temporary failure in name resolution

[2022-07-31 14:35:48,579] {taskinstance.py:1400} INFO - Marking task as UP_FOR_RETRY. dag_id=dag_with_postgres_operator, task_id=create_postgres_table, execution_date=20220214T000000, start_date=20220731T143538, end_date=20220731T143548
[2022-07-31 14:35:48,745] {standard_task_runner.py:97} ERROR - Failed to execute job 332 for task create_postgres_table (could not translate host name "host.docker.local" to address: Temporary failure in name resolution
; 5388)
[2022-07-31 14:35:48,757] {local_task_job.py:156} INFO - Task exited with return code 1
[2022-07-31 14:35:48,805] {local_task_job.py:273} INFO - 0 downstream tasks scheduled from follow-on schedule check
