[2022-07-30 18:59:19,420] {taskinstance.py:1159} INFO - Dependencies all met for <TaskInstance: dag_with_postgres_operator.create_postgres_table scheduled__2022-02-14T00:00:00+00:00 [queued]>
[2022-07-30 18:59:19,434] {taskinstance.py:1159} INFO - Dependencies all met for <TaskInstance: dag_with_postgres_operator.create_postgres_table scheduled__2022-02-14T00:00:00+00:00 [queued]>
[2022-07-30 18:59:19,434] {taskinstance.py:1356} INFO - 
--------------------------------------------------------------------------------
[2022-07-30 18:59:19,434] {taskinstance.py:1357} INFO - Starting attempt 2 of 6
[2022-07-30 18:59:19,434] {taskinstance.py:1358} INFO - 
--------------------------------------------------------------------------------
[2022-07-30 18:59:19,450] {taskinstance.py:1377} INFO - Executing <Task(PostgresOperator): create_postgres_table> on 2022-02-14 00:00:00+00:00
[2022-07-30 18:59:19,455] {standard_task_runner.py:52} INFO - Started process 4733 to run task
[2022-07-30 18:59:19,458] {standard_task_runner.py:79} INFO - Running: ['***', 'tasks', 'run', 'dag_with_postgres_operator', 'create_postgres_table', 'scheduled__2022-02-14T00:00:00+00:00', '--job-id', '316', '--raw', '--subdir', 'DAGS_FOLDER/DAGWithPostgresOperator.py', '--cfg-path', '/tmp/tmpshh5ru3k', '--error-file', '/tmp/tmp16cs7w4f']
[2022-07-30 18:59:19,459] {standard_task_runner.py:80} INFO - Job 316: Subtask create_postgres_table
[2022-07-30 18:59:19,523] {task_command.py:369} INFO - Running <TaskInstance: dag_with_postgres_operator.create_postgres_table scheduled__2022-02-14T00:00:00+00:00 [running]> on host 66bf18ec08cc
[2022-07-30 18:59:19,611] {taskinstance.py:1571} INFO - Exporting the following env vars:
AIRFLOW_CTX_DAG_OWNER=yosr
AIRFLOW_CTX_DAG_ID=dag_with_postgres_operator
AIRFLOW_CTX_TASK_ID=create_postgres_table
AIRFLOW_CTX_EXECUTION_DATE=2022-02-14T00:00:00+00:00
AIRFLOW_CTX_TRY_NUMBER=2
AIRFLOW_CTX_DAG_RUN_ID=scheduled__2022-02-14T00:00:00+00:00
[2022-07-30 18:59:19,623] {base.py:68} INFO - Using connection ID 'postgres_localhost' for task execution.
[2022-07-30 18:59:19,624] {taskinstance.py:1889} ERROR - Task failed with exception
Traceback (most recent call last):
  File "/home/airflow/.local/lib/python3.7/site-packages/airflow/providers/postgres/operators/postgres.py", line 92, in execute
    self.hook.run(self.sql, self.autocommit, parameters=self.parameters)
  File "/home/airflow/.local/lib/python3.7/site-packages/airflow/hooks/dbapi.py", line 181, in run
    with closing(self.get_conn()) as conn:
  File "/home/airflow/.local/lib/python3.7/site-packages/airflow/providers/postgres/hooks/postgres.py", line 113, in get_conn
    self.conn = psycopg2.connect(**conn_args)
  File "/home/airflow/.local/lib/python3.7/site-packages/psycopg2/__init__.py", line 122, in connect
    conn = _connect(dsn, connection_factory=connection_factory, **kwasync)
psycopg2.OperationalError: could not translate host name "host.docker.internal " to address: Name or service not known

[2022-07-30 18:59:19,634] {taskinstance.py:1400} INFO - Marking task as UP_FOR_RETRY. dag_id=dag_with_postgres_operator, task_id=create_postgres_table, execution_date=20220214T000000, start_date=20220730T185919, end_date=20220730T185919
[2022-07-30 18:59:19,647] {standard_task_runner.py:97} ERROR - Failed to execute job 316 for task create_postgres_table (could not translate host name "host.docker.internal " to address: Name or service not known
; 4733)
[2022-07-30 18:59:19,675] {local_task_job.py:156} INFO - Task exited with return code 1
[2022-07-30 18:59:19,741] {local_task_job.py:273} INFO - 0 downstream tasks scheduled from follow-on schedule check
[2022-07-31 10:01:34,813] {taskinstance.py:1159} INFO - Dependencies all met for <TaskInstance: dag_with_postgres_operator.create_postgres_table scheduled__2022-02-14T00:00:00+00:00 [queued]>
[2022-07-31 10:01:34,842] {taskinstance.py:1159} INFO - Dependencies all met for <TaskInstance: dag_with_postgres_operator.create_postgres_table scheduled__2022-02-14T00:00:00+00:00 [queued]>
[2022-07-31 10:01:34,843] {taskinstance.py:1356} INFO - 
--------------------------------------------------------------------------------
[2022-07-31 10:01:34,843] {taskinstance.py:1357} INFO - Starting attempt 2 of 6
[2022-07-31 10:01:34,843] {taskinstance.py:1358} INFO - 
--------------------------------------------------------------------------------
[2022-07-31 10:01:34,873] {taskinstance.py:1377} INFO - Executing <Task(PostgresOperator): create_postgres_table> on 2022-02-14 00:00:00+00:00
[2022-07-31 10:01:34,877] {standard_task_runner.py:52} INFO - Started process 1212 to run task
[2022-07-31 10:01:34,882] {standard_task_runner.py:79} INFO - Running: ['***', 'tasks', 'run', 'dag_with_postgres_operator', 'create_postgres_table', 'scheduled__2022-02-14T00:00:00+00:00', '--job-id', '1326', '--raw', '--subdir', 'DAGS_FOLDER/DAGWithPostgresOperator.py', '--cfg-path', '/tmp/tmpzig14gqb', '--error-file', '/tmp/tmptsqizejo']
[2022-07-31 10:01:34,882] {standard_task_runner.py:80} INFO - Job 1326: Subtask create_postgres_table
[2022-07-31 10:01:34,957] {task_command.py:369} INFO - Running <TaskInstance: dag_with_postgres_operator.create_postgres_table scheduled__2022-02-14T00:00:00+00:00 [running]> on host 66bf18ec08cc
[2022-07-31 10:01:35,060] {taskinstance.py:1571} INFO - Exporting the following env vars:
AIRFLOW_CTX_DAG_OWNER=yosr
AIRFLOW_CTX_DAG_ID=dag_with_postgres_operator
AIRFLOW_CTX_TASK_ID=create_postgres_table
AIRFLOW_CTX_EXECUTION_DATE=2022-02-14T00:00:00+00:00
AIRFLOW_CTX_TRY_NUMBER=2
AIRFLOW_CTX_DAG_RUN_ID=scheduled__2022-02-14T00:00:00+00:00
[2022-07-31 10:01:35,078] {base.py:68} INFO - Using connection ID 'postgres_localhost' for task execution.
[2022-07-31 10:01:35,079] {taskinstance.py:1889} ERROR - Task failed with exception
Traceback (most recent call last):
  File "/home/airflow/.local/lib/python3.7/site-packages/airflow/providers/postgres/operators/postgres.py", line 92, in execute
    self.hook.run(self.sql, self.autocommit, parameters=self.parameters)
  File "/home/airflow/.local/lib/python3.7/site-packages/airflow/hooks/dbapi.py", line 181, in run
    with closing(self.get_conn()) as conn:
  File "/home/airflow/.local/lib/python3.7/site-packages/airflow/providers/postgres/hooks/postgres.py", line 113, in get_conn
    self.conn = psycopg2.connect(**conn_args)
  File "/home/airflow/.local/lib/python3.7/site-packages/psycopg2/__init__.py", line 122, in connect
    conn = _connect(dsn, connection_factory=connection_factory, **kwasync)
psycopg2.OperationalError: could not translate host name "host.docker.local " to address: Name or service not known

[2022-07-31 10:01:35,093] {taskinstance.py:1400} INFO - Marking task as UP_FOR_RETRY. dag_id=dag_with_postgres_operator, task_id=create_postgres_table, execution_date=20220214T000000, start_date=20220731T100134, end_date=20220731T100135
[2022-07-31 10:01:35,109] {standard_task_runner.py:97} ERROR - Failed to execute job 1326 for task create_postgres_table (could not translate host name "host.docker.local " to address: Name or service not known
; 1212)
[2022-07-31 10:01:35,141] {local_task_job.py:156} INFO - Task exited with return code 1
[2022-07-31 10:01:35,305] {local_task_job.py:273} INFO - 0 downstream tasks scheduled from follow-on schedule check
[2022-07-31 14:30:37,500] {taskinstance.py:1159} INFO - Dependencies all met for <TaskInstance: dag_with_postgres_operator.create_postgres_table scheduled__2022-02-14T00:00:00+00:00 [queued]>
[2022-07-31 14:30:37,526] {taskinstance.py:1159} INFO - Dependencies all met for <TaskInstance: dag_with_postgres_operator.create_postgres_table scheduled__2022-02-14T00:00:00+00:00 [queued]>
[2022-07-31 14:30:37,526] {taskinstance.py:1356} INFO - 
--------------------------------------------------------------------------------
[2022-07-31 14:30:37,526] {taskinstance.py:1357} INFO - Starting attempt 2 of 6
[2022-07-31 14:30:37,526] {taskinstance.py:1358} INFO - 
--------------------------------------------------------------------------------
[2022-07-31 14:30:37,551] {taskinstance.py:1377} INFO - Executing <Task(PostgresOperator): create_postgres_table> on 2022-02-14 00:00:00+00:00
[2022-07-31 14:30:37,557] {standard_task_runner.py:52} INFO - Started process 5128 to run task
[2022-07-31 14:30:37,559] {standard_task_runner.py:79} INFO - Running: ['***', 'tasks', 'run', 'dag_with_postgres_operator', 'create_postgres_table', 'scheduled__2022-02-14T00:00:00+00:00', '--job-id', '316', '--raw', '--subdir', 'DAGS_FOLDER/DAGWithPostgresOperator.py', '--cfg-path', '/tmp/tmpdj__ohij', '--error-file', '/tmp/tmp8wuzsair']
[2022-07-31 14:30:37,559] {standard_task_runner.py:80} INFO - Job 316: Subtask create_postgres_table
[2022-07-31 14:30:37,639] {task_command.py:369} INFO - Running <TaskInstance: dag_with_postgres_operator.create_postgres_table scheduled__2022-02-14T00:00:00+00:00 [running]> on host 4688dd3b7141
[2022-07-31 14:30:37,737] {taskinstance.py:1571} INFO - Exporting the following env vars:
AIRFLOW_CTX_DAG_OWNER=yosr
AIRFLOW_CTX_DAG_ID=dag_with_postgres_operator
AIRFLOW_CTX_TASK_ID=create_postgres_table
AIRFLOW_CTX_EXECUTION_DATE=2022-02-14T00:00:00+00:00
AIRFLOW_CTX_TRY_NUMBER=2
AIRFLOW_CTX_DAG_RUN_ID=scheduled__2022-02-14T00:00:00+00:00
[2022-07-31 14:30:37,824] {taskinstance.py:1889} ERROR - Task failed with exception
Traceback (most recent call last):
  File "/home/airflow/.local/lib/python3.7/site-packages/airflow/providers/postgres/operators/postgres.py", line 92, in execute
    self.hook.run(self.sql, self.autocommit, parameters=self.parameters)
  File "/home/airflow/.local/lib/python3.7/site-packages/airflow/hooks/dbapi.py", line 181, in run
    with closing(self.get_conn()) as conn:
  File "/home/airflow/.local/lib/python3.7/site-packages/airflow/providers/postgres/hooks/postgres.py", line 86, in get_conn
    conn = deepcopy(self.connection or self.get_connection(conn_id))
  File "/home/airflow/.local/lib/python3.7/site-packages/airflow/hooks/base.py", line 67, in get_connection
    conn = Connection.get_connection_from_secrets(conn_id)
  File "/home/airflow/.local/lib/python3.7/site-packages/airflow/models/connection.py", line 430, in get_connection_from_secrets
    raise AirflowNotFoundException(f"The conn_id `{conn_id}` isn't defined")
airflow.exceptions.AirflowNotFoundException: The conn_id `postgres_localhost` isn't defined
[2022-07-31 14:30:37,829] {taskinstance.py:1400} INFO - Marking task as UP_FOR_RETRY. dag_id=dag_with_postgres_operator, task_id=create_postgres_table, execution_date=20220214T000000, start_date=20220731T143037, end_date=20220731T143037
[2022-07-31 14:30:37,846] {standard_task_runner.py:97} ERROR - Failed to execute job 316 for task create_postgres_table (The conn_id `postgres_localhost` isn't defined; 5128)
[2022-07-31 14:30:37,858] {local_task_job.py:156} INFO - Task exited with return code 1
[2022-07-31 14:30:37,908] {local_task_job.py:273} INFO - 0 downstream tasks scheduled from follow-on schedule check
