[2022-07-30 19:09:21,560] {taskinstance.py:1159} INFO - Dependencies all met for <TaskInstance: dag_with_postgres_operator.create_postgres_table scheduled__2022-02-14T00:00:00+00:00 [queued]>
[2022-07-30 19:09:21,575] {taskinstance.py:1159} INFO - Dependencies all met for <TaskInstance: dag_with_postgres_operator.create_postgres_table scheduled__2022-02-14T00:00:00+00:00 [queued]>
[2022-07-30 19:09:21,576] {taskinstance.py:1356} INFO - 
--------------------------------------------------------------------------------
[2022-07-30 19:09:21,576] {taskinstance.py:1357} INFO - Starting attempt 4 of 6
[2022-07-30 19:09:21,576] {taskinstance.py:1358} INFO - 
--------------------------------------------------------------------------------
[2022-07-30 19:09:21,602] {taskinstance.py:1377} INFO - Executing <Task(PostgresOperator): create_postgres_table> on 2022-02-14 00:00:00+00:00
[2022-07-30 19:09:21,607] {standard_task_runner.py:52} INFO - Started process 5266 to run task
[2022-07-30 19:09:21,609] {standard_task_runner.py:79} INFO - Running: ['***', 'tasks', 'run', 'dag_with_postgres_operator', 'create_postgres_table', 'scheduled__2022-02-14T00:00:00+00:00', '--job-id', '348', '--raw', '--subdir', 'DAGS_FOLDER/DAGWithPostgresOperator.py', '--cfg-path', '/tmp/tmpctd19en5', '--error-file', '/tmp/tmptp7vdqf0']
[2022-07-30 19:09:21,610] {standard_task_runner.py:80} INFO - Job 348: Subtask create_postgres_table
[2022-07-30 19:09:21,675] {task_command.py:369} INFO - Running <TaskInstance: dag_with_postgres_operator.create_postgres_table scheduled__2022-02-14T00:00:00+00:00 [running]> on host 66bf18ec08cc
[2022-07-30 19:09:21,787] {taskinstance.py:1571} INFO - Exporting the following env vars:
AIRFLOW_CTX_DAG_OWNER=yosr
AIRFLOW_CTX_DAG_ID=dag_with_postgres_operator
AIRFLOW_CTX_TASK_ID=create_postgres_table
AIRFLOW_CTX_EXECUTION_DATE=2022-02-14T00:00:00+00:00
AIRFLOW_CTX_TRY_NUMBER=4
AIRFLOW_CTX_DAG_RUN_ID=scheduled__2022-02-14T00:00:00+00:00
[2022-07-30 19:09:21,801] {base.py:68} INFO - Using connection ID 'postgres_localhost' for task execution.
[2022-07-30 19:09:21,802] {taskinstance.py:1889} ERROR - Task failed with exception
Traceback (most recent call last):
  File "/home/airflow/.local/lib/python3.7/site-packages/airflow/providers/postgres/operators/postgres.py", line 92, in execute
    self.hook.run(self.sql, self.autocommit, parameters=self.parameters)
  File "/home/airflow/.local/lib/python3.7/site-packages/airflow/hooks/dbapi.py", line 181, in run
    with closing(self.get_conn()) as conn:
  File "/home/airflow/.local/lib/python3.7/site-packages/airflow/providers/postgres/hooks/postgres.py", line 113, in get_conn
    self.conn = psycopg2.connect(**conn_args)
  File "/home/airflow/.local/lib/python3.7/site-packages/psycopg2/__init__.py", line 122, in connect
    conn = _connect(dsn, connection_factory=connection_factory, **kwasync)
psycopg2.OperationalError: could not translate host name "host.docker.internal " to address: Name or service not known

[2022-07-30 19:09:21,814] {taskinstance.py:1400} INFO - Marking task as UP_FOR_RETRY. dag_id=dag_with_postgres_operator, task_id=create_postgres_table, execution_date=20220214T000000, start_date=20220730T190921, end_date=20220730T190921
[2022-07-30 19:09:21,828] {standard_task_runner.py:97} ERROR - Failed to execute job 348 for task create_postgres_table (could not translate host name "host.docker.internal " to address: Name or service not known
; 5266)
[2022-07-30 19:09:21,870] {local_task_job.py:156} INFO - Task exited with return code 1
[2022-07-30 19:09:21,937] {local_task_job.py:273} INFO - 0 downstream tasks scheduled from follow-on schedule check
[2022-07-31 10:11:36,673] {taskinstance.py:1159} INFO - Dependencies all met for <TaskInstance: dag_with_postgres_operator.create_postgres_table scheduled__2022-02-14T00:00:00+00:00 [queued]>
[2022-07-31 10:11:36,695] {taskinstance.py:1159} INFO - Dependencies all met for <TaskInstance: dag_with_postgres_operator.create_postgres_table scheduled__2022-02-14T00:00:00+00:00 [queued]>
[2022-07-31 10:11:36,696] {taskinstance.py:1356} INFO - 
--------------------------------------------------------------------------------
[2022-07-31 10:11:36,696] {taskinstance.py:1357} INFO - Starting attempt 4 of 6
[2022-07-31 10:11:36,696] {taskinstance.py:1358} INFO - 
--------------------------------------------------------------------------------
[2022-07-31 10:11:36,718] {taskinstance.py:1377} INFO - Executing <Task(PostgresOperator): create_postgres_table> on 2022-02-14 00:00:00+00:00
[2022-07-31 10:11:36,723] {standard_task_runner.py:52} INFO - Started process 1732 to run task
[2022-07-31 10:11:36,727] {standard_task_runner.py:79} INFO - Running: ['***', 'tasks', 'run', 'dag_with_postgres_operator', 'create_postgres_table', 'scheduled__2022-02-14T00:00:00+00:00', '--job-id', '1359', '--raw', '--subdir', 'DAGS_FOLDER/DAGWithPostgresOperator.py', '--cfg-path', '/tmp/tmps48wyt9c', '--error-file', '/tmp/tmp6ct7r4u7']
[2022-07-31 10:11:36,728] {standard_task_runner.py:80} INFO - Job 1359: Subtask create_postgres_table
[2022-07-31 10:11:36,805] {task_command.py:369} INFO - Running <TaskInstance: dag_with_postgres_operator.create_postgres_table scheduled__2022-02-14T00:00:00+00:00 [running]> on host 66bf18ec08cc
[2022-07-31 10:11:36,905] {taskinstance.py:1571} INFO - Exporting the following env vars:
AIRFLOW_CTX_DAG_OWNER=yosr
AIRFLOW_CTX_DAG_ID=dag_with_postgres_operator
AIRFLOW_CTX_TASK_ID=create_postgres_table
AIRFLOW_CTX_EXECUTION_DATE=2022-02-14T00:00:00+00:00
AIRFLOW_CTX_TRY_NUMBER=4
AIRFLOW_CTX_DAG_RUN_ID=scheduled__2022-02-14T00:00:00+00:00
[2022-07-31 10:11:36,917] {base.py:68} INFO - Using connection ID 'postgres_localhost' for task execution.
[2022-07-31 10:11:36,919] {taskinstance.py:1889} ERROR - Task failed with exception
Traceback (most recent call last):
  File "/home/airflow/.local/lib/python3.7/site-packages/airflow/providers/postgres/operators/postgres.py", line 92, in execute
    self.hook.run(self.sql, self.autocommit, parameters=self.parameters)
  File "/home/airflow/.local/lib/python3.7/site-packages/airflow/hooks/dbapi.py", line 181, in run
    with closing(self.get_conn()) as conn:
  File "/home/airflow/.local/lib/python3.7/site-packages/airflow/providers/postgres/hooks/postgres.py", line 113, in get_conn
    self.conn = psycopg2.connect(**conn_args)
  File "/home/airflow/.local/lib/python3.7/site-packages/psycopg2/__init__.py", line 122, in connect
    conn = _connect(dsn, connection_factory=connection_factory, **kwasync)
psycopg2.OperationalError: could not translate host name "host.docker.local " to address: Name or service not known

[2022-07-31 10:11:36,930] {taskinstance.py:1400} INFO - Marking task as UP_FOR_RETRY. dag_id=dag_with_postgres_operator, task_id=create_postgres_table, execution_date=20220214T000000, start_date=20220731T101136, end_date=20220731T101136
[2022-07-31 10:11:36,944] {standard_task_runner.py:97} ERROR - Failed to execute job 1359 for task create_postgres_table (could not translate host name "host.docker.local " to address: Name or service not known
; 1732)
[2022-07-31 10:11:36,987] {local_task_job.py:156} INFO - Task exited with return code 1
[2022-07-31 10:11:37,056] {local_task_job.py:273} INFO - 0 downstream tasks scheduled from follow-on schedule check
[2022-07-31 14:40:49,451] {taskinstance.py:1159} INFO - Dependencies all met for <TaskInstance: dag_with_postgres_operator.create_postgres_table scheduled__2022-02-14T00:00:00+00:00 [queued]>
[2022-07-31 14:40:49,474] {taskinstance.py:1159} INFO - Dependencies all met for <TaskInstance: dag_with_postgres_operator.create_postgres_table scheduled__2022-02-14T00:00:00+00:00 [queued]>
[2022-07-31 14:40:49,475] {taskinstance.py:1356} INFO - 
--------------------------------------------------------------------------------
[2022-07-31 14:40:49,475] {taskinstance.py:1357} INFO - Starting attempt 4 of 6
[2022-07-31 14:40:49,475] {taskinstance.py:1358} INFO - 
--------------------------------------------------------------------------------
[2022-07-31 14:40:49,494] {taskinstance.py:1377} INFO - Executing <Task(PostgresOperator): create_postgres_table> on 2022-02-14 00:00:00+00:00
[2022-07-31 14:40:49,500] {standard_task_runner.py:52} INFO - Started process 5655 to run task
[2022-07-31 14:40:49,503] {standard_task_runner.py:79} INFO - Running: ['***', 'tasks', 'run', 'dag_with_postgres_operator', 'create_postgres_table', 'scheduled__2022-02-14T00:00:00+00:00', '--job-id', '342', '--raw', '--subdir', 'DAGS_FOLDER/DAGWithPostgresOperator.py', '--cfg-path', '/tmp/tmp4gq1cy4d', '--error-file', '/tmp/tmpy3g4n9w_']
[2022-07-31 14:40:49,503] {standard_task_runner.py:80} INFO - Job 342: Subtask create_postgres_table
[2022-07-31 14:40:49,598] {task_command.py:369} INFO - Running <TaskInstance: dag_with_postgres_operator.create_postgres_table scheduled__2022-02-14T00:00:00+00:00 [running]> on host 4688dd3b7141
[2022-07-31 14:40:49,714] {taskinstance.py:1571} INFO - Exporting the following env vars:
AIRFLOW_CTX_DAG_OWNER=yosr
AIRFLOW_CTX_DAG_ID=dag_with_postgres_operator
AIRFLOW_CTX_TASK_ID=create_postgres_table
AIRFLOW_CTX_EXECUTION_DATE=2022-02-14T00:00:00+00:00
AIRFLOW_CTX_TRY_NUMBER=4
AIRFLOW_CTX_DAG_RUN_ID=scheduled__2022-02-14T00:00:00+00:00
[2022-07-31 14:40:49,732] {base.py:68} INFO - Using connection ID 'postgres_localhost' for task execution.
[2022-07-31 14:41:04,751] {taskinstance.py:1889} ERROR - Task failed with exception
Traceback (most recent call last):
  File "/home/airflow/.local/lib/python3.7/site-packages/airflow/providers/postgres/operators/postgres.py", line 92, in execute
    self.hook.run(self.sql, self.autocommit, parameters=self.parameters)
  File "/home/airflow/.local/lib/python3.7/site-packages/airflow/hooks/dbapi.py", line 181, in run
    with closing(self.get_conn()) as conn:
  File "/home/airflow/.local/lib/python3.7/site-packages/airflow/providers/postgres/hooks/postgres.py", line 113, in get_conn
    self.conn = psycopg2.connect(**conn_args)
  File "/home/airflow/.local/lib/python3.7/site-packages/psycopg2/__init__.py", line 122, in connect
    conn = _connect(dsn, connection_factory=connection_factory, **kwasync)
psycopg2.OperationalError: could not translate host name "host.docker.local" to address: Temporary failure in name resolution

[2022-07-31 14:41:04,767] {taskinstance.py:1400} INFO - Marking task as UP_FOR_RETRY. dag_id=dag_with_postgres_operator, task_id=create_postgres_table, execution_date=20220214T000000, start_date=20220731T144049, end_date=20220731T144104
[2022-07-31 14:41:04,787] {standard_task_runner.py:97} ERROR - Failed to execute job 342 for task create_postgres_table (could not translate host name "host.docker.local" to address: Temporary failure in name resolution
; 5655)
[2022-07-31 14:41:04,825] {local_task_job.py:156} INFO - Task exited with return code 1
[2022-07-31 14:41:05,003] {local_task_job.py:273} INFO - 0 downstream tasks scheduled from follow-on schedule check
