[2022-07-30 17:43:15,278] {taskinstance.py:1159} INFO - Dependencies all met for <TaskInstance: dag_with_postgres_operator.create_postgres_table scheduled__2021-12-26T00:00:00+00:00 [queued]>
[2022-07-30 17:43:15,301] {taskinstance.py:1159} INFO - Dependencies all met for <TaskInstance: dag_with_postgres_operator.create_postgres_table scheduled__2021-12-26T00:00:00+00:00 [queued]>
[2022-07-30 17:43:15,301] {taskinstance.py:1356} INFO - 
--------------------------------------------------------------------------------
[2022-07-30 17:43:15,301] {taskinstance.py:1357} INFO - Starting attempt 2 of 6
[2022-07-30 17:43:15,301] {taskinstance.py:1358} INFO - 
--------------------------------------------------------------------------------
[2022-07-30 17:43:15,332] {taskinstance.py:1377} INFO - Executing <Task(PostgresOperator): create_postgres_table> on 2021-12-26 00:00:00+00:00
[2022-07-30 17:43:15,342] {standard_task_runner.py:52} INFO - Started process 642 to run task
[2022-07-30 17:43:15,351] {standard_task_runner.py:79} INFO - Running: ['***', 'tasks', 'run', 'dag_with_postgres_operator', 'create_postgres_table', 'scheduled__2021-12-26T00:00:00+00:00', '--job-id', '25', '--raw', '--subdir', 'DAGS_FOLDER/DAGWithPostgresOperator.py', '--cfg-path', '/tmp/tmpkuuzoloz', '--error-file', '/tmp/tmpnva1uy1g']
[2022-07-30 17:43:15,352] {standard_task_runner.py:80} INFO - Job 25: Subtask create_postgres_table
[2022-07-30 17:43:15,531] {task_command.py:369} INFO - Running <TaskInstance: dag_with_postgres_operator.create_postgres_table scheduled__2021-12-26T00:00:00+00:00 [running]> on host 66bf18ec08cc
[2022-07-30 17:43:16,263] {taskinstance.py:1571} INFO - Exporting the following env vars:
AIRFLOW_CTX_DAG_OWNER=yosr
AIRFLOW_CTX_DAG_ID=dag_with_postgres_operator
AIRFLOW_CTX_TASK_ID=create_postgres_table
AIRFLOW_CTX_EXECUTION_DATE=2021-12-26T00:00:00+00:00
AIRFLOW_CTX_TRY_NUMBER=2
AIRFLOW_CTX_DAG_RUN_ID=scheduled__2021-12-26T00:00:00+00:00
[2022-07-30 17:43:16,438] {base.py:68} INFO - Using connection ID 'postgres_localhost' for task execution.
[2022-07-30 17:43:31,474] {taskinstance.py:1889} ERROR - Task failed with exception
Traceback (most recent call last):
  File "/home/airflow/.local/lib/python3.7/site-packages/airflow/providers/postgres/operators/postgres.py", line 92, in execute
    self.hook.run(self.sql, self.autocommit, parameters=self.parameters)
  File "/home/airflow/.local/lib/python3.7/site-packages/airflow/hooks/dbapi.py", line 181, in run
    with closing(self.get_conn()) as conn:
  File "/home/airflow/.local/lib/python3.7/site-packages/airflow/providers/postgres/hooks/postgres.py", line 113, in get_conn
    self.conn = psycopg2.connect(**conn_args)
  File "/home/airflow/.local/lib/python3.7/site-packages/psycopg2/__init__.py", line 122, in connect
    conn = _connect(dsn, connection_factory=connection_factory, **kwasync)
psycopg2.OperationalError: could not translate host name "host.docker.local" to address: Temporary failure in name resolution

[2022-07-30 17:43:31,489] {taskinstance.py:1400} INFO - Marking task as UP_FOR_RETRY. dag_id=dag_with_postgres_operator, task_id=create_postgres_table, execution_date=20211226T000000, start_date=20220730T174315, end_date=20220730T174331
[2022-07-30 17:43:31,509] {standard_task_runner.py:97} ERROR - Failed to execute job 25 for task create_postgres_table (could not translate host name "host.docker.local" to address: Temporary failure in name resolution
; 642)
[2022-07-30 17:43:31,532] {local_task_job.py:156} INFO - Task exited with return code 1
[2022-07-30 17:43:31,590] {local_task_job.py:273} INFO - 0 downstream tasks scheduled from follow-on schedule check
[2022-07-30 23:49:47,750] {taskinstance.py:1159} INFO - Dependencies all met for <TaskInstance: dag_with_postgres_operator.create_postgres_table scheduled__2021-12-26T00:00:00+00:00 [queued]>
[2022-07-30 23:49:47,773] {taskinstance.py:1159} INFO - Dependencies all met for <TaskInstance: dag_with_postgres_operator.create_postgres_table scheduled__2021-12-26T00:00:00+00:00 [queued]>
[2022-07-30 23:49:47,773] {taskinstance.py:1356} INFO - 
--------------------------------------------------------------------------------
[2022-07-30 23:49:47,773] {taskinstance.py:1357} INFO - Starting attempt 2 of 6
[2022-07-30 23:49:47,773] {taskinstance.py:1358} INFO - 
--------------------------------------------------------------------------------
[2022-07-30 23:49:47,795] {taskinstance.py:1377} INFO - Executing <Task(PostgresOperator): create_postgres_table> on 2021-12-26 00:00:00+00:00
[2022-07-30 23:49:47,800] {standard_task_runner.py:52} INFO - Started process 4561 to run task
[2022-07-30 23:49:47,804] {standard_task_runner.py:79} INFO - Running: ['***', 'tasks', 'run', 'dag_with_postgres_operator', 'create_postgres_table', 'scheduled__2021-12-26T00:00:00+00:00', '--job-id', '1034', '--raw', '--subdir', 'DAGS_FOLDER/DAGWithPostgresOperator.py', '--cfg-path', '/tmp/tmp0bqpnxqc', '--error-file', '/tmp/tmp4jwjombc']
[2022-07-30 23:49:47,805] {standard_task_runner.py:80} INFO - Job 1034: Subtask create_postgres_table
[2022-07-30 23:49:47,893] {task_command.py:369} INFO - Running <TaskInstance: dag_with_postgres_operator.create_postgres_table scheduled__2021-12-26T00:00:00+00:00 [running]> on host 66bf18ec08cc
[2022-07-30 23:49:48,008] {taskinstance.py:1571} INFO - Exporting the following env vars:
AIRFLOW_CTX_DAG_OWNER=yosr
AIRFLOW_CTX_DAG_ID=dag_with_postgres_operator
AIRFLOW_CTX_TASK_ID=create_postgres_table
AIRFLOW_CTX_EXECUTION_DATE=2021-12-26T00:00:00+00:00
AIRFLOW_CTX_TRY_NUMBER=2
AIRFLOW_CTX_DAG_RUN_ID=scheduled__2021-12-26T00:00:00+00:00
[2022-07-30 23:49:48,024] {base.py:68} INFO - Using connection ID 'postgres_localhost' for task execution.
[2022-07-30 23:49:48,026] {taskinstance.py:1889} ERROR - Task failed with exception
Traceback (most recent call last):
  File "/home/airflow/.local/lib/python3.7/site-packages/airflow/providers/postgres/operators/postgres.py", line 92, in execute
    self.hook.run(self.sql, self.autocommit, parameters=self.parameters)
  File "/home/airflow/.local/lib/python3.7/site-packages/airflow/hooks/dbapi.py", line 181, in run
    with closing(self.get_conn()) as conn:
  File "/home/airflow/.local/lib/python3.7/site-packages/airflow/providers/postgres/hooks/postgres.py", line 113, in get_conn
    self.conn = psycopg2.connect(**conn_args)
  File "/home/airflow/.local/lib/python3.7/site-packages/psycopg2/__init__.py", line 122, in connect
    conn = _connect(dsn, connection_factory=connection_factory, **kwasync)
psycopg2.OperationalError: could not translate host name "host.docker.local " to address: Name or service not known

[2022-07-30 23:49:48,043] {taskinstance.py:1400} INFO - Marking task as UP_FOR_RETRY. dag_id=dag_with_postgres_operator, task_id=create_postgres_table, execution_date=20211226T000000, start_date=20220730T234947, end_date=20220730T234948
[2022-07-30 23:49:48,059] {standard_task_runner.py:97} ERROR - Failed to execute job 1034 for task create_postgres_table (could not translate host name "host.docker.local " to address: Name or service not known
; 4561)
[2022-07-30 23:49:48,107] {local_task_job.py:156} INFO - Task exited with return code 1
[2022-07-30 23:49:48,177] {local_task_job.py:273} INFO - 0 downstream tasks scheduled from follow-on schedule check
[2022-07-31 10:31:03,987] {taskinstance.py:1159} INFO - Dependencies all met for <TaskInstance: dag_with_postgres_operator.create_postgres_table scheduled__2021-12-26T00:00:00+00:00 [queued]>
[2022-07-31 10:31:04,009] {taskinstance.py:1159} INFO - Dependencies all met for <TaskInstance: dag_with_postgres_operator.create_postgres_table scheduled__2021-12-26T00:00:00+00:00 [queued]>
[2022-07-31 10:31:04,010] {taskinstance.py:1356} INFO - 
--------------------------------------------------------------------------------
[2022-07-31 10:31:04,010] {taskinstance.py:1357} INFO - Starting attempt 2 of 6
[2022-07-31 10:31:04,011] {taskinstance.py:1358} INFO - 
--------------------------------------------------------------------------------
[2022-07-31 10:31:04,041] {taskinstance.py:1377} INFO - Executing <Task(PostgresOperator): create_postgres_table> on 2021-12-26 00:00:00+00:00
[2022-07-31 10:31:04,046] {standard_task_runner.py:52} INFO - Started process 2789 to run task
[2022-07-31 10:31:04,054] {standard_task_runner.py:79} INFO - Running: ['***', 'tasks', 'run', 'dag_with_postgres_operator', 'create_postgres_table', 'scheduled__2021-12-26T00:00:00+00:00', '--job-id', '1436', '--raw', '--subdir', 'DAGS_FOLDER/DAGWithPostgresOperator.py', '--cfg-path', '/tmp/tmpvqswra5e', '--error-file', '/tmp/tmpti8ex8su']
[2022-07-31 10:31:04,054] {standard_task_runner.py:80} INFO - Job 1436: Subtask create_postgres_table
[2022-07-31 10:31:04,147] {task_command.py:369} INFO - Running <TaskInstance: dag_with_postgres_operator.create_postgres_table scheduled__2021-12-26T00:00:00+00:00 [running]> on host 66bf18ec08cc
[2022-07-31 10:31:04,246] {taskinstance.py:1571} INFO - Exporting the following env vars:
AIRFLOW_CTX_DAG_OWNER=yosr
AIRFLOW_CTX_DAG_ID=dag_with_postgres_operator
AIRFLOW_CTX_TASK_ID=create_postgres_table
AIRFLOW_CTX_EXECUTION_DATE=2021-12-26T00:00:00+00:00
AIRFLOW_CTX_TRY_NUMBER=2
AIRFLOW_CTX_DAG_RUN_ID=scheduled__2021-12-26T00:00:00+00:00
[2022-07-31 10:31:04,259] {base.py:68} INFO - Using connection ID 'postgres_localhost' for task execution.
[2022-07-31 10:31:04,261] {taskinstance.py:1889} ERROR - Task failed with exception
Traceback (most recent call last):
  File "/home/airflow/.local/lib/python3.7/site-packages/airflow/providers/postgres/operators/postgres.py", line 92, in execute
    self.hook.run(self.sql, self.autocommit, parameters=self.parameters)
  File "/home/airflow/.local/lib/python3.7/site-packages/airflow/hooks/dbapi.py", line 181, in run
    with closing(self.get_conn()) as conn:
  File "/home/airflow/.local/lib/python3.7/site-packages/airflow/providers/postgres/hooks/postgres.py", line 113, in get_conn
    self.conn = psycopg2.connect(**conn_args)
  File "/home/airflow/.local/lib/python3.7/site-packages/psycopg2/__init__.py", line 122, in connect
    conn = _connect(dsn, connection_factory=connection_factory, **kwasync)
psycopg2.OperationalError: could not translate host name "host.docker.local " to address: Name or service not known

[2022-07-31 10:31:04,274] {taskinstance.py:1400} INFO - Marking task as UP_FOR_RETRY. dag_id=dag_with_postgres_operator, task_id=create_postgres_table, execution_date=20211226T000000, start_date=20220731T103103, end_date=20220731T103104
[2022-07-31 10:31:04,293] {standard_task_runner.py:97} ERROR - Failed to execute job 1436 for task create_postgres_table (could not translate host name "host.docker.local " to address: Name or service not known
; 2789)
[2022-07-31 10:31:04,312] {local_task_job.py:156} INFO - Task exited with return code 1
[2022-07-31 10:31:04,452] {local_task_job.py:273} INFO - 0 downstream tasks scheduled from follow-on schedule check
[2022-07-31 10:43:12,786] {taskinstance.py:1159} INFO - Dependencies all met for <TaskInstance: dag_with_postgres_operator.create_postgres_table scheduled__2021-12-26T00:00:00+00:00 [queued]>
[2022-07-31 10:43:12,804] {taskinstance.py:1159} INFO - Dependencies all met for <TaskInstance: dag_with_postgres_operator.create_postgres_table scheduled__2021-12-26T00:00:00+00:00 [queued]>
[2022-07-31 10:43:12,805] {taskinstance.py:1356} INFO - 
--------------------------------------------------------------------------------
[2022-07-31 10:43:12,805] {taskinstance.py:1357} INFO - Starting attempt 2 of 6
[2022-07-31 10:43:12,805] {taskinstance.py:1358} INFO - 
--------------------------------------------------------------------------------
[2022-07-31 10:43:12,827] {taskinstance.py:1377} INFO - Executing <Task(PostgresOperator): create_postgres_table> on 2021-12-26 00:00:00+00:00
[2022-07-31 10:43:12,831] {standard_task_runner.py:52} INFO - Started process 3435 to run task
[2022-07-31 10:43:12,834] {standard_task_runner.py:79} INFO - Running: ['***', 'tasks', 'run', 'dag_with_postgres_operator', 'create_postgres_table', 'scheduled__2021-12-26T00:00:00+00:00', '--job-id', '1484', '--raw', '--subdir', 'DAGS_FOLDER/DAGWithPostgresOperator.py', '--cfg-path', '/tmp/tmpnd89dqqb', '--error-file', '/tmp/tmp1xzokj55']
[2022-07-31 10:43:12,835] {standard_task_runner.py:80} INFO - Job 1484: Subtask create_postgres_table
[2022-07-31 10:43:12,908] {task_command.py:369} INFO - Running <TaskInstance: dag_with_postgres_operator.create_postgres_table scheduled__2021-12-26T00:00:00+00:00 [running]> on host 66bf18ec08cc
[2022-07-31 10:43:13,004] {taskinstance.py:1571} INFO - Exporting the following env vars:
AIRFLOW_CTX_DAG_OWNER=yosr
AIRFLOW_CTX_DAG_ID=dag_with_postgres_operator
AIRFLOW_CTX_TASK_ID=create_postgres_table
AIRFLOW_CTX_EXECUTION_DATE=2021-12-26T00:00:00+00:00
AIRFLOW_CTX_TRY_NUMBER=2
AIRFLOW_CTX_DAG_RUN_ID=scheduled__2021-12-26T00:00:00+00:00
[2022-07-31 10:43:13,017] {base.py:68} INFO - Using connection ID 'postgres_localhost' for task execution.
[2022-07-31 10:43:13,019] {taskinstance.py:1889} ERROR - Task failed with exception
Traceback (most recent call last):
  File "/home/airflow/.local/lib/python3.7/site-packages/airflow/providers/postgres/operators/postgres.py", line 92, in execute
    self.hook.run(self.sql, self.autocommit, parameters=self.parameters)
  File "/home/airflow/.local/lib/python3.7/site-packages/airflow/hooks/dbapi.py", line 181, in run
    with closing(self.get_conn()) as conn:
  File "/home/airflow/.local/lib/python3.7/site-packages/airflow/providers/postgres/hooks/postgres.py", line 113, in get_conn
    self.conn = psycopg2.connect(**conn_args)
  File "/home/airflow/.local/lib/python3.7/site-packages/psycopg2/__init__.py", line 122, in connect
    conn = _connect(dsn, connection_factory=connection_factory, **kwasync)
psycopg2.OperationalError: could not translate host name "host.docker.internal " to address: Name or service not known

[2022-07-31 10:43:13,030] {taskinstance.py:1400} INFO - Marking task as UP_FOR_RETRY. dag_id=dag_with_postgres_operator, task_id=create_postgres_table, execution_date=20211226T000000, start_date=20220731T104312, end_date=20220731T104313
[2022-07-31 10:43:13,045] {standard_task_runner.py:97} ERROR - Failed to execute job 1484 for task create_postgres_table (could not translate host name "host.docker.internal " to address: Name or service not known
; 3435)
[2022-07-31 10:43:13,052] {local_task_job.py:156} INFO - Task exited with return code 1
[2022-07-31 10:43:13,169] {local_task_job.py:273} INFO - 0 downstream tasks scheduled from follow-on schedule check
[2022-07-31 13:14:57,267] {taskinstance.py:1159} INFO - Dependencies all met for <TaskInstance: dag_with_postgres_operator.create_postgres_table scheduled__2021-12-26T00:00:00+00:00 [queued]>
[2022-07-31 13:14:57,290] {taskinstance.py:1159} INFO - Dependencies all met for <TaskInstance: dag_with_postgres_operator.create_postgres_table scheduled__2021-12-26T00:00:00+00:00 [queued]>
[2022-07-31 13:14:57,290] {taskinstance.py:1356} INFO - 
--------------------------------------------------------------------------------
[2022-07-31 13:14:57,290] {taskinstance.py:1357} INFO - Starting attempt 2 of 6
[2022-07-31 13:14:57,290] {taskinstance.py:1358} INFO - 
--------------------------------------------------------------------------------
[2022-07-31 13:14:57,313] {taskinstance.py:1377} INFO - Executing <Task(PostgresOperator): create_postgres_table> on 2021-12-26 00:00:00+00:00
[2022-07-31 13:14:57,319] {standard_task_runner.py:52} INFO - Started process 1043 to run task
[2022-07-31 13:14:57,324] {standard_task_runner.py:79} INFO - Running: ['***', 'tasks', 'run', 'dag_with_postgres_operator', 'create_postgres_table', 'scheduled__2021-12-26T00:00:00+00:00', '--job-id', '27', '--raw', '--subdir', 'DAGS_FOLDER/DAGWithPostgresOperator.py', '--cfg-path', '/tmp/tmpb68bx0ge', '--error-file', '/tmp/tmpzmp7j76i']
[2022-07-31 13:14:57,324] {standard_task_runner.py:80} INFO - Job 27: Subtask create_postgres_table
[2022-07-31 13:14:57,437] {task_command.py:369} INFO - Running <TaskInstance: dag_with_postgres_operator.create_postgres_table scheduled__2021-12-26T00:00:00+00:00 [running]> on host 4688dd3b7141
[2022-07-31 13:14:57,558] {taskinstance.py:1571} INFO - Exporting the following env vars:
AIRFLOW_CTX_DAG_OWNER=yosr
AIRFLOW_CTX_DAG_ID=dag_with_postgres_operator
AIRFLOW_CTX_TASK_ID=create_postgres_table
AIRFLOW_CTX_EXECUTION_DATE=2021-12-26T00:00:00+00:00
AIRFLOW_CTX_TRY_NUMBER=2
AIRFLOW_CTX_DAG_RUN_ID=scheduled__2021-12-26T00:00:00+00:00
[2022-07-31 13:14:57,645] {taskinstance.py:1889} ERROR - Task failed with exception
Traceback (most recent call last):
  File "/home/airflow/.local/lib/python3.7/site-packages/airflow/providers/postgres/operators/postgres.py", line 92, in execute
    self.hook.run(self.sql, self.autocommit, parameters=self.parameters)
  File "/home/airflow/.local/lib/python3.7/site-packages/airflow/hooks/dbapi.py", line 181, in run
    with closing(self.get_conn()) as conn:
  File "/home/airflow/.local/lib/python3.7/site-packages/airflow/providers/postgres/hooks/postgres.py", line 86, in get_conn
    conn = deepcopy(self.connection or self.get_connection(conn_id))
  File "/home/airflow/.local/lib/python3.7/site-packages/airflow/hooks/base.py", line 67, in get_connection
    conn = Connection.get_connection_from_secrets(conn_id)
  File "/home/airflow/.local/lib/python3.7/site-packages/airflow/models/connection.py", line 430, in get_connection_from_secrets
    raise AirflowNotFoundException(f"The conn_id `{conn_id}` isn't defined")
airflow.exceptions.AirflowNotFoundException: The conn_id `postgres_localhost` isn't defined
[2022-07-31 13:14:57,650] {taskinstance.py:1400} INFO - Marking task as UP_FOR_RETRY. dag_id=dag_with_postgres_operator, task_id=create_postgres_table, execution_date=20211226T000000, start_date=20220731T131457, end_date=20220731T131457
[2022-07-31 13:14:57,672] {standard_task_runner.py:97} ERROR - Failed to execute job 27 for task create_postgres_table (The conn_id `postgres_localhost` isn't defined; 1043)
[2022-07-31 13:14:57,705] {local_task_job.py:156} INFO - Task exited with return code 1
[2022-07-31 13:14:57,770] {local_task_job.py:273} INFO - 0 downstream tasks scheduled from follow-on schedule check
