[2022-07-30 18:03:36,625] {taskinstance.py:1159} INFO - Dependencies all met for <TaskInstance: dag_with_postgres_operator.create_postgres_table scheduled__2021-12-26T00:00:00+00:00 [queued]>
[2022-07-30 18:03:36,650] {taskinstance.py:1159} INFO - Dependencies all met for <TaskInstance: dag_with_postgres_operator.create_postgres_table scheduled__2021-12-26T00:00:00+00:00 [queued]>
[2022-07-30 18:03:36,650] {taskinstance.py:1356} INFO - 
--------------------------------------------------------------------------------
[2022-07-30 18:03:36,650] {taskinstance.py:1357} INFO - Starting attempt 6 of 6
[2022-07-30 18:03:36,650] {taskinstance.py:1358} INFO - 
--------------------------------------------------------------------------------
[2022-07-30 18:03:36,669] {taskinstance.py:1377} INFO - Executing <Task(PostgresOperator): create_postgres_table> on 2021-12-26 00:00:00+00:00
[2022-07-30 18:03:36,674] {standard_task_runner.py:52} INFO - Started process 1697 to run task
[2022-07-30 18:03:36,678] {standard_task_runner.py:79} INFO - Running: ['***', 'tasks', 'run', 'dag_with_postgres_operator', 'create_postgres_table', 'scheduled__2021-12-26T00:00:00+00:00', '--job-id', '90', '--raw', '--subdir', 'DAGS_FOLDER/DAGWithPostgresOperator.py', '--cfg-path', '/tmp/tmpb0mr_14y', '--error-file', '/tmp/tmpy8p3gam5']
[2022-07-30 18:03:36,679] {standard_task_runner.py:80} INFO - Job 90: Subtask create_postgres_table
[2022-07-30 18:03:36,773] {task_command.py:369} INFO - Running <TaskInstance: dag_with_postgres_operator.create_postgres_table scheduled__2021-12-26T00:00:00+00:00 [running]> on host 66bf18ec08cc
[2022-07-30 18:03:36,876] {taskinstance.py:1571} INFO - Exporting the following env vars:
AIRFLOW_CTX_DAG_OWNER=yosr
AIRFLOW_CTX_DAG_ID=dag_with_postgres_operator
AIRFLOW_CTX_TASK_ID=create_postgres_table
AIRFLOW_CTX_EXECUTION_DATE=2021-12-26T00:00:00+00:00
AIRFLOW_CTX_TRY_NUMBER=6
AIRFLOW_CTX_DAG_RUN_ID=scheduled__2021-12-26T00:00:00+00:00
[2022-07-30 18:03:36,894] {base.py:68} INFO - Using connection ID 'postgres_localhost' for task execution.
[2022-07-30 18:03:36,896] {taskinstance.py:1889} ERROR - Task failed with exception
Traceback (most recent call last):
  File "/home/airflow/.local/lib/python3.7/site-packages/airflow/providers/postgres/operators/postgres.py", line 92, in execute
    self.hook.run(self.sql, self.autocommit, parameters=self.parameters)
  File "/home/airflow/.local/lib/python3.7/site-packages/airflow/hooks/dbapi.py", line 181, in run
    with closing(self.get_conn()) as conn:
  File "/home/airflow/.local/lib/python3.7/site-packages/airflow/providers/postgres/hooks/postgres.py", line 113, in get_conn
    self.conn = psycopg2.connect(**conn_args)
  File "/home/airflow/.local/lib/python3.7/site-packages/psycopg2/__init__.py", line 122, in connect
    conn = _connect(dsn, connection_factory=connection_factory, **kwasync)
psycopg2.OperationalError: could not translate host name "host.docker.internal " to address: Name or service not known

[2022-07-30 18:03:36,911] {taskinstance.py:1400} INFO - Marking task as FAILED. dag_id=dag_with_postgres_operator, task_id=create_postgres_table, execution_date=20211226T000000, start_date=20220730T180336, end_date=20220730T180336
[2022-07-30 18:03:36,934] {standard_task_runner.py:97} ERROR - Failed to execute job 90 for task create_postgres_table (could not translate host name "host.docker.internal " to address: Name or service not known
; 1697)
[2022-07-30 18:03:36,980] {local_task_job.py:156} INFO - Task exited with return code 1
[2022-07-30 18:03:37,073] {local_task_job.py:273} INFO - 0 downstream tasks scheduled from follow-on schedule check
[2022-07-31 00:09:51,383] {taskinstance.py:1159} INFO - Dependencies all met for <TaskInstance: dag_with_postgres_operator.create_postgres_table scheduled__2021-12-26T00:00:00+00:00 [queued]>
[2022-07-31 00:09:51,422] {taskinstance.py:1159} INFO - Dependencies all met for <TaskInstance: dag_with_postgres_operator.create_postgres_table scheduled__2021-12-26T00:00:00+00:00 [queued]>
[2022-07-31 00:09:51,422] {taskinstance.py:1356} INFO - 
--------------------------------------------------------------------------------
[2022-07-31 00:09:51,423] {taskinstance.py:1357} INFO - Starting attempt 6 of 6
[2022-07-31 00:09:51,423] {taskinstance.py:1358} INFO - 
--------------------------------------------------------------------------------
[2022-07-31 00:09:51,444] {taskinstance.py:1377} INFO - Executing <Task(PostgresOperator): create_postgres_table> on 2021-12-26 00:00:00+00:00
[2022-07-31 00:09:51,451] {standard_task_runner.py:52} INFO - Started process 5622 to run task
[2022-07-31 00:09:51,460] {standard_task_runner.py:79} INFO - Running: ['***', 'tasks', 'run', 'dag_with_postgres_operator', 'create_postgres_table', 'scheduled__2021-12-26T00:00:00+00:00', '--job-id', '1097', '--raw', '--subdir', 'DAGS_FOLDER/DAGWithPostgresOperator.py', '--cfg-path', '/tmp/tmpu76b10aq', '--error-file', '/tmp/tmpgm35rrt5']
[2022-07-31 00:09:51,461] {standard_task_runner.py:80} INFO - Job 1097: Subtask create_postgres_table
[2022-07-31 00:09:51,573] {task_command.py:369} INFO - Running <TaskInstance: dag_with_postgres_operator.create_postgres_table scheduled__2021-12-26T00:00:00+00:00 [running]> on host 66bf18ec08cc
[2022-07-31 00:09:51,737] {taskinstance.py:1571} INFO - Exporting the following env vars:
AIRFLOW_CTX_DAG_OWNER=yosr
AIRFLOW_CTX_DAG_ID=dag_with_postgres_operator
AIRFLOW_CTX_TASK_ID=create_postgres_table
AIRFLOW_CTX_EXECUTION_DATE=2021-12-26T00:00:00+00:00
AIRFLOW_CTX_TRY_NUMBER=6
AIRFLOW_CTX_DAG_RUN_ID=scheduled__2021-12-26T00:00:00+00:00
[2022-07-31 00:09:51,775] {base.py:68} INFO - Using connection ID 'postgres_localhost' for task execution.
[2022-07-31 00:09:51,777] {taskinstance.py:1889} ERROR - Task failed with exception
Traceback (most recent call last):
  File "/home/airflow/.local/lib/python3.7/site-packages/airflow/providers/postgres/operators/postgres.py", line 92, in execute
    self.hook.run(self.sql, self.autocommit, parameters=self.parameters)
  File "/home/airflow/.local/lib/python3.7/site-packages/airflow/hooks/dbapi.py", line 181, in run
    with closing(self.get_conn()) as conn:
  File "/home/airflow/.local/lib/python3.7/site-packages/airflow/providers/postgres/hooks/postgres.py", line 113, in get_conn
    self.conn = psycopg2.connect(**conn_args)
  File "/home/airflow/.local/lib/python3.7/site-packages/psycopg2/__init__.py", line 122, in connect
    conn = _connect(dsn, connection_factory=connection_factory, **kwasync)
psycopg2.OperationalError: could not translate host name "host.docker.local " to address: Name or service not known

[2022-07-31 00:09:51,809] {taskinstance.py:1400} INFO - Marking task as FAILED. dag_id=dag_with_postgres_operator, task_id=create_postgres_table, execution_date=20211226T000000, start_date=20220731T000951, end_date=20220731T000951
[2022-07-31 00:09:51,826] {standard_task_runner.py:97} ERROR - Failed to execute job 1097 for task create_postgres_table (could not translate host name "host.docker.local " to address: Name or service not known
; 5622)
[2022-07-31 00:09:51,850] {local_task_job.py:156} INFO - Task exited with return code 1
[2022-07-31 00:09:51,942] {local_task_job.py:273} INFO - 0 downstream tasks scheduled from follow-on schedule check
[2022-07-31 11:03:17,358] {taskinstance.py:1159} INFO - Dependencies all met for <TaskInstance: dag_with_postgres_operator.create_postgres_table scheduled__2021-12-26T00:00:00+00:00 [queued]>
[2022-07-31 11:03:17,375] {taskinstance.py:1159} INFO - Dependencies all met for <TaskInstance: dag_with_postgres_operator.create_postgres_table scheduled__2021-12-26T00:00:00+00:00 [queued]>
[2022-07-31 11:03:17,375] {taskinstance.py:1356} INFO - 
--------------------------------------------------------------------------------
[2022-07-31 11:03:17,375] {taskinstance.py:1357} INFO - Starting attempt 6 of 6
[2022-07-31 11:03:17,375] {taskinstance.py:1358} INFO - 
--------------------------------------------------------------------------------
[2022-07-31 11:03:17,394] {taskinstance.py:1377} INFO - Executing <Task(PostgresOperator): create_postgres_table> on 2021-12-26 00:00:00+00:00
[2022-07-31 11:03:17,398] {standard_task_runner.py:52} INFO - Started process 4501 to run task
[2022-07-31 11:03:17,401] {standard_task_runner.py:79} INFO - Running: ['***', 'tasks', 'run', 'dag_with_postgres_operator', 'create_postgres_table', 'scheduled__2021-12-26T00:00:00+00:00', '--job-id', '1550', '--raw', '--subdir', 'DAGS_FOLDER/DAGWithPostgresOperator.py', '--cfg-path', '/tmp/tmpmxr8vmyq', '--error-file', '/tmp/tmpbh4k2nnx']
[2022-07-31 11:03:17,401] {standard_task_runner.py:80} INFO - Job 1550: Subtask create_postgres_table
[2022-07-31 11:03:17,474] {task_command.py:369} INFO - Running <TaskInstance: dag_with_postgres_operator.create_postgres_table scheduled__2021-12-26T00:00:00+00:00 [running]> on host 66bf18ec08cc
[2022-07-31 11:03:17,567] {taskinstance.py:1571} INFO - Exporting the following env vars:
AIRFLOW_CTX_DAG_OWNER=yosr
AIRFLOW_CTX_DAG_ID=dag_with_postgres_operator
AIRFLOW_CTX_TASK_ID=create_postgres_table
AIRFLOW_CTX_EXECUTION_DATE=2021-12-26T00:00:00+00:00
AIRFLOW_CTX_TRY_NUMBER=6
AIRFLOW_CTX_DAG_RUN_ID=scheduled__2021-12-26T00:00:00+00:00
[2022-07-31 11:03:17,582] {base.py:68} INFO - Using connection ID 'postgres_localhost' for task execution.
[2022-07-31 11:03:17,583] {taskinstance.py:1889} ERROR - Task failed with exception
Traceback (most recent call last):
  File "/home/airflow/.local/lib/python3.7/site-packages/airflow/providers/postgres/operators/postgres.py", line 92, in execute
    self.hook.run(self.sql, self.autocommit, parameters=self.parameters)
  File "/home/airflow/.local/lib/python3.7/site-packages/airflow/hooks/dbapi.py", line 181, in run
    with closing(self.get_conn()) as conn:
  File "/home/airflow/.local/lib/python3.7/site-packages/airflow/providers/postgres/hooks/postgres.py", line 113, in get_conn
    self.conn = psycopg2.connect(**conn_args)
  File "/home/airflow/.local/lib/python3.7/site-packages/psycopg2/__init__.py", line 122, in connect
    conn = _connect(dsn, connection_factory=connection_factory, **kwasync)
psycopg2.OperationalError: could not translate host name "host.docker.internal " to address: Name or service not known

[2022-07-31 11:03:17,597] {taskinstance.py:1400} INFO - Marking task as FAILED. dag_id=dag_with_postgres_operator, task_id=create_postgres_table, execution_date=20211226T000000, start_date=20220731T110317, end_date=20220731T110317
[2022-07-31 11:03:17,613] {standard_task_runner.py:97} ERROR - Failed to execute job 1550 for task create_postgres_table (could not translate host name "host.docker.internal " to address: Name or service not known
; 4501)
[2022-07-31 11:03:17,661] {local_task_job.py:156} INFO - Task exited with return code 1
[2022-07-31 11:03:17,709] {local_task_job.py:273} INFO - 0 downstream tasks scheduled from follow-on schedule check
[2022-07-31 13:35:01,618] {taskinstance.py:1159} INFO - Dependencies all met for <TaskInstance: dag_with_postgres_operator.create_postgres_table scheduled__2021-12-26T00:00:00+00:00 [queued]>
[2022-07-31 13:35:01,637] {taskinstance.py:1159} INFO - Dependencies all met for <TaskInstance: dag_with_postgres_operator.create_postgres_table scheduled__2021-12-26T00:00:00+00:00 [queued]>
[2022-07-31 13:35:01,637] {taskinstance.py:1356} INFO - 
--------------------------------------------------------------------------------
[2022-07-31 13:35:01,637] {taskinstance.py:1357} INFO - Starting attempt 6 of 6
[2022-07-31 13:35:01,637] {taskinstance.py:1358} INFO - 
--------------------------------------------------------------------------------
[2022-07-31 13:35:01,657] {taskinstance.py:1377} INFO - Executing <Task(PostgresOperator): create_postgres_table> on 2021-12-26 00:00:00+00:00
[2022-07-31 13:35:01,663] {standard_task_runner.py:52} INFO - Started process 2099 to run task
[2022-07-31 13:35:01,667] {standard_task_runner.py:79} INFO - Running: ['***', 'tasks', 'run', 'dag_with_postgres_operator', 'create_postgres_table', 'scheduled__2021-12-26T00:00:00+00:00', '--job-id', '90', '--raw', '--subdir', 'DAGS_FOLDER/DAGWithPostgresOperator.py', '--cfg-path', '/tmp/tmp_gyiyb2x', '--error-file', '/tmp/tmpz0_sp3sc']
[2022-07-31 13:35:01,667] {standard_task_runner.py:80} INFO - Job 90: Subtask create_postgres_table
[2022-07-31 13:35:01,745] {task_command.py:369} INFO - Running <TaskInstance: dag_with_postgres_operator.create_postgres_table scheduled__2021-12-26T00:00:00+00:00 [running]> on host 4688dd3b7141
[2022-07-31 13:35:01,880] {taskinstance.py:1571} INFO - Exporting the following env vars:
AIRFLOW_CTX_DAG_OWNER=yosr
AIRFLOW_CTX_DAG_ID=dag_with_postgres_operator
AIRFLOW_CTX_TASK_ID=create_postgres_table
AIRFLOW_CTX_EXECUTION_DATE=2021-12-26T00:00:00+00:00
AIRFLOW_CTX_TRY_NUMBER=6
AIRFLOW_CTX_DAG_RUN_ID=scheduled__2021-12-26T00:00:00+00:00
[2022-07-31 13:35:01,928] {taskinstance.py:1889} ERROR - Task failed with exception
Traceback (most recent call last):
  File "/home/airflow/.local/lib/python3.7/site-packages/airflow/providers/postgres/operators/postgres.py", line 92, in execute
    self.hook.run(self.sql, self.autocommit, parameters=self.parameters)
  File "/home/airflow/.local/lib/python3.7/site-packages/airflow/hooks/dbapi.py", line 181, in run
    with closing(self.get_conn()) as conn:
  File "/home/airflow/.local/lib/python3.7/site-packages/airflow/providers/postgres/hooks/postgres.py", line 86, in get_conn
    conn = deepcopy(self.connection or self.get_connection(conn_id))
  File "/home/airflow/.local/lib/python3.7/site-packages/airflow/hooks/base.py", line 67, in get_connection
    conn = Connection.get_connection_from_secrets(conn_id)
  File "/home/airflow/.local/lib/python3.7/site-packages/airflow/models/connection.py", line 430, in get_connection_from_secrets
    raise AirflowNotFoundException(f"The conn_id `{conn_id}` isn't defined")
airflow.exceptions.AirflowNotFoundException: The conn_id `postgres_localhost` isn't defined
[2022-07-31 13:35:01,935] {taskinstance.py:1400} INFO - Marking task as FAILED. dag_id=dag_with_postgres_operator, task_id=create_postgres_table, execution_date=20211226T000000, start_date=20220731T133501, end_date=20220731T133501
[2022-07-31 13:35:01,953] {standard_task_runner.py:97} ERROR - Failed to execute job 90 for task create_postgres_table (The conn_id `postgres_localhost` isn't defined; 2099)
[2022-07-31 13:35:01,971] {local_task_job.py:156} INFO - Task exited with return code 1
[2022-07-31 13:35:02,028] {local_task_job.py:273} INFO - 0 downstream tasks scheduled from follow-on schedule check
