[2022-07-30 17:58:29,813] {taskinstance.py:1159} INFO - Dependencies all met for <TaskInstance: dag_with_postgres_operator.create_postgres_table scheduled__2021-12-23T00:00:00+00:00 [queued]>
[2022-07-30 17:58:29,829] {taskinstance.py:1159} INFO - Dependencies all met for <TaskInstance: dag_with_postgres_operator.create_postgres_table scheduled__2021-12-23T00:00:00+00:00 [queued]>
[2022-07-30 17:58:29,829] {taskinstance.py:1356} INFO - 
--------------------------------------------------------------------------------
[2022-07-30 17:58:29,829] {taskinstance.py:1357} INFO - Starting attempt 5 of 6
[2022-07-30 17:58:29,829] {taskinstance.py:1358} INFO - 
--------------------------------------------------------------------------------
[2022-07-30 17:58:29,848] {taskinstance.py:1377} INFO - Executing <Task(PostgresOperator): create_postgres_table> on 2021-12-23 00:00:00+00:00
[2022-07-30 17:58:29,853] {standard_task_runner.py:52} INFO - Started process 1414 to run task
[2022-07-30 17:58:29,856] {standard_task_runner.py:79} INFO - Running: ['***', 'tasks', 'run', 'dag_with_postgres_operator', 'create_postgres_table', 'scheduled__2021-12-23T00:00:00+00:00', '--job-id', '68', '--raw', '--subdir', 'DAGS_FOLDER/DAGWithPostgresOperator.py', '--cfg-path', '/tmp/tmpl813jkaf', '--error-file', '/tmp/tmpcb_wntqp']
[2022-07-30 17:58:29,857] {standard_task_runner.py:80} INFO - Job 68: Subtask create_postgres_table
[2022-07-30 17:58:29,925] {task_command.py:369} INFO - Running <TaskInstance: dag_with_postgres_operator.create_postgres_table scheduled__2021-12-23T00:00:00+00:00 [running]> on host 66bf18ec08cc
[2022-07-30 17:58:30,028] {taskinstance.py:1571} INFO - Exporting the following env vars:
AIRFLOW_CTX_DAG_OWNER=yosr
AIRFLOW_CTX_DAG_ID=dag_with_postgres_operator
AIRFLOW_CTX_TASK_ID=create_postgres_table
AIRFLOW_CTX_EXECUTION_DATE=2021-12-23T00:00:00+00:00
AIRFLOW_CTX_TRY_NUMBER=5
AIRFLOW_CTX_DAG_RUN_ID=scheduled__2021-12-23T00:00:00+00:00
[2022-07-30 17:58:30,046] {base.py:68} INFO - Using connection ID 'postgres_localhost' for task execution.
[2022-07-30 17:58:30,048] {taskinstance.py:1889} ERROR - Task failed with exception
Traceback (most recent call last):
  File "/home/airflow/.local/lib/python3.7/site-packages/airflow/providers/postgres/operators/postgres.py", line 92, in execute
    self.hook.run(self.sql, self.autocommit, parameters=self.parameters)
  File "/home/airflow/.local/lib/python3.7/site-packages/airflow/hooks/dbapi.py", line 181, in run
    with closing(self.get_conn()) as conn:
  File "/home/airflow/.local/lib/python3.7/site-packages/airflow/providers/postgres/hooks/postgres.py", line 113, in get_conn
    self.conn = psycopg2.connect(**conn_args)
  File "/home/airflow/.local/lib/python3.7/site-packages/psycopg2/__init__.py", line 122, in connect
    conn = _connect(dsn, connection_factory=connection_factory, **kwasync)
psycopg2.OperationalError: could not translate host name "host.docker.internal " to address: Name or service not known

[2022-07-30 17:58:30,069] {taskinstance.py:1400} INFO - Marking task as UP_FOR_RETRY. dag_id=dag_with_postgres_operator, task_id=create_postgres_table, execution_date=20211223T000000, start_date=20220730T175829, end_date=20220730T175830
[2022-07-30 17:58:30,106] {standard_task_runner.py:97} ERROR - Failed to execute job 68 for task create_postgres_table (could not translate host name "host.docker.internal " to address: Name or service not known
; 1414)
[2022-07-30 17:58:30,116] {local_task_job.py:156} INFO - Task exited with return code 1
[2022-07-30 17:58:30,194] {local_task_job.py:273} INFO - 0 downstream tasks scheduled from follow-on schedule check
[2022-07-31 00:04:50,489] {taskinstance.py:1159} INFO - Dependencies all met for <TaskInstance: dag_with_postgres_operator.create_postgres_table scheduled__2021-12-23T00:00:00+00:00 [queued]>
[2022-07-31 00:04:50,519] {taskinstance.py:1159} INFO - Dependencies all met for <TaskInstance: dag_with_postgres_operator.create_postgres_table scheduled__2021-12-23T00:00:00+00:00 [queued]>
[2022-07-31 00:04:50,519] {taskinstance.py:1356} INFO - 
--------------------------------------------------------------------------------
[2022-07-31 00:04:50,519] {taskinstance.py:1357} INFO - Starting attempt 5 of 6
[2022-07-31 00:04:50,519] {taskinstance.py:1358} INFO - 
--------------------------------------------------------------------------------
[2022-07-31 00:04:50,541] {taskinstance.py:1377} INFO - Executing <Task(PostgresOperator): create_postgres_table> on 2021-12-23 00:00:00+00:00
[2022-07-31 00:04:50,547] {standard_task_runner.py:52} INFO - Started process 5354 to run task
[2022-07-31 00:04:50,553] {standard_task_runner.py:79} INFO - Running: ['***', 'tasks', 'run', 'dag_with_postgres_operator', 'create_postgres_table', 'scheduled__2021-12-23T00:00:00+00:00', '--job-id', '1082', '--raw', '--subdir', 'DAGS_FOLDER/DAGWithPostgresOperator.py', '--cfg-path', '/tmp/tmpd5px3uq6', '--error-file', '/tmp/tmp8nl_cwsi']
[2022-07-31 00:04:50,554] {standard_task_runner.py:80} INFO - Job 1082: Subtask create_postgres_table
[2022-07-31 00:04:50,626] {task_command.py:369} INFO - Running <TaskInstance: dag_with_postgres_operator.create_postgres_table scheduled__2021-12-23T00:00:00+00:00 [running]> on host 66bf18ec08cc
[2022-07-31 00:04:50,727] {taskinstance.py:1571} INFO - Exporting the following env vars:
AIRFLOW_CTX_DAG_OWNER=yosr
AIRFLOW_CTX_DAG_ID=dag_with_postgres_operator
AIRFLOW_CTX_TASK_ID=create_postgres_table
AIRFLOW_CTX_EXECUTION_DATE=2021-12-23T00:00:00+00:00
AIRFLOW_CTX_TRY_NUMBER=5
AIRFLOW_CTX_DAG_RUN_ID=scheduled__2021-12-23T00:00:00+00:00
[2022-07-31 00:04:50,741] {base.py:68} INFO - Using connection ID 'postgres_localhost' for task execution.
[2022-07-31 00:04:50,743] {taskinstance.py:1889} ERROR - Task failed with exception
Traceback (most recent call last):
  File "/home/airflow/.local/lib/python3.7/site-packages/airflow/providers/postgres/operators/postgres.py", line 92, in execute
    self.hook.run(self.sql, self.autocommit, parameters=self.parameters)
  File "/home/airflow/.local/lib/python3.7/site-packages/airflow/hooks/dbapi.py", line 181, in run
    with closing(self.get_conn()) as conn:
  File "/home/airflow/.local/lib/python3.7/site-packages/airflow/providers/postgres/hooks/postgres.py", line 113, in get_conn
    self.conn = psycopg2.connect(**conn_args)
  File "/home/airflow/.local/lib/python3.7/site-packages/psycopg2/__init__.py", line 122, in connect
    conn = _connect(dsn, connection_factory=connection_factory, **kwasync)
psycopg2.OperationalError: could not translate host name "host.docker.local " to address: Name or service not known

[2022-07-31 00:04:50,756] {taskinstance.py:1400} INFO - Marking task as UP_FOR_RETRY. dag_id=dag_with_postgres_operator, task_id=create_postgres_table, execution_date=20211223T000000, start_date=20220731T000450, end_date=20220731T000450
[2022-07-31 00:04:50,773] {standard_task_runner.py:97} ERROR - Failed to execute job 1082 for task create_postgres_table (could not translate host name "host.docker.local " to address: Name or service not known
; 5354)
[2022-07-31 00:04:50,809] {local_task_job.py:156} INFO - Task exited with return code 1
[2022-07-31 00:04:50,874] {local_task_job.py:273} INFO - 0 downstream tasks scheduled from follow-on schedule check
[2022-07-31 10:58:15,002] {taskinstance.py:1159} INFO - Dependencies all met for <TaskInstance: dag_with_postgres_operator.create_postgres_table scheduled__2021-12-23T00:00:00+00:00 [queued]>
[2022-07-31 10:58:15,020] {taskinstance.py:1159} INFO - Dependencies all met for <TaskInstance: dag_with_postgres_operator.create_postgres_table scheduled__2021-12-23T00:00:00+00:00 [queued]>
[2022-07-31 10:58:15,020] {taskinstance.py:1356} INFO - 
--------------------------------------------------------------------------------
[2022-07-31 10:58:15,020] {taskinstance.py:1357} INFO - Starting attempt 5 of 6
[2022-07-31 10:58:15,020] {taskinstance.py:1358} INFO - 
--------------------------------------------------------------------------------
[2022-07-31 10:58:15,047] {taskinstance.py:1377} INFO - Executing <Task(PostgresOperator): create_postgres_table> on 2021-12-23 00:00:00+00:00
[2022-07-31 10:58:15,054] {standard_task_runner.py:52} INFO - Started process 4227 to run task
[2022-07-31 10:58:15,060] {standard_task_runner.py:79} INFO - Running: ['***', 'tasks', 'run', 'dag_with_postgres_operator', 'create_postgres_table', 'scheduled__2021-12-23T00:00:00+00:00', '--job-id', '1530', '--raw', '--subdir', 'DAGS_FOLDER/DAGWithPostgresOperator.py', '--cfg-path', '/tmp/tmp7jkyt78z', '--error-file', '/tmp/tmpfxhgen07']
[2022-07-31 10:58:15,060] {standard_task_runner.py:80} INFO - Job 1530: Subtask create_postgres_table
[2022-07-31 10:58:15,141] {task_command.py:369} INFO - Running <TaskInstance: dag_with_postgres_operator.create_postgres_table scheduled__2021-12-23T00:00:00+00:00 [running]> on host 66bf18ec08cc
[2022-07-31 10:58:15,260] {taskinstance.py:1571} INFO - Exporting the following env vars:
AIRFLOW_CTX_DAG_OWNER=yosr
AIRFLOW_CTX_DAG_ID=dag_with_postgres_operator
AIRFLOW_CTX_TASK_ID=create_postgres_table
AIRFLOW_CTX_EXECUTION_DATE=2021-12-23T00:00:00+00:00
AIRFLOW_CTX_TRY_NUMBER=5
AIRFLOW_CTX_DAG_RUN_ID=scheduled__2021-12-23T00:00:00+00:00
[2022-07-31 10:58:15,281] {base.py:68} INFO - Using connection ID 'postgres_localhost' for task execution.
[2022-07-31 10:58:15,283] {taskinstance.py:1889} ERROR - Task failed with exception
Traceback (most recent call last):
  File "/home/airflow/.local/lib/python3.7/site-packages/airflow/providers/postgres/operators/postgres.py", line 92, in execute
    self.hook.run(self.sql, self.autocommit, parameters=self.parameters)
  File "/home/airflow/.local/lib/python3.7/site-packages/airflow/hooks/dbapi.py", line 181, in run
    with closing(self.get_conn()) as conn:
  File "/home/airflow/.local/lib/python3.7/site-packages/airflow/providers/postgres/hooks/postgres.py", line 113, in get_conn
    self.conn = psycopg2.connect(**conn_args)
  File "/home/airflow/.local/lib/python3.7/site-packages/psycopg2/__init__.py", line 122, in connect
    conn = _connect(dsn, connection_factory=connection_factory, **kwasync)
psycopg2.OperationalError: could not translate host name "host.docker.internal " to address: Name or service not known

[2022-07-31 10:58:15,302] {taskinstance.py:1400} INFO - Marking task as UP_FOR_RETRY. dag_id=dag_with_postgres_operator, task_id=create_postgres_table, execution_date=20211223T000000, start_date=20220731T105815, end_date=20220731T105815
[2022-07-31 10:58:15,318] {standard_task_runner.py:97} ERROR - Failed to execute job 1530 for task create_postgres_table (could not translate host name "host.docker.internal " to address: Name or service not known
; 4227)
[2022-07-31 10:58:15,364] {local_task_job.py:156} INFO - Task exited with return code 1
[2022-07-31 10:58:15,483] {local_task_job.py:273} INFO - 0 downstream tasks scheduled from follow-on schedule check
[2022-07-31 13:29:59,960] {taskinstance.py:1159} INFO - Dependencies all met for <TaskInstance: dag_with_postgres_operator.create_postgres_table scheduled__2021-12-23T00:00:00+00:00 [queued]>
[2022-07-31 13:29:59,984] {taskinstance.py:1159} INFO - Dependencies all met for <TaskInstance: dag_with_postgres_operator.create_postgres_table scheduled__2021-12-23T00:00:00+00:00 [queued]>
[2022-07-31 13:29:59,984] {taskinstance.py:1356} INFO - 
--------------------------------------------------------------------------------
[2022-07-31 13:29:59,984] {taskinstance.py:1357} INFO - Starting attempt 5 of 6
[2022-07-31 13:29:59,984] {taskinstance.py:1358} INFO - 
--------------------------------------------------------------------------------
[2022-07-31 13:30:00,008] {taskinstance.py:1377} INFO - Executing <Task(PostgresOperator): create_postgres_table> on 2021-12-23 00:00:00+00:00
[2022-07-31 13:30:00,015] {standard_task_runner.py:52} INFO - Started process 1823 to run task
[2022-07-31 13:30:00,018] {standard_task_runner.py:79} INFO - Running: ['***', 'tasks', 'run', 'dag_with_postgres_operator', 'create_postgres_table', 'scheduled__2021-12-23T00:00:00+00:00', '--job-id', '71', '--raw', '--subdir', 'DAGS_FOLDER/DAGWithPostgresOperator.py', '--cfg-path', '/tmp/tmpaoo6qwyz', '--error-file', '/tmp/tmprslc_575']
[2022-07-31 13:30:00,018] {standard_task_runner.py:80} INFO - Job 71: Subtask create_postgres_table
[2022-07-31 13:30:00,095] {task_command.py:369} INFO - Running <TaskInstance: dag_with_postgres_operator.create_postgres_table scheduled__2021-12-23T00:00:00+00:00 [running]> on host 4688dd3b7141
[2022-07-31 13:30:00,196] {taskinstance.py:1571} INFO - Exporting the following env vars:
AIRFLOW_CTX_DAG_OWNER=yosr
AIRFLOW_CTX_DAG_ID=dag_with_postgres_operator
AIRFLOW_CTX_TASK_ID=create_postgres_table
AIRFLOW_CTX_EXECUTION_DATE=2021-12-23T00:00:00+00:00
AIRFLOW_CTX_TRY_NUMBER=5
AIRFLOW_CTX_DAG_RUN_ID=scheduled__2021-12-23T00:00:00+00:00
[2022-07-31 13:30:00,288] {taskinstance.py:1889} ERROR - Task failed with exception
Traceback (most recent call last):
  File "/home/airflow/.local/lib/python3.7/site-packages/airflow/providers/postgres/operators/postgres.py", line 92, in execute
    self.hook.run(self.sql, self.autocommit, parameters=self.parameters)
  File "/home/airflow/.local/lib/python3.7/site-packages/airflow/hooks/dbapi.py", line 181, in run
    with closing(self.get_conn()) as conn:
  File "/home/airflow/.local/lib/python3.7/site-packages/airflow/providers/postgres/hooks/postgres.py", line 86, in get_conn
    conn = deepcopy(self.connection or self.get_connection(conn_id))
  File "/home/airflow/.local/lib/python3.7/site-packages/airflow/hooks/base.py", line 67, in get_connection
    conn = Connection.get_connection_from_secrets(conn_id)
  File "/home/airflow/.local/lib/python3.7/site-packages/airflow/models/connection.py", line 430, in get_connection_from_secrets
    raise AirflowNotFoundException(f"The conn_id `{conn_id}` isn't defined")
airflow.exceptions.AirflowNotFoundException: The conn_id `postgres_localhost` isn't defined
[2022-07-31 13:30:00,294] {taskinstance.py:1400} INFO - Marking task as UP_FOR_RETRY. dag_id=dag_with_postgres_operator, task_id=create_postgres_table, execution_date=20211223T000000, start_date=20220731T132959, end_date=20220731T133000
[2022-07-31 13:30:00,314] {standard_task_runner.py:97} ERROR - Failed to execute job 71 for task create_postgres_table (The conn_id `postgres_localhost` isn't defined; 1823)
[2022-07-31 13:30:00,357] {local_task_job.py:156} INFO - Task exited with return code 1
[2022-07-31 13:30:00,421] {local_task_job.py:273} INFO - 0 downstream tasks scheduled from follow-on schedule check
