[2022-07-30 17:43:18,559] {taskinstance.py:1159} INFO - Dependencies all met for <TaskInstance: dag_with_postgres_operator.create_postgres_table scheduled__2022-01-01T00:00:00+00:00 [queued]>
[2022-07-30 17:43:18,593] {taskinstance.py:1159} INFO - Dependencies all met for <TaskInstance: dag_with_postgres_operator.create_postgres_table scheduled__2022-01-01T00:00:00+00:00 [queued]>
[2022-07-30 17:43:18,593] {taskinstance.py:1356} INFO - 
--------------------------------------------------------------------------------
[2022-07-30 17:43:18,593] {taskinstance.py:1357} INFO - Starting attempt 2 of 6
[2022-07-30 17:43:18,595] {taskinstance.py:1358} INFO - 
--------------------------------------------------------------------------------
[2022-07-30 17:43:18,655] {taskinstance.py:1377} INFO - Executing <Task(PostgresOperator): create_postgres_table> on 2022-01-01 00:00:00+00:00
[2022-07-30 17:43:18,668] {standard_task_runner.py:52} INFO - Started process 653 to run task
[2022-07-30 17:43:18,716] {standard_task_runner.py:79} INFO - Running: ['***', 'tasks', 'run', 'dag_with_postgres_operator', 'create_postgres_table', 'scheduled__2022-01-01T00:00:00+00:00', '--job-id', '32', '--raw', '--subdir', 'DAGS_FOLDER/DAGWithPostgresOperator.py', '--cfg-path', '/tmp/tmp8rruaqfj', '--error-file', '/tmp/tmp0a2_106_']
[2022-07-30 17:43:18,787] {standard_task_runner.py:80} INFO - Job 32: Subtask create_postgres_table
[2022-07-30 17:43:19,216] {task_command.py:369} INFO - Running <TaskInstance: dag_with_postgres_operator.create_postgres_table scheduled__2022-01-01T00:00:00+00:00 [running]> on host 66bf18ec08cc
[2022-07-30 17:43:19,619] {taskinstance.py:1571} INFO - Exporting the following env vars:
AIRFLOW_CTX_DAG_OWNER=yosr
AIRFLOW_CTX_DAG_ID=dag_with_postgres_operator
AIRFLOW_CTX_TASK_ID=create_postgres_table
AIRFLOW_CTX_EXECUTION_DATE=2022-01-01T00:00:00+00:00
AIRFLOW_CTX_TRY_NUMBER=2
AIRFLOW_CTX_DAG_RUN_ID=scheduled__2022-01-01T00:00:00+00:00
[2022-07-30 17:43:19,644] {base.py:68} INFO - Using connection ID 'postgres_localhost' for task execution.
[2022-07-30 17:43:34,661] {taskinstance.py:1889} ERROR - Task failed with exception
Traceback (most recent call last):
  File "/home/airflow/.local/lib/python3.7/site-packages/airflow/providers/postgres/operators/postgres.py", line 92, in execute
    self.hook.run(self.sql, self.autocommit, parameters=self.parameters)
  File "/home/airflow/.local/lib/python3.7/site-packages/airflow/hooks/dbapi.py", line 181, in run
    with closing(self.get_conn()) as conn:
  File "/home/airflow/.local/lib/python3.7/site-packages/airflow/providers/postgres/hooks/postgres.py", line 113, in get_conn
    self.conn = psycopg2.connect(**conn_args)
  File "/home/airflow/.local/lib/python3.7/site-packages/psycopg2/__init__.py", line 122, in connect
    conn = _connect(dsn, connection_factory=connection_factory, **kwasync)
psycopg2.OperationalError: could not translate host name "host.docker.local" to address: Temporary failure in name resolution

[2022-07-30 17:43:34,678] {taskinstance.py:1400} INFO - Marking task as UP_FOR_RETRY. dag_id=dag_with_postgres_operator, task_id=create_postgres_table, execution_date=20220101T000000, start_date=20220730T174318, end_date=20220730T174334
[2022-07-30 17:43:34,704] {standard_task_runner.py:97} ERROR - Failed to execute job 32 for task create_postgres_table (could not translate host name "host.docker.local" to address: Temporary failure in name resolution
; 653)
[2022-07-30 17:43:34,748] {local_task_job.py:156} INFO - Task exited with return code 1
[2022-07-30 17:43:34,810] {local_task_job.py:273} INFO - 0 downstream tasks scheduled from follow-on schedule check
[2022-07-30 23:49:49,900] {taskinstance.py:1159} INFO - Dependencies all met for <TaskInstance: dag_with_postgres_operator.create_postgres_table scheduled__2022-01-01T00:00:00+00:00 [queued]>
[2022-07-30 23:49:49,931] {taskinstance.py:1159} INFO - Dependencies all met for <TaskInstance: dag_with_postgres_operator.create_postgres_table scheduled__2022-01-01T00:00:00+00:00 [queued]>
[2022-07-30 23:49:49,931] {taskinstance.py:1356} INFO - 
--------------------------------------------------------------------------------
[2022-07-30 23:49:49,932] {taskinstance.py:1357} INFO - Starting attempt 2 of 6
[2022-07-30 23:49:49,932] {taskinstance.py:1358} INFO - 
--------------------------------------------------------------------------------
[2022-07-30 23:49:49,955] {taskinstance.py:1377} INFO - Executing <Task(PostgresOperator): create_postgres_table> on 2022-01-01 00:00:00+00:00
[2022-07-30 23:49:49,960] {standard_task_runner.py:52} INFO - Started process 4576 to run task
[2022-07-30 23:49:49,964] {standard_task_runner.py:79} INFO - Running: ['***', 'tasks', 'run', 'dag_with_postgres_operator', 'create_postgres_table', 'scheduled__2022-01-01T00:00:00+00:00', '--job-id', '1040', '--raw', '--subdir', 'DAGS_FOLDER/DAGWithPostgresOperator.py', '--cfg-path', '/tmp/tmpc5xw5jiv', '--error-file', '/tmp/tmpka7c6oiy']
[2022-07-30 23:49:49,964] {standard_task_runner.py:80} INFO - Job 1040: Subtask create_postgres_table
[2022-07-30 23:49:50,056] {task_command.py:369} INFO - Running <TaskInstance: dag_with_postgres_operator.create_postgres_table scheduled__2022-01-01T00:00:00+00:00 [running]> on host 66bf18ec08cc
[2022-07-30 23:49:50,185] {taskinstance.py:1571} INFO - Exporting the following env vars:
AIRFLOW_CTX_DAG_OWNER=yosr
AIRFLOW_CTX_DAG_ID=dag_with_postgres_operator
AIRFLOW_CTX_TASK_ID=create_postgres_table
AIRFLOW_CTX_EXECUTION_DATE=2022-01-01T00:00:00+00:00
AIRFLOW_CTX_TRY_NUMBER=2
AIRFLOW_CTX_DAG_RUN_ID=scheduled__2022-01-01T00:00:00+00:00
[2022-07-30 23:49:50,200] {base.py:68} INFO - Using connection ID 'postgres_localhost' for task execution.
[2022-07-30 23:49:50,201] {taskinstance.py:1889} ERROR - Task failed with exception
Traceback (most recent call last):
  File "/home/airflow/.local/lib/python3.7/site-packages/airflow/providers/postgres/operators/postgres.py", line 92, in execute
    self.hook.run(self.sql, self.autocommit, parameters=self.parameters)
  File "/home/airflow/.local/lib/python3.7/site-packages/airflow/hooks/dbapi.py", line 181, in run
    with closing(self.get_conn()) as conn:
  File "/home/airflow/.local/lib/python3.7/site-packages/airflow/providers/postgres/hooks/postgres.py", line 113, in get_conn
    self.conn = psycopg2.connect(**conn_args)
  File "/home/airflow/.local/lib/python3.7/site-packages/psycopg2/__init__.py", line 122, in connect
    conn = _connect(dsn, connection_factory=connection_factory, **kwasync)
psycopg2.OperationalError: could not translate host name "host.docker.local " to address: Name or service not known

[2022-07-30 23:49:50,212] {taskinstance.py:1400} INFO - Marking task as UP_FOR_RETRY. dag_id=dag_with_postgres_operator, task_id=create_postgres_table, execution_date=20220101T000000, start_date=20220730T234949, end_date=20220730T234950
[2022-07-30 23:49:50,236] {standard_task_runner.py:97} ERROR - Failed to execute job 1040 for task create_postgres_table (could not translate host name "host.docker.local " to address: Name or service not known
; 4576)
[2022-07-30 23:49:50,265] {local_task_job.py:156} INFO - Task exited with return code 1
[2022-07-30 23:49:50,358] {local_task_job.py:273} INFO - 0 downstream tasks scheduled from follow-on schedule check
[2022-07-31 10:31:05,540] {taskinstance.py:1159} INFO - Dependencies all met for <TaskInstance: dag_with_postgres_operator.create_postgres_table scheduled__2022-01-01T00:00:00+00:00 [queued]>
[2022-07-31 10:31:05,556] {taskinstance.py:1159} INFO - Dependencies all met for <TaskInstance: dag_with_postgres_operator.create_postgres_table scheduled__2022-01-01T00:00:00+00:00 [queued]>
[2022-07-31 10:31:05,556] {taskinstance.py:1356} INFO - 
--------------------------------------------------------------------------------
[2022-07-31 10:31:05,556] {taskinstance.py:1357} INFO - Starting attempt 2 of 6
[2022-07-31 10:31:05,556] {taskinstance.py:1358} INFO - 
--------------------------------------------------------------------------------
[2022-07-31 10:31:05,577] {taskinstance.py:1377} INFO - Executing <Task(PostgresOperator): create_postgres_table> on 2022-01-01 00:00:00+00:00
[2022-07-31 10:31:05,583] {standard_task_runner.py:52} INFO - Started process 2801 to run task
[2022-07-31 10:31:05,586] {standard_task_runner.py:79} INFO - Running: ['***', 'tasks', 'run', 'dag_with_postgres_operator', 'create_postgres_table', 'scheduled__2022-01-01T00:00:00+00:00', '--job-id', '1442', '--raw', '--subdir', 'DAGS_FOLDER/DAGWithPostgresOperator.py', '--cfg-path', '/tmp/tmp6x0olakf', '--error-file', '/tmp/tmpc0hxq4lm']
[2022-07-31 10:31:05,587] {standard_task_runner.py:80} INFO - Job 1442: Subtask create_postgres_table
[2022-07-31 10:31:05,654] {task_command.py:369} INFO - Running <TaskInstance: dag_with_postgres_operator.create_postgres_table scheduled__2022-01-01T00:00:00+00:00 [running]> on host 66bf18ec08cc
[2022-07-31 10:31:05,766] {taskinstance.py:1571} INFO - Exporting the following env vars:
AIRFLOW_CTX_DAG_OWNER=yosr
AIRFLOW_CTX_DAG_ID=dag_with_postgres_operator
AIRFLOW_CTX_TASK_ID=create_postgres_table
AIRFLOW_CTX_EXECUTION_DATE=2022-01-01T00:00:00+00:00
AIRFLOW_CTX_TRY_NUMBER=2
AIRFLOW_CTX_DAG_RUN_ID=scheduled__2022-01-01T00:00:00+00:00
[2022-07-31 10:31:05,780] {base.py:68} INFO - Using connection ID 'postgres_localhost' for task execution.
[2022-07-31 10:31:05,781] {taskinstance.py:1889} ERROR - Task failed with exception
Traceback (most recent call last):
  File "/home/airflow/.local/lib/python3.7/site-packages/airflow/providers/postgres/operators/postgres.py", line 92, in execute
    self.hook.run(self.sql, self.autocommit, parameters=self.parameters)
  File "/home/airflow/.local/lib/python3.7/site-packages/airflow/hooks/dbapi.py", line 181, in run
    with closing(self.get_conn()) as conn:
  File "/home/airflow/.local/lib/python3.7/site-packages/airflow/providers/postgres/hooks/postgres.py", line 113, in get_conn
    self.conn = psycopg2.connect(**conn_args)
  File "/home/airflow/.local/lib/python3.7/site-packages/psycopg2/__init__.py", line 122, in connect
    conn = _connect(dsn, connection_factory=connection_factory, **kwasync)
psycopg2.OperationalError: could not translate host name "host.docker.local " to address: Name or service not known

[2022-07-31 10:31:05,794] {taskinstance.py:1400} INFO - Marking task as UP_FOR_RETRY. dag_id=dag_with_postgres_operator, task_id=create_postgres_table, execution_date=20220101T000000, start_date=20220731T103105, end_date=20220731T103105
[2022-07-31 10:31:05,812] {standard_task_runner.py:97} ERROR - Failed to execute job 1442 for task create_postgres_table (could not translate host name "host.docker.local " to address: Name or service not known
; 2801)
[2022-07-31 10:31:05,846] {local_task_job.py:156} INFO - Task exited with return code 1
[2022-07-31 10:31:05,924] {local_task_job.py:273} INFO - 0 downstream tasks scheduled from follow-on schedule check
[2022-07-31 10:43:14,316] {taskinstance.py:1159} INFO - Dependencies all met for <TaskInstance: dag_with_postgres_operator.create_postgres_table scheduled__2022-01-01T00:00:00+00:00 [queued]>
[2022-07-31 10:43:14,333] {taskinstance.py:1159} INFO - Dependencies all met for <TaskInstance: dag_with_postgres_operator.create_postgres_table scheduled__2022-01-01T00:00:00+00:00 [queued]>
[2022-07-31 10:43:14,333] {taskinstance.py:1356} INFO - 
--------------------------------------------------------------------------------
[2022-07-31 10:43:14,333] {taskinstance.py:1357} INFO - Starting attempt 2 of 6
[2022-07-31 10:43:14,333] {taskinstance.py:1358} INFO - 
--------------------------------------------------------------------------------
[2022-07-31 10:43:14,354] {taskinstance.py:1377} INFO - Executing <Task(PostgresOperator): create_postgres_table> on 2022-01-01 00:00:00+00:00
[2022-07-31 10:43:14,358] {standard_task_runner.py:52} INFO - Started process 3446 to run task
[2022-07-31 10:43:14,362] {standard_task_runner.py:79} INFO - Running: ['***', 'tasks', 'run', 'dag_with_postgres_operator', 'create_postgres_table', 'scheduled__2022-01-01T00:00:00+00:00', '--job-id', '1490', '--raw', '--subdir', 'DAGS_FOLDER/DAGWithPostgresOperator.py', '--cfg-path', '/tmp/tmp3noqdfhg', '--error-file', '/tmp/tmpfczqs0l5']
[2022-07-31 10:43:14,362] {standard_task_runner.py:80} INFO - Job 1490: Subtask create_postgres_table
[2022-07-31 10:43:14,428] {task_command.py:369} INFO - Running <TaskInstance: dag_with_postgres_operator.create_postgres_table scheduled__2022-01-01T00:00:00+00:00 [running]> on host 66bf18ec08cc
[2022-07-31 10:43:14,521] {taskinstance.py:1571} INFO - Exporting the following env vars:
AIRFLOW_CTX_DAG_OWNER=yosr
AIRFLOW_CTX_DAG_ID=dag_with_postgres_operator
AIRFLOW_CTX_TASK_ID=create_postgres_table
AIRFLOW_CTX_EXECUTION_DATE=2022-01-01T00:00:00+00:00
AIRFLOW_CTX_TRY_NUMBER=2
AIRFLOW_CTX_DAG_RUN_ID=scheduled__2022-01-01T00:00:00+00:00
[2022-07-31 10:43:14,534] {base.py:68} INFO - Using connection ID 'postgres_localhost' for task execution.
[2022-07-31 10:43:14,535] {taskinstance.py:1889} ERROR - Task failed with exception
Traceback (most recent call last):
  File "/home/airflow/.local/lib/python3.7/site-packages/airflow/providers/postgres/operators/postgres.py", line 92, in execute
    self.hook.run(self.sql, self.autocommit, parameters=self.parameters)
  File "/home/airflow/.local/lib/python3.7/site-packages/airflow/hooks/dbapi.py", line 181, in run
    with closing(self.get_conn()) as conn:
  File "/home/airflow/.local/lib/python3.7/site-packages/airflow/providers/postgres/hooks/postgres.py", line 113, in get_conn
    self.conn = psycopg2.connect(**conn_args)
  File "/home/airflow/.local/lib/python3.7/site-packages/psycopg2/__init__.py", line 122, in connect
    conn = _connect(dsn, connection_factory=connection_factory, **kwasync)
psycopg2.OperationalError: could not translate host name "host.docker.internal " to address: Name or service not known

[2022-07-31 10:43:14,548] {taskinstance.py:1400} INFO - Marking task as UP_FOR_RETRY. dag_id=dag_with_postgres_operator, task_id=create_postgres_table, execution_date=20220101T000000, start_date=20220731T104314, end_date=20220731T104314
[2022-07-31 10:43:14,563] {standard_task_runner.py:97} ERROR - Failed to execute job 1490 for task create_postgres_table (could not translate host name "host.docker.internal " to address: Name or service not known
; 3446)
[2022-07-31 10:43:14,579] {local_task_job.py:156} INFO - Task exited with return code 1
[2022-07-31 10:43:14,685] {local_task_job.py:273} INFO - 0 downstream tasks scheduled from follow-on schedule check
[2022-07-31 13:14:58,875] {taskinstance.py:1159} INFO - Dependencies all met for <TaskInstance: dag_with_postgres_operator.create_postgres_table scheduled__2022-01-01T00:00:00+00:00 [queued]>
[2022-07-31 13:14:58,893] {taskinstance.py:1159} INFO - Dependencies all met for <TaskInstance: dag_with_postgres_operator.create_postgres_table scheduled__2022-01-01T00:00:00+00:00 [queued]>
[2022-07-31 13:14:58,893] {taskinstance.py:1356} INFO - 
--------------------------------------------------------------------------------
[2022-07-31 13:14:58,894] {taskinstance.py:1357} INFO - Starting attempt 2 of 6
[2022-07-31 13:14:58,894] {taskinstance.py:1358} INFO - 
--------------------------------------------------------------------------------
[2022-07-31 13:14:58,913] {taskinstance.py:1377} INFO - Executing <Task(PostgresOperator): create_postgres_table> on 2022-01-01 00:00:00+00:00
[2022-07-31 13:14:58,918] {standard_task_runner.py:52} INFO - Started process 1055 to run task
[2022-07-31 13:14:58,922] {standard_task_runner.py:79} INFO - Running: ['***', 'tasks', 'run', 'dag_with_postgres_operator', 'create_postgres_table', 'scheduled__2022-01-01T00:00:00+00:00', '--job-id', '32', '--raw', '--subdir', 'DAGS_FOLDER/DAGWithPostgresOperator.py', '--cfg-path', '/tmp/tmpes_tf62n', '--error-file', '/tmp/tmpljdj4fxf']
[2022-07-31 13:14:58,922] {standard_task_runner.py:80} INFO - Job 32: Subtask create_postgres_table
[2022-07-31 13:14:59,023] {task_command.py:369} INFO - Running <TaskInstance: dag_with_postgres_operator.create_postgres_table scheduled__2022-01-01T00:00:00+00:00 [running]> on host 4688dd3b7141
[2022-07-31 13:14:59,145] {taskinstance.py:1571} INFO - Exporting the following env vars:
AIRFLOW_CTX_DAG_OWNER=yosr
AIRFLOW_CTX_DAG_ID=dag_with_postgres_operator
AIRFLOW_CTX_TASK_ID=create_postgres_table
AIRFLOW_CTX_EXECUTION_DATE=2022-01-01T00:00:00+00:00
AIRFLOW_CTX_TRY_NUMBER=2
AIRFLOW_CTX_DAG_RUN_ID=scheduled__2022-01-01T00:00:00+00:00
[2022-07-31 13:14:59,316] {taskinstance.py:1889} ERROR - Task failed with exception
Traceback (most recent call last):
  File "/home/airflow/.local/lib/python3.7/site-packages/airflow/providers/postgres/operators/postgres.py", line 92, in execute
    self.hook.run(self.sql, self.autocommit, parameters=self.parameters)
  File "/home/airflow/.local/lib/python3.7/site-packages/airflow/hooks/dbapi.py", line 181, in run
    with closing(self.get_conn()) as conn:
  File "/home/airflow/.local/lib/python3.7/site-packages/airflow/providers/postgres/hooks/postgres.py", line 86, in get_conn
    conn = deepcopy(self.connection or self.get_connection(conn_id))
  File "/home/airflow/.local/lib/python3.7/site-packages/airflow/hooks/base.py", line 67, in get_connection
    conn = Connection.get_connection_from_secrets(conn_id)
  File "/home/airflow/.local/lib/python3.7/site-packages/airflow/models/connection.py", line 430, in get_connection_from_secrets
    raise AirflowNotFoundException(f"The conn_id `{conn_id}` isn't defined")
airflow.exceptions.AirflowNotFoundException: The conn_id `postgres_localhost` isn't defined
[2022-07-31 13:14:59,321] {taskinstance.py:1400} INFO - Marking task as UP_FOR_RETRY. dag_id=dag_with_postgres_operator, task_id=create_postgres_table, execution_date=20220101T000000, start_date=20220731T131458, end_date=20220731T131459
[2022-07-31 13:14:59,338] {standard_task_runner.py:97} ERROR - Failed to execute job 32 for task create_postgres_table (The conn_id `postgres_localhost` isn't defined; 1055)
[2022-07-31 13:14:59,387] {local_task_job.py:156} INFO - Task exited with return code 1
[2022-07-31 13:14:59,434] {local_task_job.py:273} INFO - 0 downstream tasks scheduled from follow-on schedule check
