[2022-07-30 17:53:36,998] {taskinstance.py:1159} INFO - Dependencies all met for <TaskInstance: dag_with_postgres_operator.create_postgres_table scheduled__2022-01-01T00:00:00+00:00 [queued]>
[2022-07-30 17:53:37,021] {taskinstance.py:1159} INFO - Dependencies all met for <TaskInstance: dag_with_postgres_operator.create_postgres_table scheduled__2022-01-01T00:00:00+00:00 [queued]>
[2022-07-30 17:53:37,021] {taskinstance.py:1356} INFO - 
--------------------------------------------------------------------------------
[2022-07-30 17:53:37,021] {taskinstance.py:1357} INFO - Starting attempt 4 of 6
[2022-07-30 17:53:37,021] {taskinstance.py:1358} INFO - 
--------------------------------------------------------------------------------
[2022-07-30 17:53:37,049] {taskinstance.py:1377} INFO - Executing <Task(PostgresOperator): create_postgres_table> on 2022-01-01 00:00:00+00:00
[2022-07-30 17:53:37,054] {standard_task_runner.py:52} INFO - Started process 1190 to run task
[2022-07-30 17:53:37,062] {standard_task_runner.py:79} INFO - Running: ['***', 'tasks', 'run', 'dag_with_postgres_operator', 'create_postgres_table', 'scheduled__2022-01-01T00:00:00+00:00', '--job-id', '64', '--raw', '--subdir', 'DAGS_FOLDER/DAGWithPostgresOperator.py', '--cfg-path', '/tmp/tmpqbtnpz6d', '--error-file', '/tmp/tmp04rkcfml']
[2022-07-30 17:53:37,062] {standard_task_runner.py:80} INFO - Job 64: Subtask create_postgres_table
[2022-07-30 17:53:37,156] {task_command.py:369} INFO - Running <TaskInstance: dag_with_postgres_operator.create_postgres_table scheduled__2022-01-01T00:00:00+00:00 [running]> on host 66bf18ec08cc
[2022-07-30 17:53:37,279] {taskinstance.py:1571} INFO - Exporting the following env vars:
AIRFLOW_CTX_DAG_OWNER=yosr
AIRFLOW_CTX_DAG_ID=dag_with_postgres_operator
AIRFLOW_CTX_TASK_ID=create_postgres_table
AIRFLOW_CTX_EXECUTION_DATE=2022-01-01T00:00:00+00:00
AIRFLOW_CTX_TRY_NUMBER=4
AIRFLOW_CTX_DAG_RUN_ID=scheduled__2022-01-01T00:00:00+00:00
[2022-07-30 17:53:37,328] {base.py:68} INFO - Using connection ID 'postgres_localhost' for task execution.
[2022-07-30 17:53:37,329] {taskinstance.py:1889} ERROR - Task failed with exception
Traceback (most recent call last):
  File "/home/airflow/.local/lib/python3.7/site-packages/airflow/providers/postgres/operators/postgres.py", line 92, in execute
    self.hook.run(self.sql, self.autocommit, parameters=self.parameters)
  File "/home/airflow/.local/lib/python3.7/site-packages/airflow/hooks/dbapi.py", line 181, in run
    with closing(self.get_conn()) as conn:
  File "/home/airflow/.local/lib/python3.7/site-packages/airflow/providers/postgres/hooks/postgres.py", line 113, in get_conn
    self.conn = psycopg2.connect(**conn_args)
  File "/home/airflow/.local/lib/python3.7/site-packages/psycopg2/__init__.py", line 122, in connect
    conn = _connect(dsn, connection_factory=connection_factory, **kwasync)
psycopg2.OperationalError: could not translate host name "host.docker.internal " to address: Name or service not known

[2022-07-30 17:53:37,358] {taskinstance.py:1400} INFO - Marking task as UP_FOR_RETRY. dag_id=dag_with_postgres_operator, task_id=create_postgres_table, execution_date=20220101T000000, start_date=20220730T175336, end_date=20220730T175337
[2022-07-30 17:53:37,394] {standard_task_runner.py:97} ERROR - Failed to execute job 64 for task create_postgres_table (could not translate host name "host.docker.internal " to address: Name or service not known
; 1190)
[2022-07-30 17:53:37,442] {local_task_job.py:156} INFO - Task exited with return code 1
[2022-07-30 17:53:37,499] {local_task_job.py:273} INFO - 0 downstream tasks scheduled from follow-on schedule check
[2022-07-30 23:59:52,152] {taskinstance.py:1159} INFO - Dependencies all met for <TaskInstance: dag_with_postgres_operator.create_postgres_table scheduled__2022-01-01T00:00:00+00:00 [queued]>
[2022-07-30 23:59:52,187] {taskinstance.py:1159} INFO - Dependencies all met for <TaskInstance: dag_with_postgres_operator.create_postgres_table scheduled__2022-01-01T00:00:00+00:00 [queued]>
[2022-07-30 23:59:52,187] {taskinstance.py:1356} INFO - 
--------------------------------------------------------------------------------
[2022-07-30 23:59:52,187] {taskinstance.py:1357} INFO - Starting attempt 4 of 6
[2022-07-30 23:59:52,187] {taskinstance.py:1358} INFO - 
--------------------------------------------------------------------------------
[2022-07-30 23:59:52,206] {taskinstance.py:1377} INFO - Executing <Task(PostgresOperator): create_postgres_table> on 2022-01-01 00:00:00+00:00
[2022-07-30 23:59:52,211] {standard_task_runner.py:52} INFO - Started process 5112 to run task
[2022-07-30 23:59:52,217] {standard_task_runner.py:79} INFO - Running: ['***', 'tasks', 'run', 'dag_with_postgres_operator', 'create_postgres_table', 'scheduled__2022-01-01T00:00:00+00:00', '--job-id', '1072', '--raw', '--subdir', 'DAGS_FOLDER/DAGWithPostgresOperator.py', '--cfg-path', '/tmp/tmpm80rx7zz', '--error-file', '/tmp/tmpyo88dt0c']
[2022-07-30 23:59:52,218] {standard_task_runner.py:80} INFO - Job 1072: Subtask create_postgres_table
[2022-07-30 23:59:52,283] {task_command.py:369} INFO - Running <TaskInstance: dag_with_postgres_operator.create_postgres_table scheduled__2022-01-01T00:00:00+00:00 [running]> on host 66bf18ec08cc
[2022-07-30 23:59:52,388] {taskinstance.py:1571} INFO - Exporting the following env vars:
AIRFLOW_CTX_DAG_OWNER=yosr
AIRFLOW_CTX_DAG_ID=dag_with_postgres_operator
AIRFLOW_CTX_TASK_ID=create_postgres_table
AIRFLOW_CTX_EXECUTION_DATE=2022-01-01T00:00:00+00:00
AIRFLOW_CTX_TRY_NUMBER=4
AIRFLOW_CTX_DAG_RUN_ID=scheduled__2022-01-01T00:00:00+00:00
[2022-07-30 23:59:52,405] {base.py:68} INFO - Using connection ID 'postgres_localhost' for task execution.
[2022-07-30 23:59:52,406] {taskinstance.py:1889} ERROR - Task failed with exception
Traceback (most recent call last):
  File "/home/airflow/.local/lib/python3.7/site-packages/airflow/providers/postgres/operators/postgres.py", line 92, in execute
    self.hook.run(self.sql, self.autocommit, parameters=self.parameters)
  File "/home/airflow/.local/lib/python3.7/site-packages/airflow/hooks/dbapi.py", line 181, in run
    with closing(self.get_conn()) as conn:
  File "/home/airflow/.local/lib/python3.7/site-packages/airflow/providers/postgres/hooks/postgres.py", line 113, in get_conn
    self.conn = psycopg2.connect(**conn_args)
  File "/home/airflow/.local/lib/python3.7/site-packages/psycopg2/__init__.py", line 122, in connect
    conn = _connect(dsn, connection_factory=connection_factory, **kwasync)
psycopg2.OperationalError: could not translate host name "host.docker.local " to address: Name or service not known

[2022-07-30 23:59:52,422] {taskinstance.py:1400} INFO - Marking task as UP_FOR_RETRY. dag_id=dag_with_postgres_operator, task_id=create_postgres_table, execution_date=20220101T000000, start_date=20220730T235952, end_date=20220730T235952
[2022-07-30 23:59:52,441] {standard_task_runner.py:97} ERROR - Failed to execute job 1072 for task create_postgres_table (could not translate host name "host.docker.local " to address: Name or service not known
; 5112)
[2022-07-30 23:59:52,474] {local_task_job.py:156} INFO - Task exited with return code 1
[2022-07-30 23:59:52,529] {local_task_job.py:273} INFO - 0 downstream tasks scheduled from follow-on schedule check
[2022-07-31 10:53:16,632] {taskinstance.py:1159} INFO - Dependencies all met for <TaskInstance: dag_with_postgres_operator.create_postgres_table scheduled__2022-01-01T00:00:00+00:00 [queued]>
[2022-07-31 10:53:16,675] {taskinstance.py:1159} INFO - Dependencies all met for <TaskInstance: dag_with_postgres_operator.create_postgres_table scheduled__2022-01-01T00:00:00+00:00 [queued]>
[2022-07-31 10:53:16,675] {taskinstance.py:1356} INFO - 
--------------------------------------------------------------------------------
[2022-07-31 10:53:16,675] {taskinstance.py:1357} INFO - Starting attempt 4 of 6
[2022-07-31 10:53:16,675] {taskinstance.py:1358} INFO - 
--------------------------------------------------------------------------------
[2022-07-31 10:53:16,698] {taskinstance.py:1377} INFO - Executing <Task(PostgresOperator): create_postgres_table> on 2022-01-01 00:00:00+00:00
[2022-07-31 10:53:16,709] {standard_task_runner.py:52} INFO - Started process 3986 to run task
[2022-07-31 10:53:16,718] {standard_task_runner.py:79} INFO - Running: ['***', 'tasks', 'run', 'dag_with_postgres_operator', 'create_postgres_table', 'scheduled__2022-01-01T00:00:00+00:00', '--job-id', '1524', '--raw', '--subdir', 'DAGS_FOLDER/DAGWithPostgresOperator.py', '--cfg-path', '/tmp/tmpj4inir9y', '--error-file', '/tmp/tmppo0_lzi0']
[2022-07-31 10:53:16,719] {standard_task_runner.py:80} INFO - Job 1524: Subtask create_postgres_table
[2022-07-31 10:53:16,800] {task_command.py:369} INFO - Running <TaskInstance: dag_with_postgres_operator.create_postgres_table scheduled__2022-01-01T00:00:00+00:00 [running]> on host 66bf18ec08cc
[2022-07-31 10:53:16,908] {taskinstance.py:1571} INFO - Exporting the following env vars:
AIRFLOW_CTX_DAG_OWNER=yosr
AIRFLOW_CTX_DAG_ID=dag_with_postgres_operator
AIRFLOW_CTX_TASK_ID=create_postgres_table
AIRFLOW_CTX_EXECUTION_DATE=2022-01-01T00:00:00+00:00
AIRFLOW_CTX_TRY_NUMBER=4
AIRFLOW_CTX_DAG_RUN_ID=scheduled__2022-01-01T00:00:00+00:00
[2022-07-31 10:53:16,921] {base.py:68} INFO - Using connection ID 'postgres_localhost' for task execution.
[2022-07-31 10:53:16,923] {taskinstance.py:1889} ERROR - Task failed with exception
Traceback (most recent call last):
  File "/home/airflow/.local/lib/python3.7/site-packages/airflow/providers/postgres/operators/postgres.py", line 92, in execute
    self.hook.run(self.sql, self.autocommit, parameters=self.parameters)
  File "/home/airflow/.local/lib/python3.7/site-packages/airflow/hooks/dbapi.py", line 181, in run
    with closing(self.get_conn()) as conn:
  File "/home/airflow/.local/lib/python3.7/site-packages/airflow/providers/postgres/hooks/postgres.py", line 113, in get_conn
    self.conn = psycopg2.connect(**conn_args)
  File "/home/airflow/.local/lib/python3.7/site-packages/psycopg2/__init__.py", line 122, in connect
    conn = _connect(dsn, connection_factory=connection_factory, **kwasync)
psycopg2.OperationalError: could not translate host name "host.docker.internal " to address: Name or service not known

[2022-07-31 10:53:16,937] {taskinstance.py:1400} INFO - Marking task as UP_FOR_RETRY. dag_id=dag_with_postgres_operator, task_id=create_postgres_table, execution_date=20220101T000000, start_date=20220731T105316, end_date=20220731T105316
[2022-07-31 10:53:16,959] {standard_task_runner.py:97} ERROR - Failed to execute job 1524 for task create_postgres_table (could not translate host name "host.docker.internal " to address: Name or service not known
; 3986)
[2022-07-31 10:53:16,975] {local_task_job.py:156} INFO - Task exited with return code 1
[2022-07-31 10:53:17,030] {local_task_job.py:273} INFO - 0 downstream tasks scheduled from follow-on schedule check
[2022-07-31 13:25:01,132] {taskinstance.py:1159} INFO - Dependencies all met for <TaskInstance: dag_with_postgres_operator.create_postgres_table scheduled__2022-01-01T00:00:00+00:00 [queued]>
[2022-07-31 13:25:01,156] {taskinstance.py:1159} INFO - Dependencies all met for <TaskInstance: dag_with_postgres_operator.create_postgres_table scheduled__2022-01-01T00:00:00+00:00 [queued]>
[2022-07-31 13:25:01,156] {taskinstance.py:1356} INFO - 
--------------------------------------------------------------------------------
[2022-07-31 13:25:01,156] {taskinstance.py:1357} INFO - Starting attempt 4 of 6
[2022-07-31 13:25:01,157] {taskinstance.py:1358} INFO - 
--------------------------------------------------------------------------------
[2022-07-31 13:25:01,182] {taskinstance.py:1377} INFO - Executing <Task(PostgresOperator): create_postgres_table> on 2022-01-01 00:00:00+00:00
[2022-07-31 13:25:01,190] {standard_task_runner.py:52} INFO - Started process 1581 to run task
[2022-07-31 13:25:01,193] {standard_task_runner.py:79} INFO - Running: ['***', 'tasks', 'run', 'dag_with_postgres_operator', 'create_postgres_table', 'scheduled__2022-01-01T00:00:00+00:00', '--job-id', '64', '--raw', '--subdir', 'DAGS_FOLDER/DAGWithPostgresOperator.py', '--cfg-path', '/tmp/tmphovk_ts5', '--error-file', '/tmp/tmp2nh0o54h']
[2022-07-31 13:25:01,193] {standard_task_runner.py:80} INFO - Job 64: Subtask create_postgres_table
[2022-07-31 13:25:01,282] {task_command.py:369} INFO - Running <TaskInstance: dag_with_postgres_operator.create_postgres_table scheduled__2022-01-01T00:00:00+00:00 [running]> on host 4688dd3b7141
[2022-07-31 13:25:01,416] {taskinstance.py:1571} INFO - Exporting the following env vars:
AIRFLOW_CTX_DAG_OWNER=yosr
AIRFLOW_CTX_DAG_ID=dag_with_postgres_operator
AIRFLOW_CTX_TASK_ID=create_postgres_table
AIRFLOW_CTX_EXECUTION_DATE=2022-01-01T00:00:00+00:00
AIRFLOW_CTX_TRY_NUMBER=4
AIRFLOW_CTX_DAG_RUN_ID=scheduled__2022-01-01T00:00:00+00:00
[2022-07-31 13:25:01,601] {taskinstance.py:1889} ERROR - Task failed with exception
Traceback (most recent call last):
  File "/home/airflow/.local/lib/python3.7/site-packages/airflow/providers/postgres/operators/postgres.py", line 92, in execute
    self.hook.run(self.sql, self.autocommit, parameters=self.parameters)
  File "/home/airflow/.local/lib/python3.7/site-packages/airflow/hooks/dbapi.py", line 181, in run
    with closing(self.get_conn()) as conn:
  File "/home/airflow/.local/lib/python3.7/site-packages/airflow/providers/postgres/hooks/postgres.py", line 86, in get_conn
    conn = deepcopy(self.connection or self.get_connection(conn_id))
  File "/home/airflow/.local/lib/python3.7/site-packages/airflow/hooks/base.py", line 67, in get_connection
    conn = Connection.get_connection_from_secrets(conn_id)
  File "/home/airflow/.local/lib/python3.7/site-packages/airflow/models/connection.py", line 430, in get_connection_from_secrets
    raise AirflowNotFoundException(f"The conn_id `{conn_id}` isn't defined")
airflow.exceptions.AirflowNotFoundException: The conn_id `postgres_localhost` isn't defined
[2022-07-31 13:25:01,606] {taskinstance.py:1400} INFO - Marking task as UP_FOR_RETRY. dag_id=dag_with_postgres_operator, task_id=create_postgres_table, execution_date=20220101T000000, start_date=20220731T132501, end_date=20220731T132501
[2022-07-31 13:25:01,629] {standard_task_runner.py:97} ERROR - Failed to execute job 64 for task create_postgres_table (The conn_id `postgres_localhost` isn't defined; 1581)
[2022-07-31 13:25:01,667] {local_task_job.py:156} INFO - Task exited with return code 1
[2022-07-31 13:25:01,718] {local_task_job.py:273} INFO - 0 downstream tasks scheduled from follow-on schedule check
