[2022-07-29 11:59:49,893] {taskinstance.py:1159} INFO - Dependencies all met for <TaskInstance: dag_with_taskflow_api.greet scheduled__2022-07-05T00:00:00+00:00 [queued]>
[2022-07-29 11:59:49,913] {taskinstance.py:1159} INFO - Dependencies all met for <TaskInstance: dag_with_taskflow_api.greet scheduled__2022-07-05T00:00:00+00:00 [queued]>
[2022-07-29 11:59:49,913] {taskinstance.py:1356} INFO - 
--------------------------------------------------------------------------------
[2022-07-29 11:59:49,913] {taskinstance.py:1357} INFO - Starting attempt 1 of 6
[2022-07-29 11:59:49,914] {taskinstance.py:1358} INFO - 
--------------------------------------------------------------------------------
[2022-07-29 11:59:49,937] {taskinstance.py:1377} INFO - Executing <Task(_PythonDecoratedOperator): greet> on 2022-07-05 00:00:00+00:00
[2022-07-29 11:59:49,944] {standard_task_runner.py:52} INFO - Started process 9821 to run task
[2022-07-29 11:59:49,947] {standard_task_runner.py:79} INFO - Running: ['***', 'tasks', 'run', 'dag_with_taskflow_api', 'greet', 'scheduled__2022-07-05T00:00:00+00:00', '--job-id', '2057', '--raw', '--subdir', 'DAGS_FOLDER/DagWithTaskflowApi.py', '--cfg-path', '/tmp/tmp5gknuatq', '--error-file', '/tmp/tmpneo5bxnh']
[2022-07-29 11:59:49,948] {standard_task_runner.py:80} INFO - Job 2057: Subtask greet
[2022-07-29 11:59:50,052] {task_command.py:369} INFO - Running <TaskInstance: dag_with_taskflow_api.greet scheduled__2022-07-05T00:00:00+00:00 [running]> on host 9f0f006fc89d
[2022-07-29 11:59:50,315] {taskinstance.py:1571} INFO - Exporting the following env vars:
AIRFLOW_CTX_DAG_OWNER=yosr
AIRFLOW_CTX_DAG_ID=dag_with_taskflow_api
AIRFLOW_CTX_TASK_ID=greet
AIRFLOW_CTX_EXECUTION_DATE=2022-07-05T00:00:00+00:00
AIRFLOW_CTX_TRY_NUMBER=1
AIRFLOW_CTX_DAG_RUN_ID=scheduled__2022-07-05T00:00:00+00:00
[2022-07-29 11:59:50,316] {logging_mixin.py:115} INFO - Hello World! My name is yosr hb and I am 22 years old!
[2022-07-29 11:59:50,316] {python.py:173} INFO - Done. Returned value was: None
[2022-07-29 11:59:50,341] {taskinstance.py:1400} INFO - Marking task as SUCCESS. dag_id=dag_with_taskflow_api, task_id=greet, execution_date=20220705T000000, start_date=20220729T115949, end_date=20220729T115950
[2022-07-29 11:59:50,381] {local_task_job.py:156} INFO - Task exited with return code 0
[2022-07-29 11:59:50,507] {local_task_job.py:273} INFO - 0 downstream tasks scheduled from follow-on schedule check
