[2022-07-30 19:19:26,332] {taskinstance.py:1159} INFO - Dependencies all met for <TaskInstance: dag_with_postgres_operator.create_postgres_table scheduled__2022-02-20T00:00:00+00:00 [queued]>
[2022-07-30 19:19:26,350] {taskinstance.py:1159} INFO - Dependencies all met for <TaskInstance: dag_with_postgres_operator.create_postgres_table scheduled__2022-02-20T00:00:00+00:00 [queued]>
[2022-07-30 19:19:26,350] {taskinstance.py:1356} INFO - 
--------------------------------------------------------------------------------
[2022-07-30 19:19:26,350] {taskinstance.py:1357} INFO - Starting attempt 6 of 6
[2022-07-30 19:19:26,350] {taskinstance.py:1358} INFO - 
--------------------------------------------------------------------------------
[2022-07-30 19:19:26,369] {taskinstance.py:1377} INFO - Executing <Task(PostgresOperator): create_postgres_table> on 2022-02-20 00:00:00+00:00
[2022-07-30 19:19:26,375] {standard_task_runner.py:52} INFO - Started process 5802 to run task
[2022-07-30 19:19:26,378] {standard_task_runner.py:79} INFO - Running: ['***', 'tasks', 'run', 'dag_with_postgres_operator', 'create_postgres_table', 'scheduled__2022-02-20T00:00:00+00:00', '--job-id', '386', '--raw', '--subdir', 'DAGS_FOLDER/DAGWithPostgresOperator.py', '--cfg-path', '/tmp/tmp9ypxteiv', '--error-file', '/tmp/tmp3frcc9d_']
[2022-07-30 19:19:26,378] {standard_task_runner.py:80} INFO - Job 386: Subtask create_postgres_table
[2022-07-30 19:19:26,443] {task_command.py:369} INFO - Running <TaskInstance: dag_with_postgres_operator.create_postgres_table scheduled__2022-02-20T00:00:00+00:00 [running]> on host 66bf18ec08cc
[2022-07-30 19:19:26,534] {taskinstance.py:1571} INFO - Exporting the following env vars:
AIRFLOW_CTX_DAG_OWNER=yosr
AIRFLOW_CTX_DAG_ID=dag_with_postgres_operator
AIRFLOW_CTX_TASK_ID=create_postgres_table
AIRFLOW_CTX_EXECUTION_DATE=2022-02-20T00:00:00+00:00
AIRFLOW_CTX_TRY_NUMBER=6
AIRFLOW_CTX_DAG_RUN_ID=scheduled__2022-02-20T00:00:00+00:00
[2022-07-30 19:19:26,547] {base.py:68} INFO - Using connection ID 'postgres_localhost' for task execution.
[2022-07-30 19:19:26,548] {taskinstance.py:1889} ERROR - Task failed with exception
Traceback (most recent call last):
  File "/home/airflow/.local/lib/python3.7/site-packages/airflow/providers/postgres/operators/postgres.py", line 92, in execute
    self.hook.run(self.sql, self.autocommit, parameters=self.parameters)
  File "/home/airflow/.local/lib/python3.7/site-packages/airflow/hooks/dbapi.py", line 181, in run
    with closing(self.get_conn()) as conn:
  File "/home/airflow/.local/lib/python3.7/site-packages/airflow/providers/postgres/hooks/postgres.py", line 113, in get_conn
    self.conn = psycopg2.connect(**conn_args)
  File "/home/airflow/.local/lib/python3.7/site-packages/psycopg2/__init__.py", line 122, in connect
    conn = _connect(dsn, connection_factory=connection_factory, **kwasync)
psycopg2.OperationalError: could not translate host name "host.docker.internal " to address: Name or service not known

[2022-07-30 19:19:26,561] {taskinstance.py:1400} INFO - Marking task as FAILED. dag_id=dag_with_postgres_operator, task_id=create_postgres_table, execution_date=20220220T000000, start_date=20220730T191926, end_date=20220730T191926
[2022-07-30 19:19:26,575] {standard_task_runner.py:97} ERROR - Failed to execute job 386 for task create_postgres_table (could not translate host name "host.docker.internal " to address: Name or service not known
; 5802)
[2022-07-30 19:19:26,597] {local_task_job.py:156} INFO - Task exited with return code 1
[2022-07-30 19:19:26,649] {local_task_job.py:273} INFO - 0 downstream tasks scheduled from follow-on schedule check
[2022-07-31 10:21:40,569] {taskinstance.py:1159} INFO - Dependencies all met for <TaskInstance: dag_with_postgres_operator.create_postgres_table scheduled__2022-02-20T00:00:00+00:00 [queued]>
[2022-07-31 10:21:40,596] {taskinstance.py:1159} INFO - Dependencies all met for <TaskInstance: dag_with_postgres_operator.create_postgres_table scheduled__2022-02-20T00:00:00+00:00 [queued]>
[2022-07-31 10:21:40,596] {taskinstance.py:1356} INFO - 
--------------------------------------------------------------------------------
[2022-07-31 10:21:40,597] {taskinstance.py:1357} INFO - Starting attempt 6 of 6
[2022-07-31 10:21:40,597] {taskinstance.py:1358} INFO - 
--------------------------------------------------------------------------------
[2022-07-31 10:21:40,623] {taskinstance.py:1377} INFO - Executing <Task(PostgresOperator): create_postgres_table> on 2022-02-20 00:00:00+00:00
[2022-07-31 10:21:40,629] {standard_task_runner.py:52} INFO - Started process 2274 to run task
[2022-07-31 10:21:40,636] {standard_task_runner.py:79} INFO - Running: ['***', 'tasks', 'run', 'dag_with_postgres_operator', 'create_postgres_table', 'scheduled__2022-02-20T00:00:00+00:00', '--job-id', '1396', '--raw', '--subdir', 'DAGS_FOLDER/DAGWithPostgresOperator.py', '--cfg-path', '/tmp/tmpjhmqrh_s', '--error-file', '/tmp/tmpa47n3cg7']
[2022-07-31 10:21:40,636] {standard_task_runner.py:80} INFO - Job 1396: Subtask create_postgres_table
[2022-07-31 10:21:40,723] {task_command.py:369} INFO - Running <TaskInstance: dag_with_postgres_operator.create_postgres_table scheduled__2022-02-20T00:00:00+00:00 [running]> on host 66bf18ec08cc
[2022-07-31 10:21:40,841] {taskinstance.py:1571} INFO - Exporting the following env vars:
AIRFLOW_CTX_DAG_OWNER=yosr
AIRFLOW_CTX_DAG_ID=dag_with_postgres_operator
AIRFLOW_CTX_TASK_ID=create_postgres_table
AIRFLOW_CTX_EXECUTION_DATE=2022-02-20T00:00:00+00:00
AIRFLOW_CTX_TRY_NUMBER=6
AIRFLOW_CTX_DAG_RUN_ID=scheduled__2022-02-20T00:00:00+00:00
[2022-07-31 10:21:40,866] {base.py:68} INFO - Using connection ID 'postgres_localhost' for task execution.
[2022-07-31 10:21:40,867] {taskinstance.py:1889} ERROR - Task failed with exception
Traceback (most recent call last):
  File "/home/airflow/.local/lib/python3.7/site-packages/airflow/providers/postgres/operators/postgres.py", line 92, in execute
    self.hook.run(self.sql, self.autocommit, parameters=self.parameters)
  File "/home/airflow/.local/lib/python3.7/site-packages/airflow/hooks/dbapi.py", line 181, in run
    with closing(self.get_conn()) as conn:
  File "/home/airflow/.local/lib/python3.7/site-packages/airflow/providers/postgres/hooks/postgres.py", line 113, in get_conn
    self.conn = psycopg2.connect(**conn_args)
  File "/home/airflow/.local/lib/python3.7/site-packages/psycopg2/__init__.py", line 122, in connect
    conn = _connect(dsn, connection_factory=connection_factory, **kwasync)
psycopg2.OperationalError: could not translate host name "host.docker.local " to address: Name or service not known

[2022-07-31 10:21:40,880] {taskinstance.py:1400} INFO - Marking task as FAILED. dag_id=dag_with_postgres_operator, task_id=create_postgres_table, execution_date=20220220T000000, start_date=20220731T102140, end_date=20220731T102140
[2022-07-31 10:21:40,897] {standard_task_runner.py:97} ERROR - Failed to execute job 1396 for task create_postgres_table (could not translate host name "host.docker.local " to address: Name or service not known
; 2274)
[2022-07-31 10:21:40,942] {local_task_job.py:156} INFO - Task exited with return code 1
[2022-07-31 10:21:41,004] {local_task_job.py:273} INFO - 0 downstream tasks scheduled from follow-on schedule check
[2022-07-31 14:46:36,041] {taskinstance.py:1159} INFO - Dependencies all met for <TaskInstance: dag_with_postgres_operator.create_postgres_table scheduled__2022-02-20T00:00:00+00:00 [queued]>
[2022-07-31 14:46:36,061] {taskinstance.py:1159} INFO - Dependencies all met for <TaskInstance: dag_with_postgres_operator.create_postgres_table scheduled__2022-02-20T00:00:00+00:00 [queued]>
[2022-07-31 14:46:36,062] {taskinstance.py:1356} INFO - 
--------------------------------------------------------------------------------
[2022-07-31 14:46:36,062] {taskinstance.py:1357} INFO - Starting attempt 6 of 9
[2022-07-31 14:46:36,062] {taskinstance.py:1358} INFO - 
--------------------------------------------------------------------------------
[2022-07-31 14:46:36,084] {taskinstance.py:1377} INFO - Executing <Task(PostgresOperator): create_postgres_table> on 2022-02-20 00:00:00+00:00
[2022-07-31 14:46:36,089] {standard_task_runner.py:52} INFO - Started process 5986 to run task
[2022-07-31 14:46:36,092] {standard_task_runner.py:79} INFO - Running: ['***', 'tasks', 'run', 'dag_with_postgres_operator', 'create_postgres_table', 'scheduled__2022-02-20T00:00:00+00:00', '--job-id', '371', '--raw', '--subdir', 'DAGS_FOLDER/DAGWithPostgresOperator.py', '--cfg-path', '/tmp/tmpiool2385', '--error-file', '/tmp/tmpxbgp9b2d']
[2022-07-31 14:46:36,092] {standard_task_runner.py:80} INFO - Job 371: Subtask create_postgres_table
[2022-07-31 14:46:36,160] {task_command.py:369} INFO - Running <TaskInstance: dag_with_postgres_operator.create_postgres_table scheduled__2022-02-20T00:00:00+00:00 [running]> on host 4688dd3b7141
[2022-07-31 14:46:36,250] {taskinstance.py:1571} INFO - Exporting the following env vars:
AIRFLOW_CTX_DAG_OWNER=yosr
AIRFLOW_CTX_DAG_ID=dag_with_postgres_operator
AIRFLOW_CTX_TASK_ID=create_postgres_table
AIRFLOW_CTX_EXECUTION_DATE=2022-02-20T00:00:00+00:00
AIRFLOW_CTX_TRY_NUMBER=6
AIRFLOW_CTX_DAG_RUN_ID=scheduled__2022-02-20T00:00:00+00:00
[2022-07-31 14:46:36,265] {base.py:68} INFO - Using connection ID 'postgres_localhost' for task execution.
[2022-07-31 14:46:51,282] {taskinstance.py:1889} ERROR - Task failed with exception
Traceback (most recent call last):
  File "/home/airflow/.local/lib/python3.7/site-packages/airflow/providers/postgres/operators/postgres.py", line 92, in execute
    self.hook.run(self.sql, self.autocommit, parameters=self.parameters)
  File "/home/airflow/.local/lib/python3.7/site-packages/airflow/hooks/dbapi.py", line 181, in run
    with closing(self.get_conn()) as conn:
  File "/home/airflow/.local/lib/python3.7/site-packages/airflow/providers/postgres/hooks/postgres.py", line 113, in get_conn
    self.conn = psycopg2.connect(**conn_args)
  File "/home/airflow/.local/lib/python3.7/site-packages/psycopg2/__init__.py", line 122, in connect
    conn = _connect(dsn, connection_factory=connection_factory, **kwasync)
psycopg2.OperationalError: could not translate host name "host.docker.local" to address: Temporary failure in name resolution

[2022-07-31 14:46:51,298] {taskinstance.py:1400} INFO - Marking task as UP_FOR_RETRY. dag_id=dag_with_postgres_operator, task_id=create_postgres_table, execution_date=20220220T000000, start_date=20220731T144636, end_date=20220731T144651
[2022-07-31 14:46:51,515] {standard_task_runner.py:97} ERROR - Failed to execute job 371 for task create_postgres_table (could not translate host name "host.docker.local" to address: Temporary failure in name resolution
; 5986)
[2022-07-31 14:46:51,551] {local_task_job.py:156} INFO - Task exited with return code 1
[2022-07-31 14:46:51,592] {local_task_job.py:273} INFO - 0 downstream tasks scheduled from follow-on schedule check
