[2022-07-30 19:04:22,938] {taskinstance.py:1159} INFO - Dependencies all met for <TaskInstance: dag_with_postgres_operator.create_postgres_table scheduled__2022-02-20T00:00:00+00:00 [queued]>
[2022-07-30 19:04:22,958] {taskinstance.py:1159} INFO - Dependencies all met for <TaskInstance: dag_with_postgres_operator.create_postgres_table scheduled__2022-02-20T00:00:00+00:00 [queued]>
[2022-07-30 19:04:22,958] {taskinstance.py:1356} INFO - 
--------------------------------------------------------------------------------
[2022-07-30 19:04:22,958] {taskinstance.py:1357} INFO - Starting attempt 3 of 6
[2022-07-30 19:04:22,958] {taskinstance.py:1358} INFO - 
--------------------------------------------------------------------------------
[2022-07-30 19:04:22,979] {taskinstance.py:1377} INFO - Executing <Task(PostgresOperator): create_postgres_table> on 2022-02-20 00:00:00+00:00
[2022-07-30 19:04:22,985] {standard_task_runner.py:52} INFO - Started process 5011 to run task
[2022-07-30 19:04:22,987] {standard_task_runner.py:79} INFO - Running: ['***', 'tasks', 'run', 'dag_with_postgres_operator', 'create_postgres_table', 'scheduled__2022-02-20T00:00:00+00:00', '--job-id', '337', '--raw', '--subdir', 'DAGS_FOLDER/DAGWithPostgresOperator.py', '--cfg-path', '/tmp/tmpir27jn4t', '--error-file', '/tmp/tmp2o14tp8m']
[2022-07-30 19:04:22,987] {standard_task_runner.py:80} INFO - Job 337: Subtask create_postgres_table
[2022-07-30 19:04:23,056] {task_command.py:369} INFO - Running <TaskInstance: dag_with_postgres_operator.create_postgres_table scheduled__2022-02-20T00:00:00+00:00 [running]> on host 66bf18ec08cc
[2022-07-30 19:04:23,158] {taskinstance.py:1571} INFO - Exporting the following env vars:
AIRFLOW_CTX_DAG_OWNER=yosr
AIRFLOW_CTX_DAG_ID=dag_with_postgres_operator
AIRFLOW_CTX_TASK_ID=create_postgres_table
AIRFLOW_CTX_EXECUTION_DATE=2022-02-20T00:00:00+00:00
AIRFLOW_CTX_TRY_NUMBER=3
AIRFLOW_CTX_DAG_RUN_ID=scheduled__2022-02-20T00:00:00+00:00
[2022-07-30 19:04:23,171] {base.py:68} INFO - Using connection ID 'postgres_localhost' for task execution.
[2022-07-30 19:04:23,172] {taskinstance.py:1889} ERROR - Task failed with exception
Traceback (most recent call last):
  File "/home/airflow/.local/lib/python3.7/site-packages/airflow/providers/postgres/operators/postgres.py", line 92, in execute
    self.hook.run(self.sql, self.autocommit, parameters=self.parameters)
  File "/home/airflow/.local/lib/python3.7/site-packages/airflow/hooks/dbapi.py", line 181, in run
    with closing(self.get_conn()) as conn:
  File "/home/airflow/.local/lib/python3.7/site-packages/airflow/providers/postgres/hooks/postgres.py", line 113, in get_conn
    self.conn = psycopg2.connect(**conn_args)
  File "/home/airflow/.local/lib/python3.7/site-packages/psycopg2/__init__.py", line 122, in connect
    conn = _connect(dsn, connection_factory=connection_factory, **kwasync)
psycopg2.OperationalError: could not translate host name "host.docker.internal " to address: Name or service not known

[2022-07-30 19:04:23,184] {taskinstance.py:1400} INFO - Marking task as UP_FOR_RETRY. dag_id=dag_with_postgres_operator, task_id=create_postgres_table, execution_date=20220220T000000, start_date=20220730T190422, end_date=20220730T190423
[2022-07-30 19:04:23,196] {standard_task_runner.py:97} ERROR - Failed to execute job 337 for task create_postgres_table (could not translate host name "host.docker.internal " to address: Name or service not known
; 5011)
[2022-07-30 19:04:23,205] {local_task_job.py:156} INFO - Task exited with return code 1
[2022-07-30 19:04:23,259] {local_task_job.py:273} INFO - 0 downstream tasks scheduled from follow-on schedule check
[2022-07-31 10:06:37,423] {taskinstance.py:1159} INFO - Dependencies all met for <TaskInstance: dag_with_postgres_operator.create_postgres_table scheduled__2022-02-20T00:00:00+00:00 [queued]>
[2022-07-31 10:06:37,449] {taskinstance.py:1159} INFO - Dependencies all met for <TaskInstance: dag_with_postgres_operator.create_postgres_table scheduled__2022-02-20T00:00:00+00:00 [queued]>
[2022-07-31 10:06:37,449] {taskinstance.py:1356} INFO - 
--------------------------------------------------------------------------------
[2022-07-31 10:06:37,449] {taskinstance.py:1357} INFO - Starting attempt 3 of 6
[2022-07-31 10:06:37,449] {taskinstance.py:1358} INFO - 
--------------------------------------------------------------------------------
[2022-07-31 10:06:37,474] {taskinstance.py:1377} INFO - Executing <Task(PostgresOperator): create_postgres_table> on 2022-02-20 00:00:00+00:00
[2022-07-31 10:06:37,479] {standard_task_runner.py:52} INFO - Started process 1484 to run task
[2022-07-31 10:06:37,482] {standard_task_runner.py:79} INFO - Running: ['***', 'tasks', 'run', 'dag_with_postgres_operator', 'create_postgres_table', 'scheduled__2022-02-20T00:00:00+00:00', '--job-id', '1347', '--raw', '--subdir', 'DAGS_FOLDER/DAGWithPostgresOperator.py', '--cfg-path', '/tmp/tmps14i05n4', '--error-file', '/tmp/tmp75cqirnc']
[2022-07-31 10:06:37,482] {standard_task_runner.py:80} INFO - Job 1347: Subtask create_postgres_table
[2022-07-31 10:06:37,557] {task_command.py:369} INFO - Running <TaskInstance: dag_with_postgres_operator.create_postgres_table scheduled__2022-02-20T00:00:00+00:00 [running]> on host 66bf18ec08cc
[2022-07-31 10:06:37,650] {taskinstance.py:1571} INFO - Exporting the following env vars:
AIRFLOW_CTX_DAG_OWNER=yosr
AIRFLOW_CTX_DAG_ID=dag_with_postgres_operator
AIRFLOW_CTX_TASK_ID=create_postgres_table
AIRFLOW_CTX_EXECUTION_DATE=2022-02-20T00:00:00+00:00
AIRFLOW_CTX_TRY_NUMBER=3
AIRFLOW_CTX_DAG_RUN_ID=scheduled__2022-02-20T00:00:00+00:00
[2022-07-31 10:06:37,663] {base.py:68} INFO - Using connection ID 'postgres_localhost' for task execution.
[2022-07-31 10:06:37,664] {taskinstance.py:1889} ERROR - Task failed with exception
Traceback (most recent call last):
  File "/home/airflow/.local/lib/python3.7/site-packages/airflow/providers/postgres/operators/postgres.py", line 92, in execute
    self.hook.run(self.sql, self.autocommit, parameters=self.parameters)
  File "/home/airflow/.local/lib/python3.7/site-packages/airflow/hooks/dbapi.py", line 181, in run
    with closing(self.get_conn()) as conn:
  File "/home/airflow/.local/lib/python3.7/site-packages/airflow/providers/postgres/hooks/postgres.py", line 113, in get_conn
    self.conn = psycopg2.connect(**conn_args)
  File "/home/airflow/.local/lib/python3.7/site-packages/psycopg2/__init__.py", line 122, in connect
    conn = _connect(dsn, connection_factory=connection_factory, **kwasync)
psycopg2.OperationalError: could not translate host name "host.docker.local " to address: Name or service not known

[2022-07-31 10:06:37,676] {taskinstance.py:1400} INFO - Marking task as UP_FOR_RETRY. dag_id=dag_with_postgres_operator, task_id=create_postgres_table, execution_date=20220220T000000, start_date=20220731T100637, end_date=20220731T100637
[2022-07-31 10:06:37,692] {standard_task_runner.py:97} ERROR - Failed to execute job 1347 for task create_postgres_table (could not translate host name "host.docker.local " to address: Name or service not known
; 1484)
[2022-07-31 10:06:37,702] {local_task_job.py:156} INFO - Task exited with return code 1
[2022-07-31 10:06:37,749] {local_task_job.py:273} INFO - 0 downstream tasks scheduled from follow-on schedule check
[2022-07-31 14:31:30,700] {taskinstance.py:1159} INFO - Dependencies all met for <TaskInstance: dag_with_postgres_operator.create_postgres_table scheduled__2022-02-20T00:00:00+00:00 [queued]>
[2022-07-31 14:31:30,715] {taskinstance.py:1159} INFO - Dependencies all met for <TaskInstance: dag_with_postgres_operator.create_postgres_table scheduled__2022-02-20T00:00:00+00:00 [queued]>
[2022-07-31 14:31:30,715] {taskinstance.py:1356} INFO - 
--------------------------------------------------------------------------------
[2022-07-31 14:31:30,715] {taskinstance.py:1357} INFO - Starting attempt 3 of 8
[2022-07-31 14:31:30,715] {taskinstance.py:1358} INFO - 
--------------------------------------------------------------------------------
[2022-07-31 14:31:30,735] {taskinstance.py:1377} INFO - Executing <Task(PostgresOperator): create_postgres_table> on 2022-02-20 00:00:00+00:00
[2022-07-31 14:31:30,739] {standard_task_runner.py:52} INFO - Started process 5178 to run task
[2022-07-31 14:31:30,742] {standard_task_runner.py:79} INFO - Running: ['***', 'tasks', 'run', 'dag_with_postgres_operator', 'create_postgres_table', 'scheduled__2022-02-20T00:00:00+00:00', '--job-id', '323', '--raw', '--subdir', 'DAGS_FOLDER/DAGWithPostgresOperator.py', '--cfg-path', '/tmp/tmpxjd3x23k', '--error-file', '/tmp/tmp0rxmdick']
[2022-07-31 14:31:30,742] {standard_task_runner.py:80} INFO - Job 323: Subtask create_postgres_table
[2022-07-31 14:31:30,806] {task_command.py:369} INFO - Running <TaskInstance: dag_with_postgres_operator.create_postgres_table scheduled__2022-02-20T00:00:00+00:00 [running]> on host 4688dd3b7141
[2022-07-31 14:31:30,886] {taskinstance.py:1571} INFO - Exporting the following env vars:
AIRFLOW_CTX_DAG_OWNER=yosr
AIRFLOW_CTX_DAG_ID=dag_with_postgres_operator
AIRFLOW_CTX_TASK_ID=create_postgres_table
AIRFLOW_CTX_EXECUTION_DATE=2022-02-20T00:00:00+00:00
AIRFLOW_CTX_TRY_NUMBER=3
AIRFLOW_CTX_DAG_RUN_ID=scheduled__2022-02-20T00:00:00+00:00
[2022-07-31 14:31:30,900] {base.py:68} INFO - Using connection ID 'postgres_localhost' for task execution.
[2022-07-31 14:31:30,902] {taskinstance.py:1889} ERROR - Task failed with exception
Traceback (most recent call last):
  File "/home/airflow/.local/lib/python3.7/site-packages/airflow/providers/postgres/operators/postgres.py", line 92, in execute
    self.hook.run(self.sql, self.autocommit, parameters=self.parameters)
  File "/home/airflow/.local/lib/python3.7/site-packages/airflow/hooks/dbapi.py", line 181, in run
    with closing(self.get_conn()) as conn:
  File "/home/airflow/.local/lib/python3.7/site-packages/airflow/providers/postgres/hooks/postgres.py", line 113, in get_conn
    self.conn = psycopg2.connect(**conn_args)
  File "/home/airflow/.local/lib/python3.7/site-packages/psycopg2/__init__.py", line 122, in connect
    conn = _connect(dsn, connection_factory=connection_factory, **kwasync)
psycopg2.OperationalError: connection to server at "localhost" (127.0.0.1), port 5432 failed: Connection refused
	Is the server running on that host and accepting TCP/IP connections?
connection to server at "localhost" (::1), port 5432 failed: Cannot assign requested address
	Is the server running on that host and accepting TCP/IP connections?

[2022-07-31 14:31:30,918] {taskinstance.py:1400} INFO - Marking task as UP_FOR_RETRY. dag_id=dag_with_postgres_operator, task_id=create_postgres_table, execution_date=20220220T000000, start_date=20220731T143130, end_date=20220731T143130
[2022-07-31 14:31:30,930] {standard_task_runner.py:97} ERROR - Failed to execute job 323 for task create_postgres_table (connection to server at "localhost" (127.0.0.1), port 5432 failed: Connection refused
	Is the server running on that host and accepting TCP/IP connections?
connection to server at "localhost" (::1), port 5432 failed: Cannot assign requested address
	Is the server running on that host and accepting TCP/IP connections?
; 5178)
[2022-07-31 14:31:30,962] {local_task_job.py:156} INFO - Task exited with return code 1
[2022-07-31 14:31:31,008] {local_task_job.py:273} INFO - 0 downstream tasks scheduled from follow-on schedule check
