[2022-07-30 23:22:19,012] {taskinstance.py:1159} INFO - Dependencies all met for <TaskInstance: dag_with_postgres_operator.create_postgres_table scheduled__2022-05-14T00:00:00+00:00 [queued]>
[2022-07-30 23:22:19,026] {taskinstance.py:1159} INFO - Dependencies all met for <TaskInstance: dag_with_postgres_operator.create_postgres_table scheduled__2022-05-14T00:00:00+00:00 [queued]>
[2022-07-30 23:22:19,026] {taskinstance.py:1356} INFO - 
--------------------------------------------------------------------------------
[2022-07-30 23:22:19,026] {taskinstance.py:1357} INFO - Starting attempt 2 of 6
[2022-07-30 23:22:19,026] {taskinstance.py:1358} INFO - 
--------------------------------------------------------------------------------
[2022-07-30 23:22:19,048] {taskinstance.py:1377} INFO - Executing <Task(PostgresOperator): create_postgres_table> on 2022-05-14 00:00:00+00:00
[2022-07-30 23:22:19,052] {standard_task_runner.py:52} INFO - Started process 3065 to run task
[2022-07-30 23:22:19,056] {standard_task_runner.py:79} INFO - Running: ['***', 'tasks', 'run', 'dag_with_postgres_operator', 'create_postgres_table', 'scheduled__2022-05-14T00:00:00+00:00', '--job-id', '919', '--raw', '--subdir', 'DAGS_FOLDER/DAGWithPostgresOperator.py', '--cfg-path', '/tmp/tmpxm142trv', '--error-file', '/tmp/tmpcwk4sj_o']
[2022-07-30 23:22:19,056] {standard_task_runner.py:80} INFO - Job 919: Subtask create_postgres_table
[2022-07-30 23:22:19,135] {task_command.py:369} INFO - Running <TaskInstance: dag_with_postgres_operator.create_postgres_table scheduled__2022-05-14T00:00:00+00:00 [running]> on host 66bf18ec08cc
[2022-07-30 23:22:19,229] {taskinstance.py:1571} INFO - Exporting the following env vars:
AIRFLOW_CTX_DAG_OWNER=yosr
AIRFLOW_CTX_DAG_ID=dag_with_postgres_operator
AIRFLOW_CTX_TASK_ID=create_postgres_table
AIRFLOW_CTX_EXECUTION_DATE=2022-05-14T00:00:00+00:00
AIRFLOW_CTX_TRY_NUMBER=2
AIRFLOW_CTX_DAG_RUN_ID=scheduled__2022-05-14T00:00:00+00:00
[2022-07-30 23:22:19,243] {base.py:68} INFO - Using connection ID 'postgres_localhost' for task execution.
[2022-07-30 23:22:19,244] {taskinstance.py:1889} ERROR - Task failed with exception
Traceback (most recent call last):
  File "/home/airflow/.local/lib/python3.7/site-packages/airflow/providers/postgres/operators/postgres.py", line 92, in execute
    self.hook.run(self.sql, self.autocommit, parameters=self.parameters)
  File "/home/airflow/.local/lib/python3.7/site-packages/airflow/hooks/dbapi.py", line 181, in run
    with closing(self.get_conn()) as conn:
  File "/home/airflow/.local/lib/python3.7/site-packages/airflow/providers/postgres/hooks/postgres.py", line 113, in get_conn
    self.conn = psycopg2.connect(**conn_args)
  File "/home/airflow/.local/lib/python3.7/site-packages/psycopg2/__init__.py", line 122, in connect
    conn = _connect(dsn, connection_factory=connection_factory, **kwasync)
psycopg2.OperationalError: could not translate host name "host.docker.local " to address: Name or service not known

[2022-07-30 23:22:19,257] {taskinstance.py:1400} INFO - Marking task as UP_FOR_RETRY. dag_id=dag_with_postgres_operator, task_id=create_postgres_table, execution_date=20220514T000000, start_date=20220730T232219, end_date=20220730T232219
[2022-07-30 23:22:19,271] {standard_task_runner.py:97} ERROR - Failed to execute job 919 for task create_postgres_table (could not translate host name "host.docker.local " to address: Name or service not known
; 3065)
[2022-07-30 23:22:19,314] {local_task_job.py:156} INFO - Task exited with return code 1
[2022-07-30 23:22:19,389] {local_task_job.py:273} INFO - 0 downstream tasks scheduled from follow-on schedule check
