[2022-07-30 17:48:34,057] {taskinstance.py:1159} INFO - Dependencies all met for <TaskInstance: dag_with_postgres_operator.create_postgres_table scheduled__2021-12-27T00:00:00+00:00 [queued]>
[2022-07-30 17:48:34,075] {taskinstance.py:1159} INFO - Dependencies all met for <TaskInstance: dag_with_postgres_operator.create_postgres_table scheduled__2021-12-27T00:00:00+00:00 [queued]>
[2022-07-30 17:48:34,075] {taskinstance.py:1356} INFO - 
--------------------------------------------------------------------------------
[2022-07-30 17:48:34,075] {taskinstance.py:1357} INFO - Starting attempt 3 of 6
[2022-07-30 17:48:34,075] {taskinstance.py:1358} INFO - 
--------------------------------------------------------------------------------
[2022-07-30 17:48:34,097] {taskinstance.py:1377} INFO - Executing <Task(PostgresOperator): create_postgres_table> on 2021-12-27 00:00:00+00:00
[2022-07-30 17:48:34,102] {standard_task_runner.py:52} INFO - Started process 918 to run task
[2022-07-30 17:48:34,105] {standard_task_runner.py:79} INFO - Running: ['***', 'tasks', 'run', 'dag_with_postgres_operator', 'create_postgres_table', 'scheduled__2021-12-27T00:00:00+00:00', '--job-id', '45', '--raw', '--subdir', 'DAGS_FOLDER/DAGWithPostgresOperator.py', '--cfg-path', '/tmp/tmp99kcg3o9', '--error-file', '/tmp/tmp4wy9y0un']
[2022-07-30 17:48:34,105] {standard_task_runner.py:80} INFO - Job 45: Subtask create_postgres_table
[2022-07-30 17:48:34,191] {task_command.py:369} INFO - Running <TaskInstance: dag_with_postgres_operator.create_postgres_table scheduled__2021-12-27T00:00:00+00:00 [running]> on host 66bf18ec08cc
[2022-07-30 17:48:34,295] {taskinstance.py:1571} INFO - Exporting the following env vars:
AIRFLOW_CTX_DAG_OWNER=yosr
AIRFLOW_CTX_DAG_ID=dag_with_postgres_operator
AIRFLOW_CTX_TASK_ID=create_postgres_table
AIRFLOW_CTX_EXECUTION_DATE=2021-12-27T00:00:00+00:00
AIRFLOW_CTX_TRY_NUMBER=3
AIRFLOW_CTX_DAG_RUN_ID=scheduled__2021-12-27T00:00:00+00:00
[2022-07-30 17:48:34,308] {base.py:68} INFO - Using connection ID 'postgres_localhost' for task execution.
[2022-07-30 17:48:34,309] {taskinstance.py:1889} ERROR - Task failed with exception
Traceback (most recent call last):
  File "/home/airflow/.local/lib/python3.7/site-packages/airflow/providers/postgres/operators/postgres.py", line 92, in execute
    self.hook.run(self.sql, self.autocommit, parameters=self.parameters)
  File "/home/airflow/.local/lib/python3.7/site-packages/airflow/hooks/dbapi.py", line 181, in run
    with closing(self.get_conn()) as conn:
  File "/home/airflow/.local/lib/python3.7/site-packages/airflow/providers/postgres/hooks/postgres.py", line 113, in get_conn
    self.conn = psycopg2.connect(**conn_args)
  File "/home/airflow/.local/lib/python3.7/site-packages/psycopg2/__init__.py", line 122, in connect
    conn = _connect(dsn, connection_factory=connection_factory, **kwasync)
psycopg2.OperationalError: could not translate host name "host.docker.internal " to address: Name or service not known

[2022-07-30 17:48:34,322] {taskinstance.py:1400} INFO - Marking task as UP_FOR_RETRY. dag_id=dag_with_postgres_operator, task_id=create_postgres_table, execution_date=20211227T000000, start_date=20220730T174834, end_date=20220730T174834
[2022-07-30 17:48:34,340] {standard_task_runner.py:97} ERROR - Failed to execute job 45 for task create_postgres_table (could not translate host name "host.docker.internal " to address: Name or service not known
; 918)
[2022-07-30 17:48:34,362] {local_task_job.py:156} INFO - Task exited with return code 1
[2022-07-30 17:48:34,419] {local_task_job.py:273} INFO - 0 downstream tasks scheduled from follow-on schedule check
[2022-07-30 23:54:50,536] {taskinstance.py:1159} INFO - Dependencies all met for <TaskInstance: dag_with_postgres_operator.create_postgres_table scheduled__2021-12-27T00:00:00+00:00 [queued]>
[2022-07-30 23:54:50,554] {taskinstance.py:1159} INFO - Dependencies all met for <TaskInstance: dag_with_postgres_operator.create_postgres_table scheduled__2021-12-27T00:00:00+00:00 [queued]>
[2022-07-30 23:54:50,554] {taskinstance.py:1356} INFO - 
--------------------------------------------------------------------------------
[2022-07-30 23:54:50,554] {taskinstance.py:1357} INFO - Starting attempt 3 of 6
[2022-07-30 23:54:50,554] {taskinstance.py:1358} INFO - 
--------------------------------------------------------------------------------
[2022-07-30 23:54:50,576] {taskinstance.py:1377} INFO - Executing <Task(PostgresOperator): create_postgres_table> on 2021-12-27 00:00:00+00:00
[2022-07-30 23:54:50,581] {standard_task_runner.py:52} INFO - Started process 4838 to run task
[2022-07-30 23:54:50,585] {standard_task_runner.py:79} INFO - Running: ['***', 'tasks', 'run', 'dag_with_postgres_operator', 'create_postgres_table', 'scheduled__2021-12-27T00:00:00+00:00', '--job-id', '1053', '--raw', '--subdir', 'DAGS_FOLDER/DAGWithPostgresOperator.py', '--cfg-path', '/tmp/tmp0azram1q', '--error-file', '/tmp/tmpyz6q4qyw']
[2022-07-30 23:54:50,585] {standard_task_runner.py:80} INFO - Job 1053: Subtask create_postgres_table
[2022-07-30 23:54:50,665] {task_command.py:369} INFO - Running <TaskInstance: dag_with_postgres_operator.create_postgres_table scheduled__2021-12-27T00:00:00+00:00 [running]> on host 66bf18ec08cc
[2022-07-30 23:54:50,771] {taskinstance.py:1571} INFO - Exporting the following env vars:
AIRFLOW_CTX_DAG_OWNER=yosr
AIRFLOW_CTX_DAG_ID=dag_with_postgres_operator
AIRFLOW_CTX_TASK_ID=create_postgres_table
AIRFLOW_CTX_EXECUTION_DATE=2021-12-27T00:00:00+00:00
AIRFLOW_CTX_TRY_NUMBER=3
AIRFLOW_CTX_DAG_RUN_ID=scheduled__2021-12-27T00:00:00+00:00
[2022-07-30 23:54:50,789] {base.py:68} INFO - Using connection ID 'postgres_localhost' for task execution.
[2022-07-30 23:54:50,791] {taskinstance.py:1889} ERROR - Task failed with exception
Traceback (most recent call last):
  File "/home/airflow/.local/lib/python3.7/site-packages/airflow/providers/postgres/operators/postgres.py", line 92, in execute
    self.hook.run(self.sql, self.autocommit, parameters=self.parameters)
  File "/home/airflow/.local/lib/python3.7/site-packages/airflow/hooks/dbapi.py", line 181, in run
    with closing(self.get_conn()) as conn:
  File "/home/airflow/.local/lib/python3.7/site-packages/airflow/providers/postgres/hooks/postgres.py", line 113, in get_conn
    self.conn = psycopg2.connect(**conn_args)
  File "/home/airflow/.local/lib/python3.7/site-packages/psycopg2/__init__.py", line 122, in connect
    conn = _connect(dsn, connection_factory=connection_factory, **kwasync)
psycopg2.OperationalError: could not translate host name "host.docker.local " to address: Name or service not known

[2022-07-30 23:54:50,806] {taskinstance.py:1400} INFO - Marking task as UP_FOR_RETRY. dag_id=dag_with_postgres_operator, task_id=create_postgres_table, execution_date=20211227T000000, start_date=20220730T235450, end_date=20220730T235450
[2022-07-30 23:54:50,825] {standard_task_runner.py:97} ERROR - Failed to execute job 1053 for task create_postgres_table (could not translate host name "host.docker.local " to address: Name or service not known
; 4838)
[2022-07-30 23:54:50,845] {local_task_job.py:156} INFO - Task exited with return code 1
[2022-07-30 23:54:50,906] {local_task_job.py:273} INFO - 0 downstream tasks scheduled from follow-on schedule check
[2022-07-31 10:36:05,031] {taskinstance.py:1159} INFO - Dependencies all met for <TaskInstance: dag_with_postgres_operator.create_postgres_table scheduled__2021-12-27T00:00:00+00:00 [queued]>
[2022-07-31 10:36:05,049] {taskinstance.py:1159} INFO - Dependencies all met for <TaskInstance: dag_with_postgres_operator.create_postgres_table scheduled__2021-12-27T00:00:00+00:00 [queued]>
[2022-07-31 10:36:05,049] {taskinstance.py:1356} INFO - 
--------------------------------------------------------------------------------
[2022-07-31 10:36:05,049] {taskinstance.py:1357} INFO - Starting attempt 3 of 6
[2022-07-31 10:36:05,049] {taskinstance.py:1358} INFO - 
--------------------------------------------------------------------------------
[2022-07-31 10:36:05,065] {taskinstance.py:1377} INFO - Executing <Task(PostgresOperator): create_postgres_table> on 2021-12-27 00:00:00+00:00
[2022-07-31 10:36:05,070] {standard_task_runner.py:52} INFO - Started process 3052 to run task
[2022-07-31 10:36:05,074] {standard_task_runner.py:79} INFO - Running: ['***', 'tasks', 'run', 'dag_with_postgres_operator', 'create_postgres_table', 'scheduled__2021-12-27T00:00:00+00:00', '--job-id', '1455', '--raw', '--subdir', 'DAGS_FOLDER/DAGWithPostgresOperator.py', '--cfg-path', '/tmp/tmptunn7p9z', '--error-file', '/tmp/tmpi3isloro']
[2022-07-31 10:36:05,075] {standard_task_runner.py:80} INFO - Job 1455: Subtask create_postgres_table
[2022-07-31 10:36:05,153] {task_command.py:369} INFO - Running <TaskInstance: dag_with_postgres_operator.create_postgres_table scheduled__2021-12-27T00:00:00+00:00 [running]> on host 66bf18ec08cc
[2022-07-31 10:36:05,265] {taskinstance.py:1571} INFO - Exporting the following env vars:
AIRFLOW_CTX_DAG_OWNER=yosr
AIRFLOW_CTX_DAG_ID=dag_with_postgres_operator
AIRFLOW_CTX_TASK_ID=create_postgres_table
AIRFLOW_CTX_EXECUTION_DATE=2021-12-27T00:00:00+00:00
AIRFLOW_CTX_TRY_NUMBER=3
AIRFLOW_CTX_DAG_RUN_ID=scheduled__2021-12-27T00:00:00+00:00
[2022-07-31 10:36:05,281] {base.py:68} INFO - Using connection ID 'postgres_localhost' for task execution.
[2022-07-31 10:36:05,283] {taskinstance.py:1889} ERROR - Task failed with exception
Traceback (most recent call last):
  File "/home/airflow/.local/lib/python3.7/site-packages/airflow/providers/postgres/operators/postgres.py", line 92, in execute
    self.hook.run(self.sql, self.autocommit, parameters=self.parameters)
  File "/home/airflow/.local/lib/python3.7/site-packages/airflow/hooks/dbapi.py", line 181, in run
    with closing(self.get_conn()) as conn:
  File "/home/airflow/.local/lib/python3.7/site-packages/airflow/providers/postgres/hooks/postgres.py", line 113, in get_conn
    self.conn = psycopg2.connect(**conn_args)
  File "/home/airflow/.local/lib/python3.7/site-packages/psycopg2/__init__.py", line 122, in connect
    conn = _connect(dsn, connection_factory=connection_factory, **kwasync)
psycopg2.OperationalError: could not translate host name "host.docker.internal " to address: Name or service not known

[2022-07-31 10:36:05,299] {taskinstance.py:1400} INFO - Marking task as UP_FOR_RETRY. dag_id=dag_with_postgres_operator, task_id=create_postgres_table, execution_date=20211227T000000, start_date=20220731T103605, end_date=20220731T103605
[2022-07-31 10:36:05,320] {standard_task_runner.py:97} ERROR - Failed to execute job 1455 for task create_postgres_table (could not translate host name "host.docker.internal " to address: Name or service not known
; 3052)
[2022-07-31 10:36:05,336] {local_task_job.py:156} INFO - Task exited with return code 1
[2022-07-31 10:36:05,396] {local_task_job.py:273} INFO - 0 downstream tasks scheduled from follow-on schedule check
[2022-07-31 10:48:13,394] {taskinstance.py:1159} INFO - Dependencies all met for <TaskInstance: dag_with_postgres_operator.create_postgres_table scheduled__2021-12-27T00:00:00+00:00 [queued]>
[2022-07-31 10:48:13,412] {taskinstance.py:1159} INFO - Dependencies all met for <TaskInstance: dag_with_postgres_operator.create_postgres_table scheduled__2021-12-27T00:00:00+00:00 [queued]>
[2022-07-31 10:48:13,412] {taskinstance.py:1356} INFO - 
--------------------------------------------------------------------------------
[2022-07-31 10:48:13,412] {taskinstance.py:1357} INFO - Starting attempt 3 of 6
[2022-07-31 10:48:13,412] {taskinstance.py:1358} INFO - 
--------------------------------------------------------------------------------
[2022-07-31 10:48:13,428] {taskinstance.py:1377} INFO - Executing <Task(PostgresOperator): create_postgres_table> on 2021-12-27 00:00:00+00:00
[2022-07-31 10:48:13,433] {standard_task_runner.py:52} INFO - Started process 3706 to run task
[2022-07-31 10:48:13,437] {standard_task_runner.py:79} INFO - Running: ['***', 'tasks', 'run', 'dag_with_postgres_operator', 'create_postgres_table', 'scheduled__2021-12-27T00:00:00+00:00', '--job-id', '1500', '--raw', '--subdir', 'DAGS_FOLDER/DAGWithPostgresOperator.py', '--cfg-path', '/tmp/tmpueqfw8cq', '--error-file', '/tmp/tmpwu337wkh']
[2022-07-31 10:48:13,438] {standard_task_runner.py:80} INFO - Job 1500: Subtask create_postgres_table
[2022-07-31 10:48:13,503] {task_command.py:369} INFO - Running <TaskInstance: dag_with_postgres_operator.create_postgres_table scheduled__2021-12-27T00:00:00+00:00 [running]> on host 66bf18ec08cc
[2022-07-31 10:48:13,581] {taskinstance.py:1571} INFO - Exporting the following env vars:
AIRFLOW_CTX_DAG_OWNER=yosr
AIRFLOW_CTX_DAG_ID=dag_with_postgres_operator
AIRFLOW_CTX_TASK_ID=create_postgres_table
AIRFLOW_CTX_EXECUTION_DATE=2021-12-27T00:00:00+00:00
AIRFLOW_CTX_TRY_NUMBER=3
AIRFLOW_CTX_DAG_RUN_ID=scheduled__2021-12-27T00:00:00+00:00
[2022-07-31 10:48:13,594] {base.py:68} INFO - Using connection ID 'postgres_localhost' for task execution.
[2022-07-31 10:48:13,595] {taskinstance.py:1889} ERROR - Task failed with exception
Traceback (most recent call last):
  File "/home/airflow/.local/lib/python3.7/site-packages/airflow/providers/postgres/operators/postgres.py", line 92, in execute
    self.hook.run(self.sql, self.autocommit, parameters=self.parameters)
  File "/home/airflow/.local/lib/python3.7/site-packages/airflow/hooks/dbapi.py", line 181, in run
    with closing(self.get_conn()) as conn:
  File "/home/airflow/.local/lib/python3.7/site-packages/airflow/providers/postgres/hooks/postgres.py", line 113, in get_conn
    self.conn = psycopg2.connect(**conn_args)
  File "/home/airflow/.local/lib/python3.7/site-packages/psycopg2/__init__.py", line 122, in connect
    conn = _connect(dsn, connection_factory=connection_factory, **kwasync)
psycopg2.OperationalError: could not translate host name "host.docker.internal " to address: Name or service not known

[2022-07-31 10:48:13,606] {taskinstance.py:1400} INFO - Marking task as UP_FOR_RETRY. dag_id=dag_with_postgres_operator, task_id=create_postgres_table, execution_date=20211227T000000, start_date=20220731T104813, end_date=20220731T104813
[2022-07-31 10:48:13,622] {standard_task_runner.py:97} ERROR - Failed to execute job 1500 for task create_postgres_table (could not translate host name "host.docker.internal " to address: Name or service not known
; 3706)
[2022-07-31 10:48:13,653] {local_task_job.py:156} INFO - Task exited with return code 1
[2022-07-31 10:48:13,838] {local_task_job.py:273} INFO - 0 downstream tasks scheduled from follow-on schedule check
[2022-07-31 13:19:58,499] {taskinstance.py:1159} INFO - Dependencies all met for <TaskInstance: dag_with_postgres_operator.create_postgres_table scheduled__2021-12-27T00:00:00+00:00 [queued]>
[2022-07-31 13:19:58,525] {taskinstance.py:1159} INFO - Dependencies all met for <TaskInstance: dag_with_postgres_operator.create_postgres_table scheduled__2021-12-27T00:00:00+00:00 [queued]>
[2022-07-31 13:19:58,526] {taskinstance.py:1356} INFO - 
--------------------------------------------------------------------------------
[2022-07-31 13:19:58,526] {taskinstance.py:1357} INFO - Starting attempt 3 of 6
[2022-07-31 13:19:58,526] {taskinstance.py:1358} INFO - 
--------------------------------------------------------------------------------
[2022-07-31 13:19:58,549] {taskinstance.py:1377} INFO - Executing <Task(PostgresOperator): create_postgres_table> on 2021-12-27 00:00:00+00:00
[2022-07-31 13:19:58,554] {standard_task_runner.py:52} INFO - Started process 1302 to run task
[2022-07-31 13:19:58,557] {standard_task_runner.py:79} INFO - Running: ['***', 'tasks', 'run', 'dag_with_postgres_operator', 'create_postgres_table', 'scheduled__2021-12-27T00:00:00+00:00', '--job-id', '42', '--raw', '--subdir', 'DAGS_FOLDER/DAGWithPostgresOperator.py', '--cfg-path', '/tmp/tmppx0j8adc', '--error-file', '/tmp/tmpr48p1uph']
[2022-07-31 13:19:58,558] {standard_task_runner.py:80} INFO - Job 42: Subtask create_postgres_table
[2022-07-31 13:19:58,646] {task_command.py:369} INFO - Running <TaskInstance: dag_with_postgres_operator.create_postgres_table scheduled__2021-12-27T00:00:00+00:00 [running]> on host 4688dd3b7141
[2022-07-31 13:19:58,757] {taskinstance.py:1571} INFO - Exporting the following env vars:
AIRFLOW_CTX_DAG_OWNER=yosr
AIRFLOW_CTX_DAG_ID=dag_with_postgres_operator
AIRFLOW_CTX_TASK_ID=create_postgres_table
AIRFLOW_CTX_EXECUTION_DATE=2021-12-27T00:00:00+00:00
AIRFLOW_CTX_TRY_NUMBER=3
AIRFLOW_CTX_DAG_RUN_ID=scheduled__2021-12-27T00:00:00+00:00
[2022-07-31 13:19:58,865] {taskinstance.py:1889} ERROR - Task failed with exception
Traceback (most recent call last):
  File "/home/airflow/.local/lib/python3.7/site-packages/airflow/providers/postgres/operators/postgres.py", line 92, in execute
    self.hook.run(self.sql, self.autocommit, parameters=self.parameters)
  File "/home/airflow/.local/lib/python3.7/site-packages/airflow/hooks/dbapi.py", line 181, in run
    with closing(self.get_conn()) as conn:
  File "/home/airflow/.local/lib/python3.7/site-packages/airflow/providers/postgres/hooks/postgres.py", line 86, in get_conn
    conn = deepcopy(self.connection or self.get_connection(conn_id))
  File "/home/airflow/.local/lib/python3.7/site-packages/airflow/hooks/base.py", line 67, in get_connection
    conn = Connection.get_connection_from_secrets(conn_id)
  File "/home/airflow/.local/lib/python3.7/site-packages/airflow/models/connection.py", line 430, in get_connection_from_secrets
    raise AirflowNotFoundException(f"The conn_id `{conn_id}` isn't defined")
airflow.exceptions.AirflowNotFoundException: The conn_id `postgres_localhost` isn't defined
[2022-07-31 13:19:58,871] {taskinstance.py:1400} INFO - Marking task as UP_FOR_RETRY. dag_id=dag_with_postgres_operator, task_id=create_postgres_table, execution_date=20211227T000000, start_date=20220731T131958, end_date=20220731T131958
[2022-07-31 13:19:58,890] {standard_task_runner.py:97} ERROR - Failed to execute job 42 for task create_postgres_table (The conn_id `postgres_localhost` isn't defined; 1302)
[2022-07-31 13:19:58,937] {local_task_job.py:156} INFO - Task exited with return code 1
[2022-07-31 13:19:59,004] {local_task_job.py:273} INFO - 0 downstream tasks scheduled from follow-on schedule check
