[2022-07-30 17:43:16,749] {taskinstance.py:1159} INFO - Dependencies all met for <TaskInstance: dag_with_postgres_operator.create_postgres_table scheduled__2021-12-27T00:00:00+00:00 [queued]>
[2022-07-30 17:43:16,799] {taskinstance.py:1159} INFO - Dependencies all met for <TaskInstance: dag_with_postgres_operator.create_postgres_table scheduled__2021-12-27T00:00:00+00:00 [queued]>
[2022-07-30 17:43:16,805] {taskinstance.py:1356} INFO - 
--------------------------------------------------------------------------------
[2022-07-30 17:43:16,805] {taskinstance.py:1357} INFO - Starting attempt 2 of 6
[2022-07-30 17:43:16,805] {taskinstance.py:1358} INFO - 
--------------------------------------------------------------------------------
[2022-07-30 17:43:16,936] {taskinstance.py:1377} INFO - Executing <Task(PostgresOperator): create_postgres_table> on 2021-12-27 00:00:00+00:00
[2022-07-30 17:43:16,974] {standard_task_runner.py:52} INFO - Started process 646 to run task
[2022-07-30 17:43:17,009] {standard_task_runner.py:79} INFO - Running: ['***', 'tasks', 'run', 'dag_with_postgres_operator', 'create_postgres_table', 'scheduled__2021-12-27T00:00:00+00:00', '--job-id', '27', '--raw', '--subdir', 'DAGS_FOLDER/DAGWithPostgresOperator.py', '--cfg-path', '/tmp/tmp6spcvqu5', '--error-file', '/tmp/tmpfamxwucr']
[2022-07-30 17:43:17,009] {standard_task_runner.py:80} INFO - Job 27: Subtask create_postgres_table
[2022-07-30 17:43:17,436] {task_command.py:369} INFO - Running <TaskInstance: dag_with_postgres_operator.create_postgres_table scheduled__2021-12-27T00:00:00+00:00 [running]> on host 66bf18ec08cc
[2022-07-30 17:43:17,995] {taskinstance.py:1571} INFO - Exporting the following env vars:
AIRFLOW_CTX_DAG_OWNER=yosr
AIRFLOW_CTX_DAG_ID=dag_with_postgres_operator
AIRFLOW_CTX_TASK_ID=create_postgres_table
AIRFLOW_CTX_EXECUTION_DATE=2021-12-27T00:00:00+00:00
AIRFLOW_CTX_TRY_NUMBER=2
AIRFLOW_CTX_DAG_RUN_ID=scheduled__2021-12-27T00:00:00+00:00
[2022-07-30 17:43:18,023] {base.py:68} INFO - Using connection ID 'postgres_localhost' for task execution.
[2022-07-30 17:43:33,052] {taskinstance.py:1889} ERROR - Task failed with exception
Traceback (most recent call last):
  File "/home/airflow/.local/lib/python3.7/site-packages/airflow/providers/postgres/operators/postgres.py", line 92, in execute
    self.hook.run(self.sql, self.autocommit, parameters=self.parameters)
  File "/home/airflow/.local/lib/python3.7/site-packages/airflow/hooks/dbapi.py", line 181, in run
    with closing(self.get_conn()) as conn:
  File "/home/airflow/.local/lib/python3.7/site-packages/airflow/providers/postgres/hooks/postgres.py", line 113, in get_conn
    self.conn = psycopg2.connect(**conn_args)
  File "/home/airflow/.local/lib/python3.7/site-packages/psycopg2/__init__.py", line 122, in connect
    conn = _connect(dsn, connection_factory=connection_factory, **kwasync)
psycopg2.OperationalError: could not translate host name "host.docker.local" to address: Temporary failure in name resolution

[2022-07-30 17:43:33,065] {taskinstance.py:1400} INFO - Marking task as UP_FOR_RETRY. dag_id=dag_with_postgres_operator, task_id=create_postgres_table, execution_date=20211227T000000, start_date=20220730T174316, end_date=20220730T174333
[2022-07-30 17:43:33,082] {standard_task_runner.py:97} ERROR - Failed to execute job 27 for task create_postgres_table (could not translate host name "host.docker.local" to address: Temporary failure in name resolution
; 646)
[2022-07-30 17:43:33,115] {local_task_job.py:156} INFO - Task exited with return code 1
[2022-07-30 17:43:33,161] {local_task_job.py:273} INFO - 0 downstream tasks scheduled from follow-on schedule check
[2022-07-30 23:49:48,661] {taskinstance.py:1159} INFO - Dependencies all met for <TaskInstance: dag_with_postgres_operator.create_postgres_table scheduled__2021-12-27T00:00:00+00:00 [queued]>
[2022-07-30 23:49:48,683] {taskinstance.py:1159} INFO - Dependencies all met for <TaskInstance: dag_with_postgres_operator.create_postgres_table scheduled__2021-12-27T00:00:00+00:00 [queued]>
[2022-07-30 23:49:48,683] {taskinstance.py:1356} INFO - 
--------------------------------------------------------------------------------
[2022-07-30 23:49:48,683] {taskinstance.py:1357} INFO - Starting attempt 2 of 6
[2022-07-30 23:49:48,683] {taskinstance.py:1358} INFO - 
--------------------------------------------------------------------------------
[2022-07-30 23:49:48,704] {taskinstance.py:1377} INFO - Executing <Task(PostgresOperator): create_postgres_table> on 2021-12-27 00:00:00+00:00
[2022-07-30 23:49:48,709] {standard_task_runner.py:52} INFO - Started process 4566 to run task
[2022-07-30 23:49:48,714] {standard_task_runner.py:79} INFO - Running: ['***', 'tasks', 'run', 'dag_with_postgres_operator', 'create_postgres_table', 'scheduled__2021-12-27T00:00:00+00:00', '--job-id', '1035', '--raw', '--subdir', 'DAGS_FOLDER/DAGWithPostgresOperator.py', '--cfg-path', '/tmp/tmpoed2dgmu', '--error-file', '/tmp/tmpsavy55wr']
[2022-07-30 23:49:48,715] {standard_task_runner.py:80} INFO - Job 1035: Subtask create_postgres_table
[2022-07-30 23:49:48,797] {task_command.py:369} INFO - Running <TaskInstance: dag_with_postgres_operator.create_postgres_table scheduled__2021-12-27T00:00:00+00:00 [running]> on host 66bf18ec08cc
[2022-07-30 23:49:48,895] {taskinstance.py:1571} INFO - Exporting the following env vars:
AIRFLOW_CTX_DAG_OWNER=yosr
AIRFLOW_CTX_DAG_ID=dag_with_postgres_operator
AIRFLOW_CTX_TASK_ID=create_postgres_table
AIRFLOW_CTX_EXECUTION_DATE=2021-12-27T00:00:00+00:00
AIRFLOW_CTX_TRY_NUMBER=2
AIRFLOW_CTX_DAG_RUN_ID=scheduled__2021-12-27T00:00:00+00:00
[2022-07-30 23:49:48,908] {base.py:68} INFO - Using connection ID 'postgres_localhost' for task execution.
[2022-07-30 23:49:48,910] {taskinstance.py:1889} ERROR - Task failed with exception
Traceback (most recent call last):
  File "/home/airflow/.local/lib/python3.7/site-packages/airflow/providers/postgres/operators/postgres.py", line 92, in execute
    self.hook.run(self.sql, self.autocommit, parameters=self.parameters)
  File "/home/airflow/.local/lib/python3.7/site-packages/airflow/hooks/dbapi.py", line 181, in run
    with closing(self.get_conn()) as conn:
  File "/home/airflow/.local/lib/python3.7/site-packages/airflow/providers/postgres/hooks/postgres.py", line 113, in get_conn
    self.conn = psycopg2.connect(**conn_args)
  File "/home/airflow/.local/lib/python3.7/site-packages/psycopg2/__init__.py", line 122, in connect
    conn = _connect(dsn, connection_factory=connection_factory, **kwasync)
psycopg2.OperationalError: could not translate host name "host.docker.local " to address: Name or service not known

[2022-07-30 23:49:48,923] {taskinstance.py:1400} INFO - Marking task as UP_FOR_RETRY. dag_id=dag_with_postgres_operator, task_id=create_postgres_table, execution_date=20211227T000000, start_date=20220730T234948, end_date=20220730T234948
[2022-07-30 23:49:48,938] {standard_task_runner.py:97} ERROR - Failed to execute job 1035 for task create_postgres_table (could not translate host name "host.docker.local " to address: Name or service not known
; 4566)
[2022-07-30 23:49:48,972] {local_task_job.py:156} INFO - Task exited with return code 1
[2022-07-30 23:49:49,089] {local_task_job.py:273} INFO - 0 downstream tasks scheduled from follow-on schedule check
[2022-07-31 10:31:03,719] {taskinstance.py:1159} INFO - Dependencies all met for <TaskInstance: dag_with_postgres_operator.create_postgres_table scheduled__2021-12-27T00:00:00+00:00 [queued]>
[2022-07-31 10:31:03,744] {taskinstance.py:1159} INFO - Dependencies all met for <TaskInstance: dag_with_postgres_operator.create_postgres_table scheduled__2021-12-27T00:00:00+00:00 [queued]>
[2022-07-31 10:31:03,745] {taskinstance.py:1356} INFO - 
--------------------------------------------------------------------------------
[2022-07-31 10:31:03,745] {taskinstance.py:1357} INFO - Starting attempt 2 of 6
[2022-07-31 10:31:03,745] {taskinstance.py:1358} INFO - 
--------------------------------------------------------------------------------
[2022-07-31 10:31:03,774] {taskinstance.py:1377} INFO - Executing <Task(PostgresOperator): create_postgres_table> on 2021-12-27 00:00:00+00:00
[2022-07-31 10:31:03,780] {standard_task_runner.py:52} INFO - Started process 2788 to run task
[2022-07-31 10:31:03,786] {standard_task_runner.py:79} INFO - Running: ['***', 'tasks', 'run', 'dag_with_postgres_operator', 'create_postgres_table', 'scheduled__2021-12-27T00:00:00+00:00', '--job-id', '1437', '--raw', '--subdir', 'DAGS_FOLDER/DAGWithPostgresOperator.py', '--cfg-path', '/tmp/tmpfzo1ywzj', '--error-file', '/tmp/tmp_11xqu1m']
[2022-07-31 10:31:03,787] {standard_task_runner.py:80} INFO - Job 1437: Subtask create_postgres_table
[2022-07-31 10:31:03,868] {task_command.py:369} INFO - Running <TaskInstance: dag_with_postgres_operator.create_postgres_table scheduled__2021-12-27T00:00:00+00:00 [running]> on host 66bf18ec08cc
[2022-07-31 10:31:03,963] {taskinstance.py:1571} INFO - Exporting the following env vars:
AIRFLOW_CTX_DAG_OWNER=yosr
AIRFLOW_CTX_DAG_ID=dag_with_postgres_operator
AIRFLOW_CTX_TASK_ID=create_postgres_table
AIRFLOW_CTX_EXECUTION_DATE=2021-12-27T00:00:00+00:00
AIRFLOW_CTX_TRY_NUMBER=2
AIRFLOW_CTX_DAG_RUN_ID=scheduled__2021-12-27T00:00:00+00:00
[2022-07-31 10:31:03,975] {base.py:68} INFO - Using connection ID 'postgres_localhost' for task execution.
[2022-07-31 10:31:03,976] {taskinstance.py:1889} ERROR - Task failed with exception
Traceback (most recent call last):
  File "/home/airflow/.local/lib/python3.7/site-packages/airflow/providers/postgres/operators/postgres.py", line 92, in execute
    self.hook.run(self.sql, self.autocommit, parameters=self.parameters)
  File "/home/airflow/.local/lib/python3.7/site-packages/airflow/hooks/dbapi.py", line 181, in run
    with closing(self.get_conn()) as conn:
  File "/home/airflow/.local/lib/python3.7/site-packages/airflow/providers/postgres/hooks/postgres.py", line 113, in get_conn
    self.conn = psycopg2.connect(**conn_args)
  File "/home/airflow/.local/lib/python3.7/site-packages/psycopg2/__init__.py", line 122, in connect
    conn = _connect(dsn, connection_factory=connection_factory, **kwasync)
psycopg2.OperationalError: could not translate host name "host.docker.local " to address: Name or service not known

[2022-07-31 10:31:03,989] {taskinstance.py:1400} INFO - Marking task as UP_FOR_RETRY. dag_id=dag_with_postgres_operator, task_id=create_postgres_table, execution_date=20211227T000000, start_date=20220731T103103, end_date=20220731T103103
[2022-07-31 10:31:04,012] {standard_task_runner.py:97} ERROR - Failed to execute job 1437 for task create_postgres_table (could not translate host name "host.docker.local " to address: Name or service not known
; 2788)
[2022-07-31 10:31:04,047] {local_task_job.py:156} INFO - Task exited with return code 1
[2022-07-31 10:31:04,111] {local_task_job.py:273} INFO - 0 downstream tasks scheduled from follow-on schedule check
[2022-07-31 10:43:12,791] {taskinstance.py:1159} INFO - Dependencies all met for <TaskInstance: dag_with_postgres_operator.create_postgres_table scheduled__2021-12-27T00:00:00+00:00 [queued]>
[2022-07-31 10:43:12,811] {taskinstance.py:1159} INFO - Dependencies all met for <TaskInstance: dag_with_postgres_operator.create_postgres_table scheduled__2021-12-27T00:00:00+00:00 [queued]>
[2022-07-31 10:43:12,811] {taskinstance.py:1356} INFO - 
--------------------------------------------------------------------------------
[2022-07-31 10:43:12,811] {taskinstance.py:1357} INFO - Starting attempt 2 of 6
[2022-07-31 10:43:12,811] {taskinstance.py:1358} INFO - 
--------------------------------------------------------------------------------
[2022-07-31 10:43:12,832] {taskinstance.py:1377} INFO - Executing <Task(PostgresOperator): create_postgres_table> on 2021-12-27 00:00:00+00:00
[2022-07-31 10:43:12,837] {standard_task_runner.py:52} INFO - Started process 3436 to run task
[2022-07-31 10:43:12,841] {standard_task_runner.py:79} INFO - Running: ['***', 'tasks', 'run', 'dag_with_postgres_operator', 'create_postgres_table', 'scheduled__2021-12-27T00:00:00+00:00', '--job-id', '1485', '--raw', '--subdir', 'DAGS_FOLDER/DAGWithPostgresOperator.py', '--cfg-path', '/tmp/tmp9kq9mm7d', '--error-file', '/tmp/tmprp8ov4va']
[2022-07-31 10:43:12,842] {standard_task_runner.py:80} INFO - Job 1485: Subtask create_postgres_table
[2022-07-31 10:43:12,911] {task_command.py:369} INFO - Running <TaskInstance: dag_with_postgres_operator.create_postgres_table scheduled__2021-12-27T00:00:00+00:00 [running]> on host 66bf18ec08cc
[2022-07-31 10:43:13,005] {taskinstance.py:1571} INFO - Exporting the following env vars:
AIRFLOW_CTX_DAG_OWNER=yosr
AIRFLOW_CTX_DAG_ID=dag_with_postgres_operator
AIRFLOW_CTX_TASK_ID=create_postgres_table
AIRFLOW_CTX_EXECUTION_DATE=2021-12-27T00:00:00+00:00
AIRFLOW_CTX_TRY_NUMBER=2
AIRFLOW_CTX_DAG_RUN_ID=scheduled__2021-12-27T00:00:00+00:00
[2022-07-31 10:43:13,017] {base.py:68} INFO - Using connection ID 'postgres_localhost' for task execution.
[2022-07-31 10:43:13,018] {taskinstance.py:1889} ERROR - Task failed with exception
Traceback (most recent call last):
  File "/home/airflow/.local/lib/python3.7/site-packages/airflow/providers/postgres/operators/postgres.py", line 92, in execute
    self.hook.run(self.sql, self.autocommit, parameters=self.parameters)
  File "/home/airflow/.local/lib/python3.7/site-packages/airflow/hooks/dbapi.py", line 181, in run
    with closing(self.get_conn()) as conn:
  File "/home/airflow/.local/lib/python3.7/site-packages/airflow/providers/postgres/hooks/postgres.py", line 113, in get_conn
    self.conn = psycopg2.connect(**conn_args)
  File "/home/airflow/.local/lib/python3.7/site-packages/psycopg2/__init__.py", line 122, in connect
    conn = _connect(dsn, connection_factory=connection_factory, **kwasync)
psycopg2.OperationalError: could not translate host name "host.docker.internal " to address: Name or service not known

[2022-07-31 10:43:13,031] {taskinstance.py:1400} INFO - Marking task as UP_FOR_RETRY. dag_id=dag_with_postgres_operator, task_id=create_postgres_table, execution_date=20211227T000000, start_date=20220731T104312, end_date=20220731T104313
[2022-07-31 10:43:13,046] {standard_task_runner.py:97} ERROR - Failed to execute job 1485 for task create_postgres_table (could not translate host name "host.docker.internal " to address: Name or service not known
; 3436)
[2022-07-31 10:43:13,059] {local_task_job.py:156} INFO - Task exited with return code 1
[2022-07-31 10:43:13,169] {local_task_job.py:273} INFO - 0 downstream tasks scheduled from follow-on schedule check
[2022-07-31 13:14:57,267] {taskinstance.py:1159} INFO - Dependencies all met for <TaskInstance: dag_with_postgres_operator.create_postgres_table scheduled__2021-12-27T00:00:00+00:00 [queued]>
[2022-07-31 13:14:57,287] {taskinstance.py:1159} INFO - Dependencies all met for <TaskInstance: dag_with_postgres_operator.create_postgres_table scheduled__2021-12-27T00:00:00+00:00 [queued]>
[2022-07-31 13:14:57,288] {taskinstance.py:1356} INFO - 
--------------------------------------------------------------------------------
[2022-07-31 13:14:57,288] {taskinstance.py:1357} INFO - Starting attempt 2 of 6
[2022-07-31 13:14:57,288] {taskinstance.py:1358} INFO - 
--------------------------------------------------------------------------------
[2022-07-31 13:14:57,311] {taskinstance.py:1377} INFO - Executing <Task(PostgresOperator): create_postgres_table> on 2021-12-27 00:00:00+00:00
[2022-07-31 13:14:57,318] {standard_task_runner.py:52} INFO - Started process 1042 to run task
[2022-07-31 13:14:57,321] {standard_task_runner.py:79} INFO - Running: ['***', 'tasks', 'run', 'dag_with_postgres_operator', 'create_postgres_table', 'scheduled__2021-12-27T00:00:00+00:00', '--job-id', '26', '--raw', '--subdir', 'DAGS_FOLDER/DAGWithPostgresOperator.py', '--cfg-path', '/tmp/tmpfqygkesk', '--error-file', '/tmp/tmpi1y7nl7e']
[2022-07-31 13:14:57,322] {standard_task_runner.py:80} INFO - Job 26: Subtask create_postgres_table
[2022-07-31 13:14:57,424] {task_command.py:369} INFO - Running <TaskInstance: dag_with_postgres_operator.create_postgres_table scheduled__2021-12-27T00:00:00+00:00 [running]> on host 4688dd3b7141
[2022-07-31 13:14:57,542] {taskinstance.py:1571} INFO - Exporting the following env vars:
AIRFLOW_CTX_DAG_OWNER=yosr
AIRFLOW_CTX_DAG_ID=dag_with_postgres_operator
AIRFLOW_CTX_TASK_ID=create_postgres_table
AIRFLOW_CTX_EXECUTION_DATE=2021-12-27T00:00:00+00:00
AIRFLOW_CTX_TRY_NUMBER=2
AIRFLOW_CTX_DAG_RUN_ID=scheduled__2021-12-27T00:00:00+00:00
[2022-07-31 13:14:57,645] {taskinstance.py:1889} ERROR - Task failed with exception
Traceback (most recent call last):
  File "/home/airflow/.local/lib/python3.7/site-packages/airflow/providers/postgres/operators/postgres.py", line 92, in execute
    self.hook.run(self.sql, self.autocommit, parameters=self.parameters)
  File "/home/airflow/.local/lib/python3.7/site-packages/airflow/hooks/dbapi.py", line 181, in run
    with closing(self.get_conn()) as conn:
  File "/home/airflow/.local/lib/python3.7/site-packages/airflow/providers/postgres/hooks/postgres.py", line 86, in get_conn
    conn = deepcopy(self.connection or self.get_connection(conn_id))
  File "/home/airflow/.local/lib/python3.7/site-packages/airflow/hooks/base.py", line 67, in get_connection
    conn = Connection.get_connection_from_secrets(conn_id)
  File "/home/airflow/.local/lib/python3.7/site-packages/airflow/models/connection.py", line 430, in get_connection_from_secrets
    raise AirflowNotFoundException(f"The conn_id `{conn_id}` isn't defined")
airflow.exceptions.AirflowNotFoundException: The conn_id `postgres_localhost` isn't defined
[2022-07-31 13:14:57,650] {taskinstance.py:1400} INFO - Marking task as UP_FOR_RETRY. dag_id=dag_with_postgres_operator, task_id=create_postgres_table, execution_date=20211227T000000, start_date=20220731T131457, end_date=20220731T131457
[2022-07-31 13:14:57,670] {standard_task_runner.py:97} ERROR - Failed to execute job 26 for task create_postgres_table (The conn_id `postgres_localhost` isn't defined; 1042)
[2022-07-31 13:14:57,703] {local_task_job.py:156} INFO - Task exited with return code 1
[2022-07-31 13:14:57,770] {local_task_job.py:273} INFO - 0 downstream tasks scheduled from follow-on schedule check
