[2022-07-29 11:41:40,706] {taskinstance.py:1159} INFO - Dependencies all met for <TaskInstance: dag_with_python_operator.get_name scheduled__2021-11-30T00:00:00+00:00 [queued]>
[2022-07-29 11:41:40,727] {taskinstance.py:1159} INFO - Dependencies all met for <TaskInstance: dag_with_python_operator.get_name scheduled__2021-11-30T00:00:00+00:00 [queued]>
[2022-07-29 11:41:40,728] {taskinstance.py:1356} INFO - 
--------------------------------------------------------------------------------
[2022-07-29 11:41:40,728] {taskinstance.py:1357} INFO - Starting attempt 1 of 6
[2022-07-29 11:41:40,728] {taskinstance.py:1358} INFO - 
--------------------------------------------------------------------------------
[2022-07-29 11:41:40,750] {taskinstance.py:1377} INFO - Executing <Task(PythonOperator): get_name> on 2021-11-30 00:00:00+00:00
[2022-07-29 11:41:40,754] {standard_task_runner.py:52} INFO - Started process 6033 to run task
[2022-07-29 11:41:40,757] {standard_task_runner.py:79} INFO - Running: ['***', 'tasks', 'run', 'dag_with_python_operator', 'get_name', 'scheduled__2021-11-30T00:00:00+00:00', '--job-id', '569', '--raw', '--subdir', 'DAGS_FOLDER/CreateDagWithPythonOperator.py', '--cfg-path', '/tmp/tmpvmnn4xar', '--error-file', '/tmp/tmpnxbh5qat']
[2022-07-29 11:41:40,757] {standard_task_runner.py:80} INFO - Job 569: Subtask get_name
[2022-07-29 11:41:40,834] {task_command.py:369} INFO - Running <TaskInstance: dag_with_python_operator.get_name scheduled__2021-11-30T00:00:00+00:00 [running]> on host 9f0f006fc89d
[2022-07-29 11:41:40,933] {taskinstance.py:1571} INFO - Exporting the following env vars:
AIRFLOW_CTX_DAG_OWNER=yosr
AIRFLOW_CTX_DAG_ID=dag_with_python_operator
AIRFLOW_CTX_TASK_ID=get_name
AIRFLOW_CTX_EXECUTION_DATE=2021-11-30T00:00:00+00:00
AIRFLOW_CTX_TRY_NUMBER=1
AIRFLOW_CTX_DAG_RUN_ID=scheduled__2021-11-30T00:00:00+00:00
[2022-07-29 11:41:40,969] {python.py:173} INFO - Done. Returned value was: None
[2022-07-29 11:41:40,987] {taskinstance.py:1400} INFO - Marking task as SUCCESS. dag_id=dag_with_python_operator, task_id=get_name, execution_date=20211130T000000, start_date=20220729T114140, end_date=20220729T114140
[2022-07-29 11:41:41,017] {local_task_job.py:156} INFO - Task exited with return code 0
[2022-07-29 11:41:41,071] {local_task_job.py:273} INFO - 1 downstream tasks scheduled from follow-on schedule check
