[2022-07-30 18:59:17,312] {taskinstance.py:1159} INFO - Dependencies all met for <TaskInstance: dag_with_postgres_operator.create_postgres_table scheduled__2022-02-10T00:00:00+00:00 [queued]>
[2022-07-30 18:59:17,326] {taskinstance.py:1159} INFO - Dependencies all met for <TaskInstance: dag_with_postgres_operator.create_postgres_table scheduled__2022-02-10T00:00:00+00:00 [queued]>
[2022-07-30 18:59:17,327] {taskinstance.py:1356} INFO - 
--------------------------------------------------------------------------------
[2022-07-30 18:59:17,327] {taskinstance.py:1357} INFO - Starting attempt 2 of 6
[2022-07-30 18:59:17,327] {taskinstance.py:1358} INFO - 
--------------------------------------------------------------------------------
[2022-07-30 18:59:17,342] {taskinstance.py:1377} INFO - Executing <Task(PostgresOperator): create_postgres_table> on 2022-02-10 00:00:00+00:00
[2022-07-30 18:59:17,346] {standard_task_runner.py:52} INFO - Started process 4724 to run task
[2022-07-30 18:59:17,349] {standard_task_runner.py:79} INFO - Running: ['***', 'tasks', 'run', 'dag_with_postgres_operator', 'create_postgres_table', 'scheduled__2022-02-10T00:00:00+00:00', '--job-id', '312', '--raw', '--subdir', 'DAGS_FOLDER/DAGWithPostgresOperator.py', '--cfg-path', '/tmp/tmpiml_v533', '--error-file', '/tmp/tmpr6s01s6d']
[2022-07-30 18:59:17,350] {standard_task_runner.py:80} INFO - Job 312: Subtask create_postgres_table
[2022-07-30 18:59:17,410] {task_command.py:369} INFO - Running <TaskInstance: dag_with_postgres_operator.create_postgres_table scheduled__2022-02-10T00:00:00+00:00 [running]> on host 66bf18ec08cc
[2022-07-30 18:59:17,486] {taskinstance.py:1571} INFO - Exporting the following env vars:
AIRFLOW_CTX_DAG_OWNER=yosr
AIRFLOW_CTX_DAG_ID=dag_with_postgres_operator
AIRFLOW_CTX_TASK_ID=create_postgres_table
AIRFLOW_CTX_EXECUTION_DATE=2022-02-10T00:00:00+00:00
AIRFLOW_CTX_TRY_NUMBER=2
AIRFLOW_CTX_DAG_RUN_ID=scheduled__2022-02-10T00:00:00+00:00
[2022-07-30 18:59:17,496] {base.py:68} INFO - Using connection ID 'postgres_localhost' for task execution.
[2022-07-30 18:59:17,497] {taskinstance.py:1889} ERROR - Task failed with exception
Traceback (most recent call last):
  File "/home/airflow/.local/lib/python3.7/site-packages/airflow/providers/postgres/operators/postgres.py", line 92, in execute
    self.hook.run(self.sql, self.autocommit, parameters=self.parameters)
  File "/home/airflow/.local/lib/python3.7/site-packages/airflow/hooks/dbapi.py", line 181, in run
    with closing(self.get_conn()) as conn:
  File "/home/airflow/.local/lib/python3.7/site-packages/airflow/providers/postgres/hooks/postgres.py", line 113, in get_conn
    self.conn = psycopg2.connect(**conn_args)
  File "/home/airflow/.local/lib/python3.7/site-packages/psycopg2/__init__.py", line 122, in connect
    conn = _connect(dsn, connection_factory=connection_factory, **kwasync)
psycopg2.OperationalError: could not translate host name "host.docker.internal " to address: Name or service not known

[2022-07-30 18:59:17,507] {taskinstance.py:1400} INFO - Marking task as UP_FOR_RETRY. dag_id=dag_with_postgres_operator, task_id=create_postgres_table, execution_date=20220210T000000, start_date=20220730T185917, end_date=20220730T185917
[2022-07-30 18:59:17,519] {standard_task_runner.py:97} ERROR - Failed to execute job 312 for task create_postgres_table (could not translate host name "host.docker.internal " to address: Name or service not known
; 4724)
[2022-07-30 18:59:17,526] {local_task_job.py:156} INFO - Task exited with return code 1
[2022-07-30 18:59:17,629] {local_task_job.py:273} INFO - 0 downstream tasks scheduled from follow-on schedule check
[2022-07-31 10:01:33,396] {taskinstance.py:1159} INFO - Dependencies all met for <TaskInstance: dag_with_postgres_operator.create_postgres_table scheduled__2022-02-10T00:00:00+00:00 [queued]>
[2022-07-31 10:01:33,415] {taskinstance.py:1159} INFO - Dependencies all met for <TaskInstance: dag_with_postgres_operator.create_postgres_table scheduled__2022-02-10T00:00:00+00:00 [queued]>
[2022-07-31 10:01:33,415] {taskinstance.py:1356} INFO - 
--------------------------------------------------------------------------------
[2022-07-31 10:01:33,415] {taskinstance.py:1357} INFO - Starting attempt 2 of 6
[2022-07-31 10:01:33,415] {taskinstance.py:1358} INFO - 
--------------------------------------------------------------------------------
[2022-07-31 10:01:33,444] {taskinstance.py:1377} INFO - Executing <Task(PostgresOperator): create_postgres_table> on 2022-02-10 00:00:00+00:00
[2022-07-31 10:01:33,449] {standard_task_runner.py:52} INFO - Started process 1196 to run task
[2022-07-31 10:01:33,454] {standard_task_runner.py:79} INFO - Running: ['***', 'tasks', 'run', 'dag_with_postgres_operator', 'create_postgres_table', 'scheduled__2022-02-10T00:00:00+00:00', '--job-id', '1321', '--raw', '--subdir', 'DAGS_FOLDER/DAGWithPostgresOperator.py', '--cfg-path', '/tmp/tmpdcmcwjlo', '--error-file', '/tmp/tmpzunrayfm']
[2022-07-31 10:01:33,454] {standard_task_runner.py:80} INFO - Job 1321: Subtask create_postgres_table
[2022-07-31 10:01:33,563] {task_command.py:369} INFO - Running <TaskInstance: dag_with_postgres_operator.create_postgres_table scheduled__2022-02-10T00:00:00+00:00 [running]> on host 66bf18ec08cc
[2022-07-31 10:01:33,702] {taskinstance.py:1571} INFO - Exporting the following env vars:
AIRFLOW_CTX_DAG_OWNER=yosr
AIRFLOW_CTX_DAG_ID=dag_with_postgres_operator
AIRFLOW_CTX_TASK_ID=create_postgres_table
AIRFLOW_CTX_EXECUTION_DATE=2022-02-10T00:00:00+00:00
AIRFLOW_CTX_TRY_NUMBER=2
AIRFLOW_CTX_DAG_RUN_ID=scheduled__2022-02-10T00:00:00+00:00
[2022-07-31 10:01:33,714] {base.py:68} INFO - Using connection ID 'postgres_localhost' for task execution.
[2022-07-31 10:01:33,715] {taskinstance.py:1889} ERROR - Task failed with exception
Traceback (most recent call last):
  File "/home/airflow/.local/lib/python3.7/site-packages/airflow/providers/postgres/operators/postgres.py", line 92, in execute
    self.hook.run(self.sql, self.autocommit, parameters=self.parameters)
  File "/home/airflow/.local/lib/python3.7/site-packages/airflow/hooks/dbapi.py", line 181, in run
    with closing(self.get_conn()) as conn:
  File "/home/airflow/.local/lib/python3.7/site-packages/airflow/providers/postgres/hooks/postgres.py", line 113, in get_conn
    self.conn = psycopg2.connect(**conn_args)
  File "/home/airflow/.local/lib/python3.7/site-packages/psycopg2/__init__.py", line 122, in connect
    conn = _connect(dsn, connection_factory=connection_factory, **kwasync)
psycopg2.OperationalError: could not translate host name "host.docker.local " to address: Name or service not known

[2022-07-31 10:01:33,728] {taskinstance.py:1400} INFO - Marking task as UP_FOR_RETRY. dag_id=dag_with_postgres_operator, task_id=create_postgres_table, execution_date=20220210T000000, start_date=20220731T100133, end_date=20220731T100133
[2022-07-31 10:01:33,755] {standard_task_runner.py:97} ERROR - Failed to execute job 1321 for task create_postgres_table (could not translate host name "host.docker.local " to address: Name or service not known
; 1196)
[2022-07-31 10:01:33,766] {local_task_job.py:156} INFO - Task exited with return code 1
[2022-07-31 10:01:33,875] {local_task_job.py:273} INFO - 0 downstream tasks scheduled from follow-on schedule check
[2022-07-31 14:30:36,404] {taskinstance.py:1159} INFO - Dependencies all met for <TaskInstance: dag_with_postgres_operator.create_postgres_table scheduled__2022-02-10T00:00:00+00:00 [queued]>
[2022-07-31 14:30:36,423] {taskinstance.py:1159} INFO - Dependencies all met for <TaskInstance: dag_with_postgres_operator.create_postgres_table scheduled__2022-02-10T00:00:00+00:00 [queued]>
[2022-07-31 14:30:36,423] {taskinstance.py:1356} INFO - 
--------------------------------------------------------------------------------
[2022-07-31 14:30:36,424] {taskinstance.py:1357} INFO - Starting attempt 2 of 6
[2022-07-31 14:30:36,424] {taskinstance.py:1358} INFO - 
--------------------------------------------------------------------------------
[2022-07-31 14:30:36,444] {taskinstance.py:1377} INFO - Executing <Task(PostgresOperator): create_postgres_table> on 2022-02-10 00:00:00+00:00
[2022-07-31 14:30:36,449] {standard_task_runner.py:52} INFO - Started process 5117 to run task
[2022-07-31 14:30:36,452] {standard_task_runner.py:79} INFO - Running: ['***', 'tasks', 'run', 'dag_with_postgres_operator', 'create_postgres_table', 'scheduled__2022-02-10T00:00:00+00:00', '--job-id', '310', '--raw', '--subdir', 'DAGS_FOLDER/DAGWithPostgresOperator.py', '--cfg-path', '/tmp/tmped0b4nm0', '--error-file', '/tmp/tmp23ltps5r']
[2022-07-31 14:30:36,453] {standard_task_runner.py:80} INFO - Job 310: Subtask create_postgres_table
[2022-07-31 14:30:36,538] {task_command.py:369} INFO - Running <TaskInstance: dag_with_postgres_operator.create_postgres_table scheduled__2022-02-10T00:00:00+00:00 [running]> on host 4688dd3b7141
[2022-07-31 14:30:36,655] {taskinstance.py:1571} INFO - Exporting the following env vars:
AIRFLOW_CTX_DAG_OWNER=yosr
AIRFLOW_CTX_DAG_ID=dag_with_postgres_operator
AIRFLOW_CTX_TASK_ID=create_postgres_table
AIRFLOW_CTX_EXECUTION_DATE=2022-02-10T00:00:00+00:00
AIRFLOW_CTX_TRY_NUMBER=2
AIRFLOW_CTX_DAG_RUN_ID=scheduled__2022-02-10T00:00:00+00:00
[2022-07-31 14:30:36,701] {taskinstance.py:1889} ERROR - Task failed with exception
Traceback (most recent call last):
  File "/home/airflow/.local/lib/python3.7/site-packages/airflow/providers/postgres/operators/postgres.py", line 92, in execute
    self.hook.run(self.sql, self.autocommit, parameters=self.parameters)
  File "/home/airflow/.local/lib/python3.7/site-packages/airflow/hooks/dbapi.py", line 181, in run
    with closing(self.get_conn()) as conn:
  File "/home/airflow/.local/lib/python3.7/site-packages/airflow/providers/postgres/hooks/postgres.py", line 86, in get_conn
    conn = deepcopy(self.connection or self.get_connection(conn_id))
  File "/home/airflow/.local/lib/python3.7/site-packages/airflow/hooks/base.py", line 67, in get_connection
    conn = Connection.get_connection_from_secrets(conn_id)
  File "/home/airflow/.local/lib/python3.7/site-packages/airflow/models/connection.py", line 430, in get_connection_from_secrets
    raise AirflowNotFoundException(f"The conn_id `{conn_id}` isn't defined")
airflow.exceptions.AirflowNotFoundException: The conn_id `postgres_localhost` isn't defined
[2022-07-31 14:30:36,708] {taskinstance.py:1400} INFO - Marking task as UP_FOR_RETRY. dag_id=dag_with_postgres_operator, task_id=create_postgres_table, execution_date=20220210T000000, start_date=20220731T143036, end_date=20220731T143036
[2022-07-31 14:30:36,730] {standard_task_runner.py:97} ERROR - Failed to execute job 310 for task create_postgres_table (The conn_id `postgres_localhost` isn't defined; 5117)
[2022-07-31 14:30:36,753] {local_task_job.py:156} INFO - Task exited with return code 1
[2022-07-31 14:30:36,818] {local_task_job.py:273} INFO - 0 downstream tasks scheduled from follow-on schedule check
