[2022-07-30 18:29:00,894] {taskinstance.py:1159} INFO - Dependencies all met for <TaskInstance: dag_with_postgres_operator.create_postgres_table scheduled__2022-01-27T00:00:00+00:00 [queued]>
[2022-07-30 18:29:00,913] {taskinstance.py:1159} INFO - Dependencies all met for <TaskInstance: dag_with_postgres_operator.create_postgres_table scheduled__2022-01-27T00:00:00+00:00 [queued]>
[2022-07-30 18:29:00,913] {taskinstance.py:1356} INFO - 
--------------------------------------------------------------------------------
[2022-07-30 18:29:00,913] {taskinstance.py:1357} INFO - Starting attempt 1 of 6
[2022-07-30 18:29:00,913] {taskinstance.py:1358} INFO - 
--------------------------------------------------------------------------------
[2022-07-30 18:29:00,937] {taskinstance.py:1377} INFO - Executing <Task(PostgresOperator): create_postgres_table> on 2022-01-27 00:00:00+00:00
[2022-07-30 18:29:00,941] {standard_task_runner.py:52} INFO - Started process 3094 to run task
[2022-07-30 18:29:00,946] {standard_task_runner.py:79} INFO - Running: ['***', 'tasks', 'run', 'dag_with_postgres_operator', 'create_postgres_table', 'scheduled__2022-01-27T00:00:00+00:00', '--job-id', '202', '--raw', '--subdir', 'DAGS_FOLDER/DAGWithPostgresOperator.py', '--cfg-path', '/tmp/tmp0ehew4ec', '--error-file', '/tmp/tmpvyw_xiui']
[2022-07-30 18:29:00,946] {standard_task_runner.py:80} INFO - Job 202: Subtask create_postgres_table
[2022-07-30 18:29:01,024] {task_command.py:369} INFO - Running <TaskInstance: dag_with_postgres_operator.create_postgres_table scheduled__2022-01-27T00:00:00+00:00 [running]> on host 66bf18ec08cc
[2022-07-30 18:29:01,156] {taskinstance.py:1571} INFO - Exporting the following env vars:
AIRFLOW_CTX_DAG_OWNER=yosr
AIRFLOW_CTX_DAG_ID=dag_with_postgres_operator
AIRFLOW_CTX_TASK_ID=create_postgres_table
AIRFLOW_CTX_EXECUTION_DATE=2022-01-27T00:00:00+00:00
AIRFLOW_CTX_TRY_NUMBER=1
AIRFLOW_CTX_DAG_RUN_ID=scheduled__2022-01-27T00:00:00+00:00
[2022-07-30 18:29:01,174] {base.py:68} INFO - Using connection ID 'postgres_localhost' for task execution.
[2022-07-30 18:29:01,174] {taskinstance.py:1889} ERROR - Task failed with exception
Traceback (most recent call last):
  File "/home/airflow/.local/lib/python3.7/site-packages/airflow/providers/postgres/operators/postgres.py", line 92, in execute
    self.hook.run(self.sql, self.autocommit, parameters=self.parameters)
  File "/home/airflow/.local/lib/python3.7/site-packages/airflow/hooks/dbapi.py", line 181, in run
    with closing(self.get_conn()) as conn:
  File "/home/airflow/.local/lib/python3.7/site-packages/airflow/providers/postgres/hooks/postgres.py", line 113, in get_conn
    self.conn = psycopg2.connect(**conn_args)
  File "/home/airflow/.local/lib/python3.7/site-packages/psycopg2/__init__.py", line 122, in connect
    conn = _connect(dsn, connection_factory=connection_factory, **kwasync)
psycopg2.OperationalError: could not translate host name "host.docker.internal " to address: Name or service not known

[2022-07-30 18:29:01,186] {taskinstance.py:1400} INFO - Marking task as UP_FOR_RETRY. dag_id=dag_with_postgres_operator, task_id=create_postgres_table, execution_date=20220127T000000, start_date=20220730T182900, end_date=20220730T182901
[2022-07-30 18:29:01,209] {standard_task_runner.py:97} ERROR - Failed to execute job 202 for task create_postgres_table (could not translate host name "host.docker.internal " to address: Name or service not known
; 3094)
[2022-07-30 18:29:01,245] {local_task_job.py:156} INFO - Task exited with return code 1
[2022-07-30 18:29:01,310] {local_task_job.py:273} INFO - 0 downstream tasks scheduled from follow-on schedule check
[2022-07-31 00:35:18,486] {taskinstance.py:1159} INFO - Dependencies all met for <TaskInstance: dag_with_postgres_operator.create_postgres_table scheduled__2022-01-27T00:00:00+00:00 [queued]>
[2022-07-31 00:35:18,506] {taskinstance.py:1159} INFO - Dependencies all met for <TaskInstance: dag_with_postgres_operator.create_postgres_table scheduled__2022-01-27T00:00:00+00:00 [queued]>
[2022-07-31 00:35:18,506] {taskinstance.py:1356} INFO - 
--------------------------------------------------------------------------------
[2022-07-31 00:35:18,507] {taskinstance.py:1357} INFO - Starting attempt 1 of 6
[2022-07-31 00:35:18,507] {taskinstance.py:1358} INFO - 
--------------------------------------------------------------------------------
[2022-07-31 00:35:18,529] {taskinstance.py:1377} INFO - Executing <Task(PostgresOperator): create_postgres_table> on 2022-01-27 00:00:00+00:00
[2022-07-31 00:35:18,534] {standard_task_runner.py:52} INFO - Started process 7025 to run task
[2022-07-31 00:35:18,538] {standard_task_runner.py:79} INFO - Running: ['***', 'tasks', 'run', 'dag_with_postgres_operator', 'create_postgres_table', 'scheduled__2022-01-27T00:00:00+00:00', '--job-id', '1210', '--raw', '--subdir', 'DAGS_FOLDER/DAGWithPostgresOperator.py', '--cfg-path', '/tmp/tmpkzrnnt8i', '--error-file', '/tmp/tmp7ksozii0']
[2022-07-31 00:35:18,538] {standard_task_runner.py:80} INFO - Job 1210: Subtask create_postgres_table
[2022-07-31 00:35:18,622] {task_command.py:369} INFO - Running <TaskInstance: dag_with_postgres_operator.create_postgres_table scheduled__2022-01-27T00:00:00+00:00 [running]> on host 66bf18ec08cc
[2022-07-31 00:35:18,731] {taskinstance.py:1571} INFO - Exporting the following env vars:
AIRFLOW_CTX_DAG_OWNER=yosr
AIRFLOW_CTX_DAG_ID=dag_with_postgres_operator
AIRFLOW_CTX_TASK_ID=create_postgres_table
AIRFLOW_CTX_EXECUTION_DATE=2022-01-27T00:00:00+00:00
AIRFLOW_CTX_TRY_NUMBER=1
AIRFLOW_CTX_DAG_RUN_ID=scheduled__2022-01-27T00:00:00+00:00
[2022-07-31 00:35:18,746] {base.py:68} INFO - Using connection ID 'postgres_localhost' for task execution.
[2022-07-31 00:35:18,747] {taskinstance.py:1889} ERROR - Task failed with exception
Traceback (most recent call last):
  File "/home/airflow/.local/lib/python3.7/site-packages/airflow/providers/postgres/operators/postgres.py", line 92, in execute
    self.hook.run(self.sql, self.autocommit, parameters=self.parameters)
  File "/home/airflow/.local/lib/python3.7/site-packages/airflow/hooks/dbapi.py", line 181, in run
    with closing(self.get_conn()) as conn:
  File "/home/airflow/.local/lib/python3.7/site-packages/airflow/providers/postgres/hooks/postgres.py", line 113, in get_conn
    self.conn = psycopg2.connect(**conn_args)
  File "/home/airflow/.local/lib/python3.7/site-packages/psycopg2/__init__.py", line 122, in connect
    conn = _connect(dsn, connection_factory=connection_factory, **kwasync)
psycopg2.OperationalError: could not translate host name "host.docker.local " to address: Name or service not known

[2022-07-31 00:35:18,760] {taskinstance.py:1400} INFO - Marking task as UP_FOR_RETRY. dag_id=dag_with_postgres_operator, task_id=create_postgres_table, execution_date=20220127T000000, start_date=20220731T003518, end_date=20220731T003518
[2022-07-31 00:35:18,777] {standard_task_runner.py:97} ERROR - Failed to execute job 1210 for task create_postgres_table (could not translate host name "host.docker.local " to address: Name or service not known
; 7025)
[2022-07-31 00:35:18,796] {local_task_job.py:156} INFO - Task exited with return code 1
[2022-07-31 00:35:18,855] {local_task_job.py:273} INFO - 0 downstream tasks scheduled from follow-on schedule check
[2022-07-31 11:30:27,620] {taskinstance.py:1159} INFO - Dependencies all met for <TaskInstance: dag_with_postgres_operator.create_postgres_table scheduled__2022-01-27T00:00:00+00:00 [queued]>
[2022-07-31 11:30:27,636] {taskinstance.py:1159} INFO - Dependencies all met for <TaskInstance: dag_with_postgres_operator.create_postgres_table scheduled__2022-01-27T00:00:00+00:00 [queued]>
[2022-07-31 11:30:27,637] {taskinstance.py:1356} INFO - 
--------------------------------------------------------------------------------
[2022-07-31 11:30:27,637] {taskinstance.py:1357} INFO - Starting attempt 1 of 6
[2022-07-31 11:30:27,637] {taskinstance.py:1358} INFO - 
--------------------------------------------------------------------------------
[2022-07-31 11:30:27,659] {taskinstance.py:1377} INFO - Executing <Task(PostgresOperator): create_postgres_table> on 2022-01-27 00:00:00+00:00
[2022-07-31 11:30:27,664] {standard_task_runner.py:52} INFO - Started process 5979 to run task
[2022-07-31 11:30:27,667] {standard_task_runner.py:79} INFO - Running: ['***', 'tasks', 'run', 'dag_with_postgres_operator', 'create_postgres_table', 'scheduled__2022-01-27T00:00:00+00:00', '--job-id', '1661', '--raw', '--subdir', 'DAGS_FOLDER/DAGWithPostgresOperator.py', '--cfg-path', '/tmp/tmp74nv2pwg', '--error-file', '/tmp/tmpckts__vx']
[2022-07-31 11:30:27,667] {standard_task_runner.py:80} INFO - Job 1661: Subtask create_postgres_table
[2022-07-31 11:30:27,736] {task_command.py:369} INFO - Running <TaskInstance: dag_with_postgres_operator.create_postgres_table scheduled__2022-01-27T00:00:00+00:00 [running]> on host 66bf18ec08cc
[2022-07-31 11:30:27,826] {taskinstance.py:1571} INFO - Exporting the following env vars:
AIRFLOW_CTX_DAG_OWNER=yosr
AIRFLOW_CTX_DAG_ID=dag_with_postgres_operator
AIRFLOW_CTX_TASK_ID=create_postgres_table
AIRFLOW_CTX_EXECUTION_DATE=2022-01-27T00:00:00+00:00
AIRFLOW_CTX_TRY_NUMBER=1
AIRFLOW_CTX_DAG_RUN_ID=scheduled__2022-01-27T00:00:00+00:00
[2022-07-31 11:30:27,838] {base.py:68} INFO - Using connection ID 'postgres_localhost' for task execution.
[2022-07-31 11:30:57,864] {taskinstance.py:1889} ERROR - Task failed with exception
Traceback (most recent call last):
  File "/home/airflow/.local/lib/python3.7/site-packages/airflow/providers/postgres/operators/postgres.py", line 92, in execute
    self.hook.run(self.sql, self.autocommit, parameters=self.parameters)
  File "/home/airflow/.local/lib/python3.7/site-packages/airflow/hooks/dbapi.py", line 181, in run
    with closing(self.get_conn()) as conn:
  File "/home/airflow/.local/lib/python3.7/site-packages/airflow/providers/postgres/hooks/postgres.py", line 113, in get_conn
    self.conn = psycopg2.connect(**conn_args)
  File "/home/airflow/.local/lib/python3.7/site-packages/psycopg2/__init__.py", line 122, in connect
    conn = _connect(dsn, connection_factory=connection_factory, **kwasync)
psycopg2.OperationalError: could not translate host name "host.docker.internal" to address: No address associated with hostname

[2022-07-31 11:30:57,877] {taskinstance.py:1400} INFO - Marking task as UP_FOR_RETRY. dag_id=dag_with_postgres_operator, task_id=create_postgres_table, execution_date=20220127T000000, start_date=20220731T113027, end_date=20220731T113057
[2022-07-31 11:30:57,897] {standard_task_runner.py:97} ERROR - Failed to execute job 1661 for task create_postgres_table (could not translate host name "host.docker.internal" to address: No address associated with hostname
; 5979)
[2022-07-31 11:30:57,913] {local_task_job.py:156} INFO - Task exited with return code 1
[2022-07-31 11:30:57,951] {local_task_job.py:273} INFO - 0 downstream tasks scheduled from follow-on schedule check
[2022-07-31 14:00:23,591] {taskinstance.py:1159} INFO - Dependencies all met for <TaskInstance: dag_with_postgres_operator.create_postgres_table scheduled__2022-01-27T00:00:00+00:00 [queued]>
[2022-07-31 14:00:23,610] {taskinstance.py:1159} INFO - Dependencies all met for <TaskInstance: dag_with_postgres_operator.create_postgres_table scheduled__2022-01-27T00:00:00+00:00 [queued]>
[2022-07-31 14:00:23,611] {taskinstance.py:1356} INFO - 
--------------------------------------------------------------------------------
[2022-07-31 14:00:23,611] {taskinstance.py:1357} INFO - Starting attempt 1 of 6
[2022-07-31 14:00:23,611] {taskinstance.py:1358} INFO - 
--------------------------------------------------------------------------------
[2022-07-31 14:00:23,632] {taskinstance.py:1377} INFO - Executing <Task(PostgresOperator): create_postgres_table> on 2022-01-27 00:00:00+00:00
[2022-07-31 14:00:23,638] {standard_task_runner.py:52} INFO - Started process 3496 to run task
[2022-07-31 14:00:23,641] {standard_task_runner.py:79} INFO - Running: ['***', 'tasks', 'run', 'dag_with_postgres_operator', 'create_postgres_table', 'scheduled__2022-01-27T00:00:00+00:00', '--job-id', '202', '--raw', '--subdir', 'DAGS_FOLDER/DAGWithPostgresOperator.py', '--cfg-path', '/tmp/tmp_o84683s', '--error-file', '/tmp/tmplz3qbckn']
[2022-07-31 14:00:23,642] {standard_task_runner.py:80} INFO - Job 202: Subtask create_postgres_table
[2022-07-31 14:00:23,726] {task_command.py:369} INFO - Running <TaskInstance: dag_with_postgres_operator.create_postgres_table scheduled__2022-01-27T00:00:00+00:00 [running]> on host 4688dd3b7141
[2022-07-31 14:00:23,844] {taskinstance.py:1571} INFO - Exporting the following env vars:
AIRFLOW_CTX_DAG_OWNER=yosr
AIRFLOW_CTX_DAG_ID=dag_with_postgres_operator
AIRFLOW_CTX_TASK_ID=create_postgres_table
AIRFLOW_CTX_EXECUTION_DATE=2022-01-27T00:00:00+00:00
AIRFLOW_CTX_TRY_NUMBER=1
AIRFLOW_CTX_DAG_RUN_ID=scheduled__2022-01-27T00:00:00+00:00
[2022-07-31 14:00:23,894] {taskinstance.py:1889} ERROR - Task failed with exception
Traceback (most recent call last):
  File "/home/airflow/.local/lib/python3.7/site-packages/airflow/providers/postgres/operators/postgres.py", line 92, in execute
    self.hook.run(self.sql, self.autocommit, parameters=self.parameters)
  File "/home/airflow/.local/lib/python3.7/site-packages/airflow/hooks/dbapi.py", line 181, in run
    with closing(self.get_conn()) as conn:
  File "/home/airflow/.local/lib/python3.7/site-packages/airflow/providers/postgres/hooks/postgres.py", line 86, in get_conn
    conn = deepcopy(self.connection or self.get_connection(conn_id))
  File "/home/airflow/.local/lib/python3.7/site-packages/airflow/hooks/base.py", line 67, in get_connection
    conn = Connection.get_connection_from_secrets(conn_id)
  File "/home/airflow/.local/lib/python3.7/site-packages/airflow/models/connection.py", line 430, in get_connection_from_secrets
    raise AirflowNotFoundException(f"The conn_id `{conn_id}` isn't defined")
airflow.exceptions.AirflowNotFoundException: The conn_id `postgres_localhost` isn't defined
[2022-07-31 14:00:23,901] {taskinstance.py:1400} INFO - Marking task as UP_FOR_RETRY. dag_id=dag_with_postgres_operator, task_id=create_postgres_table, execution_date=20220127T000000, start_date=20220731T140023, end_date=20220731T140023
[2022-07-31 14:00:23,922] {standard_task_runner.py:97} ERROR - Failed to execute job 202 for task create_postgres_table (The conn_id `postgres_localhost` isn't defined; 3496)
[2022-07-31 14:00:23,941] {local_task_job.py:156} INFO - Task exited with return code 1
[2022-07-31 14:00:23,999] {local_task_job.py:273} INFO - 0 downstream tasks scheduled from follow-on schedule check
