[2022-07-29 11:45:33,560] {taskinstance.py:1159} INFO - Dependencies all met for <TaskInstance: dag_with_python_operator.greet scheduled__2022-07-25T00:00:00+00:00 [queued]>
[2022-07-29 11:45:33,579] {taskinstance.py:1159} INFO - Dependencies all met for <TaskInstance: dag_with_python_operator.greet scheduled__2022-07-25T00:00:00+00:00 [queued]>
[2022-07-29 11:45:33,579] {taskinstance.py:1356} INFO - 
--------------------------------------------------------------------------------
[2022-07-29 11:45:33,579] {taskinstance.py:1357} INFO - Starting attempt 1 of 6
[2022-07-29 11:45:33,579] {taskinstance.py:1358} INFO - 
--------------------------------------------------------------------------------
[2022-07-29 11:45:33,599] {taskinstance.py:1377} INFO - Executing <Task(PythonOperator): greet> on 2022-07-25 00:00:00+00:00
[2022-07-29 11:45:33,603] {standard_task_runner.py:52} INFO - Started process 7632 to run task
[2022-07-29 11:45:33,607] {standard_task_runner.py:79} INFO - Running: ['***', 'tasks', 'run', 'dag_with_python_operator', 'greet', 'scheduled__2022-07-25T00:00:00+00:00', '--job-id', '1285', '--raw', '--subdir', 'DAGS_FOLDER/CreateDagWithPythonOperator.py', '--cfg-path', '/tmp/tmpq3xva3di', '--error-file', '/tmp/tmpt3y87s1d']
[2022-07-29 11:45:33,607] {standard_task_runner.py:80} INFO - Job 1285: Subtask greet
[2022-07-29 11:45:33,689] {task_command.py:369} INFO - Running <TaskInstance: dag_with_python_operator.greet scheduled__2022-07-25T00:00:00+00:00 [running]> on host 9f0f006fc89d
[2022-07-29 11:45:33,813] {taskinstance.py:1571} INFO - Exporting the following env vars:
AIRFLOW_CTX_DAG_OWNER=yosr
AIRFLOW_CTX_DAG_ID=dag_with_python_operator
AIRFLOW_CTX_TASK_ID=greet
AIRFLOW_CTX_EXECUTION_DATE=2022-07-25T00:00:00+00:00
AIRFLOW_CTX_TRY_NUMBER=1
AIRFLOW_CTX_DAG_RUN_ID=scheduled__2022-07-25T00:00:00+00:00
[2022-07-29 11:45:33,814] {logging_mixin.py:115} INFO - some dict:  {'a': 1, 'b': 2}
[2022-07-29 11:45:33,855] {logging_mixin.py:115} INFO - Hello World! My name is yosr hb, and I am 22 years old!
[2022-07-29 11:45:33,855] {python.py:173} INFO - Done. Returned value was: None
[2022-07-29 11:45:33,873] {taskinstance.py:1400} INFO - Marking task as SUCCESS. dag_id=dag_with_python_operator, task_id=greet, execution_date=20220725T000000, start_date=20220729T114533, end_date=20220729T114533
[2022-07-29 11:45:33,909] {local_task_job.py:156} INFO - Task exited with return code 0
[2022-07-29 11:45:33,948] {local_task_job.py:273} INFO - 0 downstream tasks scheduled from follow-on schedule check
