[2022-07-30 18:18:43,570] {taskinstance.py:1159} INFO - Dependencies all met for <TaskInstance: dag_with_postgres_operator.create_postgres_table scheduled__2022-01-04T00:00:00+00:00 [queued]>
[2022-07-30 18:18:43,586] {taskinstance.py:1159} INFO - Dependencies all met for <TaskInstance: dag_with_postgres_operator.create_postgres_table scheduled__2022-01-04T00:00:00+00:00 [queued]>
[2022-07-30 18:18:43,587] {taskinstance.py:1356} INFO - 
--------------------------------------------------------------------------------
[2022-07-30 18:18:43,587] {taskinstance.py:1357} INFO - Starting attempt 4 of 6
[2022-07-30 18:18:43,587] {taskinstance.py:1358} INFO - 
--------------------------------------------------------------------------------
[2022-07-30 18:18:43,608] {taskinstance.py:1377} INFO - Executing <Task(PostgresOperator): create_postgres_table> on 2022-01-04 00:00:00+00:00
[2022-07-30 18:18:43,613] {standard_task_runner.py:52} INFO - Started process 2515 to run task
[2022-07-30 18:18:43,616] {standard_task_runner.py:79} INFO - Running: ['***', 'tasks', 'run', 'dag_with_postgres_operator', 'create_postgres_table', 'scheduled__2022-01-04T00:00:00+00:00', '--job-id', '147', '--raw', '--subdir', 'DAGS_FOLDER/DAGWithPostgresOperator.py', '--cfg-path', '/tmp/tmp9z6wmmab', '--error-file', '/tmp/tmp0ss00g9n']
[2022-07-30 18:18:43,617] {standard_task_runner.py:80} INFO - Job 147: Subtask create_postgres_table
[2022-07-30 18:18:43,684] {task_command.py:369} INFO - Running <TaskInstance: dag_with_postgres_operator.create_postgres_table scheduled__2022-01-04T00:00:00+00:00 [running]> on host 66bf18ec08cc
[2022-07-30 18:18:43,788] {taskinstance.py:1571} INFO - Exporting the following env vars:
AIRFLOW_CTX_DAG_OWNER=yosr
AIRFLOW_CTX_DAG_ID=dag_with_postgres_operator
AIRFLOW_CTX_TASK_ID=create_postgres_table
AIRFLOW_CTX_EXECUTION_DATE=2022-01-04T00:00:00+00:00
AIRFLOW_CTX_TRY_NUMBER=4
AIRFLOW_CTX_DAG_RUN_ID=scheduled__2022-01-04T00:00:00+00:00
[2022-07-30 18:18:43,804] {base.py:68} INFO - Using connection ID 'postgres_localhost' for task execution.
[2022-07-30 18:18:43,805] {taskinstance.py:1889} ERROR - Task failed with exception
Traceback (most recent call last):
  File "/home/airflow/.local/lib/python3.7/site-packages/airflow/providers/postgres/operators/postgres.py", line 92, in execute
    self.hook.run(self.sql, self.autocommit, parameters=self.parameters)
  File "/home/airflow/.local/lib/python3.7/site-packages/airflow/hooks/dbapi.py", line 181, in run
    with closing(self.get_conn()) as conn:
  File "/home/airflow/.local/lib/python3.7/site-packages/airflow/providers/postgres/hooks/postgres.py", line 113, in get_conn
    self.conn = psycopg2.connect(**conn_args)
  File "/home/airflow/.local/lib/python3.7/site-packages/psycopg2/__init__.py", line 122, in connect
    conn = _connect(dsn, connection_factory=connection_factory, **kwasync)
psycopg2.OperationalError: could not translate host name "host.docker.internal " to address: Name or service not known

[2022-07-30 18:18:43,817] {taskinstance.py:1400} INFO - Marking task as UP_FOR_RETRY. dag_id=dag_with_postgres_operator, task_id=create_postgres_table, execution_date=20220104T000000, start_date=20220730T181843, end_date=20220730T181843
[2022-07-30 18:18:43,829] {standard_task_runner.py:97} ERROR - Failed to execute job 147 for task create_postgres_table (could not translate host name "host.docker.internal " to address: Name or service not known
; 2515)
[2022-07-30 18:18:43,873] {local_task_job.py:156} INFO - Task exited with return code 1
[2022-07-30 18:18:43,921] {local_task_job.py:273} INFO - 0 downstream tasks scheduled from follow-on schedule check
[2022-07-31 00:25:03,889] {taskinstance.py:1159} INFO - Dependencies all met for <TaskInstance: dag_with_postgres_operator.create_postgres_table scheduled__2022-01-04T00:00:00+00:00 [queued]>
[2022-07-31 00:25:03,916] {taskinstance.py:1159} INFO - Dependencies all met for <TaskInstance: dag_with_postgres_operator.create_postgres_table scheduled__2022-01-04T00:00:00+00:00 [queued]>
[2022-07-31 00:25:03,917] {taskinstance.py:1356} INFO - 
--------------------------------------------------------------------------------
[2022-07-31 00:25:03,917] {taskinstance.py:1357} INFO - Starting attempt 4 of 6
[2022-07-31 00:25:03,917] {taskinstance.py:1358} INFO - 
--------------------------------------------------------------------------------
[2022-07-31 00:25:03,945] {taskinstance.py:1377} INFO - Executing <Task(PostgresOperator): create_postgres_table> on 2022-01-04 00:00:00+00:00
[2022-07-31 00:25:03,954] {standard_task_runner.py:52} INFO - Started process 6452 to run task
[2022-07-31 00:25:04,008] {standard_task_runner.py:79} INFO - Running: ['***', 'tasks', 'run', 'dag_with_postgres_operator', 'create_postgres_table', 'scheduled__2022-01-04T00:00:00+00:00', '--job-id', '1160', '--raw', '--subdir', 'DAGS_FOLDER/DAGWithPostgresOperator.py', '--cfg-path', '/tmp/tmpw2agxq_o', '--error-file', '/tmp/tmp8v1o_zhy']
[2022-07-31 00:25:04,009] {standard_task_runner.py:80} INFO - Job 1160: Subtask create_postgres_table
[2022-07-31 00:25:04,181] {task_command.py:369} INFO - Running <TaskInstance: dag_with_postgres_operator.create_postgres_table scheduled__2022-01-04T00:00:00+00:00 [running]> on host 66bf18ec08cc
[2022-07-31 00:25:04,337] {taskinstance.py:1571} INFO - Exporting the following env vars:
AIRFLOW_CTX_DAG_OWNER=yosr
AIRFLOW_CTX_DAG_ID=dag_with_postgres_operator
AIRFLOW_CTX_TASK_ID=create_postgres_table
AIRFLOW_CTX_EXECUTION_DATE=2022-01-04T00:00:00+00:00
AIRFLOW_CTX_TRY_NUMBER=4
AIRFLOW_CTX_DAG_RUN_ID=scheduled__2022-01-04T00:00:00+00:00
[2022-07-31 00:25:04,357] {base.py:68} INFO - Using connection ID 'postgres_localhost' for task execution.
[2022-07-31 00:25:04,360] {taskinstance.py:1889} ERROR - Task failed with exception
Traceback (most recent call last):
  File "/home/airflow/.local/lib/python3.7/site-packages/airflow/providers/postgres/operators/postgres.py", line 92, in execute
    self.hook.run(self.sql, self.autocommit, parameters=self.parameters)
  File "/home/airflow/.local/lib/python3.7/site-packages/airflow/hooks/dbapi.py", line 181, in run
    with closing(self.get_conn()) as conn:
  File "/home/airflow/.local/lib/python3.7/site-packages/airflow/providers/postgres/hooks/postgres.py", line 113, in get_conn
    self.conn = psycopg2.connect(**conn_args)
  File "/home/airflow/.local/lib/python3.7/site-packages/psycopg2/__init__.py", line 122, in connect
    conn = _connect(dsn, connection_factory=connection_factory, **kwasync)
psycopg2.OperationalError: could not translate host name "host.docker.local " to address: Name or service not known

[2022-07-31 00:25:04,387] {taskinstance.py:1400} INFO - Marking task as UP_FOR_RETRY. dag_id=dag_with_postgres_operator, task_id=create_postgres_table, execution_date=20220104T000000, start_date=20220731T002503, end_date=20220731T002504
[2022-07-31 00:25:04,408] {standard_task_runner.py:97} ERROR - Failed to execute job 1160 for task create_postgres_table (could not translate host name "host.docker.local " to address: Name or service not known
; 6452)
[2022-07-31 00:25:04,443] {local_task_job.py:156} INFO - Task exited with return code 1
[2022-07-31 00:25:04,507] {local_task_job.py:273} INFO - 0 downstream tasks scheduled from follow-on schedule check
[2022-07-31 11:18:54,750] {taskinstance.py:1159} INFO - Dependencies all met for <TaskInstance: dag_with_postgres_operator.create_postgres_table scheduled__2022-01-04T00:00:00+00:00 [queued]>
[2022-07-31 11:18:54,771] {taskinstance.py:1159} INFO - Dependencies all met for <TaskInstance: dag_with_postgres_operator.create_postgres_table scheduled__2022-01-04T00:00:00+00:00 [queued]>
[2022-07-31 11:18:54,772] {taskinstance.py:1356} INFO - 
--------------------------------------------------------------------------------
[2022-07-31 11:18:54,772] {taskinstance.py:1357} INFO - Starting attempt 4 of 6
[2022-07-31 11:18:54,772] {taskinstance.py:1358} INFO - 
--------------------------------------------------------------------------------
[2022-07-31 11:18:54,793] {taskinstance.py:1377} INFO - Executing <Task(PostgresOperator): create_postgres_table> on 2022-01-04 00:00:00+00:00
[2022-07-31 11:18:54,800] {standard_task_runner.py:52} INFO - Started process 5352 to run task
[2022-07-31 11:18:54,807] {standard_task_runner.py:79} INFO - Running: ['***', 'tasks', 'run', 'dag_with_postgres_operator', 'create_postgres_table', 'scheduled__2022-01-04T00:00:00+00:00', '--job-id', '1614', '--raw', '--subdir', 'DAGS_FOLDER/DAGWithPostgresOperator.py', '--cfg-path', '/tmp/tmp17tor2eg', '--error-file', '/tmp/tmp5mdn5bq8']
[2022-07-31 11:18:54,807] {standard_task_runner.py:80} INFO - Job 1614: Subtask create_postgres_table
[2022-07-31 11:18:54,919] {task_command.py:369} INFO - Running <TaskInstance: dag_with_postgres_operator.create_postgres_table scheduled__2022-01-04T00:00:00+00:00 [running]> on host 66bf18ec08cc
[2022-07-31 11:18:55,025] {taskinstance.py:1571} INFO - Exporting the following env vars:
AIRFLOW_CTX_DAG_OWNER=yosr
AIRFLOW_CTX_DAG_ID=dag_with_postgres_operator
AIRFLOW_CTX_TASK_ID=create_postgres_table
AIRFLOW_CTX_EXECUTION_DATE=2022-01-04T00:00:00+00:00
AIRFLOW_CTX_TRY_NUMBER=4
AIRFLOW_CTX_DAG_RUN_ID=scheduled__2022-01-04T00:00:00+00:00
[2022-07-31 11:18:55,041] {base.py:68} INFO - Using connection ID 'postgres_localhost' for task execution.
[2022-07-31 11:19:20,064] {taskinstance.py:1889} ERROR - Task failed with exception
Traceback (most recent call last):
  File "/home/airflow/.local/lib/python3.7/site-packages/airflow/providers/postgres/operators/postgres.py", line 92, in execute
    self.hook.run(self.sql, self.autocommit, parameters=self.parameters)
  File "/home/airflow/.local/lib/python3.7/site-packages/airflow/hooks/dbapi.py", line 181, in run
    with closing(self.get_conn()) as conn:
  File "/home/airflow/.local/lib/python3.7/site-packages/airflow/providers/postgres/hooks/postgres.py", line 113, in get_conn
    self.conn = psycopg2.connect(**conn_args)
  File "/home/airflow/.local/lib/python3.7/site-packages/psycopg2/__init__.py", line 122, in connect
    conn = _connect(dsn, connection_factory=connection_factory, **kwasync)
psycopg2.OperationalError: could not translate host name "host.docker.internal" to address: Temporary failure in name resolution

[2022-07-31 11:19:20,076] {taskinstance.py:1400} INFO - Marking task as UP_FOR_RETRY. dag_id=dag_with_postgres_operator, task_id=create_postgres_table, execution_date=20220104T000000, start_date=20220731T111854, end_date=20220731T111920
[2022-07-31 11:19:20,097] {standard_task_runner.py:97} ERROR - Failed to execute job 1614 for task create_postgres_table (could not translate host name "host.docker.internal" to address: Temporary failure in name resolution
; 5352)
[2022-07-31 11:19:20,110] {local_task_job.py:156} INFO - Task exited with return code 1
[2022-07-31 11:19:20,166] {local_task_job.py:273} INFO - 0 downstream tasks scheduled from follow-on schedule check
[2022-07-31 13:50:09,698] {taskinstance.py:1159} INFO - Dependencies all met for <TaskInstance: dag_with_postgres_operator.create_postgres_table scheduled__2022-01-04T00:00:00+00:00 [queued]>
[2022-07-31 13:50:09,717] {taskinstance.py:1159} INFO - Dependencies all met for <TaskInstance: dag_with_postgres_operator.create_postgres_table scheduled__2022-01-04T00:00:00+00:00 [queued]>
[2022-07-31 13:50:09,718] {taskinstance.py:1356} INFO - 
--------------------------------------------------------------------------------
[2022-07-31 13:50:09,718] {taskinstance.py:1357} INFO - Starting attempt 4 of 6
[2022-07-31 13:50:09,718] {taskinstance.py:1358} INFO - 
--------------------------------------------------------------------------------
[2022-07-31 13:50:09,738] {taskinstance.py:1377} INFO - Executing <Task(PostgresOperator): create_postgres_table> on 2022-01-04 00:00:00+00:00
[2022-07-31 13:50:09,744] {standard_task_runner.py:52} INFO - Started process 2914 to run task
[2022-07-31 13:50:09,748] {standard_task_runner.py:79} INFO - Running: ['***', 'tasks', 'run', 'dag_with_postgres_operator', 'create_postgres_table', 'scheduled__2022-01-04T00:00:00+00:00', '--job-id', '147', '--raw', '--subdir', 'DAGS_FOLDER/DAGWithPostgresOperator.py', '--cfg-path', '/tmp/tmpkm0dgpei', '--error-file', '/tmp/tmpfswjc7sp']
[2022-07-31 13:50:09,750] {standard_task_runner.py:80} INFO - Job 147: Subtask create_postgres_table
[2022-07-31 13:50:09,821] {task_command.py:369} INFO - Running <TaskInstance: dag_with_postgres_operator.create_postgres_table scheduled__2022-01-04T00:00:00+00:00 [running]> on host 4688dd3b7141
[2022-07-31 13:50:09,905] {taskinstance.py:1571} INFO - Exporting the following env vars:
AIRFLOW_CTX_DAG_OWNER=yosr
AIRFLOW_CTX_DAG_ID=dag_with_postgres_operator
AIRFLOW_CTX_TASK_ID=create_postgres_table
AIRFLOW_CTX_EXECUTION_DATE=2022-01-04T00:00:00+00:00
AIRFLOW_CTX_TRY_NUMBER=4
AIRFLOW_CTX_DAG_RUN_ID=scheduled__2022-01-04T00:00:00+00:00
[2022-07-31 13:50:09,963] {taskinstance.py:1889} ERROR - Task failed with exception
Traceback (most recent call last):
  File "/home/airflow/.local/lib/python3.7/site-packages/airflow/providers/postgres/operators/postgres.py", line 92, in execute
    self.hook.run(self.sql, self.autocommit, parameters=self.parameters)
  File "/home/airflow/.local/lib/python3.7/site-packages/airflow/hooks/dbapi.py", line 181, in run
    with closing(self.get_conn()) as conn:
  File "/home/airflow/.local/lib/python3.7/site-packages/airflow/providers/postgres/hooks/postgres.py", line 86, in get_conn
    conn = deepcopy(self.connection or self.get_connection(conn_id))
  File "/home/airflow/.local/lib/python3.7/site-packages/airflow/hooks/base.py", line 67, in get_connection
    conn = Connection.get_connection_from_secrets(conn_id)
  File "/home/airflow/.local/lib/python3.7/site-packages/airflow/models/connection.py", line 430, in get_connection_from_secrets
    raise AirflowNotFoundException(f"The conn_id `{conn_id}` isn't defined")
airflow.exceptions.AirflowNotFoundException: The conn_id `postgres_localhost` isn't defined
[2022-07-31 13:50:09,967] {taskinstance.py:1400} INFO - Marking task as UP_FOR_RETRY. dag_id=dag_with_postgres_operator, task_id=create_postgres_table, execution_date=20220104T000000, start_date=20220731T135009, end_date=20220731T135009
[2022-07-31 13:50:09,981] {standard_task_runner.py:97} ERROR - Failed to execute job 147 for task create_postgres_table (The conn_id `postgres_localhost` isn't defined; 2914)
[2022-07-31 13:50:10,005] {local_task_job.py:156} INFO - Task exited with return code 1
[2022-07-31 13:50:10,046] {local_task_job.py:273} INFO - 0 downstream tasks scheduled from follow-on schedule check
