[2022-07-30 19:04:16,873] {taskinstance.py:1159} INFO - Dependencies all met for <TaskInstance: dag_with_postgres_operator.create_postgres_table scheduled__2022-02-05T00:00:00+00:00 [queued]>
[2022-07-30 19:04:16,893] {taskinstance.py:1159} INFO - Dependencies all met for <TaskInstance: dag_with_postgres_operator.create_postgres_table scheduled__2022-02-05T00:00:00+00:00 [queued]>
[2022-07-30 19:04:16,893] {taskinstance.py:1356} INFO - 
--------------------------------------------------------------------------------
[2022-07-30 19:04:16,893] {taskinstance.py:1357} INFO - Starting attempt 3 of 6
[2022-07-30 19:04:16,893] {taskinstance.py:1358} INFO - 
--------------------------------------------------------------------------------
[2022-07-30 19:04:16,913] {taskinstance.py:1377} INFO - Executing <Task(PostgresOperator): create_postgres_table> on 2022-02-05 00:00:00+00:00
[2022-07-30 19:04:16,919] {standard_task_runner.py:52} INFO - Started process 4982 to run task
[2022-07-30 19:04:16,922] {standard_task_runner.py:79} INFO - Running: ['***', 'tasks', 'run', 'dag_with_postgres_operator', 'create_postgres_table', 'scheduled__2022-02-05T00:00:00+00:00', '--job-id', '323', '--raw', '--subdir', 'DAGS_FOLDER/DAGWithPostgresOperator.py', '--cfg-path', '/tmp/tmpm0k3o5n9', '--error-file', '/tmp/tmp2kaesyuy']
[2022-07-30 19:04:16,922] {standard_task_runner.py:80} INFO - Job 323: Subtask create_postgres_table
[2022-07-30 19:04:16,997] {task_command.py:369} INFO - Running <TaskInstance: dag_with_postgres_operator.create_postgres_table scheduled__2022-02-05T00:00:00+00:00 [running]> on host 66bf18ec08cc
[2022-07-30 19:04:17,084] {taskinstance.py:1571} INFO - Exporting the following env vars:
AIRFLOW_CTX_DAG_OWNER=yosr
AIRFLOW_CTX_DAG_ID=dag_with_postgres_operator
AIRFLOW_CTX_TASK_ID=create_postgres_table
AIRFLOW_CTX_EXECUTION_DATE=2022-02-05T00:00:00+00:00
AIRFLOW_CTX_TRY_NUMBER=3
AIRFLOW_CTX_DAG_RUN_ID=scheduled__2022-02-05T00:00:00+00:00
[2022-07-30 19:04:17,096] {base.py:68} INFO - Using connection ID 'postgres_localhost' for task execution.
[2022-07-30 19:04:17,097] {taskinstance.py:1889} ERROR - Task failed with exception
Traceback (most recent call last):
  File "/home/airflow/.local/lib/python3.7/site-packages/airflow/providers/postgres/operators/postgres.py", line 92, in execute
    self.hook.run(self.sql, self.autocommit, parameters=self.parameters)
  File "/home/airflow/.local/lib/python3.7/site-packages/airflow/hooks/dbapi.py", line 181, in run
    with closing(self.get_conn()) as conn:
  File "/home/airflow/.local/lib/python3.7/site-packages/airflow/providers/postgres/hooks/postgres.py", line 113, in get_conn
    self.conn = psycopg2.connect(**conn_args)
  File "/home/airflow/.local/lib/python3.7/site-packages/psycopg2/__init__.py", line 122, in connect
    conn = _connect(dsn, connection_factory=connection_factory, **kwasync)
psycopg2.OperationalError: could not translate host name "host.docker.internal " to address: Name or service not known

[2022-07-30 19:04:17,110] {taskinstance.py:1400} INFO - Marking task as UP_FOR_RETRY. dag_id=dag_with_postgres_operator, task_id=create_postgres_table, execution_date=20220205T000000, start_date=20220730T190416, end_date=20220730T190417
[2022-07-30 19:04:17,128] {standard_task_runner.py:97} ERROR - Failed to execute job 323 for task create_postgres_table (could not translate host name "host.docker.internal " to address: Name or service not known
; 4982)
[2022-07-30 19:04:17,142] {local_task_job.py:156} INFO - Task exited with return code 1
[2022-07-30 19:04:17,201] {local_task_job.py:273} INFO - 0 downstream tasks scheduled from follow-on schedule check
[2022-07-31 10:06:33,923] {taskinstance.py:1159} INFO - Dependencies all met for <TaskInstance: dag_with_postgres_operator.create_postgres_table scheduled__2022-02-05T00:00:00+00:00 [queued]>
[2022-07-31 10:06:33,943] {taskinstance.py:1159} INFO - Dependencies all met for <TaskInstance: dag_with_postgres_operator.create_postgres_table scheduled__2022-02-05T00:00:00+00:00 [queued]>
[2022-07-31 10:06:33,944] {taskinstance.py:1356} INFO - 
--------------------------------------------------------------------------------
[2022-07-31 10:06:33,944] {taskinstance.py:1357} INFO - Starting attempt 3 of 6
[2022-07-31 10:06:33,944] {taskinstance.py:1358} INFO - 
--------------------------------------------------------------------------------
[2022-07-31 10:06:33,963] {taskinstance.py:1377} INFO - Executing <Task(PostgresOperator): create_postgres_table> on 2022-02-05 00:00:00+00:00
[2022-07-31 10:06:33,968] {standard_task_runner.py:52} INFO - Started process 1457 to run task
[2022-07-31 10:06:33,971] {standard_task_runner.py:79} INFO - Running: ['***', 'tasks', 'run', 'dag_with_postgres_operator', 'create_postgres_table', 'scheduled__2022-02-05T00:00:00+00:00', '--job-id', '1333', '--raw', '--subdir', 'DAGS_FOLDER/DAGWithPostgresOperator.py', '--cfg-path', '/tmp/tmpcbyzom50', '--error-file', '/tmp/tmp6g0nnslk']
[2022-07-31 10:06:33,972] {standard_task_runner.py:80} INFO - Job 1333: Subtask create_postgres_table
[2022-07-31 10:06:34,060] {task_command.py:369} INFO - Running <TaskInstance: dag_with_postgres_operator.create_postgres_table scheduled__2022-02-05T00:00:00+00:00 [running]> on host 66bf18ec08cc
[2022-07-31 10:06:34,163] {taskinstance.py:1571} INFO - Exporting the following env vars:
AIRFLOW_CTX_DAG_OWNER=yosr
AIRFLOW_CTX_DAG_ID=dag_with_postgres_operator
AIRFLOW_CTX_TASK_ID=create_postgres_table
AIRFLOW_CTX_EXECUTION_DATE=2022-02-05T00:00:00+00:00
AIRFLOW_CTX_TRY_NUMBER=3
AIRFLOW_CTX_DAG_RUN_ID=scheduled__2022-02-05T00:00:00+00:00
[2022-07-31 10:06:34,178] {base.py:68} INFO - Using connection ID 'postgres_localhost' for task execution.
[2022-07-31 10:06:34,181] {taskinstance.py:1889} ERROR - Task failed with exception
Traceback (most recent call last):
  File "/home/airflow/.local/lib/python3.7/site-packages/airflow/providers/postgres/operators/postgres.py", line 92, in execute
    self.hook.run(self.sql, self.autocommit, parameters=self.parameters)
  File "/home/airflow/.local/lib/python3.7/site-packages/airflow/hooks/dbapi.py", line 181, in run
    with closing(self.get_conn()) as conn:
  File "/home/airflow/.local/lib/python3.7/site-packages/airflow/providers/postgres/hooks/postgres.py", line 113, in get_conn
    self.conn = psycopg2.connect(**conn_args)
  File "/home/airflow/.local/lib/python3.7/site-packages/psycopg2/__init__.py", line 122, in connect
    conn = _connect(dsn, connection_factory=connection_factory, **kwasync)
psycopg2.OperationalError: could not translate host name "host.docker.local " to address: Name or service not known

[2022-07-31 10:06:34,198] {taskinstance.py:1400} INFO - Marking task as UP_FOR_RETRY. dag_id=dag_with_postgres_operator, task_id=create_postgres_table, execution_date=20220205T000000, start_date=20220731T100633, end_date=20220731T100634
[2022-07-31 10:06:34,217] {standard_task_runner.py:97} ERROR - Failed to execute job 1333 for task create_postgres_table (could not translate host name "host.docker.local " to address: Name or service not known
; 1457)
[2022-07-31 10:06:34,236] {local_task_job.py:156} INFO - Task exited with return code 1
[2022-07-31 10:06:34,298] {local_task_job.py:273} INFO - 0 downstream tasks scheduled from follow-on schedule check
[2022-07-31 14:35:37,226] {taskinstance.py:1159} INFO - Dependencies all met for <TaskInstance: dag_with_postgres_operator.create_postgres_table scheduled__2022-02-05T00:00:00+00:00 [queued]>
[2022-07-31 14:35:37,249] {taskinstance.py:1159} INFO - Dependencies all met for <TaskInstance: dag_with_postgres_operator.create_postgres_table scheduled__2022-02-05T00:00:00+00:00 [queued]>
[2022-07-31 14:35:37,250] {taskinstance.py:1356} INFO - 
--------------------------------------------------------------------------------
[2022-07-31 14:35:37,250] {taskinstance.py:1357} INFO - Starting attempt 3 of 6
[2022-07-31 14:35:37,250] {taskinstance.py:1358} INFO - 
--------------------------------------------------------------------------------
[2022-07-31 14:35:37,279] {taskinstance.py:1377} INFO - Executing <Task(PostgresOperator): create_postgres_table> on 2022-02-05 00:00:00+00:00
[2022-07-31 14:35:37,287] {standard_task_runner.py:52} INFO - Started process 5377 to run task
[2022-07-31 14:35:37,296] {standard_task_runner.py:79} INFO - Running: ['***', 'tasks', 'run', 'dag_with_postgres_operator', 'create_postgres_table', 'scheduled__2022-02-05T00:00:00+00:00', '--job-id', '324', '--raw', '--subdir', 'DAGS_FOLDER/DAGWithPostgresOperator.py', '--cfg-path', '/tmp/tmpuoio9rwl', '--error-file', '/tmp/tmpxf2xysyv']
[2022-07-31 14:35:37,297] {standard_task_runner.py:80} INFO - Job 324: Subtask create_postgres_table
[2022-07-31 14:35:37,400] {task_command.py:369} INFO - Running <TaskInstance: dag_with_postgres_operator.create_postgres_table scheduled__2022-02-05T00:00:00+00:00 [running]> on host 4688dd3b7141
[2022-07-31 14:35:37,548] {taskinstance.py:1571} INFO - Exporting the following env vars:
AIRFLOW_CTX_DAG_OWNER=yosr
AIRFLOW_CTX_DAG_ID=dag_with_postgres_operator
AIRFLOW_CTX_TASK_ID=create_postgres_table
AIRFLOW_CTX_EXECUTION_DATE=2022-02-05T00:00:00+00:00
AIRFLOW_CTX_TRY_NUMBER=3
AIRFLOW_CTX_DAG_RUN_ID=scheduled__2022-02-05T00:00:00+00:00
[2022-07-31 14:35:37,575] {base.py:68} INFO - Using connection ID 'postgres_localhost' for task execution.
[2022-07-31 14:35:52,593] {taskinstance.py:1889} ERROR - Task failed with exception
Traceback (most recent call last):
  File "/home/airflow/.local/lib/python3.7/site-packages/airflow/providers/postgres/operators/postgres.py", line 92, in execute
    self.hook.run(self.sql, self.autocommit, parameters=self.parameters)
  File "/home/airflow/.local/lib/python3.7/site-packages/airflow/hooks/dbapi.py", line 181, in run
    with closing(self.get_conn()) as conn:
  File "/home/airflow/.local/lib/python3.7/site-packages/airflow/providers/postgres/hooks/postgres.py", line 113, in get_conn
    self.conn = psycopg2.connect(**conn_args)
  File "/home/airflow/.local/lib/python3.7/site-packages/psycopg2/__init__.py", line 122, in connect
    conn = _connect(dsn, connection_factory=connection_factory, **kwasync)
psycopg2.OperationalError: could not translate host name "host.docker.local" to address: Temporary failure in name resolution

[2022-07-31 14:35:52,610] {taskinstance.py:1400} INFO - Marking task as UP_FOR_RETRY. dag_id=dag_with_postgres_operator, task_id=create_postgres_table, execution_date=20220205T000000, start_date=20220731T143537, end_date=20220731T143552
[2022-07-31 14:35:52,636] {standard_task_runner.py:97} ERROR - Failed to execute job 324 for task create_postgres_table (could not translate host name "host.docker.local" to address: Temporary failure in name resolution
; 5377)
[2022-07-31 14:35:52,685] {local_task_job.py:156} INFO - Task exited with return code 1
[2022-07-31 14:35:52,736] {local_task_job.py:273} INFO - 0 downstream tasks scheduled from follow-on schedule check
