[2022-07-29 11:59:26,373] {taskinstance.py:1159} INFO - Dependencies all met for <TaskInstance: dag_with_taskflow_api.get_name scheduled__2022-06-16T00:00:00+00:00 [queued]>
[2022-07-29 11:59:26,387] {taskinstance.py:1159} INFO - Dependencies all met for <TaskInstance: dag_with_taskflow_api.get_name scheduled__2022-06-16T00:00:00+00:00 [queued]>
[2022-07-29 11:59:26,387] {taskinstance.py:1356} INFO - 
--------------------------------------------------------------------------------
[2022-07-29 11:59:26,387] {taskinstance.py:1357} INFO - Starting attempt 1 of 6
[2022-07-29 11:59:26,387] {taskinstance.py:1358} INFO - 
--------------------------------------------------------------------------------
[2022-07-29 11:59:26,408] {taskinstance.py:1377} INFO - Executing <Task(_PythonDecoratedOperator): get_name> on 2022-06-16 00:00:00+00:00
[2022-07-29 11:59:26,413] {standard_task_runner.py:52} INFO - Started process 9675 to run task
[2022-07-29 11:59:26,416] {standard_task_runner.py:79} INFO - Running: ['***', 'tasks', 'run', 'dag_with_taskflow_api', 'get_name', 'scheduled__2022-06-16T00:00:00+00:00', '--job-id', '1995', '--raw', '--subdir', 'DAGS_FOLDER/DagWithTaskflowApi.py', '--cfg-path', '/tmp/tmp8kh3jist', '--error-file', '/tmp/tmpm2n1dy7x']
[2022-07-29 11:59:26,416] {standard_task_runner.py:80} INFO - Job 1995: Subtask get_name
[2022-07-29 11:59:26,498] {task_command.py:369} INFO - Running <TaskInstance: dag_with_taskflow_api.get_name scheduled__2022-06-16T00:00:00+00:00 [running]> on host 9f0f006fc89d
[2022-07-29 11:59:26,614] {taskinstance.py:1571} INFO - Exporting the following env vars:
AIRFLOW_CTX_DAG_OWNER=yosr
AIRFLOW_CTX_DAG_ID=dag_with_taskflow_api
AIRFLOW_CTX_TASK_ID=get_name
AIRFLOW_CTX_EXECUTION_DATE=2022-06-16T00:00:00+00:00
AIRFLOW_CTX_TRY_NUMBER=1
AIRFLOW_CTX_DAG_RUN_ID=scheduled__2022-06-16T00:00:00+00:00
[2022-07-29 11:59:26,615] {python.py:173} INFO - Done. Returned value was: {'first_name': 'yosr', 'last_name': 'hb'}
[2022-07-29 11:59:26,712] {taskinstance.py:1400} INFO - Marking task as SUCCESS. dag_id=dag_with_taskflow_api, task_id=get_name, execution_date=20220616T000000, start_date=20220729T115926, end_date=20220729T115926
[2022-07-29 11:59:26,757] {local_task_job.py:156} INFO - Task exited with return code 0
[2022-07-29 11:59:26,816] {local_task_job.py:273} INFO - 1 downstream tasks scheduled from follow-on schedule check
