[2022-07-30 18:29:00,235] {taskinstance.py:1159} INFO - Dependencies all met for <TaskInstance: dag_with_postgres_operator.create_postgres_table scheduled__2022-01-25T00:00:00+00:00 [queued]>
[2022-07-30 18:29:00,254] {taskinstance.py:1159} INFO - Dependencies all met for <TaskInstance: dag_with_postgres_operator.create_postgres_table scheduled__2022-01-25T00:00:00+00:00 [queued]>
[2022-07-30 18:29:00,255] {taskinstance.py:1356} INFO - 
--------------------------------------------------------------------------------
[2022-07-30 18:29:00,255] {taskinstance.py:1357} INFO - Starting attempt 1 of 6
[2022-07-30 18:29:00,255] {taskinstance.py:1358} INFO - 
--------------------------------------------------------------------------------
[2022-07-30 18:29:00,279] {taskinstance.py:1377} INFO - Executing <Task(PostgresOperator): create_postgres_table> on 2022-01-25 00:00:00+00:00
[2022-07-30 18:29:00,286] {standard_task_runner.py:52} INFO - Started process 3090 to run task
[2022-07-30 18:29:00,290] {standard_task_runner.py:79} INFO - Running: ['***', 'tasks', 'run', 'dag_with_postgres_operator', 'create_postgres_table', 'scheduled__2022-01-25T00:00:00+00:00', '--job-id', '200', '--raw', '--subdir', 'DAGS_FOLDER/DAGWithPostgresOperator.py', '--cfg-path', '/tmp/tmpwvvkhsb7', '--error-file', '/tmp/tmpjwoay5xs']
[2022-07-30 18:29:00,291] {standard_task_runner.py:80} INFO - Job 200: Subtask create_postgres_table
[2022-07-30 18:29:00,390] {task_command.py:369} INFO - Running <TaskInstance: dag_with_postgres_operator.create_postgres_table scheduled__2022-01-25T00:00:00+00:00 [running]> on host 66bf18ec08cc
[2022-07-30 18:29:00,516] {taskinstance.py:1571} INFO - Exporting the following env vars:
AIRFLOW_CTX_DAG_OWNER=yosr
AIRFLOW_CTX_DAG_ID=dag_with_postgres_operator
AIRFLOW_CTX_TASK_ID=create_postgres_table
AIRFLOW_CTX_EXECUTION_DATE=2022-01-25T00:00:00+00:00
AIRFLOW_CTX_TRY_NUMBER=1
AIRFLOW_CTX_DAG_RUN_ID=scheduled__2022-01-25T00:00:00+00:00
[2022-07-30 18:29:00,530] {base.py:68} INFO - Using connection ID 'postgres_localhost' for task execution.
[2022-07-30 18:29:00,531] {taskinstance.py:1889} ERROR - Task failed with exception
Traceback (most recent call last):
  File "/home/airflow/.local/lib/python3.7/site-packages/airflow/providers/postgres/operators/postgres.py", line 92, in execute
    self.hook.run(self.sql, self.autocommit, parameters=self.parameters)
  File "/home/airflow/.local/lib/python3.7/site-packages/airflow/hooks/dbapi.py", line 181, in run
    with closing(self.get_conn()) as conn:
  File "/home/airflow/.local/lib/python3.7/site-packages/airflow/providers/postgres/hooks/postgres.py", line 113, in get_conn
    self.conn = psycopg2.connect(**conn_args)
  File "/home/airflow/.local/lib/python3.7/site-packages/psycopg2/__init__.py", line 122, in connect
    conn = _connect(dsn, connection_factory=connection_factory, **kwasync)
psycopg2.OperationalError: could not translate host name "host.docker.internal " to address: Name or service not known

[2022-07-30 18:29:00,547] {taskinstance.py:1400} INFO - Marking task as UP_FOR_RETRY. dag_id=dag_with_postgres_operator, task_id=create_postgres_table, execution_date=20220125T000000, start_date=20220730T182900, end_date=20220730T182900
[2022-07-30 18:29:00,564] {standard_task_runner.py:97} ERROR - Failed to execute job 200 for task create_postgres_table (could not translate host name "host.docker.internal " to address: Name or service not known
; 3090)
[2022-07-30 18:29:00,589] {local_task_job.py:156} INFO - Task exited with return code 1
[2022-07-30 18:29:00,662] {local_task_job.py:273} INFO - 0 downstream tasks scheduled from follow-on schedule check
[2022-07-31 00:35:17,877] {taskinstance.py:1159} INFO - Dependencies all met for <TaskInstance: dag_with_postgres_operator.create_postgres_table scheduled__2022-01-25T00:00:00+00:00 [queued]>
[2022-07-31 00:35:17,898] {taskinstance.py:1159} INFO - Dependencies all met for <TaskInstance: dag_with_postgres_operator.create_postgres_table scheduled__2022-01-25T00:00:00+00:00 [queued]>
[2022-07-31 00:35:17,898] {taskinstance.py:1356} INFO - 
--------------------------------------------------------------------------------
[2022-07-31 00:35:17,899] {taskinstance.py:1357} INFO - Starting attempt 1 of 6
[2022-07-31 00:35:17,899] {taskinstance.py:1358} INFO - 
--------------------------------------------------------------------------------
[2022-07-31 00:35:17,922] {taskinstance.py:1377} INFO - Executing <Task(PostgresOperator): create_postgres_table> on 2022-01-25 00:00:00+00:00
[2022-07-31 00:35:17,927] {standard_task_runner.py:52} INFO - Started process 7021 to run task
[2022-07-31 00:35:17,930] {standard_task_runner.py:79} INFO - Running: ['***', 'tasks', 'run', 'dag_with_postgres_operator', 'create_postgres_table', 'scheduled__2022-01-25T00:00:00+00:00', '--job-id', '1208', '--raw', '--subdir', 'DAGS_FOLDER/DAGWithPostgresOperator.py', '--cfg-path', '/tmp/tmpn7_yssyt', '--error-file', '/tmp/tmpnehwaut5']
[2022-07-31 00:35:17,930] {standard_task_runner.py:80} INFO - Job 1208: Subtask create_postgres_table
[2022-07-31 00:35:18,008] {task_command.py:369} INFO - Running <TaskInstance: dag_with_postgres_operator.create_postgres_table scheduled__2022-01-25T00:00:00+00:00 [running]> on host 66bf18ec08cc
[2022-07-31 00:35:18,104] {taskinstance.py:1571} INFO - Exporting the following env vars:
AIRFLOW_CTX_DAG_OWNER=yosr
AIRFLOW_CTX_DAG_ID=dag_with_postgres_operator
AIRFLOW_CTX_TASK_ID=create_postgres_table
AIRFLOW_CTX_EXECUTION_DATE=2022-01-25T00:00:00+00:00
AIRFLOW_CTX_TRY_NUMBER=1
AIRFLOW_CTX_DAG_RUN_ID=scheduled__2022-01-25T00:00:00+00:00
[2022-07-31 00:35:18,119] {base.py:68} INFO - Using connection ID 'postgres_localhost' for task execution.
[2022-07-31 00:35:18,120] {taskinstance.py:1889} ERROR - Task failed with exception
Traceback (most recent call last):
  File "/home/airflow/.local/lib/python3.7/site-packages/airflow/providers/postgres/operators/postgres.py", line 92, in execute
    self.hook.run(self.sql, self.autocommit, parameters=self.parameters)
  File "/home/airflow/.local/lib/python3.7/site-packages/airflow/hooks/dbapi.py", line 181, in run
    with closing(self.get_conn()) as conn:
  File "/home/airflow/.local/lib/python3.7/site-packages/airflow/providers/postgres/hooks/postgres.py", line 113, in get_conn
    self.conn = psycopg2.connect(**conn_args)
  File "/home/airflow/.local/lib/python3.7/site-packages/psycopg2/__init__.py", line 122, in connect
    conn = _connect(dsn, connection_factory=connection_factory, **kwasync)
psycopg2.OperationalError: could not translate host name "host.docker.local " to address: Name or service not known

[2022-07-31 00:35:18,138] {taskinstance.py:1400} INFO - Marking task as UP_FOR_RETRY. dag_id=dag_with_postgres_operator, task_id=create_postgres_table, execution_date=20220125T000000, start_date=20220731T003517, end_date=20220731T003518
[2022-07-31 00:35:18,156] {standard_task_runner.py:97} ERROR - Failed to execute job 1208 for task create_postgres_table (could not translate host name "host.docker.local " to address: Name or service not known
; 7021)
[2022-07-31 00:35:18,191] {local_task_job.py:156} INFO - Task exited with return code 1
[2022-07-31 00:35:18,270] {local_task_job.py:273} INFO - 0 downstream tasks scheduled from follow-on schedule check
[2022-07-31 11:30:27,115] {taskinstance.py:1159} INFO - Dependencies all met for <TaskInstance: dag_with_postgres_operator.create_postgres_table scheduled__2022-01-25T00:00:00+00:00 [queued]>
[2022-07-31 11:30:27,133] {taskinstance.py:1159} INFO - Dependencies all met for <TaskInstance: dag_with_postgres_operator.create_postgres_table scheduled__2022-01-25T00:00:00+00:00 [queued]>
[2022-07-31 11:30:27,133] {taskinstance.py:1356} INFO - 
--------------------------------------------------------------------------------
[2022-07-31 11:30:27,133] {taskinstance.py:1357} INFO - Starting attempt 1 of 6
[2022-07-31 11:30:27,133] {taskinstance.py:1358} INFO - 
--------------------------------------------------------------------------------
[2022-07-31 11:30:27,154] {taskinstance.py:1377} INFO - Executing <Task(PostgresOperator): create_postgres_table> on 2022-01-25 00:00:00+00:00
[2022-07-31 11:30:27,158] {standard_task_runner.py:52} INFO - Started process 5975 to run task
[2022-07-31 11:30:27,162] {standard_task_runner.py:79} INFO - Running: ['***', 'tasks', 'run', 'dag_with_postgres_operator', 'create_postgres_table', 'scheduled__2022-01-25T00:00:00+00:00', '--job-id', '1659', '--raw', '--subdir', 'DAGS_FOLDER/DAGWithPostgresOperator.py', '--cfg-path', '/tmp/tmpgpoh8nvg', '--error-file', '/tmp/tmpxtg3mnkh']
[2022-07-31 11:30:27,162] {standard_task_runner.py:80} INFO - Job 1659: Subtask create_postgres_table
[2022-07-31 11:30:27,226] {task_command.py:369} INFO - Running <TaskInstance: dag_with_postgres_operator.create_postgres_table scheduled__2022-01-25T00:00:00+00:00 [running]> on host 66bf18ec08cc
[2022-07-31 11:30:27,317] {taskinstance.py:1571} INFO - Exporting the following env vars:
AIRFLOW_CTX_DAG_OWNER=yosr
AIRFLOW_CTX_DAG_ID=dag_with_postgres_operator
AIRFLOW_CTX_TASK_ID=create_postgres_table
AIRFLOW_CTX_EXECUTION_DATE=2022-01-25T00:00:00+00:00
AIRFLOW_CTX_TRY_NUMBER=1
AIRFLOW_CTX_DAG_RUN_ID=scheduled__2022-01-25T00:00:00+00:00
[2022-07-31 11:30:27,329] {base.py:68} INFO - Using connection ID 'postgres_localhost' for task execution.
[2022-07-31 11:30:57,356] {taskinstance.py:1889} ERROR - Task failed with exception
Traceback (most recent call last):
  File "/home/airflow/.local/lib/python3.7/site-packages/airflow/providers/postgres/operators/postgres.py", line 92, in execute
    self.hook.run(self.sql, self.autocommit, parameters=self.parameters)
  File "/home/airflow/.local/lib/python3.7/site-packages/airflow/hooks/dbapi.py", line 181, in run
    with closing(self.get_conn()) as conn:
  File "/home/airflow/.local/lib/python3.7/site-packages/airflow/providers/postgres/hooks/postgres.py", line 113, in get_conn
    self.conn = psycopg2.connect(**conn_args)
  File "/home/airflow/.local/lib/python3.7/site-packages/psycopg2/__init__.py", line 122, in connect
    conn = _connect(dsn, connection_factory=connection_factory, **kwasync)
psycopg2.OperationalError: could not translate host name "host.docker.internal" to address: No address associated with hostname

[2022-07-31 11:30:57,368] {taskinstance.py:1400} INFO - Marking task as UP_FOR_RETRY. dag_id=dag_with_postgres_operator, task_id=create_postgres_table, execution_date=20220125T000000, start_date=20220731T113027, end_date=20220731T113057
[2022-07-31 11:30:57,387] {standard_task_runner.py:97} ERROR - Failed to execute job 1659 for task create_postgres_table (could not translate host name "host.docker.internal" to address: No address associated with hostname
; 5975)
[2022-07-31 11:30:57,405] {local_task_job.py:156} INFO - Task exited with return code 1
[2022-07-31 11:30:57,441] {local_task_job.py:273} INFO - 0 downstream tasks scheduled from follow-on schedule check
[2022-07-31 14:00:23,040] {taskinstance.py:1159} INFO - Dependencies all met for <TaskInstance: dag_with_postgres_operator.create_postgres_table scheduled__2022-01-25T00:00:00+00:00 [queued]>
[2022-07-31 14:00:23,062] {taskinstance.py:1159} INFO - Dependencies all met for <TaskInstance: dag_with_postgres_operator.create_postgres_table scheduled__2022-01-25T00:00:00+00:00 [queued]>
[2022-07-31 14:00:23,062] {taskinstance.py:1356} INFO - 
--------------------------------------------------------------------------------
[2022-07-31 14:00:23,062] {taskinstance.py:1357} INFO - Starting attempt 1 of 6
[2022-07-31 14:00:23,062] {taskinstance.py:1358} INFO - 
--------------------------------------------------------------------------------
[2022-07-31 14:00:23,090] {taskinstance.py:1377} INFO - Executing <Task(PostgresOperator): create_postgres_table> on 2022-01-25 00:00:00+00:00
[2022-07-31 14:00:23,096] {standard_task_runner.py:52} INFO - Started process 3492 to run task
[2022-07-31 14:00:23,102] {standard_task_runner.py:79} INFO - Running: ['***', 'tasks', 'run', 'dag_with_postgres_operator', 'create_postgres_table', 'scheduled__2022-01-25T00:00:00+00:00', '--job-id', '200', '--raw', '--subdir', 'DAGS_FOLDER/DAGWithPostgresOperator.py', '--cfg-path', '/tmp/tmp6l1tu870', '--error-file', '/tmp/tmpm0rmt04a']
[2022-07-31 14:00:23,102] {standard_task_runner.py:80} INFO - Job 200: Subtask create_postgres_table
[2022-07-31 14:00:23,190] {task_command.py:369} INFO - Running <TaskInstance: dag_with_postgres_operator.create_postgres_table scheduled__2022-01-25T00:00:00+00:00 [running]> on host 4688dd3b7141
[2022-07-31 14:00:23,287] {taskinstance.py:1571} INFO - Exporting the following env vars:
AIRFLOW_CTX_DAG_OWNER=yosr
AIRFLOW_CTX_DAG_ID=dag_with_postgres_operator
AIRFLOW_CTX_TASK_ID=create_postgres_table
AIRFLOW_CTX_EXECUTION_DATE=2022-01-25T00:00:00+00:00
AIRFLOW_CTX_TRY_NUMBER=1
AIRFLOW_CTX_DAG_RUN_ID=scheduled__2022-01-25T00:00:00+00:00
[2022-07-31 14:00:23,321] {taskinstance.py:1889} ERROR - Task failed with exception
Traceback (most recent call last):
  File "/home/airflow/.local/lib/python3.7/site-packages/airflow/providers/postgres/operators/postgres.py", line 92, in execute
    self.hook.run(self.sql, self.autocommit, parameters=self.parameters)
  File "/home/airflow/.local/lib/python3.7/site-packages/airflow/hooks/dbapi.py", line 181, in run
    with closing(self.get_conn()) as conn:
  File "/home/airflow/.local/lib/python3.7/site-packages/airflow/providers/postgres/hooks/postgres.py", line 86, in get_conn
    conn = deepcopy(self.connection or self.get_connection(conn_id))
  File "/home/airflow/.local/lib/python3.7/site-packages/airflow/hooks/base.py", line 67, in get_connection
    conn = Connection.get_connection_from_secrets(conn_id)
  File "/home/airflow/.local/lib/python3.7/site-packages/airflow/models/connection.py", line 430, in get_connection_from_secrets
    raise AirflowNotFoundException(f"The conn_id `{conn_id}` isn't defined")
airflow.exceptions.AirflowNotFoundException: The conn_id `postgres_localhost` isn't defined
[2022-07-31 14:00:23,326] {taskinstance.py:1400} INFO - Marking task as UP_FOR_RETRY. dag_id=dag_with_postgres_operator, task_id=create_postgres_table, execution_date=20220125T000000, start_date=20220731T140023, end_date=20220731T140023
[2022-07-31 14:00:23,348] {standard_task_runner.py:97} ERROR - Failed to execute job 200 for task create_postgres_table (The conn_id `postgres_localhost` isn't defined; 3492)
[2022-07-31 14:00:23,361] {local_task_job.py:156} INFO - Task exited with return code 1
[2022-07-31 14:00:23,416] {local_task_job.py:273} INFO - 0 downstream tasks scheduled from follow-on schedule check
