[2022-07-30 18:49:03,476] {taskinstance.py:1159} INFO - Dependencies all met for <TaskInstance: dag_with_postgres_operator.create_postgres_table scheduled__2022-01-25T00:00:00+00:00 [queued]>
[2022-07-30 18:49:03,494] {taskinstance.py:1159} INFO - Dependencies all met for <TaskInstance: dag_with_postgres_operator.create_postgres_table scheduled__2022-01-25T00:00:00+00:00 [queued]>
[2022-07-30 18:49:03,495] {taskinstance.py:1356} INFO - 
--------------------------------------------------------------------------------
[2022-07-30 18:49:03,495] {taskinstance.py:1357} INFO - Starting attempt 5 of 6
[2022-07-30 18:49:03,495] {taskinstance.py:1358} INFO - 
--------------------------------------------------------------------------------
[2022-07-30 18:49:03,520] {taskinstance.py:1377} INFO - Executing <Task(PostgresOperator): create_postgres_table> on 2022-01-25 00:00:00+00:00
[2022-07-30 18:49:03,527] {standard_task_runner.py:52} INFO - Started process 4147 to run task
[2022-07-30 18:49:03,530] {standard_task_runner.py:79} INFO - Running: ['***', 'tasks', 'run', 'dag_with_postgres_operator', 'create_postgres_table', 'scheduled__2022-01-25T00:00:00+00:00', '--job-id', '260', '--raw', '--subdir', 'DAGS_FOLDER/DAGWithPostgresOperator.py', '--cfg-path', '/tmp/tmpvsx6pdkv', '--error-file', '/tmp/tmp1a5f9iyt']
[2022-07-30 18:49:03,530] {standard_task_runner.py:80} INFO - Job 260: Subtask create_postgres_table
[2022-07-30 18:49:03,618] {task_command.py:369} INFO - Running <TaskInstance: dag_with_postgres_operator.create_postgres_table scheduled__2022-01-25T00:00:00+00:00 [running]> on host 66bf18ec08cc
[2022-07-30 18:49:03,735] {taskinstance.py:1571} INFO - Exporting the following env vars:
AIRFLOW_CTX_DAG_OWNER=yosr
AIRFLOW_CTX_DAG_ID=dag_with_postgres_operator
AIRFLOW_CTX_TASK_ID=create_postgres_table
AIRFLOW_CTX_EXECUTION_DATE=2022-01-25T00:00:00+00:00
AIRFLOW_CTX_TRY_NUMBER=5
AIRFLOW_CTX_DAG_RUN_ID=scheduled__2022-01-25T00:00:00+00:00
[2022-07-30 18:49:03,752] {base.py:68} INFO - Using connection ID 'postgres_localhost' for task execution.
[2022-07-30 18:49:03,753] {taskinstance.py:1889} ERROR - Task failed with exception
Traceback (most recent call last):
  File "/home/airflow/.local/lib/python3.7/site-packages/airflow/providers/postgres/operators/postgres.py", line 92, in execute
    self.hook.run(self.sql, self.autocommit, parameters=self.parameters)
  File "/home/airflow/.local/lib/python3.7/site-packages/airflow/hooks/dbapi.py", line 181, in run
    with closing(self.get_conn()) as conn:
  File "/home/airflow/.local/lib/python3.7/site-packages/airflow/providers/postgres/hooks/postgres.py", line 113, in get_conn
    self.conn = psycopg2.connect(**conn_args)
  File "/home/airflow/.local/lib/python3.7/site-packages/psycopg2/__init__.py", line 122, in connect
    conn = _connect(dsn, connection_factory=connection_factory, **kwasync)
psycopg2.OperationalError: could not translate host name "host.docker.internal " to address: Name or service not known

[2022-07-30 18:49:03,766] {taskinstance.py:1400} INFO - Marking task as UP_FOR_RETRY. dag_id=dag_with_postgres_operator, task_id=create_postgres_table, execution_date=20220125T000000, start_date=20220730T184903, end_date=20220730T184903
[2022-07-30 18:49:03,782] {standard_task_runner.py:97} ERROR - Failed to execute job 260 for task create_postgres_table (could not translate host name "host.docker.internal " to address: Name or service not known
; 4147)
[2022-07-30 18:49:03,794] {local_task_job.py:156} INFO - Task exited with return code 1
[2022-07-30 18:49:03,867] {local_task_job.py:273} INFO - 0 downstream tasks scheduled from follow-on schedule check
[2022-07-31 09:51:10,206] {taskinstance.py:1159} INFO - Dependencies all met for <TaskInstance: dag_with_postgres_operator.create_postgres_table scheduled__2022-01-25T00:00:00+00:00 [queued]>
[2022-07-31 09:51:10,277] {taskinstance.py:1159} INFO - Dependencies all met for <TaskInstance: dag_with_postgres_operator.create_postgres_table scheduled__2022-01-25T00:00:00+00:00 [queued]>
[2022-07-31 09:51:10,278] {taskinstance.py:1356} INFO - 
--------------------------------------------------------------------------------
[2022-07-31 09:51:10,278] {taskinstance.py:1357} INFO - Starting attempt 5 of 6
[2022-07-31 09:51:10,278] {taskinstance.py:1358} INFO - 
--------------------------------------------------------------------------------
[2022-07-31 09:51:10,335] {taskinstance.py:1377} INFO - Executing <Task(PostgresOperator): create_postgres_table> on 2022-01-25 00:00:00+00:00
[2022-07-31 09:51:10,362] {standard_task_runner.py:52} INFO - Started process 637 to run task
[2022-07-31 09:51:10,380] {standard_task_runner.py:79} INFO - Running: ['***', 'tasks', 'run', 'dag_with_postgres_operator', 'create_postgres_table', 'scheduled__2022-01-25T00:00:00+00:00', '--job-id', '1269', '--raw', '--subdir', 'DAGS_FOLDER/DAGWithPostgresOperator.py', '--cfg-path', '/tmp/tmpz3aisk0p', '--error-file', '/tmp/tmp7ii2xop0']
[2022-07-31 09:51:10,383] {standard_task_runner.py:80} INFO - Job 1269: Subtask create_postgres_table
[2022-07-31 09:51:10,905] {task_command.py:369} INFO - Running <TaskInstance: dag_with_postgres_operator.create_postgres_table scheduled__2022-01-25T00:00:00+00:00 [running]> on host 66bf18ec08cc
[2022-07-31 09:51:11,379] {taskinstance.py:1571} INFO - Exporting the following env vars:
AIRFLOW_CTX_DAG_OWNER=yosr
AIRFLOW_CTX_DAG_ID=dag_with_postgres_operator
AIRFLOW_CTX_TASK_ID=create_postgres_table
AIRFLOW_CTX_EXECUTION_DATE=2022-01-25T00:00:00+00:00
AIRFLOW_CTX_TRY_NUMBER=5
AIRFLOW_CTX_DAG_RUN_ID=scheduled__2022-01-25T00:00:00+00:00
[2022-07-31 09:51:11,432] {base.py:68} INFO - Using connection ID 'postgres_localhost' for task execution.
[2022-07-31 09:51:11,433] {taskinstance.py:1889} ERROR - Task failed with exception
Traceback (most recent call last):
  File "/home/airflow/.local/lib/python3.7/site-packages/airflow/providers/postgres/operators/postgres.py", line 92, in execute
    self.hook.run(self.sql, self.autocommit, parameters=self.parameters)
  File "/home/airflow/.local/lib/python3.7/site-packages/airflow/hooks/dbapi.py", line 181, in run
    with closing(self.get_conn()) as conn:
  File "/home/airflow/.local/lib/python3.7/site-packages/airflow/providers/postgres/hooks/postgres.py", line 113, in get_conn
    self.conn = psycopg2.connect(**conn_args)
  File "/home/airflow/.local/lib/python3.7/site-packages/psycopg2/__init__.py", line 122, in connect
    conn = _connect(dsn, connection_factory=connection_factory, **kwasync)
psycopg2.OperationalError: could not translate host name "host.docker.local " to address: Name or service not known

[2022-07-31 09:51:11,472] {taskinstance.py:1400} INFO - Marking task as UP_FOR_RETRY. dag_id=dag_with_postgres_operator, task_id=create_postgres_table, execution_date=20220125T000000, start_date=20220731T095110, end_date=20220731T095111
[2022-07-31 09:51:11,511] {standard_task_runner.py:97} ERROR - Failed to execute job 1269 for task create_postgres_table (could not translate host name "host.docker.local " to address: Name or service not known
; 637)
[2022-07-31 09:51:11,520] {local_task_job.py:156} INFO - Task exited with return code 1
[2022-07-31 09:51:11,629] {local_task_job.py:273} INFO - 0 downstream tasks scheduled from follow-on schedule check
[2022-07-31 14:20:28,039] {taskinstance.py:1159} INFO - Dependencies all met for <TaskInstance: dag_with_postgres_operator.create_postgres_table scheduled__2022-01-25T00:00:00+00:00 [queued]>
[2022-07-31 14:20:28,063] {taskinstance.py:1159} INFO - Dependencies all met for <TaskInstance: dag_with_postgres_operator.create_postgres_table scheduled__2022-01-25T00:00:00+00:00 [queued]>
[2022-07-31 14:20:28,063] {taskinstance.py:1356} INFO - 
--------------------------------------------------------------------------------
[2022-07-31 14:20:28,064] {taskinstance.py:1357} INFO - Starting attempt 5 of 6
[2022-07-31 14:20:28,064] {taskinstance.py:1358} INFO - 
--------------------------------------------------------------------------------
[2022-07-31 14:20:28,088] {taskinstance.py:1377} INFO - Executing <Task(PostgresOperator): create_postgres_table> on 2022-01-25 00:00:00+00:00
[2022-07-31 14:20:28,094] {standard_task_runner.py:52} INFO - Started process 4559 to run task
[2022-07-31 14:20:28,097] {standard_task_runner.py:79} INFO - Running: ['***', 'tasks', 'run', 'dag_with_postgres_operator', 'create_postgres_table', 'scheduled__2022-01-25T00:00:00+00:00', '--job-id', '268', '--raw', '--subdir', 'DAGS_FOLDER/DAGWithPostgresOperator.py', '--cfg-path', '/tmp/tmpmm9eerbh', '--error-file', '/tmp/tmpusksco2o']
[2022-07-31 14:20:28,098] {standard_task_runner.py:80} INFO - Job 268: Subtask create_postgres_table
[2022-07-31 14:20:28,186] {task_command.py:369} INFO - Running <TaskInstance: dag_with_postgres_operator.create_postgres_table scheduled__2022-01-25T00:00:00+00:00 [running]> on host 4688dd3b7141
[2022-07-31 14:20:28,291] {taskinstance.py:1571} INFO - Exporting the following env vars:
AIRFLOW_CTX_DAG_OWNER=yosr
AIRFLOW_CTX_DAG_ID=dag_with_postgres_operator
AIRFLOW_CTX_TASK_ID=create_postgres_table
AIRFLOW_CTX_EXECUTION_DATE=2022-01-25T00:00:00+00:00
AIRFLOW_CTX_TRY_NUMBER=5
AIRFLOW_CTX_DAG_RUN_ID=scheduled__2022-01-25T00:00:00+00:00
[2022-07-31 14:20:28,330] {taskinstance.py:1889} ERROR - Task failed with exception
Traceback (most recent call last):
  File "/home/airflow/.local/lib/python3.7/site-packages/airflow/providers/postgres/operators/postgres.py", line 92, in execute
    self.hook.run(self.sql, self.autocommit, parameters=self.parameters)
  File "/home/airflow/.local/lib/python3.7/site-packages/airflow/hooks/dbapi.py", line 181, in run
    with closing(self.get_conn()) as conn:
  File "/home/airflow/.local/lib/python3.7/site-packages/airflow/providers/postgres/hooks/postgres.py", line 86, in get_conn
    conn = deepcopy(self.connection or self.get_connection(conn_id))
  File "/home/airflow/.local/lib/python3.7/site-packages/airflow/hooks/base.py", line 67, in get_connection
    conn = Connection.get_connection_from_secrets(conn_id)
  File "/home/airflow/.local/lib/python3.7/site-packages/airflow/models/connection.py", line 430, in get_connection_from_secrets
    raise AirflowNotFoundException(f"The conn_id `{conn_id}` isn't defined")
airflow.exceptions.AirflowNotFoundException: The conn_id `postgres_localhost` isn't defined
[2022-07-31 14:20:28,335] {taskinstance.py:1400} INFO - Marking task as UP_FOR_RETRY. dag_id=dag_with_postgres_operator, task_id=create_postgres_table, execution_date=20220125T000000, start_date=20220731T142028, end_date=20220731T142028
[2022-07-31 14:20:28,354] {standard_task_runner.py:97} ERROR - Failed to execute job 268 for task create_postgres_table (The conn_id `postgres_localhost` isn't defined; 4559)
[2022-07-31 14:20:28,400] {local_task_job.py:156} INFO - Task exited with return code 1
[2022-07-31 14:20:28,454] {local_task_job.py:273} INFO - 0 downstream tasks scheduled from follow-on schedule check
