[2022-07-30 18:39:01,675] {taskinstance.py:1159} INFO - Dependencies all met for <TaskInstance: dag_with_postgres_operator.create_postgres_table scheduled__2022-01-23T00:00:00+00:00 [queued]>
[2022-07-30 18:39:01,695] {taskinstance.py:1159} INFO - Dependencies all met for <TaskInstance: dag_with_postgres_operator.create_postgres_table scheduled__2022-01-23T00:00:00+00:00 [queued]>
[2022-07-30 18:39:01,695] {taskinstance.py:1356} INFO - 
--------------------------------------------------------------------------------
[2022-07-30 18:39:01,695] {taskinstance.py:1357} INFO - Starting attempt 3 of 6
[2022-07-30 18:39:01,695] {taskinstance.py:1358} INFO - 
--------------------------------------------------------------------------------
[2022-07-30 18:39:01,722] {taskinstance.py:1377} INFO - Executing <Task(PostgresOperator): create_postgres_table> on 2022-01-23 00:00:00+00:00
[2022-07-30 18:39:01,729] {standard_task_runner.py:52} INFO - Started process 3616 to run task
[2022-07-30 18:39:01,731] {standard_task_runner.py:79} INFO - Running: ['***', 'tasks', 'run', 'dag_with_postgres_operator', 'create_postgres_table', 'scheduled__2022-01-23T00:00:00+00:00', '--job-id', '230', '--raw', '--subdir', 'DAGS_FOLDER/DAGWithPostgresOperator.py', '--cfg-path', '/tmp/tmpp513q01a', '--error-file', '/tmp/tmp72m4e047']
[2022-07-30 18:39:01,732] {standard_task_runner.py:80} INFO - Job 230: Subtask create_postgres_table
[2022-07-30 18:39:01,815] {task_command.py:369} INFO - Running <TaskInstance: dag_with_postgres_operator.create_postgres_table scheduled__2022-01-23T00:00:00+00:00 [running]> on host 66bf18ec08cc
[2022-07-30 18:39:01,924] {taskinstance.py:1571} INFO - Exporting the following env vars:
AIRFLOW_CTX_DAG_OWNER=yosr
AIRFLOW_CTX_DAG_ID=dag_with_postgres_operator
AIRFLOW_CTX_TASK_ID=create_postgres_table
AIRFLOW_CTX_EXECUTION_DATE=2022-01-23T00:00:00+00:00
AIRFLOW_CTX_TRY_NUMBER=3
AIRFLOW_CTX_DAG_RUN_ID=scheduled__2022-01-23T00:00:00+00:00
[2022-07-30 18:39:01,937] {base.py:68} INFO - Using connection ID 'postgres_localhost' for task execution.
[2022-07-30 18:39:01,939] {taskinstance.py:1889} ERROR - Task failed with exception
Traceback (most recent call last):
  File "/home/airflow/.local/lib/python3.7/site-packages/airflow/providers/postgres/operators/postgres.py", line 92, in execute
    self.hook.run(self.sql, self.autocommit, parameters=self.parameters)
  File "/home/airflow/.local/lib/python3.7/site-packages/airflow/hooks/dbapi.py", line 181, in run
    with closing(self.get_conn()) as conn:
  File "/home/airflow/.local/lib/python3.7/site-packages/airflow/providers/postgres/hooks/postgres.py", line 113, in get_conn
    self.conn = psycopg2.connect(**conn_args)
  File "/home/airflow/.local/lib/python3.7/site-packages/psycopg2/__init__.py", line 122, in connect
    conn = _connect(dsn, connection_factory=connection_factory, **kwasync)
psycopg2.OperationalError: could not translate host name "host.docker.internal " to address: Name or service not known

[2022-07-30 18:39:01,953] {taskinstance.py:1400} INFO - Marking task as UP_FOR_RETRY. dag_id=dag_with_postgres_operator, task_id=create_postgres_table, execution_date=20220123T000000, start_date=20220730T183901, end_date=20220730T183901
[2022-07-30 18:39:01,967] {standard_task_runner.py:97} ERROR - Failed to execute job 230 for task create_postgres_table (could not translate host name "host.docker.internal " to address: Name or service not known
; 3616)
[2022-07-30 18:39:01,990] {local_task_job.py:156} INFO - Task exited with return code 1
[2022-07-30 18:39:02,046] {local_task_job.py:273} INFO - 0 downstream tasks scheduled from follow-on schedule check
[2022-07-31 09:41:04,206] {taskinstance.py:1159} INFO - Dependencies all met for <TaskInstance: dag_with_postgres_operator.create_postgres_table scheduled__2022-01-23T00:00:00+00:00 [queued]>
[2022-07-31 09:41:04,289] {taskinstance.py:1159} INFO - Dependencies all met for <TaskInstance: dag_with_postgres_operator.create_postgres_table scheduled__2022-01-23T00:00:00+00:00 [queued]>
[2022-07-31 09:41:04,289] {taskinstance.py:1356} INFO - 
--------------------------------------------------------------------------------
[2022-07-31 09:41:04,289] {taskinstance.py:1357} INFO - Starting attempt 3 of 6
[2022-07-31 09:41:04,289] {taskinstance.py:1358} INFO - 
--------------------------------------------------------------------------------
[2022-07-31 09:41:04,464] {taskinstance.py:1377} INFO - Executing <Task(PostgresOperator): create_postgres_table> on 2022-01-23 00:00:00+00:00
[2022-07-31 09:41:04,507] {standard_task_runner.py:52} INFO - Started process 104 to run task
[2022-07-31 09:41:04,659] {standard_task_runner.py:79} INFO - Running: ['***', 'tasks', 'run', 'dag_with_postgres_operator', 'create_postgres_table', 'scheduled__2022-01-23T00:00:00+00:00', '--job-id', '1250', '--raw', '--subdir', 'DAGS_FOLDER/DAGWithPostgresOperator.py', '--cfg-path', '/tmp/tmp_n33whpu', '--error-file', '/tmp/tmp2crldon6']
[2022-07-31 09:41:04,660] {standard_task_runner.py:80} INFO - Job 1250: Subtask create_postgres_table
[2022-07-31 09:41:05,215] {task_command.py:369} INFO - Running <TaskInstance: dag_with_postgres_operator.create_postgres_table scheduled__2022-01-23T00:00:00+00:00 [running]> on host 66bf18ec08cc
[2022-07-31 09:41:05,806] {taskinstance.py:1571} INFO - Exporting the following env vars:
AIRFLOW_CTX_DAG_OWNER=yosr
AIRFLOW_CTX_DAG_ID=dag_with_postgres_operator
AIRFLOW_CTX_TASK_ID=create_postgres_table
AIRFLOW_CTX_EXECUTION_DATE=2022-01-23T00:00:00+00:00
AIRFLOW_CTX_TRY_NUMBER=3
AIRFLOW_CTX_DAG_RUN_ID=scheduled__2022-01-23T00:00:00+00:00
[2022-07-31 09:41:05,915] {base.py:68} INFO - Using connection ID 'postgres_localhost' for task execution.
[2022-07-31 09:41:05,916] {taskinstance.py:1889} ERROR - Task failed with exception
Traceback (most recent call last):
  File "/home/airflow/.local/lib/python3.7/site-packages/airflow/providers/postgres/operators/postgres.py", line 92, in execute
    self.hook.run(self.sql, self.autocommit, parameters=self.parameters)
  File "/home/airflow/.local/lib/python3.7/site-packages/airflow/hooks/dbapi.py", line 181, in run
    with closing(self.get_conn()) as conn:
  File "/home/airflow/.local/lib/python3.7/site-packages/airflow/providers/postgres/hooks/postgres.py", line 113, in get_conn
    self.conn = psycopg2.connect(**conn_args)
  File "/home/airflow/.local/lib/python3.7/site-packages/psycopg2/__init__.py", line 122, in connect
    conn = _connect(dsn, connection_factory=connection_factory, **kwasync)
psycopg2.OperationalError: could not translate host name "host.docker.local " to address: Name or service not known

[2022-07-31 09:41:05,967] {taskinstance.py:1400} INFO - Marking task as UP_FOR_RETRY. dag_id=dag_with_postgres_operator, task_id=create_postgres_table, execution_date=20220123T000000, start_date=20220731T094104, end_date=20220731T094105
[2022-07-31 09:41:06,047] {standard_task_runner.py:97} ERROR - Failed to execute job 1250 for task create_postgres_table (could not translate host name "host.docker.local " to address: Name or service not known
; 104)
[2022-07-31 09:41:06,087] {local_task_job.py:156} INFO - Task exited with return code 1
[2022-07-31 09:41:06,229] {local_task_job.py:273} INFO - 0 downstream tasks scheduled from follow-on schedule check
[2022-07-31 14:10:25,033] {taskinstance.py:1159} INFO - Dependencies all met for <TaskInstance: dag_with_postgres_operator.create_postgres_table scheduled__2022-01-23T00:00:00+00:00 [queued]>
[2022-07-31 14:10:25,051] {taskinstance.py:1159} INFO - Dependencies all met for <TaskInstance: dag_with_postgres_operator.create_postgres_table scheduled__2022-01-23T00:00:00+00:00 [queued]>
[2022-07-31 14:10:25,052] {taskinstance.py:1356} INFO - 
--------------------------------------------------------------------------------
[2022-07-31 14:10:25,052] {taskinstance.py:1357} INFO - Starting attempt 3 of 6
[2022-07-31 14:10:25,052] {taskinstance.py:1358} INFO - 
--------------------------------------------------------------------------------
[2022-07-31 14:10:25,079] {taskinstance.py:1377} INFO - Executing <Task(PostgresOperator): create_postgres_table> on 2022-01-23 00:00:00+00:00
[2022-07-31 14:10:25,086] {standard_task_runner.py:52} INFO - Started process 4022 to run task
[2022-07-31 14:10:25,093] {standard_task_runner.py:79} INFO - Running: ['***', 'tasks', 'run', 'dag_with_postgres_operator', 'create_postgres_table', 'scheduled__2022-01-23T00:00:00+00:00', '--job-id', '230', '--raw', '--subdir', 'DAGS_FOLDER/DAGWithPostgresOperator.py', '--cfg-path', '/tmp/tmp_ztiv44f', '--error-file', '/tmp/tmpq17xp9fc']
[2022-07-31 14:10:25,094] {standard_task_runner.py:80} INFO - Job 230: Subtask create_postgres_table
[2022-07-31 14:10:25,188] {task_command.py:369} INFO - Running <TaskInstance: dag_with_postgres_operator.create_postgres_table scheduled__2022-01-23T00:00:00+00:00 [running]> on host 4688dd3b7141
[2022-07-31 14:10:25,301] {taskinstance.py:1571} INFO - Exporting the following env vars:
AIRFLOW_CTX_DAG_OWNER=yosr
AIRFLOW_CTX_DAG_ID=dag_with_postgres_operator
AIRFLOW_CTX_TASK_ID=create_postgres_table
AIRFLOW_CTX_EXECUTION_DATE=2022-01-23T00:00:00+00:00
AIRFLOW_CTX_TRY_NUMBER=3
AIRFLOW_CTX_DAG_RUN_ID=scheduled__2022-01-23T00:00:00+00:00
[2022-07-31 14:10:25,345] {taskinstance.py:1889} ERROR - Task failed with exception
Traceback (most recent call last):
  File "/home/airflow/.local/lib/python3.7/site-packages/airflow/providers/postgres/operators/postgres.py", line 92, in execute
    self.hook.run(self.sql, self.autocommit, parameters=self.parameters)
  File "/home/airflow/.local/lib/python3.7/site-packages/airflow/hooks/dbapi.py", line 181, in run
    with closing(self.get_conn()) as conn:
  File "/home/airflow/.local/lib/python3.7/site-packages/airflow/providers/postgres/hooks/postgres.py", line 86, in get_conn
    conn = deepcopy(self.connection or self.get_connection(conn_id))
  File "/home/airflow/.local/lib/python3.7/site-packages/airflow/hooks/base.py", line 67, in get_connection
    conn = Connection.get_connection_from_secrets(conn_id)
  File "/home/airflow/.local/lib/python3.7/site-packages/airflow/models/connection.py", line 430, in get_connection_from_secrets
    raise AirflowNotFoundException(f"The conn_id `{conn_id}` isn't defined")
airflow.exceptions.AirflowNotFoundException: The conn_id `postgres_localhost` isn't defined
[2022-07-31 14:10:25,351] {taskinstance.py:1400} INFO - Marking task as UP_FOR_RETRY. dag_id=dag_with_postgres_operator, task_id=create_postgres_table, execution_date=20220123T000000, start_date=20220731T141025, end_date=20220731T141025
[2022-07-31 14:10:25,369] {standard_task_runner.py:97} ERROR - Failed to execute job 230 for task create_postgres_table (The conn_id `postgres_localhost` isn't defined; 4022)
[2022-07-31 14:10:25,396] {local_task_job.py:156} INFO - Task exited with return code 1
[2022-07-31 14:10:25,455] {local_task_job.py:273} INFO - 0 downstream tasks scheduled from follow-on schedule check
