[2022-07-30 18:44:02,745] {taskinstance.py:1159} INFO - Dependencies all met for <TaskInstance: dag_with_postgres_operator.create_postgres_table scheduled__2022-01-23T00:00:00+00:00 [queued]>
[2022-07-30 18:44:02,760] {taskinstance.py:1159} INFO - Dependencies all met for <TaskInstance: dag_with_postgres_operator.create_postgres_table scheduled__2022-01-23T00:00:00+00:00 [queued]>
[2022-07-30 18:44:02,760] {taskinstance.py:1356} INFO - 
--------------------------------------------------------------------------------
[2022-07-30 18:44:02,760] {taskinstance.py:1357} INFO - Starting attempt 4 of 6
[2022-07-30 18:44:02,761] {taskinstance.py:1358} INFO - 
--------------------------------------------------------------------------------
[2022-07-30 18:44:02,780] {taskinstance.py:1377} INFO - Executing <Task(PostgresOperator): create_postgres_table> on 2022-01-23 00:00:00+00:00
[2022-07-30 18:44:02,786] {standard_task_runner.py:52} INFO - Started process 3885 to run task
[2022-07-30 18:44:02,795] {standard_task_runner.py:79} INFO - Running: ['***', 'tasks', 'run', 'dag_with_postgres_operator', 'create_postgres_table', 'scheduled__2022-01-23T00:00:00+00:00', '--job-id', '245', '--raw', '--subdir', 'DAGS_FOLDER/DAGWithPostgresOperator.py', '--cfg-path', '/tmp/tmpicvtm6zj', '--error-file', '/tmp/tmpzf4p9yzg']
[2022-07-30 18:44:02,796] {standard_task_runner.py:80} INFO - Job 245: Subtask create_postgres_table
[2022-07-30 18:44:02,880] {task_command.py:369} INFO - Running <TaskInstance: dag_with_postgres_operator.create_postgres_table scheduled__2022-01-23T00:00:00+00:00 [running]> on host 66bf18ec08cc
[2022-07-30 18:44:02,983] {taskinstance.py:1571} INFO - Exporting the following env vars:
AIRFLOW_CTX_DAG_OWNER=yosr
AIRFLOW_CTX_DAG_ID=dag_with_postgres_operator
AIRFLOW_CTX_TASK_ID=create_postgres_table
AIRFLOW_CTX_EXECUTION_DATE=2022-01-23T00:00:00+00:00
AIRFLOW_CTX_TRY_NUMBER=4
AIRFLOW_CTX_DAG_RUN_ID=scheduled__2022-01-23T00:00:00+00:00
[2022-07-30 18:44:02,996] {base.py:68} INFO - Using connection ID 'postgres_localhost' for task execution.
[2022-07-30 18:44:02,998] {taskinstance.py:1889} ERROR - Task failed with exception
Traceback (most recent call last):
  File "/home/airflow/.local/lib/python3.7/site-packages/airflow/providers/postgres/operators/postgres.py", line 92, in execute
    self.hook.run(self.sql, self.autocommit, parameters=self.parameters)
  File "/home/airflow/.local/lib/python3.7/site-packages/airflow/hooks/dbapi.py", line 181, in run
    with closing(self.get_conn()) as conn:
  File "/home/airflow/.local/lib/python3.7/site-packages/airflow/providers/postgres/hooks/postgres.py", line 113, in get_conn
    self.conn = psycopg2.connect(**conn_args)
  File "/home/airflow/.local/lib/python3.7/site-packages/psycopg2/__init__.py", line 122, in connect
    conn = _connect(dsn, connection_factory=connection_factory, **kwasync)
psycopg2.OperationalError: could not translate host name "host.docker.internal " to address: Name or service not known

[2022-07-30 18:44:03,014] {taskinstance.py:1400} INFO - Marking task as UP_FOR_RETRY. dag_id=dag_with_postgres_operator, task_id=create_postgres_table, execution_date=20220123T000000, start_date=20220730T184402, end_date=20220730T184403
[2022-07-30 18:44:03,034] {standard_task_runner.py:97} ERROR - Failed to execute job 245 for task create_postgres_table (could not translate host name "host.docker.internal " to address: Name or service not known
; 3885)
[2022-07-30 18:44:03,051] {local_task_job.py:156} INFO - Task exited with return code 1
[2022-07-30 18:44:03,128] {local_task_job.py:273} INFO - 0 downstream tasks scheduled from follow-on schedule check
[2022-07-31 09:46:07,312] {taskinstance.py:1159} INFO - Dependencies all met for <TaskInstance: dag_with_postgres_operator.create_postgres_table scheduled__2022-01-23T00:00:00+00:00 [queued]>
[2022-07-31 09:46:07,372] {taskinstance.py:1159} INFO - Dependencies all met for <TaskInstance: dag_with_postgres_operator.create_postgres_table scheduled__2022-01-23T00:00:00+00:00 [queued]>
[2022-07-31 09:46:07,372] {taskinstance.py:1356} INFO - 
--------------------------------------------------------------------------------
[2022-07-31 09:46:07,372] {taskinstance.py:1357} INFO - Starting attempt 4 of 6
[2022-07-31 09:46:07,373] {taskinstance.py:1358} INFO - 
--------------------------------------------------------------------------------
[2022-07-31 09:46:07,466] {taskinstance.py:1377} INFO - Executing <Task(PostgresOperator): create_postgres_table> on 2022-01-23 00:00:00+00:00
[2022-07-31 09:46:07,476] {standard_task_runner.py:52} INFO - Started process 362 to run task
[2022-07-31 09:46:07,521] {standard_task_runner.py:79} INFO - Running: ['***', 'tasks', 'run', 'dag_with_postgres_operator', 'create_postgres_table', 'scheduled__2022-01-23T00:00:00+00:00', '--job-id', '1253', '--raw', '--subdir', 'DAGS_FOLDER/DAGWithPostgresOperator.py', '--cfg-path', '/tmp/tmpryde8bbd', '--error-file', '/tmp/tmp30quo2_7']
[2022-07-31 09:46:07,522] {standard_task_runner.py:80} INFO - Job 1253: Subtask create_postgres_table
[2022-07-31 09:46:07,838] {task_command.py:369} INFO - Running <TaskInstance: dag_with_postgres_operator.create_postgres_table scheduled__2022-01-23T00:00:00+00:00 [running]> on host 66bf18ec08cc
[2022-07-31 09:46:08,270] {taskinstance.py:1571} INFO - Exporting the following env vars:
AIRFLOW_CTX_DAG_OWNER=yosr
AIRFLOW_CTX_DAG_ID=dag_with_postgres_operator
AIRFLOW_CTX_TASK_ID=create_postgres_table
AIRFLOW_CTX_EXECUTION_DATE=2022-01-23T00:00:00+00:00
AIRFLOW_CTX_TRY_NUMBER=4
AIRFLOW_CTX_DAG_RUN_ID=scheduled__2022-01-23T00:00:00+00:00
[2022-07-31 09:46:08,346] {base.py:68} INFO - Using connection ID 'postgres_localhost' for task execution.
[2022-07-31 09:46:08,348] {taskinstance.py:1889} ERROR - Task failed with exception
Traceback (most recent call last):
  File "/home/airflow/.local/lib/python3.7/site-packages/airflow/providers/postgres/operators/postgres.py", line 92, in execute
    self.hook.run(self.sql, self.autocommit, parameters=self.parameters)
  File "/home/airflow/.local/lib/python3.7/site-packages/airflow/hooks/dbapi.py", line 181, in run
    with closing(self.get_conn()) as conn:
  File "/home/airflow/.local/lib/python3.7/site-packages/airflow/providers/postgres/hooks/postgres.py", line 113, in get_conn
    self.conn = psycopg2.connect(**conn_args)
  File "/home/airflow/.local/lib/python3.7/site-packages/psycopg2/__init__.py", line 122, in connect
    conn = _connect(dsn, connection_factory=connection_factory, **kwasync)
psycopg2.OperationalError: could not translate host name "host.docker.local " to address: Name or service not known

[2022-07-31 09:46:08,406] {taskinstance.py:1400} INFO - Marking task as UP_FOR_RETRY. dag_id=dag_with_postgres_operator, task_id=create_postgres_table, execution_date=20220123T000000, start_date=20220731T094607, end_date=20220731T094608
[2022-07-31 09:46:08,445] {standard_task_runner.py:97} ERROR - Failed to execute job 1253 for task create_postgres_table (could not translate host name "host.docker.local " to address: Name or service not known
; 362)
[2022-07-31 09:46:08,472] {local_task_job.py:156} INFO - Task exited with return code 1
[2022-07-31 09:46:08,616] {local_task_job.py:273} INFO - 0 downstream tasks scheduled from follow-on schedule check
[2022-07-31 14:15:26,396] {taskinstance.py:1159} INFO - Dependencies all met for <TaskInstance: dag_with_postgres_operator.create_postgres_table scheduled__2022-01-23T00:00:00+00:00 [queued]>
[2022-07-31 14:15:26,457] {taskinstance.py:1159} INFO - Dependencies all met for <TaskInstance: dag_with_postgres_operator.create_postgres_table scheduled__2022-01-23T00:00:00+00:00 [queued]>
[2022-07-31 14:15:26,458] {taskinstance.py:1356} INFO - 
--------------------------------------------------------------------------------
[2022-07-31 14:15:26,458] {taskinstance.py:1357} INFO - Starting attempt 4 of 6
[2022-07-31 14:15:26,458] {taskinstance.py:1358} INFO - 
--------------------------------------------------------------------------------
[2022-07-31 14:15:26,482] {taskinstance.py:1377} INFO - Executing <Task(PostgresOperator): create_postgres_table> on 2022-01-23 00:00:00+00:00
[2022-07-31 14:15:26,490] {standard_task_runner.py:52} INFO - Started process 4285 to run task
[2022-07-31 14:15:26,495] {standard_task_runner.py:79} INFO - Running: ['***', 'tasks', 'run', 'dag_with_postgres_operator', 'create_postgres_table', 'scheduled__2022-01-23T00:00:00+00:00', '--job-id', '246', '--raw', '--subdir', 'DAGS_FOLDER/DAGWithPostgresOperator.py', '--cfg-path', '/tmp/tmpy40cjxqx', '--error-file', '/tmp/tmpjbe_92qh']
[2022-07-31 14:15:26,495] {standard_task_runner.py:80} INFO - Job 246: Subtask create_postgres_table
[2022-07-31 14:15:26,594] {task_command.py:369} INFO - Running <TaskInstance: dag_with_postgres_operator.create_postgres_table scheduled__2022-01-23T00:00:00+00:00 [running]> on host 4688dd3b7141
[2022-07-31 14:15:26,731] {taskinstance.py:1571} INFO - Exporting the following env vars:
AIRFLOW_CTX_DAG_OWNER=yosr
AIRFLOW_CTX_DAG_ID=dag_with_postgres_operator
AIRFLOW_CTX_TASK_ID=create_postgres_table
AIRFLOW_CTX_EXECUTION_DATE=2022-01-23T00:00:00+00:00
AIRFLOW_CTX_TRY_NUMBER=4
AIRFLOW_CTX_DAG_RUN_ID=scheduled__2022-01-23T00:00:00+00:00
[2022-07-31 14:15:26,790] {taskinstance.py:1889} ERROR - Task failed with exception
Traceback (most recent call last):
  File "/home/airflow/.local/lib/python3.7/site-packages/airflow/providers/postgres/operators/postgres.py", line 92, in execute
    self.hook.run(self.sql, self.autocommit, parameters=self.parameters)
  File "/home/airflow/.local/lib/python3.7/site-packages/airflow/hooks/dbapi.py", line 181, in run
    with closing(self.get_conn()) as conn:
  File "/home/airflow/.local/lib/python3.7/site-packages/airflow/providers/postgres/hooks/postgres.py", line 86, in get_conn
    conn = deepcopy(self.connection or self.get_connection(conn_id))
  File "/home/airflow/.local/lib/python3.7/site-packages/airflow/hooks/base.py", line 67, in get_connection
    conn = Connection.get_connection_from_secrets(conn_id)
  File "/home/airflow/.local/lib/python3.7/site-packages/airflow/models/connection.py", line 430, in get_connection_from_secrets
    raise AirflowNotFoundException(f"The conn_id `{conn_id}` isn't defined")
airflow.exceptions.AirflowNotFoundException: The conn_id `postgres_localhost` isn't defined
[2022-07-31 14:15:26,798] {taskinstance.py:1400} INFO - Marking task as UP_FOR_RETRY. dag_id=dag_with_postgres_operator, task_id=create_postgres_table, execution_date=20220123T000000, start_date=20220731T141526, end_date=20220731T141526
[2022-07-31 14:15:26,822] {standard_task_runner.py:97} ERROR - Failed to execute job 246 for task create_postgres_table (The conn_id `postgres_localhost` isn't defined; 4285)
[2022-07-31 14:15:26,838] {local_task_job.py:156} INFO - Task exited with return code 1
[2022-07-31 14:15:26,912] {local_task_job.py:273} INFO - 0 downstream tasks scheduled from follow-on schedule check
