[2022-07-29 11:58:53,692] {taskinstance.py:1159} INFO - Dependencies all met for <TaskInstance: dag_with_taskflow_api.get_name scheduled__2022-05-14T00:00:00+00:00 [queued]>
[2022-07-29 11:58:53,708] {taskinstance.py:1159} INFO - Dependencies all met for <TaskInstance: dag_with_taskflow_api.get_name scheduled__2022-05-14T00:00:00+00:00 [queued]>
[2022-07-29 11:58:53,709] {taskinstance.py:1356} INFO - 
--------------------------------------------------------------------------------
[2022-07-29 11:58:53,709] {taskinstance.py:1357} INFO - Starting attempt 1 of 6
[2022-07-29 11:58:53,709] {taskinstance.py:1358} INFO - 
--------------------------------------------------------------------------------
[2022-07-29 11:58:53,732] {taskinstance.py:1377} INFO - Executing <Task(_PythonDecoratedOperator): get_name> on 2022-05-14 00:00:00+00:00
[2022-07-29 11:58:53,739] {standard_task_runner.py:52} INFO - Started process 9461 to run task
[2022-07-29 11:58:53,742] {standard_task_runner.py:79} INFO - Running: ['***', 'tasks', 'run', 'dag_with_taskflow_api', 'get_name', 'scheduled__2022-05-14T00:00:00+00:00', '--job-id', '1895', '--raw', '--subdir', 'DAGS_FOLDER/DagWithTaskflowApi.py', '--cfg-path', '/tmp/tmpxjv9s2ib', '--error-file', '/tmp/tmpf07vojrm']
[2022-07-29 11:58:53,743] {standard_task_runner.py:80} INFO - Job 1895: Subtask get_name
[2022-07-29 11:58:53,850] {task_command.py:369} INFO - Running <TaskInstance: dag_with_taskflow_api.get_name scheduled__2022-05-14T00:00:00+00:00 [running]> on host 9f0f006fc89d
[2022-07-29 11:58:53,969] {taskinstance.py:1571} INFO - Exporting the following env vars:
AIRFLOW_CTX_DAG_OWNER=yosr
AIRFLOW_CTX_DAG_ID=dag_with_taskflow_api
AIRFLOW_CTX_TASK_ID=get_name
AIRFLOW_CTX_EXECUTION_DATE=2022-05-14T00:00:00+00:00
AIRFLOW_CTX_TRY_NUMBER=1
AIRFLOW_CTX_DAG_RUN_ID=scheduled__2022-05-14T00:00:00+00:00
[2022-07-29 11:58:53,971] {python.py:173} INFO - Done. Returned value was: {'first_name': 'yosr', 'last_name': 'hb'}
[2022-07-29 11:58:54,065] {taskinstance.py:1400} INFO - Marking task as SUCCESS. dag_id=dag_with_taskflow_api, task_id=get_name, execution_date=20220514T000000, start_date=20220729T115853, end_date=20220729T115854
[2022-07-29 11:58:54,099] {local_task_job.py:156} INFO - Task exited with return code 0
[2022-07-29 11:58:54,201] {local_task_job.py:273} INFO - 0 downstream tasks scheduled from follow-on schedule check
