[2022-07-29 12:22:43,084] {taskinstance.py:1159} INFO - Dependencies all met for <TaskInstance: dag_with_cron_expression.task1 scheduled__2022-06-24T03:00:00+00:00 [queued]>
[2022-07-29 12:22:43,100] {taskinstance.py:1159} INFO - Dependencies all met for <TaskInstance: dag_with_cron_expression.task1 scheduled__2022-06-24T03:00:00+00:00 [queued]>
[2022-07-29 12:22:43,100] {taskinstance.py:1356} INFO - 
--------------------------------------------------------------------------------
[2022-07-29 12:22:43,100] {taskinstance.py:1357} INFO - Starting attempt 1 of 6
[2022-07-29 12:22:43,100] {taskinstance.py:1358} INFO - 
--------------------------------------------------------------------------------
[2022-07-29 12:22:43,123] {taskinstance.py:1377} INFO - Executing <Task(BashOperator): task1> on 2022-06-24 03:00:00+00:00
[2022-07-29 12:22:43,131] {standard_task_runner.py:52} INFO - Started process 11449 to run task
[2022-07-29 12:22:43,139] {standard_task_runner.py:79} INFO - Running: ['***', 'tasks', 'run', 'dag_with_cron_expression', 'task1', 'scheduled__2022-06-24T03:00:00+00:00', '--job-id', '2272', '--raw', '--subdir', 'DAGS_FOLDER/DagWithCronExpression.py', '--cfg-path', '/tmp/tmpljrdwgab', '--error-file', '/tmp/tmprope9lex']
[2022-07-29 12:22:43,139] {standard_task_runner.py:80} INFO - Job 2272: Subtask task1
[2022-07-29 12:22:43,216] {task_command.py:369} INFO - Running <TaskInstance: dag_with_cron_expression.task1 scheduled__2022-06-24T03:00:00+00:00 [running]> on host 9f0f006fc89d
[2022-07-29 12:22:43,325] {taskinstance.py:1571} INFO - Exporting the following env vars:
AIRFLOW_CTX_DAG_OWNER=yosr
AIRFLOW_CTX_DAG_ID=dag_with_cron_expression
AIRFLOW_CTX_TASK_ID=task1
AIRFLOW_CTX_EXECUTION_DATE=2022-06-24T03:00:00+00:00
AIRFLOW_CTX_TRY_NUMBER=1
AIRFLOW_CTX_DAG_RUN_ID=scheduled__2022-06-24T03:00:00+00:00
[2022-07-29 12:22:43,326] {subprocess.py:62} INFO - Tmp dir root location: 
 /tmp
[2022-07-29 12:22:43,326] {subprocess.py:74} INFO - Running command: ['bash', '-c', 'echo dag with cron expression!']
[2022-07-29 12:22:43,337] {subprocess.py:85} INFO - Output:
[2022-07-29 12:22:43,339] {subprocess.py:92} INFO - dag with cron expression!
[2022-07-29 12:22:43,340] {subprocess.py:96} INFO - Command exited with return code 0
[2022-07-29 12:22:43,376] {taskinstance.py:1400} INFO - Marking task as SUCCESS. dag_id=dag_with_cron_expression, task_id=task1, execution_date=20220624T030000, start_date=20220729T122243, end_date=20220729T122243
[2022-07-29 12:22:43,434] {local_task_job.py:156} INFO - Task exited with return code 0
[2022-07-29 12:22:43,475] {local_task_job.py:273} INFO - 0 downstream tasks scheduled from follow-on schedule check
