[2022-07-29 11:55:57,322] {taskinstance.py:1159} INFO - Dependencies all met for <TaskInstance: dag_with_taskflow_api.get_age scheduled__2021-11-08T00:00:00+00:00 [queued]>
[2022-07-29 11:55:57,340] {taskinstance.py:1159} INFO - Dependencies all met for <TaskInstance: dag_with_taskflow_api.get_age scheduled__2021-11-08T00:00:00+00:00 [queued]>
[2022-07-29 11:55:57,341] {taskinstance.py:1356} INFO - 
--------------------------------------------------------------------------------
[2022-07-29 11:55:57,341] {taskinstance.py:1357} INFO - Starting attempt 1 of 6
[2022-07-29 11:55:57,342] {taskinstance.py:1358} INFO - 
--------------------------------------------------------------------------------
[2022-07-29 11:55:57,367] {taskinstance.py:1377} INFO - Executing <Task(_PythonDecoratedOperator): get_age> on 2021-11-08 00:00:00+00:00
[2022-07-29 11:55:57,373] {standard_task_runner.py:52} INFO - Started process 8205 to run task
[2022-07-29 11:55:57,385] {standard_task_runner.py:79} INFO - Running: ['***', 'tasks', 'run', 'dag_with_taskflow_api', 'get_age', 'scheduled__2021-11-08T00:00:00+00:00', '--job-id', '1334', '--raw', '--subdir', 'DAGS_FOLDER/DagWithTaskflowApi.py', '--cfg-path', '/tmp/tmpo27vs9f8', '--error-file', '/tmp/tmp_fnorfp5']
[2022-07-29 11:55:57,385] {standard_task_runner.py:80} INFO - Job 1334: Subtask get_age
[2022-07-29 11:55:57,478] {task_command.py:369} INFO - Running <TaskInstance: dag_with_taskflow_api.get_age scheduled__2021-11-08T00:00:00+00:00 [running]> on host 9f0f006fc89d
[2022-07-29 11:55:57,607] {taskinstance.py:1571} INFO - Exporting the following env vars:
AIRFLOW_CTX_DAG_OWNER=yosr
AIRFLOW_CTX_DAG_ID=dag_with_taskflow_api
AIRFLOW_CTX_TASK_ID=get_age
AIRFLOW_CTX_EXECUTION_DATE=2021-11-08T00:00:00+00:00
AIRFLOW_CTX_TRY_NUMBER=1
AIRFLOW_CTX_DAG_RUN_ID=scheduled__2021-11-08T00:00:00+00:00
[2022-07-29 11:55:57,608] {python.py:173} INFO - Done. Returned value was: 19
[2022-07-29 11:55:57,652] {taskinstance.py:1400} INFO - Marking task as SUCCESS. dag_id=dag_with_taskflow_api, task_id=get_age, execution_date=20211108T000000, start_date=20220729T115557, end_date=20220729T115557
[2022-07-29 11:55:57,676] {local_task_job.py:156} INFO - Task exited with return code 0
[2022-07-29 11:55:57,762] {local_task_job.py:273} INFO - 0 downstream tasks scheduled from follow-on schedule check
