[2022-07-29 11:56:47,260] {taskinstance.py:1159} INFO - Dependencies all met for <TaskInstance: dag_with_taskflow_api.greet scheduled__2021-12-31T00:00:00+00:00 [queued]>
[2022-07-29 11:56:47,275] {taskinstance.py:1159} INFO - Dependencies all met for <TaskInstance: dag_with_taskflow_api.greet scheduled__2021-12-31T00:00:00+00:00 [queued]>
[2022-07-29 11:56:47,276] {taskinstance.py:1356} INFO - 
--------------------------------------------------------------------------------
[2022-07-29 11:56:47,276] {taskinstance.py:1357} INFO - Starting attempt 1 of 6
[2022-07-29 11:56:47,276] {taskinstance.py:1358} INFO - 
--------------------------------------------------------------------------------
[2022-07-29 11:56:47,294] {taskinstance.py:1377} INFO - Executing <Task(_PythonDecoratedOperator): greet> on 2021-12-31 00:00:00+00:00
[2022-07-29 11:56:47,300] {standard_task_runner.py:52} INFO - Started process 8568 to run task
[2022-07-29 11:56:47,303] {standard_task_runner.py:79} INFO - Running: ['***', 'tasks', 'run', 'dag_with_taskflow_api', 'greet', 'scheduled__2021-12-31T00:00:00+00:00', '--job-id', '1499', '--raw', '--subdir', 'DAGS_FOLDER/DagWithTaskflowApi.py', '--cfg-path', '/tmp/tmpei0tyuu3', '--error-file', '/tmp/tmpgh1ctv27']
[2022-07-29 11:56:47,303] {standard_task_runner.py:80} INFO - Job 1499: Subtask greet
[2022-07-29 11:56:47,384] {task_command.py:369} INFO - Running <TaskInstance: dag_with_taskflow_api.greet scheduled__2021-12-31T00:00:00+00:00 [running]> on host 9f0f006fc89d
[2022-07-29 11:56:47,547] {taskinstance.py:1571} INFO - Exporting the following env vars:
AIRFLOW_CTX_DAG_OWNER=yosr
AIRFLOW_CTX_DAG_ID=dag_with_taskflow_api
AIRFLOW_CTX_TASK_ID=greet
AIRFLOW_CTX_EXECUTION_DATE=2021-12-31T00:00:00+00:00
AIRFLOW_CTX_TRY_NUMBER=1
AIRFLOW_CTX_DAG_RUN_ID=scheduled__2021-12-31T00:00:00+00:00
[2022-07-29 11:56:47,548] {logging_mixin.py:115} INFO - Hello World! My name is yosr hb and I am 22 years old!
[2022-07-29 11:56:47,548] {python.py:173} INFO - Done. Returned value was: None
[2022-07-29 11:56:47,571] {taskinstance.py:1400} INFO - Marking task as SUCCESS. dag_id=dag_with_taskflow_api, task_id=greet, execution_date=20211231T000000, start_date=20220729T115647, end_date=20220729T115647
[2022-07-29 11:56:47,604] {local_task_job.py:156} INFO - Task exited with return code 0
[2022-07-29 11:56:47,647] {local_task_job.py:273} INFO - 0 downstream tasks scheduled from follow-on schedule check
