[2022-07-31 15:15:47,403] {taskinstance.py:1159} INFO - Dependencies all met for <TaskInstance: dag_with_python_dependencies.get_sklearn scheduled__2021-11-02T00:00:00+00:00 [queued]>
[2022-07-31 15:15:47,419] {taskinstance.py:1159} INFO - Dependencies all met for <TaskInstance: dag_with_python_dependencies.get_sklearn scheduled__2021-11-02T00:00:00+00:00 [queued]>
[2022-07-31 15:15:47,419] {taskinstance.py:1356} INFO - 
--------------------------------------------------------------------------------
[2022-07-31 15:15:47,420] {taskinstance.py:1357} INFO - Starting attempt 1 of 1
[2022-07-31 15:15:47,420] {taskinstance.py:1358} INFO - 
--------------------------------------------------------------------------------
[2022-07-31 15:15:47,443] {taskinstance.py:1377} INFO - Executing <Task(PythonOperator): get_sklearn> on 2021-11-02 00:00:00+00:00
[2022-07-31 15:15:47,448] {standard_task_runner.py:52} INFO - Started process 7615 to run task
[2022-07-31 15:15:47,453] {standard_task_runner.py:79} INFO - Running: ['***', 'tasks', 'run', 'dag_with_python_dependencies', 'get_sklearn', 'scheduled__2021-11-02T00:00:00+00:00', '--job-id', '522', '--raw', '--subdir', 'DAGS_FOLDER/DAGWithPythonDependencies.py', '--cfg-path', '/tmp/tmp3we6v43_', '--error-file', '/tmp/tmpeneykmii']
[2022-07-31 15:15:47,453] {standard_task_runner.py:80} INFO - Job 522: Subtask get_sklearn
[2022-07-31 15:15:47,530] {task_command.py:369} INFO - Running <TaskInstance: dag_with_python_dependencies.get_sklearn scheduled__2021-11-02T00:00:00+00:00 [running]> on host 4688dd3b7141
[2022-07-31 15:15:47,645] {taskinstance.py:1571} INFO - Exporting the following env vars:
AIRFLOW_CTX_DAG_OWNER=yosr
AIRFLOW_CTX_DAG_ID=dag_with_python_dependencies
AIRFLOW_CTX_TASK_ID=get_sklearn
AIRFLOW_CTX_EXECUTION_DATE=2021-11-02T00:00:00+00:00
AIRFLOW_CTX_TRY_NUMBER=1
AIRFLOW_CTX_DAG_RUN_ID=scheduled__2021-11-02T00:00:00+00:00
[2022-07-31 15:15:47,647] {taskinstance.py:1889} ERROR - Task failed with exception
Traceback (most recent call last):
  File "/home/airflow/.local/lib/python3.7/site-packages/airflow/operators/python.py", line 171, in execute
    return_value = self.execute_callable()
  File "/home/airflow/.local/lib/python3.7/site-packages/airflow/operators/python.py", line 189, in execute_callable
    return self.python_callable(*self.op_args, **self.op_kwargs)
  File "/opt/airflow/dags/DAGWithPythonDependencies.py", line 15, in get_sklearn
    import sklearn
ModuleNotFoundError: No module named 'sklearn'
[2022-07-31 15:15:47,666] {taskinstance.py:1400} INFO - Marking task as FAILED. dag_id=dag_with_python_dependencies, task_id=get_sklearn, execution_date=20211102T000000, start_date=20220731T151547, end_date=20220731T151547
[2022-07-31 15:15:47,696] {standard_task_runner.py:97} ERROR - Failed to execute job 522 for task get_sklearn (No module named 'sklearn'; 7615)
[2022-07-31 15:15:47,710] {local_task_job.py:156} INFO - Task exited with return code 1
[2022-07-31 15:15:47,779] {local_task_job.py:273} INFO - 0 downstream tasks scheduled from follow-on schedule check
