[2022-07-30 19:14:19,857] {taskinstance.py:1159} INFO - Dependencies all met for <TaskInstance: dag_with_postgres_operator.create_postgres_table scheduled__2022-02-08T00:00:00+00:00 [queued]>
[2022-07-30 19:14:19,873] {taskinstance.py:1159} INFO - Dependencies all met for <TaskInstance: dag_with_postgres_operator.create_postgres_table scheduled__2022-02-08T00:00:00+00:00 [queued]>
[2022-07-30 19:14:19,874] {taskinstance.py:1356} INFO - 
--------------------------------------------------------------------------------
[2022-07-30 19:14:19,874] {taskinstance.py:1357} INFO - Starting attempt 5 of 6
[2022-07-30 19:14:19,874] {taskinstance.py:1358} INFO - 
--------------------------------------------------------------------------------
[2022-07-30 19:14:19,894] {taskinstance.py:1377} INFO - Executing <Task(PostgresOperator): create_postgres_table> on 2022-02-08 00:00:00+00:00
[2022-07-30 19:14:19,899] {standard_task_runner.py:52} INFO - Started process 5512 to run task
[2022-07-30 19:14:19,902] {standard_task_runner.py:79} INFO - Running: ['***', 'tasks', 'run', 'dag_with_postgres_operator', 'create_postgres_table', 'scheduled__2022-02-08T00:00:00+00:00', '--job-id', '359', '--raw', '--subdir', 'DAGS_FOLDER/DAGWithPostgresOperator.py', '--cfg-path', '/tmp/tmp1b_5ebfp', '--error-file', '/tmp/tmp4znc5mir']
[2022-07-30 19:14:19,903] {standard_task_runner.py:80} INFO - Job 359: Subtask create_postgres_table
[2022-07-30 19:14:19,968] {task_command.py:369} INFO - Running <TaskInstance: dag_with_postgres_operator.create_postgres_table scheduled__2022-02-08T00:00:00+00:00 [running]> on host 66bf18ec08cc
[2022-07-30 19:14:20,060] {taskinstance.py:1571} INFO - Exporting the following env vars:
AIRFLOW_CTX_DAG_OWNER=yosr
AIRFLOW_CTX_DAG_ID=dag_with_postgres_operator
AIRFLOW_CTX_TASK_ID=create_postgres_table
AIRFLOW_CTX_EXECUTION_DATE=2022-02-08T00:00:00+00:00
AIRFLOW_CTX_TRY_NUMBER=5
AIRFLOW_CTX_DAG_RUN_ID=scheduled__2022-02-08T00:00:00+00:00
[2022-07-30 19:14:20,074] {base.py:68} INFO - Using connection ID 'postgres_localhost' for task execution.
[2022-07-30 19:14:20,075] {taskinstance.py:1889} ERROR - Task failed with exception
Traceback (most recent call last):
  File "/home/airflow/.local/lib/python3.7/site-packages/airflow/providers/postgres/operators/postgres.py", line 92, in execute
    self.hook.run(self.sql, self.autocommit, parameters=self.parameters)
  File "/home/airflow/.local/lib/python3.7/site-packages/airflow/hooks/dbapi.py", line 181, in run
    with closing(self.get_conn()) as conn:
  File "/home/airflow/.local/lib/python3.7/site-packages/airflow/providers/postgres/hooks/postgres.py", line 113, in get_conn
    self.conn = psycopg2.connect(**conn_args)
  File "/home/airflow/.local/lib/python3.7/site-packages/psycopg2/__init__.py", line 122, in connect
    conn = _connect(dsn, connection_factory=connection_factory, **kwasync)
psycopg2.OperationalError: could not translate host name "host.docker.internal " to address: Name or service not known

[2022-07-30 19:14:20,087] {taskinstance.py:1400} INFO - Marking task as UP_FOR_RETRY. dag_id=dag_with_postgres_operator, task_id=create_postgres_table, execution_date=20220208T000000, start_date=20220730T191419, end_date=20220730T191420
[2022-07-30 19:14:20,102] {standard_task_runner.py:97} ERROR - Failed to execute job 359 for task create_postgres_table (could not translate host name "host.docker.internal " to address: Name or service not known
; 5512)
[2022-07-30 19:14:20,121] {local_task_job.py:156} INFO - Task exited with return code 1
[2022-07-30 19:14:20,168] {local_task_job.py:273} INFO - 0 downstream tasks scheduled from follow-on schedule check
[2022-07-31 10:16:35,675] {taskinstance.py:1159} INFO - Dependencies all met for <TaskInstance: dag_with_postgres_operator.create_postgres_table scheduled__2022-02-08T00:00:00+00:00 [queued]>
[2022-07-31 10:16:35,693] {taskinstance.py:1159} INFO - Dependencies all met for <TaskInstance: dag_with_postgres_operator.create_postgres_table scheduled__2022-02-08T00:00:00+00:00 [queued]>
[2022-07-31 10:16:35,693] {taskinstance.py:1356} INFO - 
--------------------------------------------------------------------------------
[2022-07-31 10:16:35,694] {taskinstance.py:1357} INFO - Starting attempt 5 of 6
[2022-07-31 10:16:35,694] {taskinstance.py:1358} INFO - 
--------------------------------------------------------------------------------
[2022-07-31 10:16:35,720] {taskinstance.py:1377} INFO - Executing <Task(PostgresOperator): create_postgres_table> on 2022-02-08 00:00:00+00:00
[2022-07-31 10:16:35,726] {standard_task_runner.py:52} INFO - Started process 1986 to run task
[2022-07-31 10:16:35,731] {standard_task_runner.py:79} INFO - Running: ['***', 'tasks', 'run', 'dag_with_postgres_operator', 'create_postgres_table', 'scheduled__2022-02-08T00:00:00+00:00', '--job-id', '1368', '--raw', '--subdir', 'DAGS_FOLDER/DAGWithPostgresOperator.py', '--cfg-path', '/tmp/tmp5l9flsku', '--error-file', '/tmp/tmphabmwivk']
[2022-07-31 10:16:35,731] {standard_task_runner.py:80} INFO - Job 1368: Subtask create_postgres_table
[2022-07-31 10:16:35,808] {task_command.py:369} INFO - Running <TaskInstance: dag_with_postgres_operator.create_postgres_table scheduled__2022-02-08T00:00:00+00:00 [running]> on host 66bf18ec08cc
[2022-07-31 10:16:35,901] {taskinstance.py:1571} INFO - Exporting the following env vars:
AIRFLOW_CTX_DAG_OWNER=yosr
AIRFLOW_CTX_DAG_ID=dag_with_postgres_operator
AIRFLOW_CTX_TASK_ID=create_postgres_table
AIRFLOW_CTX_EXECUTION_DATE=2022-02-08T00:00:00+00:00
AIRFLOW_CTX_TRY_NUMBER=5
AIRFLOW_CTX_DAG_RUN_ID=scheduled__2022-02-08T00:00:00+00:00
[2022-07-31 10:16:35,916] {base.py:68} INFO - Using connection ID 'postgres_localhost' for task execution.
[2022-07-31 10:16:35,918] {taskinstance.py:1889} ERROR - Task failed with exception
Traceback (most recent call last):
  File "/home/airflow/.local/lib/python3.7/site-packages/airflow/providers/postgres/operators/postgres.py", line 92, in execute
    self.hook.run(self.sql, self.autocommit, parameters=self.parameters)
  File "/home/airflow/.local/lib/python3.7/site-packages/airflow/hooks/dbapi.py", line 181, in run
    with closing(self.get_conn()) as conn:
  File "/home/airflow/.local/lib/python3.7/site-packages/airflow/providers/postgres/hooks/postgres.py", line 113, in get_conn
    self.conn = psycopg2.connect(**conn_args)
  File "/home/airflow/.local/lib/python3.7/site-packages/psycopg2/__init__.py", line 122, in connect
    conn = _connect(dsn, connection_factory=connection_factory, **kwasync)
psycopg2.OperationalError: could not translate host name "host.docker.local " to address: Name or service not known

[2022-07-31 10:16:35,932] {taskinstance.py:1400} INFO - Marking task as UP_FOR_RETRY. dag_id=dag_with_postgres_operator, task_id=create_postgres_table, execution_date=20220208T000000, start_date=20220731T101635, end_date=20220731T101635
[2022-07-31 10:16:35,948] {standard_task_runner.py:97} ERROR - Failed to execute job 1368 for task create_postgres_table (could not translate host name "host.docker.local " to address: Name or service not known
; 1986)
[2022-07-31 10:16:35,988] {local_task_job.py:156} INFO - Task exited with return code 1
[2022-07-31 10:16:36,037] {local_task_job.py:273} INFO - 0 downstream tasks scheduled from follow-on schedule check
[2022-07-31 14:46:09,665] {taskinstance.py:1159} INFO - Dependencies all met for <TaskInstance: dag_with_postgres_operator.create_postgres_table scheduled__2022-02-08T00:00:00+00:00 [queued]>
[2022-07-31 14:46:09,683] {taskinstance.py:1159} INFO - Dependencies all met for <TaskInstance: dag_with_postgres_operator.create_postgres_table scheduled__2022-02-08T00:00:00+00:00 [queued]>
[2022-07-31 14:46:09,683] {taskinstance.py:1356} INFO - 
--------------------------------------------------------------------------------
[2022-07-31 14:46:09,683] {taskinstance.py:1357} INFO - Starting attempt 5 of 6
[2022-07-31 14:46:09,683] {taskinstance.py:1358} INFO - 
--------------------------------------------------------------------------------
[2022-07-31 14:46:09,705] {taskinstance.py:1377} INFO - Executing <Task(PostgresOperator): create_postgres_table> on 2022-02-08 00:00:00+00:00
[2022-07-31 14:46:09,711] {standard_task_runner.py:52} INFO - Started process 5953 to run task
[2022-07-31 14:46:09,716] {standard_task_runner.py:79} INFO - Running: ['***', 'tasks', 'run', 'dag_with_postgres_operator', 'create_postgres_table', 'scheduled__2022-02-08T00:00:00+00:00', '--job-id', '361', '--raw', '--subdir', 'DAGS_FOLDER/DAGWithPostgresOperator.py', '--cfg-path', '/tmp/tmporbgwnhp', '--error-file', '/tmp/tmp9r7wy_6d']
[2022-07-31 14:46:09,717] {standard_task_runner.py:80} INFO - Job 361: Subtask create_postgres_table
[2022-07-31 14:46:09,816] {task_command.py:369} INFO - Running <TaskInstance: dag_with_postgres_operator.create_postgres_table scheduled__2022-02-08T00:00:00+00:00 [running]> on host 4688dd3b7141
[2022-07-31 14:46:09,948] {taskinstance.py:1571} INFO - Exporting the following env vars:
AIRFLOW_CTX_DAG_OWNER=yosr
AIRFLOW_CTX_DAG_ID=dag_with_postgres_operator
AIRFLOW_CTX_TASK_ID=create_postgres_table
AIRFLOW_CTX_EXECUTION_DATE=2022-02-08T00:00:00+00:00
AIRFLOW_CTX_TRY_NUMBER=5
AIRFLOW_CTX_DAG_RUN_ID=scheduled__2022-02-08T00:00:00+00:00
[2022-07-31 14:46:09,971] {base.py:68} INFO - Using connection ID 'postgres_localhost' for task execution.
[2022-07-31 14:46:24,985] {taskinstance.py:1889} ERROR - Task failed with exception
Traceback (most recent call last):
  File "/home/airflow/.local/lib/python3.7/site-packages/airflow/providers/postgres/operators/postgres.py", line 92, in execute
    self.hook.run(self.sql, self.autocommit, parameters=self.parameters)
  File "/home/airflow/.local/lib/python3.7/site-packages/airflow/hooks/dbapi.py", line 181, in run
    with closing(self.get_conn()) as conn:
  File "/home/airflow/.local/lib/python3.7/site-packages/airflow/providers/postgres/hooks/postgres.py", line 113, in get_conn
    self.conn = psycopg2.connect(**conn_args)
  File "/home/airflow/.local/lib/python3.7/site-packages/psycopg2/__init__.py", line 122, in connect
    conn = _connect(dsn, connection_factory=connection_factory, **kwasync)
psycopg2.OperationalError: could not translate host name "host.docker.local" to address: Temporary failure in name resolution

[2022-07-31 14:46:25,010] {taskinstance.py:1400} INFO - Marking task as UP_FOR_RETRY. dag_id=dag_with_postgres_operator, task_id=create_postgres_table, execution_date=20220208T000000, start_date=20220731T144609, end_date=20220731T144625
[2022-07-31 14:46:25,124] {standard_task_runner.py:97} ERROR - Failed to execute job 361 for task create_postgres_table (could not translate host name "host.docker.local" to address: Temporary failure in name resolution
; 5953)
[2022-07-31 14:46:25,141] {local_task_job.py:156} INFO - Task exited with return code 1
[2022-07-31 14:46:25,193] {local_task_job.py:273} INFO - 0 downstream tasks scheduled from follow-on schedule check
