[2022-07-30 19:04:17,963] {taskinstance.py:1159} INFO - Dependencies all met for <TaskInstance: dag_with_postgres_operator.create_postgres_table scheduled__2022-02-08T00:00:00+00:00 [queued]>
[2022-07-30 19:04:17,982] {taskinstance.py:1159} INFO - Dependencies all met for <TaskInstance: dag_with_postgres_operator.create_postgres_table scheduled__2022-02-08T00:00:00+00:00 [queued]>
[2022-07-30 19:04:17,982] {taskinstance.py:1356} INFO - 
--------------------------------------------------------------------------------
[2022-07-30 19:04:17,982] {taskinstance.py:1357} INFO - Starting attempt 3 of 6
[2022-07-30 19:04:17,983] {taskinstance.py:1358} INFO - 
--------------------------------------------------------------------------------
[2022-07-30 19:04:18,007] {taskinstance.py:1377} INFO - Executing <Task(PostgresOperator): create_postgres_table> on 2022-02-08 00:00:00+00:00
[2022-07-30 19:04:18,013] {standard_task_runner.py:52} INFO - Started process 4989 to run task
[2022-07-30 19:04:18,017] {standard_task_runner.py:79} INFO - Running: ['***', 'tasks', 'run', 'dag_with_postgres_operator', 'create_postgres_table', 'scheduled__2022-02-08T00:00:00+00:00', '--job-id', '327', '--raw', '--subdir', 'DAGS_FOLDER/DAGWithPostgresOperator.py', '--cfg-path', '/tmp/tmp5da7cle3', '--error-file', '/tmp/tmps6zi8q_y']
[2022-07-30 19:04:18,018] {standard_task_runner.py:80} INFO - Job 327: Subtask create_postgres_table
[2022-07-30 19:04:18,105] {task_command.py:369} INFO - Running <TaskInstance: dag_with_postgres_operator.create_postgres_table scheduled__2022-02-08T00:00:00+00:00 [running]> on host 66bf18ec08cc
[2022-07-30 19:04:18,213] {taskinstance.py:1571} INFO - Exporting the following env vars:
AIRFLOW_CTX_DAG_OWNER=yosr
AIRFLOW_CTX_DAG_ID=dag_with_postgres_operator
AIRFLOW_CTX_TASK_ID=create_postgres_table
AIRFLOW_CTX_EXECUTION_DATE=2022-02-08T00:00:00+00:00
AIRFLOW_CTX_TRY_NUMBER=3
AIRFLOW_CTX_DAG_RUN_ID=scheduled__2022-02-08T00:00:00+00:00
[2022-07-30 19:04:18,227] {base.py:68} INFO - Using connection ID 'postgres_localhost' for task execution.
[2022-07-30 19:04:18,229] {taskinstance.py:1889} ERROR - Task failed with exception
Traceback (most recent call last):
  File "/home/airflow/.local/lib/python3.7/site-packages/airflow/providers/postgres/operators/postgres.py", line 92, in execute
    self.hook.run(self.sql, self.autocommit, parameters=self.parameters)
  File "/home/airflow/.local/lib/python3.7/site-packages/airflow/hooks/dbapi.py", line 181, in run
    with closing(self.get_conn()) as conn:
  File "/home/airflow/.local/lib/python3.7/site-packages/airflow/providers/postgres/hooks/postgres.py", line 113, in get_conn
    self.conn = psycopg2.connect(**conn_args)
  File "/home/airflow/.local/lib/python3.7/site-packages/psycopg2/__init__.py", line 122, in connect
    conn = _connect(dsn, connection_factory=connection_factory, **kwasync)
psycopg2.OperationalError: could not translate host name "host.docker.internal " to address: Name or service not known

[2022-07-30 19:04:18,239] {taskinstance.py:1400} INFO - Marking task as UP_FOR_RETRY. dag_id=dag_with_postgres_operator, task_id=create_postgres_table, execution_date=20220208T000000, start_date=20220730T190417, end_date=20220730T190418
[2022-07-30 19:04:18,254] {standard_task_runner.py:97} ERROR - Failed to execute job 327 for task create_postgres_table (could not translate host name "host.docker.internal " to address: Name or service not known
; 4989)
[2022-07-30 19:04:18,280] {local_task_job.py:156} INFO - Task exited with return code 1
[2022-07-30 19:04:18,420] {local_task_job.py:273} INFO - 0 downstream tasks scheduled from follow-on schedule check
[2022-07-31 10:06:33,931] {taskinstance.py:1159} INFO - Dependencies all met for <TaskInstance: dag_with_postgres_operator.create_postgres_table scheduled__2022-02-08T00:00:00+00:00 [queued]>
[2022-07-31 10:06:33,948] {taskinstance.py:1159} INFO - Dependencies all met for <TaskInstance: dag_with_postgres_operator.create_postgres_table scheduled__2022-02-08T00:00:00+00:00 [queued]>
[2022-07-31 10:06:33,949] {taskinstance.py:1356} INFO - 
--------------------------------------------------------------------------------
[2022-07-31 10:06:33,949] {taskinstance.py:1357} INFO - Starting attempt 3 of 6
[2022-07-31 10:06:33,949] {taskinstance.py:1358} INFO - 
--------------------------------------------------------------------------------
[2022-07-31 10:06:33,970] {taskinstance.py:1377} INFO - Executing <Task(PostgresOperator): create_postgres_table> on 2022-02-08 00:00:00+00:00
[2022-07-31 10:06:33,976] {standard_task_runner.py:52} INFO - Started process 1458 to run task
[2022-07-31 10:06:33,981] {standard_task_runner.py:79} INFO - Running: ['***', 'tasks', 'run', 'dag_with_postgres_operator', 'create_postgres_table', 'scheduled__2022-02-08T00:00:00+00:00', '--job-id', '1334', '--raw', '--subdir', 'DAGS_FOLDER/DAGWithPostgresOperator.py', '--cfg-path', '/tmp/tmp4rtxgdmq', '--error-file', '/tmp/tmpaov5sey7']
[2022-07-31 10:06:33,982] {standard_task_runner.py:80} INFO - Job 1334: Subtask create_postgres_table
[2022-07-31 10:06:34,065] {task_command.py:369} INFO - Running <TaskInstance: dag_with_postgres_operator.create_postgres_table scheduled__2022-02-08T00:00:00+00:00 [running]> on host 66bf18ec08cc
[2022-07-31 10:06:34,173] {taskinstance.py:1571} INFO - Exporting the following env vars:
AIRFLOW_CTX_DAG_OWNER=yosr
AIRFLOW_CTX_DAG_ID=dag_with_postgres_operator
AIRFLOW_CTX_TASK_ID=create_postgres_table
AIRFLOW_CTX_EXECUTION_DATE=2022-02-08T00:00:00+00:00
AIRFLOW_CTX_TRY_NUMBER=3
AIRFLOW_CTX_DAG_RUN_ID=scheduled__2022-02-08T00:00:00+00:00
[2022-07-31 10:06:34,186] {base.py:68} INFO - Using connection ID 'postgres_localhost' for task execution.
[2022-07-31 10:06:34,187] {taskinstance.py:1889} ERROR - Task failed with exception
Traceback (most recent call last):
  File "/home/airflow/.local/lib/python3.7/site-packages/airflow/providers/postgres/operators/postgres.py", line 92, in execute
    self.hook.run(self.sql, self.autocommit, parameters=self.parameters)
  File "/home/airflow/.local/lib/python3.7/site-packages/airflow/hooks/dbapi.py", line 181, in run
    with closing(self.get_conn()) as conn:
  File "/home/airflow/.local/lib/python3.7/site-packages/airflow/providers/postgres/hooks/postgres.py", line 113, in get_conn
    self.conn = psycopg2.connect(**conn_args)
  File "/home/airflow/.local/lib/python3.7/site-packages/psycopg2/__init__.py", line 122, in connect
    conn = _connect(dsn, connection_factory=connection_factory, **kwasync)
psycopg2.OperationalError: could not translate host name "host.docker.local " to address: Name or service not known

[2022-07-31 10:06:34,199] {taskinstance.py:1400} INFO - Marking task as UP_FOR_RETRY. dag_id=dag_with_postgres_operator, task_id=create_postgres_table, execution_date=20220208T000000, start_date=20220731T100633, end_date=20220731T100634
[2022-07-31 10:06:34,216] {standard_task_runner.py:97} ERROR - Failed to execute job 1334 for task create_postgres_table (could not translate host name "host.docker.local " to address: Name or service not known
; 1458)
[2022-07-31 10:06:34,241] {local_task_job.py:156} INFO - Task exited with return code 1
[2022-07-31 10:06:34,308] {local_task_job.py:273} INFO - 0 downstream tasks scheduled from follow-on schedule check
[2022-07-31 14:35:37,230] {taskinstance.py:1159} INFO - Dependencies all met for <TaskInstance: dag_with_postgres_operator.create_postgres_table scheduled__2022-02-08T00:00:00+00:00 [queued]>
[2022-07-31 14:35:37,267] {taskinstance.py:1159} INFO - Dependencies all met for <TaskInstance: dag_with_postgres_operator.create_postgres_table scheduled__2022-02-08T00:00:00+00:00 [queued]>
[2022-07-31 14:35:37,268] {taskinstance.py:1356} INFO - 
--------------------------------------------------------------------------------
[2022-07-31 14:35:37,269] {taskinstance.py:1357} INFO - Starting attempt 3 of 6
[2022-07-31 14:35:37,269] {taskinstance.py:1358} INFO - 
--------------------------------------------------------------------------------
[2022-07-31 14:35:37,295] {taskinstance.py:1377} INFO - Executing <Task(PostgresOperator): create_postgres_table> on 2022-02-08 00:00:00+00:00
[2022-07-31 14:35:37,304] {standard_task_runner.py:52} INFO - Started process 5381 to run task
[2022-07-31 14:35:37,310] {standard_task_runner.py:79} INFO - Running: ['***', 'tasks', 'run', 'dag_with_postgres_operator', 'create_postgres_table', 'scheduled__2022-02-08T00:00:00+00:00', '--job-id', '328', '--raw', '--subdir', 'DAGS_FOLDER/DAGWithPostgresOperator.py', '--cfg-path', '/tmp/tmpxs8bclye', '--error-file', '/tmp/tmpbb1n79v_']
[2022-07-31 14:35:37,311] {standard_task_runner.py:80} INFO - Job 328: Subtask create_postgres_table
[2022-07-31 14:35:37,432] {task_command.py:369} INFO - Running <TaskInstance: dag_with_postgres_operator.create_postgres_table scheduled__2022-02-08T00:00:00+00:00 [running]> on host 4688dd3b7141
[2022-07-31 14:35:37,578] {taskinstance.py:1571} INFO - Exporting the following env vars:
AIRFLOW_CTX_DAG_OWNER=yosr
AIRFLOW_CTX_DAG_ID=dag_with_postgres_operator
AIRFLOW_CTX_TASK_ID=create_postgres_table
AIRFLOW_CTX_EXECUTION_DATE=2022-02-08T00:00:00+00:00
AIRFLOW_CTX_TRY_NUMBER=3
AIRFLOW_CTX_DAG_RUN_ID=scheduled__2022-02-08T00:00:00+00:00
[2022-07-31 14:35:37,599] {base.py:68} INFO - Using connection ID 'postgres_localhost' for task execution.
[2022-07-31 14:35:52,613] {taskinstance.py:1889} ERROR - Task failed with exception
Traceback (most recent call last):
  File "/home/airflow/.local/lib/python3.7/site-packages/airflow/providers/postgres/operators/postgres.py", line 92, in execute
    self.hook.run(self.sql, self.autocommit, parameters=self.parameters)
  File "/home/airflow/.local/lib/python3.7/site-packages/airflow/hooks/dbapi.py", line 181, in run
    with closing(self.get_conn()) as conn:
  File "/home/airflow/.local/lib/python3.7/site-packages/airflow/providers/postgres/hooks/postgres.py", line 113, in get_conn
    self.conn = psycopg2.connect(**conn_args)
  File "/home/airflow/.local/lib/python3.7/site-packages/psycopg2/__init__.py", line 122, in connect
    conn = _connect(dsn, connection_factory=connection_factory, **kwasync)
psycopg2.OperationalError: could not translate host name "host.docker.local" to address: Temporary failure in name resolution

[2022-07-31 14:35:52,635] {taskinstance.py:1400} INFO - Marking task as UP_FOR_RETRY. dag_id=dag_with_postgres_operator, task_id=create_postgres_table, execution_date=20220208T000000, start_date=20220731T143537, end_date=20220731T143552
[2022-07-31 14:35:52,669] {standard_task_runner.py:97} ERROR - Failed to execute job 328 for task create_postgres_table (could not translate host name "host.docker.local" to address: Temporary failure in name resolution
; 5381)
[2022-07-31 14:35:52,690] {local_task_job.py:156} INFO - Task exited with return code 1
[2022-07-31 14:35:52,756] {local_task_job.py:273} INFO - 0 downstream tasks scheduled from follow-on schedule check
