[2022-07-30 18:54:15,953] {taskinstance.py:1159} INFO - Dependencies all met for <TaskInstance: dag_with_postgres_operator.create_postgres_table scheduled__2022-02-08T00:00:00+00:00 [queued]>
[2022-07-30 18:54:15,980] {taskinstance.py:1159} INFO - Dependencies all met for <TaskInstance: dag_with_postgres_operator.create_postgres_table scheduled__2022-02-08T00:00:00+00:00 [queued]>
[2022-07-30 18:54:15,981] {taskinstance.py:1356} INFO - 
--------------------------------------------------------------------------------
[2022-07-30 18:54:15,981] {taskinstance.py:1357} INFO - Starting attempt 1 of 6
[2022-07-30 18:54:15,981] {taskinstance.py:1358} INFO - 
--------------------------------------------------------------------------------
[2022-07-30 18:54:16,009] {taskinstance.py:1377} INFO - Executing <Task(PostgresOperator): create_postgres_table> on 2022-02-08 00:00:00+00:00
[2022-07-30 18:54:16,013] {standard_task_runner.py:52} INFO - Started process 4458 to run task
[2022-07-30 18:54:16,017] {standard_task_runner.py:79} INFO - Running: ['***', 'tasks', 'run', 'dag_with_postgres_operator', 'create_postgres_table', 'scheduled__2022-02-08T00:00:00+00:00', '--job-id', '294', '--raw', '--subdir', 'DAGS_FOLDER/DAGWithPostgresOperator.py', '--cfg-path', '/tmp/tmpkvrcc8vy', '--error-file', '/tmp/tmpxy6lsp38']
[2022-07-30 18:54:16,018] {standard_task_runner.py:80} INFO - Job 294: Subtask create_postgres_table
[2022-07-30 18:54:16,100] {task_command.py:369} INFO - Running <TaskInstance: dag_with_postgres_operator.create_postgres_table scheduled__2022-02-08T00:00:00+00:00 [running]> on host 66bf18ec08cc
[2022-07-30 18:54:16,226] {taskinstance.py:1571} INFO - Exporting the following env vars:
AIRFLOW_CTX_DAG_OWNER=yosr
AIRFLOW_CTX_DAG_ID=dag_with_postgres_operator
AIRFLOW_CTX_TASK_ID=create_postgres_table
AIRFLOW_CTX_EXECUTION_DATE=2022-02-08T00:00:00+00:00
AIRFLOW_CTX_TRY_NUMBER=1
AIRFLOW_CTX_DAG_RUN_ID=scheduled__2022-02-08T00:00:00+00:00
[2022-07-30 18:54:16,240] {base.py:68} INFO - Using connection ID 'postgres_localhost' for task execution.
[2022-07-30 18:54:16,242] {taskinstance.py:1889} ERROR - Task failed with exception
Traceback (most recent call last):
  File "/home/airflow/.local/lib/python3.7/site-packages/airflow/providers/postgres/operators/postgres.py", line 92, in execute
    self.hook.run(self.sql, self.autocommit, parameters=self.parameters)
  File "/home/airflow/.local/lib/python3.7/site-packages/airflow/hooks/dbapi.py", line 181, in run
    with closing(self.get_conn()) as conn:
  File "/home/airflow/.local/lib/python3.7/site-packages/airflow/providers/postgres/hooks/postgres.py", line 113, in get_conn
    self.conn = psycopg2.connect(**conn_args)
  File "/home/airflow/.local/lib/python3.7/site-packages/psycopg2/__init__.py", line 122, in connect
    conn = _connect(dsn, connection_factory=connection_factory, **kwasync)
psycopg2.OperationalError: could not translate host name "host.docker.internal " to address: Name or service not known

[2022-07-30 18:54:16,258] {taskinstance.py:1400} INFO - Marking task as UP_FOR_RETRY. dag_id=dag_with_postgres_operator, task_id=create_postgres_table, execution_date=20220208T000000, start_date=20220730T185415, end_date=20220730T185416
[2022-07-30 18:54:16,282] {standard_task_runner.py:97} ERROR - Failed to execute job 294 for task create_postgres_table (could not translate host name "host.docker.internal " to address: Name or service not known
; 4458)
[2022-07-30 18:54:16,317] {local_task_job.py:156} INFO - Task exited with return code 1
[2022-07-30 18:54:16,377] {local_task_job.py:273} INFO - 0 downstream tasks scheduled from follow-on schedule check
[2022-07-31 09:56:32,013] {taskinstance.py:1159} INFO - Dependencies all met for <TaskInstance: dag_with_postgres_operator.create_postgres_table scheduled__2022-02-08T00:00:00+00:00 [queued]>
[2022-07-31 09:56:32,028] {taskinstance.py:1159} INFO - Dependencies all met for <TaskInstance: dag_with_postgres_operator.create_postgres_table scheduled__2022-02-08T00:00:00+00:00 [queued]>
[2022-07-31 09:56:32,029] {taskinstance.py:1356} INFO - 
--------------------------------------------------------------------------------
[2022-07-31 09:56:32,030] {taskinstance.py:1357} INFO - Starting attempt 1 of 6
[2022-07-31 09:56:32,030] {taskinstance.py:1358} INFO - 
--------------------------------------------------------------------------------
[2022-07-31 09:56:32,052] {taskinstance.py:1377} INFO - Executing <Task(PostgresOperator): create_postgres_table> on 2022-02-08 00:00:00+00:00
[2022-07-31 09:56:32,056] {standard_task_runner.py:52} INFO - Started process 939 to run task
[2022-07-31 09:56:32,060] {standard_task_runner.py:79} INFO - Running: ['***', 'tasks', 'run', 'dag_with_postgres_operator', 'create_postgres_table', 'scheduled__2022-02-08T00:00:00+00:00', '--job-id', '1304', '--raw', '--subdir', 'DAGS_FOLDER/DAGWithPostgresOperator.py', '--cfg-path', '/tmp/tmpd1fzq7z0', '--error-file', '/tmp/tmp7ium2b56']
[2022-07-31 09:56:32,060] {standard_task_runner.py:80} INFO - Job 1304: Subtask create_postgres_table
[2022-07-31 09:56:32,131] {task_command.py:369} INFO - Running <TaskInstance: dag_with_postgres_operator.create_postgres_table scheduled__2022-02-08T00:00:00+00:00 [running]> on host 66bf18ec08cc
[2022-07-31 09:56:32,218] {taskinstance.py:1571} INFO - Exporting the following env vars:
AIRFLOW_CTX_DAG_OWNER=yosr
AIRFLOW_CTX_DAG_ID=dag_with_postgres_operator
AIRFLOW_CTX_TASK_ID=create_postgres_table
AIRFLOW_CTX_EXECUTION_DATE=2022-02-08T00:00:00+00:00
AIRFLOW_CTX_TRY_NUMBER=1
AIRFLOW_CTX_DAG_RUN_ID=scheduled__2022-02-08T00:00:00+00:00
[2022-07-31 09:56:32,230] {base.py:68} INFO - Using connection ID 'postgres_localhost' for task execution.
[2022-07-31 09:56:32,231] {taskinstance.py:1889} ERROR - Task failed with exception
Traceback (most recent call last):
  File "/home/airflow/.local/lib/python3.7/site-packages/airflow/providers/postgres/operators/postgres.py", line 92, in execute
    self.hook.run(self.sql, self.autocommit, parameters=self.parameters)
  File "/home/airflow/.local/lib/python3.7/site-packages/airflow/hooks/dbapi.py", line 181, in run
    with closing(self.get_conn()) as conn:
  File "/home/airflow/.local/lib/python3.7/site-packages/airflow/providers/postgres/hooks/postgres.py", line 113, in get_conn
    self.conn = psycopg2.connect(**conn_args)
  File "/home/airflow/.local/lib/python3.7/site-packages/psycopg2/__init__.py", line 122, in connect
    conn = _connect(dsn, connection_factory=connection_factory, **kwasync)
psycopg2.OperationalError: could not translate host name "host.docker.local " to address: Name or service not known

[2022-07-31 09:56:32,243] {taskinstance.py:1400} INFO - Marking task as UP_FOR_RETRY. dag_id=dag_with_postgres_operator, task_id=create_postgres_table, execution_date=20220208T000000, start_date=20220731T095632, end_date=20220731T095632
[2022-07-31 09:56:32,264] {standard_task_runner.py:97} ERROR - Failed to execute job 1304 for task create_postgres_table (could not translate host name "host.docker.local " to address: Name or service not known
; 939)
[2022-07-31 09:56:32,277] {local_task_job.py:156} INFO - Task exited with return code 1
[2022-07-31 09:56:32,323] {local_task_job.py:273} INFO - 0 downstream tasks scheduled from follow-on schedule check
[2022-07-31 14:25:35,164] {taskinstance.py:1159} INFO - Dependencies all met for <TaskInstance: dag_with_postgres_operator.create_postgres_table scheduled__2022-02-08T00:00:00+00:00 [queued]>
[2022-07-31 14:25:35,183] {taskinstance.py:1159} INFO - Dependencies all met for <TaskInstance: dag_with_postgres_operator.create_postgres_table scheduled__2022-02-08T00:00:00+00:00 [queued]>
[2022-07-31 14:25:35,183] {taskinstance.py:1356} INFO - 
--------------------------------------------------------------------------------
[2022-07-31 14:25:35,183] {taskinstance.py:1357} INFO - Starting attempt 1 of 6
[2022-07-31 14:25:35,183] {taskinstance.py:1358} INFO - 
--------------------------------------------------------------------------------
[2022-07-31 14:25:35,206] {taskinstance.py:1377} INFO - Executing <Task(PostgresOperator): create_postgres_table> on 2022-02-08 00:00:00+00:00
[2022-07-31 14:25:35,211] {standard_task_runner.py:52} INFO - Started process 4849 to run task
[2022-07-31 14:25:35,216] {standard_task_runner.py:79} INFO - Running: ['***', 'tasks', 'run', 'dag_with_postgres_operator', 'create_postgres_table', 'scheduled__2022-02-08T00:00:00+00:00', '--job-id', '294', '--raw', '--subdir', 'DAGS_FOLDER/DAGWithPostgresOperator.py', '--cfg-path', '/tmp/tmpciaj9d4y', '--error-file', '/tmp/tmpwpipn446']
[2022-07-31 14:25:35,216] {standard_task_runner.py:80} INFO - Job 294: Subtask create_postgres_table
[2022-07-31 14:25:35,295] {task_command.py:369} INFO - Running <TaskInstance: dag_with_postgres_operator.create_postgres_table scheduled__2022-02-08T00:00:00+00:00 [running]> on host 4688dd3b7141
[2022-07-31 14:25:35,394] {taskinstance.py:1571} INFO - Exporting the following env vars:
AIRFLOW_CTX_DAG_OWNER=yosr
AIRFLOW_CTX_DAG_ID=dag_with_postgres_operator
AIRFLOW_CTX_TASK_ID=create_postgres_table
AIRFLOW_CTX_EXECUTION_DATE=2022-02-08T00:00:00+00:00
AIRFLOW_CTX_TRY_NUMBER=1
AIRFLOW_CTX_DAG_RUN_ID=scheduled__2022-02-08T00:00:00+00:00
[2022-07-31 14:25:35,437] {taskinstance.py:1889} ERROR - Task failed with exception
Traceback (most recent call last):
  File "/home/airflow/.local/lib/python3.7/site-packages/airflow/providers/postgres/operators/postgres.py", line 92, in execute
    self.hook.run(self.sql, self.autocommit, parameters=self.parameters)
  File "/home/airflow/.local/lib/python3.7/site-packages/airflow/hooks/dbapi.py", line 181, in run
    with closing(self.get_conn()) as conn:
  File "/home/airflow/.local/lib/python3.7/site-packages/airflow/providers/postgres/hooks/postgres.py", line 86, in get_conn
    conn = deepcopy(self.connection or self.get_connection(conn_id))
  File "/home/airflow/.local/lib/python3.7/site-packages/airflow/hooks/base.py", line 67, in get_connection
    conn = Connection.get_connection_from_secrets(conn_id)
  File "/home/airflow/.local/lib/python3.7/site-packages/airflow/models/connection.py", line 430, in get_connection_from_secrets
    raise AirflowNotFoundException(f"The conn_id `{conn_id}` isn't defined")
airflow.exceptions.AirflowNotFoundException: The conn_id `postgres_localhost` isn't defined
[2022-07-31 14:25:35,443] {taskinstance.py:1400} INFO - Marking task as UP_FOR_RETRY. dag_id=dag_with_postgres_operator, task_id=create_postgres_table, execution_date=20220208T000000, start_date=20220731T142535, end_date=20220731T142535
[2022-07-31 14:25:35,459] {standard_task_runner.py:97} ERROR - Failed to execute job 294 for task create_postgres_table (The conn_id `postgres_localhost` isn't defined; 4849)
[2022-07-31 14:25:35,473] {local_task_job.py:156} INFO - Task exited with return code 1
[2022-07-31 14:25:35,524] {local_task_job.py:273} INFO - 0 downstream tasks scheduled from follow-on schedule check
