[2022-07-30 19:19:20,892] {taskinstance.py:1159} INFO - Dependencies all met for <TaskInstance: dag_with_postgres_operator.create_postgres_table scheduled__2022-02-08T00:00:00+00:00 [queued]>
[2022-07-30 19:19:20,910] {taskinstance.py:1159} INFO - Dependencies all met for <TaskInstance: dag_with_postgres_operator.create_postgres_table scheduled__2022-02-08T00:00:00+00:00 [queued]>
[2022-07-30 19:19:20,911] {taskinstance.py:1356} INFO - 
--------------------------------------------------------------------------------
[2022-07-30 19:19:20,911] {taskinstance.py:1357} INFO - Starting attempt 6 of 6
[2022-07-30 19:19:20,911] {taskinstance.py:1358} INFO - 
--------------------------------------------------------------------------------
[2022-07-30 19:19:20,926] {taskinstance.py:1377} INFO - Executing <Task(PostgresOperator): create_postgres_table> on 2022-02-08 00:00:00+00:00
[2022-07-30 19:19:20,935] {standard_task_runner.py:52} INFO - Started process 5777 to run task
[2022-07-30 19:19:20,937] {standard_task_runner.py:79} INFO - Running: ['***', 'tasks', 'run', 'dag_with_postgres_operator', 'create_postgres_table', 'scheduled__2022-02-08T00:00:00+00:00', '--job-id', '372', '--raw', '--subdir', 'DAGS_FOLDER/DAGWithPostgresOperator.py', '--cfg-path', '/tmp/tmpr4e8qc8s', '--error-file', '/tmp/tmpolp33ajh']
[2022-07-30 19:19:20,937] {standard_task_runner.py:80} INFO - Job 372: Subtask create_postgres_table
[2022-07-30 19:19:21,008] {task_command.py:369} INFO - Running <TaskInstance: dag_with_postgres_operator.create_postgres_table scheduled__2022-02-08T00:00:00+00:00 [running]> on host 66bf18ec08cc
[2022-07-30 19:19:21,097] {taskinstance.py:1571} INFO - Exporting the following env vars:
AIRFLOW_CTX_DAG_OWNER=yosr
AIRFLOW_CTX_DAG_ID=dag_with_postgres_operator
AIRFLOW_CTX_TASK_ID=create_postgres_table
AIRFLOW_CTX_EXECUTION_DATE=2022-02-08T00:00:00+00:00
AIRFLOW_CTX_TRY_NUMBER=6
AIRFLOW_CTX_DAG_RUN_ID=scheduled__2022-02-08T00:00:00+00:00
[2022-07-30 19:19:21,110] {base.py:68} INFO - Using connection ID 'postgres_localhost' for task execution.
[2022-07-30 19:19:21,112] {taskinstance.py:1889} ERROR - Task failed with exception
Traceback (most recent call last):
  File "/home/airflow/.local/lib/python3.7/site-packages/airflow/providers/postgres/operators/postgres.py", line 92, in execute
    self.hook.run(self.sql, self.autocommit, parameters=self.parameters)
  File "/home/airflow/.local/lib/python3.7/site-packages/airflow/hooks/dbapi.py", line 181, in run
    with closing(self.get_conn()) as conn:
  File "/home/airflow/.local/lib/python3.7/site-packages/airflow/providers/postgres/hooks/postgres.py", line 113, in get_conn
    self.conn = psycopg2.connect(**conn_args)
  File "/home/airflow/.local/lib/python3.7/site-packages/psycopg2/__init__.py", line 122, in connect
    conn = _connect(dsn, connection_factory=connection_factory, **kwasync)
psycopg2.OperationalError: could not translate host name "host.docker.internal " to address: Name or service not known

[2022-07-30 19:19:21,128] {taskinstance.py:1400} INFO - Marking task as FAILED. dag_id=dag_with_postgres_operator, task_id=create_postgres_table, execution_date=20220208T000000, start_date=20220730T191920, end_date=20220730T191921
[2022-07-30 19:19:21,141] {standard_task_runner.py:97} ERROR - Failed to execute job 372 for task create_postgres_table (could not translate host name "host.docker.internal " to address: Name or service not known
; 5777)
[2022-07-30 19:19:21,157] {local_task_job.py:156} INFO - Task exited with return code 1
[2022-07-30 19:19:21,213] {local_task_job.py:273} INFO - 0 downstream tasks scheduled from follow-on schedule check
[2022-07-31 10:21:36,420] {taskinstance.py:1159} INFO - Dependencies all met for <TaskInstance: dag_with_postgres_operator.create_postgres_table scheduled__2022-02-08T00:00:00+00:00 [queued]>
[2022-07-31 10:21:36,448] {taskinstance.py:1159} INFO - Dependencies all met for <TaskInstance: dag_with_postgres_operator.create_postgres_table scheduled__2022-02-08T00:00:00+00:00 [queued]>
[2022-07-31 10:21:36,448] {taskinstance.py:1356} INFO - 
--------------------------------------------------------------------------------
[2022-07-31 10:21:36,448] {taskinstance.py:1357} INFO - Starting attempt 6 of 6
[2022-07-31 10:21:36,448] {taskinstance.py:1358} INFO - 
--------------------------------------------------------------------------------
[2022-07-31 10:21:36,537] {taskinstance.py:1377} INFO - Executing <Task(PostgresOperator): create_postgres_table> on 2022-02-08 00:00:00+00:00
[2022-07-31 10:21:36,542] {standard_task_runner.py:52} INFO - Started process 2241 to run task
[2022-07-31 10:21:36,545] {standard_task_runner.py:79} INFO - Running: ['***', 'tasks', 'run', 'dag_with_postgres_operator', 'create_postgres_table', 'scheduled__2022-02-08T00:00:00+00:00', '--job-id', '1382', '--raw', '--subdir', 'DAGS_FOLDER/DAGWithPostgresOperator.py', '--cfg-path', '/tmp/tmpyoz5k7gu', '--error-file', '/tmp/tmppzzusrm2']
[2022-07-31 10:21:36,545] {standard_task_runner.py:80} INFO - Job 1382: Subtask create_postgres_table
[2022-07-31 10:21:36,699] {task_command.py:369} INFO - Running <TaskInstance: dag_with_postgres_operator.create_postgres_table scheduled__2022-02-08T00:00:00+00:00 [running]> on host 66bf18ec08cc
[2022-07-31 10:21:36,827] {taskinstance.py:1571} INFO - Exporting the following env vars:
AIRFLOW_CTX_DAG_OWNER=yosr
AIRFLOW_CTX_DAG_ID=dag_with_postgres_operator
AIRFLOW_CTX_TASK_ID=create_postgres_table
AIRFLOW_CTX_EXECUTION_DATE=2022-02-08T00:00:00+00:00
AIRFLOW_CTX_TRY_NUMBER=6
AIRFLOW_CTX_DAG_RUN_ID=scheduled__2022-02-08T00:00:00+00:00
[2022-07-31 10:21:36,851] {base.py:68} INFO - Using connection ID 'postgres_localhost' for task execution.
[2022-07-31 10:21:36,852] {taskinstance.py:1889} ERROR - Task failed with exception
Traceback (most recent call last):
  File "/home/airflow/.local/lib/python3.7/site-packages/airflow/providers/postgres/operators/postgres.py", line 92, in execute
    self.hook.run(self.sql, self.autocommit, parameters=self.parameters)
  File "/home/airflow/.local/lib/python3.7/site-packages/airflow/hooks/dbapi.py", line 181, in run
    with closing(self.get_conn()) as conn:
  File "/home/airflow/.local/lib/python3.7/site-packages/airflow/providers/postgres/hooks/postgres.py", line 113, in get_conn
    self.conn = psycopg2.connect(**conn_args)
  File "/home/airflow/.local/lib/python3.7/site-packages/psycopg2/__init__.py", line 122, in connect
    conn = _connect(dsn, connection_factory=connection_factory, **kwasync)
psycopg2.OperationalError: could not translate host name "host.docker.local " to address: Name or service not known

[2022-07-31 10:21:36,883] {taskinstance.py:1400} INFO - Marking task as FAILED. dag_id=dag_with_postgres_operator, task_id=create_postgres_table, execution_date=20220208T000000, start_date=20220731T102136, end_date=20220731T102136
[2022-07-31 10:21:36,905] {standard_task_runner.py:97} ERROR - Failed to execute job 1382 for task create_postgres_table (could not translate host name "host.docker.local " to address: Name or service not known
; 2241)
[2022-07-31 10:21:36,939] {local_task_job.py:156} INFO - Task exited with return code 1
[2022-07-31 10:21:37,016] {local_task_job.py:273} INFO - 0 downstream tasks scheduled from follow-on schedule check
[2022-07-31 14:51:25,961] {taskinstance.py:1159} INFO - Dependencies all met for <TaskInstance: dag_with_postgres_operator.create_postgres_table scheduled__2022-02-08T00:00:00+00:00 [queued]>
[2022-07-31 14:51:25,994] {taskinstance.py:1159} INFO - Dependencies all met for <TaskInstance: dag_with_postgres_operator.create_postgres_table scheduled__2022-02-08T00:00:00+00:00 [queued]>
[2022-07-31 14:51:25,994] {taskinstance.py:1356} INFO - 
--------------------------------------------------------------------------------
[2022-07-31 14:51:25,994] {taskinstance.py:1357} INFO - Starting attempt 6 of 6
[2022-07-31 14:51:25,995] {taskinstance.py:1358} INFO - 
--------------------------------------------------------------------------------
[2022-07-31 14:51:26,022] {taskinstance.py:1377} INFO - Executing <Task(PostgresOperator): create_postgres_table> on 2022-02-08 00:00:00+00:00
[2022-07-31 14:51:26,030] {standard_task_runner.py:52} INFO - Started process 6226 to run task
[2022-07-31 14:51:26,037] {standard_task_runner.py:79} INFO - Running: ['***', 'tasks', 'run', 'dag_with_postgres_operator', 'create_postgres_table', 'scheduled__2022-02-08T00:00:00+00:00', '--job-id', '380', '--raw', '--subdir', 'DAGS_FOLDER/DAGWithPostgresOperator.py', '--cfg-path', '/tmp/tmpvpw3ascc', '--error-file', '/tmp/tmpym2xxi6x']
[2022-07-31 14:51:26,038] {standard_task_runner.py:80} INFO - Job 380: Subtask create_postgres_table
[2022-07-31 14:51:26,188] {task_command.py:369} INFO - Running <TaskInstance: dag_with_postgres_operator.create_postgres_table scheduled__2022-02-08T00:00:00+00:00 [running]> on host 4688dd3b7141
[2022-07-31 14:51:26,244] {taskinstance.py:1889} ERROR - Task failed with exception
Traceback (most recent call last):
  File "/home/airflow/.local/lib/python3.7/site-packages/airflow/models/taskinstance.py", line 1451, in _run_raw_task
    self._execute_task_with_callbacks(context, test_mode)
  File "/home/airflow/.local/lib/python3.7/site-packages/airflow/models/taskinstance.py", line 1555, in _execute_task_with_callbacks
    task_orig = self.render_templates(context=context)
  File "/home/airflow/.local/lib/python3.7/site-packages/airflow/models/taskinstance.py", line 2202, in render_templates
    rendered_task = self.task.render_template_fields(context)
  File "/home/airflow/.local/lib/python3.7/site-packages/airflow/models/baseoperator.py", line 1179, in render_template_fields
    self._do_render_template_fields(self, self.template_fields, context, jinja_env, set())
  File "/home/airflow/.local/lib/python3.7/site-packages/airflow/utils/session.py", line 71, in wrapper
    return func(*args, session=session, **kwargs)
  File "/home/airflow/.local/lib/python3.7/site-packages/airflow/models/abstractoperator.py", line 348, in _do_render_template_fields
    seen_oids,
  File "/home/airflow/.local/lib/python3.7/site-packages/airflow/models/abstractoperator.py", line 385, in render_template
    template = jinja_env.get_template(value)
  File "/home/airflow/.local/lib/python3.7/site-packages/jinja2/environment.py", line 997, in get_template
    return self._load_template(name, globals)
  File "/home/airflow/.local/lib/python3.7/site-packages/jinja2/environment.py", line 958, in _load_template
    template = self.loader.load(self, name, self.make_globals(globals))
  File "/home/airflow/.local/lib/python3.7/site-packages/jinja2/loaders.py", line 125, in load
    source, filename, uptodate = self.get_source(environment, name)
  File "/home/airflow/.local/lib/python3.7/site-packages/jinja2/loaders.py", line 214, in get_source
    raise TemplateNotFound(template)
jinja2.exceptions.TemplateNotFound: /data/postgres/pet_schema.sql
[2022-07-31 14:51:26,273] {taskinstance.py:1400} INFO - Marking task as FAILED. dag_id=dag_with_postgres_operator, task_id=create_postgres_table, execution_date=20220208T000000, start_date=20220731T145125, end_date=20220731T145126
[2022-07-31 14:51:26,293] {standard_task_runner.py:97} ERROR - Failed to execute job 380 for task create_postgres_table (/data/postgres/pet_schema.sql; 6226)
[2022-07-31 14:51:26,340] {local_task_job.py:156} INFO - Task exited with return code 1
[2022-07-31 14:51:26,401] {local_task_job.py:273} INFO - 0 downstream tasks scheduled from follow-on schedule check
