[2022-07-30 18:59:17,000] {taskinstance.py:1159} INFO - Dependencies all met for <TaskInstance: dag_with_postgres_operator.create_postgres_table scheduled__2022-02-08T00:00:00+00:00 [queued]>
[2022-07-30 18:59:17,013] {taskinstance.py:1159} INFO - Dependencies all met for <TaskInstance: dag_with_postgres_operator.create_postgres_table scheduled__2022-02-08T00:00:00+00:00 [queued]>
[2022-07-30 18:59:17,013] {taskinstance.py:1356} INFO - 
--------------------------------------------------------------------------------
[2022-07-30 18:59:17,013] {taskinstance.py:1357} INFO - Starting attempt 2 of 6
[2022-07-30 18:59:17,013] {taskinstance.py:1358} INFO - 
--------------------------------------------------------------------------------
[2022-07-30 18:59:17,029] {taskinstance.py:1377} INFO - Executing <Task(PostgresOperator): create_postgres_table> on 2022-02-08 00:00:00+00:00
[2022-07-30 18:59:17,033] {standard_task_runner.py:52} INFO - Started process 4722 to run task
[2022-07-30 18:59:17,036] {standard_task_runner.py:79} INFO - Running: ['***', 'tasks', 'run', 'dag_with_postgres_operator', 'create_postgres_table', 'scheduled__2022-02-08T00:00:00+00:00', '--job-id', '311', '--raw', '--subdir', 'DAGS_FOLDER/DAGWithPostgresOperator.py', '--cfg-path', '/tmp/tmp_cb8t888', '--error-file', '/tmp/tmpkg8y5bi0']
[2022-07-30 18:59:17,037] {standard_task_runner.py:80} INFO - Job 311: Subtask create_postgres_table
[2022-07-30 18:59:17,102] {task_command.py:369} INFO - Running <TaskInstance: dag_with_postgres_operator.create_postgres_table scheduled__2022-02-08T00:00:00+00:00 [running]> on host 66bf18ec08cc
[2022-07-30 18:59:17,179] {taskinstance.py:1571} INFO - Exporting the following env vars:
AIRFLOW_CTX_DAG_OWNER=yosr
AIRFLOW_CTX_DAG_ID=dag_with_postgres_operator
AIRFLOW_CTX_TASK_ID=create_postgres_table
AIRFLOW_CTX_EXECUTION_DATE=2022-02-08T00:00:00+00:00
AIRFLOW_CTX_TRY_NUMBER=2
AIRFLOW_CTX_DAG_RUN_ID=scheduled__2022-02-08T00:00:00+00:00
[2022-07-30 18:59:17,188] {base.py:68} INFO - Using connection ID 'postgres_localhost' for task execution.
[2022-07-30 18:59:17,189] {taskinstance.py:1889} ERROR - Task failed with exception
Traceback (most recent call last):
  File "/home/airflow/.local/lib/python3.7/site-packages/airflow/providers/postgres/operators/postgres.py", line 92, in execute
    self.hook.run(self.sql, self.autocommit, parameters=self.parameters)
  File "/home/airflow/.local/lib/python3.7/site-packages/airflow/hooks/dbapi.py", line 181, in run
    with closing(self.get_conn()) as conn:
  File "/home/airflow/.local/lib/python3.7/site-packages/airflow/providers/postgres/hooks/postgres.py", line 113, in get_conn
    self.conn = psycopg2.connect(**conn_args)
  File "/home/airflow/.local/lib/python3.7/site-packages/psycopg2/__init__.py", line 122, in connect
    conn = _connect(dsn, connection_factory=connection_factory, **kwasync)
psycopg2.OperationalError: could not translate host name "host.docker.internal " to address: Name or service not known

[2022-07-30 18:59:17,199] {taskinstance.py:1400} INFO - Marking task as UP_FOR_RETRY. dag_id=dag_with_postgres_operator, task_id=create_postgres_table, execution_date=20220208T000000, start_date=20220730T185917, end_date=20220730T185917
[2022-07-30 18:59:17,212] {standard_task_runner.py:97} ERROR - Failed to execute job 311 for task create_postgres_table (could not translate host name "host.docker.internal " to address: Name or service not known
; 4722)
[2022-07-30 18:59:17,257] {local_task_job.py:156} INFO - Task exited with return code 1
[2022-07-30 18:59:17,320] {local_task_job.py:273} INFO - 0 downstream tasks scheduled from follow-on schedule check
[2022-07-31 10:01:32,921] {taskinstance.py:1159} INFO - Dependencies all met for <TaskInstance: dag_with_postgres_operator.create_postgres_table scheduled__2022-02-08T00:00:00+00:00 [queued]>
[2022-07-31 10:01:32,949] {taskinstance.py:1159} INFO - Dependencies all met for <TaskInstance: dag_with_postgres_operator.create_postgres_table scheduled__2022-02-08T00:00:00+00:00 [queued]>
[2022-07-31 10:01:32,949] {taskinstance.py:1356} INFO - 
--------------------------------------------------------------------------------
[2022-07-31 10:01:32,949] {taskinstance.py:1357} INFO - Starting attempt 2 of 6
[2022-07-31 10:01:32,949] {taskinstance.py:1358} INFO - 
--------------------------------------------------------------------------------
[2022-07-31 10:01:32,976] {taskinstance.py:1377} INFO - Executing <Task(PostgresOperator): create_postgres_table> on 2022-02-08 00:00:00+00:00
[2022-07-31 10:01:32,982] {standard_task_runner.py:52} INFO - Started process 1193 to run task
[2022-07-31 10:01:32,985] {standard_task_runner.py:79} INFO - Running: ['***', 'tasks', 'run', 'dag_with_postgres_operator', 'create_postgres_table', 'scheduled__2022-02-08T00:00:00+00:00', '--job-id', '1320', '--raw', '--subdir', 'DAGS_FOLDER/DAGWithPostgresOperator.py', '--cfg-path', '/tmp/tmprip2lhaf', '--error-file', '/tmp/tmphuq9hoin']
[2022-07-31 10:01:32,986] {standard_task_runner.py:80} INFO - Job 1320: Subtask create_postgres_table
[2022-07-31 10:01:33,079] {task_command.py:369} INFO - Running <TaskInstance: dag_with_postgres_operator.create_postgres_table scheduled__2022-02-08T00:00:00+00:00 [running]> on host 66bf18ec08cc
[2022-07-31 10:01:33,189] {taskinstance.py:1571} INFO - Exporting the following env vars:
AIRFLOW_CTX_DAG_OWNER=yosr
AIRFLOW_CTX_DAG_ID=dag_with_postgres_operator
AIRFLOW_CTX_TASK_ID=create_postgres_table
AIRFLOW_CTX_EXECUTION_DATE=2022-02-08T00:00:00+00:00
AIRFLOW_CTX_TRY_NUMBER=2
AIRFLOW_CTX_DAG_RUN_ID=scheduled__2022-02-08T00:00:00+00:00
[2022-07-31 10:01:33,204] {base.py:68} INFO - Using connection ID 'postgres_localhost' for task execution.
[2022-07-31 10:01:33,205] {taskinstance.py:1889} ERROR - Task failed with exception
Traceback (most recent call last):
  File "/home/airflow/.local/lib/python3.7/site-packages/airflow/providers/postgres/operators/postgres.py", line 92, in execute
    self.hook.run(self.sql, self.autocommit, parameters=self.parameters)
  File "/home/airflow/.local/lib/python3.7/site-packages/airflow/hooks/dbapi.py", line 181, in run
    with closing(self.get_conn()) as conn:
  File "/home/airflow/.local/lib/python3.7/site-packages/airflow/providers/postgres/hooks/postgres.py", line 113, in get_conn
    self.conn = psycopg2.connect(**conn_args)
  File "/home/airflow/.local/lib/python3.7/site-packages/psycopg2/__init__.py", line 122, in connect
    conn = _connect(dsn, connection_factory=connection_factory, **kwasync)
psycopg2.OperationalError: could not translate host name "host.docker.local " to address: Name or service not known

[2022-07-31 10:01:33,219] {taskinstance.py:1400} INFO - Marking task as UP_FOR_RETRY. dag_id=dag_with_postgres_operator, task_id=create_postgres_table, execution_date=20220208T000000, start_date=20220731T100132, end_date=20220731T100133
[2022-07-31 10:01:33,235] {standard_task_runner.py:97} ERROR - Failed to execute job 1320 for task create_postgres_table (could not translate host name "host.docker.local " to address: Name or service not known
; 1193)
[2022-07-31 10:01:33,249] {local_task_job.py:156} INFO - Task exited with return code 1
[2022-07-31 10:01:33,418] {local_task_job.py:273} INFO - 0 downstream tasks scheduled from follow-on schedule check
[2022-07-31 14:30:36,424] {taskinstance.py:1159} INFO - Dependencies all met for <TaskInstance: dag_with_postgres_operator.create_postgres_table scheduled__2022-02-08T00:00:00+00:00 [queued]>
[2022-07-31 14:30:36,439] {taskinstance.py:1159} INFO - Dependencies all met for <TaskInstance: dag_with_postgres_operator.create_postgres_table scheduled__2022-02-08T00:00:00+00:00 [queued]>
[2022-07-31 14:30:36,439] {taskinstance.py:1356} INFO - 
--------------------------------------------------------------------------------
[2022-07-31 14:30:36,440] {taskinstance.py:1357} INFO - Starting attempt 2 of 6
[2022-07-31 14:30:36,440] {taskinstance.py:1358} INFO - 
--------------------------------------------------------------------------------
[2022-07-31 14:30:36,462] {taskinstance.py:1377} INFO - Executing <Task(PostgresOperator): create_postgres_table> on 2022-02-08 00:00:00+00:00
[2022-07-31 14:30:36,467] {standard_task_runner.py:52} INFO - Started process 5119 to run task
[2022-07-31 14:30:36,470] {standard_task_runner.py:79} INFO - Running: ['***', 'tasks', 'run', 'dag_with_postgres_operator', 'create_postgres_table', 'scheduled__2022-02-08T00:00:00+00:00', '--job-id', '312', '--raw', '--subdir', 'DAGS_FOLDER/DAGWithPostgresOperator.py', '--cfg-path', '/tmp/tmpinqv3rii', '--error-file', '/tmp/tmphpepeiqs']
[2022-07-31 14:30:36,471] {standard_task_runner.py:80} INFO - Job 312: Subtask create_postgres_table
[2022-07-31 14:30:36,556] {task_command.py:369} INFO - Running <TaskInstance: dag_with_postgres_operator.create_postgres_table scheduled__2022-02-08T00:00:00+00:00 [running]> on host 4688dd3b7141
[2022-07-31 14:30:36,677] {taskinstance.py:1571} INFO - Exporting the following env vars:
AIRFLOW_CTX_DAG_OWNER=yosr
AIRFLOW_CTX_DAG_ID=dag_with_postgres_operator
AIRFLOW_CTX_TASK_ID=create_postgres_table
AIRFLOW_CTX_EXECUTION_DATE=2022-02-08T00:00:00+00:00
AIRFLOW_CTX_TRY_NUMBER=2
AIRFLOW_CTX_DAG_RUN_ID=scheduled__2022-02-08T00:00:00+00:00
[2022-07-31 14:30:36,723] {taskinstance.py:1889} ERROR - Task failed with exception
Traceback (most recent call last):
  File "/home/airflow/.local/lib/python3.7/site-packages/airflow/providers/postgres/operators/postgres.py", line 92, in execute
    self.hook.run(self.sql, self.autocommit, parameters=self.parameters)
  File "/home/airflow/.local/lib/python3.7/site-packages/airflow/hooks/dbapi.py", line 181, in run
    with closing(self.get_conn()) as conn:
  File "/home/airflow/.local/lib/python3.7/site-packages/airflow/providers/postgres/hooks/postgres.py", line 86, in get_conn
    conn = deepcopy(self.connection or self.get_connection(conn_id))
  File "/home/airflow/.local/lib/python3.7/site-packages/airflow/hooks/base.py", line 67, in get_connection
    conn = Connection.get_connection_from_secrets(conn_id)
  File "/home/airflow/.local/lib/python3.7/site-packages/airflow/models/connection.py", line 430, in get_connection_from_secrets
    raise AirflowNotFoundException(f"The conn_id `{conn_id}` isn't defined")
airflow.exceptions.AirflowNotFoundException: The conn_id `postgres_localhost` isn't defined
[2022-07-31 14:30:36,730] {taskinstance.py:1400} INFO - Marking task as UP_FOR_RETRY. dag_id=dag_with_postgres_operator, task_id=create_postgres_table, execution_date=20220208T000000, start_date=20220731T143036, end_date=20220731T143036
[2022-07-31 14:30:36,746] {standard_task_runner.py:97} ERROR - Failed to execute job 312 for task create_postgres_table (The conn_id `postgres_localhost` isn't defined; 5119)
[2022-07-31 14:30:36,771] {local_task_job.py:156} INFO - Task exited with return code 1
[2022-07-31 14:30:36,826] {local_task_job.py:273} INFO - 0 downstream tasks scheduled from follow-on schedule check
