[2022-07-29 10:53:01,287] {taskinstance.py:1159} INFO - Dependencies all met for <TaskInstance: Second_one.first_task scheduled__2021-08-03T00:00:00+00:00 [queued]>
[2022-07-29 10:53:01,303] {taskinstance.py:1159} INFO - Dependencies all met for <TaskInstance: Second_one.first_task scheduled__2021-08-03T00:00:00+00:00 [queued]>
[2022-07-29 10:53:01,304] {taskinstance.py:1356} INFO - 
--------------------------------------------------------------------------------
[2022-07-29 10:53:01,304] {taskinstance.py:1357} INFO - Starting attempt 1 of 6
[2022-07-29 10:53:01,304] {taskinstance.py:1358} INFO - 
--------------------------------------------------------------------------------
[2022-07-29 10:53:01,335] {taskinstance.py:1377} INFO - Executing <Task(BashOperator): first_task> on 2021-08-03 00:00:00+00:00
[2022-07-29 10:53:01,340] {standard_task_runner.py:52} INFO - Started process 2297 to run task
[2022-07-29 10:53:01,343] {standard_task_runner.py:79} INFO - Running: ['***', 'tasks', 'run', 'Second_one', 'first_task', 'scheduled__2021-08-03T00:00:00+00:00', '--job-id', '7', '--raw', '--subdir', 'DAGS_FOLDER/Second_One.py', '--cfg-path', '/tmp/tmp8oxm5avw', '--error-file', '/tmp/tmpsjumtzpo']
[2022-07-29 10:53:01,343] {standard_task_runner.py:80} INFO - Job 7: Subtask first_task
[2022-07-29 10:53:01,414] {task_command.py:369} INFO - Running <TaskInstance: Second_one.first_task scheduled__2021-08-03T00:00:00+00:00 [running]> on host 9f0f006fc89d
[2022-07-29 10:53:01,511] {taskinstance.py:1571} INFO - Exporting the following env vars:
AIRFLOW_CTX_DAG_OWNER=yosr
AIRFLOW_CTX_DAG_ID=Second_one
AIRFLOW_CTX_TASK_ID=first_task
AIRFLOW_CTX_EXECUTION_DATE=2021-08-03T00:00:00+00:00
AIRFLOW_CTX_TRY_NUMBER=1
AIRFLOW_CTX_DAG_RUN_ID=scheduled__2021-08-03T00:00:00+00:00
[2022-07-29 10:53:01,512] {subprocess.py:62} INFO - Tmp dir root location: 
 /tmp
[2022-07-29 10:53:01,513] {subprocess.py:74} INFO - Running command: ['bash', '-c', 'echo hello world']
[2022-07-29 10:53:01,525] {subprocess.py:85} INFO - Output:
[2022-07-29 10:53:01,527] {subprocess.py:92} INFO - hello world
[2022-07-29 10:53:01,528] {subprocess.py:96} INFO - Command exited with return code 0
[2022-07-29 10:53:01,569] {taskinstance.py:1400} INFO - Marking task as SUCCESS. dag_id=Second_one, task_id=first_task, execution_date=20210803T000000, start_date=20220729T105301, end_date=20220729T105301
[2022-07-29 10:53:01,600] {local_task_job.py:156} INFO - Task exited with return code 0
[2022-07-29 10:53:01,643] {local_task_job.py:273} INFO - 0 downstream tasks scheduled from follow-on schedule check
