[2022-07-31 14:52:35,162] {taskinstance.py:1159} INFO - Dependencies all met for <TaskInstance: dag_with_postgres_operator.delete_data_from_table scheduled__2022-02-26T00:00:00+00:00 [queued]>
[2022-07-31 14:52:35,191] {taskinstance.py:1159} INFO - Dependencies all met for <TaskInstance: dag_with_postgres_operator.delete_data_from_table scheduled__2022-02-26T00:00:00+00:00 [queued]>
[2022-07-31 14:52:35,191] {taskinstance.py:1356} INFO - 
--------------------------------------------------------------------------------
[2022-07-31 14:52:35,191] {taskinstance.py:1357} INFO - Starting attempt 1 of 6
[2022-07-31 14:52:35,191] {taskinstance.py:1358} INFO - 
--------------------------------------------------------------------------------
[2022-07-31 14:52:35,243] {taskinstance.py:1377} INFO - Executing <Task(PostgresOperator): delete_data_from_table> on 2022-02-26 00:00:00+00:00
[2022-07-31 14:52:35,247] {standard_task_runner.py:52} INFO - Started process 6344 to run task
[2022-07-31 14:52:35,261] {standard_task_runner.py:79} INFO - Running: ['***', 'tasks', 'run', 'dag_with_postgres_operator', 'delete_data_from_table', 'scheduled__2022-02-26T00:00:00+00:00', '--job-id', '411', '--raw', '--subdir', 'DAGS_FOLDER/DAGWithPostgresOperator.py', '--cfg-path', '/tmp/tmpk8jnsva_', '--error-file', '/tmp/tmp19tex3dk']
[2022-07-31 14:52:35,262] {standard_task_runner.py:80} INFO - Job 411: Subtask delete_data_from_table
[2022-07-31 14:52:35,490] {task_command.py:369} INFO - Running <TaskInstance: dag_with_postgres_operator.delete_data_from_table scheduled__2022-02-26T00:00:00+00:00 [running]> on host 4688dd3b7141
[2022-07-31 14:52:35,726] {taskinstance.py:1571} INFO - Exporting the following env vars:
AIRFLOW_CTX_DAG_OWNER=yosr
AIRFLOW_CTX_DAG_ID=dag_with_postgres_operator
AIRFLOW_CTX_TASK_ID=delete_data_from_table
AIRFLOW_CTX_EXECUTION_DATE=2022-02-26T00:00:00+00:00
AIRFLOW_CTX_TRY_NUMBER=1
AIRFLOW_CTX_DAG_RUN_ID=scheduled__2022-02-26T00:00:00+00:00
[2022-07-31 14:52:35,755] {base.py:68} INFO - Using connection ID 'postgres_localhost' for task execution.
[2022-07-31 14:52:50,773] {taskinstance.py:1889} ERROR - Task failed with exception
Traceback (most recent call last):
  File "/home/airflow/.local/lib/python3.7/site-packages/airflow/providers/postgres/operators/postgres.py", line 92, in execute
    self.hook.run(self.sql, self.autocommit, parameters=self.parameters)
  File "/home/airflow/.local/lib/python3.7/site-packages/airflow/hooks/dbapi.py", line 181, in run
    with closing(self.get_conn()) as conn:
  File "/home/airflow/.local/lib/python3.7/site-packages/airflow/providers/postgres/hooks/postgres.py", line 113, in get_conn
    self.conn = psycopg2.connect(**conn_args)
  File "/home/airflow/.local/lib/python3.7/site-packages/psycopg2/__init__.py", line 122, in connect
    conn = _connect(dsn, connection_factory=connection_factory, **kwasync)
psycopg2.OperationalError: could not translate host name "host.docker.local" to address: Temporary failure in name resolution

[2022-07-31 14:52:50,817] {taskinstance.py:1400} INFO - Marking task as UP_FOR_RETRY. dag_id=dag_with_postgres_operator, task_id=delete_data_from_table, execution_date=20220226T000000, start_date=20220731T145235, end_date=20220731T145250
[2022-07-31 14:52:50,838] {standard_task_runner.py:97} ERROR - Failed to execute job 411 for task delete_data_from_table (could not translate host name "host.docker.local" to address: Temporary failure in name resolution
; 6344)
[2022-07-31 14:52:50,865] {local_task_job.py:156} INFO - Task exited with return code 1
[2022-07-31 14:52:50,938] {local_task_job.py:273} INFO - 0 downstream tasks scheduled from follow-on schedule check
