[2022-07-30 18:29:00,581] {taskinstance.py:1159} INFO - Dependencies all met for <TaskInstance: dag_with_postgres_operator.create_postgres_table scheduled__2022-01-26T00:00:00+00:00 [queued]>
[2022-07-30 18:29:00,602] {taskinstance.py:1159} INFO - Dependencies all met for <TaskInstance: dag_with_postgres_operator.create_postgres_table scheduled__2022-01-26T00:00:00+00:00 [queued]>
[2022-07-30 18:29:00,602] {taskinstance.py:1356} INFO - 
--------------------------------------------------------------------------------
[2022-07-30 18:29:00,602] {taskinstance.py:1357} INFO - Starting attempt 1 of 6
[2022-07-30 18:29:00,602] {taskinstance.py:1358} INFO - 
--------------------------------------------------------------------------------
[2022-07-30 18:29:00,630] {taskinstance.py:1377} INFO - Executing <Task(PostgresOperator): create_postgres_table> on 2022-01-26 00:00:00+00:00
[2022-07-30 18:29:00,635] {standard_task_runner.py:52} INFO - Started process 3092 to run task
[2022-07-30 18:29:00,639] {standard_task_runner.py:79} INFO - Running: ['***', 'tasks', 'run', 'dag_with_postgres_operator', 'create_postgres_table', 'scheduled__2022-01-26T00:00:00+00:00', '--job-id', '201', '--raw', '--subdir', 'DAGS_FOLDER/DAGWithPostgresOperator.py', '--cfg-path', '/tmp/tmp1yogoe7_', '--error-file', '/tmp/tmpua6mlipv']
[2022-07-30 18:29:00,639] {standard_task_runner.py:80} INFO - Job 201: Subtask create_postgres_table
[2022-07-30 18:29:00,731] {task_command.py:369} INFO - Running <TaskInstance: dag_with_postgres_operator.create_postgres_table scheduled__2022-01-26T00:00:00+00:00 [running]> on host 66bf18ec08cc
[2022-07-30 18:29:00,830] {taskinstance.py:1571} INFO - Exporting the following env vars:
AIRFLOW_CTX_DAG_OWNER=yosr
AIRFLOW_CTX_DAG_ID=dag_with_postgres_operator
AIRFLOW_CTX_TASK_ID=create_postgres_table
AIRFLOW_CTX_EXECUTION_DATE=2022-01-26T00:00:00+00:00
AIRFLOW_CTX_TRY_NUMBER=1
AIRFLOW_CTX_DAG_RUN_ID=scheduled__2022-01-26T00:00:00+00:00
[2022-07-30 18:29:00,844] {base.py:68} INFO - Using connection ID 'postgres_localhost' for task execution.
[2022-07-30 18:29:00,846] {taskinstance.py:1889} ERROR - Task failed with exception
Traceback (most recent call last):
  File "/home/airflow/.local/lib/python3.7/site-packages/airflow/providers/postgres/operators/postgres.py", line 92, in execute
    self.hook.run(self.sql, self.autocommit, parameters=self.parameters)
  File "/home/airflow/.local/lib/python3.7/site-packages/airflow/hooks/dbapi.py", line 181, in run
    with closing(self.get_conn()) as conn:
  File "/home/airflow/.local/lib/python3.7/site-packages/airflow/providers/postgres/hooks/postgres.py", line 113, in get_conn
    self.conn = psycopg2.connect(**conn_args)
  File "/home/airflow/.local/lib/python3.7/site-packages/psycopg2/__init__.py", line 122, in connect
    conn = _connect(dsn, connection_factory=connection_factory, **kwasync)
psycopg2.OperationalError: could not translate host name "host.docker.internal " to address: Name or service not known

[2022-07-30 18:29:00,858] {taskinstance.py:1400} INFO - Marking task as UP_FOR_RETRY. dag_id=dag_with_postgres_operator, task_id=create_postgres_table, execution_date=20220126T000000, start_date=20220730T182900, end_date=20220730T182900
[2022-07-30 18:29:00,875] {standard_task_runner.py:97} ERROR - Failed to execute job 201 for task create_postgres_table (could not translate host name "host.docker.internal " to address: Name or service not known
; 3092)
[2022-07-30 18:29:00,899] {local_task_job.py:156} INFO - Task exited with return code 1
[2022-07-30 18:29:00,954] {local_task_job.py:273} INFO - 0 downstream tasks scheduled from follow-on schedule check
[2022-07-31 00:35:18,179] {taskinstance.py:1159} INFO - Dependencies all met for <TaskInstance: dag_with_postgres_operator.create_postgres_table scheduled__2022-01-26T00:00:00+00:00 [queued]>
[2022-07-31 00:35:18,206] {taskinstance.py:1159} INFO - Dependencies all met for <TaskInstance: dag_with_postgres_operator.create_postgres_table scheduled__2022-01-26T00:00:00+00:00 [queued]>
[2022-07-31 00:35:18,206] {taskinstance.py:1356} INFO - 
--------------------------------------------------------------------------------
[2022-07-31 00:35:18,206] {taskinstance.py:1357} INFO - Starting attempt 1 of 6
[2022-07-31 00:35:18,206] {taskinstance.py:1358} INFO - 
--------------------------------------------------------------------------------
[2022-07-31 00:35:18,237] {taskinstance.py:1377} INFO - Executing <Task(PostgresOperator): create_postgres_table> on 2022-01-26 00:00:00+00:00
[2022-07-31 00:35:18,243] {standard_task_runner.py:52} INFO - Started process 7023 to run task
[2022-07-31 00:35:18,246] {standard_task_runner.py:79} INFO - Running: ['***', 'tasks', 'run', 'dag_with_postgres_operator', 'create_postgres_table', 'scheduled__2022-01-26T00:00:00+00:00', '--job-id', '1209', '--raw', '--subdir', 'DAGS_FOLDER/DAGWithPostgresOperator.py', '--cfg-path', '/tmp/tmp_p950aib', '--error-file', '/tmp/tmp9953ucor']
[2022-07-31 00:35:18,247] {standard_task_runner.py:80} INFO - Job 1209: Subtask create_postgres_table
[2022-07-31 00:35:18,333] {task_command.py:369} INFO - Running <TaskInstance: dag_with_postgres_operator.create_postgres_table scheduled__2022-01-26T00:00:00+00:00 [running]> on host 66bf18ec08cc
[2022-07-31 00:35:18,432] {taskinstance.py:1571} INFO - Exporting the following env vars:
AIRFLOW_CTX_DAG_OWNER=yosr
AIRFLOW_CTX_DAG_ID=dag_with_postgres_operator
AIRFLOW_CTX_TASK_ID=create_postgres_table
AIRFLOW_CTX_EXECUTION_DATE=2022-01-26T00:00:00+00:00
AIRFLOW_CTX_TRY_NUMBER=1
AIRFLOW_CTX_DAG_RUN_ID=scheduled__2022-01-26T00:00:00+00:00
[2022-07-31 00:35:18,445] {base.py:68} INFO - Using connection ID 'postgres_localhost' for task execution.
[2022-07-31 00:35:18,446] {taskinstance.py:1889} ERROR - Task failed with exception
Traceback (most recent call last):
  File "/home/airflow/.local/lib/python3.7/site-packages/airflow/providers/postgres/operators/postgres.py", line 92, in execute
    self.hook.run(self.sql, self.autocommit, parameters=self.parameters)
  File "/home/airflow/.local/lib/python3.7/site-packages/airflow/hooks/dbapi.py", line 181, in run
    with closing(self.get_conn()) as conn:
  File "/home/airflow/.local/lib/python3.7/site-packages/airflow/providers/postgres/hooks/postgres.py", line 113, in get_conn
    self.conn = psycopg2.connect(**conn_args)
  File "/home/airflow/.local/lib/python3.7/site-packages/psycopg2/__init__.py", line 122, in connect
    conn = _connect(dsn, connection_factory=connection_factory, **kwasync)
psycopg2.OperationalError: could not translate host name "host.docker.local " to address: Name or service not known

[2022-07-31 00:35:18,460] {taskinstance.py:1400} INFO - Marking task as UP_FOR_RETRY. dag_id=dag_with_postgres_operator, task_id=create_postgres_table, execution_date=20220126T000000, start_date=20220731T003518, end_date=20220731T003518
[2022-07-31 00:35:18,473] {standard_task_runner.py:97} ERROR - Failed to execute job 1209 for task create_postgres_table (could not translate host name "host.docker.local " to address: Name or service not known
; 7023)
[2022-07-31 00:35:18,505] {local_task_job.py:156} INFO - Task exited with return code 1
[2022-07-31 00:35:18,561] {local_task_job.py:273} INFO - 0 downstream tasks scheduled from follow-on schedule check
[2022-07-31 11:30:27,358] {taskinstance.py:1159} INFO - Dependencies all met for <TaskInstance: dag_with_postgres_operator.create_postgres_table scheduled__2022-01-26T00:00:00+00:00 [queued]>
[2022-07-31 11:30:27,376] {taskinstance.py:1159} INFO - Dependencies all met for <TaskInstance: dag_with_postgres_operator.create_postgres_table scheduled__2022-01-26T00:00:00+00:00 [queued]>
[2022-07-31 11:30:27,376] {taskinstance.py:1356} INFO - 
--------------------------------------------------------------------------------
[2022-07-31 11:30:27,377] {taskinstance.py:1357} INFO - Starting attempt 1 of 6
[2022-07-31 11:30:27,377] {taskinstance.py:1358} INFO - 
--------------------------------------------------------------------------------
[2022-07-31 11:30:27,396] {taskinstance.py:1377} INFO - Executing <Task(PostgresOperator): create_postgres_table> on 2022-01-26 00:00:00+00:00
[2022-07-31 11:30:27,401] {standard_task_runner.py:52} INFO - Started process 5977 to run task
[2022-07-31 11:30:27,404] {standard_task_runner.py:79} INFO - Running: ['***', 'tasks', 'run', 'dag_with_postgres_operator', 'create_postgres_table', 'scheduled__2022-01-26T00:00:00+00:00', '--job-id', '1660', '--raw', '--subdir', 'DAGS_FOLDER/DAGWithPostgresOperator.py', '--cfg-path', '/tmp/tmp54m84a_d', '--error-file', '/tmp/tmp1dh8pyw3']
[2022-07-31 11:30:27,405] {standard_task_runner.py:80} INFO - Job 1660: Subtask create_postgres_table
[2022-07-31 11:30:27,476] {task_command.py:369} INFO - Running <TaskInstance: dag_with_postgres_operator.create_postgres_table scheduled__2022-01-26T00:00:00+00:00 [running]> on host 66bf18ec08cc
[2022-07-31 11:30:27,567] {taskinstance.py:1571} INFO - Exporting the following env vars:
AIRFLOW_CTX_DAG_OWNER=yosr
AIRFLOW_CTX_DAG_ID=dag_with_postgres_operator
AIRFLOW_CTX_TASK_ID=create_postgres_table
AIRFLOW_CTX_EXECUTION_DATE=2022-01-26T00:00:00+00:00
AIRFLOW_CTX_TRY_NUMBER=1
AIRFLOW_CTX_DAG_RUN_ID=scheduled__2022-01-26T00:00:00+00:00
[2022-07-31 11:30:27,578] {base.py:68} INFO - Using connection ID 'postgres_localhost' for task execution.
[2022-07-31 11:30:57,601] {taskinstance.py:1889} ERROR - Task failed with exception
Traceback (most recent call last):
  File "/home/airflow/.local/lib/python3.7/site-packages/airflow/providers/postgres/operators/postgres.py", line 92, in execute
    self.hook.run(self.sql, self.autocommit, parameters=self.parameters)
  File "/home/airflow/.local/lib/python3.7/site-packages/airflow/hooks/dbapi.py", line 181, in run
    with closing(self.get_conn()) as conn:
  File "/home/airflow/.local/lib/python3.7/site-packages/airflow/providers/postgres/hooks/postgres.py", line 113, in get_conn
    self.conn = psycopg2.connect(**conn_args)
  File "/home/airflow/.local/lib/python3.7/site-packages/psycopg2/__init__.py", line 122, in connect
    conn = _connect(dsn, connection_factory=connection_factory, **kwasync)
psycopg2.OperationalError: could not translate host name "host.docker.internal" to address: No address associated with hostname

[2022-07-31 11:30:57,613] {taskinstance.py:1400} INFO - Marking task as UP_FOR_RETRY. dag_id=dag_with_postgres_operator, task_id=create_postgres_table, execution_date=20220126T000000, start_date=20220731T113027, end_date=20220731T113057
[2022-07-31 11:30:57,628] {standard_task_runner.py:97} ERROR - Failed to execute job 1660 for task create_postgres_table (could not translate host name "host.docker.internal" to address: No address associated with hostname
; 5977)
[2022-07-31 11:30:57,650] {local_task_job.py:156} INFO - Task exited with return code 1
[2022-07-31 11:30:57,681] {local_task_job.py:273} INFO - 0 downstream tasks scheduled from follow-on schedule check
[2022-07-31 14:00:23,306] {taskinstance.py:1159} INFO - Dependencies all met for <TaskInstance: dag_with_postgres_operator.create_postgres_table scheduled__2022-01-26T00:00:00+00:00 [queued]>
[2022-07-31 14:00:23,321] {taskinstance.py:1159} INFO - Dependencies all met for <TaskInstance: dag_with_postgres_operator.create_postgres_table scheduled__2022-01-26T00:00:00+00:00 [queued]>
[2022-07-31 14:00:23,322] {taskinstance.py:1356} INFO - 
--------------------------------------------------------------------------------
[2022-07-31 14:00:23,322] {taskinstance.py:1357} INFO - Starting attempt 1 of 6
[2022-07-31 14:00:23,322] {taskinstance.py:1358} INFO - 
--------------------------------------------------------------------------------
[2022-07-31 14:00:23,342] {taskinstance.py:1377} INFO - Executing <Task(PostgresOperator): create_postgres_table> on 2022-01-26 00:00:00+00:00
[2022-07-31 14:00:23,349] {standard_task_runner.py:52} INFO - Started process 3494 to run task
[2022-07-31 14:00:23,353] {standard_task_runner.py:79} INFO - Running: ['***', 'tasks', 'run', 'dag_with_postgres_operator', 'create_postgres_table', 'scheduled__2022-01-26T00:00:00+00:00', '--job-id', '201', '--raw', '--subdir', 'DAGS_FOLDER/DAGWithPostgresOperator.py', '--cfg-path', '/tmp/tmp722thau5', '--error-file', '/tmp/tmpxhitovf4']
[2022-07-31 14:00:23,354] {standard_task_runner.py:80} INFO - Job 201: Subtask create_postgres_table
[2022-07-31 14:00:23,440] {task_command.py:369} INFO - Running <TaskInstance: dag_with_postgres_operator.create_postgres_table scheduled__2022-01-26T00:00:00+00:00 [running]> on host 4688dd3b7141
[2022-07-31 14:00:23,560] {taskinstance.py:1571} INFO - Exporting the following env vars:
AIRFLOW_CTX_DAG_OWNER=yosr
AIRFLOW_CTX_DAG_ID=dag_with_postgres_operator
AIRFLOW_CTX_TASK_ID=create_postgres_table
AIRFLOW_CTX_EXECUTION_DATE=2022-01-26T00:00:00+00:00
AIRFLOW_CTX_TRY_NUMBER=1
AIRFLOW_CTX_DAG_RUN_ID=scheduled__2022-01-26T00:00:00+00:00
[2022-07-31 14:00:23,591] {taskinstance.py:1889} ERROR - Task failed with exception
Traceback (most recent call last):
  File "/home/airflow/.local/lib/python3.7/site-packages/airflow/providers/postgres/operators/postgres.py", line 92, in execute
    self.hook.run(self.sql, self.autocommit, parameters=self.parameters)
  File "/home/airflow/.local/lib/python3.7/site-packages/airflow/hooks/dbapi.py", line 181, in run
    with closing(self.get_conn()) as conn:
  File "/home/airflow/.local/lib/python3.7/site-packages/airflow/providers/postgres/hooks/postgres.py", line 86, in get_conn
    conn = deepcopy(self.connection or self.get_connection(conn_id))
  File "/home/airflow/.local/lib/python3.7/site-packages/airflow/hooks/base.py", line 67, in get_connection
    conn = Connection.get_connection_from_secrets(conn_id)
  File "/home/airflow/.local/lib/python3.7/site-packages/airflow/models/connection.py", line 430, in get_connection_from_secrets
    raise AirflowNotFoundException(f"The conn_id `{conn_id}` isn't defined")
airflow.exceptions.AirflowNotFoundException: The conn_id `postgres_localhost` isn't defined
[2022-07-31 14:00:23,596] {taskinstance.py:1400} INFO - Marking task as UP_FOR_RETRY. dag_id=dag_with_postgres_operator, task_id=create_postgres_table, execution_date=20220126T000000, start_date=20220731T140023, end_date=20220731T140023
[2022-07-31 14:00:23,614] {standard_task_runner.py:97} ERROR - Failed to execute job 201 for task create_postgres_table (The conn_id `postgres_localhost` isn't defined; 3494)
[2022-07-31 14:00:23,654] {local_task_job.py:156} INFO - Task exited with return code 1
[2022-07-31 14:00:23,711] {local_task_job.py:273} INFO - 0 downstream tasks scheduled from follow-on schedule check
