[2022-07-30 18:54:05,525] {taskinstance.py:1159} INFO - Dependencies all met for <TaskInstance: dag_with_postgres_operator.create_postgres_table scheduled__2022-01-26T00:00:00+00:00 [queued]>
[2022-07-30 18:54:05,539] {taskinstance.py:1159} INFO - Dependencies all met for <TaskInstance: dag_with_postgres_operator.create_postgres_table scheduled__2022-01-26T00:00:00+00:00 [queued]>
[2022-07-30 18:54:05,539] {taskinstance.py:1356} INFO - 
--------------------------------------------------------------------------------
[2022-07-30 18:54:05,540] {taskinstance.py:1357} INFO - Starting attempt 6 of 6
[2022-07-30 18:54:05,540] {taskinstance.py:1358} INFO - 
--------------------------------------------------------------------------------
[2022-07-30 18:54:05,561] {taskinstance.py:1377} INFO - Executing <Task(PostgresOperator): create_postgres_table> on 2022-01-26 00:00:00+00:00
[2022-07-30 18:54:05,566] {standard_task_runner.py:52} INFO - Started process 4423 to run task
[2022-07-30 18:54:05,570] {standard_task_runner.py:79} INFO - Running: ['***', 'tasks', 'run', 'dag_with_postgres_operator', 'create_postgres_table', 'scheduled__2022-01-26T00:00:00+00:00', '--job-id', '281', '--raw', '--subdir', 'DAGS_FOLDER/DAGWithPostgresOperator.py', '--cfg-path', '/tmp/tmpldmyypu1', '--error-file', '/tmp/tmprojqkbge']
[2022-07-30 18:54:05,570] {standard_task_runner.py:80} INFO - Job 281: Subtask create_postgres_table
[2022-07-30 18:54:05,635] {task_command.py:369} INFO - Running <TaskInstance: dag_with_postgres_operator.create_postgres_table scheduled__2022-01-26T00:00:00+00:00 [running]> on host 66bf18ec08cc
[2022-07-30 18:54:05,733] {taskinstance.py:1571} INFO - Exporting the following env vars:
AIRFLOW_CTX_DAG_OWNER=yosr
AIRFLOW_CTX_DAG_ID=dag_with_postgres_operator
AIRFLOW_CTX_TASK_ID=create_postgres_table
AIRFLOW_CTX_EXECUTION_DATE=2022-01-26T00:00:00+00:00
AIRFLOW_CTX_TRY_NUMBER=6
AIRFLOW_CTX_DAG_RUN_ID=scheduled__2022-01-26T00:00:00+00:00
[2022-07-30 18:54:05,746] {base.py:68} INFO - Using connection ID 'postgres_localhost' for task execution.
[2022-07-30 18:54:05,747] {taskinstance.py:1889} ERROR - Task failed with exception
Traceback (most recent call last):
  File "/home/airflow/.local/lib/python3.7/site-packages/airflow/providers/postgres/operators/postgres.py", line 92, in execute
    self.hook.run(self.sql, self.autocommit, parameters=self.parameters)
  File "/home/airflow/.local/lib/python3.7/site-packages/airflow/hooks/dbapi.py", line 181, in run
    with closing(self.get_conn()) as conn:
  File "/home/airflow/.local/lib/python3.7/site-packages/airflow/providers/postgres/hooks/postgres.py", line 113, in get_conn
    self.conn = psycopg2.connect(**conn_args)
  File "/home/airflow/.local/lib/python3.7/site-packages/psycopg2/__init__.py", line 122, in connect
    conn = _connect(dsn, connection_factory=connection_factory, **kwasync)
psycopg2.OperationalError: could not translate host name "host.docker.internal " to address: Name or service not known

[2022-07-30 18:54:05,759] {taskinstance.py:1400} INFO - Marking task as FAILED. dag_id=dag_with_postgres_operator, task_id=create_postgres_table, execution_date=20220126T000000, start_date=20220730T185405, end_date=20220730T185405
[2022-07-30 18:54:05,774] {standard_task_runner.py:97} ERROR - Failed to execute job 281 for task create_postgres_table (could not translate host name "host.docker.internal " to address: Name or service not known
; 4423)
[2022-07-30 18:54:05,787] {local_task_job.py:156} INFO - Task exited with return code 1
[2022-07-30 18:54:05,839] {local_task_job.py:273} INFO - 0 downstream tasks scheduled from follow-on schedule check
[2022-07-31 09:56:12,724] {taskinstance.py:1159} INFO - Dependencies all met for <TaskInstance: dag_with_postgres_operator.create_postgres_table scheduled__2022-01-26T00:00:00+00:00 [queued]>
[2022-07-31 09:56:12,768] {taskinstance.py:1159} INFO - Dependencies all met for <TaskInstance: dag_with_postgres_operator.create_postgres_table scheduled__2022-01-26T00:00:00+00:00 [queued]>
[2022-07-31 09:56:12,768] {taskinstance.py:1356} INFO - 
--------------------------------------------------------------------------------
[2022-07-31 09:56:12,768] {taskinstance.py:1357} INFO - Starting attempt 6 of 6
[2022-07-31 09:56:12,768] {taskinstance.py:1358} INFO - 
--------------------------------------------------------------------------------
[2022-07-31 09:56:12,815] {taskinstance.py:1377} INFO - Executing <Task(PostgresOperator): create_postgres_table> on 2022-01-26 00:00:00+00:00
[2022-07-31 09:56:12,821] {standard_task_runner.py:52} INFO - Started process 899 to run task
[2022-07-31 09:56:12,828] {standard_task_runner.py:79} INFO - Running: ['***', 'tasks', 'run', 'dag_with_postgres_operator', 'create_postgres_table', 'scheduled__2022-01-26T00:00:00+00:00', '--job-id', '1286', '--raw', '--subdir', 'DAGS_FOLDER/DAGWithPostgresOperator.py', '--cfg-path', '/tmp/tmp4lsdsbb5', '--error-file', '/tmp/tmpjo6270v8']
[2022-07-31 09:56:12,828] {standard_task_runner.py:80} INFO - Job 1286: Subtask create_postgres_table
[2022-07-31 09:56:13,183] {task_command.py:369} INFO - Running <TaskInstance: dag_with_postgres_operator.create_postgres_table scheduled__2022-01-26T00:00:00+00:00 [running]> on host 66bf18ec08cc
[2022-07-31 09:56:13,592] {taskinstance.py:1571} INFO - Exporting the following env vars:
AIRFLOW_CTX_DAG_OWNER=yosr
AIRFLOW_CTX_DAG_ID=dag_with_postgres_operator
AIRFLOW_CTX_TASK_ID=create_postgres_table
AIRFLOW_CTX_EXECUTION_DATE=2022-01-26T00:00:00+00:00
AIRFLOW_CTX_TRY_NUMBER=6
AIRFLOW_CTX_DAG_RUN_ID=scheduled__2022-01-26T00:00:00+00:00
[2022-07-31 09:56:13,667] {base.py:68} INFO - Using connection ID 'postgres_localhost' for task execution.
[2022-07-31 09:56:13,669] {taskinstance.py:1889} ERROR - Task failed with exception
Traceback (most recent call last):
  File "/home/airflow/.local/lib/python3.7/site-packages/airflow/providers/postgres/operators/postgres.py", line 92, in execute
    self.hook.run(self.sql, self.autocommit, parameters=self.parameters)
  File "/home/airflow/.local/lib/python3.7/site-packages/airflow/hooks/dbapi.py", line 181, in run
    with closing(self.get_conn()) as conn:
  File "/home/airflow/.local/lib/python3.7/site-packages/airflow/providers/postgres/hooks/postgres.py", line 113, in get_conn
    self.conn = psycopg2.connect(**conn_args)
  File "/home/airflow/.local/lib/python3.7/site-packages/psycopg2/__init__.py", line 122, in connect
    conn = _connect(dsn, connection_factory=connection_factory, **kwasync)
psycopg2.OperationalError: could not translate host name "host.docker.local " to address: Name or service not known

[2022-07-31 09:56:13,715] {taskinstance.py:1400} INFO - Marking task as FAILED. dag_id=dag_with_postgres_operator, task_id=create_postgres_table, execution_date=20220126T000000, start_date=20220731T095612, end_date=20220731T095613
[2022-07-31 09:56:13,763] {standard_task_runner.py:97} ERROR - Failed to execute job 1286 for task create_postgres_table (could not translate host name "host.docker.local " to address: Name or service not known
; 899)
[2022-07-31 09:56:13,822] {local_task_job.py:156} INFO - Task exited with return code 1
[2022-07-31 09:56:14,331] {local_task_job.py:273} INFO - 0 downstream tasks scheduled from follow-on schedule check
[2022-07-31 14:25:29,072] {taskinstance.py:1159} INFO - Dependencies all met for <TaskInstance: dag_with_postgres_operator.create_postgres_table scheduled__2022-01-26T00:00:00+00:00 [queued]>
[2022-07-31 14:25:29,123] {taskinstance.py:1159} INFO - Dependencies all met for <TaskInstance: dag_with_postgres_operator.create_postgres_table scheduled__2022-01-26T00:00:00+00:00 [queued]>
[2022-07-31 14:25:29,124] {taskinstance.py:1356} INFO - 
--------------------------------------------------------------------------------
[2022-07-31 14:25:29,124] {taskinstance.py:1357} INFO - Starting attempt 6 of 6
[2022-07-31 14:25:29,125] {taskinstance.py:1358} INFO - 
--------------------------------------------------------------------------------
[2022-07-31 14:25:29,211] {taskinstance.py:1377} INFO - Executing <Task(PostgresOperator): create_postgres_table> on 2022-01-26 00:00:00+00:00
[2022-07-31 14:25:29,248] {standard_task_runner.py:52} INFO - Started process 4826 to run task
[2022-07-31 14:25:29,271] {standard_task_runner.py:79} INFO - Running: ['***', 'tasks', 'run', 'dag_with_postgres_operator', 'create_postgres_table', 'scheduled__2022-01-26T00:00:00+00:00', '--job-id', '283', '--raw', '--subdir', 'DAGS_FOLDER/DAGWithPostgresOperator.py', '--cfg-path', '/tmp/tmpfzemtxmf', '--error-file', '/tmp/tmpomg7p7kt']
[2022-07-31 14:25:29,275] {standard_task_runner.py:80} INFO - Job 283: Subtask create_postgres_table
[2022-07-31 14:25:29,587] {task_command.py:369} INFO - Running <TaskInstance: dag_with_postgres_operator.create_postgres_table scheduled__2022-01-26T00:00:00+00:00 [running]> on host 4688dd3b7141
[2022-07-31 14:25:29,798] {taskinstance.py:1571} INFO - Exporting the following env vars:
AIRFLOW_CTX_DAG_OWNER=yosr
AIRFLOW_CTX_DAG_ID=dag_with_postgres_operator
AIRFLOW_CTX_TASK_ID=create_postgres_table
AIRFLOW_CTX_EXECUTION_DATE=2022-01-26T00:00:00+00:00
AIRFLOW_CTX_TRY_NUMBER=6
AIRFLOW_CTX_DAG_RUN_ID=scheduled__2022-01-26T00:00:00+00:00
[2022-07-31 14:25:29,861] {taskinstance.py:1889} ERROR - Task failed with exception
Traceback (most recent call last):
  File "/home/airflow/.local/lib/python3.7/site-packages/airflow/providers/postgres/operators/postgres.py", line 92, in execute
    self.hook.run(self.sql, self.autocommit, parameters=self.parameters)
  File "/home/airflow/.local/lib/python3.7/site-packages/airflow/hooks/dbapi.py", line 181, in run
    with closing(self.get_conn()) as conn:
  File "/home/airflow/.local/lib/python3.7/site-packages/airflow/providers/postgres/hooks/postgres.py", line 86, in get_conn
    conn = deepcopy(self.connection or self.get_connection(conn_id))
  File "/home/airflow/.local/lib/python3.7/site-packages/airflow/hooks/base.py", line 67, in get_connection
    conn = Connection.get_connection_from_secrets(conn_id)
  File "/home/airflow/.local/lib/python3.7/site-packages/airflow/models/connection.py", line 430, in get_connection_from_secrets
    raise AirflowNotFoundException(f"The conn_id `{conn_id}` isn't defined")
airflow.exceptions.AirflowNotFoundException: The conn_id `postgres_localhost` isn't defined
[2022-07-31 14:25:29,874] {taskinstance.py:1400} INFO - Marking task as FAILED. dag_id=dag_with_postgres_operator, task_id=create_postgres_table, execution_date=20220126T000000, start_date=20220731T142529, end_date=20220731T142529
[2022-07-31 14:25:29,903] {standard_task_runner.py:97} ERROR - Failed to execute job 283 for task create_postgres_table (The conn_id `postgres_localhost` isn't defined; 4826)
[2022-07-31 14:25:29,928] {local_task_job.py:156} INFO - Task exited with return code 1
[2022-07-31 14:25:30,058] {local_task_job.py:273} INFO - 0 downstream tasks scheduled from follow-on schedule check
