[2022-07-30 18:34:01,502] {taskinstance.py:1159} INFO - Dependencies all met for <TaskInstance: dag_with_postgres_operator.create_postgres_table scheduled__2022-01-26T00:00:00+00:00 [queued]>
[2022-07-30 18:34:01,519] {taskinstance.py:1159} INFO - Dependencies all met for <TaskInstance: dag_with_postgres_operator.create_postgres_table scheduled__2022-01-26T00:00:00+00:00 [queued]>
[2022-07-30 18:34:01,519] {taskinstance.py:1356} INFO - 
--------------------------------------------------------------------------------
[2022-07-30 18:34:01,520] {taskinstance.py:1357} INFO - Starting attempt 2 of 6
[2022-07-30 18:34:01,520] {taskinstance.py:1358} INFO - 
--------------------------------------------------------------------------------
[2022-07-30 18:34:01,551] {taskinstance.py:1377} INFO - Executing <Task(PostgresOperator): create_postgres_table> on 2022-01-26 00:00:00+00:00
[2022-07-30 18:34:01,557] {standard_task_runner.py:52} INFO - Started process 3356 to run task
[2022-07-30 18:34:01,561] {standard_task_runner.py:79} INFO - Running: ['***', 'tasks', 'run', 'dag_with_postgres_operator', 'create_postgres_table', 'scheduled__2022-01-26T00:00:00+00:00', '--job-id', '217', '--raw', '--subdir', 'DAGS_FOLDER/DAGWithPostgresOperator.py', '--cfg-path', '/tmp/tmpw6munw6d', '--error-file', '/tmp/tmprcqsfg9t']
[2022-07-30 18:34:01,561] {standard_task_runner.py:80} INFO - Job 217: Subtask create_postgres_table
[2022-07-30 18:34:01,646] {task_command.py:369} INFO - Running <TaskInstance: dag_with_postgres_operator.create_postgres_table scheduled__2022-01-26T00:00:00+00:00 [running]> on host 66bf18ec08cc
[2022-07-30 18:34:01,751] {taskinstance.py:1571} INFO - Exporting the following env vars:
AIRFLOW_CTX_DAG_OWNER=yosr
AIRFLOW_CTX_DAG_ID=dag_with_postgres_operator
AIRFLOW_CTX_TASK_ID=create_postgres_table
AIRFLOW_CTX_EXECUTION_DATE=2022-01-26T00:00:00+00:00
AIRFLOW_CTX_TRY_NUMBER=2
AIRFLOW_CTX_DAG_RUN_ID=scheduled__2022-01-26T00:00:00+00:00
[2022-07-30 18:34:01,767] {base.py:68} INFO - Using connection ID 'postgres_localhost' for task execution.
[2022-07-30 18:34:01,767] {taskinstance.py:1889} ERROR - Task failed with exception
Traceback (most recent call last):
  File "/home/airflow/.local/lib/python3.7/site-packages/airflow/providers/postgres/operators/postgres.py", line 92, in execute
    self.hook.run(self.sql, self.autocommit, parameters=self.parameters)
  File "/home/airflow/.local/lib/python3.7/site-packages/airflow/hooks/dbapi.py", line 181, in run
    with closing(self.get_conn()) as conn:
  File "/home/airflow/.local/lib/python3.7/site-packages/airflow/providers/postgres/hooks/postgres.py", line 113, in get_conn
    self.conn = psycopg2.connect(**conn_args)
  File "/home/airflow/.local/lib/python3.7/site-packages/psycopg2/__init__.py", line 122, in connect
    conn = _connect(dsn, connection_factory=connection_factory, **kwasync)
psycopg2.OperationalError: could not translate host name "host.docker.internal " to address: Name or service not known

[2022-07-30 18:34:01,781] {taskinstance.py:1400} INFO - Marking task as UP_FOR_RETRY. dag_id=dag_with_postgres_operator, task_id=create_postgres_table, execution_date=20220126T000000, start_date=20220730T183401, end_date=20220730T183401
[2022-07-30 18:34:01,796] {standard_task_runner.py:97} ERROR - Failed to execute job 217 for task create_postgres_table (could not translate host name "host.docker.internal " to address: Name or service not known
; 3356)
[2022-07-30 18:34:01,821] {local_task_job.py:156} INFO - Task exited with return code 1
[2022-07-30 18:34:01,902] {local_task_job.py:273} INFO - 0 downstream tasks scheduled from follow-on schedule check
[2022-07-31 00:41:10,173] {taskinstance.py:1159} INFO - Dependencies all met for <TaskInstance: dag_with_postgres_operator.create_postgres_table scheduled__2022-01-26T00:00:00+00:00 [queued]>
[2022-07-31 00:41:10,284] {taskinstance.py:1159} INFO - Dependencies all met for <TaskInstance: dag_with_postgres_operator.create_postgres_table scheduled__2022-01-26T00:00:00+00:00 [queued]>
[2022-07-31 00:41:10,285] {taskinstance.py:1356} INFO - 
--------------------------------------------------------------------------------
[2022-07-31 00:41:10,286] {taskinstance.py:1357} INFO - Starting attempt 2 of 6
[2022-07-31 00:41:10,286] {taskinstance.py:1358} INFO - 
--------------------------------------------------------------------------------
[2022-07-31 00:41:10,416] {taskinstance.py:1377} INFO - Executing <Task(PostgresOperator): create_postgres_table> on 2022-01-26 00:00:00+00:00
[2022-07-31 00:41:10,430] {standard_task_runner.py:52} INFO - Started process 7147 to run task
[2022-07-31 00:41:10,461] {standard_task_runner.py:79} INFO - Running: ['***', 'tasks', 'run', 'dag_with_postgres_operator', 'create_postgres_table', 'scheduled__2022-01-26T00:00:00+00:00', '--job-id', '1223', '--raw', '--subdir', 'DAGS_FOLDER/DAGWithPostgresOperator.py', '--cfg-path', '/tmp/tmp1abz3pnu', '--error-file', '/tmp/tmpejmri704']
[2022-07-31 00:41:10,462] {standard_task_runner.py:80} INFO - Job 1223: Subtask create_postgres_table
[2022-07-31 00:41:10,759] {task_command.py:369} INFO - Running <TaskInstance: dag_with_postgres_operator.create_postgres_table scheduled__2022-01-26T00:00:00+00:00 [running]> on host 66bf18ec08cc
[2022-07-31 00:41:11,147] {taskinstance.py:1571} INFO - Exporting the following env vars:
AIRFLOW_CTX_DAG_OWNER=yosr
AIRFLOW_CTX_DAG_ID=dag_with_postgres_operator
AIRFLOW_CTX_TASK_ID=create_postgres_table
AIRFLOW_CTX_EXECUTION_DATE=2022-01-26T00:00:00+00:00
AIRFLOW_CTX_TRY_NUMBER=2
AIRFLOW_CTX_DAG_RUN_ID=scheduled__2022-01-26T00:00:00+00:00
[2022-07-31 00:41:11,196] {base.py:68} INFO - Using connection ID 'postgres_localhost' for task execution.
[2022-07-31 00:41:11,198] {taskinstance.py:1889} ERROR - Task failed with exception
Traceback (most recent call last):
  File "/home/airflow/.local/lib/python3.7/site-packages/airflow/providers/postgres/operators/postgres.py", line 92, in execute
    self.hook.run(self.sql, self.autocommit, parameters=self.parameters)
  File "/home/airflow/.local/lib/python3.7/site-packages/airflow/hooks/dbapi.py", line 181, in run
    with closing(self.get_conn()) as conn:
  File "/home/airflow/.local/lib/python3.7/site-packages/airflow/providers/postgres/hooks/postgres.py", line 113, in get_conn
    self.conn = psycopg2.connect(**conn_args)
  File "/home/airflow/.local/lib/python3.7/site-packages/psycopg2/__init__.py", line 122, in connect
    conn = _connect(dsn, connection_factory=connection_factory, **kwasync)
psycopg2.OperationalError: could not translate host name "host.docker.local " to address: Name or service not known

[2022-07-31 00:41:11,228] {taskinstance.py:1400} INFO - Marking task as UP_FOR_RETRY. dag_id=dag_with_postgres_operator, task_id=create_postgres_table, execution_date=20220126T000000, start_date=20220731T004110, end_date=20220731T004111
[2022-07-31 00:41:11,284] {standard_task_runner.py:97} ERROR - Failed to execute job 1223 for task create_postgres_table (could not translate host name "host.docker.local " to address: Name or service not known
; 7147)
[2022-07-31 00:41:11,359] {local_task_job.py:156} INFO - Task exited with return code 1
[2022-07-31 00:41:11,504] {local_task_job.py:273} INFO - 0 downstream tasks scheduled from follow-on schedule check
[2022-07-31 14:05:24,777] {taskinstance.py:1159} INFO - Dependencies all met for <TaskInstance: dag_with_postgres_operator.create_postgres_table scheduled__2022-01-26T00:00:00+00:00 [queued]>
[2022-07-31 14:05:24,797] {taskinstance.py:1159} INFO - Dependencies all met for <TaskInstance: dag_with_postgres_operator.create_postgres_table scheduled__2022-01-26T00:00:00+00:00 [queued]>
[2022-07-31 14:05:24,797] {taskinstance.py:1356} INFO - 
--------------------------------------------------------------------------------
[2022-07-31 14:05:24,797] {taskinstance.py:1357} INFO - Starting attempt 2 of 6
[2022-07-31 14:05:24,797] {taskinstance.py:1358} INFO - 
--------------------------------------------------------------------------------
[2022-07-31 14:05:24,822] {taskinstance.py:1377} INFO - Executing <Task(PostgresOperator): create_postgres_table> on 2022-01-26 00:00:00+00:00
[2022-07-31 14:05:24,828] {standard_task_runner.py:52} INFO - Started process 3761 to run task
[2022-07-31 14:05:24,832] {standard_task_runner.py:79} INFO - Running: ['***', 'tasks', 'run', 'dag_with_postgres_operator', 'create_postgres_table', 'scheduled__2022-01-26T00:00:00+00:00', '--job-id', '218', '--raw', '--subdir', 'DAGS_FOLDER/DAGWithPostgresOperator.py', '--cfg-path', '/tmp/tmpomtw_uyo', '--error-file', '/tmp/tmpz2o39dd1']
[2022-07-31 14:05:24,832] {standard_task_runner.py:80} INFO - Job 218: Subtask create_postgres_table
[2022-07-31 14:05:24,920] {task_command.py:369} INFO - Running <TaskInstance: dag_with_postgres_operator.create_postgres_table scheduled__2022-01-26T00:00:00+00:00 [running]> on host 4688dd3b7141
[2022-07-31 14:05:25,045] {taskinstance.py:1571} INFO - Exporting the following env vars:
AIRFLOW_CTX_DAG_OWNER=yosr
AIRFLOW_CTX_DAG_ID=dag_with_postgres_operator
AIRFLOW_CTX_TASK_ID=create_postgres_table
AIRFLOW_CTX_EXECUTION_DATE=2022-01-26T00:00:00+00:00
AIRFLOW_CTX_TRY_NUMBER=2
AIRFLOW_CTX_DAG_RUN_ID=scheduled__2022-01-26T00:00:00+00:00
[2022-07-31 14:05:25,237] {taskinstance.py:1889} ERROR - Task failed with exception
Traceback (most recent call last):
  File "/home/airflow/.local/lib/python3.7/site-packages/airflow/providers/postgres/operators/postgres.py", line 92, in execute
    self.hook.run(self.sql, self.autocommit, parameters=self.parameters)
  File "/home/airflow/.local/lib/python3.7/site-packages/airflow/hooks/dbapi.py", line 181, in run
    with closing(self.get_conn()) as conn:
  File "/home/airflow/.local/lib/python3.7/site-packages/airflow/providers/postgres/hooks/postgres.py", line 86, in get_conn
    conn = deepcopy(self.connection or self.get_connection(conn_id))
  File "/home/airflow/.local/lib/python3.7/site-packages/airflow/hooks/base.py", line 67, in get_connection
    conn = Connection.get_connection_from_secrets(conn_id)
  File "/home/airflow/.local/lib/python3.7/site-packages/airflow/models/connection.py", line 430, in get_connection_from_secrets
    raise AirflowNotFoundException(f"The conn_id `{conn_id}` isn't defined")
airflow.exceptions.AirflowNotFoundException: The conn_id `postgres_localhost` isn't defined
[2022-07-31 14:05:25,244] {taskinstance.py:1400} INFO - Marking task as UP_FOR_RETRY. dag_id=dag_with_postgres_operator, task_id=create_postgres_table, execution_date=20220126T000000, start_date=20220731T140524, end_date=20220731T140525
[2022-07-31 14:05:25,268] {standard_task_runner.py:97} ERROR - Failed to execute job 218 for task create_postgres_table (The conn_id `postgres_localhost` isn't defined; 3761)
[2022-07-31 14:05:25,297] {local_task_job.py:156} INFO - Task exited with return code 1
[2022-07-31 14:05:25,395] {local_task_job.py:273} INFO - 0 downstream tasks scheduled from follow-on schedule check
