[2022-07-30 18:39:02,705] {taskinstance.py:1159} INFO - Dependencies all met for <TaskInstance: dag_with_postgres_operator.create_postgres_table scheduled__2022-01-26T00:00:00+00:00 [queued]>
[2022-07-30 18:39:02,725] {taskinstance.py:1159} INFO - Dependencies all met for <TaskInstance: dag_with_postgres_operator.create_postgres_table scheduled__2022-01-26T00:00:00+00:00 [queued]>
[2022-07-30 18:39:02,725] {taskinstance.py:1356} INFO - 
--------------------------------------------------------------------------------
[2022-07-30 18:39:02,725] {taskinstance.py:1357} INFO - Starting attempt 3 of 6
[2022-07-30 18:39:02,725] {taskinstance.py:1358} INFO - 
--------------------------------------------------------------------------------
[2022-07-30 18:39:02,750] {taskinstance.py:1377} INFO - Executing <Task(PostgresOperator): create_postgres_table> on 2022-01-26 00:00:00+00:00
[2022-07-30 18:39:02,756] {standard_task_runner.py:52} INFO - Started process 3624 to run task
[2022-07-30 18:39:02,760] {standard_task_runner.py:79} INFO - Running: ['***', 'tasks', 'run', 'dag_with_postgres_operator', 'create_postgres_table', 'scheduled__2022-01-26T00:00:00+00:00', '--job-id', '233', '--raw', '--subdir', 'DAGS_FOLDER/DAGWithPostgresOperator.py', '--cfg-path', '/tmp/tmpjxmwx4kn', '--error-file', '/tmp/tmp6huluu5k']
[2022-07-30 18:39:02,761] {standard_task_runner.py:80} INFO - Job 233: Subtask create_postgres_table
[2022-07-30 18:39:02,842] {task_command.py:369} INFO - Running <TaskInstance: dag_with_postgres_operator.create_postgres_table scheduled__2022-01-26T00:00:00+00:00 [running]> on host 66bf18ec08cc
[2022-07-30 18:39:02,943] {taskinstance.py:1571} INFO - Exporting the following env vars:
AIRFLOW_CTX_DAG_OWNER=yosr
AIRFLOW_CTX_DAG_ID=dag_with_postgres_operator
AIRFLOW_CTX_TASK_ID=create_postgres_table
AIRFLOW_CTX_EXECUTION_DATE=2022-01-26T00:00:00+00:00
AIRFLOW_CTX_TRY_NUMBER=3
AIRFLOW_CTX_DAG_RUN_ID=scheduled__2022-01-26T00:00:00+00:00
[2022-07-30 18:39:02,957] {base.py:68} INFO - Using connection ID 'postgres_localhost' for task execution.
[2022-07-30 18:39:02,958] {taskinstance.py:1889} ERROR - Task failed with exception
Traceback (most recent call last):
  File "/home/airflow/.local/lib/python3.7/site-packages/airflow/providers/postgres/operators/postgres.py", line 92, in execute
    self.hook.run(self.sql, self.autocommit, parameters=self.parameters)
  File "/home/airflow/.local/lib/python3.7/site-packages/airflow/hooks/dbapi.py", line 181, in run
    with closing(self.get_conn()) as conn:
  File "/home/airflow/.local/lib/python3.7/site-packages/airflow/providers/postgres/hooks/postgres.py", line 113, in get_conn
    self.conn = psycopg2.connect(**conn_args)
  File "/home/airflow/.local/lib/python3.7/site-packages/psycopg2/__init__.py", line 122, in connect
    conn = _connect(dsn, connection_factory=connection_factory, **kwasync)
psycopg2.OperationalError: could not translate host name "host.docker.internal " to address: Name or service not known

[2022-07-30 18:39:02,971] {taskinstance.py:1400} INFO - Marking task as UP_FOR_RETRY. dag_id=dag_with_postgres_operator, task_id=create_postgres_table, execution_date=20220126T000000, start_date=20220730T183902, end_date=20220730T183902
[2022-07-30 18:39:02,984] {standard_task_runner.py:97} ERROR - Failed to execute job 233 for task create_postgres_table (could not translate host name "host.docker.internal " to address: Name or service not known
; 3624)
[2022-07-30 18:39:03,019] {local_task_job.py:156} INFO - Task exited with return code 1
[2022-07-30 18:39:03,095] {local_task_job.py:273} INFO - 0 downstream tasks scheduled from follow-on schedule check
[2022-07-31 09:41:03,605] {taskinstance.py:1159} INFO - Dependencies all met for <TaskInstance: dag_with_postgres_operator.create_postgres_table scheduled__2022-01-26T00:00:00+00:00 [queued]>
[2022-07-31 09:41:03,885] {taskinstance.py:1159} INFO - Dependencies all met for <TaskInstance: dag_with_postgres_operator.create_postgres_table scheduled__2022-01-26T00:00:00+00:00 [queued]>
[2022-07-31 09:41:03,885] {taskinstance.py:1356} INFO - 
--------------------------------------------------------------------------------
[2022-07-31 09:41:03,885] {taskinstance.py:1357} INFO - Starting attempt 3 of 6
[2022-07-31 09:41:03,885] {taskinstance.py:1358} INFO - 
--------------------------------------------------------------------------------
[2022-07-31 09:41:04,053] {taskinstance.py:1377} INFO - Executing <Task(PostgresOperator): create_postgres_table> on 2022-01-26 00:00:00+00:00
[2022-07-31 09:41:04,079] {standard_task_runner.py:52} INFO - Started process 96 to run task
[2022-07-31 09:41:04,223] {standard_task_runner.py:79} INFO - Running: ['***', 'tasks', 'run', 'dag_with_postgres_operator', 'create_postgres_table', 'scheduled__2022-01-26T00:00:00+00:00', '--job-id', '1237', '--raw', '--subdir', 'DAGS_FOLDER/DAGWithPostgresOperator.py', '--cfg-path', '/tmp/tmpy11jmiuh', '--error-file', '/tmp/tmpcpt341s5']
[2022-07-31 09:41:04,223] {standard_task_runner.py:80} INFO - Job 1237: Subtask create_postgres_table
[2022-07-31 09:41:05,229] {task_command.py:369} INFO - Running <TaskInstance: dag_with_postgres_operator.create_postgres_table scheduled__2022-01-26T00:00:00+00:00 [running]> on host 66bf18ec08cc
[2022-07-31 09:41:06,072] {taskinstance.py:1571} INFO - Exporting the following env vars:
AIRFLOW_CTX_DAG_OWNER=yosr
AIRFLOW_CTX_DAG_ID=dag_with_postgres_operator
AIRFLOW_CTX_TASK_ID=create_postgres_table
AIRFLOW_CTX_EXECUTION_DATE=2022-01-26T00:00:00+00:00
AIRFLOW_CTX_TRY_NUMBER=3
AIRFLOW_CTX_DAG_RUN_ID=scheduled__2022-01-26T00:00:00+00:00
[2022-07-31 09:41:06,147] {base.py:68} INFO - Using connection ID 'postgres_localhost' for task execution.
[2022-07-31 09:41:06,148] {taskinstance.py:1889} ERROR - Task failed with exception
Traceback (most recent call last):
  File "/home/airflow/.local/lib/python3.7/site-packages/airflow/providers/postgres/operators/postgres.py", line 92, in execute
    self.hook.run(self.sql, self.autocommit, parameters=self.parameters)
  File "/home/airflow/.local/lib/python3.7/site-packages/airflow/hooks/dbapi.py", line 181, in run
    with closing(self.get_conn()) as conn:
  File "/home/airflow/.local/lib/python3.7/site-packages/airflow/providers/postgres/hooks/postgres.py", line 113, in get_conn
    self.conn = psycopg2.connect(**conn_args)
  File "/home/airflow/.local/lib/python3.7/site-packages/psycopg2/__init__.py", line 122, in connect
    conn = _connect(dsn, connection_factory=connection_factory, **kwasync)
psycopg2.OperationalError: could not translate host name "host.docker.local " to address: Name or service not known

[2022-07-31 09:41:06,204] {taskinstance.py:1400} INFO - Marking task as UP_FOR_RETRY. dag_id=dag_with_postgres_operator, task_id=create_postgres_table, execution_date=20220126T000000, start_date=20220731T094103, end_date=20220731T094106
[2022-07-31 09:41:06,274] {standard_task_runner.py:97} ERROR - Failed to execute job 1237 for task create_postgres_table (could not translate host name "host.docker.local " to address: Name or service not known
; 96)
[2022-07-31 09:41:06,301] {local_task_job.py:156} INFO - Task exited with return code 1
[2022-07-31 09:41:06,485] {local_task_job.py:273} INFO - 0 downstream tasks scheduled from follow-on schedule check
[2022-07-31 14:10:26,125] {taskinstance.py:1159} INFO - Dependencies all met for <TaskInstance: dag_with_postgres_operator.create_postgres_table scheduled__2022-01-26T00:00:00+00:00 [queued]>
[2022-07-31 14:10:26,144] {taskinstance.py:1159} INFO - Dependencies all met for <TaskInstance: dag_with_postgres_operator.create_postgres_table scheduled__2022-01-26T00:00:00+00:00 [queued]>
[2022-07-31 14:10:26,144] {taskinstance.py:1356} INFO - 
--------------------------------------------------------------------------------
[2022-07-31 14:10:26,145] {taskinstance.py:1357} INFO - Starting attempt 3 of 6
[2022-07-31 14:10:26,145] {taskinstance.py:1358} INFO - 
--------------------------------------------------------------------------------
[2022-07-31 14:10:26,163] {taskinstance.py:1377} INFO - Executing <Task(PostgresOperator): create_postgres_table> on 2022-01-26 00:00:00+00:00
[2022-07-31 14:10:26,168] {standard_task_runner.py:52} INFO - Started process 4034 to run task
[2022-07-31 14:10:26,172] {standard_task_runner.py:79} INFO - Running: ['***', 'tasks', 'run', 'dag_with_postgres_operator', 'create_postgres_table', 'scheduled__2022-01-26T00:00:00+00:00', '--job-id', '235', '--raw', '--subdir', 'DAGS_FOLDER/DAGWithPostgresOperator.py', '--cfg-path', '/tmp/tmpawy71wm9', '--error-file', '/tmp/tmpizcl6cdm']
[2022-07-31 14:10:26,173] {standard_task_runner.py:80} INFO - Job 235: Subtask create_postgres_table
[2022-07-31 14:10:26,252] {task_command.py:369} INFO - Running <TaskInstance: dag_with_postgres_operator.create_postgres_table scheduled__2022-01-26T00:00:00+00:00 [running]> on host 4688dd3b7141
[2022-07-31 14:10:26,366] {taskinstance.py:1571} INFO - Exporting the following env vars:
AIRFLOW_CTX_DAG_OWNER=yosr
AIRFLOW_CTX_DAG_ID=dag_with_postgres_operator
AIRFLOW_CTX_TASK_ID=create_postgres_table
AIRFLOW_CTX_EXECUTION_DATE=2022-01-26T00:00:00+00:00
AIRFLOW_CTX_TRY_NUMBER=3
AIRFLOW_CTX_DAG_RUN_ID=scheduled__2022-01-26T00:00:00+00:00
[2022-07-31 14:10:26,404] {taskinstance.py:1889} ERROR - Task failed with exception
Traceback (most recent call last):
  File "/home/airflow/.local/lib/python3.7/site-packages/airflow/providers/postgres/operators/postgres.py", line 92, in execute
    self.hook.run(self.sql, self.autocommit, parameters=self.parameters)
  File "/home/airflow/.local/lib/python3.7/site-packages/airflow/hooks/dbapi.py", line 181, in run
    with closing(self.get_conn()) as conn:
  File "/home/airflow/.local/lib/python3.7/site-packages/airflow/providers/postgres/hooks/postgres.py", line 86, in get_conn
    conn = deepcopy(self.connection or self.get_connection(conn_id))
  File "/home/airflow/.local/lib/python3.7/site-packages/airflow/hooks/base.py", line 67, in get_connection
    conn = Connection.get_connection_from_secrets(conn_id)
  File "/home/airflow/.local/lib/python3.7/site-packages/airflow/models/connection.py", line 430, in get_connection_from_secrets
    raise AirflowNotFoundException(f"The conn_id `{conn_id}` isn't defined")
airflow.exceptions.AirflowNotFoundException: The conn_id `postgres_localhost` isn't defined
[2022-07-31 14:10:26,411] {taskinstance.py:1400} INFO - Marking task as UP_FOR_RETRY. dag_id=dag_with_postgres_operator, task_id=create_postgres_table, execution_date=20220126T000000, start_date=20220731T141026, end_date=20220731T141026
[2022-07-31 14:10:26,429] {standard_task_runner.py:97} ERROR - Failed to execute job 235 for task create_postgres_table (The conn_id `postgres_localhost` isn't defined; 4034)
[2022-07-31 14:10:26,472] {local_task_job.py:156} INFO - Task exited with return code 1
[2022-07-31 14:10:26,722] {local_task_job.py:273} INFO - 0 downstream tasks scheduled from follow-on schedule check
