[2022-07-29 11:56:05,522] {taskinstance.py:1159} INFO - Dependencies all met for <TaskInstance: dag_with_taskflow_api.greet scheduled__2021-11-17T00:00:00+00:00 [queued]>
[2022-07-29 11:56:05,545] {taskinstance.py:1159} INFO - Dependencies all met for <TaskInstance: dag_with_taskflow_api.greet scheduled__2021-11-17T00:00:00+00:00 [queued]>
[2022-07-29 11:56:05,546] {taskinstance.py:1356} INFO - 
--------------------------------------------------------------------------------
[2022-07-29 11:56:05,546] {taskinstance.py:1357} INFO - Starting attempt 1 of 6
[2022-07-29 11:56:05,546] {taskinstance.py:1358} INFO - 
--------------------------------------------------------------------------------
[2022-07-29 11:56:05,575] {taskinstance.py:1377} INFO - Executing <Task(_PythonDecoratedOperator): greet> on 2021-11-17 00:00:00+00:00
[2022-07-29 11:56:05,580] {standard_task_runner.py:52} INFO - Started process 8279 to run task
[2022-07-29 11:56:05,588] {standard_task_runner.py:79} INFO - Running: ['***', 'tasks', 'run', 'dag_with_taskflow_api', 'greet', 'scheduled__2021-11-17T00:00:00+00:00', '--job-id', '1367', '--raw', '--subdir', 'DAGS_FOLDER/DagWithTaskflowApi.py', '--cfg-path', '/tmp/tmpqqo4jjsn', '--error-file', '/tmp/tmp3m8bcbcd']
[2022-07-29 11:56:05,589] {standard_task_runner.py:80} INFO - Job 1367: Subtask greet
[2022-07-29 11:56:05,679] {task_command.py:369} INFO - Running <TaskInstance: dag_with_taskflow_api.greet scheduled__2021-11-17T00:00:00+00:00 [running]> on host 9f0f006fc89d
[2022-07-29 11:56:05,841] {taskinstance.py:1571} INFO - Exporting the following env vars:
AIRFLOW_CTX_DAG_OWNER=yosr
AIRFLOW_CTX_DAG_ID=dag_with_taskflow_api
AIRFLOW_CTX_TASK_ID=greet
AIRFLOW_CTX_EXECUTION_DATE=2021-11-17T00:00:00+00:00
AIRFLOW_CTX_TRY_NUMBER=1
AIRFLOW_CTX_DAG_RUN_ID=scheduled__2021-11-17T00:00:00+00:00
[2022-07-29 11:56:05,842] {logging_mixin.py:115} INFO - Hello World! My name is Jerry Fridman and I am 19 years old!
[2022-07-29 11:56:05,843] {python.py:173} INFO - Done. Returned value was: None
[2022-07-29 11:56:05,860] {taskinstance.py:1400} INFO - Marking task as SUCCESS. dag_id=dag_with_taskflow_api, task_id=greet, execution_date=20211117T000000, start_date=20220729T115605, end_date=20220729T115605
[2022-07-29 11:56:05,886] {local_task_job.py:156} INFO - Task exited with return code 0
[2022-07-29 11:56:05,929] {local_task_job.py:273} INFO - 0 downstream tasks scheduled from follow-on schedule check
