[2022-07-30 18:03:47,885] {taskinstance.py:1159} INFO - Dependencies all met for <TaskInstance: dag_with_postgres_operator.create_postgres_table scheduled__2022-01-11T00:00:00+00:00 [queued]>
[2022-07-30 18:03:47,903] {taskinstance.py:1159} INFO - Dependencies all met for <TaskInstance: dag_with_postgres_operator.create_postgres_table scheduled__2022-01-11T00:00:00+00:00 [queued]>
[2022-07-30 18:03:47,903] {taskinstance.py:1356} INFO - 
--------------------------------------------------------------------------------
[2022-07-30 18:03:47,903] {taskinstance.py:1357} INFO - Starting attempt 1 of 6
[2022-07-30 18:03:47,904] {taskinstance.py:1358} INFO - 
--------------------------------------------------------------------------------
[2022-07-30 18:03:47,927] {taskinstance.py:1377} INFO - Executing <Task(PostgresOperator): create_postgres_table> on 2022-01-11 00:00:00+00:00
[2022-07-30 18:03:47,932] {standard_task_runner.py:52} INFO - Started process 1738 to run task
[2022-07-30 18:03:47,935] {standard_task_runner.py:79} INFO - Running: ['***', 'tasks', 'run', 'dag_with_postgres_operator', 'create_postgres_table', 'scheduled__2022-01-11T00:00:00+00:00', '--job-id', '106', '--raw', '--subdir', 'DAGS_FOLDER/DAGWithPostgresOperator.py', '--cfg-path', '/tmp/tmpcfmzlub1', '--error-file', '/tmp/tmp8aqeyd2z']
[2022-07-30 18:03:47,935] {standard_task_runner.py:80} INFO - Job 106: Subtask create_postgres_table
[2022-07-30 18:03:48,015] {task_command.py:369} INFO - Running <TaskInstance: dag_with_postgres_operator.create_postgres_table scheduled__2022-01-11T00:00:00+00:00 [running]> on host 66bf18ec08cc
[2022-07-30 18:03:48,117] {taskinstance.py:1571} INFO - Exporting the following env vars:
AIRFLOW_CTX_DAG_OWNER=yosr
AIRFLOW_CTX_DAG_ID=dag_with_postgres_operator
AIRFLOW_CTX_TASK_ID=create_postgres_table
AIRFLOW_CTX_EXECUTION_DATE=2022-01-11T00:00:00+00:00
AIRFLOW_CTX_TRY_NUMBER=1
AIRFLOW_CTX_DAG_RUN_ID=scheduled__2022-01-11T00:00:00+00:00
[2022-07-30 18:03:48,133] {base.py:68} INFO - Using connection ID 'postgres_localhost' for task execution.
[2022-07-30 18:03:48,135] {taskinstance.py:1889} ERROR - Task failed with exception
Traceback (most recent call last):
  File "/home/airflow/.local/lib/python3.7/site-packages/airflow/providers/postgres/operators/postgres.py", line 92, in execute
    self.hook.run(self.sql, self.autocommit, parameters=self.parameters)
  File "/home/airflow/.local/lib/python3.7/site-packages/airflow/hooks/dbapi.py", line 181, in run
    with closing(self.get_conn()) as conn:
  File "/home/airflow/.local/lib/python3.7/site-packages/airflow/providers/postgres/hooks/postgres.py", line 113, in get_conn
    self.conn = psycopg2.connect(**conn_args)
  File "/home/airflow/.local/lib/python3.7/site-packages/psycopg2/__init__.py", line 122, in connect
    conn = _connect(dsn, connection_factory=connection_factory, **kwasync)
psycopg2.OperationalError: could not translate host name "host.docker.internal " to address: Name or service not known

[2022-07-30 18:03:48,149] {taskinstance.py:1400} INFO - Marking task as UP_FOR_RETRY. dag_id=dag_with_postgres_operator, task_id=create_postgres_table, execution_date=20220111T000000, start_date=20220730T180347, end_date=20220730T180348
[2022-07-30 18:03:48,165] {standard_task_runner.py:97} ERROR - Failed to execute job 106 for task create_postgres_table (could not translate host name "host.docker.internal " to address: Name or service not known
; 1738)
[2022-07-30 18:03:48,195] {local_task_job.py:156} INFO - Task exited with return code 1
[2022-07-30 18:03:48,250] {local_task_job.py:273} INFO - 0 downstream tasks scheduled from follow-on schedule check
[2022-07-31 00:10:01,881] {taskinstance.py:1159} INFO - Dependencies all met for <TaskInstance: dag_with_postgres_operator.create_postgres_table scheduled__2022-01-11T00:00:00+00:00 [queued]>
[2022-07-31 00:10:01,900] {taskinstance.py:1159} INFO - Dependencies all met for <TaskInstance: dag_with_postgres_operator.create_postgres_table scheduled__2022-01-11T00:00:00+00:00 [queued]>
[2022-07-31 00:10:01,901] {taskinstance.py:1356} INFO - 
--------------------------------------------------------------------------------
[2022-07-31 00:10:01,901] {taskinstance.py:1357} INFO - Starting attempt 1 of 6
[2022-07-31 00:10:01,901] {taskinstance.py:1358} INFO - 
--------------------------------------------------------------------------------
[2022-07-31 00:10:01,924] {taskinstance.py:1377} INFO - Executing <Task(PostgresOperator): create_postgres_table> on 2022-01-11 00:00:00+00:00
[2022-07-31 00:10:01,930] {standard_task_runner.py:52} INFO - Started process 5666 to run task
[2022-07-31 00:10:01,933] {standard_task_runner.py:79} INFO - Running: ['***', 'tasks', 'run', 'dag_with_postgres_operator', 'create_postgres_table', 'scheduled__2022-01-11T00:00:00+00:00', '--job-id', '1114', '--raw', '--subdir', 'DAGS_FOLDER/DAGWithPostgresOperator.py', '--cfg-path', '/tmp/tmpin8_s__6', '--error-file', '/tmp/tmpgaupzkqj']
[2022-07-31 00:10:01,934] {standard_task_runner.py:80} INFO - Job 1114: Subtask create_postgres_table
[2022-07-31 00:10:02,006] {task_command.py:369} INFO - Running <TaskInstance: dag_with_postgres_operator.create_postgres_table scheduled__2022-01-11T00:00:00+00:00 [running]> on host 66bf18ec08cc
[2022-07-31 00:10:02,128] {taskinstance.py:1571} INFO - Exporting the following env vars:
AIRFLOW_CTX_DAG_OWNER=yosr
AIRFLOW_CTX_DAG_ID=dag_with_postgres_operator
AIRFLOW_CTX_TASK_ID=create_postgres_table
AIRFLOW_CTX_EXECUTION_DATE=2022-01-11T00:00:00+00:00
AIRFLOW_CTX_TRY_NUMBER=1
AIRFLOW_CTX_DAG_RUN_ID=scheduled__2022-01-11T00:00:00+00:00
[2022-07-31 00:10:02,145] {base.py:68} INFO - Using connection ID 'postgres_localhost' for task execution.
[2022-07-31 00:10:02,147] {taskinstance.py:1889} ERROR - Task failed with exception
Traceback (most recent call last):
  File "/home/airflow/.local/lib/python3.7/site-packages/airflow/providers/postgres/operators/postgres.py", line 92, in execute
    self.hook.run(self.sql, self.autocommit, parameters=self.parameters)
  File "/home/airflow/.local/lib/python3.7/site-packages/airflow/hooks/dbapi.py", line 181, in run
    with closing(self.get_conn()) as conn:
  File "/home/airflow/.local/lib/python3.7/site-packages/airflow/providers/postgres/hooks/postgres.py", line 113, in get_conn
    self.conn = psycopg2.connect(**conn_args)
  File "/home/airflow/.local/lib/python3.7/site-packages/psycopg2/__init__.py", line 122, in connect
    conn = _connect(dsn, connection_factory=connection_factory, **kwasync)
psycopg2.OperationalError: could not translate host name "host.docker.local " to address: Name or service not known

[2022-07-31 00:10:02,163] {taskinstance.py:1400} INFO - Marking task as UP_FOR_RETRY. dag_id=dag_with_postgres_operator, task_id=create_postgres_table, execution_date=20220111T000000, start_date=20220731T001001, end_date=20220731T001002
[2022-07-31 00:10:02,185] {standard_task_runner.py:97} ERROR - Failed to execute job 1114 for task create_postgres_table (could not translate host name "host.docker.local " to address: Name or service not known
; 5666)
[2022-07-31 00:10:02,233] {local_task_job.py:156} INFO - Task exited with return code 1
[2022-07-31 00:10:02,305] {local_task_job.py:273} INFO - 0 downstream tasks scheduled from follow-on schedule check
[2022-07-31 11:03:27,504] {taskinstance.py:1159} INFO - Dependencies all met for <TaskInstance: dag_with_postgres_operator.create_postgres_table scheduled__2022-01-11T00:00:00+00:00 [queued]>
[2022-07-31 11:03:27,530] {taskinstance.py:1159} INFO - Dependencies all met for <TaskInstance: dag_with_postgres_operator.create_postgres_table scheduled__2022-01-11T00:00:00+00:00 [queued]>
[2022-07-31 11:03:27,530] {taskinstance.py:1356} INFO - 
--------------------------------------------------------------------------------
[2022-07-31 11:03:27,530] {taskinstance.py:1357} INFO - Starting attempt 1 of 6
[2022-07-31 11:03:27,530] {taskinstance.py:1358} INFO - 
--------------------------------------------------------------------------------
[2022-07-31 11:03:27,556] {taskinstance.py:1377} INFO - Executing <Task(PostgresOperator): create_postgres_table> on 2022-01-11 00:00:00+00:00
[2022-07-31 11:03:27,562] {standard_task_runner.py:52} INFO - Started process 4539 to run task
[2022-07-31 11:03:27,565] {standard_task_runner.py:79} INFO - Running: ['***', 'tasks', 'run', 'dag_with_postgres_operator', 'create_postgres_table', 'scheduled__2022-01-11T00:00:00+00:00', '--job-id', '1564', '--raw', '--subdir', 'DAGS_FOLDER/DAGWithPostgresOperator.py', '--cfg-path', '/tmp/tmp23vwahd9', '--error-file', '/tmp/tmpezgbks33']
[2022-07-31 11:03:27,566] {standard_task_runner.py:80} INFO - Job 1564: Subtask create_postgres_table
[2022-07-31 11:03:27,648] {task_command.py:369} INFO - Running <TaskInstance: dag_with_postgres_operator.create_postgres_table scheduled__2022-01-11T00:00:00+00:00 [running]> on host 66bf18ec08cc
[2022-07-31 11:03:27,753] {taskinstance.py:1571} INFO - Exporting the following env vars:
AIRFLOW_CTX_DAG_OWNER=yosr
AIRFLOW_CTX_DAG_ID=dag_with_postgres_operator
AIRFLOW_CTX_TASK_ID=create_postgres_table
AIRFLOW_CTX_EXECUTION_DATE=2022-01-11T00:00:00+00:00
AIRFLOW_CTX_TRY_NUMBER=1
AIRFLOW_CTX_DAG_RUN_ID=scheduled__2022-01-11T00:00:00+00:00
[2022-07-31 11:03:27,767] {base.py:68} INFO - Using connection ID 'postgres_localhost' for task execution.
[2022-07-31 11:03:27,768] {taskinstance.py:1889} ERROR - Task failed with exception
Traceback (most recent call last):
  File "/home/airflow/.local/lib/python3.7/site-packages/airflow/providers/postgres/operators/postgres.py", line 92, in execute
    self.hook.run(self.sql, self.autocommit, parameters=self.parameters)
  File "/home/airflow/.local/lib/python3.7/site-packages/airflow/hooks/dbapi.py", line 181, in run
    with closing(self.get_conn()) as conn:
  File "/home/airflow/.local/lib/python3.7/site-packages/airflow/providers/postgres/hooks/postgres.py", line 113, in get_conn
    self.conn = psycopg2.connect(**conn_args)
  File "/home/airflow/.local/lib/python3.7/site-packages/psycopg2/__init__.py", line 122, in connect
    conn = _connect(dsn, connection_factory=connection_factory, **kwasync)
psycopg2.OperationalError: could not translate host name "host.docker.internal " to address: Name or service not known

[2022-07-31 11:03:27,783] {taskinstance.py:1400} INFO - Marking task as UP_FOR_RETRY. dag_id=dag_with_postgres_operator, task_id=create_postgres_table, execution_date=20220111T000000, start_date=20220731T110327, end_date=20220731T110327
[2022-07-31 11:03:27,800] {standard_task_runner.py:97} ERROR - Failed to execute job 1564 for task create_postgres_table (could not translate host name "host.docker.internal " to address: Name or service not known
; 4539)
[2022-07-31 11:03:27,828] {local_task_job.py:156} INFO - Task exited with return code 1
[2022-07-31 11:03:27,873] {local_task_job.py:273} INFO - 0 downstream tasks scheduled from follow-on schedule check
[2022-07-31 13:35:08,013] {taskinstance.py:1159} INFO - Dependencies all met for <TaskInstance: dag_with_postgres_operator.create_postgres_table scheduled__2022-01-11T00:00:00+00:00 [queued]>
[2022-07-31 13:35:08,033] {taskinstance.py:1159} INFO - Dependencies all met for <TaskInstance: dag_with_postgres_operator.create_postgres_table scheduled__2022-01-11T00:00:00+00:00 [queued]>
[2022-07-31 13:35:08,033] {taskinstance.py:1356} INFO - 
--------------------------------------------------------------------------------
[2022-07-31 13:35:08,033] {taskinstance.py:1357} INFO - Starting attempt 1 of 6
[2022-07-31 13:35:08,033] {taskinstance.py:1358} INFO - 
--------------------------------------------------------------------------------
[2022-07-31 13:35:08,059] {taskinstance.py:1377} INFO - Executing <Task(PostgresOperator): create_postgres_table> on 2022-01-11 00:00:00+00:00
[2022-07-31 13:35:08,063] {standard_task_runner.py:52} INFO - Started process 2131 to run task
[2022-07-31 13:35:08,066] {standard_task_runner.py:79} INFO - Running: ['***', 'tasks', 'run', 'dag_with_postgres_operator', 'create_postgres_table', 'scheduled__2022-01-11T00:00:00+00:00', '--job-id', '106', '--raw', '--subdir', 'DAGS_FOLDER/DAGWithPostgresOperator.py', '--cfg-path', '/tmp/tmp96f4_wxy', '--error-file', '/tmp/tmp8e_4krzo']
[2022-07-31 13:35:08,066] {standard_task_runner.py:80} INFO - Job 106: Subtask create_postgres_table
[2022-07-31 13:35:08,154] {task_command.py:369} INFO - Running <TaskInstance: dag_with_postgres_operator.create_postgres_table scheduled__2022-01-11T00:00:00+00:00 [running]> on host 4688dd3b7141
[2022-07-31 13:35:08,254] {taskinstance.py:1571} INFO - Exporting the following env vars:
AIRFLOW_CTX_DAG_OWNER=yosr
AIRFLOW_CTX_DAG_ID=dag_with_postgres_operator
AIRFLOW_CTX_TASK_ID=create_postgres_table
AIRFLOW_CTX_EXECUTION_DATE=2022-01-11T00:00:00+00:00
AIRFLOW_CTX_TRY_NUMBER=1
AIRFLOW_CTX_DAG_RUN_ID=scheduled__2022-01-11T00:00:00+00:00
[2022-07-31 13:35:08,288] {taskinstance.py:1889} ERROR - Task failed with exception
Traceback (most recent call last):
  File "/home/airflow/.local/lib/python3.7/site-packages/airflow/providers/postgres/operators/postgres.py", line 92, in execute
    self.hook.run(self.sql, self.autocommit, parameters=self.parameters)
  File "/home/airflow/.local/lib/python3.7/site-packages/airflow/hooks/dbapi.py", line 181, in run
    with closing(self.get_conn()) as conn:
  File "/home/airflow/.local/lib/python3.7/site-packages/airflow/providers/postgres/hooks/postgres.py", line 86, in get_conn
    conn = deepcopy(self.connection or self.get_connection(conn_id))
  File "/home/airflow/.local/lib/python3.7/site-packages/airflow/hooks/base.py", line 67, in get_connection
    conn = Connection.get_connection_from_secrets(conn_id)
  File "/home/airflow/.local/lib/python3.7/site-packages/airflow/models/connection.py", line 430, in get_connection_from_secrets
    raise AirflowNotFoundException(f"The conn_id `{conn_id}` isn't defined")
airflow.exceptions.AirflowNotFoundException: The conn_id `postgres_localhost` isn't defined
[2022-07-31 13:35:08,293] {taskinstance.py:1400} INFO - Marking task as UP_FOR_RETRY. dag_id=dag_with_postgres_operator, task_id=create_postgres_table, execution_date=20220111T000000, start_date=20220731T133508, end_date=20220731T133508
[2022-07-31 13:35:08,313] {standard_task_runner.py:97} ERROR - Failed to execute job 106 for task create_postgres_table (The conn_id `postgres_localhost` isn't defined; 2131)
[2022-07-31 13:35:08,326] {local_task_job.py:156} INFO - Task exited with return code 1
[2022-07-31 13:35:08,385] {local_task_job.py:273} INFO - 0 downstream tasks scheduled from follow-on schedule check
