[2022-07-30 18:13:50,361] {taskinstance.py:1159} INFO - Dependencies all met for <TaskInstance: dag_with_postgres_operator.create_postgres_table scheduled__2022-01-11T00:00:00+00:00 [queued]>
[2022-07-30 18:13:50,377] {taskinstance.py:1159} INFO - Dependencies all met for <TaskInstance: dag_with_postgres_operator.create_postgres_table scheduled__2022-01-11T00:00:00+00:00 [queued]>
[2022-07-30 18:13:50,377] {taskinstance.py:1356} INFO - 
--------------------------------------------------------------------------------
[2022-07-30 18:13:50,377] {taskinstance.py:1357} INFO - Starting attempt 3 of 6
[2022-07-30 18:13:50,377] {taskinstance.py:1358} INFO - 
--------------------------------------------------------------------------------
[2022-07-30 18:13:50,399] {taskinstance.py:1377} INFO - Executing <Task(PostgresOperator): create_postgres_table> on 2022-01-11 00:00:00+00:00
[2022-07-30 18:13:50,406] {standard_task_runner.py:52} INFO - Started process 2274 to run task
[2022-07-30 18:13:50,409] {standard_task_runner.py:79} INFO - Running: ['***', 'tasks', 'run', 'dag_with_postgres_operator', 'create_postgres_table', 'scheduled__2022-01-11T00:00:00+00:00', '--job-id', '139', '--raw', '--subdir', 'DAGS_FOLDER/DAGWithPostgresOperator.py', '--cfg-path', '/tmp/tmpffyc1isi', '--error-file', '/tmp/tmpoqgcynex']
[2022-07-30 18:13:50,409] {standard_task_runner.py:80} INFO - Job 139: Subtask create_postgres_table
[2022-07-30 18:13:50,486] {task_command.py:369} INFO - Running <TaskInstance: dag_with_postgres_operator.create_postgres_table scheduled__2022-01-11T00:00:00+00:00 [running]> on host 66bf18ec08cc
[2022-07-30 18:13:50,592] {taskinstance.py:1571} INFO - Exporting the following env vars:
AIRFLOW_CTX_DAG_OWNER=yosr
AIRFLOW_CTX_DAG_ID=dag_with_postgres_operator
AIRFLOW_CTX_TASK_ID=create_postgres_table
AIRFLOW_CTX_EXECUTION_DATE=2022-01-11T00:00:00+00:00
AIRFLOW_CTX_TRY_NUMBER=3
AIRFLOW_CTX_DAG_RUN_ID=scheduled__2022-01-11T00:00:00+00:00
[2022-07-30 18:13:50,606] {base.py:68} INFO - Using connection ID 'postgres_localhost' for task execution.
[2022-07-30 18:13:50,607] {taskinstance.py:1889} ERROR - Task failed with exception
Traceback (most recent call last):
  File "/home/airflow/.local/lib/python3.7/site-packages/airflow/providers/postgres/operators/postgres.py", line 92, in execute
    self.hook.run(self.sql, self.autocommit, parameters=self.parameters)
  File "/home/airflow/.local/lib/python3.7/site-packages/airflow/hooks/dbapi.py", line 181, in run
    with closing(self.get_conn()) as conn:
  File "/home/airflow/.local/lib/python3.7/site-packages/airflow/providers/postgres/hooks/postgres.py", line 113, in get_conn
    self.conn = psycopg2.connect(**conn_args)
  File "/home/airflow/.local/lib/python3.7/site-packages/psycopg2/__init__.py", line 122, in connect
    conn = _connect(dsn, connection_factory=connection_factory, **kwasync)
psycopg2.OperationalError: could not translate host name "host.docker.internal " to address: Name or service not known

[2022-07-30 18:13:50,621] {taskinstance.py:1400} INFO - Marking task as UP_FOR_RETRY. dag_id=dag_with_postgres_operator, task_id=create_postgres_table, execution_date=20220111T000000, start_date=20220730T181350, end_date=20220730T181350
[2022-07-30 18:13:50,641] {standard_task_runner.py:97} ERROR - Failed to execute job 139 for task create_postgres_table (could not translate host name "host.docker.internal " to address: Name or service not known
; 2274)
[2022-07-30 18:13:50,669] {local_task_job.py:156} INFO - Task exited with return code 1
[2022-07-30 18:13:50,729] {local_task_job.py:273} INFO - 0 downstream tasks scheduled from follow-on schedule check
[2022-07-31 00:20:03,623] {taskinstance.py:1159} INFO - Dependencies all met for <TaskInstance: dag_with_postgres_operator.create_postgres_table scheduled__2022-01-11T00:00:00+00:00 [queued]>
[2022-07-31 00:20:03,659] {taskinstance.py:1159} INFO - Dependencies all met for <TaskInstance: dag_with_postgres_operator.create_postgres_table scheduled__2022-01-11T00:00:00+00:00 [queued]>
[2022-07-31 00:20:03,659] {taskinstance.py:1356} INFO - 
--------------------------------------------------------------------------------
[2022-07-31 00:20:03,659] {taskinstance.py:1357} INFO - Starting attempt 3 of 6
[2022-07-31 00:20:03,659] {taskinstance.py:1358} INFO - 
--------------------------------------------------------------------------------
[2022-07-31 00:20:03,682] {taskinstance.py:1377} INFO - Executing <Task(PostgresOperator): create_postgres_table> on 2022-01-11 00:00:00+00:00
[2022-07-31 00:20:03,688] {standard_task_runner.py:52} INFO - Started process 6191 to run task
[2022-07-31 00:20:03,693] {standard_task_runner.py:79} INFO - Running: ['***', 'tasks', 'run', 'dag_with_postgres_operator', 'create_postgres_table', 'scheduled__2022-01-11T00:00:00+00:00', '--job-id', '1145', '--raw', '--subdir', 'DAGS_FOLDER/DAGWithPostgresOperator.py', '--cfg-path', '/tmp/tmp1ue_kgjc', '--error-file', '/tmp/tmpza0906da']
[2022-07-31 00:20:03,693] {standard_task_runner.py:80} INFO - Job 1145: Subtask create_postgres_table
[2022-07-31 00:20:03,773] {task_command.py:369} INFO - Running <TaskInstance: dag_with_postgres_operator.create_postgres_table scheduled__2022-01-11T00:00:00+00:00 [running]> on host 66bf18ec08cc
[2022-07-31 00:20:03,877] {taskinstance.py:1571} INFO - Exporting the following env vars:
AIRFLOW_CTX_DAG_OWNER=yosr
AIRFLOW_CTX_DAG_ID=dag_with_postgres_operator
AIRFLOW_CTX_TASK_ID=create_postgres_table
AIRFLOW_CTX_EXECUTION_DATE=2022-01-11T00:00:00+00:00
AIRFLOW_CTX_TRY_NUMBER=3
AIRFLOW_CTX_DAG_RUN_ID=scheduled__2022-01-11T00:00:00+00:00
[2022-07-31 00:20:03,892] {base.py:68} INFO - Using connection ID 'postgres_localhost' for task execution.
[2022-07-31 00:20:03,894] {taskinstance.py:1889} ERROR - Task failed with exception
Traceback (most recent call last):
  File "/home/airflow/.local/lib/python3.7/site-packages/airflow/providers/postgres/operators/postgres.py", line 92, in execute
    self.hook.run(self.sql, self.autocommit, parameters=self.parameters)
  File "/home/airflow/.local/lib/python3.7/site-packages/airflow/hooks/dbapi.py", line 181, in run
    with closing(self.get_conn()) as conn:
  File "/home/airflow/.local/lib/python3.7/site-packages/airflow/providers/postgres/hooks/postgres.py", line 113, in get_conn
    self.conn = psycopg2.connect(**conn_args)
  File "/home/airflow/.local/lib/python3.7/site-packages/psycopg2/__init__.py", line 122, in connect
    conn = _connect(dsn, connection_factory=connection_factory, **kwasync)
psycopg2.OperationalError: could not translate host name "host.docker.local " to address: Name or service not known

[2022-07-31 00:20:03,909] {taskinstance.py:1400} INFO - Marking task as UP_FOR_RETRY. dag_id=dag_with_postgres_operator, task_id=create_postgres_table, execution_date=20220111T000000, start_date=20220731T002003, end_date=20220731T002003
[2022-07-31 00:20:03,927] {standard_task_runner.py:97} ERROR - Failed to execute job 1145 for task create_postgres_table (could not translate host name "host.docker.local " to address: Name or service not known
; 6191)
[2022-07-31 00:20:03,954] {local_task_job.py:156} INFO - Task exited with return code 1
[2022-07-31 00:20:04,061] {local_task_job.py:273} INFO - 0 downstream tasks scheduled from follow-on schedule check
[2022-07-31 11:13:29,155] {taskinstance.py:1159} INFO - Dependencies all met for <TaskInstance: dag_with_postgres_operator.create_postgres_table scheduled__2022-01-11T00:00:00+00:00 [queued]>
[2022-07-31 11:13:29,172] {taskinstance.py:1159} INFO - Dependencies all met for <TaskInstance: dag_with_postgres_operator.create_postgres_table scheduled__2022-01-11T00:00:00+00:00 [queued]>
[2022-07-31 11:13:29,173] {taskinstance.py:1356} INFO - 
--------------------------------------------------------------------------------
[2022-07-31 11:13:29,173] {taskinstance.py:1357} INFO - Starting attempt 3 of 6
[2022-07-31 11:13:29,173] {taskinstance.py:1358} INFO - 
--------------------------------------------------------------------------------
[2022-07-31 11:13:29,192] {taskinstance.py:1377} INFO - Executing <Task(PostgresOperator): create_postgres_table> on 2022-01-11 00:00:00+00:00
[2022-07-31 11:13:29,196] {standard_task_runner.py:52} INFO - Started process 5062 to run task
[2022-07-31 11:13:29,199] {standard_task_runner.py:79} INFO - Running: ['***', 'tasks', 'run', 'dag_with_postgres_operator', 'create_postgres_table', 'scheduled__2022-01-11T00:00:00+00:00', '--job-id', '1598', '--raw', '--subdir', 'DAGS_FOLDER/DAGWithPostgresOperator.py', '--cfg-path', '/tmp/tmp0yuwbnd0', '--error-file', '/tmp/tmpulr852m6']
[2022-07-31 11:13:29,200] {standard_task_runner.py:80} INFO - Job 1598: Subtask create_postgres_table
[2022-07-31 11:13:29,268] {task_command.py:369} INFO - Running <TaskInstance: dag_with_postgres_operator.create_postgres_table scheduled__2022-01-11T00:00:00+00:00 [running]> on host 66bf18ec08cc
[2022-07-31 11:13:29,354] {taskinstance.py:1571} INFO - Exporting the following env vars:
AIRFLOW_CTX_DAG_OWNER=yosr
AIRFLOW_CTX_DAG_ID=dag_with_postgres_operator
AIRFLOW_CTX_TASK_ID=create_postgres_table
AIRFLOW_CTX_EXECUTION_DATE=2022-01-11T00:00:00+00:00
AIRFLOW_CTX_TRY_NUMBER=3
AIRFLOW_CTX_DAG_RUN_ID=scheduled__2022-01-11T00:00:00+00:00
[2022-07-31 11:13:29,366] {base.py:68} INFO - Using connection ID 'postgres_localhost' for task execution.
[2022-07-31 11:13:54,386] {taskinstance.py:1889} ERROR - Task failed with exception
Traceback (most recent call last):
  File "/home/airflow/.local/lib/python3.7/site-packages/airflow/providers/postgres/operators/postgres.py", line 92, in execute
    self.hook.run(self.sql, self.autocommit, parameters=self.parameters)
  File "/home/airflow/.local/lib/python3.7/site-packages/airflow/hooks/dbapi.py", line 181, in run
    with closing(self.get_conn()) as conn:
  File "/home/airflow/.local/lib/python3.7/site-packages/airflow/providers/postgres/hooks/postgres.py", line 113, in get_conn
    self.conn = psycopg2.connect(**conn_args)
  File "/home/airflow/.local/lib/python3.7/site-packages/psycopg2/__init__.py", line 122, in connect
    conn = _connect(dsn, connection_factory=connection_factory, **kwasync)
psycopg2.OperationalError: could not translate host name "host.docker.internal" to address: Temporary failure in name resolution

[2022-07-31 11:13:54,399] {taskinstance.py:1400} INFO - Marking task as UP_FOR_RETRY. dag_id=dag_with_postgres_operator, task_id=create_postgres_table, execution_date=20220111T000000, start_date=20220731T111329, end_date=20220731T111354
[2022-07-31 11:13:54,414] {standard_task_runner.py:97} ERROR - Failed to execute job 1598 for task create_postgres_table (could not translate host name "host.docker.internal" to address: Temporary failure in name resolution
; 5062)
[2022-07-31 11:13:54,444] {local_task_job.py:156} INFO - Task exited with return code 1
[2022-07-31 11:13:54,486] {local_task_job.py:273} INFO - 0 downstream tasks scheduled from follow-on schedule check
[2022-07-31 13:45:10,158] {taskinstance.py:1159} INFO - Dependencies all met for <TaskInstance: dag_with_postgres_operator.create_postgres_table scheduled__2022-01-11T00:00:00+00:00 [queued]>
[2022-07-31 13:45:10,186] {taskinstance.py:1159} INFO - Dependencies all met for <TaskInstance: dag_with_postgres_operator.create_postgres_table scheduled__2022-01-11T00:00:00+00:00 [queued]>
[2022-07-31 13:45:10,187] {taskinstance.py:1356} INFO - 
--------------------------------------------------------------------------------
[2022-07-31 13:45:10,187] {taskinstance.py:1357} INFO - Starting attempt 3 of 6
[2022-07-31 13:45:10,187] {taskinstance.py:1358} INFO - 
--------------------------------------------------------------------------------
[2022-07-31 13:45:10,211] {taskinstance.py:1377} INFO - Executing <Task(PostgresOperator): create_postgres_table> on 2022-01-11 00:00:00+00:00
[2022-07-31 13:45:10,218] {standard_task_runner.py:52} INFO - Started process 2664 to run task
[2022-07-31 13:45:10,225] {standard_task_runner.py:79} INFO - Running: ['***', 'tasks', 'run', 'dag_with_postgres_operator', 'create_postgres_table', 'scheduled__2022-01-11T00:00:00+00:00', '--job-id', '138', '--raw', '--subdir', 'DAGS_FOLDER/DAGWithPostgresOperator.py', '--cfg-path', '/tmp/tmp7eecut3j', '--error-file', '/tmp/tmp7iqz8hcf']
[2022-07-31 13:45:10,226] {standard_task_runner.py:80} INFO - Job 138: Subtask create_postgres_table
[2022-07-31 13:45:10,340] {task_command.py:369} INFO - Running <TaskInstance: dag_with_postgres_operator.create_postgres_table scheduled__2022-01-11T00:00:00+00:00 [running]> on host 4688dd3b7141
[2022-07-31 13:45:10,453] {taskinstance.py:1571} INFO - Exporting the following env vars:
AIRFLOW_CTX_DAG_OWNER=yosr
AIRFLOW_CTX_DAG_ID=dag_with_postgres_operator
AIRFLOW_CTX_TASK_ID=create_postgres_table
AIRFLOW_CTX_EXECUTION_DATE=2022-01-11T00:00:00+00:00
AIRFLOW_CTX_TRY_NUMBER=3
AIRFLOW_CTX_DAG_RUN_ID=scheduled__2022-01-11T00:00:00+00:00
[2022-07-31 13:45:10,590] {taskinstance.py:1889} ERROR - Task failed with exception
Traceback (most recent call last):
  File "/home/airflow/.local/lib/python3.7/site-packages/airflow/providers/postgres/operators/postgres.py", line 92, in execute
    self.hook.run(self.sql, self.autocommit, parameters=self.parameters)
  File "/home/airflow/.local/lib/python3.7/site-packages/airflow/hooks/dbapi.py", line 181, in run
    with closing(self.get_conn()) as conn:
  File "/home/airflow/.local/lib/python3.7/site-packages/airflow/providers/postgres/hooks/postgres.py", line 86, in get_conn
    conn = deepcopy(self.connection or self.get_connection(conn_id))
  File "/home/airflow/.local/lib/python3.7/site-packages/airflow/hooks/base.py", line 67, in get_connection
    conn = Connection.get_connection_from_secrets(conn_id)
  File "/home/airflow/.local/lib/python3.7/site-packages/airflow/models/connection.py", line 430, in get_connection_from_secrets
    raise AirflowNotFoundException(f"The conn_id `{conn_id}` isn't defined")
airflow.exceptions.AirflowNotFoundException: The conn_id `postgres_localhost` isn't defined
[2022-07-31 13:45:10,596] {taskinstance.py:1400} INFO - Marking task as UP_FOR_RETRY. dag_id=dag_with_postgres_operator, task_id=create_postgres_table, execution_date=20220111T000000, start_date=20220731T134510, end_date=20220731T134510
[2022-07-31 13:45:10,622] {standard_task_runner.py:97} ERROR - Failed to execute job 138 for task create_postgres_table (The conn_id `postgres_localhost` isn't defined; 2664)
[2022-07-31 13:45:10,646] {local_task_job.py:156} INFO - Task exited with return code 1
[2022-07-31 13:45:10,707] {local_task_job.py:273} INFO - 0 downstream tasks scheduled from follow-on schedule check
