[2022-07-29 12:22:11,596] {taskinstance.py:1159} INFO - Dependencies all met for <TaskInstance: dag_with_cron_expression.task1 scheduled__2022-03-29T03:00:00+00:00 [queued]>
[2022-07-29 12:22:11,608] {taskinstance.py:1159} INFO - Dependencies all met for <TaskInstance: dag_with_cron_expression.task1 scheduled__2022-03-29T03:00:00+00:00 [queued]>
[2022-07-29 12:22:11,608] {taskinstance.py:1356} INFO - 
--------------------------------------------------------------------------------
[2022-07-29 12:22:11,608] {taskinstance.py:1357} INFO - Starting attempt 1 of 6
[2022-07-29 12:22:11,608] {taskinstance.py:1358} INFO - 
--------------------------------------------------------------------------------
[2022-07-29 12:22:11,628] {taskinstance.py:1377} INFO - Executing <Task(BashOperator): task1> on 2022-03-29 03:00:00+00:00
[2022-07-29 12:22:11,633] {standard_task_runner.py:52} INFO - Started process 11272 to run task
[2022-07-29 12:22:11,636] {standard_task_runner.py:79} INFO - Running: ['***', 'tasks', 'run', 'dag_with_cron_expression', 'task1', 'scheduled__2022-03-29T03:00:00+00:00', '--job-id', '2221', '--raw', '--subdir', 'DAGS_FOLDER/DagWithCronExpression.py', '--cfg-path', '/tmp/tmp28g_lm87', '--error-file', '/tmp/tmpr9uy61xh']
[2022-07-29 12:22:11,637] {standard_task_runner.py:80} INFO - Job 2221: Subtask task1
[2022-07-29 12:22:11,711] {task_command.py:369} INFO - Running <TaskInstance: dag_with_cron_expression.task1 scheduled__2022-03-29T03:00:00+00:00 [running]> on host 9f0f006fc89d
[2022-07-29 12:22:11,812] {taskinstance.py:1571} INFO - Exporting the following env vars:
AIRFLOW_CTX_DAG_OWNER=yosr
AIRFLOW_CTX_DAG_ID=dag_with_cron_expression
AIRFLOW_CTX_TASK_ID=task1
AIRFLOW_CTX_EXECUTION_DATE=2022-03-29T03:00:00+00:00
AIRFLOW_CTX_TRY_NUMBER=1
AIRFLOW_CTX_DAG_RUN_ID=scheduled__2022-03-29T03:00:00+00:00
[2022-07-29 12:22:11,813] {subprocess.py:62} INFO - Tmp dir root location: 
 /tmp
[2022-07-29 12:22:11,814] {subprocess.py:74} INFO - Running command: ['bash', '-c', 'echo dag with cron expression!']
[2022-07-29 12:22:11,827] {subprocess.py:85} INFO - Output:
[2022-07-29 12:22:11,829] {subprocess.py:92} INFO - dag with cron expression!
[2022-07-29 12:22:11,830] {subprocess.py:96} INFO - Command exited with return code 0
[2022-07-29 12:22:11,870] {taskinstance.py:1400} INFO - Marking task as SUCCESS. dag_id=dag_with_cron_expression, task_id=task1, execution_date=20220329T030000, start_date=20220729T122211, end_date=20220729T122211
[2022-07-29 12:22:11,896] {local_task_job.py:156} INFO - Task exited with return code 0
[2022-07-29 12:22:11,948] {local_task_job.py:273} INFO - 0 downstream tasks scheduled from follow-on schedule check
