[2022-07-29 11:43:46,823] {taskinstance.py:1159} INFO - Dependencies all met for <TaskInstance: dag_with_python_operator.get_age scheduled__2022-04-05T00:00:00+00:00 [queued]>
[2022-07-29 11:43:46,848] {taskinstance.py:1159} INFO - Dependencies all met for <TaskInstance: dag_with_python_operator.get_age scheduled__2022-04-05T00:00:00+00:00 [queued]>
[2022-07-29 11:43:46,848] {taskinstance.py:1356} INFO - 
--------------------------------------------------------------------------------
[2022-07-29 11:43:46,848] {taskinstance.py:1357} INFO - Starting attempt 1 of 6
[2022-07-29 11:43:46,848] {taskinstance.py:1358} INFO - 
--------------------------------------------------------------------------------
[2022-07-29 11:43:46,919] {taskinstance.py:1377} INFO - Executing <Task(PythonOperator): get_age> on 2022-04-05 00:00:00+00:00
[2022-07-29 11:43:46,929] {standard_task_runner.py:52} INFO - Started process 6889 to run task
[2022-07-29 11:43:46,942] {standard_task_runner.py:79} INFO - Running: ['***', 'tasks', 'run', 'dag_with_python_operator', 'get_age', 'scheduled__2022-04-05T00:00:00+00:00', '--job-id', '948', '--raw', '--subdir', 'DAGS_FOLDER/CreateDagWithPythonOperator.py', '--cfg-path', '/tmp/tmpf60riiqn', '--error-file', '/tmp/tmproxtivon']
[2022-07-29 11:43:46,943] {standard_task_runner.py:80} INFO - Job 948: Subtask get_age
[2022-07-29 11:43:47,107] {task_command.py:369} INFO - Running <TaskInstance: dag_with_python_operator.get_age scheduled__2022-04-05T00:00:00+00:00 [running]> on host 9f0f006fc89d
[2022-07-29 11:43:47,341] {taskinstance.py:1571} INFO - Exporting the following env vars:
AIRFLOW_CTX_DAG_OWNER=yosr
AIRFLOW_CTX_DAG_ID=dag_with_python_operator
AIRFLOW_CTX_TASK_ID=get_age
AIRFLOW_CTX_EXECUTION_DATE=2022-04-05T00:00:00+00:00
AIRFLOW_CTX_TRY_NUMBER=1
AIRFLOW_CTX_DAG_RUN_ID=scheduled__2022-04-05T00:00:00+00:00
[2022-07-29 11:43:47,430] {python.py:173} INFO - Done. Returned value was: None
[2022-07-29 11:43:47,465] {taskinstance.py:1400} INFO - Marking task as SUCCESS. dag_id=dag_with_python_operator, task_id=get_age, execution_date=20220405T000000, start_date=20220729T114346, end_date=20220729T114347
[2022-07-29 11:43:47,517] {local_task_job.py:156} INFO - Task exited with return code 0
[2022-07-29 11:43:47,657] {local_task_job.py:273} INFO - 1 downstream tasks scheduled from follow-on schedule check
