[2022-07-30 17:43:18,556] {taskinstance.py:1159} INFO - Dependencies all met for <TaskInstance: dag_with_postgres_operator.create_postgres_table scheduled__2021-12-30T00:00:00+00:00 [queued]>
[2022-07-30 17:43:18,611] {taskinstance.py:1159} INFO - Dependencies all met for <TaskInstance: dag_with_postgres_operator.create_postgres_table scheduled__2021-12-30T00:00:00+00:00 [queued]>
[2022-07-30 17:43:18,617] {taskinstance.py:1356} INFO - 
--------------------------------------------------------------------------------
[2022-07-30 17:43:18,618] {taskinstance.py:1357} INFO - Starting attempt 2 of 6
[2022-07-30 17:43:18,619] {taskinstance.py:1358} INFO - 
--------------------------------------------------------------------------------
[2022-07-30 17:43:18,670] {taskinstance.py:1377} INFO - Executing <Task(PostgresOperator): create_postgres_table> on 2021-12-30 00:00:00+00:00
[2022-07-30 17:43:18,677] {standard_task_runner.py:52} INFO - Started process 655 to run task
[2022-07-30 17:43:18,683] {standard_task_runner.py:79} INFO - Running: ['***', 'tasks', 'run', 'dag_with_postgres_operator', 'create_postgres_table', 'scheduled__2021-12-30T00:00:00+00:00', '--job-id', '29', '--raw', '--subdir', 'DAGS_FOLDER/DAGWithPostgresOperator.py', '--cfg-path', '/tmp/tmplwbhupqn', '--error-file', '/tmp/tmpb4f4a3wv']
[2022-07-30 17:43:18,684] {standard_task_runner.py:80} INFO - Job 29: Subtask create_postgres_table
[2022-07-30 17:43:19,216] {task_command.py:369} INFO - Running <TaskInstance: dag_with_postgres_operator.create_postgres_table scheduled__2021-12-30T00:00:00+00:00 [running]> on host 66bf18ec08cc
[2022-07-30 17:43:19,541] {taskinstance.py:1571} INFO - Exporting the following env vars:
AIRFLOW_CTX_DAG_OWNER=yosr
AIRFLOW_CTX_DAG_ID=dag_with_postgres_operator
AIRFLOW_CTX_TASK_ID=create_postgres_table
AIRFLOW_CTX_EXECUTION_DATE=2021-12-30T00:00:00+00:00
AIRFLOW_CTX_TRY_NUMBER=2
AIRFLOW_CTX_DAG_RUN_ID=scheduled__2021-12-30T00:00:00+00:00
[2022-07-30 17:43:19,573] {base.py:68} INFO - Using connection ID 'postgres_localhost' for task execution.
[2022-07-30 17:43:34,591] {taskinstance.py:1889} ERROR - Task failed with exception
Traceback (most recent call last):
  File "/home/airflow/.local/lib/python3.7/site-packages/airflow/providers/postgres/operators/postgres.py", line 92, in execute
    self.hook.run(self.sql, self.autocommit, parameters=self.parameters)
  File "/home/airflow/.local/lib/python3.7/site-packages/airflow/hooks/dbapi.py", line 181, in run
    with closing(self.get_conn()) as conn:
  File "/home/airflow/.local/lib/python3.7/site-packages/airflow/providers/postgres/hooks/postgres.py", line 113, in get_conn
    self.conn = psycopg2.connect(**conn_args)
  File "/home/airflow/.local/lib/python3.7/site-packages/psycopg2/__init__.py", line 122, in connect
    conn = _connect(dsn, connection_factory=connection_factory, **kwasync)
psycopg2.OperationalError: could not translate host name "host.docker.local" to address: Temporary failure in name resolution

[2022-07-30 17:43:34,608] {taskinstance.py:1400} INFO - Marking task as UP_FOR_RETRY. dag_id=dag_with_postgres_operator, task_id=create_postgres_table, execution_date=20211230T000000, start_date=20220730T174318, end_date=20220730T174334
[2022-07-30 17:43:34,631] {standard_task_runner.py:97} ERROR - Failed to execute job 29 for task create_postgres_table (could not translate host name "host.docker.local" to address: Temporary failure in name resolution
; 655)
[2022-07-30 17:43:34,673] {local_task_job.py:156} INFO - Task exited with return code 1
[2022-07-30 17:43:34,736] {local_task_job.py:273} INFO - 0 downstream tasks scheduled from follow-on schedule check
[2022-07-30 23:49:49,452] {taskinstance.py:1159} INFO - Dependencies all met for <TaskInstance: dag_with_postgres_operator.create_postgres_table scheduled__2021-12-30T00:00:00+00:00 [queued]>
[2022-07-30 23:49:49,473] {taskinstance.py:1159} INFO - Dependencies all met for <TaskInstance: dag_with_postgres_operator.create_postgres_table scheduled__2021-12-30T00:00:00+00:00 [queued]>
[2022-07-30 23:49:49,473] {taskinstance.py:1356} INFO - 
--------------------------------------------------------------------------------
[2022-07-30 23:49:49,474] {taskinstance.py:1357} INFO - Starting attempt 2 of 6
[2022-07-30 23:49:49,474] {taskinstance.py:1358} INFO - 
--------------------------------------------------------------------------------
[2022-07-30 23:49:49,496] {taskinstance.py:1377} INFO - Executing <Task(PostgresOperator): create_postgres_table> on 2021-12-30 00:00:00+00:00
[2022-07-30 23:49:49,500] {standard_task_runner.py:52} INFO - Started process 4571 to run task
[2022-07-30 23:49:49,503] {standard_task_runner.py:79} INFO - Running: ['***', 'tasks', 'run', 'dag_with_postgres_operator', 'create_postgres_table', 'scheduled__2021-12-30T00:00:00+00:00', '--job-id', '1038', '--raw', '--subdir', 'DAGS_FOLDER/DAGWithPostgresOperator.py', '--cfg-path', '/tmp/tmpmv470ii_', '--error-file', '/tmp/tmp0pkzmtgt']
[2022-07-30 23:49:49,504] {standard_task_runner.py:80} INFO - Job 1038: Subtask create_postgres_table
[2022-07-30 23:49:49,579] {task_command.py:369} INFO - Running <TaskInstance: dag_with_postgres_operator.create_postgres_table scheduled__2021-12-30T00:00:00+00:00 [running]> on host 66bf18ec08cc
[2022-07-30 23:49:49,678] {taskinstance.py:1571} INFO - Exporting the following env vars:
AIRFLOW_CTX_DAG_OWNER=yosr
AIRFLOW_CTX_DAG_ID=dag_with_postgres_operator
AIRFLOW_CTX_TASK_ID=create_postgres_table
AIRFLOW_CTX_EXECUTION_DATE=2021-12-30T00:00:00+00:00
AIRFLOW_CTX_TRY_NUMBER=2
AIRFLOW_CTX_DAG_RUN_ID=scheduled__2021-12-30T00:00:00+00:00
[2022-07-30 23:49:49,693] {base.py:68} INFO - Using connection ID 'postgres_localhost' for task execution.
[2022-07-30 23:49:49,695] {taskinstance.py:1889} ERROR - Task failed with exception
Traceback (most recent call last):
  File "/home/airflow/.local/lib/python3.7/site-packages/airflow/providers/postgres/operators/postgres.py", line 92, in execute
    self.hook.run(self.sql, self.autocommit, parameters=self.parameters)
  File "/home/airflow/.local/lib/python3.7/site-packages/airflow/hooks/dbapi.py", line 181, in run
    with closing(self.get_conn()) as conn:
  File "/home/airflow/.local/lib/python3.7/site-packages/airflow/providers/postgres/hooks/postgres.py", line 113, in get_conn
    self.conn = psycopg2.connect(**conn_args)
  File "/home/airflow/.local/lib/python3.7/site-packages/psycopg2/__init__.py", line 122, in connect
    conn = _connect(dsn, connection_factory=connection_factory, **kwasync)
psycopg2.OperationalError: could not translate host name "host.docker.local " to address: Name or service not known

[2022-07-30 23:49:49,709] {taskinstance.py:1400} INFO - Marking task as UP_FOR_RETRY. dag_id=dag_with_postgres_operator, task_id=create_postgres_table, execution_date=20211230T000000, start_date=20220730T234949, end_date=20220730T234949
[2022-07-30 23:49:49,724] {standard_task_runner.py:97} ERROR - Failed to execute job 1038 for task create_postgres_table (could not translate host name "host.docker.local " to address: Name or service not known
; 4571)
[2022-07-30 23:49:49,761] {local_task_job.py:156} INFO - Task exited with return code 1
[2022-07-30 23:49:49,922] {local_task_job.py:273} INFO - 0 downstream tasks scheduled from follow-on schedule check
[2022-07-31 10:31:04,776] {taskinstance.py:1159} INFO - Dependencies all met for <TaskInstance: dag_with_postgres_operator.create_postgres_table scheduled__2021-12-30T00:00:00+00:00 [queued]>
[2022-07-31 10:31:04,794] {taskinstance.py:1159} INFO - Dependencies all met for <TaskInstance: dag_with_postgres_operator.create_postgres_table scheduled__2021-12-30T00:00:00+00:00 [queued]>
[2022-07-31 10:31:04,794] {taskinstance.py:1356} INFO - 
--------------------------------------------------------------------------------
[2022-07-31 10:31:04,794] {taskinstance.py:1357} INFO - Starting attempt 2 of 6
[2022-07-31 10:31:04,794] {taskinstance.py:1358} INFO - 
--------------------------------------------------------------------------------
[2022-07-31 10:31:04,816] {taskinstance.py:1377} INFO - Executing <Task(PostgresOperator): create_postgres_table> on 2021-12-30 00:00:00+00:00
[2022-07-31 10:31:04,820] {standard_task_runner.py:52} INFO - Started process 2797 to run task
[2022-07-31 10:31:04,823] {standard_task_runner.py:79} INFO - Running: ['***', 'tasks', 'run', 'dag_with_postgres_operator', 'create_postgres_table', 'scheduled__2021-12-30T00:00:00+00:00', '--job-id', '1440', '--raw', '--subdir', 'DAGS_FOLDER/DAGWithPostgresOperator.py', '--cfg-path', '/tmp/tmpi9qu98_t', '--error-file', '/tmp/tmp4whn02me']
[2022-07-31 10:31:04,824] {standard_task_runner.py:80} INFO - Job 1440: Subtask create_postgres_table
[2022-07-31 10:31:04,896] {task_command.py:369} INFO - Running <TaskInstance: dag_with_postgres_operator.create_postgres_table scheduled__2021-12-30T00:00:00+00:00 [running]> on host 66bf18ec08cc
[2022-07-31 10:31:04,990] {taskinstance.py:1571} INFO - Exporting the following env vars:
AIRFLOW_CTX_DAG_OWNER=yosr
AIRFLOW_CTX_DAG_ID=dag_with_postgres_operator
AIRFLOW_CTX_TASK_ID=create_postgres_table
AIRFLOW_CTX_EXECUTION_DATE=2021-12-30T00:00:00+00:00
AIRFLOW_CTX_TRY_NUMBER=2
AIRFLOW_CTX_DAG_RUN_ID=scheduled__2021-12-30T00:00:00+00:00
[2022-07-31 10:31:05,001] {base.py:68} INFO - Using connection ID 'postgres_localhost' for task execution.
[2022-07-31 10:31:05,002] {taskinstance.py:1889} ERROR - Task failed with exception
Traceback (most recent call last):
  File "/home/airflow/.local/lib/python3.7/site-packages/airflow/providers/postgres/operators/postgres.py", line 92, in execute
    self.hook.run(self.sql, self.autocommit, parameters=self.parameters)
  File "/home/airflow/.local/lib/python3.7/site-packages/airflow/hooks/dbapi.py", line 181, in run
    with closing(self.get_conn()) as conn:
  File "/home/airflow/.local/lib/python3.7/site-packages/airflow/providers/postgres/hooks/postgres.py", line 113, in get_conn
    self.conn = psycopg2.connect(**conn_args)
  File "/home/airflow/.local/lib/python3.7/site-packages/psycopg2/__init__.py", line 122, in connect
    conn = _connect(dsn, connection_factory=connection_factory, **kwasync)
psycopg2.OperationalError: could not translate host name "host.docker.local " to address: Name or service not known

[2022-07-31 10:31:05,014] {taskinstance.py:1400} INFO - Marking task as UP_FOR_RETRY. dag_id=dag_with_postgres_operator, task_id=create_postgres_table, execution_date=20211230T000000, start_date=20220731T103104, end_date=20220731T103105
[2022-07-31 10:31:05,027] {standard_task_runner.py:97} ERROR - Failed to execute job 1440 for task create_postgres_table (could not translate host name "host.docker.local " to address: Name or service not known
; 2797)
[2022-07-31 10:31:05,041] {local_task_job.py:156} INFO - Task exited with return code 1
[2022-07-31 10:31:05,185] {local_task_job.py:273} INFO - 0 downstream tasks scheduled from follow-on schedule check
[2022-07-31 10:43:13,610] {taskinstance.py:1159} INFO - Dependencies all met for <TaskInstance: dag_with_postgres_operator.create_postgres_table scheduled__2021-12-30T00:00:00+00:00 [queued]>
[2022-07-31 10:43:13,630] {taskinstance.py:1159} INFO - Dependencies all met for <TaskInstance: dag_with_postgres_operator.create_postgres_table scheduled__2021-12-30T00:00:00+00:00 [queued]>
[2022-07-31 10:43:13,631] {taskinstance.py:1356} INFO - 
--------------------------------------------------------------------------------
[2022-07-31 10:43:13,631] {taskinstance.py:1357} INFO - Starting attempt 2 of 6
[2022-07-31 10:43:13,631] {taskinstance.py:1358} INFO - 
--------------------------------------------------------------------------------
[2022-07-31 10:43:13,653] {taskinstance.py:1377} INFO - Executing <Task(PostgresOperator): create_postgres_table> on 2021-12-30 00:00:00+00:00
[2022-07-31 10:43:13,659] {standard_task_runner.py:52} INFO - Started process 3441 to run task
[2022-07-31 10:43:13,663] {standard_task_runner.py:79} INFO - Running: ['***', 'tasks', 'run', 'dag_with_postgres_operator', 'create_postgres_table', 'scheduled__2021-12-30T00:00:00+00:00', '--job-id', '1487', '--raw', '--subdir', 'DAGS_FOLDER/DAGWithPostgresOperator.py', '--cfg-path', '/tmp/tmp1o43hf5l', '--error-file', '/tmp/tmpla930kof']
[2022-07-31 10:43:13,663] {standard_task_runner.py:80} INFO - Job 1487: Subtask create_postgres_table
[2022-07-31 10:43:13,743] {task_command.py:369} INFO - Running <TaskInstance: dag_with_postgres_operator.create_postgres_table scheduled__2021-12-30T00:00:00+00:00 [running]> on host 66bf18ec08cc
[2022-07-31 10:43:13,839] {taskinstance.py:1571} INFO - Exporting the following env vars:
AIRFLOW_CTX_DAG_OWNER=yosr
AIRFLOW_CTX_DAG_ID=dag_with_postgres_operator
AIRFLOW_CTX_TASK_ID=create_postgres_table
AIRFLOW_CTX_EXECUTION_DATE=2021-12-30T00:00:00+00:00
AIRFLOW_CTX_TRY_NUMBER=2
AIRFLOW_CTX_DAG_RUN_ID=scheduled__2021-12-30T00:00:00+00:00
[2022-07-31 10:43:13,851] {base.py:68} INFO - Using connection ID 'postgres_localhost' for task execution.
[2022-07-31 10:43:13,852] {taskinstance.py:1889} ERROR - Task failed with exception
Traceback (most recent call last):
  File "/home/airflow/.local/lib/python3.7/site-packages/airflow/providers/postgres/operators/postgres.py", line 92, in execute
    self.hook.run(self.sql, self.autocommit, parameters=self.parameters)
  File "/home/airflow/.local/lib/python3.7/site-packages/airflow/hooks/dbapi.py", line 181, in run
    with closing(self.get_conn()) as conn:
  File "/home/airflow/.local/lib/python3.7/site-packages/airflow/providers/postgres/hooks/postgres.py", line 113, in get_conn
    self.conn = psycopg2.connect(**conn_args)
  File "/home/airflow/.local/lib/python3.7/site-packages/psycopg2/__init__.py", line 122, in connect
    conn = _connect(dsn, connection_factory=connection_factory, **kwasync)
psycopg2.OperationalError: could not translate host name "host.docker.internal " to address: Name or service not known

[2022-07-31 10:43:13,864] {taskinstance.py:1400} INFO - Marking task as UP_FOR_RETRY. dag_id=dag_with_postgres_operator, task_id=create_postgres_table, execution_date=20211230T000000, start_date=20220731T104313, end_date=20220731T104313
[2022-07-31 10:43:13,880] {standard_task_runner.py:97} ERROR - Failed to execute job 1487 for task create_postgres_table (could not translate host name "host.docker.internal " to address: Name or service not known
; 3441)
[2022-07-31 10:43:13,920] {local_task_job.py:156} INFO - Task exited with return code 1
[2022-07-31 10:43:13,986] {local_task_job.py:273} INFO - 0 downstream tasks scheduled from follow-on schedule check
[2022-07-31 13:14:58,123] {taskinstance.py:1159} INFO - Dependencies all met for <TaskInstance: dag_with_postgres_operator.create_postgres_table scheduled__2021-12-30T00:00:00+00:00 [queued]>
[2022-07-31 13:14:58,143] {taskinstance.py:1159} INFO - Dependencies all met for <TaskInstance: dag_with_postgres_operator.create_postgres_table scheduled__2021-12-30T00:00:00+00:00 [queued]>
[2022-07-31 13:14:58,143] {taskinstance.py:1356} INFO - 
--------------------------------------------------------------------------------
[2022-07-31 13:14:58,143] {taskinstance.py:1357} INFO - Starting attempt 2 of 6
[2022-07-31 13:14:58,143] {taskinstance.py:1358} INFO - 
--------------------------------------------------------------------------------
[2022-07-31 13:14:58,167] {taskinstance.py:1377} INFO - Executing <Task(PostgresOperator): create_postgres_table> on 2021-12-30 00:00:00+00:00
[2022-07-31 13:14:58,175] {standard_task_runner.py:52} INFO - Started process 1050 to run task
[2022-07-31 13:14:58,179] {standard_task_runner.py:79} INFO - Running: ['***', 'tasks', 'run', 'dag_with_postgres_operator', 'create_postgres_table', 'scheduled__2021-12-30T00:00:00+00:00', '--job-id', '29', '--raw', '--subdir', 'DAGS_FOLDER/DAGWithPostgresOperator.py', '--cfg-path', '/tmp/tmp0dk14xo5', '--error-file', '/tmp/tmpfwwnq_eu']
[2022-07-31 13:14:58,180] {standard_task_runner.py:80} INFO - Job 29: Subtask create_postgres_table
[2022-07-31 13:14:58,283] {task_command.py:369} INFO - Running <TaskInstance: dag_with_postgres_operator.create_postgres_table scheduled__2021-12-30T00:00:00+00:00 [running]> on host 4688dd3b7141
[2022-07-31 13:14:58,408] {taskinstance.py:1571} INFO - Exporting the following env vars:
AIRFLOW_CTX_DAG_OWNER=yosr
AIRFLOW_CTX_DAG_ID=dag_with_postgres_operator
AIRFLOW_CTX_TASK_ID=create_postgres_table
AIRFLOW_CTX_EXECUTION_DATE=2021-12-30T00:00:00+00:00
AIRFLOW_CTX_TRY_NUMBER=2
AIRFLOW_CTX_DAG_RUN_ID=scheduled__2021-12-30T00:00:00+00:00
[2022-07-31 13:14:58,502] {taskinstance.py:1889} ERROR - Task failed with exception
Traceback (most recent call last):
  File "/home/airflow/.local/lib/python3.7/site-packages/airflow/providers/postgres/operators/postgres.py", line 92, in execute
    self.hook.run(self.sql, self.autocommit, parameters=self.parameters)
  File "/home/airflow/.local/lib/python3.7/site-packages/airflow/hooks/dbapi.py", line 181, in run
    with closing(self.get_conn()) as conn:
  File "/home/airflow/.local/lib/python3.7/site-packages/airflow/providers/postgres/hooks/postgres.py", line 86, in get_conn
    conn = deepcopy(self.connection or self.get_connection(conn_id))
  File "/home/airflow/.local/lib/python3.7/site-packages/airflow/hooks/base.py", line 67, in get_connection
    conn = Connection.get_connection_from_secrets(conn_id)
  File "/home/airflow/.local/lib/python3.7/site-packages/airflow/models/connection.py", line 430, in get_connection_from_secrets
    raise AirflowNotFoundException(f"The conn_id `{conn_id}` isn't defined")
airflow.exceptions.AirflowNotFoundException: The conn_id `postgres_localhost` isn't defined
[2022-07-31 13:14:58,507] {taskinstance.py:1400} INFO - Marking task as UP_FOR_RETRY. dag_id=dag_with_postgres_operator, task_id=create_postgres_table, execution_date=20211230T000000, start_date=20220731T131458, end_date=20220731T131458
[2022-07-31 13:14:58,528] {standard_task_runner.py:97} ERROR - Failed to execute job 29 for task create_postgres_table (The conn_id `postgres_localhost` isn't defined; 1050)
[2022-07-31 13:14:58,559] {local_task_job.py:156} INFO - Task exited with return code 1
[2022-07-31 13:14:58,617] {local_task_job.py:273} INFO - 0 downstream tasks scheduled from follow-on schedule check
