[2022-07-30 17:58:38,203] {taskinstance.py:1159} INFO - Dependencies all met for <TaskInstance: dag_with_postgres_operator.create_postgres_table scheduled__2021-12-30T00:00:00+00:00 [queued]>
[2022-07-30 17:58:38,234] {taskinstance.py:1159} INFO - Dependencies all met for <TaskInstance: dag_with_postgres_operator.create_postgres_table scheduled__2021-12-30T00:00:00+00:00 [queued]>
[2022-07-30 17:58:38,234] {taskinstance.py:1356} INFO - 
--------------------------------------------------------------------------------
[2022-07-30 17:58:38,234] {taskinstance.py:1357} INFO - Starting attempt 5 of 6
[2022-07-30 17:58:38,235] {taskinstance.py:1358} INFO - 
--------------------------------------------------------------------------------
[2022-07-30 17:58:38,285] {taskinstance.py:1377} INFO - Executing <Task(PostgresOperator): create_postgres_table> on 2021-12-30 00:00:00+00:00
[2022-07-30 17:58:38,296] {standard_task_runner.py:52} INFO - Started process 1450 to run task
[2022-07-30 17:58:38,302] {standard_task_runner.py:79} INFO - Running: ['***', 'tasks', 'run', 'dag_with_postgres_operator', 'create_postgres_table', 'scheduled__2021-12-30T00:00:00+00:00', '--job-id', '79', '--raw', '--subdir', 'DAGS_FOLDER/DAGWithPostgresOperator.py', '--cfg-path', '/tmp/tmp5iu_15fr', '--error-file', '/tmp/tmphasv1s_s']
[2022-07-30 17:58:38,303] {standard_task_runner.py:80} INFO - Job 79: Subtask create_postgres_table
[2022-07-30 17:58:38,440] {task_command.py:369} INFO - Running <TaskInstance: dag_with_postgres_operator.create_postgres_table scheduled__2021-12-30T00:00:00+00:00 [running]> on host 66bf18ec08cc
[2022-07-30 17:58:38,604] {taskinstance.py:1571} INFO - Exporting the following env vars:
AIRFLOW_CTX_DAG_OWNER=yosr
AIRFLOW_CTX_DAG_ID=dag_with_postgres_operator
AIRFLOW_CTX_TASK_ID=create_postgres_table
AIRFLOW_CTX_EXECUTION_DATE=2021-12-30T00:00:00+00:00
AIRFLOW_CTX_TRY_NUMBER=5
AIRFLOW_CTX_DAG_RUN_ID=scheduled__2021-12-30T00:00:00+00:00
[2022-07-30 17:58:38,626] {base.py:68} INFO - Using connection ID 'postgres_localhost' for task execution.
[2022-07-30 17:58:38,627] {taskinstance.py:1889} ERROR - Task failed with exception
Traceback (most recent call last):
  File "/home/airflow/.local/lib/python3.7/site-packages/airflow/providers/postgres/operators/postgres.py", line 92, in execute
    self.hook.run(self.sql, self.autocommit, parameters=self.parameters)
  File "/home/airflow/.local/lib/python3.7/site-packages/airflow/hooks/dbapi.py", line 181, in run
    with closing(self.get_conn()) as conn:
  File "/home/airflow/.local/lib/python3.7/site-packages/airflow/providers/postgres/hooks/postgres.py", line 113, in get_conn
    self.conn = psycopg2.connect(**conn_args)
  File "/home/airflow/.local/lib/python3.7/site-packages/psycopg2/__init__.py", line 122, in connect
    conn = _connect(dsn, connection_factory=connection_factory, **kwasync)
psycopg2.OperationalError: could not translate host name "host.docker.internal " to address: Name or service not known

[2022-07-30 17:58:38,646] {taskinstance.py:1400} INFO - Marking task as UP_FOR_RETRY. dag_id=dag_with_postgres_operator, task_id=create_postgres_table, execution_date=20211230T000000, start_date=20220730T175838, end_date=20220730T175838
[2022-07-30 17:58:38,666] {standard_task_runner.py:97} ERROR - Failed to execute job 79 for task create_postgres_table (could not translate host name "host.docker.internal " to address: Name or service not known
; 1450)
[2022-07-30 17:58:38,711] {local_task_job.py:156} INFO - Task exited with return code 1
[2022-07-30 17:58:38,776] {local_task_job.py:273} INFO - 0 downstream tasks scheduled from follow-on schedule check
[2022-07-31 00:04:52,320] {taskinstance.py:1159} INFO - Dependencies all met for <TaskInstance: dag_with_postgres_operator.create_postgres_table scheduled__2021-12-30T00:00:00+00:00 [queued]>
[2022-07-31 00:04:52,349] {taskinstance.py:1159} INFO - Dependencies all met for <TaskInstance: dag_with_postgres_operator.create_postgres_table scheduled__2021-12-30T00:00:00+00:00 [queued]>
[2022-07-31 00:04:52,349] {taskinstance.py:1356} INFO - 
--------------------------------------------------------------------------------
[2022-07-31 00:04:52,349] {taskinstance.py:1357} INFO - Starting attempt 5 of 6
[2022-07-31 00:04:52,349] {taskinstance.py:1358} INFO - 
--------------------------------------------------------------------------------
[2022-07-31 00:04:52,384] {taskinstance.py:1377} INFO - Executing <Task(PostgresOperator): create_postgres_table> on 2021-12-30 00:00:00+00:00
[2022-07-31 00:04:52,390] {standard_task_runner.py:52} INFO - Started process 5360 to run task
[2022-07-31 00:04:52,394] {standard_task_runner.py:79} INFO - Running: ['***', 'tasks', 'run', 'dag_with_postgres_operator', 'create_postgres_table', 'scheduled__2021-12-30T00:00:00+00:00', '--job-id', '1085', '--raw', '--subdir', 'DAGS_FOLDER/DAGWithPostgresOperator.py', '--cfg-path', '/tmp/tmpc2wbtww6', '--error-file', '/tmp/tmpewfp_bwx']
[2022-07-31 00:04:52,394] {standard_task_runner.py:80} INFO - Job 1085: Subtask create_postgres_table
[2022-07-31 00:04:52,472] {task_command.py:369} INFO - Running <TaskInstance: dag_with_postgres_operator.create_postgres_table scheduled__2021-12-30T00:00:00+00:00 [running]> on host 66bf18ec08cc
[2022-07-31 00:04:52,568] {taskinstance.py:1571} INFO - Exporting the following env vars:
AIRFLOW_CTX_DAG_OWNER=yosr
AIRFLOW_CTX_DAG_ID=dag_with_postgres_operator
AIRFLOW_CTX_TASK_ID=create_postgres_table
AIRFLOW_CTX_EXECUTION_DATE=2021-12-30T00:00:00+00:00
AIRFLOW_CTX_TRY_NUMBER=5
AIRFLOW_CTX_DAG_RUN_ID=scheduled__2021-12-30T00:00:00+00:00
[2022-07-31 00:04:52,582] {base.py:68} INFO - Using connection ID 'postgres_localhost' for task execution.
[2022-07-31 00:04:52,583] {taskinstance.py:1889} ERROR - Task failed with exception
Traceback (most recent call last):
  File "/home/airflow/.local/lib/python3.7/site-packages/airflow/providers/postgres/operators/postgres.py", line 92, in execute
    self.hook.run(self.sql, self.autocommit, parameters=self.parameters)
  File "/home/airflow/.local/lib/python3.7/site-packages/airflow/hooks/dbapi.py", line 181, in run
    with closing(self.get_conn()) as conn:
  File "/home/airflow/.local/lib/python3.7/site-packages/airflow/providers/postgres/hooks/postgres.py", line 113, in get_conn
    self.conn = psycopg2.connect(**conn_args)
  File "/home/airflow/.local/lib/python3.7/site-packages/psycopg2/__init__.py", line 122, in connect
    conn = _connect(dsn, connection_factory=connection_factory, **kwasync)
psycopg2.OperationalError: could not translate host name "host.docker.local " to address: Name or service not known

[2022-07-31 00:04:52,596] {taskinstance.py:1400} INFO - Marking task as UP_FOR_RETRY. dag_id=dag_with_postgres_operator, task_id=create_postgres_table, execution_date=20211230T000000, start_date=20220731T000452, end_date=20220731T000452
[2022-07-31 00:04:52,612] {standard_task_runner.py:97} ERROR - Failed to execute job 1085 for task create_postgres_table (could not translate host name "host.docker.local " to address: Name or service not known
; 5360)
[2022-07-31 00:04:52,653] {local_task_job.py:156} INFO - Task exited with return code 1
[2022-07-31 00:04:52,715] {local_task_job.py:273} INFO - 0 downstream tasks scheduled from follow-on schedule check
[2022-07-31 10:58:17,578] {taskinstance.py:1159} INFO - Dependencies all met for <TaskInstance: dag_with_postgres_operator.create_postgres_table scheduled__2021-12-30T00:00:00+00:00 [queued]>
[2022-07-31 10:58:17,609] {taskinstance.py:1159} INFO - Dependencies all met for <TaskInstance: dag_with_postgres_operator.create_postgres_table scheduled__2021-12-30T00:00:00+00:00 [queued]>
[2022-07-31 10:58:17,610] {taskinstance.py:1356} INFO - 
--------------------------------------------------------------------------------
[2022-07-31 10:58:17,610] {taskinstance.py:1357} INFO - Starting attempt 5 of 6
[2022-07-31 10:58:17,610] {taskinstance.py:1358} INFO - 
--------------------------------------------------------------------------------
[2022-07-31 10:58:17,633] {taskinstance.py:1377} INFO - Executing <Task(PostgresOperator): create_postgres_table> on 2021-12-30 00:00:00+00:00
[2022-07-31 10:58:17,639] {standard_task_runner.py:52} INFO - Started process 4242 to run task
[2022-07-31 10:58:17,643] {standard_task_runner.py:79} INFO - Running: ['***', 'tasks', 'run', 'dag_with_postgres_operator', 'create_postgres_table', 'scheduled__2021-12-30T00:00:00+00:00', '--job-id', '1536', '--raw', '--subdir', 'DAGS_FOLDER/DAGWithPostgresOperator.py', '--cfg-path', '/tmp/tmppufbu0wz', '--error-file', '/tmp/tmp3_bdt2hp']
[2022-07-31 10:58:17,643] {standard_task_runner.py:80} INFO - Job 1536: Subtask create_postgres_table
[2022-07-31 10:58:17,733] {task_command.py:369} INFO - Running <TaskInstance: dag_with_postgres_operator.create_postgres_table scheduled__2021-12-30T00:00:00+00:00 [running]> on host 66bf18ec08cc
[2022-07-31 10:58:17,850] {taskinstance.py:1571} INFO - Exporting the following env vars:
AIRFLOW_CTX_DAG_OWNER=yosr
AIRFLOW_CTX_DAG_ID=dag_with_postgres_operator
AIRFLOW_CTX_TASK_ID=create_postgres_table
AIRFLOW_CTX_EXECUTION_DATE=2021-12-30T00:00:00+00:00
AIRFLOW_CTX_TRY_NUMBER=5
AIRFLOW_CTX_DAG_RUN_ID=scheduled__2021-12-30T00:00:00+00:00
[2022-07-31 10:58:17,865] {base.py:68} INFO - Using connection ID 'postgres_localhost' for task execution.
[2022-07-31 10:58:17,866] {taskinstance.py:1889} ERROR - Task failed with exception
Traceback (most recent call last):
  File "/home/airflow/.local/lib/python3.7/site-packages/airflow/providers/postgres/operators/postgres.py", line 92, in execute
    self.hook.run(self.sql, self.autocommit, parameters=self.parameters)
  File "/home/airflow/.local/lib/python3.7/site-packages/airflow/hooks/dbapi.py", line 181, in run
    with closing(self.get_conn()) as conn:
  File "/home/airflow/.local/lib/python3.7/site-packages/airflow/providers/postgres/hooks/postgres.py", line 113, in get_conn
    self.conn = psycopg2.connect(**conn_args)
  File "/home/airflow/.local/lib/python3.7/site-packages/psycopg2/__init__.py", line 122, in connect
    conn = _connect(dsn, connection_factory=connection_factory, **kwasync)
psycopg2.OperationalError: could not translate host name "host.docker.internal " to address: Name or service not known

[2022-07-31 10:58:17,881] {taskinstance.py:1400} INFO - Marking task as UP_FOR_RETRY. dag_id=dag_with_postgres_operator, task_id=create_postgres_table, execution_date=20211230T000000, start_date=20220731T105817, end_date=20220731T105817
[2022-07-31 10:58:17,899] {standard_task_runner.py:97} ERROR - Failed to execute job 1536 for task create_postgres_table (could not translate host name "host.docker.internal " to address: Name or service not known
; 4242)
[2022-07-31 10:58:17,943] {local_task_job.py:156} INFO - Task exited with return code 1
[2022-07-31 10:58:17,987] {local_task_job.py:273} INFO - 0 downstream tasks scheduled from follow-on schedule check
[2022-07-31 13:30:01,361] {taskinstance.py:1159} INFO - Dependencies all met for <TaskInstance: dag_with_postgres_operator.create_postgres_table scheduled__2021-12-30T00:00:00+00:00 [queued]>
[2022-07-31 13:30:01,383] {taskinstance.py:1159} INFO - Dependencies all met for <TaskInstance: dag_with_postgres_operator.create_postgres_table scheduled__2021-12-30T00:00:00+00:00 [queued]>
[2022-07-31 13:30:01,383] {taskinstance.py:1356} INFO - 
--------------------------------------------------------------------------------
[2022-07-31 13:30:01,383] {taskinstance.py:1357} INFO - Starting attempt 5 of 6
[2022-07-31 13:30:01,383] {taskinstance.py:1358} INFO - 
--------------------------------------------------------------------------------
[2022-07-31 13:30:01,403] {taskinstance.py:1377} INFO - Executing <Task(PostgresOperator): create_postgres_table> on 2021-12-30 00:00:00+00:00
[2022-07-31 13:30:01,409] {standard_task_runner.py:52} INFO - Started process 1834 to run task
[2022-07-31 13:30:01,414] {standard_task_runner.py:79} INFO - Running: ['***', 'tasks', 'run', 'dag_with_postgres_operator', 'create_postgres_table', 'scheduled__2021-12-30T00:00:00+00:00', '--job-id', '78', '--raw', '--subdir', 'DAGS_FOLDER/DAGWithPostgresOperator.py', '--cfg-path', '/tmp/tmp84kj1rdx', '--error-file', '/tmp/tmpc0y5wm6o']
[2022-07-31 13:30:01,415] {standard_task_runner.py:80} INFO - Job 78: Subtask create_postgres_table
[2022-07-31 13:30:01,501] {task_command.py:369} INFO - Running <TaskInstance: dag_with_postgres_operator.create_postgres_table scheduled__2021-12-30T00:00:00+00:00 [running]> on host 4688dd3b7141
[2022-07-31 13:30:01,612] {taskinstance.py:1571} INFO - Exporting the following env vars:
AIRFLOW_CTX_DAG_OWNER=yosr
AIRFLOW_CTX_DAG_ID=dag_with_postgres_operator
AIRFLOW_CTX_TASK_ID=create_postgres_table
AIRFLOW_CTX_EXECUTION_DATE=2021-12-30T00:00:00+00:00
AIRFLOW_CTX_TRY_NUMBER=5
AIRFLOW_CTX_DAG_RUN_ID=scheduled__2021-12-30T00:00:00+00:00
[2022-07-31 13:30:01,657] {taskinstance.py:1889} ERROR - Task failed with exception
Traceback (most recent call last):
  File "/home/airflow/.local/lib/python3.7/site-packages/airflow/providers/postgres/operators/postgres.py", line 92, in execute
    self.hook.run(self.sql, self.autocommit, parameters=self.parameters)
  File "/home/airflow/.local/lib/python3.7/site-packages/airflow/hooks/dbapi.py", line 181, in run
    with closing(self.get_conn()) as conn:
  File "/home/airflow/.local/lib/python3.7/site-packages/airflow/providers/postgres/hooks/postgres.py", line 86, in get_conn
    conn = deepcopy(self.connection or self.get_connection(conn_id))
  File "/home/airflow/.local/lib/python3.7/site-packages/airflow/hooks/base.py", line 67, in get_connection
    conn = Connection.get_connection_from_secrets(conn_id)
  File "/home/airflow/.local/lib/python3.7/site-packages/airflow/models/connection.py", line 430, in get_connection_from_secrets
    raise AirflowNotFoundException(f"The conn_id `{conn_id}` isn't defined")
airflow.exceptions.AirflowNotFoundException: The conn_id `postgres_localhost` isn't defined
[2022-07-31 13:30:01,663] {taskinstance.py:1400} INFO - Marking task as UP_FOR_RETRY. dag_id=dag_with_postgres_operator, task_id=create_postgres_table, execution_date=20211230T000000, start_date=20220731T133001, end_date=20220731T133001
[2022-07-31 13:30:01,683] {standard_task_runner.py:97} ERROR - Failed to execute job 78 for task create_postgres_table (The conn_id `postgres_localhost` isn't defined; 1834)
[2022-07-31 13:30:01,714] {local_task_job.py:156} INFO - Task exited with return code 1
[2022-07-31 13:30:01,945] {local_task_job.py:273} INFO - 0 downstream tasks scheduled from follow-on schedule check
