[2022-07-30 17:48:35,875] {taskinstance.py:1159} INFO - Dependencies all met for <TaskInstance: dag_with_postgres_operator.create_postgres_table scheduled__2021-12-30T00:00:00+00:00 [queued]>
[2022-07-30 17:48:35,900] {taskinstance.py:1159} INFO - Dependencies all met for <TaskInstance: dag_with_postgres_operator.create_postgres_table scheduled__2021-12-30T00:00:00+00:00 [queued]>
[2022-07-30 17:48:35,900] {taskinstance.py:1356} INFO - 
--------------------------------------------------------------------------------
[2022-07-30 17:48:35,900] {taskinstance.py:1357} INFO - Starting attempt 3 of 6
[2022-07-30 17:48:35,901] {taskinstance.py:1358} INFO - 
--------------------------------------------------------------------------------
[2022-07-30 17:48:35,927] {taskinstance.py:1377} INFO - Executing <Task(PostgresOperator): create_postgres_table> on 2021-12-30 00:00:00+00:00
[2022-07-30 17:48:35,938] {standard_task_runner.py:79} INFO - Running: ['***', 'tasks', 'run', 'dag_with_postgres_operator', 'create_postgres_table', 'scheduled__2021-12-30T00:00:00+00:00', '--job-id', '50', '--raw', '--subdir', 'DAGS_FOLDER/DAGWithPostgresOperator.py', '--cfg-path', '/tmp/tmp0v4uwp9m', '--error-file', '/tmp/tmphsbhomlp']
[2022-07-30 17:48:35,939] {standard_task_runner.py:80} INFO - Job 50: Subtask create_postgres_table
[2022-07-30 17:48:35,935] {standard_task_runner.py:52} INFO - Started process 927 to run task
[2022-07-30 17:48:36,029] {task_command.py:369} INFO - Running <TaskInstance: dag_with_postgres_operator.create_postgres_table scheduled__2021-12-30T00:00:00+00:00 [running]> on host 66bf18ec08cc
[2022-07-30 17:48:36,126] {taskinstance.py:1571} INFO - Exporting the following env vars:
AIRFLOW_CTX_DAG_OWNER=yosr
AIRFLOW_CTX_DAG_ID=dag_with_postgres_operator
AIRFLOW_CTX_TASK_ID=create_postgres_table
AIRFLOW_CTX_EXECUTION_DATE=2021-12-30T00:00:00+00:00
AIRFLOW_CTX_TRY_NUMBER=3
AIRFLOW_CTX_DAG_RUN_ID=scheduled__2021-12-30T00:00:00+00:00
[2022-07-30 17:48:36,140] {base.py:68} INFO - Using connection ID 'postgres_localhost' for task execution.
[2022-07-30 17:48:36,141] {taskinstance.py:1889} ERROR - Task failed with exception
Traceback (most recent call last):
  File "/home/airflow/.local/lib/python3.7/site-packages/airflow/providers/postgres/operators/postgres.py", line 92, in execute
    self.hook.run(self.sql, self.autocommit, parameters=self.parameters)
  File "/home/airflow/.local/lib/python3.7/site-packages/airflow/hooks/dbapi.py", line 181, in run
    with closing(self.get_conn()) as conn:
  File "/home/airflow/.local/lib/python3.7/site-packages/airflow/providers/postgres/hooks/postgres.py", line 113, in get_conn
    self.conn = psycopg2.connect(**conn_args)
  File "/home/airflow/.local/lib/python3.7/site-packages/psycopg2/__init__.py", line 122, in connect
    conn = _connect(dsn, connection_factory=connection_factory, **kwasync)
psycopg2.OperationalError: could not translate host name "host.docker.internal " to address: Name or service not known

[2022-07-30 17:48:36,155] {taskinstance.py:1400} INFO - Marking task as UP_FOR_RETRY. dag_id=dag_with_postgres_operator, task_id=create_postgres_table, execution_date=20211230T000000, start_date=20220730T174835, end_date=20220730T174836
[2022-07-30 17:48:36,171] {standard_task_runner.py:97} ERROR - Failed to execute job 50 for task create_postgres_table (could not translate host name "host.docker.internal " to address: Name or service not known
; 927)
[2022-07-30 17:48:36,201] {local_task_job.py:156} INFO - Task exited with return code 1
[2022-07-30 17:48:36,253] {local_task_job.py:273} INFO - 0 downstream tasks scheduled from follow-on schedule check
[2022-07-30 23:54:50,523] {taskinstance.py:1159} INFO - Dependencies all met for <TaskInstance: dag_with_postgres_operator.create_postgres_table scheduled__2021-12-30T00:00:00+00:00 [queued]>
[2022-07-30 23:54:50,543] {taskinstance.py:1159} INFO - Dependencies all met for <TaskInstance: dag_with_postgres_operator.create_postgres_table scheduled__2021-12-30T00:00:00+00:00 [queued]>
[2022-07-30 23:54:50,544] {taskinstance.py:1356} INFO - 
--------------------------------------------------------------------------------
[2022-07-30 23:54:50,544] {taskinstance.py:1357} INFO - Starting attempt 3 of 6
[2022-07-30 23:54:50,544] {taskinstance.py:1358} INFO - 
--------------------------------------------------------------------------------
[2022-07-30 23:54:50,572] {taskinstance.py:1377} INFO - Executing <Task(PostgresOperator): create_postgres_table> on 2021-12-30 00:00:00+00:00
[2022-07-30 23:54:50,576] {standard_task_runner.py:52} INFO - Started process 4837 to run task
[2022-07-30 23:54:50,581] {standard_task_runner.py:79} INFO - Running: ['***', 'tasks', 'run', 'dag_with_postgres_operator', 'create_postgres_table', 'scheduled__2021-12-30T00:00:00+00:00', '--job-id', '1051', '--raw', '--subdir', 'DAGS_FOLDER/DAGWithPostgresOperator.py', '--cfg-path', '/tmp/tmpednpq7h4', '--error-file', '/tmp/tmpaafaw8k_']
[2022-07-30 23:54:50,581] {standard_task_runner.py:80} INFO - Job 1051: Subtask create_postgres_table
[2022-07-30 23:54:50,657] {task_command.py:369} INFO - Running <TaskInstance: dag_with_postgres_operator.create_postgres_table scheduled__2021-12-30T00:00:00+00:00 [running]> on host 66bf18ec08cc
[2022-07-30 23:54:50,761] {taskinstance.py:1571} INFO - Exporting the following env vars:
AIRFLOW_CTX_DAG_OWNER=yosr
AIRFLOW_CTX_DAG_ID=dag_with_postgres_operator
AIRFLOW_CTX_TASK_ID=create_postgres_table
AIRFLOW_CTX_EXECUTION_DATE=2021-12-30T00:00:00+00:00
AIRFLOW_CTX_TRY_NUMBER=3
AIRFLOW_CTX_DAG_RUN_ID=scheduled__2021-12-30T00:00:00+00:00
[2022-07-30 23:54:50,775] {base.py:68} INFO - Using connection ID 'postgres_localhost' for task execution.
[2022-07-30 23:54:50,777] {taskinstance.py:1889} ERROR - Task failed with exception
Traceback (most recent call last):
  File "/home/airflow/.local/lib/python3.7/site-packages/airflow/providers/postgres/operators/postgres.py", line 92, in execute
    self.hook.run(self.sql, self.autocommit, parameters=self.parameters)
  File "/home/airflow/.local/lib/python3.7/site-packages/airflow/hooks/dbapi.py", line 181, in run
    with closing(self.get_conn()) as conn:
  File "/home/airflow/.local/lib/python3.7/site-packages/airflow/providers/postgres/hooks/postgres.py", line 113, in get_conn
    self.conn = psycopg2.connect(**conn_args)
  File "/home/airflow/.local/lib/python3.7/site-packages/psycopg2/__init__.py", line 122, in connect
    conn = _connect(dsn, connection_factory=connection_factory, **kwasync)
psycopg2.OperationalError: could not translate host name "host.docker.local " to address: Name or service not known

[2022-07-30 23:54:50,793] {taskinstance.py:1400} INFO - Marking task as UP_FOR_RETRY. dag_id=dag_with_postgres_operator, task_id=create_postgres_table, execution_date=20211230T000000, start_date=20220730T235450, end_date=20220730T235450
[2022-07-30 23:54:50,810] {standard_task_runner.py:97} ERROR - Failed to execute job 1051 for task create_postgres_table (could not translate host name "host.docker.local " to address: Name or service not known
; 4837)
[2022-07-30 23:54:50,839] {local_task_job.py:156} INFO - Task exited with return code 1
[2022-07-30 23:54:50,897] {local_task_job.py:273} INFO - 0 downstream tasks scheduled from follow-on schedule check
[2022-07-31 10:36:05,685] {taskinstance.py:1159} INFO - Dependencies all met for <TaskInstance: dag_with_postgres_operator.create_postgres_table scheduled__2021-12-30T00:00:00+00:00 [queued]>
[2022-07-31 10:36:05,705] {taskinstance.py:1159} INFO - Dependencies all met for <TaskInstance: dag_with_postgres_operator.create_postgres_table scheduled__2021-12-30T00:00:00+00:00 [queued]>
[2022-07-31 10:36:05,706] {taskinstance.py:1356} INFO - 
--------------------------------------------------------------------------------
[2022-07-31 10:36:05,706] {taskinstance.py:1357} INFO - Starting attempt 3 of 6
[2022-07-31 10:36:05,706] {taskinstance.py:1358} INFO - 
--------------------------------------------------------------------------------
[2022-07-31 10:36:05,733] {taskinstance.py:1377} INFO - Executing <Task(PostgresOperator): create_postgres_table> on 2021-12-30 00:00:00+00:00
[2022-07-31 10:36:05,737] {standard_task_runner.py:52} INFO - Started process 3056 to run task
[2022-07-31 10:36:05,741] {standard_task_runner.py:79} INFO - Running: ['***', 'tasks', 'run', 'dag_with_postgres_operator', 'create_postgres_table', 'scheduled__2021-12-30T00:00:00+00:00', '--job-id', '1456', '--raw', '--subdir', 'DAGS_FOLDER/DAGWithPostgresOperator.py', '--cfg-path', '/tmp/tmpwe8w7py5', '--error-file', '/tmp/tmpnow_m2jq']
[2022-07-31 10:36:05,743] {standard_task_runner.py:80} INFO - Job 1456: Subtask create_postgres_table
[2022-07-31 10:36:05,831] {task_command.py:369} INFO - Running <TaskInstance: dag_with_postgres_operator.create_postgres_table scheduled__2021-12-30T00:00:00+00:00 [running]> on host 66bf18ec08cc
[2022-07-31 10:36:05,938] {taskinstance.py:1571} INFO - Exporting the following env vars:
AIRFLOW_CTX_DAG_OWNER=yosr
AIRFLOW_CTX_DAG_ID=dag_with_postgres_operator
AIRFLOW_CTX_TASK_ID=create_postgres_table
AIRFLOW_CTX_EXECUTION_DATE=2021-12-30T00:00:00+00:00
AIRFLOW_CTX_TRY_NUMBER=3
AIRFLOW_CTX_DAG_RUN_ID=scheduled__2021-12-30T00:00:00+00:00
[2022-07-31 10:36:05,952] {base.py:68} INFO - Using connection ID 'postgres_localhost' for task execution.
[2022-07-31 10:36:05,954] {taskinstance.py:1889} ERROR - Task failed with exception
Traceback (most recent call last):
  File "/home/airflow/.local/lib/python3.7/site-packages/airflow/providers/postgres/operators/postgres.py", line 92, in execute
    self.hook.run(self.sql, self.autocommit, parameters=self.parameters)
  File "/home/airflow/.local/lib/python3.7/site-packages/airflow/hooks/dbapi.py", line 181, in run
    with closing(self.get_conn()) as conn:
  File "/home/airflow/.local/lib/python3.7/site-packages/airflow/providers/postgres/hooks/postgres.py", line 113, in get_conn
    self.conn = psycopg2.connect(**conn_args)
  File "/home/airflow/.local/lib/python3.7/site-packages/psycopg2/__init__.py", line 122, in connect
    conn = _connect(dsn, connection_factory=connection_factory, **kwasync)
psycopg2.OperationalError: could not translate host name "host.docker.internal " to address: Name or service not known

[2022-07-31 10:36:05,967] {taskinstance.py:1400} INFO - Marking task as UP_FOR_RETRY. dag_id=dag_with_postgres_operator, task_id=create_postgres_table, execution_date=20211230T000000, start_date=20220731T103605, end_date=20220731T103605
[2022-07-31 10:36:05,983] {standard_task_runner.py:97} ERROR - Failed to execute job 1456 for task create_postgres_table (could not translate host name "host.docker.internal " to address: Name or service not known
; 3056)
[2022-07-31 10:36:06,004] {local_task_job.py:156} INFO - Task exited with return code 1
[2022-07-31 10:36:06,102] {local_task_job.py:273} INFO - 0 downstream tasks scheduled from follow-on schedule check
[2022-07-31 10:48:15,310] {taskinstance.py:1159} INFO - Dependencies all met for <TaskInstance: dag_with_postgres_operator.create_postgres_table scheduled__2021-12-30T00:00:00+00:00 [queued]>
[2022-07-31 10:48:15,346] {taskinstance.py:1159} INFO - Dependencies all met for <TaskInstance: dag_with_postgres_operator.create_postgres_table scheduled__2021-12-30T00:00:00+00:00 [queued]>
[2022-07-31 10:48:15,346] {taskinstance.py:1356} INFO - 
--------------------------------------------------------------------------------
[2022-07-31 10:48:15,346] {taskinstance.py:1357} INFO - Starting attempt 3 of 6
[2022-07-31 10:48:15,346] {taskinstance.py:1358} INFO - 
--------------------------------------------------------------------------------
[2022-07-31 10:48:15,364] {taskinstance.py:1377} INFO - Executing <Task(PostgresOperator): create_postgres_table> on 2021-12-30 00:00:00+00:00
[2022-07-31 10:48:15,369] {standard_task_runner.py:52} INFO - Started process 3718 to run task
[2022-07-31 10:48:15,373] {standard_task_runner.py:79} INFO - Running: ['***', 'tasks', 'run', 'dag_with_postgres_operator', 'create_postgres_table', 'scheduled__2021-12-30T00:00:00+00:00', '--job-id', '1506', '--raw', '--subdir', 'DAGS_FOLDER/DAGWithPostgresOperator.py', '--cfg-path', '/tmp/tmpltxcloek', '--error-file', '/tmp/tmpw0kp17n5']
[2022-07-31 10:48:15,373] {standard_task_runner.py:80} INFO - Job 1506: Subtask create_postgres_table
[2022-07-31 10:48:15,446] {task_command.py:369} INFO - Running <TaskInstance: dag_with_postgres_operator.create_postgres_table scheduled__2021-12-30T00:00:00+00:00 [running]> on host 66bf18ec08cc
[2022-07-31 10:48:15,534] {taskinstance.py:1571} INFO - Exporting the following env vars:
AIRFLOW_CTX_DAG_OWNER=yosr
AIRFLOW_CTX_DAG_ID=dag_with_postgres_operator
AIRFLOW_CTX_TASK_ID=create_postgres_table
AIRFLOW_CTX_EXECUTION_DATE=2021-12-30T00:00:00+00:00
AIRFLOW_CTX_TRY_NUMBER=3
AIRFLOW_CTX_DAG_RUN_ID=scheduled__2021-12-30T00:00:00+00:00
[2022-07-31 10:48:15,550] {base.py:68} INFO - Using connection ID 'postgres_localhost' for task execution.
[2022-07-31 10:48:15,552] {taskinstance.py:1889} ERROR - Task failed with exception
Traceback (most recent call last):
  File "/home/airflow/.local/lib/python3.7/site-packages/airflow/providers/postgres/operators/postgres.py", line 92, in execute
    self.hook.run(self.sql, self.autocommit, parameters=self.parameters)
  File "/home/airflow/.local/lib/python3.7/site-packages/airflow/hooks/dbapi.py", line 181, in run
    with closing(self.get_conn()) as conn:
  File "/home/airflow/.local/lib/python3.7/site-packages/airflow/providers/postgres/hooks/postgres.py", line 113, in get_conn
    self.conn = psycopg2.connect(**conn_args)
  File "/home/airflow/.local/lib/python3.7/site-packages/psycopg2/__init__.py", line 122, in connect
    conn = _connect(dsn, connection_factory=connection_factory, **kwasync)
psycopg2.OperationalError: could not translate host name "host.docker.internal " to address: Name or service not known

[2022-07-31 10:48:15,564] {taskinstance.py:1400} INFO - Marking task as UP_FOR_RETRY. dag_id=dag_with_postgres_operator, task_id=create_postgres_table, execution_date=20211230T000000, start_date=20220731T104815, end_date=20220731T104815
[2022-07-31 10:48:15,582] {standard_task_runner.py:97} ERROR - Failed to execute job 1506 for task create_postgres_table (could not translate host name "host.docker.internal " to address: Name or service not known
; 3718)
[2022-07-31 10:48:15,592] {local_task_job.py:156} INFO - Task exited with return code 1
[2022-07-31 10:48:15,635] {local_task_job.py:273} INFO - 0 downstream tasks scheduled from follow-on schedule check
[2022-07-31 13:19:59,355] {taskinstance.py:1159} INFO - Dependencies all met for <TaskInstance: dag_with_postgres_operator.create_postgres_table scheduled__2021-12-30T00:00:00+00:00 [queued]>
[2022-07-31 13:19:59,371] {taskinstance.py:1159} INFO - Dependencies all met for <TaskInstance: dag_with_postgres_operator.create_postgres_table scheduled__2021-12-30T00:00:00+00:00 [queued]>
[2022-07-31 13:19:59,371] {taskinstance.py:1356} INFO - 
--------------------------------------------------------------------------------
[2022-07-31 13:19:59,372] {taskinstance.py:1357} INFO - Starting attempt 3 of 6
[2022-07-31 13:19:59,372] {taskinstance.py:1358} INFO - 
--------------------------------------------------------------------------------
[2022-07-31 13:19:59,398] {taskinstance.py:1377} INFO - Executing <Task(PostgresOperator): create_postgres_table> on 2021-12-30 00:00:00+00:00
[2022-07-31 13:19:59,403] {standard_task_runner.py:52} INFO - Started process 1308 to run task
[2022-07-31 13:19:59,407] {standard_task_runner.py:79} INFO - Running: ['***', 'tasks', 'run', 'dag_with_postgres_operator', 'create_postgres_table', 'scheduled__2021-12-30T00:00:00+00:00', '--job-id', '46', '--raw', '--subdir', 'DAGS_FOLDER/DAGWithPostgresOperator.py', '--cfg-path', '/tmp/tmpgfq_45no', '--error-file', '/tmp/tmpqw96sz5r']
[2022-07-31 13:19:59,407] {standard_task_runner.py:80} INFO - Job 46: Subtask create_postgres_table
[2022-07-31 13:19:59,502] {task_command.py:369} INFO - Running <TaskInstance: dag_with_postgres_operator.create_postgres_table scheduled__2021-12-30T00:00:00+00:00 [running]> on host 4688dd3b7141
[2022-07-31 13:19:59,633] {taskinstance.py:1571} INFO - Exporting the following env vars:
AIRFLOW_CTX_DAG_OWNER=yosr
AIRFLOW_CTX_DAG_ID=dag_with_postgres_operator
AIRFLOW_CTX_TASK_ID=create_postgres_table
AIRFLOW_CTX_EXECUTION_DATE=2021-12-30T00:00:00+00:00
AIRFLOW_CTX_TRY_NUMBER=3
AIRFLOW_CTX_DAG_RUN_ID=scheduled__2021-12-30T00:00:00+00:00
[2022-07-31 13:19:59,750] {taskinstance.py:1889} ERROR - Task failed with exception
Traceback (most recent call last):
  File "/home/airflow/.local/lib/python3.7/site-packages/airflow/providers/postgres/operators/postgres.py", line 92, in execute
    self.hook.run(self.sql, self.autocommit, parameters=self.parameters)
  File "/home/airflow/.local/lib/python3.7/site-packages/airflow/hooks/dbapi.py", line 181, in run
    with closing(self.get_conn()) as conn:
  File "/home/airflow/.local/lib/python3.7/site-packages/airflow/providers/postgres/hooks/postgres.py", line 86, in get_conn
    conn = deepcopy(self.connection or self.get_connection(conn_id))
  File "/home/airflow/.local/lib/python3.7/site-packages/airflow/hooks/base.py", line 67, in get_connection
    conn = Connection.get_connection_from_secrets(conn_id)
  File "/home/airflow/.local/lib/python3.7/site-packages/airflow/models/connection.py", line 430, in get_connection_from_secrets
    raise AirflowNotFoundException(f"The conn_id `{conn_id}` isn't defined")
airflow.exceptions.AirflowNotFoundException: The conn_id `postgres_localhost` isn't defined
[2022-07-31 13:19:59,755] {taskinstance.py:1400} INFO - Marking task as UP_FOR_RETRY. dag_id=dag_with_postgres_operator, task_id=create_postgres_table, execution_date=20211230T000000, start_date=20220731T131959, end_date=20220731T131959
[2022-07-31 13:19:59,777] {standard_task_runner.py:97} ERROR - Failed to execute job 46 for task create_postgres_table (The conn_id `postgres_localhost` isn't defined; 1308)
[2022-07-31 13:19:59,788] {local_task_job.py:156} INFO - Task exited with return code 1
[2022-07-31 13:19:59,844] {local_task_job.py:273} INFO - 0 downstream tasks scheduled from follow-on schedule check
