[2022-07-30 18:03:39,430] {taskinstance.py:1159} INFO - Dependencies all met for <TaskInstance: dag_with_postgres_operator.create_postgres_table scheduled__2021-12-30T00:00:00+00:00 [queued]>
[2022-07-30 18:03:39,452] {taskinstance.py:1159} INFO - Dependencies all met for <TaskInstance: dag_with_postgres_operator.create_postgres_table scheduled__2021-12-30T00:00:00+00:00 [queued]>
[2022-07-30 18:03:39,452] {taskinstance.py:1356} INFO - 
--------------------------------------------------------------------------------
[2022-07-30 18:03:39,452] {taskinstance.py:1357} INFO - Starting attempt 6 of 6
[2022-07-30 18:03:39,452] {taskinstance.py:1358} INFO - 
--------------------------------------------------------------------------------
[2022-07-30 18:03:39,477] {taskinstance.py:1377} INFO - Executing <Task(PostgresOperator): create_postgres_table> on 2021-12-30 00:00:00+00:00
[2022-07-30 18:03:39,485] {standard_task_runner.py:52} INFO - Started process 1719 to run task
[2022-07-30 18:03:39,490] {standard_task_runner.py:79} INFO - Running: ['***', 'tasks', 'run', 'dag_with_postgres_operator', 'create_postgres_table', 'scheduled__2021-12-30T00:00:00+00:00', '--job-id', '96', '--raw', '--subdir', 'DAGS_FOLDER/DAGWithPostgresOperator.py', '--cfg-path', '/tmp/tmp43_9hf1i', '--error-file', '/tmp/tmpbzph1sej']
[2022-07-30 18:03:39,490] {standard_task_runner.py:80} INFO - Job 96: Subtask create_postgres_table
[2022-07-30 18:03:39,574] {task_command.py:369} INFO - Running <TaskInstance: dag_with_postgres_operator.create_postgres_table scheduled__2021-12-30T00:00:00+00:00 [running]> on host 66bf18ec08cc
[2022-07-30 18:03:39,703] {taskinstance.py:1571} INFO - Exporting the following env vars:
AIRFLOW_CTX_DAG_OWNER=yosr
AIRFLOW_CTX_DAG_ID=dag_with_postgres_operator
AIRFLOW_CTX_TASK_ID=create_postgres_table
AIRFLOW_CTX_EXECUTION_DATE=2021-12-30T00:00:00+00:00
AIRFLOW_CTX_TRY_NUMBER=6
AIRFLOW_CTX_DAG_RUN_ID=scheduled__2021-12-30T00:00:00+00:00
[2022-07-30 18:03:39,726] {base.py:68} INFO - Using connection ID 'postgres_localhost' for task execution.
[2022-07-30 18:03:39,729] {taskinstance.py:1889} ERROR - Task failed with exception
Traceback (most recent call last):
  File "/home/airflow/.local/lib/python3.7/site-packages/airflow/providers/postgres/operators/postgres.py", line 92, in execute
    self.hook.run(self.sql, self.autocommit, parameters=self.parameters)
  File "/home/airflow/.local/lib/python3.7/site-packages/airflow/hooks/dbapi.py", line 181, in run
    with closing(self.get_conn()) as conn:
  File "/home/airflow/.local/lib/python3.7/site-packages/airflow/providers/postgres/hooks/postgres.py", line 113, in get_conn
    self.conn = psycopg2.connect(**conn_args)
  File "/home/airflow/.local/lib/python3.7/site-packages/psycopg2/__init__.py", line 122, in connect
    conn = _connect(dsn, connection_factory=connection_factory, **kwasync)
psycopg2.OperationalError: could not translate host name "host.docker.internal " to address: Name or service not known

[2022-07-30 18:03:39,752] {taskinstance.py:1400} INFO - Marking task as FAILED. dag_id=dag_with_postgres_operator, task_id=create_postgres_table, execution_date=20211230T000000, start_date=20220730T180339, end_date=20220730T180339
[2022-07-30 18:03:39,781] {standard_task_runner.py:97} ERROR - Failed to execute job 96 for task create_postgres_table (could not translate host name "host.docker.internal " to address: Name or service not known
; 1719)
[2022-07-30 18:03:39,800] {local_task_job.py:156} INFO - Task exited with return code 1
[2022-07-30 18:03:39,858] {local_task_job.py:273} INFO - 0 downstream tasks scheduled from follow-on schedule check
[2022-07-31 00:09:53,520] {taskinstance.py:1159} INFO - Dependencies all met for <TaskInstance: dag_with_postgres_operator.create_postgres_table scheduled__2021-12-30T00:00:00+00:00 [queued]>
[2022-07-31 00:09:53,540] {taskinstance.py:1159} INFO - Dependencies all met for <TaskInstance: dag_with_postgres_operator.create_postgres_table scheduled__2021-12-30T00:00:00+00:00 [queued]>
[2022-07-31 00:09:53,541] {taskinstance.py:1356} INFO - 
--------------------------------------------------------------------------------
[2022-07-31 00:09:53,541] {taskinstance.py:1357} INFO - Starting attempt 6 of 6
[2022-07-31 00:09:53,542] {taskinstance.py:1358} INFO - 
--------------------------------------------------------------------------------
[2022-07-31 00:09:53,562] {taskinstance.py:1377} INFO - Executing <Task(PostgresOperator): create_postgres_table> on 2021-12-30 00:00:00+00:00
[2022-07-31 00:09:53,568] {standard_task_runner.py:52} INFO - Started process 5631 to run task
[2022-07-31 00:09:53,575] {standard_task_runner.py:79} INFO - Running: ['***', 'tasks', 'run', 'dag_with_postgres_operator', 'create_postgres_table', 'scheduled__2021-12-30T00:00:00+00:00', '--job-id', '1101', '--raw', '--subdir', 'DAGS_FOLDER/DAGWithPostgresOperator.py', '--cfg-path', '/tmp/tmp8m2qlxoa', '--error-file', '/tmp/tmpb_p1osot']
[2022-07-31 00:09:53,575] {standard_task_runner.py:80} INFO - Job 1101: Subtask create_postgres_table
[2022-07-31 00:09:53,656] {task_command.py:369} INFO - Running <TaskInstance: dag_with_postgres_operator.create_postgres_table scheduled__2021-12-30T00:00:00+00:00 [running]> on host 66bf18ec08cc
[2022-07-31 00:09:53,764] {taskinstance.py:1571} INFO - Exporting the following env vars:
AIRFLOW_CTX_DAG_OWNER=yosr
AIRFLOW_CTX_DAG_ID=dag_with_postgres_operator
AIRFLOW_CTX_TASK_ID=create_postgres_table
AIRFLOW_CTX_EXECUTION_DATE=2021-12-30T00:00:00+00:00
AIRFLOW_CTX_TRY_NUMBER=6
AIRFLOW_CTX_DAG_RUN_ID=scheduled__2021-12-30T00:00:00+00:00
[2022-07-31 00:09:53,780] {base.py:68} INFO - Using connection ID 'postgres_localhost' for task execution.
[2022-07-31 00:09:53,781] {taskinstance.py:1889} ERROR - Task failed with exception
Traceback (most recent call last):
  File "/home/airflow/.local/lib/python3.7/site-packages/airflow/providers/postgres/operators/postgres.py", line 92, in execute
    self.hook.run(self.sql, self.autocommit, parameters=self.parameters)
  File "/home/airflow/.local/lib/python3.7/site-packages/airflow/hooks/dbapi.py", line 181, in run
    with closing(self.get_conn()) as conn:
  File "/home/airflow/.local/lib/python3.7/site-packages/airflow/providers/postgres/hooks/postgres.py", line 113, in get_conn
    self.conn = psycopg2.connect(**conn_args)
  File "/home/airflow/.local/lib/python3.7/site-packages/psycopg2/__init__.py", line 122, in connect
    conn = _connect(dsn, connection_factory=connection_factory, **kwasync)
psycopg2.OperationalError: could not translate host name "host.docker.local " to address: Name or service not known

[2022-07-31 00:09:53,797] {taskinstance.py:1400} INFO - Marking task as FAILED. dag_id=dag_with_postgres_operator, task_id=create_postgres_table, execution_date=20211230T000000, start_date=20220731T000953, end_date=20220731T000953
[2022-07-31 00:09:53,816] {standard_task_runner.py:97} ERROR - Failed to execute job 1101 for task create_postgres_table (could not translate host name "host.docker.local " to address: Name or service not known
; 5631)
[2022-07-31 00:09:53,829] {local_task_job.py:156} INFO - Task exited with return code 1
[2022-07-31 00:09:53,899] {local_task_job.py:273} INFO - 0 downstream tasks scheduled from follow-on schedule check
[2022-07-31 11:03:19,054] {taskinstance.py:1159} INFO - Dependencies all met for <TaskInstance: dag_with_postgres_operator.create_postgres_table scheduled__2021-12-30T00:00:00+00:00 [queued]>
[2022-07-31 11:03:19,079] {taskinstance.py:1159} INFO - Dependencies all met for <TaskInstance: dag_with_postgres_operator.create_postgres_table scheduled__2021-12-30T00:00:00+00:00 [queued]>
[2022-07-31 11:03:19,079] {taskinstance.py:1356} INFO - 
--------------------------------------------------------------------------------
[2022-07-31 11:03:19,079] {taskinstance.py:1357} INFO - Starting attempt 6 of 6
[2022-07-31 11:03:19,079] {taskinstance.py:1358} INFO - 
--------------------------------------------------------------------------------
[2022-07-31 11:03:19,100] {taskinstance.py:1377} INFO - Executing <Task(PostgresOperator): create_postgres_table> on 2021-12-30 00:00:00+00:00
[2022-07-31 11:03:19,106] {standard_task_runner.py:52} INFO - Started process 4510 to run task
[2022-07-31 11:03:19,110] {standard_task_runner.py:79} INFO - Running: ['***', 'tasks', 'run', 'dag_with_postgres_operator', 'create_postgres_table', 'scheduled__2021-12-30T00:00:00+00:00', '--job-id', '1553', '--raw', '--subdir', 'DAGS_FOLDER/DAGWithPostgresOperator.py', '--cfg-path', '/tmp/tmp6qnrh7nh', '--error-file', '/tmp/tmpuvh74_3a']
[2022-07-31 11:03:19,110] {standard_task_runner.py:80} INFO - Job 1553: Subtask create_postgres_table
[2022-07-31 11:03:19,188] {task_command.py:369} INFO - Running <TaskInstance: dag_with_postgres_operator.create_postgres_table scheduled__2021-12-30T00:00:00+00:00 [running]> on host 66bf18ec08cc
[2022-07-31 11:03:19,307] {taskinstance.py:1571} INFO - Exporting the following env vars:
AIRFLOW_CTX_DAG_OWNER=yosr
AIRFLOW_CTX_DAG_ID=dag_with_postgres_operator
AIRFLOW_CTX_TASK_ID=create_postgres_table
AIRFLOW_CTX_EXECUTION_DATE=2021-12-30T00:00:00+00:00
AIRFLOW_CTX_TRY_NUMBER=6
AIRFLOW_CTX_DAG_RUN_ID=scheduled__2021-12-30T00:00:00+00:00
[2022-07-31 11:03:19,323] {base.py:68} INFO - Using connection ID 'postgres_localhost' for task execution.
[2022-07-31 11:03:19,324] {taskinstance.py:1889} ERROR - Task failed with exception
Traceback (most recent call last):
  File "/home/airflow/.local/lib/python3.7/site-packages/airflow/providers/postgres/operators/postgres.py", line 92, in execute
    self.hook.run(self.sql, self.autocommit, parameters=self.parameters)
  File "/home/airflow/.local/lib/python3.7/site-packages/airflow/hooks/dbapi.py", line 181, in run
    with closing(self.get_conn()) as conn:
  File "/home/airflow/.local/lib/python3.7/site-packages/airflow/providers/postgres/hooks/postgres.py", line 113, in get_conn
    self.conn = psycopg2.connect(**conn_args)
  File "/home/airflow/.local/lib/python3.7/site-packages/psycopg2/__init__.py", line 122, in connect
    conn = _connect(dsn, connection_factory=connection_factory, **kwasync)
psycopg2.OperationalError: could not translate host name "host.docker.internal " to address: Name or service not known

[2022-07-31 11:03:19,342] {taskinstance.py:1400} INFO - Marking task as FAILED. dag_id=dag_with_postgres_operator, task_id=create_postgres_table, execution_date=20211230T000000, start_date=20220731T110319, end_date=20220731T110319
[2022-07-31 11:03:19,372] {standard_task_runner.py:97} ERROR - Failed to execute job 1553 for task create_postgres_table (could not translate host name "host.docker.internal " to address: Name or service not known
; 4510)
[2022-07-31 11:03:19,413] {local_task_job.py:156} INFO - Task exited with return code 1
[2022-07-31 11:03:19,479] {local_task_job.py:273} INFO - 0 downstream tasks scheduled from follow-on schedule check
[2022-07-31 13:35:02,080] {taskinstance.py:1159} INFO - Dependencies all met for <TaskInstance: dag_with_postgres_operator.create_postgres_table scheduled__2021-12-30T00:00:00+00:00 [queued]>
[2022-07-31 13:35:02,097] {taskinstance.py:1159} INFO - Dependencies all met for <TaskInstance: dag_with_postgres_operator.create_postgres_table scheduled__2021-12-30T00:00:00+00:00 [queued]>
[2022-07-31 13:35:02,098] {taskinstance.py:1356} INFO - 
--------------------------------------------------------------------------------
[2022-07-31 13:35:02,098] {taskinstance.py:1357} INFO - Starting attempt 6 of 6
[2022-07-31 13:35:02,098] {taskinstance.py:1358} INFO - 
--------------------------------------------------------------------------------
[2022-07-31 13:35:02,126] {taskinstance.py:1377} INFO - Executing <Task(PostgresOperator): create_postgres_table> on 2021-12-30 00:00:00+00:00
[2022-07-31 13:35:02,133] {standard_task_runner.py:52} INFO - Started process 2106 to run task
[2022-07-31 13:35:02,137] {standard_task_runner.py:79} INFO - Running: ['***', 'tasks', 'run', 'dag_with_postgres_operator', 'create_postgres_table', 'scheduled__2021-12-30T00:00:00+00:00', '--job-id', '94', '--raw', '--subdir', 'DAGS_FOLDER/DAGWithPostgresOperator.py', '--cfg-path', '/tmp/tmph18sghcm', '--error-file', '/tmp/tmp7l8dc3ys']
[2022-07-31 13:35:02,137] {standard_task_runner.py:80} INFO - Job 94: Subtask create_postgres_table
[2022-07-31 13:35:02,231] {task_command.py:369} INFO - Running <TaskInstance: dag_with_postgres_operator.create_postgres_table scheduled__2021-12-30T00:00:00+00:00 [running]> on host 4688dd3b7141
[2022-07-31 13:35:02,342] {taskinstance.py:1571} INFO - Exporting the following env vars:
AIRFLOW_CTX_DAG_OWNER=yosr
AIRFLOW_CTX_DAG_ID=dag_with_postgres_operator
AIRFLOW_CTX_TASK_ID=create_postgres_table
AIRFLOW_CTX_EXECUTION_DATE=2021-12-30T00:00:00+00:00
AIRFLOW_CTX_TRY_NUMBER=6
AIRFLOW_CTX_DAG_RUN_ID=scheduled__2021-12-30T00:00:00+00:00
[2022-07-31 13:35:02,379] {taskinstance.py:1889} ERROR - Task failed with exception
Traceback (most recent call last):
  File "/home/airflow/.local/lib/python3.7/site-packages/airflow/providers/postgres/operators/postgres.py", line 92, in execute
    self.hook.run(self.sql, self.autocommit, parameters=self.parameters)
  File "/home/airflow/.local/lib/python3.7/site-packages/airflow/hooks/dbapi.py", line 181, in run
    with closing(self.get_conn()) as conn:
  File "/home/airflow/.local/lib/python3.7/site-packages/airflow/providers/postgres/hooks/postgres.py", line 86, in get_conn
    conn = deepcopy(self.connection or self.get_connection(conn_id))
  File "/home/airflow/.local/lib/python3.7/site-packages/airflow/hooks/base.py", line 67, in get_connection
    conn = Connection.get_connection_from_secrets(conn_id)
  File "/home/airflow/.local/lib/python3.7/site-packages/airflow/models/connection.py", line 430, in get_connection_from_secrets
    raise AirflowNotFoundException(f"The conn_id `{conn_id}` isn't defined")
airflow.exceptions.AirflowNotFoundException: The conn_id `postgres_localhost` isn't defined
[2022-07-31 13:35:02,385] {taskinstance.py:1400} INFO - Marking task as FAILED. dag_id=dag_with_postgres_operator, task_id=create_postgres_table, execution_date=20211230T000000, start_date=20220731T133502, end_date=20220731T133502
[2022-07-31 13:35:02,402] {standard_task_runner.py:97} ERROR - Failed to execute job 94 for task create_postgres_table (The conn_id `postgres_localhost` isn't defined; 2106)
[2022-07-31 13:35:02,439] {local_task_job.py:156} INFO - Task exited with return code 1
[2022-07-31 13:35:02,492] {local_task_job.py:273} INFO - 0 downstream tasks scheduled from follow-on schedule check
