[2022-07-29 11:45:29,899] {taskinstance.py:1159} INFO - Dependencies all met for <TaskInstance: dag_with_python_operator.get_name scheduled__2022-07-20T00:00:00+00:00 [queued]>
[2022-07-29 11:45:29,912] {taskinstance.py:1159} INFO - Dependencies all met for <TaskInstance: dag_with_python_operator.get_name scheduled__2022-07-20T00:00:00+00:00 [queued]>
[2022-07-29 11:45:29,912] {taskinstance.py:1356} INFO - 
--------------------------------------------------------------------------------
[2022-07-29 11:45:29,913] {taskinstance.py:1357} INFO - Starting attempt 1 of 6
[2022-07-29 11:45:29,913] {taskinstance.py:1358} INFO - 
--------------------------------------------------------------------------------
[2022-07-29 11:45:29,931] {taskinstance.py:1377} INFO - Executing <Task(PythonOperator): get_name> on 2022-07-20 00:00:00+00:00
[2022-07-29 11:45:29,935] {standard_task_runner.py:52} INFO - Started process 7599 to run task
[2022-07-29 11:45:29,939] {standard_task_runner.py:79} INFO - Running: ['***', 'tasks', 'run', 'dag_with_python_operator', 'get_name', 'scheduled__2022-07-20T00:00:00+00:00', '--job-id', '1268', '--raw', '--subdir', 'DAGS_FOLDER/CreateDagWithPythonOperator.py', '--cfg-path', '/tmp/tmpk68px5ks', '--error-file', '/tmp/tmpwn136o12']
[2022-07-29 11:45:29,939] {standard_task_runner.py:80} INFO - Job 1268: Subtask get_name
[2022-07-29 11:45:30,019] {task_command.py:369} INFO - Running <TaskInstance: dag_with_python_operator.get_name scheduled__2022-07-20T00:00:00+00:00 [running]> on host 9f0f006fc89d
[2022-07-29 11:45:30,131] {taskinstance.py:1571} INFO - Exporting the following env vars:
AIRFLOW_CTX_DAG_OWNER=yosr
AIRFLOW_CTX_DAG_ID=dag_with_python_operator
AIRFLOW_CTX_TASK_ID=get_name
AIRFLOW_CTX_EXECUTION_DATE=2022-07-20T00:00:00+00:00
AIRFLOW_CTX_TRY_NUMBER=1
AIRFLOW_CTX_DAG_RUN_ID=scheduled__2022-07-20T00:00:00+00:00
[2022-07-29 11:45:30,178] {python.py:173} INFO - Done. Returned value was: None
[2022-07-29 11:45:30,199] {taskinstance.py:1400} INFO - Marking task as SUCCESS. dag_id=dag_with_python_operator, task_id=get_name, execution_date=20220720T000000, start_date=20220729T114529, end_date=20220729T114530
[2022-07-29 11:45:30,242] {local_task_job.py:156} INFO - Task exited with return code 0
[2022-07-29 11:45:30,311] {local_task_job.py:273} INFO - 1 downstream tasks scheduled from follow-on schedule check
