[2022-07-29 12:05:56,711] {taskinstance.py:1159} INFO - Dependencies all met for <TaskInstance: dag_with_catchup_backfill.task1 scheduled__2022-01-29T00:00:00+00:00 [queued]>
[2022-07-29 12:05:56,728] {taskinstance.py:1159} INFO - Dependencies all met for <TaskInstance: dag_with_catchup_backfill.task1 scheduled__2022-01-29T00:00:00+00:00 [queued]>
[2022-07-29 12:05:56,728] {taskinstance.py:1356} INFO - 
--------------------------------------------------------------------------------
[2022-07-29 12:05:56,728] {taskinstance.py:1357} INFO - Starting attempt 1 of 6
[2022-07-29 12:05:56,728] {taskinstance.py:1358} INFO - 
--------------------------------------------------------------------------------
[2022-07-29 12:05:56,751] {taskinstance.py:1377} INFO - Executing <Task(BashOperator): task1> on 2022-01-29 00:00:00+00:00
[2022-07-29 12:05:56,756] {standard_task_runner.py:52} INFO - Started process 10315 to run task
[2022-07-29 12:05:56,760] {standard_task_runner.py:79} INFO - Running: ['***', 'tasks', 'run', 'dag_with_catchup_backfill', 'task1', 'scheduled__2022-01-29T00:00:00+00:00', '--job-id', '2152', '--raw', '--subdir', 'DAGS_FOLDER/DagWithCatchupAndBackfill.py', '--cfg-path', '/tmp/tmpifbqoy5k', '--error-file', '/tmp/tmptxcg_3sc']
[2022-07-29 12:05:56,760] {standard_task_runner.py:80} INFO - Job 2152: Subtask task1
[2022-07-29 12:05:56,835] {task_command.py:369} INFO - Running <TaskInstance: dag_with_catchup_backfill.task1 scheduled__2022-01-29T00:00:00+00:00 [running]> on host 9f0f006fc89d
[2022-07-29 12:05:56,939] {taskinstance.py:1571} INFO - Exporting the following env vars:
AIRFLOW_CTX_DAG_OWNER=yosr
AIRFLOW_CTX_DAG_ID=dag_with_catchup_backfill
AIRFLOW_CTX_TASK_ID=task1
AIRFLOW_CTX_EXECUTION_DATE=2022-01-29T00:00:00+00:00
AIRFLOW_CTX_TRY_NUMBER=1
AIRFLOW_CTX_DAG_RUN_ID=scheduled__2022-01-29T00:00:00+00:00
[2022-07-29 12:05:56,939] {subprocess.py:62} INFO - Tmp dir root location: 
 /tmp
[2022-07-29 12:05:56,940] {subprocess.py:74} INFO - Running command: ['bash', '-c', 'echo This is a simple bash command!']
[2022-07-29 12:05:56,954] {subprocess.py:85} INFO - Output:
[2022-07-29 12:05:56,957] {subprocess.py:92} INFO - This is a simple bash command!
[2022-07-29 12:05:56,957] {subprocess.py:96} INFO - Command exited with return code 0
[2022-07-29 12:05:56,997] {taskinstance.py:1400} INFO - Marking task as SUCCESS. dag_id=dag_with_catchup_backfill, task_id=task1, execution_date=20220129T000000, start_date=20220729T120556, end_date=20220729T120556
[2022-07-29 12:05:57,059] {local_task_job.py:156} INFO - Task exited with return code 0
[2022-07-29 12:05:57,120] {local_task_job.py:273} INFO - 0 downstream tasks scheduled from follow-on schedule check
