[2022-07-29 10:54:07,620] {taskinstance.py:1159} INFO - Dependencies all met for <TaskInstance: Second_one.first_task scheduled__2021-11-02T00:00:00+00:00 [queued]>
[2022-07-29 10:54:07,668] {taskinstance.py:1159} INFO - Dependencies all met for <TaskInstance: Second_one.first_task scheduled__2021-11-02T00:00:00+00:00 [queued]>
[2022-07-29 10:54:07,668] {taskinstance.py:1356} INFO - 
--------------------------------------------------------------------------------
[2022-07-29 10:54:07,668] {taskinstance.py:1357} INFO - Starting attempt 1 of 6
[2022-07-29 10:54:07,668] {taskinstance.py:1358} INFO - 
--------------------------------------------------------------------------------
[2022-07-29 10:54:07,711] {taskinstance.py:1377} INFO - Executing <Task(BashOperator): first_task> on 2021-11-02 00:00:00+00:00
[2022-07-29 10:54:07,734] {standard_task_runner.py:79} INFO - Running: ['***', 'tasks', 'run', 'Second_one', 'first_task', 'scheduled__2021-11-02T00:00:00+00:00', '--job-id', '99', '--raw', '--subdir', 'DAGS_FOLDER/Second_One.py', '--cfg-path', '/tmp/tmpw2j9xksx', '--error-file', '/tmp/tmpr7tm5l3x']
[2022-07-29 10:54:07,735] {standard_task_runner.py:52} INFO - Started process 2628 to run task
[2022-07-29 10:54:07,758] {standard_task_runner.py:80} INFO - Job 99: Subtask first_task
[2022-07-29 10:54:07,909] {task_command.py:369} INFO - Running <TaskInstance: Second_one.first_task scheduled__2021-11-02T00:00:00+00:00 [running]> on host 9f0f006fc89d
[2022-07-29 10:54:08,146] {taskinstance.py:1571} INFO - Exporting the following env vars:
AIRFLOW_CTX_DAG_OWNER=yosr
AIRFLOW_CTX_DAG_ID=Second_one
AIRFLOW_CTX_TASK_ID=first_task
AIRFLOW_CTX_EXECUTION_DATE=2021-11-02T00:00:00+00:00
AIRFLOW_CTX_TRY_NUMBER=1
AIRFLOW_CTX_DAG_RUN_ID=scheduled__2021-11-02T00:00:00+00:00
[2022-07-29 10:54:08,152] {subprocess.py:62} INFO - Tmp dir root location: 
 /tmp
[2022-07-29 10:54:08,153] {subprocess.py:74} INFO - Running command: ['bash', '-c', 'echo hello world']
[2022-07-29 10:54:08,203] {subprocess.py:85} INFO - Output:
[2022-07-29 10:54:08,215] {subprocess.py:92} INFO - hello world
[2022-07-29 10:54:08,216] {subprocess.py:96} INFO - Command exited with return code 0
[2022-07-29 10:54:08,301] {taskinstance.py:1400} INFO - Marking task as SUCCESS. dag_id=Second_one, task_id=first_task, execution_date=20211102T000000, start_date=20220729T105407, end_date=20220729T105408
[2022-07-29 10:54:08,357] {local_task_job.py:156} INFO - Task exited with return code 0
[2022-07-29 10:54:08,410] {local_task_job.py:273} INFO - 0 downstream tasks scheduled from follow-on schedule check
