[2022-07-29 11:58:32,898] {taskinstance.py:1159} INFO - Dependencies all met for <TaskInstance: dag_with_taskflow_api.greet scheduled__2022-04-20T00:00:00+00:00 [queued]>
[2022-07-29 11:58:32,912] {taskinstance.py:1159} INFO - Dependencies all met for <TaskInstance: dag_with_taskflow_api.greet scheduled__2022-04-20T00:00:00+00:00 [queued]>
[2022-07-29 11:58:32,912] {taskinstance.py:1356} INFO - 
--------------------------------------------------------------------------------
[2022-07-29 11:58:32,912] {taskinstance.py:1357} INFO - Starting attempt 1 of 6
[2022-07-29 11:58:32,912] {taskinstance.py:1358} INFO - 
--------------------------------------------------------------------------------
[2022-07-29 11:58:32,931] {taskinstance.py:1377} INFO - Executing <Task(_PythonDecoratedOperator): greet> on 2022-04-20 00:00:00+00:00
[2022-07-29 11:58:32,935] {standard_task_runner.py:52} INFO - Started process 9305 to run task
[2022-07-29 11:58:32,939] {standard_task_runner.py:79} INFO - Running: ['***', 'tasks', 'run', 'dag_with_taskflow_api', 'greet', 'scheduled__2022-04-20T00:00:00+00:00', '--job-id', '1826', '--raw', '--subdir', 'DAGS_FOLDER/DagWithTaskflowApi.py', '--cfg-path', '/tmp/tmpd4kubjzi', '--error-file', '/tmp/tmparsqbfqv']
[2022-07-29 11:58:32,939] {standard_task_runner.py:80} INFO - Job 1826: Subtask greet
[2022-07-29 11:58:33,015] {task_command.py:369} INFO - Running <TaskInstance: dag_with_taskflow_api.greet scheduled__2022-04-20T00:00:00+00:00 [running]> on host 9f0f006fc89d
[2022-07-29 11:58:33,284] {taskinstance.py:1571} INFO - Exporting the following env vars:
AIRFLOW_CTX_DAG_OWNER=yosr
AIRFLOW_CTX_DAG_ID=dag_with_taskflow_api
AIRFLOW_CTX_TASK_ID=greet
AIRFLOW_CTX_EXECUTION_DATE=2022-04-20T00:00:00+00:00
AIRFLOW_CTX_TRY_NUMBER=1
AIRFLOW_CTX_DAG_RUN_ID=scheduled__2022-04-20T00:00:00+00:00
[2022-07-29 11:58:33,284] {logging_mixin.py:115} INFO - Hello World! My name is yosr hb and I am 22 years old!
[2022-07-29 11:58:33,285] {python.py:173} INFO - Done. Returned value was: None
[2022-07-29 11:58:33,311] {taskinstance.py:1400} INFO - Marking task as SUCCESS. dag_id=dag_with_taskflow_api, task_id=greet, execution_date=20220420T000000, start_date=20220729T115832, end_date=20220729T115833
[2022-07-29 11:58:33,371] {local_task_job.py:156} INFO - Task exited with return code 0
[2022-07-29 11:58:33,444] {local_task_job.py:273} INFO - 0 downstream tasks scheduled from follow-on schedule check
