[2022-07-29 11:41:41,253] {taskinstance.py:1159} INFO - Dependencies all met for <TaskInstance: dag_with_python_operator.get_name scheduled__2021-12-01T00:00:00+00:00 [queued]>
[2022-07-29 11:41:41,281] {taskinstance.py:1159} INFO - Dependencies all met for <TaskInstance: dag_with_python_operator.get_name scheduled__2021-12-01T00:00:00+00:00 [queued]>
[2022-07-29 11:41:41,281] {taskinstance.py:1356} INFO - 
--------------------------------------------------------------------------------
[2022-07-29 11:41:41,281] {taskinstance.py:1357} INFO - Starting attempt 1 of 6
[2022-07-29 11:41:41,281] {taskinstance.py:1358} INFO - 
--------------------------------------------------------------------------------
[2022-07-29 11:41:41,310] {taskinstance.py:1377} INFO - Executing <Task(PythonOperator): get_name> on 2021-12-01 00:00:00+00:00
[2022-07-29 11:41:41,317] {standard_task_runner.py:52} INFO - Started process 6038 to run task
[2022-07-29 11:41:41,321] {standard_task_runner.py:79} INFO - Running: ['***', 'tasks', 'run', 'dag_with_python_operator', 'get_name', 'scheduled__2021-12-01T00:00:00+00:00', '--job-id', '571', '--raw', '--subdir', 'DAGS_FOLDER/CreateDagWithPythonOperator.py', '--cfg-path', '/tmp/tmpba715oy0', '--error-file', '/tmp/tmpujgiz3je']
[2022-07-29 11:41:41,321] {standard_task_runner.py:80} INFO - Job 571: Subtask get_name
[2022-07-29 11:41:41,415] {task_command.py:369} INFO - Running <TaskInstance: dag_with_python_operator.get_name scheduled__2021-12-01T00:00:00+00:00 [running]> on host 9f0f006fc89d
[2022-07-29 11:41:41,542] {taskinstance.py:1571} INFO - Exporting the following env vars:
AIRFLOW_CTX_DAG_OWNER=yosr
AIRFLOW_CTX_DAG_ID=dag_with_python_operator
AIRFLOW_CTX_TASK_ID=get_name
AIRFLOW_CTX_EXECUTION_DATE=2021-12-01T00:00:00+00:00
AIRFLOW_CTX_TRY_NUMBER=1
AIRFLOW_CTX_DAG_RUN_ID=scheduled__2021-12-01T00:00:00+00:00
[2022-07-29 11:41:41,581] {python.py:173} INFO - Done. Returned value was: None
[2022-07-29 11:41:41,601] {taskinstance.py:1400} INFO - Marking task as SUCCESS. dag_id=dag_with_python_operator, task_id=get_name, execution_date=20211201T000000, start_date=20220729T114141, end_date=20220729T114141
[2022-07-29 11:41:41,662] {local_task_job.py:156} INFO - Task exited with return code 0
[2022-07-29 11:41:41,720] {local_task_job.py:273} INFO - 0 downstream tasks scheduled from follow-on schedule check
