[2022-07-29 10:54:46,768] {taskinstance.py:1159} INFO - Dependencies all met for <TaskInstance: Second_one.second_task scheduled__2021-12-07T00:00:00+00:00 [queued]>
[2022-07-29 10:54:46,785] {taskinstance.py:1159} INFO - Dependencies all met for <TaskInstance: Second_one.second_task scheduled__2021-12-07T00:00:00+00:00 [queued]>
[2022-07-29 10:54:46,786] {taskinstance.py:1356} INFO - 
--------------------------------------------------------------------------------
[2022-07-29 10:54:46,786] {taskinstance.py:1357} INFO - Starting attempt 1 of 6
[2022-07-29 10:54:46,786] {taskinstance.py:1358} INFO - 
--------------------------------------------------------------------------------
[2022-07-29 10:54:46,806] {taskinstance.py:1377} INFO - Executing <Task(BashOperator): second_task> on 2021-12-07 00:00:00+00:00
[2022-07-29 10:54:46,811] {standard_task_runner.py:52} INFO - Started process 2791 to run task
[2022-07-29 10:54:46,817] {standard_task_runner.py:79} INFO - Running: ['***', 'tasks', 'run', 'Second_one', 'second_task', 'scheduled__2021-12-07T00:00:00+00:00', '--job-id', '143', '--raw', '--subdir', 'DAGS_FOLDER/Second_One.py', '--cfg-path', '/tmp/tmphw65ld_i', '--error-file', '/tmp/tmpnqxrixzy']
[2022-07-29 10:54:46,817] {standard_task_runner.py:80} INFO - Job 143: Subtask second_task
[2022-07-29 10:54:46,903] {task_command.py:369} INFO - Running <TaskInstance: Second_one.second_task scheduled__2021-12-07T00:00:00+00:00 [running]> on host 9f0f006fc89d
[2022-07-29 10:54:47,015] {taskinstance.py:1571} INFO - Exporting the following env vars:
AIRFLOW_CTX_DAG_OWNER=yosr
AIRFLOW_CTX_DAG_ID=Second_one
AIRFLOW_CTX_TASK_ID=second_task
AIRFLOW_CTX_EXECUTION_DATE=2021-12-07T00:00:00+00:00
AIRFLOW_CTX_TRY_NUMBER=1
AIRFLOW_CTX_DAG_RUN_ID=scheduled__2021-12-07T00:00:00+00:00
[2022-07-29 10:54:47,016] {subprocess.py:62} INFO - Tmp dir root location: 
 /tmp
[2022-07-29 10:54:47,017] {subprocess.py:74} INFO - Running command: ['bash', '-c', 'echo hello world']
[2022-07-29 10:54:47,029] {subprocess.py:85} INFO - Output:
[2022-07-29 10:54:47,031] {subprocess.py:92} INFO - hello world
[2022-07-29 10:54:47,032] {subprocess.py:96} INFO - Command exited with return code 0
[2022-07-29 10:54:47,078] {taskinstance.py:1400} INFO - Marking task as SUCCESS. dag_id=Second_one, task_id=second_task, execution_date=20211207T000000, start_date=20220729T105446, end_date=20220729T105447
[2022-07-29 10:54:47,118] {local_task_job.py:156} INFO - Task exited with return code 0
[2022-07-29 10:54:47,173] {local_task_job.py:273} INFO - 0 downstream tasks scheduled from follow-on schedule check
