[2022-07-30 18:03:46,218] {taskinstance.py:1159} INFO - Dependencies all met for <TaskInstance: dag_with_postgres_operator.create_postgres_table scheduled__2022-01-05T00:00:00+00:00 [queued]>
[2022-07-30 18:03:46,234] {taskinstance.py:1159} INFO - Dependencies all met for <TaskInstance: dag_with_postgres_operator.create_postgres_table scheduled__2022-01-05T00:00:00+00:00 [queued]>
[2022-07-30 18:03:46,234] {taskinstance.py:1356} INFO - 
--------------------------------------------------------------------------------
[2022-07-30 18:03:46,234] {taskinstance.py:1357} INFO - Starting attempt 1 of 6
[2022-07-30 18:03:46,234] {taskinstance.py:1358} INFO - 
--------------------------------------------------------------------------------
[2022-07-30 18:03:46,255] {taskinstance.py:1377} INFO - Executing <Task(PostgresOperator): create_postgres_table> on 2022-01-05 00:00:00+00:00
[2022-07-30 18:03:46,260] {standard_task_runner.py:52} INFO - Started process 1726 to run task
[2022-07-30 18:03:46,263] {standard_task_runner.py:79} INFO - Running: ['***', 'tasks', 'run', 'dag_with_postgres_operator', 'create_postgres_table', 'scheduled__2022-01-05T00:00:00+00:00', '--job-id', '100', '--raw', '--subdir', 'DAGS_FOLDER/DAGWithPostgresOperator.py', '--cfg-path', '/tmp/tmpj0hlx5wm', '--error-file', '/tmp/tmp4viun4p9']
[2022-07-30 18:03:46,263] {standard_task_runner.py:80} INFO - Job 100: Subtask create_postgres_table
[2022-07-30 18:03:46,336] {task_command.py:369} INFO - Running <TaskInstance: dag_with_postgres_operator.create_postgres_table scheduled__2022-01-05T00:00:00+00:00 [running]> on host 66bf18ec08cc
[2022-07-30 18:03:46,438] {taskinstance.py:1571} INFO - Exporting the following env vars:
AIRFLOW_CTX_DAG_OWNER=yosr
AIRFLOW_CTX_DAG_ID=dag_with_postgres_operator
AIRFLOW_CTX_TASK_ID=create_postgres_table
AIRFLOW_CTX_EXECUTION_DATE=2022-01-05T00:00:00+00:00
AIRFLOW_CTX_TRY_NUMBER=1
AIRFLOW_CTX_DAG_RUN_ID=scheduled__2022-01-05T00:00:00+00:00
[2022-07-30 18:03:46,454] {base.py:68} INFO - Using connection ID 'postgres_localhost' for task execution.
[2022-07-30 18:03:46,455] {taskinstance.py:1889} ERROR - Task failed with exception
Traceback (most recent call last):
  File "/home/airflow/.local/lib/python3.7/site-packages/airflow/providers/postgres/operators/postgres.py", line 92, in execute
    self.hook.run(self.sql, self.autocommit, parameters=self.parameters)
  File "/home/airflow/.local/lib/python3.7/site-packages/airflow/hooks/dbapi.py", line 181, in run
    with closing(self.get_conn()) as conn:
  File "/home/airflow/.local/lib/python3.7/site-packages/airflow/providers/postgres/hooks/postgres.py", line 113, in get_conn
    self.conn = psycopg2.connect(**conn_args)
  File "/home/airflow/.local/lib/python3.7/site-packages/psycopg2/__init__.py", line 122, in connect
    conn = _connect(dsn, connection_factory=connection_factory, **kwasync)
psycopg2.OperationalError: could not translate host name "host.docker.internal " to address: Name or service not known

[2022-07-30 18:03:46,470] {taskinstance.py:1400} INFO - Marking task as UP_FOR_RETRY. dag_id=dag_with_postgres_operator, task_id=create_postgres_table, execution_date=20220105T000000, start_date=20220730T180346, end_date=20220730T180346
[2022-07-30 18:03:46,492] {standard_task_runner.py:97} ERROR - Failed to execute job 100 for task create_postgres_table (could not translate host name "host.docker.internal " to address: Name or service not known
; 1726)
[2022-07-30 18:03:46,521] {local_task_job.py:156} INFO - Task exited with return code 1
[2022-07-30 18:03:46,580] {local_task_job.py:273} INFO - 0 downstream tasks scheduled from follow-on schedule check
[2022-07-31 00:10:00,287] {taskinstance.py:1159} INFO - Dependencies all met for <TaskInstance: dag_with_postgres_operator.create_postgres_table scheduled__2022-01-05T00:00:00+00:00 [queued]>
[2022-07-31 00:10:00,305] {taskinstance.py:1159} INFO - Dependencies all met for <TaskInstance: dag_with_postgres_operator.create_postgres_table scheduled__2022-01-05T00:00:00+00:00 [queued]>
[2022-07-31 00:10:00,305] {taskinstance.py:1356} INFO - 
--------------------------------------------------------------------------------
[2022-07-31 00:10:00,305] {taskinstance.py:1357} INFO - Starting attempt 1 of 6
[2022-07-31 00:10:00,305] {taskinstance.py:1358} INFO - 
--------------------------------------------------------------------------------
[2022-07-31 00:10:00,325] {taskinstance.py:1377} INFO - Executing <Task(PostgresOperator): create_postgres_table> on 2022-01-05 00:00:00+00:00
[2022-07-31 00:10:00,330] {standard_task_runner.py:52} INFO - Started process 5645 to run task
[2022-07-31 00:10:00,333] {standard_task_runner.py:79} INFO - Running: ['***', 'tasks', 'run', 'dag_with_postgres_operator', 'create_postgres_table', 'scheduled__2022-01-05T00:00:00+00:00', '--job-id', '1108', '--raw', '--subdir', 'DAGS_FOLDER/DAGWithPostgresOperator.py', '--cfg-path', '/tmp/tmpij2d08ak', '--error-file', '/tmp/tmpe9uid4eu']
[2022-07-31 00:10:00,334] {standard_task_runner.py:80} INFO - Job 1108: Subtask create_postgres_table
[2022-07-31 00:10:00,426] {task_command.py:369} INFO - Running <TaskInstance: dag_with_postgres_operator.create_postgres_table scheduled__2022-01-05T00:00:00+00:00 [running]> on host 66bf18ec08cc
[2022-07-31 00:10:00,530] {taskinstance.py:1571} INFO - Exporting the following env vars:
AIRFLOW_CTX_DAG_OWNER=yosr
AIRFLOW_CTX_DAG_ID=dag_with_postgres_operator
AIRFLOW_CTX_TASK_ID=create_postgres_table
AIRFLOW_CTX_EXECUTION_DATE=2022-01-05T00:00:00+00:00
AIRFLOW_CTX_TRY_NUMBER=1
AIRFLOW_CTX_DAG_RUN_ID=scheduled__2022-01-05T00:00:00+00:00
[2022-07-31 00:10:00,552] {base.py:68} INFO - Using connection ID 'postgres_localhost' for task execution.
[2022-07-31 00:10:00,554] {taskinstance.py:1889} ERROR - Task failed with exception
Traceback (most recent call last):
  File "/home/airflow/.local/lib/python3.7/site-packages/airflow/providers/postgres/operators/postgres.py", line 92, in execute
    self.hook.run(self.sql, self.autocommit, parameters=self.parameters)
  File "/home/airflow/.local/lib/python3.7/site-packages/airflow/hooks/dbapi.py", line 181, in run
    with closing(self.get_conn()) as conn:
  File "/home/airflow/.local/lib/python3.7/site-packages/airflow/providers/postgres/hooks/postgres.py", line 113, in get_conn
    self.conn = psycopg2.connect(**conn_args)
  File "/home/airflow/.local/lib/python3.7/site-packages/psycopg2/__init__.py", line 122, in connect
    conn = _connect(dsn, connection_factory=connection_factory, **kwasync)
psycopg2.OperationalError: could not translate host name "host.docker.local " to address: Name or service not known

[2022-07-31 00:10:00,574] {taskinstance.py:1400} INFO - Marking task as UP_FOR_RETRY. dag_id=dag_with_postgres_operator, task_id=create_postgres_table, execution_date=20220105T000000, start_date=20220731T001000, end_date=20220731T001000
[2022-07-31 00:10:00,595] {standard_task_runner.py:97} ERROR - Failed to execute job 1108 for task create_postgres_table (could not translate host name "host.docker.local " to address: Name or service not known
; 5645)
[2022-07-31 00:10:00,637] {local_task_job.py:156} INFO - Task exited with return code 1
[2022-07-31 00:10:00,737] {local_task_job.py:273} INFO - 0 downstream tasks scheduled from follow-on schedule check
[2022-07-31 11:03:25,679] {taskinstance.py:1159} INFO - Dependencies all met for <TaskInstance: dag_with_postgres_operator.create_postgres_table scheduled__2022-01-05T00:00:00+00:00 [queued]>
[2022-07-31 11:03:25,699] {taskinstance.py:1159} INFO - Dependencies all met for <TaskInstance: dag_with_postgres_operator.create_postgres_table scheduled__2022-01-05T00:00:00+00:00 [queued]>
[2022-07-31 11:03:25,699] {taskinstance.py:1356} INFO - 
--------------------------------------------------------------------------------
[2022-07-31 11:03:25,699] {taskinstance.py:1357} INFO - Starting attempt 1 of 6
[2022-07-31 11:03:25,699] {taskinstance.py:1358} INFO - 
--------------------------------------------------------------------------------
[2022-07-31 11:03:25,721] {taskinstance.py:1377} INFO - Executing <Task(PostgresOperator): create_postgres_table> on 2022-01-05 00:00:00+00:00
[2022-07-31 11:03:25,726] {standard_task_runner.py:52} INFO - Started process 4518 to run task
[2022-07-31 11:03:25,729] {standard_task_runner.py:79} INFO - Running: ['***', 'tasks', 'run', 'dag_with_postgres_operator', 'create_postgres_table', 'scheduled__2022-01-05T00:00:00+00:00', '--job-id', '1558', '--raw', '--subdir', 'DAGS_FOLDER/DAGWithPostgresOperator.py', '--cfg-path', '/tmp/tmpk3eitv8z', '--error-file', '/tmp/tmpl0892kyl']
[2022-07-31 11:03:25,730] {standard_task_runner.py:80} INFO - Job 1558: Subtask create_postgres_table
[2022-07-31 11:03:25,802] {task_command.py:369} INFO - Running <TaskInstance: dag_with_postgres_operator.create_postgres_table scheduled__2022-01-05T00:00:00+00:00 [running]> on host 66bf18ec08cc
[2022-07-31 11:03:25,907] {taskinstance.py:1571} INFO - Exporting the following env vars:
AIRFLOW_CTX_DAG_OWNER=yosr
AIRFLOW_CTX_DAG_ID=dag_with_postgres_operator
AIRFLOW_CTX_TASK_ID=create_postgres_table
AIRFLOW_CTX_EXECUTION_DATE=2022-01-05T00:00:00+00:00
AIRFLOW_CTX_TRY_NUMBER=1
AIRFLOW_CTX_DAG_RUN_ID=scheduled__2022-01-05T00:00:00+00:00
[2022-07-31 11:03:25,919] {base.py:68} INFO - Using connection ID 'postgres_localhost' for task execution.
[2022-07-31 11:03:25,921] {taskinstance.py:1889} ERROR - Task failed with exception
Traceback (most recent call last):
  File "/home/airflow/.local/lib/python3.7/site-packages/airflow/providers/postgres/operators/postgres.py", line 92, in execute
    self.hook.run(self.sql, self.autocommit, parameters=self.parameters)
  File "/home/airflow/.local/lib/python3.7/site-packages/airflow/hooks/dbapi.py", line 181, in run
    with closing(self.get_conn()) as conn:
  File "/home/airflow/.local/lib/python3.7/site-packages/airflow/providers/postgres/hooks/postgres.py", line 113, in get_conn
    self.conn = psycopg2.connect(**conn_args)
  File "/home/airflow/.local/lib/python3.7/site-packages/psycopg2/__init__.py", line 122, in connect
    conn = _connect(dsn, connection_factory=connection_factory, **kwasync)
psycopg2.OperationalError: could not translate host name "host.docker.internal " to address: Name or service not known

[2022-07-31 11:03:25,935] {taskinstance.py:1400} INFO - Marking task as UP_FOR_RETRY. dag_id=dag_with_postgres_operator, task_id=create_postgres_table, execution_date=20220105T000000, start_date=20220731T110325, end_date=20220731T110325
[2022-07-31 11:03:25,956] {standard_task_runner.py:97} ERROR - Failed to execute job 1558 for task create_postgres_table (could not translate host name "host.docker.internal " to address: Name or service not known
; 4518)
[2022-07-31 11:03:25,987] {local_task_job.py:156} INFO - Task exited with return code 1
[2022-07-31 11:03:26,033] {local_task_job.py:273} INFO - 0 downstream tasks scheduled from follow-on schedule check
[2022-07-31 13:35:06,559] {taskinstance.py:1159} INFO - Dependencies all met for <TaskInstance: dag_with_postgres_operator.create_postgres_table scheduled__2022-01-05T00:00:00+00:00 [queued]>
[2022-07-31 13:35:06,578] {taskinstance.py:1159} INFO - Dependencies all met for <TaskInstance: dag_with_postgres_operator.create_postgres_table scheduled__2022-01-05T00:00:00+00:00 [queued]>
[2022-07-31 13:35:06,578] {taskinstance.py:1356} INFO - 
--------------------------------------------------------------------------------
[2022-07-31 13:35:06,578] {taskinstance.py:1357} INFO - Starting attempt 1 of 6
[2022-07-31 13:35:06,578] {taskinstance.py:1358} INFO - 
--------------------------------------------------------------------------------
[2022-07-31 13:35:06,600] {taskinstance.py:1377} INFO - Executing <Task(PostgresOperator): create_postgres_table> on 2022-01-05 00:00:00+00:00
[2022-07-31 13:35:06,604] {standard_task_runner.py:52} INFO - Started process 2119 to run task
[2022-07-31 13:35:06,607] {standard_task_runner.py:79} INFO - Running: ['***', 'tasks', 'run', 'dag_with_postgres_operator', 'create_postgres_table', 'scheduled__2022-01-05T00:00:00+00:00', '--job-id', '100', '--raw', '--subdir', 'DAGS_FOLDER/DAGWithPostgresOperator.py', '--cfg-path', '/tmp/tmp73tvvcru', '--error-file', '/tmp/tmpuhmc_r_a']
[2022-07-31 13:35:06,607] {standard_task_runner.py:80} INFO - Job 100: Subtask create_postgres_table
[2022-07-31 13:35:06,681] {task_command.py:369} INFO - Running <TaskInstance: dag_with_postgres_operator.create_postgres_table scheduled__2022-01-05T00:00:00+00:00 [running]> on host 4688dd3b7141
[2022-07-31 13:35:06,806] {taskinstance.py:1571} INFO - Exporting the following env vars:
AIRFLOW_CTX_DAG_OWNER=yosr
AIRFLOW_CTX_DAG_ID=dag_with_postgres_operator
AIRFLOW_CTX_TASK_ID=create_postgres_table
AIRFLOW_CTX_EXECUTION_DATE=2022-01-05T00:00:00+00:00
AIRFLOW_CTX_TRY_NUMBER=1
AIRFLOW_CTX_DAG_RUN_ID=scheduled__2022-01-05T00:00:00+00:00
[2022-07-31 13:35:06,847] {taskinstance.py:1889} ERROR - Task failed with exception
Traceback (most recent call last):
  File "/home/airflow/.local/lib/python3.7/site-packages/airflow/providers/postgres/operators/postgres.py", line 92, in execute
    self.hook.run(self.sql, self.autocommit, parameters=self.parameters)
  File "/home/airflow/.local/lib/python3.7/site-packages/airflow/hooks/dbapi.py", line 181, in run
    with closing(self.get_conn()) as conn:
  File "/home/airflow/.local/lib/python3.7/site-packages/airflow/providers/postgres/hooks/postgres.py", line 86, in get_conn
    conn = deepcopy(self.connection or self.get_connection(conn_id))
  File "/home/airflow/.local/lib/python3.7/site-packages/airflow/hooks/base.py", line 67, in get_connection
    conn = Connection.get_connection_from_secrets(conn_id)
  File "/home/airflow/.local/lib/python3.7/site-packages/airflow/models/connection.py", line 430, in get_connection_from_secrets
    raise AirflowNotFoundException(f"The conn_id `{conn_id}` isn't defined")
airflow.exceptions.AirflowNotFoundException: The conn_id `postgres_localhost` isn't defined
[2022-07-31 13:35:06,853] {taskinstance.py:1400} INFO - Marking task as UP_FOR_RETRY. dag_id=dag_with_postgres_operator, task_id=create_postgres_table, execution_date=20220105T000000, start_date=20220731T133506, end_date=20220731T133506
[2022-07-31 13:35:06,871] {standard_task_runner.py:97} ERROR - Failed to execute job 100 for task create_postgres_table (The conn_id `postgres_localhost` isn't defined; 2119)
[2022-07-31 13:35:06,908] {local_task_job.py:156} INFO - Task exited with return code 1
[2022-07-31 13:35:06,979] {local_task_job.py:273} INFO - 0 downstream tasks scheduled from follow-on schedule check
