[2022-07-29 10:53:06,456] {taskinstance.py:1159} INFO - Dependencies all met for <TaskInstance: Second_one.first_task scheduled__2021-08-09T00:00:00+00:00 [queued]>
[2022-07-29 10:53:06,474] {taskinstance.py:1159} INFO - Dependencies all met for <TaskInstance: Second_one.first_task scheduled__2021-08-09T00:00:00+00:00 [queued]>
[2022-07-29 10:53:06,474] {taskinstance.py:1356} INFO - 
--------------------------------------------------------------------------------
[2022-07-29 10:53:06,474] {taskinstance.py:1357} INFO - Starting attempt 1 of 6
[2022-07-29 10:53:06,474] {taskinstance.py:1358} INFO - 
--------------------------------------------------------------------------------
[2022-07-29 10:53:06,500] {taskinstance.py:1377} INFO - Executing <Task(BashOperator): first_task> on 2021-08-09 00:00:00+00:00
[2022-07-29 10:53:06,506] {standard_task_runner.py:52} INFO - Started process 2324 to run task
[2022-07-29 10:53:06,510] {standard_task_runner.py:79} INFO - Running: ['***', 'tasks', 'run', 'Second_one', 'first_task', 'scheduled__2021-08-09T00:00:00+00:00', '--job-id', '13', '--raw', '--subdir', 'DAGS_FOLDER/Second_One.py', '--cfg-path', '/tmp/tmp47f4bsjg', '--error-file', '/tmp/tmpavs2p50v']
[2022-07-29 10:53:06,511] {standard_task_runner.py:80} INFO - Job 13: Subtask first_task
[2022-07-29 10:53:06,593] {task_command.py:369} INFO - Running <TaskInstance: Second_one.first_task scheduled__2021-08-09T00:00:00+00:00 [running]> on host 9f0f006fc89d
[2022-07-29 10:53:06,735] {taskinstance.py:1571} INFO - Exporting the following env vars:
AIRFLOW_CTX_DAG_OWNER=yosr
AIRFLOW_CTX_DAG_ID=Second_one
AIRFLOW_CTX_TASK_ID=first_task
AIRFLOW_CTX_EXECUTION_DATE=2021-08-09T00:00:00+00:00
AIRFLOW_CTX_TRY_NUMBER=1
AIRFLOW_CTX_DAG_RUN_ID=scheduled__2021-08-09T00:00:00+00:00
[2022-07-29 10:53:06,736] {subprocess.py:62} INFO - Tmp dir root location: 
 /tmp
[2022-07-29 10:53:06,737] {subprocess.py:74} INFO - Running command: ['bash', '-c', 'echo hello world']
[2022-07-29 10:53:06,751] {subprocess.py:85} INFO - Output:
[2022-07-29 10:53:06,753] {subprocess.py:92} INFO - hello world
[2022-07-29 10:53:06,754] {subprocess.py:96} INFO - Command exited with return code 0
[2022-07-29 10:53:06,803] {taskinstance.py:1400} INFO - Marking task as SUCCESS. dag_id=Second_one, task_id=first_task, execution_date=20210809T000000, start_date=20220729T105306, end_date=20220729T105306
[2022-07-29 10:53:06,852] {local_task_job.py:156} INFO - Task exited with return code 0
[2022-07-29 10:53:06,903] {local_task_job.py:273} INFO - 0 downstream tasks scheduled from follow-on schedule check
