[2022-07-29 10:54:51,729] {taskinstance.py:1159} INFO - Dependencies all met for <TaskInstance: Second_one.second_task scheduled__2021-12-14T00:00:00+00:00 [queued]>
[2022-07-29 10:54:51,746] {taskinstance.py:1159} INFO - Dependencies all met for <TaskInstance: Second_one.second_task scheduled__2021-12-14T00:00:00+00:00 [queued]>
[2022-07-29 10:54:51,747] {taskinstance.py:1356} INFO - 
--------------------------------------------------------------------------------
[2022-07-29 10:54:51,747] {taskinstance.py:1357} INFO - Starting attempt 1 of 6
[2022-07-29 10:54:51,747] {taskinstance.py:1358} INFO - 
--------------------------------------------------------------------------------
[2022-07-29 10:54:51,769] {taskinstance.py:1377} INFO - Executing <Task(BashOperator): second_task> on 2021-12-14 00:00:00+00:00
[2022-07-29 10:54:51,775] {standard_task_runner.py:52} INFO - Started process 2831 to run task
[2022-07-29 10:54:51,778] {standard_task_runner.py:79} INFO - Running: ['***', 'tasks', 'run', 'Second_one', 'second_task', 'scheduled__2021-12-14T00:00:00+00:00', '--job-id', '157', '--raw', '--subdir', 'DAGS_FOLDER/Second_One.py', '--cfg-path', '/tmp/tmpejclv5ac', '--error-file', '/tmp/tmpqrf1jkb5']
[2022-07-29 10:54:51,779] {standard_task_runner.py:80} INFO - Job 157: Subtask second_task
[2022-07-29 10:54:51,879] {task_command.py:369} INFO - Running <TaskInstance: Second_one.second_task scheduled__2021-12-14T00:00:00+00:00 [running]> on host 9f0f006fc89d
[2022-07-29 10:54:51,984] {taskinstance.py:1571} INFO - Exporting the following env vars:
AIRFLOW_CTX_DAG_OWNER=yosr
AIRFLOW_CTX_DAG_ID=Second_one
AIRFLOW_CTX_TASK_ID=second_task
AIRFLOW_CTX_EXECUTION_DATE=2021-12-14T00:00:00+00:00
AIRFLOW_CTX_TRY_NUMBER=1
AIRFLOW_CTX_DAG_RUN_ID=scheduled__2021-12-14T00:00:00+00:00
[2022-07-29 10:54:51,985] {subprocess.py:62} INFO - Tmp dir root location: 
 /tmp
[2022-07-29 10:54:51,986] {subprocess.py:74} INFO - Running command: ['bash', '-c', 'echo hello world']
[2022-07-29 10:54:51,998] {subprocess.py:85} INFO - Output:
[2022-07-29 10:54:52,001] {subprocess.py:92} INFO - hello world
[2022-07-29 10:54:52,002] {subprocess.py:96} INFO - Command exited with return code 0
[2022-07-29 10:54:52,056] {taskinstance.py:1400} INFO - Marking task as SUCCESS. dag_id=Second_one, task_id=second_task, execution_date=20211214T000000, start_date=20220729T105451, end_date=20220729T105452
[2022-07-29 10:54:52,119] {local_task_job.py:156} INFO - Task exited with return code 0
[2022-07-29 10:54:52,185] {local_task_job.py:273} INFO - 0 downstream tasks scheduled from follow-on schedule check
