[2022-07-30 20:10:10,654] {taskinstance.py:1159} INFO - Dependencies all met for <TaskInstance: dag_with_postgres_operator.create_postgres_table scheduled__2022-04-03T00:00:00+00:00 [queued]>
[2022-07-30 20:10:10,672] {taskinstance.py:1159} INFO - Dependencies all met for <TaskInstance: dag_with_postgres_operator.create_postgres_table scheduled__2022-04-03T00:00:00+00:00 [queued]>
[2022-07-30 20:10:10,672] {taskinstance.py:1356} INFO - 
--------------------------------------------------------------------------------
[2022-07-30 20:10:10,674] {taskinstance.py:1357} INFO - Starting attempt 1 of 6
[2022-07-30 20:10:10,674] {taskinstance.py:1358} INFO - 
--------------------------------------------------------------------------------
[2022-07-30 20:10:10,703] {taskinstance.py:1377} INFO - Executing <Task(PostgresOperator): create_postgres_table> on 2022-04-03 00:00:00+00:00
[2022-07-30 20:10:10,709] {standard_task_runner.py:52} INFO - Started process 8521 to run task
[2022-07-30 20:10:10,714] {standard_task_runner.py:79} INFO - Running: ['***', 'tasks', 'run', 'dag_with_postgres_operator', 'create_postgres_table', 'scheduled__2022-04-03T00:00:00+00:00', '--job-id', '588', '--raw', '--subdir', 'DAGS_FOLDER/DAGWithPostgresOperator.py', '--cfg-path', '/tmp/tmpi2m0j5m9', '--error-file', '/tmp/tmp4toljh6q']
[2022-07-30 20:10:10,715] {standard_task_runner.py:80} INFO - Job 588: Subtask create_postgres_table
[2022-07-30 20:10:10,803] {task_command.py:369} INFO - Running <TaskInstance: dag_with_postgres_operator.create_postgres_table scheduled__2022-04-03T00:00:00+00:00 [running]> on host 66bf18ec08cc
[2022-07-30 20:10:10,909] {taskinstance.py:1571} INFO - Exporting the following env vars:
AIRFLOW_CTX_DAG_OWNER=yosr
AIRFLOW_CTX_DAG_ID=dag_with_postgres_operator
AIRFLOW_CTX_TASK_ID=create_postgres_table
AIRFLOW_CTX_EXECUTION_DATE=2022-04-03T00:00:00+00:00
AIRFLOW_CTX_TRY_NUMBER=1
AIRFLOW_CTX_DAG_RUN_ID=scheduled__2022-04-03T00:00:00+00:00
[2022-07-30 20:10:10,925] {base.py:68} INFO - Using connection ID 'postgres_localhost' for task execution.
[2022-07-30 20:10:10,926] {taskinstance.py:1889} ERROR - Task failed with exception
Traceback (most recent call last):
  File "/home/airflow/.local/lib/python3.7/site-packages/airflow/providers/postgres/operators/postgres.py", line 92, in execute
    self.hook.run(self.sql, self.autocommit, parameters=self.parameters)
  File "/home/airflow/.local/lib/python3.7/site-packages/airflow/hooks/dbapi.py", line 181, in run
    with closing(self.get_conn()) as conn:
  File "/home/airflow/.local/lib/python3.7/site-packages/airflow/providers/postgres/hooks/postgres.py", line 113, in get_conn
    self.conn = psycopg2.connect(**conn_args)
  File "/home/airflow/.local/lib/python3.7/site-packages/psycopg2/__init__.py", line 122, in connect
    conn = _connect(dsn, connection_factory=connection_factory, **kwasync)
psycopg2.OperationalError: could not translate host name "host.docker.internal " to address: Name or service not known

[2022-07-30 20:10:10,940] {taskinstance.py:1400} INFO - Marking task as UP_FOR_RETRY. dag_id=dag_with_postgres_operator, task_id=create_postgres_table, execution_date=20220403T000000, start_date=20220730T201010, end_date=20220730T201010
[2022-07-30 20:10:10,959] {standard_task_runner.py:97} ERROR - Failed to execute job 588 for task create_postgres_table (could not translate host name "host.docker.internal " to address: Name or service not known
; 8521)
[2022-07-30 20:10:10,980] {local_task_job.py:156} INFO - Task exited with return code 1
[2022-07-30 20:10:11,045] {local_task_job.py:273} INFO - 0 downstream tasks scheduled from follow-on schedule check
