[2022-07-29 10:54:43,126] {taskinstance.py:1159} INFO - Dependencies all met for <TaskInstance: Second_one.second_task scheduled__2021-12-03T00:00:00+00:00 [queued]>
[2022-07-29 10:54:43,146] {taskinstance.py:1159} INFO - Dependencies all met for <TaskInstance: Second_one.second_task scheduled__2021-12-03T00:00:00+00:00 [queued]>
[2022-07-29 10:54:43,147] {taskinstance.py:1356} INFO - 
--------------------------------------------------------------------------------
[2022-07-29 10:54:43,147] {taskinstance.py:1357} INFO - Starting attempt 1 of 6
[2022-07-29 10:54:43,147] {taskinstance.py:1358} INFO - 
--------------------------------------------------------------------------------
[2022-07-29 10:54:43,177] {taskinstance.py:1377} INFO - Executing <Task(BashOperator): second_task> on 2021-12-03 00:00:00+00:00
[2022-07-29 10:54:43,192] {standard_task_runner.py:52} INFO - Started process 2767 to run task
[2022-07-29 10:54:43,196] {standard_task_runner.py:79} INFO - Running: ['***', 'tasks', 'run', 'Second_one', 'second_task', 'scheduled__2021-12-03T00:00:00+00:00', '--job-id', '136', '--raw', '--subdir', 'DAGS_FOLDER/Second_One.py', '--cfg-path', '/tmp/tmpw15tep9h', '--error-file', '/tmp/tmp9b986zo6']
[2022-07-29 10:54:43,197] {standard_task_runner.py:80} INFO - Job 136: Subtask second_task
[2022-07-29 10:54:43,385] {task_command.py:369} INFO - Running <TaskInstance: Second_one.second_task scheduled__2021-12-03T00:00:00+00:00 [running]> on host 9f0f006fc89d
[2022-07-29 10:54:43,561] {taskinstance.py:1571} INFO - Exporting the following env vars:
AIRFLOW_CTX_DAG_OWNER=yosr
AIRFLOW_CTX_DAG_ID=Second_one
AIRFLOW_CTX_TASK_ID=second_task
AIRFLOW_CTX_EXECUTION_DATE=2021-12-03T00:00:00+00:00
AIRFLOW_CTX_TRY_NUMBER=1
AIRFLOW_CTX_DAG_RUN_ID=scheduled__2021-12-03T00:00:00+00:00
[2022-07-29 10:54:43,565] {subprocess.py:62} INFO - Tmp dir root location: 
 /tmp
[2022-07-29 10:54:43,566] {subprocess.py:74} INFO - Running command: ['bash', '-c', 'echo hello world']
[2022-07-29 10:54:43,600] {subprocess.py:85} INFO - Output:
[2022-07-29 10:54:43,608] {subprocess.py:92} INFO - hello world
[2022-07-29 10:54:43,610] {subprocess.py:96} INFO - Command exited with return code 0
[2022-07-29 10:54:43,680] {taskinstance.py:1400} INFO - Marking task as SUCCESS. dag_id=Second_one, task_id=second_task, execution_date=20211203T000000, start_date=20220729T105443, end_date=20220729T105443
[2022-07-29 10:54:43,765] {local_task_job.py:156} INFO - Task exited with return code 0
[2022-07-29 10:54:43,833] {local_task_job.py:273} INFO - 0 downstream tasks scheduled from follow-on schedule check
