[2022-07-30 18:29:01,907] {taskinstance.py:1159} INFO - Dependencies all met for <TaskInstance: dag_with_postgres_operator.create_postgres_table scheduled__2022-01-29T00:00:00+00:00 [queued]>
[2022-07-30 18:29:01,923] {taskinstance.py:1159} INFO - Dependencies all met for <TaskInstance: dag_with_postgres_operator.create_postgres_table scheduled__2022-01-29T00:00:00+00:00 [queued]>
[2022-07-30 18:29:01,923] {taskinstance.py:1356} INFO - 
--------------------------------------------------------------------------------
[2022-07-30 18:29:01,923] {taskinstance.py:1357} INFO - Starting attempt 1 of 6
[2022-07-30 18:29:01,923] {taskinstance.py:1358} INFO - 
--------------------------------------------------------------------------------
[2022-07-30 18:29:01,958] {taskinstance.py:1377} INFO - Executing <Task(PostgresOperator): create_postgres_table> on 2022-01-29 00:00:00+00:00
[2022-07-30 18:29:01,964] {standard_task_runner.py:52} INFO - Started process 3106 to run task
[2022-07-30 18:29:01,983] {standard_task_runner.py:79} INFO - Running: ['***', 'tasks', 'run', 'dag_with_postgres_operator', 'create_postgres_table', 'scheduled__2022-01-29T00:00:00+00:00', '--job-id', '204', '--raw', '--subdir', 'DAGS_FOLDER/DAGWithPostgresOperator.py', '--cfg-path', '/tmp/tmp8001oyze', '--error-file', '/tmp/tmpj5x2ff0r']
[2022-07-30 18:29:01,984] {standard_task_runner.py:80} INFO - Job 204: Subtask create_postgres_table
[2022-07-30 18:29:02,086] {task_command.py:369} INFO - Running <TaskInstance: dag_with_postgres_operator.create_postgres_table scheduled__2022-01-29T00:00:00+00:00 [running]> on host 66bf18ec08cc
[2022-07-30 18:29:02,203] {taskinstance.py:1571} INFO - Exporting the following env vars:
AIRFLOW_CTX_DAG_OWNER=yosr
AIRFLOW_CTX_DAG_ID=dag_with_postgres_operator
AIRFLOW_CTX_TASK_ID=create_postgres_table
AIRFLOW_CTX_EXECUTION_DATE=2022-01-29T00:00:00+00:00
AIRFLOW_CTX_TRY_NUMBER=1
AIRFLOW_CTX_DAG_RUN_ID=scheduled__2022-01-29T00:00:00+00:00
[2022-07-30 18:29:02,223] {base.py:68} INFO - Using connection ID 'postgres_localhost' for task execution.
[2022-07-30 18:29:02,224] {taskinstance.py:1889} ERROR - Task failed with exception
Traceback (most recent call last):
  File "/home/airflow/.local/lib/python3.7/site-packages/airflow/providers/postgres/operators/postgres.py", line 92, in execute
    self.hook.run(self.sql, self.autocommit, parameters=self.parameters)
  File "/home/airflow/.local/lib/python3.7/site-packages/airflow/hooks/dbapi.py", line 181, in run
    with closing(self.get_conn()) as conn:
  File "/home/airflow/.local/lib/python3.7/site-packages/airflow/providers/postgres/hooks/postgres.py", line 113, in get_conn
    self.conn = psycopg2.connect(**conn_args)
  File "/home/airflow/.local/lib/python3.7/site-packages/psycopg2/__init__.py", line 122, in connect
    conn = _connect(dsn, connection_factory=connection_factory, **kwasync)
psycopg2.OperationalError: could not translate host name "host.docker.internal " to address: Name or service not known

[2022-07-30 18:29:02,238] {taskinstance.py:1400} INFO - Marking task as UP_FOR_RETRY. dag_id=dag_with_postgres_operator, task_id=create_postgres_table, execution_date=20220129T000000, start_date=20220730T182901, end_date=20220730T182902
[2022-07-30 18:29:02,256] {standard_task_runner.py:97} ERROR - Failed to execute job 204 for task create_postgres_table (could not translate host name "host.docker.internal " to address: Name or service not known
; 3106)
[2022-07-30 18:29:02,286] {local_task_job.py:156} INFO - Task exited with return code 1
[2022-07-30 18:29:02,357] {local_task_job.py:273} INFO - 0 downstream tasks scheduled from follow-on schedule check
[2022-07-31 00:35:19,167] {taskinstance.py:1159} INFO - Dependencies all met for <TaskInstance: dag_with_postgres_operator.create_postgres_table scheduled__2022-01-29T00:00:00+00:00 [queued]>
[2022-07-31 00:35:19,184] {taskinstance.py:1159} INFO - Dependencies all met for <TaskInstance: dag_with_postgres_operator.create_postgres_table scheduled__2022-01-29T00:00:00+00:00 [queued]>
[2022-07-31 00:35:19,185] {taskinstance.py:1356} INFO - 
--------------------------------------------------------------------------------
[2022-07-31 00:35:19,185] {taskinstance.py:1357} INFO - Starting attempt 1 of 6
[2022-07-31 00:35:19,185] {taskinstance.py:1358} INFO - 
--------------------------------------------------------------------------------
[2022-07-31 00:35:19,208] {taskinstance.py:1377} INFO - Executing <Task(PostgresOperator): create_postgres_table> on 2022-01-29 00:00:00+00:00
[2022-07-31 00:35:19,214] {standard_task_runner.py:52} INFO - Started process 7029 to run task
[2022-07-31 00:35:19,217] {standard_task_runner.py:79} INFO - Running: ['***', 'tasks', 'run', 'dag_with_postgres_operator', 'create_postgres_table', 'scheduled__2022-01-29T00:00:00+00:00', '--job-id', '1212', '--raw', '--subdir', 'DAGS_FOLDER/DAGWithPostgresOperator.py', '--cfg-path', '/tmp/tmpy3ehzyei', '--error-file', '/tmp/tmpwzy4tx0k']
[2022-07-31 00:35:19,218] {standard_task_runner.py:80} INFO - Job 1212: Subtask create_postgres_table
[2022-07-31 00:35:19,285] {task_command.py:369} INFO - Running <TaskInstance: dag_with_postgres_operator.create_postgres_table scheduled__2022-01-29T00:00:00+00:00 [running]> on host 66bf18ec08cc
[2022-07-31 00:35:19,396] {taskinstance.py:1571} INFO - Exporting the following env vars:
AIRFLOW_CTX_DAG_OWNER=yosr
AIRFLOW_CTX_DAG_ID=dag_with_postgres_operator
AIRFLOW_CTX_TASK_ID=create_postgres_table
AIRFLOW_CTX_EXECUTION_DATE=2022-01-29T00:00:00+00:00
AIRFLOW_CTX_TRY_NUMBER=1
AIRFLOW_CTX_DAG_RUN_ID=scheduled__2022-01-29T00:00:00+00:00
[2022-07-31 00:35:19,411] {base.py:68} INFO - Using connection ID 'postgres_localhost' for task execution.
[2022-07-31 00:35:19,412] {taskinstance.py:1889} ERROR - Task failed with exception
Traceback (most recent call last):
  File "/home/airflow/.local/lib/python3.7/site-packages/airflow/providers/postgres/operators/postgres.py", line 92, in execute
    self.hook.run(self.sql, self.autocommit, parameters=self.parameters)
  File "/home/airflow/.local/lib/python3.7/site-packages/airflow/hooks/dbapi.py", line 181, in run
    with closing(self.get_conn()) as conn:
  File "/home/airflow/.local/lib/python3.7/site-packages/airflow/providers/postgres/hooks/postgres.py", line 113, in get_conn
    self.conn = psycopg2.connect(**conn_args)
  File "/home/airflow/.local/lib/python3.7/site-packages/psycopg2/__init__.py", line 122, in connect
    conn = _connect(dsn, connection_factory=connection_factory, **kwasync)
psycopg2.OperationalError: could not translate host name "host.docker.local " to address: Name or service not known

[2022-07-31 00:35:19,432] {taskinstance.py:1400} INFO - Marking task as UP_FOR_RETRY. dag_id=dag_with_postgres_operator, task_id=create_postgres_table, execution_date=20220129T000000, start_date=20220731T003519, end_date=20220731T003519
[2022-07-31 00:35:19,450] {standard_task_runner.py:97} ERROR - Failed to execute job 1212 for task create_postgres_table (could not translate host name "host.docker.local " to address: Name or service not known
; 7029)
[2022-07-31 00:35:19,477] {local_task_job.py:156} INFO - Task exited with return code 1
[2022-07-31 00:35:19,532] {local_task_job.py:273} INFO - 0 downstream tasks scheduled from follow-on schedule check
[2022-07-31 11:30:28,156] {taskinstance.py:1159} INFO - Dependencies all met for <TaskInstance: dag_with_postgres_operator.create_postgres_table scheduled__2022-01-29T00:00:00+00:00 [queued]>
[2022-07-31 11:30:28,172] {taskinstance.py:1159} INFO - Dependencies all met for <TaskInstance: dag_with_postgres_operator.create_postgres_table scheduled__2022-01-29T00:00:00+00:00 [queued]>
[2022-07-31 11:30:28,172] {taskinstance.py:1356} INFO - 
--------------------------------------------------------------------------------
[2022-07-31 11:30:28,172] {taskinstance.py:1357} INFO - Starting attempt 1 of 6
[2022-07-31 11:30:28,172] {taskinstance.py:1358} INFO - 
--------------------------------------------------------------------------------
[2022-07-31 11:30:28,190] {taskinstance.py:1377} INFO - Executing <Task(PostgresOperator): create_postgres_table> on 2022-01-29 00:00:00+00:00
[2022-07-31 11:30:28,194] {standard_task_runner.py:52} INFO - Started process 5982 to run task
[2022-07-31 11:30:28,197] {standard_task_runner.py:79} INFO - Running: ['***', 'tasks', 'run', 'dag_with_postgres_operator', 'create_postgres_table', 'scheduled__2022-01-29T00:00:00+00:00', '--job-id', '1663', '--raw', '--subdir', 'DAGS_FOLDER/DAGWithPostgresOperator.py', '--cfg-path', '/tmp/tmpd58678b8', '--error-file', '/tmp/tmp4xiha660']
[2022-07-31 11:30:28,198] {standard_task_runner.py:80} INFO - Job 1663: Subtask create_postgres_table
[2022-07-31 11:30:28,263] {task_command.py:369} INFO - Running <TaskInstance: dag_with_postgres_operator.create_postgres_table scheduled__2022-01-29T00:00:00+00:00 [running]> on host 66bf18ec08cc
[2022-07-31 11:30:28,365] {taskinstance.py:1571} INFO - Exporting the following env vars:
AIRFLOW_CTX_DAG_OWNER=yosr
AIRFLOW_CTX_DAG_ID=dag_with_postgres_operator
AIRFLOW_CTX_TASK_ID=create_postgres_table
AIRFLOW_CTX_EXECUTION_DATE=2022-01-29T00:00:00+00:00
AIRFLOW_CTX_TRY_NUMBER=1
AIRFLOW_CTX_DAG_RUN_ID=scheduled__2022-01-29T00:00:00+00:00
[2022-07-31 11:30:28,379] {base.py:68} INFO - Using connection ID 'postgres_localhost' for task execution.
[2022-07-31 11:30:49,905] {taskinstance.py:1889} ERROR - Task failed with exception
Traceback (most recent call last):
  File "/home/airflow/.local/lib/python3.7/site-packages/airflow/providers/postgres/operators/postgres.py", line 92, in execute
    self.hook.run(self.sql, self.autocommit, parameters=self.parameters)
  File "/home/airflow/.local/lib/python3.7/site-packages/airflow/hooks/dbapi.py", line 181, in run
    with closing(self.get_conn()) as conn:
  File "/home/airflow/.local/lib/python3.7/site-packages/airflow/providers/postgres/hooks/postgres.py", line 113, in get_conn
    self.conn = psycopg2.connect(**conn_args)
  File "/home/airflow/.local/lib/python3.7/site-packages/psycopg2/__init__.py", line 122, in connect
    conn = _connect(dsn, connection_factory=connection_factory, **kwasync)
psycopg2.OperationalError: could not translate host name "host.docker.internal" to address: No address associated with hostname

[2022-07-31 11:30:49,919] {taskinstance.py:1400} INFO - Marking task as UP_FOR_RETRY. dag_id=dag_with_postgres_operator, task_id=create_postgres_table, execution_date=20220129T000000, start_date=20220731T113028, end_date=20220731T113049
[2022-07-31 11:30:49,934] {standard_task_runner.py:97} ERROR - Failed to execute job 1663 for task create_postgres_table (could not translate host name "host.docker.internal" to address: No address associated with hostname
; 5982)
[2022-07-31 11:30:49,979] {local_task_job.py:156} INFO - Task exited with return code 1
[2022-07-31 11:30:50,012] {local_task_job.py:273} INFO - 0 downstream tasks scheduled from follow-on schedule check
[2022-07-31 14:00:24,201] {taskinstance.py:1159} INFO - Dependencies all met for <TaskInstance: dag_with_postgres_operator.create_postgres_table scheduled__2022-01-29T00:00:00+00:00 [queued]>
[2022-07-31 14:00:24,215] {taskinstance.py:1159} INFO - Dependencies all met for <TaskInstance: dag_with_postgres_operator.create_postgres_table scheduled__2022-01-29T00:00:00+00:00 [queued]>
[2022-07-31 14:00:24,215] {taskinstance.py:1356} INFO - 
--------------------------------------------------------------------------------
[2022-07-31 14:00:24,215] {taskinstance.py:1357} INFO - Starting attempt 1 of 6
[2022-07-31 14:00:24,215] {taskinstance.py:1358} INFO - 
--------------------------------------------------------------------------------
[2022-07-31 14:00:24,235] {taskinstance.py:1377} INFO - Executing <Task(PostgresOperator): create_postgres_table> on 2022-01-29 00:00:00+00:00
[2022-07-31 14:00:24,239] {standard_task_runner.py:52} INFO - Started process 3499 to run task
[2022-07-31 14:00:24,242] {standard_task_runner.py:79} INFO - Running: ['***', 'tasks', 'run', 'dag_with_postgres_operator', 'create_postgres_table', 'scheduled__2022-01-29T00:00:00+00:00', '--job-id', '204', '--raw', '--subdir', 'DAGS_FOLDER/DAGWithPostgresOperator.py', '--cfg-path', '/tmp/tmpijjstlub', '--error-file', '/tmp/tmpy8uxz0z2']
[2022-07-31 14:00:24,243] {standard_task_runner.py:80} INFO - Job 204: Subtask create_postgres_table
[2022-07-31 14:00:24,332] {task_command.py:369} INFO - Running <TaskInstance: dag_with_postgres_operator.create_postgres_table scheduled__2022-01-29T00:00:00+00:00 [running]> on host 4688dd3b7141
[2022-07-31 14:00:24,454] {taskinstance.py:1571} INFO - Exporting the following env vars:
AIRFLOW_CTX_DAG_OWNER=yosr
AIRFLOW_CTX_DAG_ID=dag_with_postgres_operator
AIRFLOW_CTX_TASK_ID=create_postgres_table
AIRFLOW_CTX_EXECUTION_DATE=2022-01-29T00:00:00+00:00
AIRFLOW_CTX_TRY_NUMBER=1
AIRFLOW_CTX_DAG_RUN_ID=scheduled__2022-01-29T00:00:00+00:00
[2022-07-31 14:00:24,534] {taskinstance.py:1889} ERROR - Task failed with exception
Traceback (most recent call last):
  File "/home/airflow/.local/lib/python3.7/site-packages/airflow/providers/postgres/operators/postgres.py", line 92, in execute
    self.hook.run(self.sql, self.autocommit, parameters=self.parameters)
  File "/home/airflow/.local/lib/python3.7/site-packages/airflow/hooks/dbapi.py", line 181, in run
    with closing(self.get_conn()) as conn:
  File "/home/airflow/.local/lib/python3.7/site-packages/airflow/providers/postgres/hooks/postgres.py", line 86, in get_conn
    conn = deepcopy(self.connection or self.get_connection(conn_id))
  File "/home/airflow/.local/lib/python3.7/site-packages/airflow/hooks/base.py", line 67, in get_connection
    conn = Connection.get_connection_from_secrets(conn_id)
  File "/home/airflow/.local/lib/python3.7/site-packages/airflow/models/connection.py", line 430, in get_connection_from_secrets
    raise AirflowNotFoundException(f"The conn_id `{conn_id}` isn't defined")
airflow.exceptions.AirflowNotFoundException: The conn_id `postgres_localhost` isn't defined
[2022-07-31 14:00:24,538] {taskinstance.py:1400} INFO - Marking task as UP_FOR_RETRY. dag_id=dag_with_postgres_operator, task_id=create_postgres_table, execution_date=20220129T000000, start_date=20220731T140024, end_date=20220731T140024
[2022-07-31 14:00:24,558] {standard_task_runner.py:97} ERROR - Failed to execute job 204 for task create_postgres_table (The conn_id `postgres_localhost` isn't defined; 3499)
[2022-07-31 14:00:24,582] {local_task_job.py:156} INFO - Task exited with return code 1
[2022-07-31 14:00:24,632] {local_task_job.py:273} INFO - 0 downstream tasks scheduled from follow-on schedule check
