[2022-07-30 18:49:07,586] {taskinstance.py:1159} INFO - Dependencies all met for <TaskInstance: dag_with_postgres_operator.create_postgres_table scheduled__2022-01-29T00:00:00+00:00 [queued]>
[2022-07-30 18:49:07,603] {taskinstance.py:1159} INFO - Dependencies all met for <TaskInstance: dag_with_postgres_operator.create_postgres_table scheduled__2022-01-29T00:00:00+00:00 [queued]>
[2022-07-30 18:49:07,604] {taskinstance.py:1356} INFO - 
--------------------------------------------------------------------------------
[2022-07-30 18:49:07,604] {taskinstance.py:1357} INFO - Starting attempt 5 of 6
[2022-07-30 18:49:07,604] {taskinstance.py:1358} INFO - 
--------------------------------------------------------------------------------
[2022-07-30 18:49:07,624] {taskinstance.py:1377} INFO - Executing <Task(PostgresOperator): create_postgres_table> on 2022-01-29 00:00:00+00:00
[2022-07-30 18:49:07,630] {standard_task_runner.py:52} INFO - Started process 4161 to run task
[2022-07-30 18:49:07,635] {standard_task_runner.py:79} INFO - Running: ['***', 'tasks', 'run', 'dag_with_postgres_operator', 'create_postgres_table', 'scheduled__2022-01-29T00:00:00+00:00', '--job-id', '268', '--raw', '--subdir', 'DAGS_FOLDER/DAGWithPostgresOperator.py', '--cfg-path', '/tmp/tmp4xe992he', '--error-file', '/tmp/tmp80w2s6v1']
[2022-07-30 18:49:07,636] {standard_task_runner.py:80} INFO - Job 268: Subtask create_postgres_table
[2022-07-30 18:49:07,735] {task_command.py:369} INFO - Running <TaskInstance: dag_with_postgres_operator.create_postgres_table scheduled__2022-01-29T00:00:00+00:00 [running]> on host 66bf18ec08cc
[2022-07-30 18:49:07,861] {taskinstance.py:1571} INFO - Exporting the following env vars:
AIRFLOW_CTX_DAG_OWNER=yosr
AIRFLOW_CTX_DAG_ID=dag_with_postgres_operator
AIRFLOW_CTX_TASK_ID=create_postgres_table
AIRFLOW_CTX_EXECUTION_DATE=2022-01-29T00:00:00+00:00
AIRFLOW_CTX_TRY_NUMBER=5
AIRFLOW_CTX_DAG_RUN_ID=scheduled__2022-01-29T00:00:00+00:00
[2022-07-30 18:49:07,879] {base.py:68} INFO - Using connection ID 'postgres_localhost' for task execution.
[2022-07-30 18:49:07,882] {taskinstance.py:1889} ERROR - Task failed with exception
Traceback (most recent call last):
  File "/home/airflow/.local/lib/python3.7/site-packages/airflow/providers/postgres/operators/postgres.py", line 92, in execute
    self.hook.run(self.sql, self.autocommit, parameters=self.parameters)
  File "/home/airflow/.local/lib/python3.7/site-packages/airflow/hooks/dbapi.py", line 181, in run
    with closing(self.get_conn()) as conn:
  File "/home/airflow/.local/lib/python3.7/site-packages/airflow/providers/postgres/hooks/postgres.py", line 113, in get_conn
    self.conn = psycopg2.connect(**conn_args)
  File "/home/airflow/.local/lib/python3.7/site-packages/psycopg2/__init__.py", line 122, in connect
    conn = _connect(dsn, connection_factory=connection_factory, **kwasync)
psycopg2.OperationalError: could not translate host name "host.docker.internal " to address: Name or service not known

[2022-07-30 18:49:07,909] {taskinstance.py:1400} INFO - Marking task as UP_FOR_RETRY. dag_id=dag_with_postgres_operator, task_id=create_postgres_table, execution_date=20220129T000000, start_date=20220730T184907, end_date=20220730T184907
[2022-07-30 18:49:07,941] {standard_task_runner.py:97} ERROR - Failed to execute job 268 for task create_postgres_table (could not translate host name "host.docker.internal " to address: Name or service not known
; 4161)
[2022-07-30 18:49:07,976] {local_task_job.py:156} INFO - Task exited with return code 1
[2022-07-30 18:49:08,100] {local_task_job.py:273} INFO - 0 downstream tasks scheduled from follow-on schedule check
[2022-07-31 09:51:10,266] {taskinstance.py:1159} INFO - Dependencies all met for <TaskInstance: dag_with_postgres_operator.create_postgres_table scheduled__2022-01-29T00:00:00+00:00 [queued]>
[2022-07-31 09:51:10,314] {taskinstance.py:1159} INFO - Dependencies all met for <TaskInstance: dag_with_postgres_operator.create_postgres_table scheduled__2022-01-29T00:00:00+00:00 [queued]>
[2022-07-31 09:51:10,314] {taskinstance.py:1356} INFO - 
--------------------------------------------------------------------------------
[2022-07-31 09:51:10,314] {taskinstance.py:1357} INFO - Starting attempt 5 of 6
[2022-07-31 09:51:10,314] {taskinstance.py:1358} INFO - 
--------------------------------------------------------------------------------
[2022-07-31 09:51:10,373] {taskinstance.py:1377} INFO - Executing <Task(PostgresOperator): create_postgres_table> on 2022-01-29 00:00:00+00:00
[2022-07-31 09:51:10,380] {standard_task_runner.py:52} INFO - Started process 639 to run task
[2022-07-31 09:51:10,412] {standard_task_runner.py:79} INFO - Running: ['***', 'tasks', 'run', 'dag_with_postgres_operator', 'create_postgres_table', 'scheduled__2022-01-29T00:00:00+00:00', '--job-id', '1282', '--raw', '--subdir', 'DAGS_FOLDER/DAGWithPostgresOperator.py', '--cfg-path', '/tmp/tmpjg2jp1wr', '--error-file', '/tmp/tmp_jip1t24']
[2022-07-31 09:51:10,413] {standard_task_runner.py:80} INFO - Job 1282: Subtask create_postgres_table
[2022-07-31 09:51:10,970] {task_command.py:369} INFO - Running <TaskInstance: dag_with_postgres_operator.create_postgres_table scheduled__2022-01-29T00:00:00+00:00 [running]> on host 66bf18ec08cc
[2022-07-31 09:51:11,356] {taskinstance.py:1571} INFO - Exporting the following env vars:
AIRFLOW_CTX_DAG_OWNER=yosr
AIRFLOW_CTX_DAG_ID=dag_with_postgres_operator
AIRFLOW_CTX_TASK_ID=create_postgres_table
AIRFLOW_CTX_EXECUTION_DATE=2022-01-29T00:00:00+00:00
AIRFLOW_CTX_TRY_NUMBER=5
AIRFLOW_CTX_DAG_RUN_ID=scheduled__2022-01-29T00:00:00+00:00
[2022-07-31 09:51:11,406] {base.py:68} INFO - Using connection ID 'postgres_localhost' for task execution.
[2022-07-31 09:51:11,407] {taskinstance.py:1889} ERROR - Task failed with exception
Traceback (most recent call last):
  File "/home/airflow/.local/lib/python3.7/site-packages/airflow/providers/postgres/operators/postgres.py", line 92, in execute
    self.hook.run(self.sql, self.autocommit, parameters=self.parameters)
  File "/home/airflow/.local/lib/python3.7/site-packages/airflow/hooks/dbapi.py", line 181, in run
    with closing(self.get_conn()) as conn:
  File "/home/airflow/.local/lib/python3.7/site-packages/airflow/providers/postgres/hooks/postgres.py", line 113, in get_conn
    self.conn = psycopg2.connect(**conn_args)
  File "/home/airflow/.local/lib/python3.7/site-packages/psycopg2/__init__.py", line 122, in connect
    conn = _connect(dsn, connection_factory=connection_factory, **kwasync)
psycopg2.OperationalError: could not translate host name "host.docker.local " to address: Name or service not known

[2022-07-31 09:51:11,450] {taskinstance.py:1400} INFO - Marking task as UP_FOR_RETRY. dag_id=dag_with_postgres_operator, task_id=create_postgres_table, execution_date=20220129T000000, start_date=20220731T095110, end_date=20220731T095111
[2022-07-31 09:51:11,487] {standard_task_runner.py:97} ERROR - Failed to execute job 1282 for task create_postgres_table (could not translate host name "host.docker.local " to address: Name or service not known
; 639)
[2022-07-31 09:51:11,524] {local_task_job.py:156} INFO - Task exited with return code 1
[2022-07-31 09:51:11,655] {local_task_job.py:273} INFO - 0 downstream tasks scheduled from follow-on schedule check
[2022-07-31 14:20:28,036] {taskinstance.py:1159} INFO - Dependencies all met for <TaskInstance: dag_with_postgres_operator.create_postgres_table scheduled__2022-01-29T00:00:00+00:00 [queued]>
[2022-07-31 14:20:28,054] {taskinstance.py:1159} INFO - Dependencies all met for <TaskInstance: dag_with_postgres_operator.create_postgres_table scheduled__2022-01-29T00:00:00+00:00 [queued]>
[2022-07-31 14:20:28,054] {taskinstance.py:1356} INFO - 
--------------------------------------------------------------------------------
[2022-07-31 14:20:28,054] {taskinstance.py:1357} INFO - Starting attempt 5 of 6
[2022-07-31 14:20:28,054] {taskinstance.py:1358} INFO - 
--------------------------------------------------------------------------------
[2022-07-31 14:20:28,081] {taskinstance.py:1377} INFO - Executing <Task(PostgresOperator): create_postgres_table> on 2022-01-29 00:00:00+00:00
[2022-07-31 14:20:28,087] {standard_task_runner.py:52} INFO - Started process 4558 to run task
[2022-07-31 14:20:28,092] {standard_task_runner.py:79} INFO - Running: ['***', 'tasks', 'run', 'dag_with_postgres_operator', 'create_postgres_table', 'scheduled__2022-01-29T00:00:00+00:00', '--job-id', '267', '--raw', '--subdir', 'DAGS_FOLDER/DAGWithPostgresOperator.py', '--cfg-path', '/tmp/tmpe4745l1b', '--error-file', '/tmp/tmpwx4kmqju']
[2022-07-31 14:20:28,092] {standard_task_runner.py:80} INFO - Job 267: Subtask create_postgres_table
[2022-07-31 14:20:28,180] {task_command.py:369} INFO - Running <TaskInstance: dag_with_postgres_operator.create_postgres_table scheduled__2022-01-29T00:00:00+00:00 [running]> on host 4688dd3b7141
[2022-07-31 14:20:28,296] {taskinstance.py:1571} INFO - Exporting the following env vars:
AIRFLOW_CTX_DAG_OWNER=yosr
AIRFLOW_CTX_DAG_ID=dag_with_postgres_operator
AIRFLOW_CTX_TASK_ID=create_postgres_table
AIRFLOW_CTX_EXECUTION_DATE=2022-01-29T00:00:00+00:00
AIRFLOW_CTX_TRY_NUMBER=5
AIRFLOW_CTX_DAG_RUN_ID=scheduled__2022-01-29T00:00:00+00:00
[2022-07-31 14:20:28,334] {taskinstance.py:1889} ERROR - Task failed with exception
Traceback (most recent call last):
  File "/home/airflow/.local/lib/python3.7/site-packages/airflow/providers/postgres/operators/postgres.py", line 92, in execute
    self.hook.run(self.sql, self.autocommit, parameters=self.parameters)
  File "/home/airflow/.local/lib/python3.7/site-packages/airflow/hooks/dbapi.py", line 181, in run
    with closing(self.get_conn()) as conn:
  File "/home/airflow/.local/lib/python3.7/site-packages/airflow/providers/postgres/hooks/postgres.py", line 86, in get_conn
    conn = deepcopy(self.connection or self.get_connection(conn_id))
  File "/home/airflow/.local/lib/python3.7/site-packages/airflow/hooks/base.py", line 67, in get_connection
    conn = Connection.get_connection_from_secrets(conn_id)
  File "/home/airflow/.local/lib/python3.7/site-packages/airflow/models/connection.py", line 430, in get_connection_from_secrets
    raise AirflowNotFoundException(f"The conn_id `{conn_id}` isn't defined")
airflow.exceptions.AirflowNotFoundException: The conn_id `postgres_localhost` isn't defined
[2022-07-31 14:20:28,340] {taskinstance.py:1400} INFO - Marking task as UP_FOR_RETRY. dag_id=dag_with_postgres_operator, task_id=create_postgres_table, execution_date=20220129T000000, start_date=20220731T142028, end_date=20220731T142028
[2022-07-31 14:20:28,357] {standard_task_runner.py:97} ERROR - Failed to execute job 267 for task create_postgres_table (The conn_id `postgres_localhost` isn't defined; 4558)
[2022-07-31 14:20:28,390] {local_task_job.py:156} INFO - Task exited with return code 1
[2022-07-31 14:20:28,449] {local_task_job.py:273} INFO - 0 downstream tasks scheduled from follow-on schedule check
