[2022-07-30 18:44:05,594] {taskinstance.py:1159} INFO - Dependencies all met for <TaskInstance: dag_with_postgres_operator.create_postgres_table scheduled__2022-01-29T00:00:00+00:00 [queued]>
[2022-07-30 18:44:05,613] {taskinstance.py:1159} INFO - Dependencies all met for <TaskInstance: dag_with_postgres_operator.create_postgres_table scheduled__2022-01-29T00:00:00+00:00 [queued]>
[2022-07-30 18:44:05,613] {taskinstance.py:1356} INFO - 
--------------------------------------------------------------------------------
[2022-07-30 18:44:05,613] {taskinstance.py:1357} INFO - Starting attempt 4 of 6
[2022-07-30 18:44:05,613] {taskinstance.py:1358} INFO - 
--------------------------------------------------------------------------------
[2022-07-30 18:44:05,630] {taskinstance.py:1377} INFO - Executing <Task(PostgresOperator): create_postgres_table> on 2022-01-29 00:00:00+00:00
[2022-07-30 18:44:05,635] {standard_task_runner.py:52} INFO - Started process 3898 to run task
[2022-07-30 18:44:05,639] {standard_task_runner.py:79} INFO - Running: ['***', 'tasks', 'run', 'dag_with_postgres_operator', 'create_postgres_table', 'scheduled__2022-01-29T00:00:00+00:00', '--job-id', '252', '--raw', '--subdir', 'DAGS_FOLDER/DAGWithPostgresOperator.py', '--cfg-path', '/tmp/tmp0tm09jpz', '--error-file', '/tmp/tmphmh6hgqf']
[2022-07-30 18:44:05,639] {standard_task_runner.py:80} INFO - Job 252: Subtask create_postgres_table
[2022-07-30 18:44:05,724] {task_command.py:369} INFO - Running <TaskInstance: dag_with_postgres_operator.create_postgres_table scheduled__2022-01-29T00:00:00+00:00 [running]> on host 66bf18ec08cc
[2022-07-30 18:44:05,864] {taskinstance.py:1571} INFO - Exporting the following env vars:
AIRFLOW_CTX_DAG_OWNER=yosr
AIRFLOW_CTX_DAG_ID=dag_with_postgres_operator
AIRFLOW_CTX_TASK_ID=create_postgres_table
AIRFLOW_CTX_EXECUTION_DATE=2022-01-29T00:00:00+00:00
AIRFLOW_CTX_TRY_NUMBER=4
AIRFLOW_CTX_DAG_RUN_ID=scheduled__2022-01-29T00:00:00+00:00
[2022-07-30 18:44:05,877] {base.py:68} INFO - Using connection ID 'postgres_localhost' for task execution.
[2022-07-30 18:44:05,878] {taskinstance.py:1889} ERROR - Task failed with exception
Traceback (most recent call last):
  File "/home/airflow/.local/lib/python3.7/site-packages/airflow/providers/postgres/operators/postgres.py", line 92, in execute
    self.hook.run(self.sql, self.autocommit, parameters=self.parameters)
  File "/home/airflow/.local/lib/python3.7/site-packages/airflow/hooks/dbapi.py", line 181, in run
    with closing(self.get_conn()) as conn:
  File "/home/airflow/.local/lib/python3.7/site-packages/airflow/providers/postgres/hooks/postgres.py", line 113, in get_conn
    self.conn = psycopg2.connect(**conn_args)
  File "/home/airflow/.local/lib/python3.7/site-packages/psycopg2/__init__.py", line 122, in connect
    conn = _connect(dsn, connection_factory=connection_factory, **kwasync)
psycopg2.OperationalError: could not translate host name "host.docker.internal " to address: Name or service not known

[2022-07-30 18:44:05,891] {taskinstance.py:1400} INFO - Marking task as UP_FOR_RETRY. dag_id=dag_with_postgres_operator, task_id=create_postgres_table, execution_date=20220129T000000, start_date=20220730T184405, end_date=20220730T184405
[2022-07-30 18:44:05,907] {standard_task_runner.py:97} ERROR - Failed to execute job 252 for task create_postgres_table (could not translate host name "host.docker.internal " to address: Name or service not known
; 3898)
[2022-07-30 18:44:05,940] {local_task_job.py:156} INFO - Task exited with return code 1
[2022-07-30 18:44:05,996] {local_task_job.py:273} INFO - 0 downstream tasks scheduled from follow-on schedule check
[2022-07-31 09:46:07,521] {taskinstance.py:1159} INFO - Dependencies all met for <TaskInstance: dag_with_postgres_operator.create_postgres_table scheduled__2022-01-29T00:00:00+00:00 [queued]>
[2022-07-31 09:46:07,542] {taskinstance.py:1159} INFO - Dependencies all met for <TaskInstance: dag_with_postgres_operator.create_postgres_table scheduled__2022-01-29T00:00:00+00:00 [queued]>
[2022-07-31 09:46:07,542] {taskinstance.py:1356} INFO - 
--------------------------------------------------------------------------------
[2022-07-31 09:46:07,543] {taskinstance.py:1357} INFO - Starting attempt 4 of 6
[2022-07-31 09:46:07,543] {taskinstance.py:1358} INFO - 
--------------------------------------------------------------------------------
[2022-07-31 09:46:07,594] {taskinstance.py:1377} INFO - Executing <Task(PostgresOperator): create_postgres_table> on 2022-01-29 00:00:00+00:00
[2022-07-31 09:46:07,610] {standard_task_runner.py:52} INFO - Started process 366 to run task
[2022-07-31 09:46:07,777] {standard_task_runner.py:79} INFO - Running: ['***', 'tasks', 'run', 'dag_with_postgres_operator', 'create_postgres_table', 'scheduled__2022-01-29T00:00:00+00:00', '--job-id', '1261', '--raw', '--subdir', 'DAGS_FOLDER/DAGWithPostgresOperator.py', '--cfg-path', '/tmp/tmp1sk59mpo', '--error-file', '/tmp/tmpx3s5x2r6']
[2022-07-31 09:46:07,777] {standard_task_runner.py:80} INFO - Job 1261: Subtask create_postgres_table
[2022-07-31 09:46:08,145] {task_command.py:369} INFO - Running <TaskInstance: dag_with_postgres_operator.create_postgres_table scheduled__2022-01-29T00:00:00+00:00 [running]> on host 66bf18ec08cc
[2022-07-31 09:46:08,506] {taskinstance.py:1571} INFO - Exporting the following env vars:
AIRFLOW_CTX_DAG_OWNER=yosr
AIRFLOW_CTX_DAG_ID=dag_with_postgres_operator
AIRFLOW_CTX_TASK_ID=create_postgres_table
AIRFLOW_CTX_EXECUTION_DATE=2022-01-29T00:00:00+00:00
AIRFLOW_CTX_TRY_NUMBER=4
AIRFLOW_CTX_DAG_RUN_ID=scheduled__2022-01-29T00:00:00+00:00
[2022-07-31 09:46:08,549] {base.py:68} INFO - Using connection ID 'postgres_localhost' for task execution.
[2022-07-31 09:46:08,550] {taskinstance.py:1889} ERROR - Task failed with exception
Traceback (most recent call last):
  File "/home/airflow/.local/lib/python3.7/site-packages/airflow/providers/postgres/operators/postgres.py", line 92, in execute
    self.hook.run(self.sql, self.autocommit, parameters=self.parameters)
  File "/home/airflow/.local/lib/python3.7/site-packages/airflow/hooks/dbapi.py", line 181, in run
    with closing(self.get_conn()) as conn:
  File "/home/airflow/.local/lib/python3.7/site-packages/airflow/providers/postgres/hooks/postgres.py", line 113, in get_conn
    self.conn = psycopg2.connect(**conn_args)
  File "/home/airflow/.local/lib/python3.7/site-packages/psycopg2/__init__.py", line 122, in connect
    conn = _connect(dsn, connection_factory=connection_factory, **kwasync)
psycopg2.OperationalError: could not translate host name "host.docker.local " to address: Name or service not known

[2022-07-31 09:46:08,593] {taskinstance.py:1400} INFO - Marking task as UP_FOR_RETRY. dag_id=dag_with_postgres_operator, task_id=create_postgres_table, execution_date=20220129T000000, start_date=20220731T094607, end_date=20220731T094608
[2022-07-31 09:46:08,640] {standard_task_runner.py:97} ERROR - Failed to execute job 1261 for task create_postgres_table (could not translate host name "host.docker.local " to address: Name or service not known
; 366)
[2022-07-31 09:46:08,689] {local_task_job.py:156} INFO - Task exited with return code 1
[2022-07-31 09:46:08,826] {local_task_job.py:273} INFO - 0 downstream tasks scheduled from follow-on schedule check
[2022-07-31 14:15:27,155] {taskinstance.py:1159} INFO - Dependencies all met for <TaskInstance: dag_with_postgres_operator.create_postgres_table scheduled__2022-01-29T00:00:00+00:00 [queued]>
[2022-07-31 14:15:27,173] {taskinstance.py:1159} INFO - Dependencies all met for <TaskInstance: dag_with_postgres_operator.create_postgres_table scheduled__2022-01-29T00:00:00+00:00 [queued]>
[2022-07-31 14:15:27,173] {taskinstance.py:1356} INFO - 
--------------------------------------------------------------------------------
[2022-07-31 14:15:27,174] {taskinstance.py:1357} INFO - Starting attempt 4 of 6
[2022-07-31 14:15:27,174] {taskinstance.py:1358} INFO - 
--------------------------------------------------------------------------------
[2022-07-31 14:15:27,199] {taskinstance.py:1377} INFO - Executing <Task(PostgresOperator): create_postgres_table> on 2022-01-29 00:00:00+00:00
[2022-07-31 14:15:27,204] {standard_task_runner.py:52} INFO - Started process 4293 to run task
[2022-07-31 14:15:27,211] {standard_task_runner.py:79} INFO - Running: ['***', 'tasks', 'run', 'dag_with_postgres_operator', 'create_postgres_table', 'scheduled__2022-01-29T00:00:00+00:00', '--job-id', '252', '--raw', '--subdir', 'DAGS_FOLDER/DAGWithPostgresOperator.py', '--cfg-path', '/tmp/tmpcwykons0', '--error-file', '/tmp/tmpi4q3jocv']
[2022-07-31 14:15:27,212] {standard_task_runner.py:80} INFO - Job 252: Subtask create_postgres_table
[2022-07-31 14:15:27,297] {task_command.py:369} INFO - Running <TaskInstance: dag_with_postgres_operator.create_postgres_table scheduled__2022-01-29T00:00:00+00:00 [running]> on host 4688dd3b7141
[2022-07-31 14:15:27,422] {taskinstance.py:1571} INFO - Exporting the following env vars:
AIRFLOW_CTX_DAG_OWNER=yosr
AIRFLOW_CTX_DAG_ID=dag_with_postgres_operator
AIRFLOW_CTX_TASK_ID=create_postgres_table
AIRFLOW_CTX_EXECUTION_DATE=2022-01-29T00:00:00+00:00
AIRFLOW_CTX_TRY_NUMBER=4
AIRFLOW_CTX_DAG_RUN_ID=scheduled__2022-01-29T00:00:00+00:00
[2022-07-31 14:15:27,463] {taskinstance.py:1889} ERROR - Task failed with exception
Traceback (most recent call last):
  File "/home/airflow/.local/lib/python3.7/site-packages/airflow/providers/postgres/operators/postgres.py", line 92, in execute
    self.hook.run(self.sql, self.autocommit, parameters=self.parameters)
  File "/home/airflow/.local/lib/python3.7/site-packages/airflow/hooks/dbapi.py", line 181, in run
    with closing(self.get_conn()) as conn:
  File "/home/airflow/.local/lib/python3.7/site-packages/airflow/providers/postgres/hooks/postgres.py", line 86, in get_conn
    conn = deepcopy(self.connection or self.get_connection(conn_id))
  File "/home/airflow/.local/lib/python3.7/site-packages/airflow/hooks/base.py", line 67, in get_connection
    conn = Connection.get_connection_from_secrets(conn_id)
  File "/home/airflow/.local/lib/python3.7/site-packages/airflow/models/connection.py", line 430, in get_connection_from_secrets
    raise AirflowNotFoundException(f"The conn_id `{conn_id}` isn't defined")
airflow.exceptions.AirflowNotFoundException: The conn_id `postgres_localhost` isn't defined
[2022-07-31 14:15:27,469] {taskinstance.py:1400} INFO - Marking task as UP_FOR_RETRY. dag_id=dag_with_postgres_operator, task_id=create_postgres_table, execution_date=20220129T000000, start_date=20220731T141527, end_date=20220731T141527
[2022-07-31 14:15:27,491] {standard_task_runner.py:97} ERROR - Failed to execute job 252 for task create_postgres_table (The conn_id `postgres_localhost` isn't defined; 4293)
[2022-07-31 14:15:27,509] {local_task_job.py:156} INFO - Task exited with return code 1
[2022-07-31 14:15:27,557] {local_task_job.py:273} INFO - 0 downstream tasks scheduled from follow-on schedule check
