[2022-07-29 11:41:46,476] {taskinstance.py:1159} INFO - Dependencies all met for <TaskInstance: dag_with_python_operator.greet scheduled__2021-12-05T00:00:00+00:00 [queued]>
[2022-07-29 11:41:46,492] {taskinstance.py:1159} INFO - Dependencies all met for <TaskInstance: dag_with_python_operator.greet scheduled__2021-12-05T00:00:00+00:00 [queued]>
[2022-07-29 11:41:46,492] {taskinstance.py:1356} INFO - 
--------------------------------------------------------------------------------
[2022-07-29 11:41:46,493] {taskinstance.py:1357} INFO - Starting attempt 1 of 6
[2022-07-29 11:41:46,493] {taskinstance.py:1358} INFO - 
--------------------------------------------------------------------------------
[2022-07-29 11:41:46,512] {taskinstance.py:1377} INFO - Executing <Task(PythonOperator): greet> on 2021-12-05 00:00:00+00:00
[2022-07-29 11:41:46,517] {standard_task_runner.py:52} INFO - Started process 6077 to run task
[2022-07-29 11:41:46,520] {standard_task_runner.py:79} INFO - Running: ['***', 'tasks', 'run', 'dag_with_python_operator', 'greet', 'scheduled__2021-12-05T00:00:00+00:00', '--job-id', '588', '--raw', '--subdir', 'DAGS_FOLDER/CreateDagWithPythonOperator.py', '--cfg-path', '/tmp/tmpk643r5uw', '--error-file', '/tmp/tmpno6p51o0']
[2022-07-29 11:41:46,521] {standard_task_runner.py:80} INFO - Job 588: Subtask greet
[2022-07-29 11:41:46,609] {task_command.py:369} INFO - Running <TaskInstance: dag_with_python_operator.greet scheduled__2021-12-05T00:00:00+00:00 [running]> on host 9f0f006fc89d
[2022-07-29 11:41:46,743] {taskinstance.py:1571} INFO - Exporting the following env vars:
AIRFLOW_CTX_DAG_OWNER=yosr
AIRFLOW_CTX_DAG_ID=dag_with_python_operator
AIRFLOW_CTX_TASK_ID=greet
AIRFLOW_CTX_EXECUTION_DATE=2021-12-05T00:00:00+00:00
AIRFLOW_CTX_TRY_NUMBER=1
AIRFLOW_CTX_DAG_RUN_ID=scheduled__2021-12-05T00:00:00+00:00
[2022-07-29 11:41:46,744] {logging_mixin.py:115} INFO - some dict:  {'a': 1, 'b': 2}
[2022-07-29 11:41:46,793] {logging_mixin.py:115} INFO - Hello World! My name is yosr hb, and I am 22 years old!
[2022-07-29 11:41:46,794] {python.py:173} INFO - Done. Returned value was: None
[2022-07-29 11:41:46,812] {taskinstance.py:1400} INFO - Marking task as SUCCESS. dag_id=dag_with_python_operator, task_id=greet, execution_date=20211205T000000, start_date=20220729T114146, end_date=20220729T114146
[2022-07-29 11:41:46,861] {local_task_job.py:156} INFO - Task exited with return code 0
[2022-07-29 11:41:46,914] {local_task_job.py:273} INFO - 0 downstream tasks scheduled from follow-on schedule check
