[2022-07-30 18:49:08,243] {taskinstance.py:1159} INFO - Dependencies all met for <TaskInstance: dag_with_postgres_operator.create_postgres_table scheduled__2022-02-02T00:00:00+00:00 [queued]>
[2022-07-30 18:49:08,262] {taskinstance.py:1159} INFO - Dependencies all met for <TaskInstance: dag_with_postgres_operator.create_postgres_table scheduled__2022-02-02T00:00:00+00:00 [queued]>
[2022-07-30 18:49:08,262] {taskinstance.py:1356} INFO - 
--------------------------------------------------------------------------------
[2022-07-30 18:49:08,262] {taskinstance.py:1357} INFO - Starting attempt 5 of 6
[2022-07-30 18:49:08,262] {taskinstance.py:1358} INFO - 
--------------------------------------------------------------------------------
[2022-07-30 18:49:08,289] {taskinstance.py:1377} INFO - Executing <Task(PostgresOperator): create_postgres_table> on 2022-02-02 00:00:00+00:00
[2022-07-30 18:49:08,295] {standard_task_runner.py:52} INFO - Started process 4176 to run task
[2022-07-30 18:49:08,299] {standard_task_runner.py:79} INFO - Running: ['***', 'tasks', 'run', 'dag_with_postgres_operator', 'create_postgres_table', 'scheduled__2022-02-02T00:00:00+00:00', '--job-id', '272', '--raw', '--subdir', 'DAGS_FOLDER/DAGWithPostgresOperator.py', '--cfg-path', '/tmp/tmpqo1okzlz', '--error-file', '/tmp/tmp6s3bk_vr']
[2022-07-30 18:49:08,300] {standard_task_runner.py:80} INFO - Job 272: Subtask create_postgres_table
[2022-07-30 18:49:08,387] {task_command.py:369} INFO - Running <TaskInstance: dag_with_postgres_operator.create_postgres_table scheduled__2022-02-02T00:00:00+00:00 [running]> on host 66bf18ec08cc
[2022-07-30 18:49:08,497] {taskinstance.py:1571} INFO - Exporting the following env vars:
AIRFLOW_CTX_DAG_OWNER=yosr
AIRFLOW_CTX_DAG_ID=dag_with_postgres_operator
AIRFLOW_CTX_TASK_ID=create_postgres_table
AIRFLOW_CTX_EXECUTION_DATE=2022-02-02T00:00:00+00:00
AIRFLOW_CTX_TRY_NUMBER=5
AIRFLOW_CTX_DAG_RUN_ID=scheduled__2022-02-02T00:00:00+00:00
[2022-07-30 18:49:08,512] {base.py:68} INFO - Using connection ID 'postgres_localhost' for task execution.
[2022-07-30 18:49:08,513] {taskinstance.py:1889} ERROR - Task failed with exception
Traceback (most recent call last):
  File "/home/airflow/.local/lib/python3.7/site-packages/airflow/providers/postgres/operators/postgres.py", line 92, in execute
    self.hook.run(self.sql, self.autocommit, parameters=self.parameters)
  File "/home/airflow/.local/lib/python3.7/site-packages/airflow/hooks/dbapi.py", line 181, in run
    with closing(self.get_conn()) as conn:
  File "/home/airflow/.local/lib/python3.7/site-packages/airflow/providers/postgres/hooks/postgres.py", line 113, in get_conn
    self.conn = psycopg2.connect(**conn_args)
  File "/home/airflow/.local/lib/python3.7/site-packages/psycopg2/__init__.py", line 122, in connect
    conn = _connect(dsn, connection_factory=connection_factory, **kwasync)
psycopg2.OperationalError: could not translate host name "host.docker.internal " to address: Name or service not known

[2022-07-30 18:49:08,527] {taskinstance.py:1400} INFO - Marking task as UP_FOR_RETRY. dag_id=dag_with_postgres_operator, task_id=create_postgres_table, execution_date=20220202T000000, start_date=20220730T184908, end_date=20220730T184908
[2022-07-30 18:49:08,545] {standard_task_runner.py:97} ERROR - Failed to execute job 272 for task create_postgres_table (could not translate host name "host.docker.internal " to address: Name or service not known
; 4176)
[2022-07-30 18:49:08,560] {local_task_job.py:156} INFO - Task exited with return code 1
[2022-07-30 18:49:08,616] {local_task_job.py:273} INFO - 0 downstream tasks scheduled from follow-on schedule check
[2022-07-31 09:51:10,300] {taskinstance.py:1159} INFO - Dependencies all met for <TaskInstance: dag_with_postgres_operator.create_postgres_table scheduled__2022-02-02T00:00:00+00:00 [queued]>
[2022-07-31 09:51:10,352] {taskinstance.py:1159} INFO - Dependencies all met for <TaskInstance: dag_with_postgres_operator.create_postgres_table scheduled__2022-02-02T00:00:00+00:00 [queued]>
[2022-07-31 09:51:10,352] {taskinstance.py:1356} INFO - 
--------------------------------------------------------------------------------
[2022-07-31 09:51:10,352] {taskinstance.py:1357} INFO - Starting attempt 5 of 6
[2022-07-31 09:51:10,352] {taskinstance.py:1358} INFO - 
--------------------------------------------------------------------------------
[2022-07-31 09:51:10,435] {taskinstance.py:1377} INFO - Executing <Task(PostgresOperator): create_postgres_table> on 2022-02-02 00:00:00+00:00
[2022-07-31 09:51:10,445] {standard_task_runner.py:52} INFO - Started process 644 to run task
[2022-07-31 09:51:10,524] {standard_task_runner.py:79} INFO - Running: ['***', 'tasks', 'run', 'dag_with_postgres_operator', 'create_postgres_table', 'scheduled__2022-02-02T00:00:00+00:00', '--job-id', '1284', '--raw', '--subdir', 'DAGS_FOLDER/DAGWithPostgresOperator.py', '--cfg-path', '/tmp/tmp8msu6tnf', '--error-file', '/tmp/tmp1i_00f1f']
[2022-07-31 09:51:10,525] {standard_task_runner.py:80} INFO - Job 1284: Subtask create_postgres_table
[2022-07-31 09:51:11,110] {task_command.py:369} INFO - Running <TaskInstance: dag_with_postgres_operator.create_postgres_table scheduled__2022-02-02T00:00:00+00:00 [running]> on host 66bf18ec08cc
[2022-07-31 09:51:11,456] {taskinstance.py:1571} INFO - Exporting the following env vars:
AIRFLOW_CTX_DAG_OWNER=yosr
AIRFLOW_CTX_DAG_ID=dag_with_postgres_operator
AIRFLOW_CTX_TASK_ID=create_postgres_table
AIRFLOW_CTX_EXECUTION_DATE=2022-02-02T00:00:00+00:00
AIRFLOW_CTX_TRY_NUMBER=5
AIRFLOW_CTX_DAG_RUN_ID=scheduled__2022-02-02T00:00:00+00:00
[2022-07-31 09:51:11,504] {base.py:68} INFO - Using connection ID 'postgres_localhost' for task execution.
[2022-07-31 09:51:11,506] {taskinstance.py:1889} ERROR - Task failed with exception
Traceback (most recent call last):
  File "/home/airflow/.local/lib/python3.7/site-packages/airflow/providers/postgres/operators/postgres.py", line 92, in execute
    self.hook.run(self.sql, self.autocommit, parameters=self.parameters)
  File "/home/airflow/.local/lib/python3.7/site-packages/airflow/hooks/dbapi.py", line 181, in run
    with closing(self.get_conn()) as conn:
  File "/home/airflow/.local/lib/python3.7/site-packages/airflow/providers/postgres/hooks/postgres.py", line 113, in get_conn
    self.conn = psycopg2.connect(**conn_args)
  File "/home/airflow/.local/lib/python3.7/site-packages/psycopg2/__init__.py", line 122, in connect
    conn = _connect(dsn, connection_factory=connection_factory, **kwasync)
psycopg2.OperationalError: could not translate host name "host.docker.local " to address: Name or service not known

[2022-07-31 09:51:11,549] {taskinstance.py:1400} INFO - Marking task as UP_FOR_RETRY. dag_id=dag_with_postgres_operator, task_id=create_postgres_table, execution_date=20220202T000000, start_date=20220731T095110, end_date=20220731T095111
[2022-07-31 09:51:11,614] {standard_task_runner.py:97} ERROR - Failed to execute job 1284 for task create_postgres_table (could not translate host name "host.docker.local " to address: Name or service not known
; 644)
[2022-07-31 09:51:11,652] {local_task_job.py:156} INFO - Task exited with return code 1
[2022-07-31 09:51:11,972] {local_task_job.py:273} INFO - 0 downstream tasks scheduled from follow-on schedule check
[2022-07-31 14:20:30,617] {taskinstance.py:1159} INFO - Dependencies all met for <TaskInstance: dag_with_postgres_operator.create_postgres_table scheduled__2022-02-02T00:00:00+00:00 [queued]>
[2022-07-31 14:20:30,653] {taskinstance.py:1159} INFO - Dependencies all met for <TaskInstance: dag_with_postgres_operator.create_postgres_table scheduled__2022-02-02T00:00:00+00:00 [queued]>
[2022-07-31 14:20:30,653] {taskinstance.py:1356} INFO - 
--------------------------------------------------------------------------------
[2022-07-31 14:20:30,653] {taskinstance.py:1357} INFO - Starting attempt 5 of 6
[2022-07-31 14:20:30,653] {taskinstance.py:1358} INFO - 
--------------------------------------------------------------------------------
[2022-07-31 14:20:30,674] {taskinstance.py:1377} INFO - Executing <Task(PostgresOperator): create_postgres_table> on 2022-02-02 00:00:00+00:00
[2022-07-31 14:20:30,683] {standard_task_runner.py:52} INFO - Started process 4571 to run task
[2022-07-31 14:20:30,689] {standard_task_runner.py:79} INFO - Running: ['***', 'tasks', 'run', 'dag_with_postgres_operator', 'create_postgres_table', 'scheduled__2022-02-02T00:00:00+00:00', '--job-id', '272', '--raw', '--subdir', 'DAGS_FOLDER/DAGWithPostgresOperator.py', '--cfg-path', '/tmp/tmp2j575mha', '--error-file', '/tmp/tmp04htzp0g']
[2022-07-31 14:20:30,689] {standard_task_runner.py:80} INFO - Job 272: Subtask create_postgres_table
[2022-07-31 14:20:30,799] {task_command.py:369} INFO - Running <TaskInstance: dag_with_postgres_operator.create_postgres_table scheduled__2022-02-02T00:00:00+00:00 [running]> on host 4688dd3b7141
[2022-07-31 14:20:30,929] {taskinstance.py:1571} INFO - Exporting the following env vars:
AIRFLOW_CTX_DAG_OWNER=yosr
AIRFLOW_CTX_DAG_ID=dag_with_postgres_operator
AIRFLOW_CTX_TASK_ID=create_postgres_table
AIRFLOW_CTX_EXECUTION_DATE=2022-02-02T00:00:00+00:00
AIRFLOW_CTX_TRY_NUMBER=5
AIRFLOW_CTX_DAG_RUN_ID=scheduled__2022-02-02T00:00:00+00:00
[2022-07-31 14:20:30,965] {taskinstance.py:1889} ERROR - Task failed with exception
Traceback (most recent call last):
  File "/home/airflow/.local/lib/python3.7/site-packages/airflow/providers/postgres/operators/postgres.py", line 92, in execute
    self.hook.run(self.sql, self.autocommit, parameters=self.parameters)
  File "/home/airflow/.local/lib/python3.7/site-packages/airflow/hooks/dbapi.py", line 181, in run
    with closing(self.get_conn()) as conn:
  File "/home/airflow/.local/lib/python3.7/site-packages/airflow/providers/postgres/hooks/postgres.py", line 86, in get_conn
    conn = deepcopy(self.connection or self.get_connection(conn_id))
  File "/home/airflow/.local/lib/python3.7/site-packages/airflow/hooks/base.py", line 67, in get_connection
    conn = Connection.get_connection_from_secrets(conn_id)
  File "/home/airflow/.local/lib/python3.7/site-packages/airflow/models/connection.py", line 430, in get_connection_from_secrets
    raise AirflowNotFoundException(f"The conn_id `{conn_id}` isn't defined")
airflow.exceptions.AirflowNotFoundException: The conn_id `postgres_localhost` isn't defined
[2022-07-31 14:20:30,970] {taskinstance.py:1400} INFO - Marking task as UP_FOR_RETRY. dag_id=dag_with_postgres_operator, task_id=create_postgres_table, execution_date=20220202T000000, start_date=20220731T142030, end_date=20220731T142030
[2022-07-31 14:20:30,986] {standard_task_runner.py:97} ERROR - Failed to execute job 272 for task create_postgres_table (The conn_id `postgres_localhost` isn't defined; 4571)
[2022-07-31 14:20:31,027] {local_task_job.py:156} INFO - Task exited with return code 1
[2022-07-31 14:20:31,082] {local_task_job.py:273} INFO - 0 downstream tasks scheduled from follow-on schedule check
