[2022-07-30 18:44:07,422] {taskinstance.py:1159} INFO - Dependencies all met for <TaskInstance: dag_with_postgres_operator.create_postgres_table scheduled__2022-02-02T00:00:00+00:00 [queued]>
[2022-07-30 18:44:07,439] {taskinstance.py:1159} INFO - Dependencies all met for <TaskInstance: dag_with_postgres_operator.create_postgres_table scheduled__2022-02-02T00:00:00+00:00 [queued]>
[2022-07-30 18:44:07,439] {taskinstance.py:1356} INFO - 
--------------------------------------------------------------------------------
[2022-07-30 18:44:07,439] {taskinstance.py:1357} INFO - Starting attempt 4 of 6
[2022-07-30 18:44:07,439] {taskinstance.py:1358} INFO - 
--------------------------------------------------------------------------------
[2022-07-30 18:44:07,464] {taskinstance.py:1377} INFO - Executing <Task(PostgresOperator): create_postgres_table> on 2022-02-02 00:00:00+00:00
[2022-07-30 18:44:07,470] {standard_task_runner.py:52} INFO - Started process 3908 to run task
[2022-07-30 18:44:07,477] {standard_task_runner.py:79} INFO - Running: ['***', 'tasks', 'run', 'dag_with_postgres_operator', 'create_postgres_table', 'scheduled__2022-02-02T00:00:00+00:00', '--job-id', '257', '--raw', '--subdir', 'DAGS_FOLDER/DAGWithPostgresOperator.py', '--cfg-path', '/tmp/tmpdzhg19ko', '--error-file', '/tmp/tmpcdtt_am8']
[2022-07-30 18:44:07,478] {standard_task_runner.py:80} INFO - Job 257: Subtask create_postgres_table
[2022-07-30 18:44:07,553] {task_command.py:369} INFO - Running <TaskInstance: dag_with_postgres_operator.create_postgres_table scheduled__2022-02-02T00:00:00+00:00 [running]> on host 66bf18ec08cc
[2022-07-30 18:44:07,644] {taskinstance.py:1571} INFO - Exporting the following env vars:
AIRFLOW_CTX_DAG_OWNER=yosr
AIRFLOW_CTX_DAG_ID=dag_with_postgres_operator
AIRFLOW_CTX_TASK_ID=create_postgres_table
AIRFLOW_CTX_EXECUTION_DATE=2022-02-02T00:00:00+00:00
AIRFLOW_CTX_TRY_NUMBER=4
AIRFLOW_CTX_DAG_RUN_ID=scheduled__2022-02-02T00:00:00+00:00
[2022-07-30 18:44:07,658] {base.py:68} INFO - Using connection ID 'postgres_localhost' for task execution.
[2022-07-30 18:44:07,659] {taskinstance.py:1889} ERROR - Task failed with exception
Traceback (most recent call last):
  File "/home/airflow/.local/lib/python3.7/site-packages/airflow/providers/postgres/operators/postgres.py", line 92, in execute
    self.hook.run(self.sql, self.autocommit, parameters=self.parameters)
  File "/home/airflow/.local/lib/python3.7/site-packages/airflow/hooks/dbapi.py", line 181, in run
    with closing(self.get_conn()) as conn:
  File "/home/airflow/.local/lib/python3.7/site-packages/airflow/providers/postgres/hooks/postgres.py", line 113, in get_conn
    self.conn = psycopg2.connect(**conn_args)
  File "/home/airflow/.local/lib/python3.7/site-packages/psycopg2/__init__.py", line 122, in connect
    conn = _connect(dsn, connection_factory=connection_factory, **kwasync)
psycopg2.OperationalError: could not translate host name "host.docker.internal " to address: Name or service not known

[2022-07-30 18:44:07,673] {taskinstance.py:1400} INFO - Marking task as UP_FOR_RETRY. dag_id=dag_with_postgres_operator, task_id=create_postgres_table, execution_date=20220202T000000, start_date=20220730T184407, end_date=20220730T184407
[2022-07-30 18:44:07,690] {standard_task_runner.py:97} ERROR - Failed to execute job 257 for task create_postgres_table (could not translate host name "host.docker.internal " to address: Name or service not known
; 3908)
[2022-07-30 18:44:07,732] {local_task_job.py:156} INFO - Task exited with return code 1
[2022-07-30 18:44:07,785] {local_task_job.py:273} INFO - 0 downstream tasks scheduled from follow-on schedule check
[2022-07-31 09:46:07,799] {taskinstance.py:1159} INFO - Dependencies all met for <TaskInstance: dag_with_postgres_operator.create_postgres_table scheduled__2022-02-02T00:00:00+00:00 [queued]>
[2022-07-31 09:46:07,892] {taskinstance.py:1159} INFO - Dependencies all met for <TaskInstance: dag_with_postgres_operator.create_postgres_table scheduled__2022-02-02T00:00:00+00:00 [queued]>
[2022-07-31 09:46:07,892] {taskinstance.py:1356} INFO - 
--------------------------------------------------------------------------------
[2022-07-31 09:46:07,893] {taskinstance.py:1357} INFO - Starting attempt 4 of 6
[2022-07-31 09:46:07,893] {taskinstance.py:1358} INFO - 
--------------------------------------------------------------------------------
[2022-07-31 09:46:07,957] {taskinstance.py:1377} INFO - Executing <Task(PostgresOperator): create_postgres_table> on 2022-02-02 00:00:00+00:00
[2022-07-31 09:46:07,987] {standard_task_runner.py:52} INFO - Started process 376 to run task
[2022-07-31 09:46:08,076] {standard_task_runner.py:79} INFO - Running: ['***', 'tasks', 'run', 'dag_with_postgres_operator', 'create_postgres_table', 'scheduled__2022-02-02T00:00:00+00:00', '--job-id', '1268', '--raw', '--subdir', 'DAGS_FOLDER/DAGWithPostgresOperator.py', '--cfg-path', '/tmp/tmpv8m3zixt', '--error-file', '/tmp/tmpi5qp45c_']
[2022-07-31 09:46:08,077] {standard_task_runner.py:80} INFO - Job 1268: Subtask create_postgres_table
[2022-07-31 09:46:08,446] {task_command.py:369} INFO - Running <TaskInstance: dag_with_postgres_operator.create_postgres_table scheduled__2022-02-02T00:00:00+00:00 [running]> on host 66bf18ec08cc
[2022-07-31 09:46:08,704] {taskinstance.py:1571} INFO - Exporting the following env vars:
AIRFLOW_CTX_DAG_OWNER=yosr
AIRFLOW_CTX_DAG_ID=dag_with_postgres_operator
AIRFLOW_CTX_TASK_ID=create_postgres_table
AIRFLOW_CTX_EXECUTION_DATE=2022-02-02T00:00:00+00:00
AIRFLOW_CTX_TRY_NUMBER=4
AIRFLOW_CTX_DAG_RUN_ID=scheduled__2022-02-02T00:00:00+00:00
[2022-07-31 09:46:08,742] {base.py:68} INFO - Using connection ID 'postgres_localhost' for task execution.
[2022-07-31 09:46:08,747] {taskinstance.py:1889} ERROR - Task failed with exception
Traceback (most recent call last):
  File "/home/airflow/.local/lib/python3.7/site-packages/airflow/providers/postgres/operators/postgres.py", line 92, in execute
    self.hook.run(self.sql, self.autocommit, parameters=self.parameters)
  File "/home/airflow/.local/lib/python3.7/site-packages/airflow/hooks/dbapi.py", line 181, in run
    with closing(self.get_conn()) as conn:
  File "/home/airflow/.local/lib/python3.7/site-packages/airflow/providers/postgres/hooks/postgres.py", line 113, in get_conn
    self.conn = psycopg2.connect(**conn_args)
  File "/home/airflow/.local/lib/python3.7/site-packages/psycopg2/__init__.py", line 122, in connect
    conn = _connect(dsn, connection_factory=connection_factory, **kwasync)
psycopg2.OperationalError: could not translate host name "host.docker.local " to address: Name or service not known

[2022-07-31 09:46:08,787] {taskinstance.py:1400} INFO - Marking task as UP_FOR_RETRY. dag_id=dag_with_postgres_operator, task_id=create_postgres_table, execution_date=20220202T000000, start_date=20220731T094607, end_date=20220731T094608
[2022-07-31 09:46:08,839] {standard_task_runner.py:97} ERROR - Failed to execute job 1268 for task create_postgres_table (could not translate host name "host.docker.local " to address: Name or service not known
; 376)
[2022-07-31 09:46:08,882] {local_task_job.py:156} INFO - Task exited with return code 1
[2022-07-31 09:46:09,086] {local_task_job.py:273} INFO - 0 downstream tasks scheduled from follow-on schedule check
[2022-07-31 14:15:29,753] {taskinstance.py:1159} INFO - Dependencies all met for <TaskInstance: dag_with_postgres_operator.create_postgres_table scheduled__2022-02-02T00:00:00+00:00 [queued]>
[2022-07-31 14:15:29,773] {taskinstance.py:1159} INFO - Dependencies all met for <TaskInstance: dag_with_postgres_operator.create_postgres_table scheduled__2022-02-02T00:00:00+00:00 [queued]>
[2022-07-31 14:15:29,773] {taskinstance.py:1356} INFO - 
--------------------------------------------------------------------------------
[2022-07-31 14:15:29,773] {taskinstance.py:1357} INFO - Starting attempt 4 of 6
[2022-07-31 14:15:29,773] {taskinstance.py:1358} INFO - 
--------------------------------------------------------------------------------
[2022-07-31 14:15:29,797] {taskinstance.py:1377} INFO - Executing <Task(PostgresOperator): create_postgres_table> on 2022-02-02 00:00:00+00:00
[2022-07-31 14:15:29,807] {standard_task_runner.py:52} INFO - Started process 4313 to run task
[2022-07-31 14:15:29,813] {standard_task_runner.py:79} INFO - Running: ['***', 'tasks', 'run', 'dag_with_postgres_operator', 'create_postgres_table', 'scheduled__2022-02-02T00:00:00+00:00', '--job-id', '257', '--raw', '--subdir', 'DAGS_FOLDER/DAGWithPostgresOperator.py', '--cfg-path', '/tmp/tmphnja3utw', '--error-file', '/tmp/tmpcufj7lwp']
[2022-07-31 14:15:29,815] {standard_task_runner.py:80} INFO - Job 257: Subtask create_postgres_table
[2022-07-31 14:15:29,915] {task_command.py:369} INFO - Running <TaskInstance: dag_with_postgres_operator.create_postgres_table scheduled__2022-02-02T00:00:00+00:00 [running]> on host 4688dd3b7141
[2022-07-31 14:15:30,039] {taskinstance.py:1571} INFO - Exporting the following env vars:
AIRFLOW_CTX_DAG_OWNER=yosr
AIRFLOW_CTX_DAG_ID=dag_with_postgres_operator
AIRFLOW_CTX_TASK_ID=create_postgres_table
AIRFLOW_CTX_EXECUTION_DATE=2022-02-02T00:00:00+00:00
AIRFLOW_CTX_TRY_NUMBER=4
AIRFLOW_CTX_DAG_RUN_ID=scheduled__2022-02-02T00:00:00+00:00
[2022-07-31 14:15:30,078] {taskinstance.py:1889} ERROR - Task failed with exception
Traceback (most recent call last):
  File "/home/airflow/.local/lib/python3.7/site-packages/airflow/providers/postgres/operators/postgres.py", line 92, in execute
    self.hook.run(self.sql, self.autocommit, parameters=self.parameters)
  File "/home/airflow/.local/lib/python3.7/site-packages/airflow/hooks/dbapi.py", line 181, in run
    with closing(self.get_conn()) as conn:
  File "/home/airflow/.local/lib/python3.7/site-packages/airflow/providers/postgres/hooks/postgres.py", line 86, in get_conn
    conn = deepcopy(self.connection or self.get_connection(conn_id))
  File "/home/airflow/.local/lib/python3.7/site-packages/airflow/hooks/base.py", line 67, in get_connection
    conn = Connection.get_connection_from_secrets(conn_id)
  File "/home/airflow/.local/lib/python3.7/site-packages/airflow/models/connection.py", line 430, in get_connection_from_secrets
    raise AirflowNotFoundException(f"The conn_id `{conn_id}` isn't defined")
airflow.exceptions.AirflowNotFoundException: The conn_id `postgres_localhost` isn't defined
[2022-07-31 14:15:30,083] {taskinstance.py:1400} INFO - Marking task as UP_FOR_RETRY. dag_id=dag_with_postgres_operator, task_id=create_postgres_table, execution_date=20220202T000000, start_date=20220731T141529, end_date=20220731T141530
[2022-07-31 14:15:30,103] {standard_task_runner.py:97} ERROR - Failed to execute job 257 for task create_postgres_table (The conn_id `postgres_localhost` isn't defined; 4313)
[2022-07-31 14:15:30,116] {local_task_job.py:156} INFO - Task exited with return code 1
[2022-07-31 14:15:30,166] {local_task_job.py:273} INFO - 0 downstream tasks scheduled from follow-on schedule check
