[2022-07-30 18:34:04,374] {taskinstance.py:1159} INFO - Dependencies all met for <TaskInstance: dag_with_postgres_operator.create_postgres_table scheduled__2022-02-02T00:00:00+00:00 [queued]>
[2022-07-30 18:34:04,393] {taskinstance.py:1159} INFO - Dependencies all met for <TaskInstance: dag_with_postgres_operator.create_postgres_table scheduled__2022-02-02T00:00:00+00:00 [queued]>
[2022-07-30 18:34:04,394] {taskinstance.py:1356} INFO - 
--------------------------------------------------------------------------------
[2022-07-30 18:34:04,394] {taskinstance.py:1357} INFO - Starting attempt 2 of 6
[2022-07-30 18:34:04,394] {taskinstance.py:1358} INFO - 
--------------------------------------------------------------------------------
[2022-07-30 18:34:04,410] {taskinstance.py:1377} INFO - Executing <Task(PostgresOperator): create_postgres_table> on 2022-02-02 00:00:00+00:00
[2022-07-30 18:34:04,416] {standard_task_runner.py:52} INFO - Started process 3369 to run task
[2022-07-30 18:34:04,419] {standard_task_runner.py:79} INFO - Running: ['***', 'tasks', 'run', 'dag_with_postgres_operator', 'create_postgres_table', 'scheduled__2022-02-02T00:00:00+00:00', '--job-id', '223', '--raw', '--subdir', 'DAGS_FOLDER/DAGWithPostgresOperator.py', '--cfg-path', '/tmp/tmpkj3deacs', '--error-file', '/tmp/tmp5uhobkyj']
[2022-07-30 18:34:04,419] {standard_task_runner.py:80} INFO - Job 223: Subtask create_postgres_table
[2022-07-30 18:34:04,500] {task_command.py:369} INFO - Running <TaskInstance: dag_with_postgres_operator.create_postgres_table scheduled__2022-02-02T00:00:00+00:00 [running]> on host 66bf18ec08cc
[2022-07-30 18:34:04,614] {taskinstance.py:1571} INFO - Exporting the following env vars:
AIRFLOW_CTX_DAG_OWNER=yosr
AIRFLOW_CTX_DAG_ID=dag_with_postgres_operator
AIRFLOW_CTX_TASK_ID=create_postgres_table
AIRFLOW_CTX_EXECUTION_DATE=2022-02-02T00:00:00+00:00
AIRFLOW_CTX_TRY_NUMBER=2
AIRFLOW_CTX_DAG_RUN_ID=scheduled__2022-02-02T00:00:00+00:00
[2022-07-30 18:34:04,633] {base.py:68} INFO - Using connection ID 'postgres_localhost' for task execution.
[2022-07-30 18:34:04,635] {taskinstance.py:1889} ERROR - Task failed with exception
Traceback (most recent call last):
  File "/home/airflow/.local/lib/python3.7/site-packages/airflow/providers/postgres/operators/postgres.py", line 92, in execute
    self.hook.run(self.sql, self.autocommit, parameters=self.parameters)
  File "/home/airflow/.local/lib/python3.7/site-packages/airflow/hooks/dbapi.py", line 181, in run
    with closing(self.get_conn()) as conn:
  File "/home/airflow/.local/lib/python3.7/site-packages/airflow/providers/postgres/hooks/postgres.py", line 113, in get_conn
    self.conn = psycopg2.connect(**conn_args)
  File "/home/airflow/.local/lib/python3.7/site-packages/psycopg2/__init__.py", line 122, in connect
    conn = _connect(dsn, connection_factory=connection_factory, **kwasync)
psycopg2.OperationalError: could not translate host name "host.docker.internal " to address: Name or service not known

[2022-07-30 18:34:04,651] {taskinstance.py:1400} INFO - Marking task as UP_FOR_RETRY. dag_id=dag_with_postgres_operator, task_id=create_postgres_table, execution_date=20220202T000000, start_date=20220730T183404, end_date=20220730T183404
[2022-07-30 18:34:04,671] {standard_task_runner.py:97} ERROR - Failed to execute job 223 for task create_postgres_table (could not translate host name "host.docker.internal " to address: Name or service not known
; 3369)
[2022-07-30 18:34:04,719] {local_task_job.py:156} INFO - Task exited with return code 1
[2022-07-30 18:34:04,805] {local_task_job.py:273} INFO - 0 downstream tasks scheduled from follow-on schedule check
[2022-07-31 00:41:13,524] {taskinstance.py:1159} INFO - Dependencies all met for <TaskInstance: dag_with_postgres_operator.create_postgres_table scheduled__2022-02-02T00:00:00+00:00 [queued]>
[2022-07-31 00:41:13,564] {taskinstance.py:1159} INFO - Dependencies all met for <TaskInstance: dag_with_postgres_operator.create_postgres_table scheduled__2022-02-02T00:00:00+00:00 [queued]>
[2022-07-31 00:41:13,564] {taskinstance.py:1356} INFO - 
--------------------------------------------------------------------------------
[2022-07-31 00:41:13,565] {taskinstance.py:1357} INFO - Starting attempt 2 of 6
[2022-07-31 00:41:13,565] {taskinstance.py:1358} INFO - 
--------------------------------------------------------------------------------
[2022-07-31 00:41:13,600] {taskinstance.py:1377} INFO - Executing <Task(PostgresOperator): create_postgres_table> on 2022-02-02 00:00:00+00:00
[2022-07-31 00:41:13,608] {standard_task_runner.py:52} INFO - Started process 7164 to run task
[2022-07-31 00:41:13,612] {standard_task_runner.py:79} INFO - Running: ['***', 'tasks', 'run', 'dag_with_postgres_operator', 'create_postgres_table', 'scheduled__2022-02-02T00:00:00+00:00', '--job-id', '1232', '--raw', '--subdir', 'DAGS_FOLDER/DAGWithPostgresOperator.py', '--cfg-path', '/tmp/tmpmks5vezz', '--error-file', '/tmp/tmpxjh8pyso']
[2022-07-31 00:41:13,612] {standard_task_runner.py:80} INFO - Job 1232: Subtask create_postgres_table
[2022-07-31 00:41:13,737] {task_command.py:369} INFO - Running <TaskInstance: dag_with_postgres_operator.create_postgres_table scheduled__2022-02-02T00:00:00+00:00 [running]> on host 66bf18ec08cc
[2022-07-31 00:41:13,916] {taskinstance.py:1571} INFO - Exporting the following env vars:
AIRFLOW_CTX_DAG_OWNER=yosr
AIRFLOW_CTX_DAG_ID=dag_with_postgres_operator
AIRFLOW_CTX_TASK_ID=create_postgres_table
AIRFLOW_CTX_EXECUTION_DATE=2022-02-02T00:00:00+00:00
AIRFLOW_CTX_TRY_NUMBER=2
AIRFLOW_CTX_DAG_RUN_ID=scheduled__2022-02-02T00:00:00+00:00
[2022-07-31 00:41:13,943] {base.py:68} INFO - Using connection ID 'postgres_localhost' for task execution.
[2022-07-31 00:41:13,956] {taskinstance.py:1889} ERROR - Task failed with exception
Traceback (most recent call last):
  File "/home/airflow/.local/lib/python3.7/site-packages/airflow/providers/postgres/operators/postgres.py", line 92, in execute
    self.hook.run(self.sql, self.autocommit, parameters=self.parameters)
  File "/home/airflow/.local/lib/python3.7/site-packages/airflow/hooks/dbapi.py", line 181, in run
    with closing(self.get_conn()) as conn:
  File "/home/airflow/.local/lib/python3.7/site-packages/airflow/providers/postgres/hooks/postgres.py", line 113, in get_conn
    self.conn = psycopg2.connect(**conn_args)
  File "/home/airflow/.local/lib/python3.7/site-packages/psycopg2/__init__.py", line 122, in connect
    conn = _connect(dsn, connection_factory=connection_factory, **kwasync)
psycopg2.OperationalError: could not translate host name "host.docker.local " to address: Name or service not known

[2022-07-31 00:41:13,996] {taskinstance.py:1400} INFO - Marking task as UP_FOR_RETRY. dag_id=dag_with_postgres_operator, task_id=create_postgres_table, execution_date=20220202T000000, start_date=20220731T004113, end_date=20220731T004113
[2022-07-31 00:41:14,035] {standard_task_runner.py:97} ERROR - Failed to execute job 1232 for task create_postgres_table (could not translate host name "host.docker.local " to address: Name or service not known
; 7164)
[2022-07-31 00:41:14,059] {local_task_job.py:156} INFO - Task exited with return code 1
[2022-07-31 00:41:14,163] {local_task_job.py:273} INFO - 0 downstream tasks scheduled from follow-on schedule check
[2022-07-31 14:05:26,940] {taskinstance.py:1159} INFO - Dependencies all met for <TaskInstance: dag_with_postgres_operator.create_postgres_table scheduled__2022-02-02T00:00:00+00:00 [queued]>
[2022-07-31 14:05:26,963] {taskinstance.py:1159} INFO - Dependencies all met for <TaskInstance: dag_with_postgres_operator.create_postgres_table scheduled__2022-02-02T00:00:00+00:00 [queued]>
[2022-07-31 14:05:26,963] {taskinstance.py:1356} INFO - 
--------------------------------------------------------------------------------
[2022-07-31 14:05:26,963] {taskinstance.py:1357} INFO - Starting attempt 2 of 6
[2022-07-31 14:05:26,963] {taskinstance.py:1358} INFO - 
--------------------------------------------------------------------------------
[2022-07-31 14:05:26,986] {taskinstance.py:1377} INFO - Executing <Task(PostgresOperator): create_postgres_table> on 2022-02-02 00:00:00+00:00
[2022-07-31 14:05:26,992] {standard_task_runner.py:52} INFO - Started process 3773 to run task
[2022-07-31 14:05:26,996] {standard_task_runner.py:79} INFO - Running: ['***', 'tasks', 'run', 'dag_with_postgres_operator', 'create_postgres_table', 'scheduled__2022-02-02T00:00:00+00:00', '--job-id', '224', '--raw', '--subdir', 'DAGS_FOLDER/DAGWithPostgresOperator.py', '--cfg-path', '/tmp/tmpxwedcayn', '--error-file', '/tmp/tmpt9ru05bi']
[2022-07-31 14:05:26,996] {standard_task_runner.py:80} INFO - Job 224: Subtask create_postgres_table
[2022-07-31 14:05:27,104] {task_command.py:369} INFO - Running <TaskInstance: dag_with_postgres_operator.create_postgres_table scheduled__2022-02-02T00:00:00+00:00 [running]> on host 4688dd3b7141
[2022-07-31 14:05:27,231] {taskinstance.py:1571} INFO - Exporting the following env vars:
AIRFLOW_CTX_DAG_OWNER=yosr
AIRFLOW_CTX_DAG_ID=dag_with_postgres_operator
AIRFLOW_CTX_TASK_ID=create_postgres_table
AIRFLOW_CTX_EXECUTION_DATE=2022-02-02T00:00:00+00:00
AIRFLOW_CTX_TRY_NUMBER=2
AIRFLOW_CTX_DAG_RUN_ID=scheduled__2022-02-02T00:00:00+00:00
[2022-07-31 14:05:27,447] {taskinstance.py:1889} ERROR - Task failed with exception
Traceback (most recent call last):
  File "/home/airflow/.local/lib/python3.7/site-packages/airflow/providers/postgres/operators/postgres.py", line 92, in execute
    self.hook.run(self.sql, self.autocommit, parameters=self.parameters)
  File "/home/airflow/.local/lib/python3.7/site-packages/airflow/hooks/dbapi.py", line 181, in run
    with closing(self.get_conn()) as conn:
  File "/home/airflow/.local/lib/python3.7/site-packages/airflow/providers/postgres/hooks/postgres.py", line 86, in get_conn
    conn = deepcopy(self.connection or self.get_connection(conn_id))
  File "/home/airflow/.local/lib/python3.7/site-packages/airflow/hooks/base.py", line 67, in get_connection
    conn = Connection.get_connection_from_secrets(conn_id)
  File "/home/airflow/.local/lib/python3.7/site-packages/airflow/models/connection.py", line 430, in get_connection_from_secrets
    raise AirflowNotFoundException(f"The conn_id `{conn_id}` isn't defined")
airflow.exceptions.AirflowNotFoundException: The conn_id `postgres_localhost` isn't defined
[2022-07-31 14:05:27,453] {taskinstance.py:1400} INFO - Marking task as UP_FOR_RETRY. dag_id=dag_with_postgres_operator, task_id=create_postgres_table, execution_date=20220202T000000, start_date=20220731T140526, end_date=20220731T140527
[2022-07-31 14:05:27,476] {standard_task_runner.py:97} ERROR - Failed to execute job 224 for task create_postgres_table (The conn_id `postgres_localhost` isn't defined; 3773)
[2022-07-31 14:05:27,499] {local_task_job.py:156} INFO - Task exited with return code 1
[2022-07-31 14:05:27,554] {local_task_job.py:273} INFO - 0 downstream tasks scheduled from follow-on schedule check
