[2022-07-29 11:56:57,142] {taskinstance.py:1159} INFO - Dependencies all met for <TaskInstance: dag_with_taskflow_api.get_age scheduled__2022-01-10T00:00:00+00:00 [queued]>
[2022-07-29 11:56:57,156] {taskinstance.py:1159} INFO - Dependencies all met for <TaskInstance: dag_with_taskflow_api.get_age scheduled__2022-01-10T00:00:00+00:00 [queued]>
[2022-07-29 11:56:57,156] {taskinstance.py:1356} INFO - 
--------------------------------------------------------------------------------
[2022-07-29 11:56:57,156] {taskinstance.py:1357} INFO - Starting attempt 1 of 6
[2022-07-29 11:56:57,156] {taskinstance.py:1358} INFO - 
--------------------------------------------------------------------------------
[2022-07-29 11:56:57,175] {taskinstance.py:1377} INFO - Executing <Task(_PythonDecoratedOperator): get_age> on 2022-01-10 00:00:00+00:00
[2022-07-29 11:56:57,179] {standard_task_runner.py:52} INFO - Started process 8623 to run task
[2022-07-29 11:56:57,182] {standard_task_runner.py:79} INFO - Running: ['***', 'tasks', 'run', 'dag_with_taskflow_api', 'get_age', 'scheduled__2022-01-10T00:00:00+00:00', '--job-id', '1522', '--raw', '--subdir', 'DAGS_FOLDER/DagWithTaskflowApi.py', '--cfg-path', '/tmp/tmpuhtleloi', '--error-file', '/tmp/tmps45ixvm2']
[2022-07-29 11:56:57,183] {standard_task_runner.py:80} INFO - Job 1522: Subtask get_age
[2022-07-29 11:56:57,266] {task_command.py:369} INFO - Running <TaskInstance: dag_with_taskflow_api.get_age scheduled__2022-01-10T00:00:00+00:00 [running]> on host 9f0f006fc89d
[2022-07-29 11:56:57,396] {taskinstance.py:1571} INFO - Exporting the following env vars:
AIRFLOW_CTX_DAG_OWNER=yosr
AIRFLOW_CTX_DAG_ID=dag_with_taskflow_api
AIRFLOW_CTX_TASK_ID=get_age
AIRFLOW_CTX_EXECUTION_DATE=2022-01-10T00:00:00+00:00
AIRFLOW_CTX_TRY_NUMBER=1
AIRFLOW_CTX_DAG_RUN_ID=scheduled__2022-01-10T00:00:00+00:00
[2022-07-29 11:56:57,397] {python.py:173} INFO - Done. Returned value was: 22
[2022-07-29 11:56:57,468] {taskinstance.py:1400} INFO - Marking task as SUCCESS. dag_id=dag_with_taskflow_api, task_id=get_age, execution_date=20220110T000000, start_date=20220729T115657, end_date=20220729T115657
[2022-07-29 11:56:57,521] {local_task_job.py:156} INFO - Task exited with return code 0
[2022-07-29 11:56:57,579] {local_task_job.py:273} INFO - 0 downstream tasks scheduled from follow-on schedule check
