[2022-07-30 18:33:59,795] {taskinstance.py:1159} INFO - Dependencies all met for <TaskInstance: dag_with_postgres_operator.create_postgres_table scheduled__2022-01-20T00:00:00+00:00 [queued]>
[2022-07-30 18:33:59,811] {taskinstance.py:1159} INFO - Dependencies all met for <TaskInstance: dag_with_postgres_operator.create_postgres_table scheduled__2022-01-20T00:00:00+00:00 [queued]>
[2022-07-30 18:33:59,811] {taskinstance.py:1356} INFO - 
--------------------------------------------------------------------------------
[2022-07-30 18:33:59,811] {taskinstance.py:1357} INFO - Starting attempt 2 of 6
[2022-07-30 18:33:59,811] {taskinstance.py:1358} INFO - 
--------------------------------------------------------------------------------
[2022-07-30 18:33:59,829] {taskinstance.py:1377} INFO - Executing <Task(PostgresOperator): create_postgres_table> on 2022-01-20 00:00:00+00:00
[2022-07-30 18:33:59,834] {standard_task_runner.py:52} INFO - Started process 3344 to run task
[2022-07-30 18:33:59,837] {standard_task_runner.py:79} INFO - Running: ['***', 'tasks', 'run', 'dag_with_postgres_operator', 'create_postgres_table', 'scheduled__2022-01-20T00:00:00+00:00', '--job-id', '211', '--raw', '--subdir', 'DAGS_FOLDER/DAGWithPostgresOperator.py', '--cfg-path', '/tmp/tmpettxncaf', '--error-file', '/tmp/tmpg523uppn']
[2022-07-30 18:33:59,837] {standard_task_runner.py:80} INFO - Job 211: Subtask create_postgres_table
[2022-07-30 18:33:59,916] {task_command.py:369} INFO - Running <TaskInstance: dag_with_postgres_operator.create_postgres_table scheduled__2022-01-20T00:00:00+00:00 [running]> on host 66bf18ec08cc
[2022-07-30 18:34:00,018] {taskinstance.py:1571} INFO - Exporting the following env vars:
AIRFLOW_CTX_DAG_OWNER=yosr
AIRFLOW_CTX_DAG_ID=dag_with_postgres_operator
AIRFLOW_CTX_TASK_ID=create_postgres_table
AIRFLOW_CTX_EXECUTION_DATE=2022-01-20T00:00:00+00:00
AIRFLOW_CTX_TRY_NUMBER=2
AIRFLOW_CTX_DAG_RUN_ID=scheduled__2022-01-20T00:00:00+00:00
[2022-07-30 18:34:00,034] {base.py:68} INFO - Using connection ID 'postgres_localhost' for task execution.
[2022-07-30 18:34:00,036] {taskinstance.py:1889} ERROR - Task failed with exception
Traceback (most recent call last):
  File "/home/airflow/.local/lib/python3.7/site-packages/airflow/providers/postgres/operators/postgres.py", line 92, in execute
    self.hook.run(self.sql, self.autocommit, parameters=self.parameters)
  File "/home/airflow/.local/lib/python3.7/site-packages/airflow/hooks/dbapi.py", line 181, in run
    with closing(self.get_conn()) as conn:
  File "/home/airflow/.local/lib/python3.7/site-packages/airflow/providers/postgres/hooks/postgres.py", line 113, in get_conn
    self.conn = psycopg2.connect(**conn_args)
  File "/home/airflow/.local/lib/python3.7/site-packages/psycopg2/__init__.py", line 122, in connect
    conn = _connect(dsn, connection_factory=connection_factory, **kwasync)
psycopg2.OperationalError: could not translate host name "host.docker.internal " to address: Name or service not known

[2022-07-30 18:34:00,048] {taskinstance.py:1400} INFO - Marking task as UP_FOR_RETRY. dag_id=dag_with_postgres_operator, task_id=create_postgres_table, execution_date=20220120T000000, start_date=20220730T183359, end_date=20220730T183400
[2022-07-30 18:34:00,065] {standard_task_runner.py:97} ERROR - Failed to execute job 211 for task create_postgres_table (could not translate host name "host.docker.internal " to address: Name or service not known
; 3344)
[2022-07-30 18:34:00,097] {local_task_job.py:156} INFO - Task exited with return code 1
[2022-07-30 18:34:00,270] {local_task_job.py:273} INFO - 0 downstream tasks scheduled from follow-on schedule check
[2022-07-31 00:41:10,064] {taskinstance.py:1159} INFO - Dependencies all met for <TaskInstance: dag_with_postgres_operator.create_postgres_table scheduled__2022-01-20T00:00:00+00:00 [queued]>
[2022-07-31 00:41:10,153] {taskinstance.py:1159} INFO - Dependencies all met for <TaskInstance: dag_with_postgres_operator.create_postgres_table scheduled__2022-01-20T00:00:00+00:00 [queued]>
[2022-07-31 00:41:10,153] {taskinstance.py:1356} INFO - 
--------------------------------------------------------------------------------
[2022-07-31 00:41:10,153] {taskinstance.py:1357} INFO - Starting attempt 2 of 6
[2022-07-31 00:41:10,154] {taskinstance.py:1358} INFO - 
--------------------------------------------------------------------------------
[2022-07-31 00:41:10,204] {taskinstance.py:1377} INFO - Executing <Task(PostgresOperator): create_postgres_table> on 2022-01-20 00:00:00+00:00
[2022-07-31 00:41:10,211] {standard_task_runner.py:52} INFO - Started process 7144 to run task
[2022-07-31 00:41:10,231] {standard_task_runner.py:79} INFO - Running: ['***', 'tasks', 'run', 'dag_with_postgres_operator', 'create_postgres_table', 'scheduled__2022-01-20T00:00:00+00:00', '--job-id', '1220', '--raw', '--subdir', 'DAGS_FOLDER/DAGWithPostgresOperator.py', '--cfg-path', '/tmp/tmp8w7zk8ug', '--error-file', '/tmp/tmp547dj3p9']
[2022-07-31 00:41:10,232] {standard_task_runner.py:80} INFO - Job 1220: Subtask create_postgres_table
[2022-07-31 00:41:10,492] {task_command.py:369} INFO - Running <TaskInstance: dag_with_postgres_operator.create_postgres_table scheduled__2022-01-20T00:00:00+00:00 [running]> on host 66bf18ec08cc
[2022-07-31 00:41:10,802] {taskinstance.py:1571} INFO - Exporting the following env vars:
AIRFLOW_CTX_DAG_OWNER=yosr
AIRFLOW_CTX_DAG_ID=dag_with_postgres_operator
AIRFLOW_CTX_TASK_ID=create_postgres_table
AIRFLOW_CTX_EXECUTION_DATE=2022-01-20T00:00:00+00:00
AIRFLOW_CTX_TRY_NUMBER=2
AIRFLOW_CTX_DAG_RUN_ID=scheduled__2022-01-20T00:00:00+00:00
[2022-07-31 00:41:10,882] {base.py:68} INFO - Using connection ID 'postgres_localhost' for task execution.
[2022-07-31 00:41:10,883] {taskinstance.py:1889} ERROR - Task failed with exception
Traceback (most recent call last):
  File "/home/airflow/.local/lib/python3.7/site-packages/airflow/providers/postgres/operators/postgres.py", line 92, in execute
    self.hook.run(self.sql, self.autocommit, parameters=self.parameters)
  File "/home/airflow/.local/lib/python3.7/site-packages/airflow/hooks/dbapi.py", line 181, in run
    with closing(self.get_conn()) as conn:
  File "/home/airflow/.local/lib/python3.7/site-packages/airflow/providers/postgres/hooks/postgres.py", line 113, in get_conn
    self.conn = psycopg2.connect(**conn_args)
  File "/home/airflow/.local/lib/python3.7/site-packages/psycopg2/__init__.py", line 122, in connect
    conn = _connect(dsn, connection_factory=connection_factory, **kwasync)
psycopg2.OperationalError: could not translate host name "host.docker.local " to address: Name or service not known

[2022-07-31 00:41:10,937] {taskinstance.py:1400} INFO - Marking task as UP_FOR_RETRY. dag_id=dag_with_postgres_operator, task_id=create_postgres_table, execution_date=20220120T000000, start_date=20220731T004110, end_date=20220731T004110
[2022-07-31 00:41:11,002] {standard_task_runner.py:97} ERROR - Failed to execute job 1220 for task create_postgres_table (could not translate host name "host.docker.local " to address: Name or service not known
; 7144)
[2022-07-31 00:41:11,040] {local_task_job.py:156} INFO - Task exited with return code 1
[2022-07-31 00:41:11,191] {local_task_job.py:273} INFO - 0 downstream tasks scheduled from follow-on schedule check
[2022-07-31 14:05:23,574] {taskinstance.py:1159} INFO - Dependencies all met for <TaskInstance: dag_with_postgres_operator.create_postgres_table scheduled__2022-01-20T00:00:00+00:00 [queued]>
[2022-07-31 14:05:23,608] {taskinstance.py:1159} INFO - Dependencies all met for <TaskInstance: dag_with_postgres_operator.create_postgres_table scheduled__2022-01-20T00:00:00+00:00 [queued]>
[2022-07-31 14:05:23,609] {taskinstance.py:1356} INFO - 
--------------------------------------------------------------------------------
[2022-07-31 14:05:23,610] {taskinstance.py:1357} INFO - Starting attempt 2 of 6
[2022-07-31 14:05:23,610] {taskinstance.py:1358} INFO - 
--------------------------------------------------------------------------------
[2022-07-31 14:05:23,652] {taskinstance.py:1377} INFO - Executing <Task(PostgresOperator): create_postgres_table> on 2022-01-20 00:00:00+00:00
[2022-07-31 14:05:23,665] {standard_task_runner.py:52} INFO - Started process 3753 to run task
[2022-07-31 14:05:23,676] {standard_task_runner.py:79} INFO - Running: ['***', 'tasks', 'run', 'dag_with_postgres_operator', 'create_postgres_table', 'scheduled__2022-01-20T00:00:00+00:00', '--job-id', '211', '--raw', '--subdir', 'DAGS_FOLDER/DAGWithPostgresOperator.py', '--cfg-path', '/tmp/tmpq4q40o4t', '--error-file', '/tmp/tmp91qam_t6']
[2022-07-31 14:05:23,677] {standard_task_runner.py:80} INFO - Job 211: Subtask create_postgres_table
[2022-07-31 14:05:23,876] {task_command.py:369} INFO - Running <TaskInstance: dag_with_postgres_operator.create_postgres_table scheduled__2022-01-20T00:00:00+00:00 [running]> on host 4688dd3b7141
[2022-07-31 14:05:24,103] {taskinstance.py:1571} INFO - Exporting the following env vars:
AIRFLOW_CTX_DAG_OWNER=yosr
AIRFLOW_CTX_DAG_ID=dag_with_postgres_operator
AIRFLOW_CTX_TASK_ID=create_postgres_table
AIRFLOW_CTX_EXECUTION_DATE=2022-01-20T00:00:00+00:00
AIRFLOW_CTX_TRY_NUMBER=2
AIRFLOW_CTX_DAG_RUN_ID=scheduled__2022-01-20T00:00:00+00:00
[2022-07-31 14:05:24,173] {taskinstance.py:1889} ERROR - Task failed with exception
Traceback (most recent call last):
  File "/home/airflow/.local/lib/python3.7/site-packages/airflow/providers/postgres/operators/postgres.py", line 92, in execute
    self.hook.run(self.sql, self.autocommit, parameters=self.parameters)
  File "/home/airflow/.local/lib/python3.7/site-packages/airflow/hooks/dbapi.py", line 181, in run
    with closing(self.get_conn()) as conn:
  File "/home/airflow/.local/lib/python3.7/site-packages/airflow/providers/postgres/hooks/postgres.py", line 86, in get_conn
    conn = deepcopy(self.connection or self.get_connection(conn_id))
  File "/home/airflow/.local/lib/python3.7/site-packages/airflow/hooks/base.py", line 67, in get_connection
    conn = Connection.get_connection_from_secrets(conn_id)
  File "/home/airflow/.local/lib/python3.7/site-packages/airflow/models/connection.py", line 430, in get_connection_from_secrets
    raise AirflowNotFoundException(f"The conn_id `{conn_id}` isn't defined")
airflow.exceptions.AirflowNotFoundException: The conn_id `postgres_localhost` isn't defined
[2022-07-31 14:05:24,180] {taskinstance.py:1400} INFO - Marking task as UP_FOR_RETRY. dag_id=dag_with_postgres_operator, task_id=create_postgres_table, execution_date=20220120T000000, start_date=20220731T140523, end_date=20220731T140524
[2022-07-31 14:05:24,204] {standard_task_runner.py:97} ERROR - Failed to execute job 211 for task create_postgres_table (The conn_id `postgres_localhost` isn't defined; 3753)
[2022-07-31 14:05:24,237] {local_task_job.py:156} INFO - Task exited with return code 1
[2022-07-31 14:05:24,396] {local_task_job.py:273} INFO - 0 downstream tasks scheduled from follow-on schedule check
