[2022-07-29 12:22:37,911] {taskinstance.py:1159} INFO - Dependencies all met for <TaskInstance: dag_with_cron_expression.task1 scheduled__2022-06-10T03:00:00+00:00 [queued]>
[2022-07-29 12:22:37,925] {taskinstance.py:1159} INFO - Dependencies all met for <TaskInstance: dag_with_cron_expression.task1 scheduled__2022-06-10T03:00:00+00:00 [queued]>
[2022-07-29 12:22:37,925] {taskinstance.py:1356} INFO - 
--------------------------------------------------------------------------------
[2022-07-29 12:22:37,925] {taskinstance.py:1357} INFO - Starting attempt 1 of 6
[2022-07-29 12:22:37,925] {taskinstance.py:1358} INFO - 
--------------------------------------------------------------------------------
[2022-07-29 12:22:37,948] {taskinstance.py:1377} INFO - Executing <Task(BashOperator): task1> on 2022-06-10 03:00:00+00:00
[2022-07-29 12:22:37,953] {standard_task_runner.py:52} INFO - Started process 11419 to run task
[2022-07-29 12:22:37,956] {standard_task_runner.py:79} INFO - Running: ['***', 'tasks', 'run', 'dag_with_cron_expression', 'task1', 'scheduled__2022-06-10T03:00:00+00:00', '--job-id', '2264', '--raw', '--subdir', 'DAGS_FOLDER/DagWithCronExpression.py', '--cfg-path', '/tmp/tmp3ozc84u0', '--error-file', '/tmp/tmptzv0417h']
[2022-07-29 12:22:37,957] {standard_task_runner.py:80} INFO - Job 2264: Subtask task1
[2022-07-29 12:22:38,030] {task_command.py:369} INFO - Running <TaskInstance: dag_with_cron_expression.task1 scheduled__2022-06-10T03:00:00+00:00 [running]> on host 9f0f006fc89d
[2022-07-29 12:22:38,130] {taskinstance.py:1571} INFO - Exporting the following env vars:
AIRFLOW_CTX_DAG_OWNER=yosr
AIRFLOW_CTX_DAG_ID=dag_with_cron_expression
AIRFLOW_CTX_TASK_ID=task1
AIRFLOW_CTX_EXECUTION_DATE=2022-06-10T03:00:00+00:00
AIRFLOW_CTX_TRY_NUMBER=1
AIRFLOW_CTX_DAG_RUN_ID=scheduled__2022-06-10T03:00:00+00:00
[2022-07-29 12:22:38,131] {subprocess.py:62} INFO - Tmp dir root location: 
 /tmp
[2022-07-29 12:22:38,131] {subprocess.py:74} INFO - Running command: ['bash', '-c', 'echo dag with cron expression!']
[2022-07-29 12:22:38,141] {subprocess.py:85} INFO - Output:
[2022-07-29 12:22:38,143] {subprocess.py:92} INFO - dag with cron expression!
[2022-07-29 12:22:38,143] {subprocess.py:96} INFO - Command exited with return code 0
[2022-07-29 12:22:38,183] {taskinstance.py:1400} INFO - Marking task as SUCCESS. dag_id=dag_with_cron_expression, task_id=task1, execution_date=20220610T030000, start_date=20220729T122237, end_date=20220729T122238
[2022-07-29 12:22:38,215] {local_task_job.py:156} INFO - Task exited with return code 0
[2022-07-29 12:22:38,252] {local_task_job.py:273} INFO - 0 downstream tasks scheduled from follow-on schedule check
