[2022-07-29 11:10:35,050] {taskinstance.py:1159} INFO - Dependencies all met for <TaskInstance: Second_one__.first_task scheduled__2021-08-12T00:00:00+00:00 [queued]>
[2022-07-29 11:10:35,066] {taskinstance.py:1159} INFO - Dependencies all met for <TaskInstance: Second_one__.first_task scheduled__2021-08-12T00:00:00+00:00 [queued]>
[2022-07-29 11:10:35,066] {taskinstance.py:1356} INFO - 
--------------------------------------------------------------------------------
[2022-07-29 11:10:35,066] {taskinstance.py:1357} INFO - Starting attempt 6 of 6
[2022-07-29 11:10:35,066] {taskinstance.py:1358} INFO - 
--------------------------------------------------------------------------------
[2022-07-29 11:10:35,089] {taskinstance.py:1377} INFO - Executing <Task(BashOperator): first_task> on 2021-08-12 00:00:00+00:00
[2022-07-29 11:10:35,096] {standard_task_runner.py:52} INFO - Started process 4226 to run task
[2022-07-29 11:10:35,099] {standard_task_runner.py:79} INFO - Running: ['***', 'tasks', 'run', 'Second_one__', 'first_task', 'scheduled__2021-08-12T00:00:00+00:00', '--job-id', '387', '--raw', '--subdir', 'DAGS_FOLDER/Second_One.py', '--cfg-path', '/tmp/tmplxr582ia', '--error-file', '/tmp/tmpao12fgb6']
[2022-07-29 11:10:35,100] {standard_task_runner.py:80} INFO - Job 387: Subtask first_task
[2022-07-29 11:10:35,181] {task_command.py:369} INFO - Running <TaskInstance: Second_one__.first_task scheduled__2021-08-12T00:00:00+00:00 [running]> on host 9f0f006fc89d
[2022-07-29 11:10:35,298] {taskinstance.py:1571} INFO - Exporting the following env vars:
AIRFLOW_CTX_DAG_OWNER=yosr
AIRFLOW_CTX_DAG_ID=Second_one__
AIRFLOW_CTX_TASK_ID=first_task
AIRFLOW_CTX_EXECUTION_DATE=2021-08-12T00:00:00+00:00
AIRFLOW_CTX_TRY_NUMBER=6
AIRFLOW_CTX_DAG_RUN_ID=scheduled__2021-08-12T00:00:00+00:00
[2022-07-29 11:10:35,299] {subprocess.py:62} INFO - Tmp dir root location: 
 /tmp
[2022-07-29 11:10:35,300] {subprocess.py:74} INFO - Running command: ['bash', '-c', "echo hello world, I'm the first task"]
[2022-07-29 11:10:35,316] {subprocess.py:85} INFO - Output:
[2022-07-29 11:10:35,318] {subprocess.py:92} INFO - bash: -c: line 1: unexpected EOF while looking for matching `''
[2022-07-29 11:10:35,318] {subprocess.py:92} INFO - bash: -c: line 2: syntax error: unexpected end of file
[2022-07-29 11:10:35,318] {subprocess.py:96} INFO - Command exited with return code 2
[2022-07-29 11:10:35,364] {taskinstance.py:1889} ERROR - Task failed with exception
Traceback (most recent call last):
  File "/home/airflow/.local/lib/python3.7/site-packages/airflow/operators/bash.py", line 195, in execute
    f'Bash command failed. The command returned a non-zero exit code {result.exit_code}.'
airflow.exceptions.AirflowException: Bash command failed. The command returned a non-zero exit code 2.
[2022-07-29 11:10:35,369] {taskinstance.py:1400} INFO - Marking task as FAILED. dag_id=Second_one__, task_id=first_task, execution_date=20210812T000000, start_date=20220729T111035, end_date=20220729T111035
[2022-07-29 11:10:35,389] {standard_task_runner.py:97} ERROR - Failed to execute job 387 for task first_task (Bash command failed. The command returned a non-zero exit code 2.; 4226)
[2022-07-29 11:10:35,405] {local_task_job.py:156} INFO - Task exited with return code 1
[2022-07-29 11:10:35,472] {local_task_job.py:273} INFO - 0 downstream tasks scheduled from follow-on schedule check
