[2022-07-30 18:59:20,334] {taskinstance.py:1159} INFO - Dependencies all met for <TaskInstance: dag_with_postgres_operator.create_postgres_table scheduled__2022-02-18T00:00:00+00:00 [queued]>
[2022-07-30 18:59:20,347] {taskinstance.py:1159} INFO - Dependencies all met for <TaskInstance: dag_with_postgres_operator.create_postgres_table scheduled__2022-02-18T00:00:00+00:00 [queued]>
[2022-07-30 18:59:20,348] {taskinstance.py:1356} INFO - 
--------------------------------------------------------------------------------
[2022-07-30 18:59:20,348] {taskinstance.py:1357} INFO - Starting attempt 2 of 6
[2022-07-30 18:59:20,348] {taskinstance.py:1358} INFO - 
--------------------------------------------------------------------------------
[2022-07-30 18:59:20,364] {taskinstance.py:1377} INFO - Executing <Task(PostgresOperator): create_postgres_table> on 2022-02-18 00:00:00+00:00
[2022-07-30 18:59:20,369] {standard_task_runner.py:52} INFO - Started process 4740 to run task
[2022-07-30 18:59:20,372] {standard_task_runner.py:79} INFO - Running: ['***', 'tasks', 'run', 'dag_with_postgres_operator', 'create_postgres_table', 'scheduled__2022-02-18T00:00:00+00:00', '--job-id', '320', '--raw', '--subdir', 'DAGS_FOLDER/DAGWithPostgresOperator.py', '--cfg-path', '/tmp/tmpsbo8k758', '--error-file', '/tmp/tmpdy7vrr_x']
[2022-07-30 18:59:20,372] {standard_task_runner.py:80} INFO - Job 320: Subtask create_postgres_table
[2022-07-30 18:59:20,430] {task_command.py:369} INFO - Running <TaskInstance: dag_with_postgres_operator.create_postgres_table scheduled__2022-02-18T00:00:00+00:00 [running]> on host 66bf18ec08cc
[2022-07-30 18:59:20,501] {taskinstance.py:1571} INFO - Exporting the following env vars:
AIRFLOW_CTX_DAG_OWNER=yosr
AIRFLOW_CTX_DAG_ID=dag_with_postgres_operator
AIRFLOW_CTX_TASK_ID=create_postgres_table
AIRFLOW_CTX_EXECUTION_DATE=2022-02-18T00:00:00+00:00
AIRFLOW_CTX_TRY_NUMBER=2
AIRFLOW_CTX_DAG_RUN_ID=scheduled__2022-02-18T00:00:00+00:00
[2022-07-30 18:59:20,512] {base.py:68} INFO - Using connection ID 'postgres_localhost' for task execution.
[2022-07-30 18:59:20,513] {taskinstance.py:1889} ERROR - Task failed with exception
Traceback (most recent call last):
  File "/home/airflow/.local/lib/python3.7/site-packages/airflow/providers/postgres/operators/postgres.py", line 92, in execute
    self.hook.run(self.sql, self.autocommit, parameters=self.parameters)
  File "/home/airflow/.local/lib/python3.7/site-packages/airflow/hooks/dbapi.py", line 181, in run
    with closing(self.get_conn()) as conn:
  File "/home/airflow/.local/lib/python3.7/site-packages/airflow/providers/postgres/hooks/postgres.py", line 113, in get_conn
    self.conn = psycopg2.connect(**conn_args)
  File "/home/airflow/.local/lib/python3.7/site-packages/psycopg2/__init__.py", line 122, in connect
    conn = _connect(dsn, connection_factory=connection_factory, **kwasync)
psycopg2.OperationalError: could not translate host name "host.docker.internal " to address: Name or service not known

[2022-07-30 18:59:20,523] {taskinstance.py:1400} INFO - Marking task as UP_FOR_RETRY. dag_id=dag_with_postgres_operator, task_id=create_postgres_table, execution_date=20220218T000000, start_date=20220730T185920, end_date=20220730T185920
[2022-07-30 18:59:20,537] {standard_task_runner.py:97} ERROR - Failed to execute job 320 for task create_postgres_table (could not translate host name "host.docker.internal " to address: Name or service not known
; 4740)
[2022-07-30 18:59:20,550] {local_task_job.py:156} INFO - Task exited with return code 1
[2022-07-30 18:59:20,591] {local_task_job.py:273} INFO - 0 downstream tasks scheduled from follow-on schedule check
[2022-07-31 10:01:36,117] {taskinstance.py:1159} INFO - Dependencies all met for <TaskInstance: dag_with_postgres_operator.create_postgres_table scheduled__2022-02-18T00:00:00+00:00 [queued]>
[2022-07-31 10:01:36,138] {taskinstance.py:1159} INFO - Dependencies all met for <TaskInstance: dag_with_postgres_operator.create_postgres_table scheduled__2022-02-18T00:00:00+00:00 [queued]>
[2022-07-31 10:01:36,138] {taskinstance.py:1356} INFO - 
--------------------------------------------------------------------------------
[2022-07-31 10:01:36,138] {taskinstance.py:1357} INFO - Starting attempt 2 of 6
[2022-07-31 10:01:36,138] {taskinstance.py:1358} INFO - 
--------------------------------------------------------------------------------
[2022-07-31 10:01:36,161] {taskinstance.py:1377} INFO - Executing <Task(PostgresOperator): create_postgres_table> on 2022-02-18 00:00:00+00:00
[2022-07-31 10:01:36,165] {standard_task_runner.py:52} INFO - Started process 1223 to run task
[2022-07-31 10:01:36,168] {standard_task_runner.py:79} INFO - Running: ['***', 'tasks', 'run', 'dag_with_postgres_operator', 'create_postgres_table', 'scheduled__2022-02-18T00:00:00+00:00', '--job-id', '1330', '--raw', '--subdir', 'DAGS_FOLDER/DAGWithPostgresOperator.py', '--cfg-path', '/tmp/tmpgd3p4_js', '--error-file', '/tmp/tmp6zwlax_v']
[2022-07-31 10:01:36,169] {standard_task_runner.py:80} INFO - Job 1330: Subtask create_postgres_table
[2022-07-31 10:01:36,239] {task_command.py:369} INFO - Running <TaskInstance: dag_with_postgres_operator.create_postgres_table scheduled__2022-02-18T00:00:00+00:00 [running]> on host 66bf18ec08cc
[2022-07-31 10:01:36,342] {taskinstance.py:1571} INFO - Exporting the following env vars:
AIRFLOW_CTX_DAG_OWNER=yosr
AIRFLOW_CTX_DAG_ID=dag_with_postgres_operator
AIRFLOW_CTX_TASK_ID=create_postgres_table
AIRFLOW_CTX_EXECUTION_DATE=2022-02-18T00:00:00+00:00
AIRFLOW_CTX_TRY_NUMBER=2
AIRFLOW_CTX_DAG_RUN_ID=scheduled__2022-02-18T00:00:00+00:00
[2022-07-31 10:01:36,359] {base.py:68} INFO - Using connection ID 'postgres_localhost' for task execution.
[2022-07-31 10:01:36,361] {taskinstance.py:1889} ERROR - Task failed with exception
Traceback (most recent call last):
  File "/home/airflow/.local/lib/python3.7/site-packages/airflow/providers/postgres/operators/postgres.py", line 92, in execute
    self.hook.run(self.sql, self.autocommit, parameters=self.parameters)
  File "/home/airflow/.local/lib/python3.7/site-packages/airflow/hooks/dbapi.py", line 181, in run
    with closing(self.get_conn()) as conn:
  File "/home/airflow/.local/lib/python3.7/site-packages/airflow/providers/postgres/hooks/postgres.py", line 113, in get_conn
    self.conn = psycopg2.connect(**conn_args)
  File "/home/airflow/.local/lib/python3.7/site-packages/psycopg2/__init__.py", line 122, in connect
    conn = _connect(dsn, connection_factory=connection_factory, **kwasync)
psycopg2.OperationalError: could not translate host name "host.docker.local " to address: Name or service not known

[2022-07-31 10:01:36,376] {taskinstance.py:1400} INFO - Marking task as UP_FOR_RETRY. dag_id=dag_with_postgres_operator, task_id=create_postgres_table, execution_date=20220218T000000, start_date=20220731T100136, end_date=20220731T100136
[2022-07-31 10:01:36,398] {standard_task_runner.py:97} ERROR - Failed to execute job 1330 for task create_postgres_table (could not translate host name "host.docker.local " to address: Name or service not known
; 1223)
[2022-07-31 10:01:36,440] {local_task_job.py:156} INFO - Task exited with return code 1
[2022-07-31 10:01:36,648] {local_task_job.py:273} INFO - 0 downstream tasks scheduled from follow-on schedule check
[2022-07-31 14:30:38,880] {taskinstance.py:1159} INFO - Dependencies all met for <TaskInstance: dag_with_postgres_operator.create_postgres_table scheduled__2022-02-18T00:00:00+00:00 [queued]>
[2022-07-31 14:30:38,898] {taskinstance.py:1159} INFO - Dependencies all met for <TaskInstance: dag_with_postgres_operator.create_postgres_table scheduled__2022-02-18T00:00:00+00:00 [queued]>
[2022-07-31 14:30:38,899] {taskinstance.py:1356} INFO - 
--------------------------------------------------------------------------------
[2022-07-31 14:30:38,899] {taskinstance.py:1357} INFO - Starting attempt 2 of 6
[2022-07-31 14:30:38,899] {taskinstance.py:1358} INFO - 
--------------------------------------------------------------------------------
[2022-07-31 14:30:38,920] {taskinstance.py:1377} INFO - Executing <Task(PostgresOperator): create_postgres_table> on 2022-02-18 00:00:00+00:00
[2022-07-31 14:30:38,925] {standard_task_runner.py:52} INFO - Started process 5135 to run task
[2022-07-31 14:30:38,929] {standard_task_runner.py:79} INFO - Running: ['***', 'tasks', 'run', 'dag_with_postgres_operator', 'create_postgres_table', 'scheduled__2022-02-18T00:00:00+00:00', '--job-id', '320', '--raw', '--subdir', 'DAGS_FOLDER/DAGWithPostgresOperator.py', '--cfg-path', '/tmp/tmpg2cnkihd', '--error-file', '/tmp/tmpv2ih5kp4']
[2022-07-31 14:30:38,929] {standard_task_runner.py:80} INFO - Job 320: Subtask create_postgres_table
[2022-07-31 14:30:39,010] {task_command.py:369} INFO - Running <TaskInstance: dag_with_postgres_operator.create_postgres_table scheduled__2022-02-18T00:00:00+00:00 [running]> on host 4688dd3b7141
[2022-07-31 14:30:39,111] {taskinstance.py:1571} INFO - Exporting the following env vars:
AIRFLOW_CTX_DAG_OWNER=yosr
AIRFLOW_CTX_DAG_ID=dag_with_postgres_operator
AIRFLOW_CTX_TASK_ID=create_postgres_table
AIRFLOW_CTX_EXECUTION_DATE=2022-02-18T00:00:00+00:00
AIRFLOW_CTX_TRY_NUMBER=2
AIRFLOW_CTX_DAG_RUN_ID=scheduled__2022-02-18T00:00:00+00:00
[2022-07-31 14:30:39,216] {taskinstance.py:1889} ERROR - Task failed with exception
Traceback (most recent call last):
  File "/home/airflow/.local/lib/python3.7/site-packages/airflow/providers/postgres/operators/postgres.py", line 92, in execute
    self.hook.run(self.sql, self.autocommit, parameters=self.parameters)
  File "/home/airflow/.local/lib/python3.7/site-packages/airflow/hooks/dbapi.py", line 181, in run
    with closing(self.get_conn()) as conn:
  File "/home/airflow/.local/lib/python3.7/site-packages/airflow/providers/postgres/hooks/postgres.py", line 86, in get_conn
    conn = deepcopy(self.connection or self.get_connection(conn_id))
  File "/home/airflow/.local/lib/python3.7/site-packages/airflow/hooks/base.py", line 67, in get_connection
    conn = Connection.get_connection_from_secrets(conn_id)
  File "/home/airflow/.local/lib/python3.7/site-packages/airflow/models/connection.py", line 430, in get_connection_from_secrets
    raise AirflowNotFoundException(f"The conn_id `{conn_id}` isn't defined")
airflow.exceptions.AirflowNotFoundException: The conn_id `postgres_localhost` isn't defined
[2022-07-31 14:30:39,221] {taskinstance.py:1400} INFO - Marking task as UP_FOR_RETRY. dag_id=dag_with_postgres_operator, task_id=create_postgres_table, execution_date=20220218T000000, start_date=20220731T143038, end_date=20220731T143039
[2022-07-31 14:30:39,241] {standard_task_runner.py:97} ERROR - Failed to execute job 320 for task create_postgres_table (The conn_id `postgres_localhost` isn't defined; 5135)
[2022-07-31 14:30:39,269] {local_task_job.py:156} INFO - Task exited with return code 1
[2022-07-31 14:30:39,322] {local_task_job.py:273} INFO - 0 downstream tasks scheduled from follow-on schedule check
