[2022-07-30 18:54:19,671] {taskinstance.py:1159} INFO - Dependencies all met for <TaskInstance: dag_with_postgres_operator.create_postgres_table scheduled__2022-02-18T00:00:00+00:00 [queued]>
[2022-07-30 18:54:19,690] {taskinstance.py:1159} INFO - Dependencies all met for <TaskInstance: dag_with_postgres_operator.create_postgres_table scheduled__2022-02-18T00:00:00+00:00 [queued]>
[2022-07-30 18:54:19,690] {taskinstance.py:1356} INFO - 
--------------------------------------------------------------------------------
[2022-07-30 18:54:19,690] {taskinstance.py:1357} INFO - Starting attempt 1 of 6
[2022-07-30 18:54:19,690] {taskinstance.py:1358} INFO - 
--------------------------------------------------------------------------------
[2022-07-30 18:54:19,717] {taskinstance.py:1377} INFO - Executing <Task(PostgresOperator): create_postgres_table> on 2022-02-18 00:00:00+00:00
[2022-07-30 18:54:19,725] {standard_task_runner.py:52} INFO - Started process 4477 to run task
[2022-07-30 18:54:19,734] {standard_task_runner.py:79} INFO - Running: ['***', 'tasks', 'run', 'dag_with_postgres_operator', 'create_postgres_table', 'scheduled__2022-02-18T00:00:00+00:00', '--job-id', '304', '--raw', '--subdir', 'DAGS_FOLDER/DAGWithPostgresOperator.py', '--cfg-path', '/tmp/tmp6vz_lpcv', '--error-file', '/tmp/tmpd7ud0ynq']
[2022-07-30 18:54:19,735] {standard_task_runner.py:80} INFO - Job 304: Subtask create_postgres_table
[2022-07-30 18:54:19,826] {task_command.py:369} INFO - Running <TaskInstance: dag_with_postgres_operator.create_postgres_table scheduled__2022-02-18T00:00:00+00:00 [running]> on host 66bf18ec08cc
[2022-07-30 18:54:19,944] {taskinstance.py:1571} INFO - Exporting the following env vars:
AIRFLOW_CTX_DAG_OWNER=yosr
AIRFLOW_CTX_DAG_ID=dag_with_postgres_operator
AIRFLOW_CTX_TASK_ID=create_postgres_table
AIRFLOW_CTX_EXECUTION_DATE=2022-02-18T00:00:00+00:00
AIRFLOW_CTX_TRY_NUMBER=1
AIRFLOW_CTX_DAG_RUN_ID=scheduled__2022-02-18T00:00:00+00:00
[2022-07-30 18:54:19,959] {base.py:68} INFO - Using connection ID 'postgres_localhost' for task execution.
[2022-07-30 18:54:19,961] {taskinstance.py:1889} ERROR - Task failed with exception
Traceback (most recent call last):
  File "/home/airflow/.local/lib/python3.7/site-packages/airflow/providers/postgres/operators/postgres.py", line 92, in execute
    self.hook.run(self.sql, self.autocommit, parameters=self.parameters)
  File "/home/airflow/.local/lib/python3.7/site-packages/airflow/hooks/dbapi.py", line 181, in run
    with closing(self.get_conn()) as conn:
  File "/home/airflow/.local/lib/python3.7/site-packages/airflow/providers/postgres/hooks/postgres.py", line 113, in get_conn
    self.conn = psycopg2.connect(**conn_args)
  File "/home/airflow/.local/lib/python3.7/site-packages/psycopg2/__init__.py", line 122, in connect
    conn = _connect(dsn, connection_factory=connection_factory, **kwasync)
psycopg2.OperationalError: could not translate host name "host.docker.internal " to address: Name or service not known

[2022-07-30 18:54:19,978] {taskinstance.py:1400} INFO - Marking task as UP_FOR_RETRY. dag_id=dag_with_postgres_operator, task_id=create_postgres_table, execution_date=20220218T000000, start_date=20220730T185419, end_date=20220730T185419
[2022-07-30 18:54:19,997] {standard_task_runner.py:97} ERROR - Failed to execute job 304 for task create_postgres_table (could not translate host name "host.docker.internal " to address: Name or service not known
; 4477)
[2022-07-30 18:54:20,030] {local_task_job.py:156} INFO - Task exited with return code 1
[2022-07-30 18:54:20,162] {local_task_job.py:273} INFO - 0 downstream tasks scheduled from follow-on schedule check
[2022-07-31 09:56:35,101] {taskinstance.py:1159} INFO - Dependencies all met for <TaskInstance: dag_with_postgres_operator.create_postgres_table scheduled__2022-02-18T00:00:00+00:00 [queued]>
[2022-07-31 09:56:35,120] {taskinstance.py:1159} INFO - Dependencies all met for <TaskInstance: dag_with_postgres_operator.create_postgres_table scheduled__2022-02-18T00:00:00+00:00 [queued]>
[2022-07-31 09:56:35,120] {taskinstance.py:1356} INFO - 
--------------------------------------------------------------------------------
[2022-07-31 09:56:35,120] {taskinstance.py:1357} INFO - Starting attempt 1 of 6
[2022-07-31 09:56:35,121] {taskinstance.py:1358} INFO - 
--------------------------------------------------------------------------------
[2022-07-31 09:56:35,147] {taskinstance.py:1377} INFO - Executing <Task(PostgresOperator): create_postgres_table> on 2022-02-18 00:00:00+00:00
[2022-07-31 09:56:35,152] {standard_task_runner.py:52} INFO - Started process 958 to run task
[2022-07-31 09:56:35,155] {standard_task_runner.py:79} INFO - Running: ['***', 'tasks', 'run', 'dag_with_postgres_operator', 'create_postgres_table', 'scheduled__2022-02-18T00:00:00+00:00', '--job-id', '1314', '--raw', '--subdir', 'DAGS_FOLDER/DAGWithPostgresOperator.py', '--cfg-path', '/tmp/tmpaky8i3kk', '--error-file', '/tmp/tmp_0_y3xbb']
[2022-07-31 09:56:35,155] {standard_task_runner.py:80} INFO - Job 1314: Subtask create_postgres_table
[2022-07-31 09:56:35,232] {task_command.py:369} INFO - Running <TaskInstance: dag_with_postgres_operator.create_postgres_table scheduled__2022-02-18T00:00:00+00:00 [running]> on host 66bf18ec08cc
[2022-07-31 09:56:35,351] {taskinstance.py:1571} INFO - Exporting the following env vars:
AIRFLOW_CTX_DAG_OWNER=yosr
AIRFLOW_CTX_DAG_ID=dag_with_postgres_operator
AIRFLOW_CTX_TASK_ID=create_postgres_table
AIRFLOW_CTX_EXECUTION_DATE=2022-02-18T00:00:00+00:00
AIRFLOW_CTX_TRY_NUMBER=1
AIRFLOW_CTX_DAG_RUN_ID=scheduled__2022-02-18T00:00:00+00:00
[2022-07-31 09:56:35,368] {base.py:68} INFO - Using connection ID 'postgres_localhost' for task execution.
[2022-07-31 09:56:35,369] {taskinstance.py:1889} ERROR - Task failed with exception
Traceback (most recent call last):
  File "/home/airflow/.local/lib/python3.7/site-packages/airflow/providers/postgres/operators/postgres.py", line 92, in execute
    self.hook.run(self.sql, self.autocommit, parameters=self.parameters)
  File "/home/airflow/.local/lib/python3.7/site-packages/airflow/hooks/dbapi.py", line 181, in run
    with closing(self.get_conn()) as conn:
  File "/home/airflow/.local/lib/python3.7/site-packages/airflow/providers/postgres/hooks/postgres.py", line 113, in get_conn
    self.conn = psycopg2.connect(**conn_args)
  File "/home/airflow/.local/lib/python3.7/site-packages/psycopg2/__init__.py", line 122, in connect
    conn = _connect(dsn, connection_factory=connection_factory, **kwasync)
psycopg2.OperationalError: could not translate host name "host.docker.local " to address: Name or service not known

[2022-07-31 09:56:35,383] {taskinstance.py:1400} INFO - Marking task as UP_FOR_RETRY. dag_id=dag_with_postgres_operator, task_id=create_postgres_table, execution_date=20220218T000000, start_date=20220731T095635, end_date=20220731T095635
[2022-07-31 09:56:35,402] {standard_task_runner.py:97} ERROR - Failed to execute job 1314 for task create_postgres_table (could not translate host name "host.docker.local " to address: Name or service not known
; 958)
[2022-07-31 09:56:35,415] {local_task_job.py:156} INFO - Task exited with return code 1
[2022-07-31 09:56:35,511] {local_task_job.py:273} INFO - 0 downstream tasks scheduled from follow-on schedule check
[2022-07-31 14:25:38,020] {taskinstance.py:1159} INFO - Dependencies all met for <TaskInstance: dag_with_postgres_operator.create_postgres_table scheduled__2022-02-18T00:00:00+00:00 [queued]>
[2022-07-31 14:25:38,039] {taskinstance.py:1159} INFO - Dependencies all met for <TaskInstance: dag_with_postgres_operator.create_postgres_table scheduled__2022-02-18T00:00:00+00:00 [queued]>
[2022-07-31 14:25:38,039] {taskinstance.py:1356} INFO - 
--------------------------------------------------------------------------------
[2022-07-31 14:25:38,040] {taskinstance.py:1357} INFO - Starting attempt 1 of 6
[2022-07-31 14:25:38,040] {taskinstance.py:1358} INFO - 
--------------------------------------------------------------------------------
[2022-07-31 14:25:38,061] {taskinstance.py:1377} INFO - Executing <Task(PostgresOperator): create_postgres_table> on 2022-02-18 00:00:00+00:00
[2022-07-31 14:25:38,066] {standard_task_runner.py:52} INFO - Started process 4868 to run task
[2022-07-31 14:25:38,069] {standard_task_runner.py:79} INFO - Running: ['***', 'tasks', 'run', 'dag_with_postgres_operator', 'create_postgres_table', 'scheduled__2022-02-18T00:00:00+00:00', '--job-id', '304', '--raw', '--subdir', 'DAGS_FOLDER/DAGWithPostgresOperator.py', '--cfg-path', '/tmp/tmpocpa3evh', '--error-file', '/tmp/tmpyi7fc_n7']
[2022-07-31 14:25:38,070] {standard_task_runner.py:80} INFO - Job 304: Subtask create_postgres_table
[2022-07-31 14:25:38,152] {task_command.py:369} INFO - Running <TaskInstance: dag_with_postgres_operator.create_postgres_table scheduled__2022-02-18T00:00:00+00:00 [running]> on host 4688dd3b7141
[2022-07-31 14:25:38,255] {taskinstance.py:1571} INFO - Exporting the following env vars:
AIRFLOW_CTX_DAG_OWNER=yosr
AIRFLOW_CTX_DAG_ID=dag_with_postgres_operator
AIRFLOW_CTX_TASK_ID=create_postgres_table
AIRFLOW_CTX_EXECUTION_DATE=2022-02-18T00:00:00+00:00
AIRFLOW_CTX_TRY_NUMBER=1
AIRFLOW_CTX_DAG_RUN_ID=scheduled__2022-02-18T00:00:00+00:00
[2022-07-31 14:25:38,360] {taskinstance.py:1889} ERROR - Task failed with exception
Traceback (most recent call last):
  File "/home/airflow/.local/lib/python3.7/site-packages/airflow/providers/postgres/operators/postgres.py", line 92, in execute
    self.hook.run(self.sql, self.autocommit, parameters=self.parameters)
  File "/home/airflow/.local/lib/python3.7/site-packages/airflow/hooks/dbapi.py", line 181, in run
    with closing(self.get_conn()) as conn:
  File "/home/airflow/.local/lib/python3.7/site-packages/airflow/providers/postgres/hooks/postgres.py", line 86, in get_conn
    conn = deepcopy(self.connection or self.get_connection(conn_id))
  File "/home/airflow/.local/lib/python3.7/site-packages/airflow/hooks/base.py", line 67, in get_connection
    conn = Connection.get_connection_from_secrets(conn_id)
  File "/home/airflow/.local/lib/python3.7/site-packages/airflow/models/connection.py", line 430, in get_connection_from_secrets
    raise AirflowNotFoundException(f"The conn_id `{conn_id}` isn't defined")
airflow.exceptions.AirflowNotFoundException: The conn_id `postgres_localhost` isn't defined
[2022-07-31 14:25:38,367] {taskinstance.py:1400} INFO - Marking task as UP_FOR_RETRY. dag_id=dag_with_postgres_operator, task_id=create_postgres_table, execution_date=20220218T000000, start_date=20220731T142538, end_date=20220731T142538
[2022-07-31 14:25:38,385] {standard_task_runner.py:97} ERROR - Failed to execute job 304 for task create_postgres_table (The conn_id `postgres_localhost` isn't defined; 4868)
[2022-07-31 14:25:38,410] {local_task_job.py:156} INFO - Task exited with return code 1
[2022-07-31 14:25:38,458] {local_task_job.py:273} INFO - 0 downstream tasks scheduled from follow-on schedule check
