[2022-07-30 19:09:22,322] {taskinstance.py:1159} INFO - Dependencies all met for <TaskInstance: dag_with_postgres_operator.create_postgres_table scheduled__2022-02-18T00:00:00+00:00 [queued]>
[2022-07-30 19:09:22,335] {taskinstance.py:1159} INFO - Dependencies all met for <TaskInstance: dag_with_postgres_operator.create_postgres_table scheduled__2022-02-18T00:00:00+00:00 [queued]>
[2022-07-30 19:09:22,335] {taskinstance.py:1356} INFO - 
--------------------------------------------------------------------------------
[2022-07-30 19:09:22,335] {taskinstance.py:1357} INFO - Starting attempt 4 of 6
[2022-07-30 19:09:22,335] {taskinstance.py:1358} INFO - 
--------------------------------------------------------------------------------
[2022-07-30 19:09:22,353] {taskinstance.py:1377} INFO - Executing <Task(PostgresOperator): create_postgres_table> on 2022-02-18 00:00:00+00:00
[2022-07-30 19:09:22,357] {standard_task_runner.py:52} INFO - Started process 5272 to run task
[2022-07-30 19:09:22,359] {standard_task_runner.py:79} INFO - Running: ['***', 'tasks', 'run', 'dag_with_postgres_operator', 'create_postgres_table', 'scheduled__2022-02-18T00:00:00+00:00', '--job-id', '351', '--raw', '--subdir', 'DAGS_FOLDER/DAGWithPostgresOperator.py', '--cfg-path', '/tmp/tmptw2q07pu', '--error-file', '/tmp/tmpm2hhpcv4']
[2022-07-30 19:09:22,360] {standard_task_runner.py:80} INFO - Job 351: Subtask create_postgres_table
[2022-07-30 19:09:22,422] {task_command.py:369} INFO - Running <TaskInstance: dag_with_postgres_operator.create_postgres_table scheduled__2022-02-18T00:00:00+00:00 [running]> on host 66bf18ec08cc
[2022-07-30 19:09:22,500] {taskinstance.py:1571} INFO - Exporting the following env vars:
AIRFLOW_CTX_DAG_OWNER=yosr
AIRFLOW_CTX_DAG_ID=dag_with_postgres_operator
AIRFLOW_CTX_TASK_ID=create_postgres_table
AIRFLOW_CTX_EXECUTION_DATE=2022-02-18T00:00:00+00:00
AIRFLOW_CTX_TRY_NUMBER=4
AIRFLOW_CTX_DAG_RUN_ID=scheduled__2022-02-18T00:00:00+00:00
[2022-07-30 19:09:22,512] {base.py:68} INFO - Using connection ID 'postgres_localhost' for task execution.
[2022-07-30 19:09:22,513] {taskinstance.py:1889} ERROR - Task failed with exception
Traceback (most recent call last):
  File "/home/airflow/.local/lib/python3.7/site-packages/airflow/providers/postgres/operators/postgres.py", line 92, in execute
    self.hook.run(self.sql, self.autocommit, parameters=self.parameters)
  File "/home/airflow/.local/lib/python3.7/site-packages/airflow/hooks/dbapi.py", line 181, in run
    with closing(self.get_conn()) as conn:
  File "/home/airflow/.local/lib/python3.7/site-packages/airflow/providers/postgres/hooks/postgres.py", line 113, in get_conn
    self.conn = psycopg2.connect(**conn_args)
  File "/home/airflow/.local/lib/python3.7/site-packages/psycopg2/__init__.py", line 122, in connect
    conn = _connect(dsn, connection_factory=connection_factory, **kwasync)
psycopg2.OperationalError: could not translate host name "host.docker.internal " to address: Name or service not known

[2022-07-30 19:09:22,523] {taskinstance.py:1400} INFO - Marking task as UP_FOR_RETRY. dag_id=dag_with_postgres_operator, task_id=create_postgres_table, execution_date=20220218T000000, start_date=20220730T190922, end_date=20220730T190922
[2022-07-30 19:09:22,536] {standard_task_runner.py:97} ERROR - Failed to execute job 351 for task create_postgres_table (could not translate host name "host.docker.internal " to address: Name or service not known
; 5272)
[2022-07-30 19:09:22,577] {local_task_job.py:156} INFO - Task exited with return code 1
[2022-07-30 19:09:22,626] {local_task_job.py:273} INFO - 0 downstream tasks scheduled from follow-on schedule check
[2022-07-31 10:11:37,784] {taskinstance.py:1159} INFO - Dependencies all met for <TaskInstance: dag_with_postgres_operator.create_postgres_table scheduled__2022-02-18T00:00:00+00:00 [queued]>
[2022-07-31 10:11:37,799] {taskinstance.py:1159} INFO - Dependencies all met for <TaskInstance: dag_with_postgres_operator.create_postgres_table scheduled__2022-02-18T00:00:00+00:00 [queued]>
[2022-07-31 10:11:37,799] {taskinstance.py:1356} INFO - 
--------------------------------------------------------------------------------
[2022-07-31 10:11:37,799] {taskinstance.py:1357} INFO - Starting attempt 4 of 6
[2022-07-31 10:11:37,799] {taskinstance.py:1358} INFO - 
--------------------------------------------------------------------------------
[2022-07-31 10:11:37,819] {taskinstance.py:1377} INFO - Executing <Task(PostgresOperator): create_postgres_table> on 2022-02-18 00:00:00+00:00
[2022-07-31 10:11:37,824] {standard_task_runner.py:52} INFO - Started process 1738 to run task
[2022-07-31 10:11:37,827] {standard_task_runner.py:79} INFO - Running: ['***', 'tasks', 'run', 'dag_with_postgres_operator', 'create_postgres_table', 'scheduled__2022-02-18T00:00:00+00:00', '--job-id', '1362', '--raw', '--subdir', 'DAGS_FOLDER/DAGWithPostgresOperator.py', '--cfg-path', '/tmp/tmpiygrw951', '--error-file', '/tmp/tmp117z0t2y']
[2022-07-31 10:11:37,827] {standard_task_runner.py:80} INFO - Job 1362: Subtask create_postgres_table
[2022-07-31 10:11:37,901] {task_command.py:369} INFO - Running <TaskInstance: dag_with_postgres_operator.create_postgres_table scheduled__2022-02-18T00:00:00+00:00 [running]> on host 66bf18ec08cc
[2022-07-31 10:11:38,006] {taskinstance.py:1571} INFO - Exporting the following env vars:
AIRFLOW_CTX_DAG_OWNER=yosr
AIRFLOW_CTX_DAG_ID=dag_with_postgres_operator
AIRFLOW_CTX_TASK_ID=create_postgres_table
AIRFLOW_CTX_EXECUTION_DATE=2022-02-18T00:00:00+00:00
AIRFLOW_CTX_TRY_NUMBER=4
AIRFLOW_CTX_DAG_RUN_ID=scheduled__2022-02-18T00:00:00+00:00
[2022-07-31 10:11:38,019] {base.py:68} INFO - Using connection ID 'postgres_localhost' for task execution.
[2022-07-31 10:11:38,020] {taskinstance.py:1889} ERROR - Task failed with exception
Traceback (most recent call last):
  File "/home/airflow/.local/lib/python3.7/site-packages/airflow/providers/postgres/operators/postgres.py", line 92, in execute
    self.hook.run(self.sql, self.autocommit, parameters=self.parameters)
  File "/home/airflow/.local/lib/python3.7/site-packages/airflow/hooks/dbapi.py", line 181, in run
    with closing(self.get_conn()) as conn:
  File "/home/airflow/.local/lib/python3.7/site-packages/airflow/providers/postgres/hooks/postgres.py", line 113, in get_conn
    self.conn = psycopg2.connect(**conn_args)
  File "/home/airflow/.local/lib/python3.7/site-packages/psycopg2/__init__.py", line 122, in connect
    conn = _connect(dsn, connection_factory=connection_factory, **kwasync)
psycopg2.OperationalError: could not translate host name "host.docker.local " to address: Name or service not known

[2022-07-31 10:11:38,033] {taskinstance.py:1400} INFO - Marking task as UP_FOR_RETRY. dag_id=dag_with_postgres_operator, task_id=create_postgres_table, execution_date=20220218T000000, start_date=20220731T101137, end_date=20220731T101138
[2022-07-31 10:11:38,051] {standard_task_runner.py:97} ERROR - Failed to execute job 1362 for task create_postgres_table (could not translate host name "host.docker.local " to address: Name or service not known
; 1738)
[2022-07-31 10:11:38,088] {local_task_job.py:156} INFO - Task exited with return code 1
[2022-07-31 10:11:38,233] {local_task_job.py:273} INFO - 0 downstream tasks scheduled from follow-on schedule check
[2022-07-31 14:40:56,778] {taskinstance.py:1159} INFO - Dependencies all met for <TaskInstance: dag_with_postgres_operator.create_postgres_table scheduled__2022-02-18T00:00:00+00:00 [queued]>
[2022-07-31 14:40:56,793] {taskinstance.py:1159} INFO - Dependencies all met for <TaskInstance: dag_with_postgres_operator.create_postgres_table scheduled__2022-02-18T00:00:00+00:00 [queued]>
[2022-07-31 14:40:56,793] {taskinstance.py:1356} INFO - 
--------------------------------------------------------------------------------
[2022-07-31 14:40:56,793] {taskinstance.py:1357} INFO - Starting attempt 4 of 6
[2022-07-31 14:40:56,793] {taskinstance.py:1358} INFO - 
--------------------------------------------------------------------------------
[2022-07-31 14:40:56,808] {taskinstance.py:1377} INFO - Executing <Task(PostgresOperator): create_postgres_table> on 2022-02-18 00:00:00+00:00
[2022-07-31 14:40:56,813] {standard_task_runner.py:52} INFO - Started process 5688 to run task
[2022-07-31 14:40:56,816] {standard_task_runner.py:79} INFO - Running: ['***', 'tasks', 'run', 'dag_with_postgres_operator', 'create_postgres_table', 'scheduled__2022-02-18T00:00:00+00:00', '--job-id', '353', '--raw', '--subdir', 'DAGS_FOLDER/DAGWithPostgresOperator.py', '--cfg-path', '/tmp/tmpzw5_t2m5', '--error-file', '/tmp/tmpjijg0qsh']
[2022-07-31 14:40:56,816] {standard_task_runner.py:80} INFO - Job 353: Subtask create_postgres_table
[2022-07-31 14:40:56,889] {task_command.py:369} INFO - Running <TaskInstance: dag_with_postgres_operator.create_postgres_table scheduled__2022-02-18T00:00:00+00:00 [running]> on host 4688dd3b7141
[2022-07-31 14:40:56,997] {taskinstance.py:1571} INFO - Exporting the following env vars:
AIRFLOW_CTX_DAG_OWNER=yosr
AIRFLOW_CTX_DAG_ID=dag_with_postgres_operator
AIRFLOW_CTX_TASK_ID=create_postgres_table
AIRFLOW_CTX_EXECUTION_DATE=2022-02-18T00:00:00+00:00
AIRFLOW_CTX_TRY_NUMBER=4
AIRFLOW_CTX_DAG_RUN_ID=scheduled__2022-02-18T00:00:00+00:00
[2022-07-31 14:40:57,013] {base.py:68} INFO - Using connection ID 'postgres_localhost' for task execution.
[2022-07-31 14:41:12,025] {taskinstance.py:1889} ERROR - Task failed with exception
Traceback (most recent call last):
  File "/home/airflow/.local/lib/python3.7/site-packages/airflow/providers/postgres/operators/postgres.py", line 92, in execute
    self.hook.run(self.sql, self.autocommit, parameters=self.parameters)
  File "/home/airflow/.local/lib/python3.7/site-packages/airflow/hooks/dbapi.py", line 181, in run
    with closing(self.get_conn()) as conn:
  File "/home/airflow/.local/lib/python3.7/site-packages/airflow/providers/postgres/hooks/postgres.py", line 113, in get_conn
    self.conn = psycopg2.connect(**conn_args)
  File "/home/airflow/.local/lib/python3.7/site-packages/psycopg2/__init__.py", line 122, in connect
    conn = _connect(dsn, connection_factory=connection_factory, **kwasync)
psycopg2.OperationalError: could not translate host name "host.docker.local" to address: Temporary failure in name resolution

[2022-07-31 14:41:12,039] {taskinstance.py:1400} INFO - Marking task as UP_FOR_RETRY. dag_id=dag_with_postgres_operator, task_id=create_postgres_table, execution_date=20220218T000000, start_date=20220731T144056, end_date=20220731T144112
[2022-07-31 14:41:12,055] {standard_task_runner.py:97} ERROR - Failed to execute job 353 for task create_postgres_table (could not translate host name "host.docker.local" to address: Temporary failure in name resolution
; 5688)
[2022-07-31 14:41:12,072] {local_task_job.py:156} INFO - Task exited with return code 1
[2022-07-31 14:41:12,293] {local_task_job.py:273} INFO - 0 downstream tasks scheduled from follow-on schedule check
