[2022-07-29 10:54:01,251] {taskinstance.py:1159} INFO - Dependencies all met for <TaskInstance: Second_one.first_task scheduled__2021-10-23T00:00:00+00:00 [queued]>
[2022-07-29 10:54:01,264] {taskinstance.py:1159} INFO - Dependencies all met for <TaskInstance: Second_one.first_task scheduled__2021-10-23T00:00:00+00:00 [queued]>
[2022-07-29 10:54:01,264] {taskinstance.py:1356} INFO - 
--------------------------------------------------------------------------------
[2022-07-29 10:54:01,264] {taskinstance.py:1357} INFO - Starting attempt 1 of 6
[2022-07-29 10:54:01,264] {taskinstance.py:1358} INFO - 
--------------------------------------------------------------------------------
[2022-07-29 10:54:01,289] {taskinstance.py:1377} INFO - Executing <Task(BashOperator): first_task> on 2021-10-23 00:00:00+00:00
[2022-07-29 10:54:01,294] {standard_task_runner.py:52} INFO - Started process 2589 to run task
[2022-07-29 10:54:01,297] {standard_task_runner.py:79} INFO - Running: ['***', 'tasks', 'run', 'Second_one', 'first_task', 'scheduled__2021-10-23T00:00:00+00:00', '--job-id', '89', '--raw', '--subdir', 'DAGS_FOLDER/Second_One.py', '--cfg-path', '/tmp/tmpoh9xrx94', '--error-file', '/tmp/tmpyp84h0ve']
[2022-07-29 10:54:01,298] {standard_task_runner.py:80} INFO - Job 89: Subtask first_task
[2022-07-29 10:54:01,369] {task_command.py:369} INFO - Running <TaskInstance: Second_one.first_task scheduled__2021-10-23T00:00:00+00:00 [running]> on host 9f0f006fc89d
[2022-07-29 10:54:01,488] {taskinstance.py:1571} INFO - Exporting the following env vars:
AIRFLOW_CTX_DAG_OWNER=yosr
AIRFLOW_CTX_DAG_ID=Second_one
AIRFLOW_CTX_TASK_ID=first_task
AIRFLOW_CTX_EXECUTION_DATE=2021-10-23T00:00:00+00:00
AIRFLOW_CTX_TRY_NUMBER=1
AIRFLOW_CTX_DAG_RUN_ID=scheduled__2021-10-23T00:00:00+00:00
[2022-07-29 10:54:01,489] {subprocess.py:62} INFO - Tmp dir root location: 
 /tmp
[2022-07-29 10:54:01,490] {subprocess.py:74} INFO - Running command: ['bash', '-c', 'echo hello world']
[2022-07-29 10:54:01,504] {subprocess.py:85} INFO - Output:
[2022-07-29 10:54:01,506] {subprocess.py:92} INFO - hello world
[2022-07-29 10:54:01,507] {subprocess.py:96} INFO - Command exited with return code 0
[2022-07-29 10:54:01,547] {taskinstance.py:1400} INFO - Marking task as SUCCESS. dag_id=Second_one, task_id=first_task, execution_date=20211023T000000, start_date=20220729T105401, end_date=20220729T105401
[2022-07-29 10:54:01,597] {local_task_job.py:156} INFO - Task exited with return code 0
[2022-07-29 10:54:01,639] {local_task_job.py:273} INFO - 0 downstream tasks scheduled from follow-on schedule check
