[2022-07-30 17:38:14,206] {taskinstance.py:1159} INFO - Dependencies all met for <TaskInstance: dag_with_postgres_operator.create_postgres_table scheduled__2021-12-28T00:00:00+00:00 [queued]>
[2022-07-30 17:38:14,235] {taskinstance.py:1159} INFO - Dependencies all met for <TaskInstance: dag_with_postgres_operator.create_postgres_table scheduled__2021-12-28T00:00:00+00:00 [queued]>
[2022-07-30 17:38:14,235] {taskinstance.py:1356} INFO - 
--------------------------------------------------------------------------------
[2022-07-30 17:38:14,235] {taskinstance.py:1357} INFO - Starting attempt 1 of 6
[2022-07-30 17:38:14,235] {taskinstance.py:1358} INFO - 
--------------------------------------------------------------------------------
[2022-07-30 17:38:14,258] {taskinstance.py:1377} INFO - Executing <Task(PostgresOperator): create_postgres_table> on 2021-12-28 00:00:00+00:00
[2022-07-30 17:38:14,274] {standard_task_runner.py:52} INFO - Started process 387 to run task
[2022-07-30 17:38:14,318] {standard_task_runner.py:79} INFO - Running: ['***', 'tasks', 'run', 'dag_with_postgres_operator', 'create_postgres_table', 'scheduled__2021-12-28T00:00:00+00:00', '--job-id', '12', '--raw', '--subdir', 'DAGS_FOLDER/DAGWithPostgresOperator.py', '--cfg-path', '/tmp/tmpkhu_ljae', '--error-file', '/tmp/tmpm6y5kxpn']
[2022-07-30 17:38:14,319] {standard_task_runner.py:80} INFO - Job 12: Subtask create_postgres_table
[2022-07-30 17:38:14,479] {task_command.py:369} INFO - Running <TaskInstance: dag_with_postgres_operator.create_postgres_table scheduled__2021-12-28T00:00:00+00:00 [running]> on host 66bf18ec08cc
[2022-07-30 17:38:14,752] {taskinstance.py:1571} INFO - Exporting the following env vars:
AIRFLOW_CTX_DAG_OWNER=yosr
AIRFLOW_CTX_DAG_ID=dag_with_postgres_operator
AIRFLOW_CTX_TASK_ID=create_postgres_table
AIRFLOW_CTX_EXECUTION_DATE=2021-12-28T00:00:00+00:00
AIRFLOW_CTX_TRY_NUMBER=1
AIRFLOW_CTX_DAG_RUN_ID=scheduled__2021-12-28T00:00:00+00:00
[2022-07-30 17:38:14,839] {taskinstance.py:1889} ERROR - Task failed with exception
Traceback (most recent call last):
  File "/home/airflow/.local/lib/python3.7/site-packages/airflow/providers/postgres/operators/postgres.py", line 92, in execute
    self.hook.run(self.sql, self.autocommit, parameters=self.parameters)
  File "/home/airflow/.local/lib/python3.7/site-packages/airflow/hooks/dbapi.py", line 181, in run
    with closing(self.get_conn()) as conn:
  File "/home/airflow/.local/lib/python3.7/site-packages/airflow/providers/postgres/hooks/postgres.py", line 86, in get_conn
    conn = deepcopy(self.connection or self.get_connection(conn_id))
  File "/home/airflow/.local/lib/python3.7/site-packages/airflow/hooks/base.py", line 67, in get_connection
    conn = Connection.get_connection_from_secrets(conn_id)
  File "/home/airflow/.local/lib/python3.7/site-packages/airflow/models/connection.py", line 430, in get_connection_from_secrets
    raise AirflowNotFoundException(f"The conn_id `{conn_id}` isn't defined")
airflow.exceptions.AirflowNotFoundException: The conn_id `postgres_localhost` isn't defined
[2022-07-30 17:38:14,846] {taskinstance.py:1400} INFO - Marking task as UP_FOR_RETRY. dag_id=dag_with_postgres_operator, task_id=create_postgres_table, execution_date=20211228T000000, start_date=20220730T173814, end_date=20220730T173814
[2022-07-30 17:38:14,877] {standard_task_runner.py:97} ERROR - Failed to execute job 12 for task create_postgres_table (The conn_id `postgres_localhost` isn't defined; 387)
[2022-07-30 17:38:14,902] {local_task_job.py:156} INFO - Task exited with return code 1
[2022-07-30 17:38:15,217] {local_task_job.py:273} INFO - 0 downstream tasks scheduled from follow-on schedule check
[2022-07-30 23:44:47,669] {taskinstance.py:1159} INFO - Dependencies all met for <TaskInstance: dag_with_postgres_operator.create_postgres_table scheduled__2021-12-28T00:00:00+00:00 [queued]>
[2022-07-30 23:44:47,687] {taskinstance.py:1159} INFO - Dependencies all met for <TaskInstance: dag_with_postgres_operator.create_postgres_table scheduled__2021-12-28T00:00:00+00:00 [queued]>
[2022-07-30 23:44:47,687] {taskinstance.py:1356} INFO - 
--------------------------------------------------------------------------------
[2022-07-30 23:44:47,687] {taskinstance.py:1357} INFO - Starting attempt 1 of 6
[2022-07-30 23:44:47,687] {taskinstance.py:1358} INFO - 
--------------------------------------------------------------------------------
[2022-07-30 23:44:47,711] {taskinstance.py:1377} INFO - Executing <Task(PostgresOperator): create_postgres_table> on 2021-12-28 00:00:00+00:00
[2022-07-30 23:44:47,716] {standard_task_runner.py:52} INFO - Started process 4310 to run task
[2022-07-30 23:44:47,719] {standard_task_runner.py:79} INFO - Running: ['***', 'tasks', 'run', 'dag_with_postgres_operator', 'create_postgres_table', 'scheduled__2021-12-28T00:00:00+00:00', '--job-id', '1020', '--raw', '--subdir', 'DAGS_FOLDER/DAGWithPostgresOperator.py', '--cfg-path', '/tmp/tmp27pt2bwk', '--error-file', '/tmp/tmphq01b6h3']
[2022-07-30 23:44:47,719] {standard_task_runner.py:80} INFO - Job 1020: Subtask create_postgres_table
[2022-07-30 23:44:47,796] {task_command.py:369} INFO - Running <TaskInstance: dag_with_postgres_operator.create_postgres_table scheduled__2021-12-28T00:00:00+00:00 [running]> on host 66bf18ec08cc
[2022-07-30 23:44:47,895] {taskinstance.py:1571} INFO - Exporting the following env vars:
AIRFLOW_CTX_DAG_OWNER=yosr
AIRFLOW_CTX_DAG_ID=dag_with_postgres_operator
AIRFLOW_CTX_TASK_ID=create_postgres_table
AIRFLOW_CTX_EXECUTION_DATE=2021-12-28T00:00:00+00:00
AIRFLOW_CTX_TRY_NUMBER=1
AIRFLOW_CTX_DAG_RUN_ID=scheduled__2021-12-28T00:00:00+00:00
[2022-07-30 23:44:47,909] {base.py:68} INFO - Using connection ID 'postgres_localhost' for task execution.
[2022-07-30 23:44:47,910] {taskinstance.py:1889} ERROR - Task failed with exception
Traceback (most recent call last):
  File "/home/airflow/.local/lib/python3.7/site-packages/airflow/providers/postgres/operators/postgres.py", line 92, in execute
    self.hook.run(self.sql, self.autocommit, parameters=self.parameters)
  File "/home/airflow/.local/lib/python3.7/site-packages/airflow/hooks/dbapi.py", line 181, in run
    with closing(self.get_conn()) as conn:
  File "/home/airflow/.local/lib/python3.7/site-packages/airflow/providers/postgres/hooks/postgres.py", line 113, in get_conn
    self.conn = psycopg2.connect(**conn_args)
  File "/home/airflow/.local/lib/python3.7/site-packages/psycopg2/__init__.py", line 122, in connect
    conn = _connect(dsn, connection_factory=connection_factory, **kwasync)
psycopg2.OperationalError: could not translate host name "host.docker.local " to address: Name or service not known

[2022-07-30 23:44:47,925] {taskinstance.py:1400} INFO - Marking task as UP_FOR_RETRY. dag_id=dag_with_postgres_operator, task_id=create_postgres_table, execution_date=20211228T000000, start_date=20220730T234447, end_date=20220730T234447
[2022-07-30 23:44:47,940] {standard_task_runner.py:97} ERROR - Failed to execute job 1020 for task create_postgres_table (could not translate host name "host.docker.local " to address: Name or service not known
; 4310)
[2022-07-30 23:44:47,978] {local_task_job.py:156} INFO - Task exited with return code 1
[2022-07-30 23:44:48,038] {local_task_job.py:273} INFO - 0 downstream tasks scheduled from follow-on schedule check
[2022-07-31 10:26:03,185] {taskinstance.py:1159} INFO - Dependencies all met for <TaskInstance: dag_with_postgres_operator.create_postgres_table scheduled__2021-12-28T00:00:00+00:00 [queued]>
[2022-07-31 10:26:03,204] {taskinstance.py:1159} INFO - Dependencies all met for <TaskInstance: dag_with_postgres_operator.create_postgres_table scheduled__2021-12-28T00:00:00+00:00 [queued]>
[2022-07-31 10:26:03,204] {taskinstance.py:1356} INFO - 
--------------------------------------------------------------------------------
[2022-07-31 10:26:03,205] {taskinstance.py:1357} INFO - Starting attempt 1 of 6
[2022-07-31 10:26:03,205] {taskinstance.py:1358} INFO - 
--------------------------------------------------------------------------------
[2022-07-31 10:26:03,225] {taskinstance.py:1377} INFO - Executing <Task(PostgresOperator): create_postgres_table> on 2021-12-28 00:00:00+00:00
[2022-07-31 10:26:03,230] {standard_task_runner.py:52} INFO - Started process 2528 to run task
[2022-07-31 10:26:03,234] {standard_task_runner.py:79} INFO - Running: ['***', 'tasks', 'run', 'dag_with_postgres_operator', 'create_postgres_table', 'scheduled__2021-12-28T00:00:00+00:00', '--job-id', '1422', '--raw', '--subdir', 'DAGS_FOLDER/DAGWithPostgresOperator.py', '--cfg-path', '/tmp/tmpfunb02cl', '--error-file', '/tmp/tmpod6s36oi']
[2022-07-31 10:26:03,234] {standard_task_runner.py:80} INFO - Job 1422: Subtask create_postgres_table
[2022-07-31 10:26:03,309] {task_command.py:369} INFO - Running <TaskInstance: dag_with_postgres_operator.create_postgres_table scheduled__2021-12-28T00:00:00+00:00 [running]> on host 66bf18ec08cc
[2022-07-31 10:26:03,403] {taskinstance.py:1571} INFO - Exporting the following env vars:
AIRFLOW_CTX_DAG_OWNER=yosr
AIRFLOW_CTX_DAG_ID=dag_with_postgres_operator
AIRFLOW_CTX_TASK_ID=create_postgres_table
AIRFLOW_CTX_EXECUTION_DATE=2021-12-28T00:00:00+00:00
AIRFLOW_CTX_TRY_NUMBER=1
AIRFLOW_CTX_DAG_RUN_ID=scheduled__2021-12-28T00:00:00+00:00
[2022-07-31 10:26:03,414] {base.py:68} INFO - Using connection ID 'postgres_localhost' for task execution.
[2022-07-31 10:26:03,415] {taskinstance.py:1889} ERROR - Task failed with exception
Traceback (most recent call last):
  File "/home/airflow/.local/lib/python3.7/site-packages/airflow/providers/postgres/operators/postgres.py", line 92, in execute
    self.hook.run(self.sql, self.autocommit, parameters=self.parameters)
  File "/home/airflow/.local/lib/python3.7/site-packages/airflow/hooks/dbapi.py", line 181, in run
    with closing(self.get_conn()) as conn:
  File "/home/airflow/.local/lib/python3.7/site-packages/airflow/providers/postgres/hooks/postgres.py", line 113, in get_conn
    self.conn = psycopg2.connect(**conn_args)
  File "/home/airflow/.local/lib/python3.7/site-packages/psycopg2/__init__.py", line 122, in connect
    conn = _connect(dsn, connection_factory=connection_factory, **kwasync)
psycopg2.OperationalError: could not translate host name "host.docker.local " to address: Name or service not known

[2022-07-31 10:26:03,430] {taskinstance.py:1400} INFO - Marking task as UP_FOR_RETRY. dag_id=dag_with_postgres_operator, task_id=create_postgres_table, execution_date=20211228T000000, start_date=20220731T102603, end_date=20220731T102603
[2022-07-31 10:26:03,443] {standard_task_runner.py:97} ERROR - Failed to execute job 1422 for task create_postgres_table (could not translate host name "host.docker.local " to address: Name or service not known
; 2528)
[2022-07-31 10:26:03,452] {local_task_job.py:156} INFO - Task exited with return code 1
[2022-07-31 10:26:03,500] {local_task_job.py:273} INFO - 0 downstream tasks scheduled from follow-on schedule check
[2022-07-31 10:38:12,118] {taskinstance.py:1159} INFO - Dependencies all met for <TaskInstance: dag_with_postgres_operator.create_postgres_table scheduled__2021-12-28T00:00:00+00:00 [queued]>
[2022-07-31 10:38:12,135] {taskinstance.py:1159} INFO - Dependencies all met for <TaskInstance: dag_with_postgres_operator.create_postgres_table scheduled__2021-12-28T00:00:00+00:00 [queued]>
[2022-07-31 10:38:12,135] {taskinstance.py:1356} INFO - 
--------------------------------------------------------------------------------
[2022-07-31 10:38:12,136] {taskinstance.py:1357} INFO - Starting attempt 1 of 6
[2022-07-31 10:38:12,136] {taskinstance.py:1358} INFO - 
--------------------------------------------------------------------------------
[2022-07-31 10:38:12,158] {taskinstance.py:1377} INFO - Executing <Task(PostgresOperator): create_postgres_table> on 2021-12-28 00:00:00+00:00
[2022-07-31 10:38:12,166] {standard_task_runner.py:52} INFO - Started process 3183 to run task
[2022-07-31 10:38:12,170] {standard_task_runner.py:79} INFO - Running: ['***', 'tasks', 'run', 'dag_with_postgres_operator', 'create_postgres_table', 'scheduled__2021-12-28T00:00:00+00:00', '--job-id', '1470', '--raw', '--subdir', 'DAGS_FOLDER/DAGWithPostgresOperator.py', '--cfg-path', '/tmp/tmp1yfrajm6', '--error-file', '/tmp/tmpgmj4qo0i']
[2022-07-31 10:38:12,170] {standard_task_runner.py:80} INFO - Job 1470: Subtask create_postgres_table
[2022-07-31 10:38:12,252] {task_command.py:369} INFO - Running <TaskInstance: dag_with_postgres_operator.create_postgres_table scheduled__2021-12-28T00:00:00+00:00 [running]> on host 66bf18ec08cc
[2022-07-31 10:38:12,365] {taskinstance.py:1571} INFO - Exporting the following env vars:
AIRFLOW_CTX_DAG_OWNER=yosr
AIRFLOW_CTX_DAG_ID=dag_with_postgres_operator
AIRFLOW_CTX_TASK_ID=create_postgres_table
AIRFLOW_CTX_EXECUTION_DATE=2021-12-28T00:00:00+00:00
AIRFLOW_CTX_TRY_NUMBER=1
AIRFLOW_CTX_DAG_RUN_ID=scheduled__2021-12-28T00:00:00+00:00
[2022-07-31 10:38:12,379] {base.py:68} INFO - Using connection ID 'postgres_localhost' for task execution.
[2022-07-31 10:38:12,380] {taskinstance.py:1889} ERROR - Task failed with exception
Traceback (most recent call last):
  File "/home/airflow/.local/lib/python3.7/site-packages/airflow/providers/postgres/operators/postgres.py", line 92, in execute
    self.hook.run(self.sql, self.autocommit, parameters=self.parameters)
  File "/home/airflow/.local/lib/python3.7/site-packages/airflow/hooks/dbapi.py", line 181, in run
    with closing(self.get_conn()) as conn:
  File "/home/airflow/.local/lib/python3.7/site-packages/airflow/providers/postgres/hooks/postgres.py", line 113, in get_conn
    self.conn = psycopg2.connect(**conn_args)
  File "/home/airflow/.local/lib/python3.7/site-packages/psycopg2/__init__.py", line 122, in connect
    conn = _connect(dsn, connection_factory=connection_factory, **kwasync)
psycopg2.OperationalError: could not translate host name "host.docker.internal " to address: Name or service not known

[2022-07-31 10:38:12,396] {taskinstance.py:1400} INFO - Marking task as UP_FOR_RETRY. dag_id=dag_with_postgres_operator, task_id=create_postgres_table, execution_date=20211228T000000, start_date=20220731T103812, end_date=20220731T103812
[2022-07-31 10:38:12,414] {standard_task_runner.py:97} ERROR - Failed to execute job 1470 for task create_postgres_table (could not translate host name "host.docker.internal " to address: Name or service not known
; 3183)
[2022-07-31 10:38:12,431] {local_task_job.py:156} INFO - Task exited with return code 1
[2022-07-31 10:38:12,497] {local_task_job.py:273} INFO - 0 downstream tasks scheduled from follow-on schedule check
[2022-07-31 13:09:56,650] {taskinstance.py:1159} INFO - Dependencies all met for <TaskInstance: dag_with_postgres_operator.create_postgres_table scheduled__2021-12-28T00:00:00+00:00 [queued]>
[2022-07-31 13:09:56,665] {taskinstance.py:1159} INFO - Dependencies all met for <TaskInstance: dag_with_postgres_operator.create_postgres_table scheduled__2021-12-28T00:00:00+00:00 [queued]>
[2022-07-31 13:09:56,666] {taskinstance.py:1356} INFO - 
--------------------------------------------------------------------------------
[2022-07-31 13:09:56,666] {taskinstance.py:1357} INFO - Starting attempt 1 of 6
[2022-07-31 13:09:56,666] {taskinstance.py:1358} INFO - 
--------------------------------------------------------------------------------
[2022-07-31 13:09:56,692] {taskinstance.py:1377} INFO - Executing <Task(PostgresOperator): create_postgres_table> on 2021-12-28 00:00:00+00:00
[2022-07-31 13:09:56,698] {standard_task_runner.py:52} INFO - Started process 783 to run task
[2022-07-31 13:09:56,701] {standard_task_runner.py:79} INFO - Running: ['***', 'tasks', 'run', 'dag_with_postgres_operator', 'create_postgres_table', 'scheduled__2021-12-28T00:00:00+00:00', '--job-id', '12', '--raw', '--subdir', 'DAGS_FOLDER/DAGWithPostgresOperator.py', '--cfg-path', '/tmp/tmpx08oz6_c', '--error-file', '/tmp/tmpxu2plr1r']
[2022-07-31 13:09:56,701] {standard_task_runner.py:80} INFO - Job 12: Subtask create_postgres_table
[2022-07-31 13:09:56,787] {task_command.py:369} INFO - Running <TaskInstance: dag_with_postgres_operator.create_postgres_table scheduled__2021-12-28T00:00:00+00:00 [running]> on host 4688dd3b7141
[2022-07-31 13:09:56,939] {taskinstance.py:1571} INFO - Exporting the following env vars:
AIRFLOW_CTX_DAG_OWNER=yosr
AIRFLOW_CTX_DAG_ID=dag_with_postgres_operator
AIRFLOW_CTX_TASK_ID=create_postgres_table
AIRFLOW_CTX_EXECUTION_DATE=2021-12-28T00:00:00+00:00
AIRFLOW_CTX_TRY_NUMBER=1
AIRFLOW_CTX_DAG_RUN_ID=scheduled__2021-12-28T00:00:00+00:00
[2022-07-31 13:09:56,982] {taskinstance.py:1889} ERROR - Task failed with exception
Traceback (most recent call last):
  File "/home/airflow/.local/lib/python3.7/site-packages/airflow/providers/postgres/operators/postgres.py", line 92, in execute
    self.hook.run(self.sql, self.autocommit, parameters=self.parameters)
  File "/home/airflow/.local/lib/python3.7/site-packages/airflow/hooks/dbapi.py", line 181, in run
    with closing(self.get_conn()) as conn:
  File "/home/airflow/.local/lib/python3.7/site-packages/airflow/providers/postgres/hooks/postgres.py", line 86, in get_conn
    conn = deepcopy(self.connection or self.get_connection(conn_id))
  File "/home/airflow/.local/lib/python3.7/site-packages/airflow/hooks/base.py", line 67, in get_connection
    conn = Connection.get_connection_from_secrets(conn_id)
  File "/home/airflow/.local/lib/python3.7/site-packages/airflow/models/connection.py", line 430, in get_connection_from_secrets
    raise AirflowNotFoundException(f"The conn_id `{conn_id}` isn't defined")
airflow.exceptions.AirflowNotFoundException: The conn_id `postgres_localhost` isn't defined
[2022-07-31 13:09:56,989] {taskinstance.py:1400} INFO - Marking task as UP_FOR_RETRY. dag_id=dag_with_postgres_operator, task_id=create_postgres_table, execution_date=20211228T000000, start_date=20220731T130956, end_date=20220731T130956
[2022-07-31 13:09:57,007] {standard_task_runner.py:97} ERROR - Failed to execute job 12 for task create_postgres_table (The conn_id `postgres_localhost` isn't defined; 783)
[2022-07-31 13:09:57,041] {local_task_job.py:156} INFO - Task exited with return code 1
[2022-07-31 13:09:57,090] {local_task_job.py:273} INFO - 0 downstream tasks scheduled from follow-on schedule check
