[2022-07-30 17:58:36,452] {taskinstance.py:1159} INFO - Dependencies all met for <TaskInstance: dag_with_postgres_operator.create_postgres_table scheduled__2021-12-28T00:00:00+00:00 [queued]>
[2022-07-30 17:58:36,473] {taskinstance.py:1159} INFO - Dependencies all met for <TaskInstance: dag_with_postgres_operator.create_postgres_table scheduled__2021-12-28T00:00:00+00:00 [queued]>
[2022-07-30 17:58:36,474] {taskinstance.py:1356} INFO - 
--------------------------------------------------------------------------------
[2022-07-30 17:58:36,474] {taskinstance.py:1357} INFO - Starting attempt 5 of 6
[2022-07-30 17:58:36,474] {taskinstance.py:1358} INFO - 
--------------------------------------------------------------------------------
[2022-07-30 17:58:36,497] {taskinstance.py:1377} INFO - Executing <Task(PostgresOperator): create_postgres_table> on 2021-12-28 00:00:00+00:00
[2022-07-30 17:58:36,503] {standard_task_runner.py:52} INFO - Started process 1442 to run task
[2022-07-30 17:58:36,506] {standard_task_runner.py:79} INFO - Running: ['***', 'tasks', 'run', 'dag_with_postgres_operator', 'create_postgres_table', 'scheduled__2021-12-28T00:00:00+00:00', '--job-id', '77', '--raw', '--subdir', 'DAGS_FOLDER/DAGWithPostgresOperator.py', '--cfg-path', '/tmp/tmp3eo77z00', '--error-file', '/tmp/tmpt02enrea']
[2022-07-30 17:58:36,507] {standard_task_runner.py:80} INFO - Job 77: Subtask create_postgres_table
[2022-07-30 17:58:36,588] {task_command.py:369} INFO - Running <TaskInstance: dag_with_postgres_operator.create_postgres_table scheduled__2021-12-28T00:00:00+00:00 [running]> on host 66bf18ec08cc
[2022-07-30 17:58:36,686] {taskinstance.py:1571} INFO - Exporting the following env vars:
AIRFLOW_CTX_DAG_OWNER=yosr
AIRFLOW_CTX_DAG_ID=dag_with_postgres_operator
AIRFLOW_CTX_TASK_ID=create_postgres_table
AIRFLOW_CTX_EXECUTION_DATE=2021-12-28T00:00:00+00:00
AIRFLOW_CTX_TRY_NUMBER=5
AIRFLOW_CTX_DAG_RUN_ID=scheduled__2021-12-28T00:00:00+00:00
[2022-07-30 17:58:36,700] {base.py:68} INFO - Using connection ID 'postgres_localhost' for task execution.
[2022-07-30 17:58:36,701] {taskinstance.py:1889} ERROR - Task failed with exception
Traceback (most recent call last):
  File "/home/airflow/.local/lib/python3.7/site-packages/airflow/providers/postgres/operators/postgres.py", line 92, in execute
    self.hook.run(self.sql, self.autocommit, parameters=self.parameters)
  File "/home/airflow/.local/lib/python3.7/site-packages/airflow/hooks/dbapi.py", line 181, in run
    with closing(self.get_conn()) as conn:
  File "/home/airflow/.local/lib/python3.7/site-packages/airflow/providers/postgres/hooks/postgres.py", line 113, in get_conn
    self.conn = psycopg2.connect(**conn_args)
  File "/home/airflow/.local/lib/python3.7/site-packages/psycopg2/__init__.py", line 122, in connect
    conn = _connect(dsn, connection_factory=connection_factory, **kwasync)
psycopg2.OperationalError: could not translate host name "host.docker.internal " to address: Name or service not known

[2022-07-30 17:58:36,715] {taskinstance.py:1400} INFO - Marking task as UP_FOR_RETRY. dag_id=dag_with_postgres_operator, task_id=create_postgres_table, execution_date=20211228T000000, start_date=20220730T175836, end_date=20220730T175836
[2022-07-30 17:58:36,730] {standard_task_runner.py:97} ERROR - Failed to execute job 77 for task create_postgres_table (could not translate host name "host.docker.internal " to address: Name or service not known
; 1442)
[2022-07-30 17:58:36,766] {local_task_job.py:156} INFO - Task exited with return code 1
[2022-07-30 17:58:36,815] {local_task_job.py:273} INFO - 0 downstream tasks scheduled from follow-on schedule check
[2022-07-31 00:04:52,296] {taskinstance.py:1159} INFO - Dependencies all met for <TaskInstance: dag_with_postgres_operator.create_postgres_table scheduled__2021-12-28T00:00:00+00:00 [queued]>
[2022-07-31 00:04:52,321] {taskinstance.py:1159} INFO - Dependencies all met for <TaskInstance: dag_with_postgres_operator.create_postgres_table scheduled__2021-12-28T00:00:00+00:00 [queued]>
[2022-07-31 00:04:52,321] {taskinstance.py:1356} INFO - 
--------------------------------------------------------------------------------
[2022-07-31 00:04:52,321] {taskinstance.py:1357} INFO - Starting attempt 5 of 6
[2022-07-31 00:04:52,322] {taskinstance.py:1358} INFO - 
--------------------------------------------------------------------------------
[2022-07-31 00:04:52,355] {taskinstance.py:1377} INFO - Executing <Task(PostgresOperator): create_postgres_table> on 2021-12-28 00:00:00+00:00
[2022-07-31 00:04:52,360] {standard_task_runner.py:52} INFO - Started process 5359 to run task
[2022-07-31 00:04:52,364] {standard_task_runner.py:79} INFO - Running: ['***', 'tasks', 'run', 'dag_with_postgres_operator', 'create_postgres_table', 'scheduled__2021-12-28T00:00:00+00:00', '--job-id', '1083', '--raw', '--subdir', 'DAGS_FOLDER/DAGWithPostgresOperator.py', '--cfg-path', '/tmp/tmppwwg9ljv', '--error-file', '/tmp/tmpxliz558m']
[2022-07-31 00:04:52,365] {standard_task_runner.py:80} INFO - Job 1083: Subtask create_postgres_table
[2022-07-31 00:04:52,445] {task_command.py:369} INFO - Running <TaskInstance: dag_with_postgres_operator.create_postgres_table scheduled__2021-12-28T00:00:00+00:00 [running]> on host 66bf18ec08cc
[2022-07-31 00:04:52,538] {taskinstance.py:1571} INFO - Exporting the following env vars:
AIRFLOW_CTX_DAG_OWNER=yosr
AIRFLOW_CTX_DAG_ID=dag_with_postgres_operator
AIRFLOW_CTX_TASK_ID=create_postgres_table
AIRFLOW_CTX_EXECUTION_DATE=2021-12-28T00:00:00+00:00
AIRFLOW_CTX_TRY_NUMBER=5
AIRFLOW_CTX_DAG_RUN_ID=scheduled__2021-12-28T00:00:00+00:00
[2022-07-31 00:04:52,556] {base.py:68} INFO - Using connection ID 'postgres_localhost' for task execution.
[2022-07-31 00:04:52,557] {taskinstance.py:1889} ERROR - Task failed with exception
Traceback (most recent call last):
  File "/home/airflow/.local/lib/python3.7/site-packages/airflow/providers/postgres/operators/postgres.py", line 92, in execute
    self.hook.run(self.sql, self.autocommit, parameters=self.parameters)
  File "/home/airflow/.local/lib/python3.7/site-packages/airflow/hooks/dbapi.py", line 181, in run
    with closing(self.get_conn()) as conn:
  File "/home/airflow/.local/lib/python3.7/site-packages/airflow/providers/postgres/hooks/postgres.py", line 113, in get_conn
    self.conn = psycopg2.connect(**conn_args)
  File "/home/airflow/.local/lib/python3.7/site-packages/psycopg2/__init__.py", line 122, in connect
    conn = _connect(dsn, connection_factory=connection_factory, **kwasync)
psycopg2.OperationalError: could not translate host name "host.docker.local " to address: Name or service not known

[2022-07-31 00:04:52,572] {taskinstance.py:1400} INFO - Marking task as UP_FOR_RETRY. dag_id=dag_with_postgres_operator, task_id=create_postgres_table, execution_date=20211228T000000, start_date=20220731T000452, end_date=20220731T000452
[2022-07-31 00:04:52,589] {standard_task_runner.py:97} ERROR - Failed to execute job 1083 for task create_postgres_table (could not translate host name "host.docker.local " to address: Name or service not known
; 5359)
[2022-07-31 00:04:52,627] {local_task_job.py:156} INFO - Task exited with return code 1
[2022-07-31 00:04:52,676] {local_task_job.py:273} INFO - 0 downstream tasks scheduled from follow-on schedule check
[2022-07-31 10:58:15,730] {taskinstance.py:1159} INFO - Dependencies all met for <TaskInstance: dag_with_postgres_operator.create_postgres_table scheduled__2021-12-28T00:00:00+00:00 [queued]>
[2022-07-31 10:58:15,754] {taskinstance.py:1159} INFO - Dependencies all met for <TaskInstance: dag_with_postgres_operator.create_postgres_table scheduled__2021-12-28T00:00:00+00:00 [queued]>
[2022-07-31 10:58:15,755] {taskinstance.py:1356} INFO - 
--------------------------------------------------------------------------------
[2022-07-31 10:58:15,755] {taskinstance.py:1357} INFO - Starting attempt 5 of 6
[2022-07-31 10:58:15,755] {taskinstance.py:1358} INFO - 
--------------------------------------------------------------------------------
[2022-07-31 10:58:15,775] {taskinstance.py:1377} INFO - Executing <Task(PostgresOperator): create_postgres_table> on 2021-12-28 00:00:00+00:00
[2022-07-31 10:58:15,780] {standard_task_runner.py:52} INFO - Started process 4235 to run task
[2022-07-31 10:58:15,783] {standard_task_runner.py:79} INFO - Running: ['***', 'tasks', 'run', 'dag_with_postgres_operator', 'create_postgres_table', 'scheduled__2021-12-28T00:00:00+00:00', '--job-id', '1534', '--raw', '--subdir', 'DAGS_FOLDER/DAGWithPostgresOperator.py', '--cfg-path', '/tmp/tmp4ism2adt', '--error-file', '/tmp/tmpgjfja92d']
[2022-07-31 10:58:15,783] {standard_task_runner.py:80} INFO - Job 1534: Subtask create_postgres_table
[2022-07-31 10:58:15,851] {task_command.py:369} INFO - Running <TaskInstance: dag_with_postgres_operator.create_postgres_table scheduled__2021-12-28T00:00:00+00:00 [running]> on host 66bf18ec08cc
[2022-07-31 10:58:15,953] {taskinstance.py:1571} INFO - Exporting the following env vars:
AIRFLOW_CTX_DAG_OWNER=yosr
AIRFLOW_CTX_DAG_ID=dag_with_postgres_operator
AIRFLOW_CTX_TASK_ID=create_postgres_table
AIRFLOW_CTX_EXECUTION_DATE=2021-12-28T00:00:00+00:00
AIRFLOW_CTX_TRY_NUMBER=5
AIRFLOW_CTX_DAG_RUN_ID=scheduled__2021-12-28T00:00:00+00:00
[2022-07-31 10:58:15,967] {base.py:68} INFO - Using connection ID 'postgres_localhost' for task execution.
[2022-07-31 10:58:15,969] {taskinstance.py:1889} ERROR - Task failed with exception
Traceback (most recent call last):
  File "/home/airflow/.local/lib/python3.7/site-packages/airflow/providers/postgres/operators/postgres.py", line 92, in execute
    self.hook.run(self.sql, self.autocommit, parameters=self.parameters)
  File "/home/airflow/.local/lib/python3.7/site-packages/airflow/hooks/dbapi.py", line 181, in run
    with closing(self.get_conn()) as conn:
  File "/home/airflow/.local/lib/python3.7/site-packages/airflow/providers/postgres/hooks/postgres.py", line 113, in get_conn
    self.conn = psycopg2.connect(**conn_args)
  File "/home/airflow/.local/lib/python3.7/site-packages/psycopg2/__init__.py", line 122, in connect
    conn = _connect(dsn, connection_factory=connection_factory, **kwasync)
psycopg2.OperationalError: could not translate host name "host.docker.internal " to address: Name or service not known

[2022-07-31 10:58:15,982] {taskinstance.py:1400} INFO - Marking task as UP_FOR_RETRY. dag_id=dag_with_postgres_operator, task_id=create_postgres_table, execution_date=20211228T000000, start_date=20220731T105815, end_date=20220731T105815
[2022-07-31 10:58:15,999] {standard_task_runner.py:97} ERROR - Failed to execute job 1534 for task create_postgres_table (could not translate host name "host.docker.internal " to address: Name or service not known
; 4235)
[2022-07-31 10:58:16,043] {local_task_job.py:156} INFO - Task exited with return code 1
[2022-07-31 10:58:16,083] {local_task_job.py:273} INFO - 0 downstream tasks scheduled from follow-on schedule check
[2022-07-31 13:30:01,105] {taskinstance.py:1159} INFO - Dependencies all met for <TaskInstance: dag_with_postgres_operator.create_postgres_table scheduled__2021-12-28T00:00:00+00:00 [queued]>
[2022-07-31 13:30:01,122] {taskinstance.py:1159} INFO - Dependencies all met for <TaskInstance: dag_with_postgres_operator.create_postgres_table scheduled__2021-12-28T00:00:00+00:00 [queued]>
[2022-07-31 13:30:01,122] {taskinstance.py:1356} INFO - 
--------------------------------------------------------------------------------
[2022-07-31 13:30:01,122] {taskinstance.py:1357} INFO - Starting attempt 5 of 6
[2022-07-31 13:30:01,122] {taskinstance.py:1358} INFO - 
--------------------------------------------------------------------------------
[2022-07-31 13:30:01,143] {taskinstance.py:1377} INFO - Executing <Task(PostgresOperator): create_postgres_table> on 2021-12-28 00:00:00+00:00
[2022-07-31 13:30:01,149] {standard_task_runner.py:52} INFO - Started process 1831 to run task
[2022-07-31 13:30:01,151] {standard_task_runner.py:79} INFO - Running: ['***', 'tasks', 'run', 'dag_with_postgres_operator', 'create_postgres_table', 'scheduled__2021-12-28T00:00:00+00:00', '--job-id', '76', '--raw', '--subdir', 'DAGS_FOLDER/DAGWithPostgresOperator.py', '--cfg-path', '/tmp/tmp1wd69suc', '--error-file', '/tmp/tmpgw39xxq9']
[2022-07-31 13:30:01,152] {standard_task_runner.py:80} INFO - Job 76: Subtask create_postgres_table
[2022-07-31 13:30:01,252] {task_command.py:369} INFO - Running <TaskInstance: dag_with_postgres_operator.create_postgres_table scheduled__2021-12-28T00:00:00+00:00 [running]> on host 4688dd3b7141
[2022-07-31 13:30:01,363] {taskinstance.py:1571} INFO - Exporting the following env vars:
AIRFLOW_CTX_DAG_OWNER=yosr
AIRFLOW_CTX_DAG_ID=dag_with_postgres_operator
AIRFLOW_CTX_TASK_ID=create_postgres_table
AIRFLOW_CTX_EXECUTION_DATE=2021-12-28T00:00:00+00:00
AIRFLOW_CTX_TRY_NUMBER=5
AIRFLOW_CTX_DAG_RUN_ID=scheduled__2021-12-28T00:00:00+00:00
[2022-07-31 13:30:01,555] {taskinstance.py:1889} ERROR - Task failed with exception
Traceback (most recent call last):
  File "/home/airflow/.local/lib/python3.7/site-packages/airflow/providers/postgres/operators/postgres.py", line 92, in execute
    self.hook.run(self.sql, self.autocommit, parameters=self.parameters)
  File "/home/airflow/.local/lib/python3.7/site-packages/airflow/hooks/dbapi.py", line 181, in run
    with closing(self.get_conn()) as conn:
  File "/home/airflow/.local/lib/python3.7/site-packages/airflow/providers/postgres/hooks/postgres.py", line 86, in get_conn
    conn = deepcopy(self.connection or self.get_connection(conn_id))
  File "/home/airflow/.local/lib/python3.7/site-packages/airflow/hooks/base.py", line 67, in get_connection
    conn = Connection.get_connection_from_secrets(conn_id)
  File "/home/airflow/.local/lib/python3.7/site-packages/airflow/models/connection.py", line 430, in get_connection_from_secrets
    raise AirflowNotFoundException(f"The conn_id `{conn_id}` isn't defined")
airflow.exceptions.AirflowNotFoundException: The conn_id `postgres_localhost` isn't defined
[2022-07-31 13:30:01,560] {taskinstance.py:1400} INFO - Marking task as UP_FOR_RETRY. dag_id=dag_with_postgres_operator, task_id=create_postgres_table, execution_date=20211228T000000, start_date=20220731T133001, end_date=20220731T133001
[2022-07-31 13:30:01,578] {standard_task_runner.py:97} ERROR - Failed to execute job 76 for task create_postgres_table (The conn_id `postgres_localhost` isn't defined; 1831)
[2022-07-31 13:30:01,616] {local_task_job.py:156} INFO - Task exited with return code 1
[2022-07-31 13:30:01,668] {local_task_job.py:273} INFO - 0 downstream tasks scheduled from follow-on schedule check
