[2022-07-29 11:44:08,418] {taskinstance.py:1159} INFO - Dependencies all met for <TaskInstance: dag_with_python_operator.get_age scheduled__2022-04-30T00:00:00+00:00 [queued]>
[2022-07-29 11:44:08,436] {taskinstance.py:1159} INFO - Dependencies all met for <TaskInstance: dag_with_python_operator.get_age scheduled__2022-04-30T00:00:00+00:00 [queued]>
[2022-07-29 11:44:08,437] {taskinstance.py:1356} INFO - 
--------------------------------------------------------------------------------
[2022-07-29 11:44:08,437] {taskinstance.py:1357} INFO - Starting attempt 1 of 6
[2022-07-29 11:44:08,437] {taskinstance.py:1358} INFO - 
--------------------------------------------------------------------------------
[2022-07-29 11:44:08,464] {taskinstance.py:1377} INFO - Executing <Task(PythonOperator): get_age> on 2022-04-30 00:00:00+00:00
[2022-07-29 11:44:08,468] {standard_task_runner.py:52} INFO - Started process 7049 to run task
[2022-07-29 11:44:08,471] {standard_task_runner.py:79} INFO - Running: ['***', 'tasks', 'run', 'dag_with_python_operator', 'get_age', 'scheduled__2022-04-30T00:00:00+00:00', '--job-id', '1023', '--raw', '--subdir', 'DAGS_FOLDER/CreateDagWithPythonOperator.py', '--cfg-path', '/tmp/tmpcj1y45sg', '--error-file', '/tmp/tmp71dcpfup']
[2022-07-29 11:44:08,472] {standard_task_runner.py:80} INFO - Job 1023: Subtask get_age
[2022-07-29 11:44:08,555] {task_command.py:369} INFO - Running <TaskInstance: dag_with_python_operator.get_age scheduled__2022-04-30T00:00:00+00:00 [running]> on host 9f0f006fc89d
[2022-07-29 11:44:08,683] {taskinstance.py:1571} INFO - Exporting the following env vars:
AIRFLOW_CTX_DAG_OWNER=yosr
AIRFLOW_CTX_DAG_ID=dag_with_python_operator
AIRFLOW_CTX_TASK_ID=get_age
AIRFLOW_CTX_EXECUTION_DATE=2022-04-30T00:00:00+00:00
AIRFLOW_CTX_TRY_NUMBER=1
AIRFLOW_CTX_DAG_RUN_ID=scheduled__2022-04-30T00:00:00+00:00
[2022-07-29 11:44:08,717] {python.py:173} INFO - Done. Returned value was: None
[2022-07-29 11:44:08,744] {taskinstance.py:1400} INFO - Marking task as SUCCESS. dag_id=dag_with_python_operator, task_id=get_age, execution_date=20220430T000000, start_date=20220729T114408, end_date=20220729T114408
[2022-07-29 11:44:08,773] {local_task_job.py:156} INFO - Task exited with return code 0
[2022-07-29 11:44:08,832] {local_task_job.py:273} INFO - 0 downstream tasks scheduled from follow-on schedule check
