[2022-07-30 19:09:23,982] {taskinstance.py:1159} INFO - Dependencies all met for <TaskInstance: dag_with_postgres_operator.create_postgres_table scheduled__2022-02-19T00:00:00+00:00 [queued]>
[2022-07-30 19:09:23,997] {taskinstance.py:1159} INFO - Dependencies all met for <TaskInstance: dag_with_postgres_operator.create_postgres_table scheduled__2022-02-19T00:00:00+00:00 [queued]>
[2022-07-30 19:09:23,998] {taskinstance.py:1356} INFO - 
--------------------------------------------------------------------------------
[2022-07-30 19:09:23,998] {taskinstance.py:1357} INFO - Starting attempt 4 of 6
[2022-07-30 19:09:23,998] {taskinstance.py:1358} INFO - 
--------------------------------------------------------------------------------
[2022-07-30 19:09:24,016] {taskinstance.py:1377} INFO - Executing <Task(PostgresOperator): create_postgres_table> on 2022-02-19 00:00:00+00:00
[2022-07-30 19:09:24,020] {standard_task_runner.py:52} INFO - Started process 5276 to run task
[2022-07-30 19:09:24,024] {standard_task_runner.py:79} INFO - Running: ['***', 'tasks', 'run', 'dag_with_postgres_operator', 'create_postgres_table', 'scheduled__2022-02-19T00:00:00+00:00', '--job-id', '354', '--raw', '--subdir', 'DAGS_FOLDER/DAGWithPostgresOperator.py', '--cfg-path', '/tmp/tmpy0583dna', '--error-file', '/tmp/tmpruv8yxqz']
[2022-07-30 19:09:24,025] {standard_task_runner.py:80} INFO - Job 354: Subtask create_postgres_table
[2022-07-30 19:09:24,086] {task_command.py:369} INFO - Running <TaskInstance: dag_with_postgres_operator.create_postgres_table scheduled__2022-02-19T00:00:00+00:00 [running]> on host 66bf18ec08cc
[2022-07-30 19:09:24,168] {taskinstance.py:1571} INFO - Exporting the following env vars:
AIRFLOW_CTX_DAG_OWNER=yosr
AIRFLOW_CTX_DAG_ID=dag_with_postgres_operator
AIRFLOW_CTX_TASK_ID=create_postgres_table
AIRFLOW_CTX_EXECUTION_DATE=2022-02-19T00:00:00+00:00
AIRFLOW_CTX_TRY_NUMBER=4
AIRFLOW_CTX_DAG_RUN_ID=scheduled__2022-02-19T00:00:00+00:00
[2022-07-30 19:09:24,180] {base.py:68} INFO - Using connection ID 'postgres_localhost' for task execution.
[2022-07-30 19:09:24,181] {taskinstance.py:1889} ERROR - Task failed with exception
Traceback (most recent call last):
  File "/home/airflow/.local/lib/python3.7/site-packages/airflow/providers/postgres/operators/postgres.py", line 92, in execute
    self.hook.run(self.sql, self.autocommit, parameters=self.parameters)
  File "/home/airflow/.local/lib/python3.7/site-packages/airflow/hooks/dbapi.py", line 181, in run
    with closing(self.get_conn()) as conn:
  File "/home/airflow/.local/lib/python3.7/site-packages/airflow/providers/postgres/hooks/postgres.py", line 113, in get_conn
    self.conn = psycopg2.connect(**conn_args)
  File "/home/airflow/.local/lib/python3.7/site-packages/psycopg2/__init__.py", line 122, in connect
    conn = _connect(dsn, connection_factory=connection_factory, **kwasync)
psycopg2.OperationalError: could not translate host name "host.docker.internal " to address: Name or service not known

[2022-07-30 19:09:24,193] {taskinstance.py:1400} INFO - Marking task as UP_FOR_RETRY. dag_id=dag_with_postgres_operator, task_id=create_postgres_table, execution_date=20220219T000000, start_date=20220730T190923, end_date=20220730T190924
[2022-07-30 19:09:24,209] {standard_task_runner.py:97} ERROR - Failed to execute job 354 for task create_postgres_table (could not translate host name "host.docker.internal " to address: Name or service not known
; 5276)
[2022-07-30 19:09:24,242] {local_task_job.py:156} INFO - Task exited with return code 1
[2022-07-30 19:09:24,293] {local_task_job.py:273} INFO - 0 downstream tasks scheduled from follow-on schedule check
[2022-07-31 10:11:38,212] {taskinstance.py:1159} INFO - Dependencies all met for <TaskInstance: dag_with_postgres_operator.create_postgres_table scheduled__2022-02-19T00:00:00+00:00 [queued]>
[2022-07-31 10:11:38,231] {taskinstance.py:1159} INFO - Dependencies all met for <TaskInstance: dag_with_postgres_operator.create_postgres_table scheduled__2022-02-19T00:00:00+00:00 [queued]>
[2022-07-31 10:11:38,231] {taskinstance.py:1356} INFO - 
--------------------------------------------------------------------------------
[2022-07-31 10:11:38,232] {taskinstance.py:1357} INFO - Starting attempt 4 of 6
[2022-07-31 10:11:38,232] {taskinstance.py:1358} INFO - 
--------------------------------------------------------------------------------
[2022-07-31 10:11:38,254] {taskinstance.py:1377} INFO - Executing <Task(PostgresOperator): create_postgres_table> on 2022-02-19 00:00:00+00:00
[2022-07-31 10:11:38,259] {standard_task_runner.py:52} INFO - Started process 1741 to run task
[2022-07-31 10:11:38,262] {standard_task_runner.py:79} INFO - Running: ['***', 'tasks', 'run', 'dag_with_postgres_operator', 'create_postgres_table', 'scheduled__2022-02-19T00:00:00+00:00', '--job-id', '1363', '--raw', '--subdir', 'DAGS_FOLDER/DAGWithPostgresOperator.py', '--cfg-path', '/tmp/tmplcicruvr', '--error-file', '/tmp/tmpmvaw9e4o']
[2022-07-31 10:11:38,262] {standard_task_runner.py:80} INFO - Job 1363: Subtask create_postgres_table
[2022-07-31 10:11:38,326] {task_command.py:369} INFO - Running <TaskInstance: dag_with_postgres_operator.create_postgres_table scheduled__2022-02-19T00:00:00+00:00 [running]> on host 66bf18ec08cc
[2022-07-31 10:11:38,414] {taskinstance.py:1571} INFO - Exporting the following env vars:
AIRFLOW_CTX_DAG_OWNER=yosr
AIRFLOW_CTX_DAG_ID=dag_with_postgres_operator
AIRFLOW_CTX_TASK_ID=create_postgres_table
AIRFLOW_CTX_EXECUTION_DATE=2022-02-19T00:00:00+00:00
AIRFLOW_CTX_TRY_NUMBER=4
AIRFLOW_CTX_DAG_RUN_ID=scheduled__2022-02-19T00:00:00+00:00
[2022-07-31 10:11:38,428] {base.py:68} INFO - Using connection ID 'postgres_localhost' for task execution.
[2022-07-31 10:11:38,429] {taskinstance.py:1889} ERROR - Task failed with exception
Traceback (most recent call last):
  File "/home/airflow/.local/lib/python3.7/site-packages/airflow/providers/postgres/operators/postgres.py", line 92, in execute
    self.hook.run(self.sql, self.autocommit, parameters=self.parameters)
  File "/home/airflow/.local/lib/python3.7/site-packages/airflow/hooks/dbapi.py", line 181, in run
    with closing(self.get_conn()) as conn:
  File "/home/airflow/.local/lib/python3.7/site-packages/airflow/providers/postgres/hooks/postgres.py", line 113, in get_conn
    self.conn = psycopg2.connect(**conn_args)
  File "/home/airflow/.local/lib/python3.7/site-packages/psycopg2/__init__.py", line 122, in connect
    conn = _connect(dsn, connection_factory=connection_factory, **kwasync)
psycopg2.OperationalError: could not translate host name "host.docker.local " to address: Name or service not known

[2022-07-31 10:11:38,441] {taskinstance.py:1400} INFO - Marking task as UP_FOR_RETRY. dag_id=dag_with_postgres_operator, task_id=create_postgres_table, execution_date=20220219T000000, start_date=20220731T101138, end_date=20220731T101138
[2022-07-31 10:11:38,455] {standard_task_runner.py:97} ERROR - Failed to execute job 1363 for task create_postgres_table (could not translate host name "host.docker.local " to address: Name or service not known
; 1741)
[2022-07-31 10:11:38,481] {local_task_job.py:156} INFO - Task exited with return code 1
[2022-07-31 10:11:38,524] {local_task_job.py:273} INFO - 0 downstream tasks scheduled from follow-on schedule check
[2022-07-31 14:40:56,928] {taskinstance.py:1159} INFO - Dependencies all met for <TaskInstance: dag_with_postgres_operator.create_postgres_table scheduled__2022-02-19T00:00:00+00:00 [queued]>
[2022-07-31 14:40:56,942] {taskinstance.py:1159} INFO - Dependencies all met for <TaskInstance: dag_with_postgres_operator.create_postgres_table scheduled__2022-02-19T00:00:00+00:00 [queued]>
[2022-07-31 14:40:56,942] {taskinstance.py:1356} INFO - 
--------------------------------------------------------------------------------
[2022-07-31 14:40:56,942] {taskinstance.py:1357} INFO - Starting attempt 4 of 6
[2022-07-31 14:40:56,942] {taskinstance.py:1358} INFO - 
--------------------------------------------------------------------------------
[2022-07-31 14:40:56,966] {taskinstance.py:1377} INFO - Executing <Task(PostgresOperator): create_postgres_table> on 2022-02-19 00:00:00+00:00
[2022-07-31 14:40:56,970] {standard_task_runner.py:52} INFO - Started process 5689 to run task
[2022-07-31 14:40:56,973] {standard_task_runner.py:79} INFO - Running: ['***', 'tasks', 'run', 'dag_with_postgres_operator', 'create_postgres_table', 'scheduled__2022-02-19T00:00:00+00:00', '--job-id', '354', '--raw', '--subdir', 'DAGS_FOLDER/DAGWithPostgresOperator.py', '--cfg-path', '/tmp/tmpp53dgbmy', '--error-file', '/tmp/tmpy4ub_sdr']
[2022-07-31 14:40:56,973] {standard_task_runner.py:80} INFO - Job 354: Subtask create_postgres_table
[2022-07-31 14:40:57,043] {task_command.py:369} INFO - Running <TaskInstance: dag_with_postgres_operator.create_postgres_table scheduled__2022-02-19T00:00:00+00:00 [running]> on host 4688dd3b7141
[2022-07-31 14:40:57,141] {taskinstance.py:1571} INFO - Exporting the following env vars:
AIRFLOW_CTX_DAG_OWNER=yosr
AIRFLOW_CTX_DAG_ID=dag_with_postgres_operator
AIRFLOW_CTX_TASK_ID=create_postgres_table
AIRFLOW_CTX_EXECUTION_DATE=2022-02-19T00:00:00+00:00
AIRFLOW_CTX_TRY_NUMBER=4
AIRFLOW_CTX_DAG_RUN_ID=scheduled__2022-02-19T00:00:00+00:00
[2022-07-31 14:40:57,156] {base.py:68} INFO - Using connection ID 'postgres_localhost' for task execution.
[2022-07-31 14:41:12,179] {taskinstance.py:1889} ERROR - Task failed with exception
Traceback (most recent call last):
  File "/home/airflow/.local/lib/python3.7/site-packages/airflow/providers/postgres/operators/postgres.py", line 92, in execute
    self.hook.run(self.sql, self.autocommit, parameters=self.parameters)
  File "/home/airflow/.local/lib/python3.7/site-packages/airflow/hooks/dbapi.py", line 181, in run
    with closing(self.get_conn()) as conn:
  File "/home/airflow/.local/lib/python3.7/site-packages/airflow/providers/postgres/hooks/postgres.py", line 113, in get_conn
    self.conn = psycopg2.connect(**conn_args)
  File "/home/airflow/.local/lib/python3.7/site-packages/psycopg2/__init__.py", line 122, in connect
    conn = _connect(dsn, connection_factory=connection_factory, **kwasync)
psycopg2.OperationalError: could not translate host name "host.docker.local" to address: Temporary failure in name resolution

[2022-07-31 14:41:12,196] {taskinstance.py:1400} INFO - Marking task as UP_FOR_RETRY. dag_id=dag_with_postgres_operator, task_id=create_postgres_table, execution_date=20220219T000000, start_date=20220731T144056, end_date=20220731T144112
[2022-07-31 14:41:12,293] {standard_task_runner.py:97} ERROR - Failed to execute job 354 for task create_postgres_table (could not translate host name "host.docker.local" to address: Temporary failure in name resolution
; 5689)
[2022-07-31 14:41:12,340] {local_task_job.py:156} INFO - Task exited with return code 1
[2022-07-31 14:41:12,377] {local_task_job.py:273} INFO - 0 downstream tasks scheduled from follow-on schedule check
