[2022-07-30 18:54:20,154] {taskinstance.py:1159} INFO - Dependencies all met for <TaskInstance: dag_with_postgres_operator.create_postgres_table scheduled__2022-02-19T00:00:00+00:00 [queued]>
[2022-07-30 18:54:20,178] {taskinstance.py:1159} INFO - Dependencies all met for <TaskInstance: dag_with_postgres_operator.create_postgres_table scheduled__2022-02-19T00:00:00+00:00 [queued]>
[2022-07-30 18:54:20,179] {taskinstance.py:1356} INFO - 
--------------------------------------------------------------------------------
[2022-07-30 18:54:20,179] {taskinstance.py:1357} INFO - Starting attempt 1 of 6
[2022-07-30 18:54:20,179] {taskinstance.py:1358} INFO - 
--------------------------------------------------------------------------------
[2022-07-30 18:54:20,202] {taskinstance.py:1377} INFO - Executing <Task(PostgresOperator): create_postgres_table> on 2022-02-19 00:00:00+00:00
[2022-07-30 18:54:20,209] {standard_task_runner.py:52} INFO - Started process 4479 to run task
[2022-07-30 18:54:20,213] {standard_task_runner.py:79} INFO - Running: ['***', 'tasks', 'run', 'dag_with_postgres_operator', 'create_postgres_table', 'scheduled__2022-02-19T00:00:00+00:00', '--job-id', '305', '--raw', '--subdir', 'DAGS_FOLDER/DAGWithPostgresOperator.py', '--cfg-path', '/tmp/tmpg50jjw_q', '--error-file', '/tmp/tmptgl2sblf']
[2022-07-30 18:54:20,213] {standard_task_runner.py:80} INFO - Job 305: Subtask create_postgres_table
[2022-07-30 18:54:20,311] {task_command.py:369} INFO - Running <TaskInstance: dag_with_postgres_operator.create_postgres_table scheduled__2022-02-19T00:00:00+00:00 [running]> on host 66bf18ec08cc
[2022-07-30 18:54:20,430] {taskinstance.py:1571} INFO - Exporting the following env vars:
AIRFLOW_CTX_DAG_OWNER=yosr
AIRFLOW_CTX_DAG_ID=dag_with_postgres_operator
AIRFLOW_CTX_TASK_ID=create_postgres_table
AIRFLOW_CTX_EXECUTION_DATE=2022-02-19T00:00:00+00:00
AIRFLOW_CTX_TRY_NUMBER=1
AIRFLOW_CTX_DAG_RUN_ID=scheduled__2022-02-19T00:00:00+00:00
[2022-07-30 18:54:20,443] {base.py:68} INFO - Using connection ID 'postgres_localhost' for task execution.
[2022-07-30 18:54:20,444] {taskinstance.py:1889} ERROR - Task failed with exception
Traceback (most recent call last):
  File "/home/airflow/.local/lib/python3.7/site-packages/airflow/providers/postgres/operators/postgres.py", line 92, in execute
    self.hook.run(self.sql, self.autocommit, parameters=self.parameters)
  File "/home/airflow/.local/lib/python3.7/site-packages/airflow/hooks/dbapi.py", line 181, in run
    with closing(self.get_conn()) as conn:
  File "/home/airflow/.local/lib/python3.7/site-packages/airflow/providers/postgres/hooks/postgres.py", line 113, in get_conn
    self.conn = psycopg2.connect(**conn_args)
  File "/home/airflow/.local/lib/python3.7/site-packages/psycopg2/__init__.py", line 122, in connect
    conn = _connect(dsn, connection_factory=connection_factory, **kwasync)
psycopg2.OperationalError: could not translate host name "host.docker.internal " to address: Name or service not known

[2022-07-30 18:54:20,457] {taskinstance.py:1400} INFO - Marking task as UP_FOR_RETRY. dag_id=dag_with_postgres_operator, task_id=create_postgres_table, execution_date=20220219T000000, start_date=20220730T185420, end_date=20220730T185420
[2022-07-30 18:54:20,475] {standard_task_runner.py:97} ERROR - Failed to execute job 305 for task create_postgres_table (could not translate host name "host.docker.internal " to address: Name or service not known
; 4479)
[2022-07-30 18:54:20,511] {local_task_job.py:156} INFO - Task exited with return code 1
[2022-07-30 18:54:20,582] {local_task_job.py:273} INFO - 0 downstream tasks scheduled from follow-on schedule check
[2022-07-31 09:56:35,499] {taskinstance.py:1159} INFO - Dependencies all met for <TaskInstance: dag_with_postgres_operator.create_postgres_table scheduled__2022-02-19T00:00:00+00:00 [queued]>
[2022-07-31 09:56:35,514] {taskinstance.py:1159} INFO - Dependencies all met for <TaskInstance: dag_with_postgres_operator.create_postgres_table scheduled__2022-02-19T00:00:00+00:00 [queued]>
[2022-07-31 09:56:35,514] {taskinstance.py:1356} INFO - 
--------------------------------------------------------------------------------
[2022-07-31 09:56:35,514] {taskinstance.py:1357} INFO - Starting attempt 1 of 6
[2022-07-31 09:56:35,514] {taskinstance.py:1358} INFO - 
--------------------------------------------------------------------------------
[2022-07-31 09:56:35,536] {taskinstance.py:1377} INFO - Executing <Task(PostgresOperator): create_postgres_table> on 2022-02-19 00:00:00+00:00
[2022-07-31 09:56:35,540] {standard_task_runner.py:52} INFO - Started process 960 to run task
[2022-07-31 09:56:35,543] {standard_task_runner.py:79} INFO - Running: ['***', 'tasks', 'run', 'dag_with_postgres_operator', 'create_postgres_table', 'scheduled__2022-02-19T00:00:00+00:00', '--job-id', '1315', '--raw', '--subdir', 'DAGS_FOLDER/DAGWithPostgresOperator.py', '--cfg-path', '/tmp/tmp9p7xn0oi', '--error-file', '/tmp/tmpsje41gxd']
[2022-07-31 09:56:35,543] {standard_task_runner.py:80} INFO - Job 1315: Subtask create_postgres_table
[2022-07-31 09:56:35,606] {task_command.py:369} INFO - Running <TaskInstance: dag_with_postgres_operator.create_postgres_table scheduled__2022-02-19T00:00:00+00:00 [running]> on host 66bf18ec08cc
[2022-07-31 09:56:35,698] {taskinstance.py:1571} INFO - Exporting the following env vars:
AIRFLOW_CTX_DAG_OWNER=yosr
AIRFLOW_CTX_DAG_ID=dag_with_postgres_operator
AIRFLOW_CTX_TASK_ID=create_postgres_table
AIRFLOW_CTX_EXECUTION_DATE=2022-02-19T00:00:00+00:00
AIRFLOW_CTX_TRY_NUMBER=1
AIRFLOW_CTX_DAG_RUN_ID=scheduled__2022-02-19T00:00:00+00:00
[2022-07-31 09:56:35,712] {base.py:68} INFO - Using connection ID 'postgres_localhost' for task execution.
[2022-07-31 09:56:35,713] {taskinstance.py:1889} ERROR - Task failed with exception
Traceback (most recent call last):
  File "/home/airflow/.local/lib/python3.7/site-packages/airflow/providers/postgres/operators/postgres.py", line 92, in execute
    self.hook.run(self.sql, self.autocommit, parameters=self.parameters)
  File "/home/airflow/.local/lib/python3.7/site-packages/airflow/hooks/dbapi.py", line 181, in run
    with closing(self.get_conn()) as conn:
  File "/home/airflow/.local/lib/python3.7/site-packages/airflow/providers/postgres/hooks/postgres.py", line 113, in get_conn
    self.conn = psycopg2.connect(**conn_args)
  File "/home/airflow/.local/lib/python3.7/site-packages/psycopg2/__init__.py", line 122, in connect
    conn = _connect(dsn, connection_factory=connection_factory, **kwasync)
psycopg2.OperationalError: could not translate host name "host.docker.local " to address: Name or service not known

[2022-07-31 09:56:35,725] {taskinstance.py:1400} INFO - Marking task as UP_FOR_RETRY. dag_id=dag_with_postgres_operator, task_id=create_postgres_table, execution_date=20220219T000000, start_date=20220731T095635, end_date=20220731T095635
[2022-07-31 09:56:35,739] {standard_task_runner.py:97} ERROR - Failed to execute job 1315 for task create_postgres_table (could not translate host name "host.docker.local " to address: Name or service not known
; 960)
[2022-07-31 09:56:35,762] {local_task_job.py:156} INFO - Task exited with return code 1
[2022-07-31 09:56:35,848] {local_task_job.py:273} INFO - 0 downstream tasks scheduled from follow-on schedule check
[2022-07-31 14:25:38,369] {taskinstance.py:1159} INFO - Dependencies all met for <TaskInstance: dag_with_postgres_operator.create_postgres_table scheduled__2022-02-19T00:00:00+00:00 [queued]>
[2022-07-31 14:25:38,390] {taskinstance.py:1159} INFO - Dependencies all met for <TaskInstance: dag_with_postgres_operator.create_postgres_table scheduled__2022-02-19T00:00:00+00:00 [queued]>
[2022-07-31 14:25:38,391] {taskinstance.py:1356} INFO - 
--------------------------------------------------------------------------------
[2022-07-31 14:25:38,391] {taskinstance.py:1357} INFO - Starting attempt 1 of 6
[2022-07-31 14:25:38,391] {taskinstance.py:1358} INFO - 
--------------------------------------------------------------------------------
[2022-07-31 14:25:38,414] {taskinstance.py:1377} INFO - Executing <Task(PostgresOperator): create_postgres_table> on 2022-02-19 00:00:00+00:00
[2022-07-31 14:25:38,419] {standard_task_runner.py:52} INFO - Started process 4870 to run task
[2022-07-31 14:25:38,423] {standard_task_runner.py:79} INFO - Running: ['***', 'tasks', 'run', 'dag_with_postgres_operator', 'create_postgres_table', 'scheduled__2022-02-19T00:00:00+00:00', '--job-id', '305', '--raw', '--subdir', 'DAGS_FOLDER/DAGWithPostgresOperator.py', '--cfg-path', '/tmp/tmpxm0dkaby', '--error-file', '/tmp/tmp15dqqk3b']
[2022-07-31 14:25:38,424] {standard_task_runner.py:80} INFO - Job 305: Subtask create_postgres_table
[2022-07-31 14:25:38,506] {task_command.py:369} INFO - Running <TaskInstance: dag_with_postgres_operator.create_postgres_table scheduled__2022-02-19T00:00:00+00:00 [running]> on host 4688dd3b7141
[2022-07-31 14:25:38,611] {taskinstance.py:1571} INFO - Exporting the following env vars:
AIRFLOW_CTX_DAG_OWNER=yosr
AIRFLOW_CTX_DAG_ID=dag_with_postgres_operator
AIRFLOW_CTX_TASK_ID=create_postgres_table
AIRFLOW_CTX_EXECUTION_DATE=2022-02-19T00:00:00+00:00
AIRFLOW_CTX_TRY_NUMBER=1
AIRFLOW_CTX_DAG_RUN_ID=scheduled__2022-02-19T00:00:00+00:00
[2022-07-31 14:25:38,726] {taskinstance.py:1889} ERROR - Task failed with exception
Traceback (most recent call last):
  File "/home/airflow/.local/lib/python3.7/site-packages/airflow/providers/postgres/operators/postgres.py", line 92, in execute
    self.hook.run(self.sql, self.autocommit, parameters=self.parameters)
  File "/home/airflow/.local/lib/python3.7/site-packages/airflow/hooks/dbapi.py", line 181, in run
    with closing(self.get_conn()) as conn:
  File "/home/airflow/.local/lib/python3.7/site-packages/airflow/providers/postgres/hooks/postgres.py", line 86, in get_conn
    conn = deepcopy(self.connection or self.get_connection(conn_id))
  File "/home/airflow/.local/lib/python3.7/site-packages/airflow/hooks/base.py", line 67, in get_connection
    conn = Connection.get_connection_from_secrets(conn_id)
  File "/home/airflow/.local/lib/python3.7/site-packages/airflow/models/connection.py", line 430, in get_connection_from_secrets
    raise AirflowNotFoundException(f"The conn_id `{conn_id}` isn't defined")
airflow.exceptions.AirflowNotFoundException: The conn_id `postgres_localhost` isn't defined
[2022-07-31 14:25:38,731] {taskinstance.py:1400} INFO - Marking task as UP_FOR_RETRY. dag_id=dag_with_postgres_operator, task_id=create_postgres_table, execution_date=20220219T000000, start_date=20220731T142538, end_date=20220731T142538
[2022-07-31 14:25:38,752] {standard_task_runner.py:97} ERROR - Failed to execute job 305 for task create_postgres_table (The conn_id `postgres_localhost` isn't defined; 4870)
[2022-07-31 14:25:38,763] {local_task_job.py:156} INFO - Task exited with return code 1
[2022-07-31 14:25:38,817] {local_task_job.py:273} INFO - 0 downstream tasks scheduled from follow-on schedule check
