[2022-07-30 18:59:21,787] {taskinstance.py:1159} INFO - Dependencies all met for <TaskInstance: dag_with_postgres_operator.create_postgres_table scheduled__2022-02-19T00:00:00+00:00 [queued]>
[2022-07-30 18:59:21,800] {taskinstance.py:1159} INFO - Dependencies all met for <TaskInstance: dag_with_postgres_operator.create_postgres_table scheduled__2022-02-19T00:00:00+00:00 [queued]>
[2022-07-30 18:59:21,801] {taskinstance.py:1356} INFO - 
--------------------------------------------------------------------------------
[2022-07-30 18:59:21,801] {taskinstance.py:1357} INFO - Starting attempt 2 of 6
[2022-07-30 18:59:21,801] {taskinstance.py:1358} INFO - 
--------------------------------------------------------------------------------
[2022-07-30 18:59:21,815] {taskinstance.py:1377} INFO - Executing <Task(PostgresOperator): create_postgres_table> on 2022-02-19 00:00:00+00:00
[2022-07-30 18:59:21,819] {standard_task_runner.py:52} INFO - Started process 4744 to run task
[2022-07-30 18:59:21,822] {standard_task_runner.py:79} INFO - Running: ['***', 'tasks', 'run', 'dag_with_postgres_operator', 'create_postgres_table', 'scheduled__2022-02-19T00:00:00+00:00', '--job-id', '322', '--raw', '--subdir', 'DAGS_FOLDER/DAGWithPostgresOperator.py', '--cfg-path', '/tmp/tmp1y2ymdjq', '--error-file', '/tmp/tmpndt6wst_']
[2022-07-30 18:59:21,823] {standard_task_runner.py:80} INFO - Job 322: Subtask create_postgres_table
[2022-07-30 18:59:21,878] {task_command.py:369} INFO - Running <TaskInstance: dag_with_postgres_operator.create_postgres_table scheduled__2022-02-19T00:00:00+00:00 [running]> on host 66bf18ec08cc
[2022-07-30 18:59:21,950] {taskinstance.py:1571} INFO - Exporting the following env vars:
AIRFLOW_CTX_DAG_OWNER=yosr
AIRFLOW_CTX_DAG_ID=dag_with_postgres_operator
AIRFLOW_CTX_TASK_ID=create_postgres_table
AIRFLOW_CTX_EXECUTION_DATE=2022-02-19T00:00:00+00:00
AIRFLOW_CTX_TRY_NUMBER=2
AIRFLOW_CTX_DAG_RUN_ID=scheduled__2022-02-19T00:00:00+00:00
[2022-07-30 18:59:21,962] {base.py:68} INFO - Using connection ID 'postgres_localhost' for task execution.
[2022-07-30 18:59:21,964] {taskinstance.py:1889} ERROR - Task failed with exception
Traceback (most recent call last):
  File "/home/airflow/.local/lib/python3.7/site-packages/airflow/providers/postgres/operators/postgres.py", line 92, in execute
    self.hook.run(self.sql, self.autocommit, parameters=self.parameters)
  File "/home/airflow/.local/lib/python3.7/site-packages/airflow/hooks/dbapi.py", line 181, in run
    with closing(self.get_conn()) as conn:
  File "/home/airflow/.local/lib/python3.7/site-packages/airflow/providers/postgres/hooks/postgres.py", line 113, in get_conn
    self.conn = psycopg2.connect(**conn_args)
  File "/home/airflow/.local/lib/python3.7/site-packages/psycopg2/__init__.py", line 122, in connect
    conn = _connect(dsn, connection_factory=connection_factory, **kwasync)
psycopg2.OperationalError: could not translate host name "host.docker.internal " to address: Name or service not known

[2022-07-30 18:59:21,974] {taskinstance.py:1400} INFO - Marking task as UP_FOR_RETRY. dag_id=dag_with_postgres_operator, task_id=create_postgres_table, execution_date=20220219T000000, start_date=20220730T185921, end_date=20220730T185921
[2022-07-30 18:59:21,986] {standard_task_runner.py:97} ERROR - Failed to execute job 322 for task create_postgres_table (could not translate host name "host.docker.internal " to address: Name or service not known
; 4744)
[2022-07-30 18:59:21,999] {local_task_job.py:156} INFO - Task exited with return code 1
[2022-07-30 18:59:22,041] {local_task_job.py:273} INFO - 0 downstream tasks scheduled from follow-on schedule check
[2022-07-31 10:01:36,372] {taskinstance.py:1159} INFO - Dependencies all met for <TaskInstance: dag_with_postgres_operator.create_postgres_table scheduled__2022-02-19T00:00:00+00:00 [queued]>
[2022-07-31 10:01:36,394] {taskinstance.py:1159} INFO - Dependencies all met for <TaskInstance: dag_with_postgres_operator.create_postgres_table scheduled__2022-02-19T00:00:00+00:00 [queued]>
[2022-07-31 10:01:36,394] {taskinstance.py:1356} INFO - 
--------------------------------------------------------------------------------
[2022-07-31 10:01:36,394] {taskinstance.py:1357} INFO - Starting attempt 2 of 6
[2022-07-31 10:01:36,394] {taskinstance.py:1358} INFO - 
--------------------------------------------------------------------------------
[2022-07-31 10:01:36,420] {taskinstance.py:1377} INFO - Executing <Task(PostgresOperator): create_postgres_table> on 2022-02-19 00:00:00+00:00
[2022-07-31 10:01:36,427] {standard_task_runner.py:52} INFO - Started process 1227 to run task
[2022-07-31 10:01:36,432] {standard_task_runner.py:79} INFO - Running: ['***', 'tasks', 'run', 'dag_with_postgres_operator', 'create_postgres_table', 'scheduled__2022-02-19T00:00:00+00:00', '--job-id', '1332', '--raw', '--subdir', 'DAGS_FOLDER/DAGWithPostgresOperator.py', '--cfg-path', '/tmp/tmpyxjc2n1l', '--error-file', '/tmp/tmpynnecakr']
[2022-07-31 10:01:36,433] {standard_task_runner.py:80} INFO - Job 1332: Subtask create_postgres_table
[2022-07-31 10:01:36,521] {task_command.py:369} INFO - Running <TaskInstance: dag_with_postgres_operator.create_postgres_table scheduled__2022-02-19T00:00:00+00:00 [running]> on host 66bf18ec08cc
[2022-07-31 10:01:36,632] {taskinstance.py:1571} INFO - Exporting the following env vars:
AIRFLOW_CTX_DAG_OWNER=yosr
AIRFLOW_CTX_DAG_ID=dag_with_postgres_operator
AIRFLOW_CTX_TASK_ID=create_postgres_table
AIRFLOW_CTX_EXECUTION_DATE=2022-02-19T00:00:00+00:00
AIRFLOW_CTX_TRY_NUMBER=2
AIRFLOW_CTX_DAG_RUN_ID=scheduled__2022-02-19T00:00:00+00:00
[2022-07-31 10:01:36,644] {base.py:68} INFO - Using connection ID 'postgres_localhost' for task execution.
[2022-07-31 10:01:36,645] {taskinstance.py:1889} ERROR - Task failed with exception
Traceback (most recent call last):
  File "/home/airflow/.local/lib/python3.7/site-packages/airflow/providers/postgres/operators/postgres.py", line 92, in execute
    self.hook.run(self.sql, self.autocommit, parameters=self.parameters)
  File "/home/airflow/.local/lib/python3.7/site-packages/airflow/hooks/dbapi.py", line 181, in run
    with closing(self.get_conn()) as conn:
  File "/home/airflow/.local/lib/python3.7/site-packages/airflow/providers/postgres/hooks/postgres.py", line 113, in get_conn
    self.conn = psycopg2.connect(**conn_args)
  File "/home/airflow/.local/lib/python3.7/site-packages/psycopg2/__init__.py", line 122, in connect
    conn = _connect(dsn, connection_factory=connection_factory, **kwasync)
psycopg2.OperationalError: could not translate host name "host.docker.local " to address: Name or service not known

[2022-07-31 10:01:36,658] {taskinstance.py:1400} INFO - Marking task as UP_FOR_RETRY. dag_id=dag_with_postgres_operator, task_id=create_postgres_table, execution_date=20220219T000000, start_date=20220731T100136, end_date=20220731T100136
[2022-07-31 10:01:36,676] {standard_task_runner.py:97} ERROR - Failed to execute job 1332 for task create_postgres_table (could not translate host name "host.docker.local " to address: Name or service not known
; 1227)
[2022-07-31 10:01:36,695] {local_task_job.py:156} INFO - Task exited with return code 1
[2022-07-31 10:01:36,761] {local_task_job.py:273} INFO - 0 downstream tasks scheduled from follow-on schedule check
[2022-07-31 14:30:39,225] {taskinstance.py:1159} INFO - Dependencies all met for <TaskInstance: dag_with_postgres_operator.create_postgres_table scheduled__2022-02-19T00:00:00+00:00 [queued]>
[2022-07-31 14:30:39,245] {taskinstance.py:1159} INFO - Dependencies all met for <TaskInstance: dag_with_postgres_operator.create_postgres_table scheduled__2022-02-19T00:00:00+00:00 [queued]>
[2022-07-31 14:30:39,246] {taskinstance.py:1356} INFO - 
--------------------------------------------------------------------------------
[2022-07-31 14:30:39,246] {taskinstance.py:1357} INFO - Starting attempt 2 of 6
[2022-07-31 14:30:39,246] {taskinstance.py:1358} INFO - 
--------------------------------------------------------------------------------
[2022-07-31 14:30:39,268] {taskinstance.py:1377} INFO - Executing <Task(PostgresOperator): create_postgres_table> on 2022-02-19 00:00:00+00:00
[2022-07-31 14:30:39,273] {standard_task_runner.py:52} INFO - Started process 5137 to run task
[2022-07-31 14:30:39,276] {standard_task_runner.py:79} INFO - Running: ['***', 'tasks', 'run', 'dag_with_postgres_operator', 'create_postgres_table', 'scheduled__2022-02-19T00:00:00+00:00', '--job-id', '321', '--raw', '--subdir', 'DAGS_FOLDER/DAGWithPostgresOperator.py', '--cfg-path', '/tmp/tmp0yz6ieww', '--error-file', '/tmp/tmpdvatl6yw']
[2022-07-31 14:30:39,277] {standard_task_runner.py:80} INFO - Job 321: Subtask create_postgres_table
[2022-07-31 14:30:39,399] {task_command.py:369} INFO - Running <TaskInstance: dag_with_postgres_operator.create_postgres_table scheduled__2022-02-19T00:00:00+00:00 [running]> on host 4688dd3b7141
[2022-07-31 14:30:39,522] {taskinstance.py:1571} INFO - Exporting the following env vars:
AIRFLOW_CTX_DAG_OWNER=yosr
AIRFLOW_CTX_DAG_ID=dag_with_postgres_operator
AIRFLOW_CTX_TASK_ID=create_postgres_table
AIRFLOW_CTX_EXECUTION_DATE=2022-02-19T00:00:00+00:00
AIRFLOW_CTX_TRY_NUMBER=2
AIRFLOW_CTX_DAG_RUN_ID=scheduled__2022-02-19T00:00:00+00:00
[2022-07-31 14:30:39,592] {taskinstance.py:1889} ERROR - Task failed with exception
Traceback (most recent call last):
  File "/home/airflow/.local/lib/python3.7/site-packages/airflow/providers/postgres/operators/postgres.py", line 92, in execute
    self.hook.run(self.sql, self.autocommit, parameters=self.parameters)
  File "/home/airflow/.local/lib/python3.7/site-packages/airflow/hooks/dbapi.py", line 181, in run
    with closing(self.get_conn()) as conn:
  File "/home/airflow/.local/lib/python3.7/site-packages/airflow/providers/postgres/hooks/postgres.py", line 86, in get_conn
    conn = deepcopy(self.connection or self.get_connection(conn_id))
  File "/home/airflow/.local/lib/python3.7/site-packages/airflow/hooks/base.py", line 67, in get_connection
    conn = Connection.get_connection_from_secrets(conn_id)
  File "/home/airflow/.local/lib/python3.7/site-packages/airflow/models/connection.py", line 430, in get_connection_from_secrets
    raise AirflowNotFoundException(f"The conn_id `{conn_id}` isn't defined")
airflow.exceptions.AirflowNotFoundException: The conn_id `postgres_localhost` isn't defined
[2022-07-31 14:30:39,597] {taskinstance.py:1400} INFO - Marking task as UP_FOR_RETRY. dag_id=dag_with_postgres_operator, task_id=create_postgres_table, execution_date=20220219T000000, start_date=20220731T143039, end_date=20220731T143039
[2022-07-31 14:30:39,615] {standard_task_runner.py:97} ERROR - Failed to execute job 321 for task create_postgres_table (The conn_id `postgres_localhost` isn't defined; 5137)
[2022-07-31 14:30:39,657] {local_task_job.py:156} INFO - Task exited with return code 1
[2022-07-31 14:30:39,703] {local_task_job.py:273} INFO - 0 downstream tasks scheduled from follow-on schedule check
