[2022-07-29 11:35:13,864] {processor.py:153} INFO - Started process (PID=5180) to work on /opt/airflow/dags/CreateDagWithSimpleEcho.py
[2022-07-29 11:35:13,864] {processor.py:641} INFO - Processing file /opt/airflow/dags/CreateDagWithSimpleEcho.py for tasks to queue
[2022-07-29 11:35:13,865] {logging_mixin.py:115} INFO - [2022-07-29 11:35:13,865] {dagbag.py:507} INFO - Filling up the DagBag from /opt/airflow/dags/CreateDagWithSimpleEcho.py
[2022-07-29 11:35:13,871] {processor.py:651} INFO - DAG(s) dict_keys(['Second_one__']) retrieved from /opt/airflow/dags/CreateDagWithSimpleEcho.py
[2022-07-29 11:35:14,061] {logging_mixin.py:115} INFO - [2022-07-29 11:35:14,061] {dag.py:2371} INFO - Sync 1 DAGs
[2022-07-29 11:35:14,106] {processor.py:161} INFO - Processing /opt/airflow/dags/CreateDagWithSimpleEcho.py took 0.245 seconds
[2022-07-29 11:35:44,239] {processor.py:153} INFO - Started process (PID=5201) to work on /opt/airflow/dags/CreateDagWithSimpleEcho.py
[2022-07-29 11:35:44,240] {processor.py:641} INFO - Processing file /opt/airflow/dags/CreateDagWithSimpleEcho.py for tasks to queue
[2022-07-29 11:35:44,240] {logging_mixin.py:115} INFO - [2022-07-29 11:35:44,240] {dagbag.py:507} INFO - Filling up the DagBag from /opt/airflow/dags/CreateDagWithSimpleEcho.py
[2022-07-29 11:35:44,252] {processor.py:651} INFO - DAG(s) dict_keys(['Second_one__']) retrieved from /opt/airflow/dags/CreateDagWithSimpleEcho.py
[2022-07-29 11:35:44,292] {logging_mixin.py:115} INFO - [2022-07-29 11:35:44,292] {dag.py:2371} INFO - Sync 1 DAGs
[2022-07-29 11:35:44,444] {processor.py:161} INFO - Processing /opt/airflow/dags/CreateDagWithSimpleEcho.py took 0.208 seconds
[2022-07-29 11:36:14,649] {processor.py:153} INFO - Started process (PID=5231) to work on /opt/airflow/dags/CreateDagWithSimpleEcho.py
[2022-07-29 11:36:14,650] {processor.py:641} INFO - Processing file /opt/airflow/dags/CreateDagWithSimpleEcho.py for tasks to queue
[2022-07-29 11:36:14,650] {logging_mixin.py:115} INFO - [2022-07-29 11:36:14,650] {dagbag.py:507} INFO - Filling up the DagBag from /opt/airflow/dags/CreateDagWithSimpleEcho.py
[2022-07-29 11:36:14,656] {processor.py:651} INFO - DAG(s) dict_keys(['Second_one__']) retrieved from /opt/airflow/dags/CreateDagWithSimpleEcho.py
[2022-07-29 11:36:14,689] {logging_mixin.py:115} INFO - [2022-07-29 11:36:14,688] {dag.py:2371} INFO - Sync 1 DAGs
[2022-07-29 11:36:14,837] {processor.py:161} INFO - Processing /opt/airflow/dags/CreateDagWithSimpleEcho.py took 0.190 seconds
[2022-07-29 11:36:17,861] {processor.py:153} INFO - Started process (PID=5232) to work on /opt/airflow/dags/CreateDagWithSimpleEcho.py
[2022-07-29 11:36:17,861] {processor.py:641} INFO - Processing file /opt/airflow/dags/CreateDagWithSimpleEcho.py for tasks to queue
[2022-07-29 11:36:17,862] {logging_mixin.py:115} INFO - [2022-07-29 11:36:17,862] {dagbag.py:507} INFO - Filling up the DagBag from /opt/airflow/dags/CreateDagWithSimpleEcho.py
[2022-07-29 11:36:17,871] {processor.py:651} INFO - DAG(s) dict_keys(['Second_one__']) retrieved from /opt/airflow/dags/CreateDagWithSimpleEcho.py
[2022-07-29 11:36:17,912] {logging_mixin.py:115} INFO - [2022-07-29 11:36:17,912] {dag.py:2371} INFO - Sync 1 DAGs
[2022-07-29 11:36:18,036] {processor.py:161} INFO - Processing /opt/airflow/dags/CreateDagWithSimpleEcho.py took 0.179 seconds
[2022-07-29 11:36:48,075] {processor.py:153} INFO - Started process (PID=5261) to work on /opt/airflow/dags/CreateDagWithSimpleEcho.py
[2022-07-29 11:36:48,076] {processor.py:641} INFO - Processing file /opt/airflow/dags/CreateDagWithSimpleEcho.py for tasks to queue
[2022-07-29 11:36:48,077] {logging_mixin.py:115} INFO - [2022-07-29 11:36:48,077] {dagbag.py:507} INFO - Filling up the DagBag from /opt/airflow/dags/CreateDagWithSimpleEcho.py
[2022-07-29 11:36:48,084] {processor.py:651} INFO - DAG(s) dict_keys(['Second_one__']) retrieved from /opt/airflow/dags/CreateDagWithSimpleEcho.py
[2022-07-29 11:36:48,115] {logging_mixin.py:115} INFO - [2022-07-29 11:36:48,115] {dag.py:2371} INFO - Sync 1 DAGs
[2022-07-29 11:36:48,269] {processor.py:161} INFO - Processing /opt/airflow/dags/CreateDagWithSimpleEcho.py took 0.197 seconds
[2022-07-29 11:37:18,327] {processor.py:153} INFO - Started process (PID=5282) to work on /opt/airflow/dags/CreateDagWithSimpleEcho.py
[2022-07-29 11:37:18,328] {processor.py:641} INFO - Processing file /opt/airflow/dags/CreateDagWithSimpleEcho.py for tasks to queue
[2022-07-29 11:37:18,329] {logging_mixin.py:115} INFO - [2022-07-29 11:37:18,329] {dagbag.py:507} INFO - Filling up the DagBag from /opt/airflow/dags/CreateDagWithSimpleEcho.py
[2022-07-29 11:37:18,337] {processor.py:651} INFO - DAG(s) dict_keys(['Second_one__']) retrieved from /opt/airflow/dags/CreateDagWithSimpleEcho.py
[2022-07-29 11:37:18,373] {logging_mixin.py:115} INFO - [2022-07-29 11:37:18,372] {dag.py:2371} INFO - Sync 1 DAGs
[2022-07-29 11:37:18,521] {processor.py:161} INFO - Processing /opt/airflow/dags/CreateDagWithSimpleEcho.py took 0.198 seconds
[2022-07-29 11:37:48,588] {processor.py:153} INFO - Started process (PID=5311) to work on /opt/airflow/dags/CreateDagWithSimpleEcho.py
[2022-07-29 11:37:48,589] {processor.py:641} INFO - Processing file /opt/airflow/dags/CreateDagWithSimpleEcho.py for tasks to queue
[2022-07-29 11:37:48,590] {logging_mixin.py:115} INFO - [2022-07-29 11:37:48,590] {dagbag.py:507} INFO - Filling up the DagBag from /opt/airflow/dags/CreateDagWithSimpleEcho.py
[2022-07-29 11:37:48,596] {processor.py:651} INFO - DAG(s) dict_keys(['Second_one__']) retrieved from /opt/airflow/dags/CreateDagWithSimpleEcho.py
[2022-07-29 11:37:48,630] {logging_mixin.py:115} INFO - [2022-07-29 11:37:48,630] {dag.py:2371} INFO - Sync 1 DAGs
[2022-07-29 11:37:48,788] {processor.py:161} INFO - Processing /opt/airflow/dags/CreateDagWithSimpleEcho.py took 0.203 seconds
[2022-07-29 11:38:18,918] {processor.py:153} INFO - Started process (PID=5341) to work on /opt/airflow/dags/CreateDagWithSimpleEcho.py
[2022-07-29 11:38:18,918] {processor.py:641} INFO - Processing file /opt/airflow/dags/CreateDagWithSimpleEcho.py for tasks to queue
[2022-07-29 11:38:18,918] {logging_mixin.py:115} INFO - [2022-07-29 11:38:18,918] {dagbag.py:507} INFO - Filling up the DagBag from /opt/airflow/dags/CreateDagWithSimpleEcho.py
[2022-07-29 11:38:18,924] {processor.py:651} INFO - DAG(s) dict_keys(['Second_one__']) retrieved from /opt/airflow/dags/CreateDagWithSimpleEcho.py
[2022-07-29 11:38:18,957] {logging_mixin.py:115} INFO - [2022-07-29 11:38:18,957] {dag.py:2371} INFO - Sync 1 DAGs
[2022-07-29 11:38:19,130] {processor.py:161} INFO - Processing /opt/airflow/dags/CreateDagWithSimpleEcho.py took 0.214 seconds
[2022-07-29 11:38:41,250] {processor.py:153} INFO - Started process (PID=5361) to work on /opt/airflow/dags/CreateDagWithSimpleEcho.py
[2022-07-29 11:38:41,252] {processor.py:641} INFO - Processing file /opt/airflow/dags/CreateDagWithSimpleEcho.py for tasks to queue
[2022-07-29 11:38:41,252] {logging_mixin.py:115} INFO - [2022-07-29 11:38:41,252] {dagbag.py:507} INFO - Filling up the DagBag from /opt/airflow/dags/CreateDagWithSimpleEcho.py
[2022-07-29 11:38:41,261] {processor.py:651} INFO - DAG(s) dict_keys(['Second_one__']) retrieved from /opt/airflow/dags/CreateDagWithSimpleEcho.py
[2022-07-29 11:38:41,447] {logging_mixin.py:115} INFO - [2022-07-29 11:38:41,447] {dag.py:2371} INFO - Sync 1 DAGs
[2022-07-29 11:38:41,499] {processor.py:161} INFO - Processing /opt/airflow/dags/CreateDagWithSimpleEcho.py took 0.252 seconds
[2022-07-29 11:38:46,274] {processor.py:153} INFO - Started process (PID=5363) to work on /opt/airflow/dags/CreateDagWithSimpleEcho.py
[2022-07-29 11:38:46,275] {processor.py:641} INFO - Processing file /opt/airflow/dags/CreateDagWithSimpleEcho.py for tasks to queue
[2022-07-29 11:38:46,275] {logging_mixin.py:115} INFO - [2022-07-29 11:38:46,275] {dagbag.py:507} INFO - Filling up the DagBag from /opt/airflow/dags/CreateDagWithSimpleEcho.py
[2022-07-29 11:38:46,284] {processor.py:651} INFO - DAG(s) dict_keys(['Second_one__']) retrieved from /opt/airflow/dags/CreateDagWithSimpleEcho.py
[2022-07-29 11:38:46,303] {logging_mixin.py:115} INFO - [2022-07-29 11:38:46,303] {dag.py:2371} INFO - Sync 1 DAGs
[2022-07-29 11:38:46,438] {processor.py:161} INFO - Processing /opt/airflow/dags/CreateDagWithSimpleEcho.py took 0.167 seconds
[2022-07-29 11:38:47,278] {processor.py:153} INFO - Started process (PID=5364) to work on /opt/airflow/dags/CreateDagWithSimpleEcho.py
[2022-07-29 11:38:47,279] {processor.py:641} INFO - Processing file /opt/airflow/dags/CreateDagWithSimpleEcho.py for tasks to queue
[2022-07-29 11:38:47,279] {logging_mixin.py:115} INFO - [2022-07-29 11:38:47,279] {dagbag.py:507} INFO - Filling up the DagBag from /opt/airflow/dags/CreateDagWithSimpleEcho.py
[2022-07-29 11:38:47,286] {processor.py:651} INFO - DAG(s) dict_keys(['Second_one__']) retrieved from /opt/airflow/dags/CreateDagWithSimpleEcho.py
[2022-07-29 11:38:47,306] {logging_mixin.py:115} INFO - [2022-07-29 11:38:47,305] {dag.py:2371} INFO - Sync 1 DAGs
[2022-07-29 11:38:47,451] {processor.py:161} INFO - Processing /opt/airflow/dags/CreateDagWithSimpleEcho.py took 0.175 seconds
[2022-07-29 11:39:17,628] {processor.py:153} INFO - Started process (PID=5393) to work on /opt/airflow/dags/CreateDagWithSimpleEcho.py
[2022-07-29 11:39:17,629] {processor.py:641} INFO - Processing file /opt/airflow/dags/CreateDagWithSimpleEcho.py for tasks to queue
[2022-07-29 11:39:17,629] {logging_mixin.py:115} INFO - [2022-07-29 11:39:17,629] {dagbag.py:507} INFO - Filling up the DagBag from /opt/airflow/dags/CreateDagWithSimpleEcho.py
[2022-07-29 11:39:17,635] {processor.py:651} INFO - DAG(s) dict_keys(['Second_one__']) retrieved from /opt/airflow/dags/CreateDagWithSimpleEcho.py
[2022-07-29 11:39:17,810] {logging_mixin.py:115} INFO - [2022-07-29 11:39:17,810] {dag.py:2371} INFO - Sync 1 DAGs
[2022-07-29 11:39:17,855] {processor.py:161} INFO - Processing /opt/airflow/dags/CreateDagWithSimpleEcho.py took 0.229 seconds
[2022-07-29 11:39:47,999] {processor.py:153} INFO - Started process (PID=5413) to work on /opt/airflow/dags/CreateDagWithSimpleEcho.py
[2022-07-29 11:39:48,000] {processor.py:641} INFO - Processing file /opt/airflow/dags/CreateDagWithSimpleEcho.py for tasks to queue
[2022-07-29 11:39:48,000] {logging_mixin.py:115} INFO - [2022-07-29 11:39:48,000] {dagbag.py:507} INFO - Filling up the DagBag from /opt/airflow/dags/CreateDagWithSimpleEcho.py
[2022-07-29 11:39:48,005] {processor.py:651} INFO - DAG(s) dict_keys(['Second_one__']) retrieved from /opt/airflow/dags/CreateDagWithSimpleEcho.py
[2022-07-29 11:39:48,033] {logging_mixin.py:115} INFO - [2022-07-29 11:39:48,032] {dag.py:2371} INFO - Sync 1 DAGs
[2022-07-29 11:39:48,174] {processor.py:161} INFO - Processing /opt/airflow/dags/CreateDagWithSimpleEcho.py took 0.176 seconds
[2022-07-29 11:40:18,439] {processor.py:153} INFO - Started process (PID=5444) to work on /opt/airflow/dags/CreateDagWithSimpleEcho.py
[2022-07-29 11:40:18,441] {processor.py:641} INFO - Processing file /opt/airflow/dags/CreateDagWithSimpleEcho.py for tasks to queue
[2022-07-29 11:40:18,441] {logging_mixin.py:115} INFO - [2022-07-29 11:40:18,441] {dagbag.py:507} INFO - Filling up the DagBag from /opt/airflow/dags/CreateDagWithSimpleEcho.py
[2022-07-29 11:40:18,451] {processor.py:651} INFO - DAG(s) dict_keys(['Second_one__']) retrieved from /opt/airflow/dags/CreateDagWithSimpleEcho.py
[2022-07-29 11:40:18,484] {logging_mixin.py:115} INFO - [2022-07-29 11:40:18,484] {dag.py:2371} INFO - Sync 1 DAGs
[2022-07-29 11:40:18,520] {processor.py:161} INFO - Processing /opt/airflow/dags/CreateDagWithSimpleEcho.py took 0.085 seconds
[2022-07-29 11:40:48,902] {processor.py:153} INFO - Started process (PID=5476) to work on /opt/airflow/dags/CreateDagWithSimpleEcho.py
[2022-07-29 11:40:48,902] {processor.py:641} INFO - Processing file /opt/airflow/dags/CreateDagWithSimpleEcho.py for tasks to queue
[2022-07-29 11:40:48,903] {logging_mixin.py:115} INFO - [2022-07-29 11:40:48,903] {dagbag.py:507} INFO - Filling up the DagBag from /opt/airflow/dags/CreateDagWithSimpleEcho.py
[2022-07-29 11:40:48,910] {processor.py:651} INFO - DAG(s) dict_keys(['Second_one__']) retrieved from /opt/airflow/dags/CreateDagWithSimpleEcho.py
[2022-07-29 11:40:48,939] {logging_mixin.py:115} INFO - [2022-07-29 11:40:48,939] {dag.py:2371} INFO - Sync 1 DAGs
[2022-07-29 11:40:48,979] {processor.py:161} INFO - Processing /opt/airflow/dags/CreateDagWithSimpleEcho.py took 0.079 seconds
[2022-07-29 11:41:19,227] {processor.py:153} INFO - Started process (PID=5659) to work on /opt/airflow/dags/CreateDagWithSimpleEcho.py
[2022-07-29 11:41:19,228] {processor.py:641} INFO - Processing file /opt/airflow/dags/CreateDagWithSimpleEcho.py for tasks to queue
[2022-07-29 11:41:19,228] {logging_mixin.py:115} INFO - [2022-07-29 11:41:19,228] {dagbag.py:507} INFO - Filling up the DagBag from /opt/airflow/dags/CreateDagWithSimpleEcho.py
[2022-07-29 11:41:19,239] {processor.py:651} INFO - DAG(s) dict_keys(['Second_one__']) retrieved from /opt/airflow/dags/CreateDagWithSimpleEcho.py
[2022-07-29 11:41:19,281] {logging_mixin.py:115} INFO - [2022-07-29 11:41:19,281] {dag.py:2371} INFO - Sync 1 DAGs
[2022-07-29 11:41:19,331] {processor.py:161} INFO - Processing /opt/airflow/dags/CreateDagWithSimpleEcho.py took 0.107 seconds
[2022-07-29 11:41:49,556] {processor.py:153} INFO - Started process (PID=5830) to work on /opt/airflow/dags/CreateDagWithSimpleEcho.py
[2022-07-29 11:41:49,556] {processor.py:641} INFO - Processing file /opt/airflow/dags/CreateDagWithSimpleEcho.py for tasks to queue
[2022-07-29 11:41:49,557] {logging_mixin.py:115} INFO - [2022-07-29 11:41:49,557] {dagbag.py:507} INFO - Filling up the DagBag from /opt/airflow/dags/CreateDagWithSimpleEcho.py
[2022-07-29 11:41:49,566] {processor.py:651} INFO - DAG(s) dict_keys(['Second_one__']) retrieved from /opt/airflow/dags/CreateDagWithSimpleEcho.py
[2022-07-29 11:41:49,606] {logging_mixin.py:115} INFO - [2022-07-29 11:41:49,606] {dag.py:2371} INFO - Sync 1 DAGs
[2022-07-29 11:41:49,657] {processor.py:161} INFO - Processing /opt/airflow/dags/CreateDagWithSimpleEcho.py took 0.104 seconds
[2022-07-29 11:42:19,949] {processor.py:153} INFO - Started process (PID=5985) to work on /opt/airflow/dags/CreateDagWithSimpleEcho.py
[2022-07-29 11:42:19,950] {processor.py:641} INFO - Processing file /opt/airflow/dags/CreateDagWithSimpleEcho.py for tasks to queue
[2022-07-29 11:42:19,951] {logging_mixin.py:115} INFO - [2022-07-29 11:42:19,951] {dagbag.py:507} INFO - Filling up the DagBag from /opt/airflow/dags/CreateDagWithSimpleEcho.py
[2022-07-29 11:42:19,960] {processor.py:651} INFO - DAG(s) dict_keys(['Second_one__']) retrieved from /opt/airflow/dags/CreateDagWithSimpleEcho.py
[2022-07-29 11:42:20,003] {logging_mixin.py:115} INFO - [2022-07-29 11:42:20,003] {dag.py:2371} INFO - Sync 1 DAGs
[2022-07-29 11:42:20,054] {processor.py:161} INFO - Processing /opt/airflow/dags/CreateDagWithSimpleEcho.py took 0.109 seconds
[2022-07-29 11:42:50,314] {processor.py:153} INFO - Started process (PID=6181) to work on /opt/airflow/dags/CreateDagWithSimpleEcho.py
[2022-07-29 11:42:50,315] {processor.py:641} INFO - Processing file /opt/airflow/dags/CreateDagWithSimpleEcho.py for tasks to queue
[2022-07-29 11:42:50,316] {logging_mixin.py:115} INFO - [2022-07-29 11:42:50,316] {dagbag.py:507} INFO - Filling up the DagBag from /opt/airflow/dags/CreateDagWithSimpleEcho.py
[2022-07-29 11:42:50,324] {processor.py:651} INFO - DAG(s) dict_keys(['Second_one__']) retrieved from /opt/airflow/dags/CreateDagWithSimpleEcho.py
[2022-07-29 11:42:50,363] {logging_mixin.py:115} INFO - [2022-07-29 11:42:50,363] {dag.py:2371} INFO - Sync 1 DAGs
[2022-07-29 11:42:50,405] {processor.py:161} INFO - Processing /opt/airflow/dags/CreateDagWithSimpleEcho.py took 0.093 seconds
[2022-07-29 11:43:20,656] {processor.py:153} INFO - Started process (PID=6349) to work on /opt/airflow/dags/CreateDagWithSimpleEcho.py
[2022-07-29 11:43:20,657] {processor.py:641} INFO - Processing file /opt/airflow/dags/CreateDagWithSimpleEcho.py for tasks to queue
[2022-07-29 11:43:20,657] {logging_mixin.py:115} INFO - [2022-07-29 11:43:20,657] {dagbag.py:507} INFO - Filling up the DagBag from /opt/airflow/dags/CreateDagWithSimpleEcho.py
[2022-07-29 11:43:20,666] {processor.py:651} INFO - DAG(s) dict_keys(['Second_one__']) retrieved from /opt/airflow/dags/CreateDagWithSimpleEcho.py
[2022-07-29 11:43:20,711] {logging_mixin.py:115} INFO - [2022-07-29 11:43:20,711] {dag.py:2371} INFO - Sync 1 DAGs
[2022-07-29 11:43:20,768] {processor.py:161} INFO - Processing /opt/airflow/dags/CreateDagWithSimpleEcho.py took 0.116 seconds
[2022-07-29 11:43:50,948] {processor.py:153} INFO - Started process (PID=6520) to work on /opt/airflow/dags/CreateDagWithSimpleEcho.py
[2022-07-29 11:43:50,948] {processor.py:641} INFO - Processing file /opt/airflow/dags/CreateDagWithSimpleEcho.py for tasks to queue
[2022-07-29 11:43:50,948] {logging_mixin.py:115} INFO - [2022-07-29 11:43:50,948] {dagbag.py:507} INFO - Filling up the DagBag from /opt/airflow/dags/CreateDagWithSimpleEcho.py
[2022-07-29 11:43:50,956] {processor.py:651} INFO - DAG(s) dict_keys(['Second_one__']) retrieved from /opt/airflow/dags/CreateDagWithSimpleEcho.py
[2022-07-29 11:43:50,987] {logging_mixin.py:115} INFO - [2022-07-29 11:43:50,987] {dag.py:2371} INFO - Sync 1 DAGs
[2022-07-29 11:43:51,030] {processor.py:161} INFO - Processing /opt/airflow/dags/CreateDagWithSimpleEcho.py took 0.085 seconds
[2022-07-29 11:44:21,168] {processor.py:153} INFO - Started process (PID=6713) to work on /opt/airflow/dags/CreateDagWithSimpleEcho.py
[2022-07-29 11:44:21,169] {processor.py:641} INFO - Processing file /opt/airflow/dags/CreateDagWithSimpleEcho.py for tasks to queue
[2022-07-29 11:44:21,169] {logging_mixin.py:115} INFO - [2022-07-29 11:44:21,169] {dagbag.py:507} INFO - Filling up the DagBag from /opt/airflow/dags/CreateDagWithSimpleEcho.py
[2022-07-29 11:44:21,176] {processor.py:651} INFO - DAG(s) dict_keys(['Second_one__']) retrieved from /opt/airflow/dags/CreateDagWithSimpleEcho.py
[2022-07-29 11:44:21,206] {logging_mixin.py:115} INFO - [2022-07-29 11:44:21,205] {dag.py:2371} INFO - Sync 1 DAGs
[2022-07-29 11:44:21,247] {processor.py:161} INFO - Processing /opt/airflow/dags/CreateDagWithSimpleEcho.py took 0.083 seconds
[2022-07-29 11:44:51,453] {processor.py:153} INFO - Started process (PID=6899) to work on /opt/airflow/dags/CreateDagWithSimpleEcho.py
[2022-07-29 11:44:51,454] {processor.py:641} INFO - Processing file /opt/airflow/dags/CreateDagWithSimpleEcho.py for tasks to queue
[2022-07-29 11:44:51,455] {logging_mixin.py:115} INFO - [2022-07-29 11:44:51,454] {dagbag.py:507} INFO - Filling up the DagBag from /opt/airflow/dags/CreateDagWithSimpleEcho.py
[2022-07-29 11:44:51,465] {processor.py:651} INFO - DAG(s) dict_keys(['Second_one__']) retrieved from /opt/airflow/dags/CreateDagWithSimpleEcho.py
[2022-07-29 11:44:51,516] {logging_mixin.py:115} INFO - [2022-07-29 11:44:51,516] {dag.py:2371} INFO - Sync 1 DAGs
[2022-07-29 11:44:51,569] {processor.py:161} INFO - Processing /opt/airflow/dags/CreateDagWithSimpleEcho.py took 0.120 seconds
[2022-07-29 11:45:21,904] {processor.py:153} INFO - Started process (PID=7063) to work on /opt/airflow/dags/CreateDagWithSimpleEcho.py
[2022-07-29 11:45:21,906] {processor.py:641} INFO - Processing file /opt/airflow/dags/CreateDagWithSimpleEcho.py for tasks to queue
[2022-07-29 11:45:21,907] {logging_mixin.py:115} INFO - [2022-07-29 11:45:21,907] {dagbag.py:507} INFO - Filling up the DagBag from /opt/airflow/dags/CreateDagWithSimpleEcho.py
[2022-07-29 11:45:21,914] {processor.py:651} INFO - DAG(s) dict_keys(['Second_one__']) retrieved from /opt/airflow/dags/CreateDagWithSimpleEcho.py
[2022-07-29 11:45:21,954] {logging_mixin.py:115} INFO - [2022-07-29 11:45:21,954] {dag.py:2371} INFO - Sync 1 DAGs
[2022-07-29 11:45:21,998] {processor.py:161} INFO - Processing /opt/airflow/dags/CreateDagWithSimpleEcho.py took 0.097 seconds
[2022-07-29 11:45:52,306] {processor.py:153} INFO - Started process (PID=7162) to work on /opt/airflow/dags/CreateDagWithSimpleEcho.py
[2022-07-29 11:45:52,308] {processor.py:641} INFO - Processing file /opt/airflow/dags/CreateDagWithSimpleEcho.py for tasks to queue
[2022-07-29 11:45:52,308] {logging_mixin.py:115} INFO - [2022-07-29 11:45:52,308] {dagbag.py:507} INFO - Filling up the DagBag from /opt/airflow/dags/CreateDagWithSimpleEcho.py
[2022-07-29 11:45:52,314] {processor.py:651} INFO - DAG(s) dict_keys(['Second_one__']) retrieved from /opt/airflow/dags/CreateDagWithSimpleEcho.py
[2022-07-29 11:45:52,347] {logging_mixin.py:115} INFO - [2022-07-29 11:45:52,346] {dag.py:2371} INFO - Sync 1 DAGs
[2022-07-29 11:45:52,396] {processor.py:161} INFO - Processing /opt/airflow/dags/CreateDagWithSimpleEcho.py took 0.092 seconds
[2022-07-29 11:46:22,599] {processor.py:153} INFO - Started process (PID=7192) to work on /opt/airflow/dags/CreateDagWithSimpleEcho.py
[2022-07-29 11:46:22,600] {processor.py:641} INFO - Processing file /opt/airflow/dags/CreateDagWithSimpleEcho.py for tasks to queue
[2022-07-29 11:46:22,601] {logging_mixin.py:115} INFO - [2022-07-29 11:46:22,601] {dagbag.py:507} INFO - Filling up the DagBag from /opt/airflow/dags/CreateDagWithSimpleEcho.py
[2022-07-29 11:46:22,609] {processor.py:651} INFO - DAG(s) dict_keys(['Second_one__']) retrieved from /opt/airflow/dags/CreateDagWithSimpleEcho.py
[2022-07-29 11:46:22,645] {logging_mixin.py:115} INFO - [2022-07-29 11:46:22,645] {dag.py:2371} INFO - Sync 1 DAGs
[2022-07-29 11:46:22,687] {processor.py:161} INFO - Processing /opt/airflow/dags/CreateDagWithSimpleEcho.py took 0.091 seconds
[2022-07-29 11:46:52,797] {processor.py:153} INFO - Started process (PID=7214) to work on /opt/airflow/dags/CreateDagWithSimpleEcho.py
[2022-07-29 11:46:52,798] {processor.py:641} INFO - Processing file /opt/airflow/dags/CreateDagWithSimpleEcho.py for tasks to queue
[2022-07-29 11:46:52,799] {logging_mixin.py:115} INFO - [2022-07-29 11:46:52,799] {dagbag.py:507} INFO - Filling up the DagBag from /opt/airflow/dags/CreateDagWithSimpleEcho.py
[2022-07-29 11:46:52,804] {processor.py:651} INFO - DAG(s) dict_keys(['Second_one__']) retrieved from /opt/airflow/dags/CreateDagWithSimpleEcho.py
[2022-07-29 11:46:52,830] {logging_mixin.py:115} INFO - [2022-07-29 11:46:52,830] {dag.py:2371} INFO - Sync 1 DAGs
[2022-07-29 11:46:52,871] {processor.py:161} INFO - Processing /opt/airflow/dags/CreateDagWithSimpleEcho.py took 0.076 seconds
[2022-07-29 11:47:23,087] {processor.py:153} INFO - Started process (PID=7245) to work on /opt/airflow/dags/CreateDagWithSimpleEcho.py
[2022-07-29 11:47:23,088] {processor.py:641} INFO - Processing file /opt/airflow/dags/CreateDagWithSimpleEcho.py for tasks to queue
[2022-07-29 11:47:23,089] {logging_mixin.py:115} INFO - [2022-07-29 11:47:23,089] {dagbag.py:507} INFO - Filling up the DagBag from /opt/airflow/dags/CreateDagWithSimpleEcho.py
[2022-07-29 11:47:23,095] {processor.py:651} INFO - DAG(s) dict_keys(['Second_one__']) retrieved from /opt/airflow/dags/CreateDagWithSimpleEcho.py
[2022-07-29 11:47:23,123] {logging_mixin.py:115} INFO - [2022-07-29 11:47:23,123] {dag.py:2371} INFO - Sync 1 DAGs
[2022-07-29 11:47:23,158] {processor.py:161} INFO - Processing /opt/airflow/dags/CreateDagWithSimpleEcho.py took 0.073 seconds
[2022-07-29 11:47:53,340] {processor.py:153} INFO - Started process (PID=7267) to work on /opt/airflow/dags/CreateDagWithSimpleEcho.py
[2022-07-29 11:47:53,341] {processor.py:641} INFO - Processing file /opt/airflow/dags/CreateDagWithSimpleEcho.py for tasks to queue
[2022-07-29 11:47:53,341] {logging_mixin.py:115} INFO - [2022-07-29 11:47:53,341] {dagbag.py:507} INFO - Filling up the DagBag from /opt/airflow/dags/CreateDagWithSimpleEcho.py
[2022-07-29 11:47:53,348] {processor.py:651} INFO - DAG(s) dict_keys(['Second_one__']) retrieved from /opt/airflow/dags/CreateDagWithSimpleEcho.py
[2022-07-29 11:47:53,380] {logging_mixin.py:115} INFO - [2022-07-29 11:47:53,380] {dag.py:2371} INFO - Sync 1 DAGs
[2022-07-29 11:47:53,422] {processor.py:161} INFO - Processing /opt/airflow/dags/CreateDagWithSimpleEcho.py took 0.085 seconds
[2022-07-29 11:48:23,540] {processor.py:153} INFO - Started process (PID=7299) to work on /opt/airflow/dags/CreateDagWithSimpleEcho.py
[2022-07-29 11:48:23,541] {processor.py:641} INFO - Processing file /opt/airflow/dags/CreateDagWithSimpleEcho.py for tasks to queue
[2022-07-29 11:48:23,541] {logging_mixin.py:115} INFO - [2022-07-29 11:48:23,541] {dagbag.py:507} INFO - Filling up the DagBag from /opt/airflow/dags/CreateDagWithSimpleEcho.py
[2022-07-29 11:48:23,548] {processor.py:651} INFO - DAG(s) dict_keys(['Second_one__']) retrieved from /opt/airflow/dags/CreateDagWithSimpleEcho.py
[2022-07-29 11:48:23,579] {logging_mixin.py:115} INFO - [2022-07-29 11:48:23,579] {dag.py:2371} INFO - Sync 1 DAGs
[2022-07-29 11:48:23,612] {processor.py:161} INFO - Processing /opt/airflow/dags/CreateDagWithSimpleEcho.py took 0.076 seconds
[2022-07-29 11:48:53,818] {processor.py:153} INFO - Started process (PID=7332) to work on /opt/airflow/dags/CreateDagWithSimpleEcho.py
[2022-07-29 11:48:53,819] {processor.py:641} INFO - Processing file /opt/airflow/dags/CreateDagWithSimpleEcho.py for tasks to queue
[2022-07-29 11:48:53,820] {logging_mixin.py:115} INFO - [2022-07-29 11:48:53,820] {dagbag.py:507} INFO - Filling up the DagBag from /opt/airflow/dags/CreateDagWithSimpleEcho.py
[2022-07-29 11:48:53,826] {processor.py:651} INFO - DAG(s) dict_keys(['Second_one__']) retrieved from /opt/airflow/dags/CreateDagWithSimpleEcho.py
[2022-07-29 11:48:53,855] {logging_mixin.py:115} INFO - [2022-07-29 11:48:53,855] {dag.py:2371} INFO - Sync 1 DAGs
[2022-07-29 11:48:53,890] {processor.py:161} INFO - Processing /opt/airflow/dags/CreateDagWithSimpleEcho.py took 0.075 seconds
[2022-07-29 11:49:24,048] {processor.py:153} INFO - Started process (PID=7354) to work on /opt/airflow/dags/CreateDagWithSimpleEcho.py
[2022-07-29 11:49:24,048] {processor.py:641} INFO - Processing file /opt/airflow/dags/CreateDagWithSimpleEcho.py for tasks to queue
[2022-07-29 11:49:24,049] {logging_mixin.py:115} INFO - [2022-07-29 11:49:24,049] {dagbag.py:507} INFO - Filling up the DagBag from /opt/airflow/dags/CreateDagWithSimpleEcho.py
[2022-07-29 11:49:24,054] {processor.py:651} INFO - DAG(s) dict_keys(['Second_one__']) retrieved from /opt/airflow/dags/CreateDagWithSimpleEcho.py
[2022-07-29 11:49:24,080] {logging_mixin.py:115} INFO - [2022-07-29 11:49:24,080] {dag.py:2371} INFO - Sync 1 DAGs
[2022-07-29 11:49:24,113] {processor.py:161} INFO - Processing /opt/airflow/dags/CreateDagWithSimpleEcho.py took 0.067 seconds
[2022-07-29 11:49:54,275] {processor.py:153} INFO - Started process (PID=7384) to work on /opt/airflow/dags/CreateDagWithSimpleEcho.py
[2022-07-29 11:49:54,277] {processor.py:641} INFO - Processing file /opt/airflow/dags/CreateDagWithSimpleEcho.py for tasks to queue
[2022-07-29 11:49:54,278] {logging_mixin.py:115} INFO - [2022-07-29 11:49:54,277] {dagbag.py:507} INFO - Filling up the DagBag from /opt/airflow/dags/CreateDagWithSimpleEcho.py
[2022-07-29 11:49:54,284] {processor.py:651} INFO - DAG(s) dict_keys(['Second_one__']) retrieved from /opt/airflow/dags/CreateDagWithSimpleEcho.py
[2022-07-29 11:49:54,315] {logging_mixin.py:115} INFO - [2022-07-29 11:49:54,314] {dag.py:2371} INFO - Sync 1 DAGs
[2022-07-29 11:49:54,352] {processor.py:161} INFO - Processing /opt/airflow/dags/CreateDagWithSimpleEcho.py took 0.079 seconds
[2022-07-29 11:50:24,590] {processor.py:153} INFO - Started process (PID=7406) to work on /opt/airflow/dags/CreateDagWithSimpleEcho.py
[2022-07-29 11:50:24,590] {processor.py:641} INFO - Processing file /opt/airflow/dags/CreateDagWithSimpleEcho.py for tasks to queue
[2022-07-29 11:50:24,591] {logging_mixin.py:115} INFO - [2022-07-29 11:50:24,591] {dagbag.py:507} INFO - Filling up the DagBag from /opt/airflow/dags/CreateDagWithSimpleEcho.py
[2022-07-29 11:50:24,600] {processor.py:651} INFO - DAG(s) dict_keys(['Second_one__']) retrieved from /opt/airflow/dags/CreateDagWithSimpleEcho.py
[2022-07-29 11:50:24,629] {logging_mixin.py:115} INFO - [2022-07-29 11:50:24,629] {dag.py:2371} INFO - Sync 1 DAGs
[2022-07-29 11:50:24,666] {processor.py:161} INFO - Processing /opt/airflow/dags/CreateDagWithSimpleEcho.py took 0.079 seconds
[2022-07-29 11:50:54,897] {processor.py:153} INFO - Started process (PID=7437) to work on /opt/airflow/dags/CreateDagWithSimpleEcho.py
[2022-07-29 11:50:54,898] {processor.py:641} INFO - Processing file /opt/airflow/dags/CreateDagWithSimpleEcho.py for tasks to queue
[2022-07-29 11:50:54,899] {logging_mixin.py:115} INFO - [2022-07-29 11:50:54,899] {dagbag.py:507} INFO - Filling up the DagBag from /opt/airflow/dags/CreateDagWithSimpleEcho.py
[2022-07-29 11:50:54,910] {processor.py:651} INFO - DAG(s) dict_keys(['Second_one__']) retrieved from /opt/airflow/dags/CreateDagWithSimpleEcho.py
[2022-07-29 11:50:54,938] {logging_mixin.py:115} INFO - [2022-07-29 11:50:54,938] {dag.py:2371} INFO - Sync 1 DAGs
[2022-07-29 11:50:54,979] {processor.py:161} INFO - Processing /opt/airflow/dags/CreateDagWithSimpleEcho.py took 0.085 seconds
[2022-07-29 11:51:25,210] {processor.py:153} INFO - Started process (PID=7469) to work on /opt/airflow/dags/CreateDagWithSimpleEcho.py
[2022-07-29 11:51:25,211] {processor.py:641} INFO - Processing file /opt/airflow/dags/CreateDagWithSimpleEcho.py for tasks to queue
[2022-07-29 11:51:25,211] {logging_mixin.py:115} INFO - [2022-07-29 11:51:25,211] {dagbag.py:507} INFO - Filling up the DagBag from /opt/airflow/dags/CreateDagWithSimpleEcho.py
[2022-07-29 11:51:25,223] {processor.py:651} INFO - DAG(s) dict_keys(['Second_one__']) retrieved from /opt/airflow/dags/CreateDagWithSimpleEcho.py
[2022-07-29 11:51:25,256] {logging_mixin.py:115} INFO - [2022-07-29 11:51:25,256] {dag.py:2371} INFO - Sync 1 DAGs
[2022-07-29 11:51:25,301] {processor.py:161} INFO - Processing /opt/airflow/dags/CreateDagWithSimpleEcho.py took 0.094 seconds
[2022-07-29 11:51:55,631] {processor.py:153} INFO - Started process (PID=7493) to work on /opt/airflow/dags/CreateDagWithSimpleEcho.py
[2022-07-29 11:51:55,631] {processor.py:641} INFO - Processing file /opt/airflow/dags/CreateDagWithSimpleEcho.py for tasks to queue
[2022-07-29 11:51:55,632] {logging_mixin.py:115} INFO - [2022-07-29 11:51:55,631] {dagbag.py:507} INFO - Filling up the DagBag from /opt/airflow/dags/CreateDagWithSimpleEcho.py
[2022-07-29 11:51:55,639] {processor.py:651} INFO - DAG(s) dict_keys(['Second_one__']) retrieved from /opt/airflow/dags/CreateDagWithSimpleEcho.py
[2022-07-29 11:51:55,664] {logging_mixin.py:115} INFO - [2022-07-29 11:51:55,664] {dag.py:2371} INFO - Sync 1 DAGs
[2022-07-29 11:51:55,701] {processor.py:161} INFO - Processing /opt/airflow/dags/CreateDagWithSimpleEcho.py took 0.072 seconds
[2022-07-29 11:52:25,887] {processor.py:153} INFO - Started process (PID=7524) to work on /opt/airflow/dags/CreateDagWithSimpleEcho.py
[2022-07-29 11:52:25,888] {processor.py:641} INFO - Processing file /opt/airflow/dags/CreateDagWithSimpleEcho.py for tasks to queue
[2022-07-29 11:52:25,889] {logging_mixin.py:115} INFO - [2022-07-29 11:52:25,889] {dagbag.py:507} INFO - Filling up the DagBag from /opt/airflow/dags/CreateDagWithSimpleEcho.py
[2022-07-29 11:52:25,897] {processor.py:651} INFO - DAG(s) dict_keys(['Second_one__']) retrieved from /opt/airflow/dags/CreateDagWithSimpleEcho.py
[2022-07-29 11:52:25,921] {logging_mixin.py:115} INFO - [2022-07-29 11:52:25,920] {dag.py:2371} INFO - Sync 1 DAGs
[2022-07-29 11:52:25,953] {processor.py:161} INFO - Processing /opt/airflow/dags/CreateDagWithSimpleEcho.py took 0.068 seconds
[2022-07-29 11:52:56,127] {processor.py:153} INFO - Started process (PID=7546) to work on /opt/airflow/dags/CreateDagWithSimpleEcho.py
[2022-07-29 11:52:56,127] {processor.py:641} INFO - Processing file /opt/airflow/dags/CreateDagWithSimpleEcho.py for tasks to queue
[2022-07-29 11:52:56,128] {logging_mixin.py:115} INFO - [2022-07-29 11:52:56,128] {dagbag.py:507} INFO - Filling up the DagBag from /opt/airflow/dags/CreateDagWithSimpleEcho.py
[2022-07-29 11:52:56,137] {processor.py:651} INFO - DAG(s) dict_keys(['Second_one__']) retrieved from /opt/airflow/dags/CreateDagWithSimpleEcho.py
[2022-07-29 11:52:56,169] {logging_mixin.py:115} INFO - [2022-07-29 11:52:56,169] {dag.py:2371} INFO - Sync 1 DAGs
[2022-07-29 11:52:56,211] {processor.py:161} INFO - Processing /opt/airflow/dags/CreateDagWithSimpleEcho.py took 0.087 seconds
[2022-07-29 11:53:26,456] {processor.py:153} INFO - Started process (PID=7576) to work on /opt/airflow/dags/CreateDagWithSimpleEcho.py
[2022-07-29 11:53:26,457] {processor.py:641} INFO - Processing file /opt/airflow/dags/CreateDagWithSimpleEcho.py for tasks to queue
[2022-07-29 11:53:26,458] {logging_mixin.py:115} INFO - [2022-07-29 11:53:26,458] {dagbag.py:507} INFO - Filling up the DagBag from /opt/airflow/dags/CreateDagWithSimpleEcho.py
[2022-07-29 11:53:26,467] {processor.py:651} INFO - DAG(s) dict_keys(['Second_one__']) retrieved from /opt/airflow/dags/CreateDagWithSimpleEcho.py
[2022-07-29 11:53:26,492] {logging_mixin.py:115} INFO - [2022-07-29 11:53:26,492] {dag.py:2371} INFO - Sync 1 DAGs
[2022-07-29 11:53:26,525] {processor.py:161} INFO - Processing /opt/airflow/dags/CreateDagWithSimpleEcho.py took 0.072 seconds
[2022-07-29 11:53:56,722] {processor.py:153} INFO - Started process (PID=7608) to work on /opt/airflow/dags/CreateDagWithSimpleEcho.py
[2022-07-29 11:53:56,723] {processor.py:641} INFO - Processing file /opt/airflow/dags/CreateDagWithSimpleEcho.py for tasks to queue
[2022-07-29 11:53:56,723] {logging_mixin.py:115} INFO - [2022-07-29 11:53:56,723] {dagbag.py:507} INFO - Filling up the DagBag from /opt/airflow/dags/CreateDagWithSimpleEcho.py
[2022-07-29 11:53:56,731] {processor.py:651} INFO - DAG(s) dict_keys(['Second_one__']) retrieved from /opt/airflow/dags/CreateDagWithSimpleEcho.py
[2022-07-29 11:53:56,762] {logging_mixin.py:115} INFO - [2022-07-29 11:53:56,762] {dag.py:2371} INFO - Sync 1 DAGs
[2022-07-29 11:53:56,804] {processor.py:161} INFO - Processing /opt/airflow/dags/CreateDagWithSimpleEcho.py took 0.084 seconds
[2022-07-29 11:54:26,969] {processor.py:153} INFO - Started process (PID=7631) to work on /opt/airflow/dags/CreateDagWithSimpleEcho.py
[2022-07-29 11:54:26,971] {processor.py:641} INFO - Processing file /opt/airflow/dags/CreateDagWithSimpleEcho.py for tasks to queue
[2022-07-29 11:54:26,971] {logging_mixin.py:115} INFO - [2022-07-29 11:54:26,971] {dagbag.py:507} INFO - Filling up the DagBag from /opt/airflow/dags/CreateDagWithSimpleEcho.py
[2022-07-29 11:54:26,980] {processor.py:651} INFO - DAG(s) dict_keys(['Second_one__']) retrieved from /opt/airflow/dags/CreateDagWithSimpleEcho.py
[2022-07-29 11:54:27,013] {logging_mixin.py:115} INFO - [2022-07-29 11:54:27,012] {dag.py:2371} INFO - Sync 1 DAGs
[2022-07-29 11:54:27,049] {processor.py:161} INFO - Processing /opt/airflow/dags/CreateDagWithSimpleEcho.py took 0.082 seconds
[2022-07-29 11:54:57,142] {processor.py:153} INFO - Started process (PID=7662) to work on /opt/airflow/dags/CreateDagWithSimpleEcho.py
[2022-07-29 11:54:57,143] {processor.py:641} INFO - Processing file /opt/airflow/dags/CreateDagWithSimpleEcho.py for tasks to queue
[2022-07-29 11:54:57,143] {logging_mixin.py:115} INFO - [2022-07-29 11:54:57,143] {dagbag.py:507} INFO - Filling up the DagBag from /opt/airflow/dags/CreateDagWithSimpleEcho.py
[2022-07-29 11:54:57,151] {processor.py:651} INFO - DAG(s) dict_keys(['Second_one__']) retrieved from /opt/airflow/dags/CreateDagWithSimpleEcho.py
[2022-07-29 11:54:57,176] {logging_mixin.py:115} INFO - [2022-07-29 11:54:57,176] {dag.py:2371} INFO - Sync 1 DAGs
[2022-07-29 11:54:57,209] {processor.py:161} INFO - Processing /opt/airflow/dags/CreateDagWithSimpleEcho.py took 0.070 seconds
[2022-07-29 11:55:27,464] {processor.py:153} INFO - Started process (PID=7685) to work on /opt/airflow/dags/CreateDagWithSimpleEcho.py
[2022-07-29 11:55:27,465] {processor.py:641} INFO - Processing file /opt/airflow/dags/CreateDagWithSimpleEcho.py for tasks to queue
[2022-07-29 11:55:27,466] {logging_mixin.py:115} INFO - [2022-07-29 11:55:27,466] {dagbag.py:507} INFO - Filling up the DagBag from /opt/airflow/dags/CreateDagWithSimpleEcho.py
[2022-07-29 11:55:27,476] {processor.py:651} INFO - DAG(s) dict_keys(['Second_one__']) retrieved from /opt/airflow/dags/CreateDagWithSimpleEcho.py
[2022-07-29 11:55:27,512] {logging_mixin.py:115} INFO - [2022-07-29 11:55:27,511] {dag.py:2371} INFO - Sync 1 DAGs
[2022-07-29 11:55:27,553] {processor.py:161} INFO - Processing /opt/airflow/dags/CreateDagWithSimpleEcho.py took 0.091 seconds
[2022-07-29 11:55:57,892] {processor.py:153} INFO - Started process (PID=7789) to work on /opt/airflow/dags/CreateDagWithSimpleEcho.py
[2022-07-29 11:55:57,893] {processor.py:641} INFO - Processing file /opt/airflow/dags/CreateDagWithSimpleEcho.py for tasks to queue
[2022-07-29 11:55:57,894] {logging_mixin.py:115} INFO - [2022-07-29 11:55:57,894] {dagbag.py:507} INFO - Filling up the DagBag from /opt/airflow/dags/CreateDagWithSimpleEcho.py
[2022-07-29 11:55:57,907] {processor.py:651} INFO - DAG(s) dict_keys(['Second_one__']) retrieved from /opt/airflow/dags/CreateDagWithSimpleEcho.py
[2022-07-29 11:55:57,946] {logging_mixin.py:115} INFO - [2022-07-29 11:55:57,946] {dag.py:2371} INFO - Sync 1 DAGs
[2022-07-29 11:55:58,007] {processor.py:161} INFO - Processing /opt/airflow/dags/CreateDagWithSimpleEcho.py took 0.117 seconds
[2022-07-29 11:56:28,240] {processor.py:153} INFO - Started process (PID=7964) to work on /opt/airflow/dags/CreateDagWithSimpleEcho.py
[2022-07-29 11:56:28,241] {processor.py:641} INFO - Processing file /opt/airflow/dags/CreateDagWithSimpleEcho.py for tasks to queue
[2022-07-29 11:56:28,242] {logging_mixin.py:115} INFO - [2022-07-29 11:56:28,242] {dagbag.py:507} INFO - Filling up the DagBag from /opt/airflow/dags/CreateDagWithSimpleEcho.py
[2022-07-29 11:56:28,252] {processor.py:651} INFO - DAG(s) dict_keys(['Second_one__']) retrieved from /opt/airflow/dags/CreateDagWithSimpleEcho.py
[2022-07-29 11:56:28,295] {logging_mixin.py:115} INFO - [2022-07-29 11:56:28,295] {dag.py:2371} INFO - Sync 1 DAGs
[2022-07-29 11:56:28,348] {processor.py:161} INFO - Processing /opt/airflow/dags/CreateDagWithSimpleEcho.py took 0.112 seconds
[2022-07-29 11:56:59,070] {processor.py:153} INFO - Started process (PID=8150) to work on /opt/airflow/dags/CreateDagWithSimpleEcho.py
[2022-07-29 11:56:59,071] {processor.py:641} INFO - Processing file /opt/airflow/dags/CreateDagWithSimpleEcho.py for tasks to queue
[2022-07-29 11:56:59,071] {logging_mixin.py:115} INFO - [2022-07-29 11:56:59,071] {dagbag.py:507} INFO - Filling up the DagBag from /opt/airflow/dags/CreateDagWithSimpleEcho.py
[2022-07-29 11:56:59,081] {processor.py:651} INFO - DAG(s) dict_keys(['Second_one__']) retrieved from /opt/airflow/dags/CreateDagWithSimpleEcho.py
[2022-07-29 11:56:59,113] {logging_mixin.py:115} INFO - [2022-07-29 11:56:59,113] {dag.py:2371} INFO - Sync 1 DAGs
[2022-07-29 11:56:59,159] {processor.py:161} INFO - Processing /opt/airflow/dags/CreateDagWithSimpleEcho.py took 0.091 seconds
[2022-07-29 11:57:29,304] {processor.py:153} INFO - Started process (PID=8338) to work on /opt/airflow/dags/CreateDagWithSimpleEcho.py
[2022-07-29 11:57:29,306] {processor.py:641} INFO - Processing file /opt/airflow/dags/CreateDagWithSimpleEcho.py for tasks to queue
[2022-07-29 11:57:29,307] {logging_mixin.py:115} INFO - [2022-07-29 11:57:29,306] {dagbag.py:507} INFO - Filling up the DagBag from /opt/airflow/dags/CreateDagWithSimpleEcho.py
[2022-07-29 11:57:29,321] {processor.py:651} INFO - DAG(s) dict_keys(['Second_one__']) retrieved from /opt/airflow/dags/CreateDagWithSimpleEcho.py
[2022-07-29 11:57:29,371] {logging_mixin.py:115} INFO - [2022-07-29 11:57:29,371] {dag.py:2371} INFO - Sync 1 DAGs
[2022-07-29 11:57:29,430] {processor.py:161} INFO - Processing /opt/airflow/dags/CreateDagWithSimpleEcho.py took 0.129 seconds
[2022-07-29 11:57:59,535] {processor.py:153} INFO - Started process (PID=8516) to work on /opt/airflow/dags/CreateDagWithSimpleEcho.py
[2022-07-29 11:57:59,536] {processor.py:641} INFO - Processing file /opt/airflow/dags/CreateDagWithSimpleEcho.py for tasks to queue
[2022-07-29 11:57:59,537] {logging_mixin.py:115} INFO - [2022-07-29 11:57:59,536] {dagbag.py:507} INFO - Filling up the DagBag from /opt/airflow/dags/CreateDagWithSimpleEcho.py
[2022-07-29 11:57:59,552] {processor.py:651} INFO - DAG(s) dict_keys(['Second_one__']) retrieved from /opt/airflow/dags/CreateDagWithSimpleEcho.py
[2022-07-29 11:57:59,601] {logging_mixin.py:115} INFO - [2022-07-29 11:57:59,601] {dag.py:2371} INFO - Sync 1 DAGs
[2022-07-29 11:57:59,665] {processor.py:161} INFO - Processing /opt/airflow/dags/CreateDagWithSimpleEcho.py took 0.134 seconds
[2022-07-29 11:58:29,849] {processor.py:153} INFO - Started process (PID=8692) to work on /opt/airflow/dags/CreateDagWithSimpleEcho.py
[2022-07-29 11:58:29,850] {processor.py:641} INFO - Processing file /opt/airflow/dags/CreateDagWithSimpleEcho.py for tasks to queue
[2022-07-29 11:58:29,851] {logging_mixin.py:115} INFO - [2022-07-29 11:58:29,851] {dagbag.py:507} INFO - Filling up the DagBag from /opt/airflow/dags/CreateDagWithSimpleEcho.py
[2022-07-29 11:58:29,862] {processor.py:651} INFO - DAG(s) dict_keys(['Second_one__']) retrieved from /opt/airflow/dags/CreateDagWithSimpleEcho.py
[2022-07-29 11:58:29,897] {logging_mixin.py:115} INFO - [2022-07-29 11:58:29,897] {dag.py:2371} INFO - Sync 1 DAGs
[2022-07-29 11:58:29,936] {processor.py:161} INFO - Processing /opt/airflow/dags/CreateDagWithSimpleEcho.py took 0.089 seconds
[2022-07-29 11:59:00,241] {processor.py:153} INFO - Started process (PID=8869) to work on /opt/airflow/dags/CreateDagWithSimpleEcho.py
[2022-07-29 11:59:00,242] {processor.py:641} INFO - Processing file /opt/airflow/dags/CreateDagWithSimpleEcho.py for tasks to queue
[2022-07-29 11:59:00,243] {logging_mixin.py:115} INFO - [2022-07-29 11:59:00,242] {dagbag.py:507} INFO - Filling up the DagBag from /opt/airflow/dags/CreateDagWithSimpleEcho.py
[2022-07-29 11:59:00,256] {processor.py:651} INFO - DAG(s) dict_keys(['Second_one__']) retrieved from /opt/airflow/dags/CreateDagWithSimpleEcho.py
[2022-07-29 11:59:00,293] {logging_mixin.py:115} INFO - [2022-07-29 11:59:00,293] {dag.py:2371} INFO - Sync 1 DAGs
[2022-07-29 11:59:00,347] {processor.py:161} INFO - Processing /opt/airflow/dags/CreateDagWithSimpleEcho.py took 0.109 seconds
