[2022-07-29 11:40:14,395] {processor.py:153} INFO - Started process (PID=5443) to work on /opt/airflow/dags/CreateDagWithPythonOperator.py
[2022-07-29 11:40:14,395] {processor.py:641} INFO - Processing file /opt/airflow/dags/CreateDagWithPythonOperator.py for tasks to queue
[2022-07-29 11:40:14,395] {logging_mixin.py:115} INFO - [2022-07-29 11:40:14,395] {dagbag.py:507} INFO - Filling up the DagBag from /opt/airflow/dags/CreateDagWithPythonOperator.py
[2022-07-29 11:40:14,405] {processor.py:651} INFO - DAG(s) dict_keys(['our_dag_with_python_operator_v07']) retrieved from /opt/airflow/dags/CreateDagWithPythonOperator.py
[2022-07-29 11:40:14,510] {logging_mixin.py:115} INFO - [2022-07-29 11:40:14,510] {manager.py:508} INFO - Created Permission View: can delete on DAG:our_dag_with_python_operator_v07
[2022-07-29 11:40:14,525] {logging_mixin.py:115} INFO - [2022-07-29 11:40:14,525] {manager.py:508} INFO - Created Permission View: can edit on DAG:our_dag_with_python_operator_v07
[2022-07-29 11:40:14,539] {logging_mixin.py:115} INFO - [2022-07-29 11:40:14,539] {manager.py:508} INFO - Created Permission View: can read on DAG:our_dag_with_python_operator_v07
[2022-07-29 11:40:14,539] {logging_mixin.py:115} INFO - [2022-07-29 11:40:14,539] {dag.py:2371} INFO - Sync 1 DAGs
[2022-07-29 11:40:14,550] {logging_mixin.py:115} INFO - [2022-07-29 11:40:14,549] {dag.py:2390} INFO - Creating ORM DAG for our_dag_with_python_operator_v07
[2022-07-29 11:40:14,565] {logging_mixin.py:115} INFO - [2022-07-29 11:40:14,565] {dag.py:2919} INFO - Setting next_dagrun for our_dag_with_python_operator_v07 to 2021-10-06T00:00:00+00:00, run_after=2021-10-07T00:00:00+00:00
[2022-07-29 11:40:14,704] {processor.py:161} INFO - Processing /opt/airflow/dags/CreateDagWithPythonOperator.py took 0.312 seconds
[2022-07-29 11:40:20,448] {processor.py:153} INFO - Started process (PID=5445) to work on /opt/airflow/dags/CreateDagWithPythonOperator.py
[2022-07-29 11:40:20,449] {processor.py:641} INFO - Processing file /opt/airflow/dags/CreateDagWithPythonOperator.py for tasks to queue
[2022-07-29 11:40:20,449] {logging_mixin.py:115} INFO - [2022-07-29 11:40:20,449] {dagbag.py:507} INFO - Filling up the DagBag from /opt/airflow/dags/CreateDagWithPythonOperator.py
[2022-07-29 11:40:20,457] {processor.py:651} INFO - DAG(s) dict_keys(['our_dag_with_python_operator']) retrieved from /opt/airflow/dags/CreateDagWithPythonOperator.py
[2022-07-29 11:40:20,544] {logging_mixin.py:115} INFO - [2022-07-29 11:40:20,544] {manager.py:508} INFO - Created Permission View: can delete on DAG:our_dag_with_python_operator
[2022-07-29 11:40:20,563] {logging_mixin.py:115} INFO - [2022-07-29 11:40:20,563] {manager.py:508} INFO - Created Permission View: can edit on DAG:our_dag_with_python_operator
[2022-07-29 11:40:20,577] {logging_mixin.py:115} INFO - [2022-07-29 11:40:20,577] {manager.py:508} INFO - Created Permission View: can read on DAG:our_dag_with_python_operator
[2022-07-29 11:40:20,577] {logging_mixin.py:115} INFO - [2022-07-29 11:40:20,577] {dag.py:2371} INFO - Sync 1 DAGs
[2022-07-29 11:40:20,591] {logging_mixin.py:115} INFO - [2022-07-29 11:40:20,591] {dag.py:2390} INFO - Creating ORM DAG for our_dag_with_python_operator
[2022-07-29 11:40:20,613] {logging_mixin.py:115} INFO - [2022-07-29 11:40:20,613] {dag.py:2919} INFO - Setting next_dagrun for our_dag_with_python_operator to 2021-10-06T00:00:00+00:00, run_after=2021-10-07T00:00:00+00:00
[2022-07-29 11:40:20,756] {processor.py:161} INFO - Processing /opt/airflow/dags/CreateDagWithPythonOperator.py took 0.310 seconds
[2022-07-29 11:40:28,563] {processor.py:153} INFO - Started process (PID=5455) to work on /opt/airflow/dags/CreateDagWithPythonOperator.py
[2022-07-29 11:40:28,563] {processor.py:641} INFO - Processing file /opt/airflow/dags/CreateDagWithPythonOperator.py for tasks to queue
[2022-07-29 11:40:28,564] {logging_mixin.py:115} INFO - [2022-07-29 11:40:28,564] {dagbag.py:507} INFO - Filling up the DagBag from /opt/airflow/dags/CreateDagWithPythonOperator.py
[2022-07-29 11:40:28,576] {processor.py:651} INFO - DAG(s) dict_keys(['dag_with_python_operator']) retrieved from /opt/airflow/dags/CreateDagWithPythonOperator.py
[2022-07-29 11:40:28,671] {logging_mixin.py:115} INFO - [2022-07-29 11:40:28,671] {manager.py:508} INFO - Created Permission View: can delete on DAG:dag_with_python_operator
[2022-07-29 11:40:28,683] {logging_mixin.py:115} INFO - [2022-07-29 11:40:28,683] {manager.py:508} INFO - Created Permission View: can edit on DAG:dag_with_python_operator
[2022-07-29 11:40:28,694] {logging_mixin.py:115} INFO - [2022-07-29 11:40:28,694] {manager.py:508} INFO - Created Permission View: can read on DAG:dag_with_python_operator
[2022-07-29 11:40:28,694] {logging_mixin.py:115} INFO - [2022-07-29 11:40:28,694] {dag.py:2371} INFO - Sync 1 DAGs
[2022-07-29 11:40:28,703] {logging_mixin.py:115} INFO - [2022-07-29 11:40:28,702] {dag.py:2390} INFO - Creating ORM DAG for dag_with_python_operator
[2022-07-29 11:40:28,716] {logging_mixin.py:115} INFO - [2022-07-29 11:40:28,716] {dag.py:2919} INFO - Setting next_dagrun for dag_with_python_operator to 2021-10-06T00:00:00+00:00, run_after=2021-10-07T00:00:00+00:00
[2022-07-29 11:40:28,831] {processor.py:161} INFO - Processing /opt/airflow/dags/CreateDagWithPythonOperator.py took 0.271 seconds
[2022-07-29 11:40:58,940] {processor.py:153} INFO - Started process (PID=5532) to work on /opt/airflow/dags/CreateDagWithPythonOperator.py
[2022-07-29 11:40:58,941] {processor.py:641} INFO - Processing file /opt/airflow/dags/CreateDagWithPythonOperator.py for tasks to queue
[2022-07-29 11:40:58,942] {logging_mixin.py:115} INFO - [2022-07-29 11:40:58,942] {dagbag.py:507} INFO - Filling up the DagBag from /opt/airflow/dags/CreateDagWithPythonOperator.py
[2022-07-29 11:40:58,953] {processor.py:651} INFO - DAG(s) dict_keys(['dag_with_python_operator']) retrieved from /opt/airflow/dags/CreateDagWithPythonOperator.py
[2022-07-29 11:40:58,994] {logging_mixin.py:115} INFO - [2022-07-29 11:40:58,994] {dag.py:2371} INFO - Sync 1 DAGs
[2022-07-29 11:40:59,022] {logging_mixin.py:115} INFO - [2022-07-29 11:40:59,022] {dag.py:2919} INFO - Setting next_dagrun for dag_with_python_operator to 2021-10-18T00:00:00+00:00, run_after=2021-10-19T00:00:00+00:00
[2022-07-29 11:40:59,037] {processor.py:161} INFO - Processing /opt/airflow/dags/CreateDagWithPythonOperator.py took 0.099 seconds
[2022-07-29 11:41:16,214] {processor.py:153} INFO - Started process (PID=5638) to work on /opt/airflow/dags/CreateDagWithPythonOperator.py
[2022-07-29 11:41:16,215] {processor.py:641} INFO - Processing file /opt/airflow/dags/CreateDagWithPythonOperator.py for tasks to queue
[2022-07-29 11:41:16,215] {logging_mixin.py:115} INFO - [2022-07-29 11:41:16,215] {dagbag.py:507} INFO - Filling up the DagBag from /opt/airflow/dags/CreateDagWithPythonOperator.py
[2022-07-29 11:41:16,227] {processor.py:651} INFO - DAG(s) dict_keys(['dag_with_python_operator']) retrieved from /opt/airflow/dags/CreateDagWithPythonOperator.py
[2022-07-29 11:41:16,268] {logging_mixin.py:115} INFO - [2022-07-29 11:41:16,268] {dag.py:2371} INFO - Sync 1 DAGs
[2022-07-29 11:41:16,303] {logging_mixin.py:115} INFO - [2022-07-29 11:41:16,303] {dag.py:2919} INFO - Setting next_dagrun for dag_with_python_operator to 2021-11-06T00:00:00+00:00, run_after=2021-11-07T00:00:00+00:00
[2022-07-29 11:41:16,323] {processor.py:161} INFO - Processing /opt/airflow/dags/CreateDagWithPythonOperator.py took 0.112 seconds
[2022-07-29 11:41:20,351] {processor.py:153} INFO - Started process (PID=5668) to work on /opt/airflow/dags/CreateDagWithPythonOperator.py
[2022-07-29 11:41:20,352] {processor.py:641} INFO - Processing file /opt/airflow/dags/CreateDagWithPythonOperator.py for tasks to queue
[2022-07-29 11:41:20,352] {logging_mixin.py:115} INFO - [2022-07-29 11:41:20,352] {dagbag.py:507} INFO - Filling up the DagBag from /opt/airflow/dags/CreateDagWithPythonOperator.py
[2022-07-29 11:41:20,364] {processor.py:651} INFO - DAG(s) dict_keys(['dag_with_python_operator']) retrieved from /opt/airflow/dags/CreateDagWithPythonOperator.py
[2022-07-29 11:41:20,411] {logging_mixin.py:115} INFO - [2022-07-29 11:41:20,411] {dag.py:2371} INFO - Sync 1 DAGs
[2022-07-29 11:41:20,446] {logging_mixin.py:115} INFO - [2022-07-29 11:41:20,446] {dag.py:2919} INFO - Setting next_dagrun for dag_with_python_operator to 2021-11-11T00:00:00+00:00, run_after=2021-11-12T00:00:00+00:00
[2022-07-29 11:41:20,467] {processor.py:161} INFO - Processing /opt/airflow/dags/CreateDagWithPythonOperator.py took 0.120 seconds
[2022-07-29 11:41:50,646] {processor.py:153} INFO - Started process (PID=5831) to work on /opt/airflow/dags/CreateDagWithPythonOperator.py
[2022-07-29 11:41:50,648] {processor.py:641} INFO - Processing file /opt/airflow/dags/CreateDagWithPythonOperator.py for tasks to queue
[2022-07-29 11:41:50,648] {logging_mixin.py:115} INFO - [2022-07-29 11:41:50,648] {dagbag.py:507} INFO - Filling up the DagBag from /opt/airflow/dags/CreateDagWithPythonOperator.py
[2022-07-29 11:41:50,661] {processor.py:651} INFO - DAG(s) dict_keys(['dag_with_python_operator']) retrieved from /opt/airflow/dags/CreateDagWithPythonOperator.py
[2022-07-29 11:41:50,697] {logging_mixin.py:115} INFO - [2022-07-29 11:41:50,697] {dag.py:2371} INFO - Sync 1 DAGs
[2022-07-29 11:41:50,728] {logging_mixin.py:115} INFO - [2022-07-29 11:41:50,727] {dag.py:2919} INFO - Setting next_dagrun for dag_with_python_operator to 2021-12-09T00:00:00+00:00, run_after=2021-12-10T00:00:00+00:00
[2022-07-29 11:41:50,744] {processor.py:161} INFO - Processing /opt/airflow/dags/CreateDagWithPythonOperator.py took 0.101 seconds
[2022-07-29 11:42:20,965] {processor.py:153} INFO - Started process (PID=5998) to work on /opt/airflow/dags/CreateDagWithPythonOperator.py
[2022-07-29 11:42:20,965] {processor.py:641} INFO - Processing file /opt/airflow/dags/CreateDagWithPythonOperator.py for tasks to queue
[2022-07-29 11:42:20,965] {logging_mixin.py:115} INFO - [2022-07-29 11:42:20,965] {dagbag.py:507} INFO - Filling up the DagBag from /opt/airflow/dags/CreateDagWithPythonOperator.py
[2022-07-29 11:42:20,977] {processor.py:651} INFO - DAG(s) dict_keys(['dag_with_python_operator']) retrieved from /opt/airflow/dags/CreateDagWithPythonOperator.py
[2022-07-29 11:42:21,052] {logging_mixin.py:115} INFO - [2022-07-29 11:42:21,052] {dag.py:2371} INFO - Sync 1 DAGs
[2022-07-29 11:42:21,107] {logging_mixin.py:115} INFO - [2022-07-29 11:42:21,107] {dag.py:2919} INFO - Setting next_dagrun for dag_with_python_operator to 2022-01-10T00:00:00+00:00, run_after=2022-01-11T00:00:00+00:00
[2022-07-29 11:42:21,140] {processor.py:161} INFO - Processing /opt/airflow/dags/CreateDagWithPythonOperator.py took 0.178 seconds
[2022-07-29 11:42:51,344] {processor.py:153} INFO - Started process (PID=6182) to work on /opt/airflow/dags/CreateDagWithPythonOperator.py
[2022-07-29 11:42:51,345] {processor.py:641} INFO - Processing file /opt/airflow/dags/CreateDagWithPythonOperator.py for tasks to queue
[2022-07-29 11:42:51,346] {logging_mixin.py:115} INFO - [2022-07-29 11:42:51,346] {dagbag.py:507} INFO - Filling up the DagBag from /opt/airflow/dags/CreateDagWithPythonOperator.py
[2022-07-29 11:42:51,356] {processor.py:651} INFO - DAG(s) dict_keys(['dag_with_python_operator']) retrieved from /opt/airflow/dags/CreateDagWithPythonOperator.py
[2022-07-29 11:42:51,391] {logging_mixin.py:115} INFO - [2022-07-29 11:42:51,391] {dag.py:2371} INFO - Sync 1 DAGs
[2022-07-29 11:42:51,425] {logging_mixin.py:115} INFO - [2022-07-29 11:42:51,425] {dag.py:2919} INFO - Setting next_dagrun for dag_with_python_operator to 2022-02-09T00:00:00+00:00, run_after=2022-02-10T00:00:00+00:00
[2022-07-29 11:42:51,441] {processor.py:161} INFO - Processing /opt/airflow/dags/CreateDagWithPythonOperator.py took 0.100 seconds
[2022-07-29 11:43:21,670] {processor.py:153} INFO - Started process (PID=6358) to work on /opt/airflow/dags/CreateDagWithPythonOperator.py
[2022-07-29 11:43:21,670] {processor.py:641} INFO - Processing file /opt/airflow/dags/CreateDagWithPythonOperator.py for tasks to queue
[2022-07-29 11:43:21,671] {logging_mixin.py:115} INFO - [2022-07-29 11:43:21,671] {dagbag.py:507} INFO - Filling up the DagBag from /opt/airflow/dags/CreateDagWithPythonOperator.py
[2022-07-29 11:43:21,683] {processor.py:651} INFO - DAG(s) dict_keys(['dag_with_python_operator']) retrieved from /opt/airflow/dags/CreateDagWithPythonOperator.py
[2022-07-29 11:43:21,719] {logging_mixin.py:115} INFO - [2022-07-29 11:43:21,719] {dag.py:2371} INFO - Sync 1 DAGs
[2022-07-29 11:43:21,750] {logging_mixin.py:115} INFO - [2022-07-29 11:43:21,750] {dag.py:2919} INFO - Setting next_dagrun for dag_with_python_operator to 2022-03-12T00:00:00+00:00, run_after=2022-03-13T00:00:00+00:00
[2022-07-29 11:43:21,766] {processor.py:161} INFO - Processing /opt/airflow/dags/CreateDagWithPythonOperator.py took 0.101 seconds
[2022-07-29 11:43:51,985] {processor.py:153} INFO - Started process (PID=6525) to work on /opt/airflow/dags/CreateDagWithPythonOperator.py
[2022-07-29 11:43:51,986] {processor.py:641} INFO - Processing file /opt/airflow/dags/CreateDagWithPythonOperator.py for tasks to queue
[2022-07-29 11:43:51,987] {logging_mixin.py:115} INFO - [2022-07-29 11:43:51,987] {dagbag.py:507} INFO - Filling up the DagBag from /opt/airflow/dags/CreateDagWithPythonOperator.py
[2022-07-29 11:43:51,995] {processor.py:651} INFO - DAG(s) dict_keys(['dag_with_python_operator']) retrieved from /opt/airflow/dags/CreateDagWithPythonOperator.py
[2022-07-29 11:43:52,031] {logging_mixin.py:115} INFO - [2022-07-29 11:43:52,031] {dag.py:2371} INFO - Sync 1 DAGs
[2022-07-29 11:43:52,059] {logging_mixin.py:115} INFO - [2022-07-29 11:43:52,058] {dag.py:2919} INFO - Setting next_dagrun for dag_with_python_operator to 2022-04-10T00:00:00+00:00, run_after=2022-04-11T00:00:00+00:00
[2022-07-29 11:43:52,072] {processor.py:161} INFO - Processing /opt/airflow/dags/CreateDagWithPythonOperator.py took 0.089 seconds
[2022-07-29 11:44:22,264] {processor.py:153} INFO - Started process (PID=6718) to work on /opt/airflow/dags/CreateDagWithPythonOperator.py
[2022-07-29 11:44:22,265] {processor.py:641} INFO - Processing file /opt/airflow/dags/CreateDagWithPythonOperator.py for tasks to queue
[2022-07-29 11:44:22,265] {logging_mixin.py:115} INFO - [2022-07-29 11:44:22,265] {dagbag.py:507} INFO - Filling up the DagBag from /opt/airflow/dags/CreateDagWithPythonOperator.py
[2022-07-29 11:44:22,275] {processor.py:651} INFO - DAG(s) dict_keys(['dag_with_python_operator']) retrieved from /opt/airflow/dags/CreateDagWithPythonOperator.py
[2022-07-29 11:44:22,310] {logging_mixin.py:115} INFO - [2022-07-29 11:44:22,310] {dag.py:2371} INFO - Sync 1 DAGs
[2022-07-29 11:44:22,339] {logging_mixin.py:115} INFO - [2022-07-29 11:44:22,338] {dag.py:2919} INFO - Setting next_dagrun for dag_with_python_operator to 2022-05-15T00:00:00+00:00, run_after=2022-05-16T00:00:00+00:00
[2022-07-29 11:44:22,352] {processor.py:161} INFO - Processing /opt/airflow/dags/CreateDagWithPythonOperator.py took 0.091 seconds
[2022-07-29 11:44:52,587] {processor.py:153} INFO - Started process (PID=6906) to work on /opt/airflow/dags/CreateDagWithPythonOperator.py
[2022-07-29 11:44:52,587] {processor.py:641} INFO - Processing file /opt/airflow/dags/CreateDagWithPythonOperator.py for tasks to queue
[2022-07-29 11:44:52,587] {logging_mixin.py:115} INFO - [2022-07-29 11:44:52,587] {dagbag.py:507} INFO - Filling up the DagBag from /opt/airflow/dags/CreateDagWithPythonOperator.py
[2022-07-29 11:44:52,595] {processor.py:651} INFO - DAG(s) dict_keys(['dag_with_python_operator']) retrieved from /opt/airflow/dags/CreateDagWithPythonOperator.py
[2022-07-29 11:44:52,628] {logging_mixin.py:115} INFO - [2022-07-29 11:44:52,628] {dag.py:2371} INFO - Sync 1 DAGs
[2022-07-29 11:44:52,658] {logging_mixin.py:115} INFO - [2022-07-29 11:44:52,657] {dag.py:2919} INFO - Setting next_dagrun for dag_with_python_operator to 2022-06-18T00:00:00+00:00, run_after=2022-06-19T00:00:00+00:00
[2022-07-29 11:44:52,674] {processor.py:161} INFO - Processing /opt/airflow/dags/CreateDagWithPythonOperator.py took 0.090 seconds
[2022-07-29 11:45:18,847] {processor.py:153} INFO - Started process (PID=7031) to work on /opt/airflow/dags/CreateDagWithPythonOperator.py
[2022-07-29 11:45:18,848] {processor.py:641} INFO - Processing file /opt/airflow/dags/CreateDagWithPythonOperator.py for tasks to queue
[2022-07-29 11:45:18,848] {logging_mixin.py:115} INFO - [2022-07-29 11:45:18,848] {dagbag.py:507} INFO - Filling up the DagBag from /opt/airflow/dags/CreateDagWithPythonOperator.py
[2022-07-29 11:45:18,858] {processor.py:651} INFO - DAG(s) dict_keys(['dag_with_python_operator']) retrieved from /opt/airflow/dags/CreateDagWithPythonOperator.py
[2022-07-29 11:45:18,885] {logging_mixin.py:115} INFO - [2022-07-29 11:45:18,885] {dag.py:2371} INFO - Sync 1 DAGs
[2022-07-29 11:45:18,908] {logging_mixin.py:115} INFO - [2022-07-29 11:45:18,908] {dag.py:2919} INFO - Setting next_dagrun for dag_with_python_operator to 2022-07-10T00:00:00+00:00, run_after=2022-07-11T00:00:00+00:00
[2022-07-29 11:45:18,929] {processor.py:161} INFO - Processing /opt/airflow/dags/CreateDagWithPythonOperator.py took 0.084 seconds
[2022-07-29 11:45:47,191] {processor.py:153} INFO - Started process (PID=7160) to work on /opt/airflow/dags/CreateDagWithPythonOperator.py
[2022-07-29 11:45:47,191] {processor.py:641} INFO - Processing file /opt/airflow/dags/CreateDagWithPythonOperator.py for tasks to queue
[2022-07-29 11:45:47,191] {logging_mixin.py:115} INFO - [2022-07-29 11:45:47,191] {dagbag.py:507} INFO - Filling up the DagBag from /opt/airflow/dags/CreateDagWithPythonOperator.py
[2022-07-29 11:45:47,203] {processor.py:651} INFO - DAG(s) dict_keys(['dag_with_python_operator']) retrieved from /opt/airflow/dags/CreateDagWithPythonOperator.py
[2022-07-29 11:45:47,233] {logging_mixin.py:115} INFO - [2022-07-29 11:45:47,233] {dag.py:2371} INFO - Sync 1 DAGs
[2022-07-29 11:45:47,261] {logging_mixin.py:115} INFO - [2022-07-29 11:45:47,261] {dag.py:2919} INFO - Setting next_dagrun for dag_with_python_operator to 2022-07-29T00:00:00+00:00, run_after=2022-07-30T00:00:00+00:00
[2022-07-29 11:45:47,277] {processor.py:161} INFO - Processing /opt/airflow/dags/CreateDagWithPythonOperator.py took 0.090 seconds
[2022-07-29 11:45:51,202] {processor.py:153} INFO - Started process (PID=7161) to work on /opt/airflow/dags/CreateDagWithPythonOperator.py
[2022-07-29 11:45:51,203] {processor.py:641} INFO - Processing file /opt/airflow/dags/CreateDagWithPythonOperator.py for tasks to queue
[2022-07-29 11:45:51,203] {logging_mixin.py:115} INFO - [2022-07-29 11:45:51,203] {dagbag.py:507} INFO - Filling up the DagBag from /opt/airflow/dags/CreateDagWithPythonOperator.py
[2022-07-29 11:45:51,213] {processor.py:651} INFO - DAG(s) dict_keys(['dag_with_python_operator']) retrieved from /opt/airflow/dags/CreateDagWithPythonOperator.py
[2022-07-29 11:45:51,242] {logging_mixin.py:115} INFO - [2022-07-29 11:45:51,242] {dag.py:2371} INFO - Sync 1 DAGs
[2022-07-29 11:45:51,272] {logging_mixin.py:115} INFO - [2022-07-29 11:45:51,272] {dag.py:2919} INFO - Setting next_dagrun for dag_with_python_operator to 2022-07-29T00:00:00+00:00, run_after=2022-07-30T00:00:00+00:00
[2022-07-29 11:45:51,296] {processor.py:161} INFO - Processing /opt/airflow/dags/CreateDagWithPythonOperator.py took 0.096 seconds
[2022-07-29 11:46:21,499] {processor.py:153} INFO - Started process (PID=7183) to work on /opt/airflow/dags/CreateDagWithPythonOperator.py
[2022-07-29 11:46:21,500] {processor.py:641} INFO - Processing file /opt/airflow/dags/CreateDagWithPythonOperator.py for tasks to queue
[2022-07-29 11:46:21,501] {logging_mixin.py:115} INFO - [2022-07-29 11:46:21,501] {dagbag.py:507} INFO - Filling up the DagBag from /opt/airflow/dags/CreateDagWithPythonOperator.py
[2022-07-29 11:46:21,512] {processor.py:651} INFO - DAG(s) dict_keys(['dag_with_python_operator']) retrieved from /opt/airflow/dags/CreateDagWithPythonOperator.py
[2022-07-29 11:46:21,545] {logging_mixin.py:115} INFO - [2022-07-29 11:46:21,545] {dag.py:2371} INFO - Sync 1 DAGs
[2022-07-29 11:46:21,576] {logging_mixin.py:115} INFO - [2022-07-29 11:46:21,575] {dag.py:2919} INFO - Setting next_dagrun for dag_with_python_operator to 2022-07-29T00:00:00+00:00, run_after=2022-07-30T00:00:00+00:00
[2022-07-29 11:46:21,591] {processor.py:161} INFO - Processing /opt/airflow/dags/CreateDagWithPythonOperator.py took 0.094 seconds
[2022-07-29 11:46:51,783] {processor.py:153} INFO - Started process (PID=7213) to work on /opt/airflow/dags/CreateDagWithPythonOperator.py
[2022-07-29 11:46:51,784] {processor.py:641} INFO - Processing file /opt/airflow/dags/CreateDagWithPythonOperator.py for tasks to queue
[2022-07-29 11:46:51,785] {logging_mixin.py:115} INFO - [2022-07-29 11:46:51,785] {dagbag.py:507} INFO - Filling up the DagBag from /opt/airflow/dags/CreateDagWithPythonOperator.py
[2022-07-29 11:46:51,798] {processor.py:651} INFO - DAG(s) dict_keys(['dag_with_python_operator']) retrieved from /opt/airflow/dags/CreateDagWithPythonOperator.py
[2022-07-29 11:46:51,837] {logging_mixin.py:115} INFO - [2022-07-29 11:46:51,837] {dag.py:2371} INFO - Sync 1 DAGs
[2022-07-29 11:46:51,867] {logging_mixin.py:115} INFO - [2022-07-29 11:46:51,866] {dag.py:2919} INFO - Setting next_dagrun for dag_with_python_operator to 2022-07-29T00:00:00+00:00, run_after=2022-07-30T00:00:00+00:00
[2022-07-29 11:46:51,884] {processor.py:161} INFO - Processing /opt/airflow/dags/CreateDagWithPythonOperator.py took 0.104 seconds
[2022-07-29 11:46:53,804] {processor.py:153} INFO - Started process (PID=7215) to work on /opt/airflow/dags/CreateDagWithPythonOperator.py
[2022-07-29 11:46:53,805] {processor.py:641} INFO - Processing file /opt/airflow/dags/CreateDagWithPythonOperator.py for tasks to queue
[2022-07-29 11:46:53,805] {logging_mixin.py:115} INFO - [2022-07-29 11:46:53,805] {dagbag.py:507} INFO - Filling up the DagBag from /opt/airflow/dags/CreateDagWithPythonOperator.py
[2022-07-29 11:46:53,820] {processor.py:651} INFO - DAG(s) dict_keys(['dag_with_python_operator']) retrieved from /opt/airflow/dags/CreateDagWithPythonOperator.py
[2022-07-29 11:46:53,850] {logging_mixin.py:115} INFO - [2022-07-29 11:46:53,850] {dag.py:2371} INFO - Sync 1 DAGs
[2022-07-29 11:46:53,874] {logging_mixin.py:115} INFO - [2022-07-29 11:46:53,873] {dag.py:2919} INFO - Setting next_dagrun for dag_with_python_operator to 2022-07-29T00:00:00+00:00, run_after=2022-07-30T00:00:00+00:00
[2022-07-29 11:46:53,889] {processor.py:161} INFO - Processing /opt/airflow/dags/CreateDagWithPythonOperator.py took 0.089 seconds
[2022-07-29 11:46:55,896] {processor.py:153} INFO - Started process (PID=7216) to work on /opt/airflow/dags/CreateDagWithPythonOperator.py
[2022-07-29 11:46:55,896] {processor.py:641} INFO - Processing file /opt/airflow/dags/CreateDagWithPythonOperator.py for tasks to queue
[2022-07-29 11:46:55,897] {logging_mixin.py:115} INFO - [2022-07-29 11:46:55,897] {dagbag.py:507} INFO - Filling up the DagBag from /opt/airflow/dags/CreateDagWithPythonOperator.py
[2022-07-29 11:46:55,908] {processor.py:651} INFO - DAG(s) dict_keys(['dag_with_python_operator']) retrieved from /opt/airflow/dags/CreateDagWithPythonOperator.py
[2022-07-29 11:46:55,941] {logging_mixin.py:115} INFO - [2022-07-29 11:46:55,941] {dag.py:2371} INFO - Sync 1 DAGs
[2022-07-29 11:46:55,973] {logging_mixin.py:115} INFO - [2022-07-29 11:46:55,973] {dag.py:2919} INFO - Setting next_dagrun for dag_with_python_operator to 2022-07-29T00:00:00+00:00, run_after=2022-07-30T00:00:00+00:00
[2022-07-29 11:46:55,997] {processor.py:161} INFO - Processing /opt/airflow/dags/CreateDagWithPythonOperator.py took 0.105 seconds
[2022-07-29 11:47:26,100] {processor.py:153} INFO - Started process (PID=7246) to work on /opt/airflow/dags/CreateDagWithPythonOperator.py
[2022-07-29 11:47:26,101] {processor.py:641} INFO - Processing file /opt/airflow/dags/CreateDagWithPythonOperator.py for tasks to queue
[2022-07-29 11:47:26,102] {logging_mixin.py:115} INFO - [2022-07-29 11:47:26,102] {dagbag.py:507} INFO - Filling up the DagBag from /opt/airflow/dags/CreateDagWithPythonOperator.py
[2022-07-29 11:47:26,112] {processor.py:651} INFO - DAG(s) dict_keys(['dag_with_python_operator']) retrieved from /opt/airflow/dags/CreateDagWithPythonOperator.py
[2022-07-29 11:47:26,144] {logging_mixin.py:115} INFO - [2022-07-29 11:47:26,144] {dag.py:2371} INFO - Sync 1 DAGs
[2022-07-29 11:47:26,167] {logging_mixin.py:115} INFO - [2022-07-29 11:47:26,167] {dag.py:2919} INFO - Setting next_dagrun for dag_with_python_operator to 2022-07-29T00:00:00+00:00, run_after=2022-07-30T00:00:00+00:00
[2022-07-29 11:47:26,181] {processor.py:161} INFO - Processing /opt/airflow/dags/CreateDagWithPythonOperator.py took 0.084 seconds
[2022-07-29 11:47:56,369] {processor.py:153} INFO - Started process (PID=7277) to work on /opt/airflow/dags/CreateDagWithPythonOperator.py
[2022-07-29 11:47:56,370] {processor.py:641} INFO - Processing file /opt/airflow/dags/CreateDagWithPythonOperator.py for tasks to queue
[2022-07-29 11:47:56,370] {logging_mixin.py:115} INFO - [2022-07-29 11:47:56,370] {dagbag.py:507} INFO - Filling up the DagBag from /opt/airflow/dags/CreateDagWithPythonOperator.py
[2022-07-29 11:47:56,381] {processor.py:651} INFO - DAG(s) dict_keys(['dag_with_python_operator']) retrieved from /opt/airflow/dags/CreateDagWithPythonOperator.py
[2022-07-29 11:47:56,411] {logging_mixin.py:115} INFO - [2022-07-29 11:47:56,411] {dag.py:2371} INFO - Sync 1 DAGs
[2022-07-29 11:47:56,434] {logging_mixin.py:115} INFO - [2022-07-29 11:47:56,434] {dag.py:2919} INFO - Setting next_dagrun for dag_with_python_operator to 2022-07-29T00:00:00+00:00, run_after=2022-07-30T00:00:00+00:00
[2022-07-29 11:47:56,450] {processor.py:161} INFO - Processing /opt/airflow/dags/CreateDagWithPythonOperator.py took 0.083 seconds
[2022-07-29 11:48:21,529] {processor.py:153} INFO - Started process (PID=7298) to work on /opt/airflow/dags/CreateDagWithPythonOperator.py
[2022-07-29 11:48:21,530] {processor.py:641} INFO - Processing file /opt/airflow/dags/CreateDagWithPythonOperator.py for tasks to queue
[2022-07-29 11:48:21,530] {logging_mixin.py:115} INFO - [2022-07-29 11:48:21,530] {dagbag.py:507} INFO - Filling up the DagBag from /opt/airflow/dags/CreateDagWithPythonOperator.py
[2022-07-29 11:48:21,541] {processor.py:651} INFO - DAG(s) dict_keys(['dag_with_python_operator']) retrieved from /opt/airflow/dags/CreateDagWithPythonOperator.py
[2022-07-29 11:48:21,569] {logging_mixin.py:115} INFO - [2022-07-29 11:48:21,569] {dag.py:2371} INFO - Sync 1 DAGs
[2022-07-29 11:48:21,595] {logging_mixin.py:115} INFO - [2022-07-29 11:48:21,595] {dag.py:2919} INFO - Setting next_dagrun for dag_with_python_operator to 2022-07-29T00:00:00+00:00, run_after=2022-07-30T00:00:00+00:00
[2022-07-29 11:48:21,609] {processor.py:161} INFO - Processing /opt/airflow/dags/CreateDagWithPythonOperator.py took 0.083 seconds
[2022-07-29 11:48:28,553] {processor.py:153} INFO - Started process (PID=7300) to work on /opt/airflow/dags/CreateDagWithPythonOperator.py
[2022-07-29 11:48:28,554] {processor.py:641} INFO - Processing file /opt/airflow/dags/CreateDagWithPythonOperator.py for tasks to queue
[2022-07-29 11:48:28,554] {logging_mixin.py:115} INFO - [2022-07-29 11:48:28,554] {dagbag.py:507} INFO - Filling up the DagBag from /opt/airflow/dags/CreateDagWithPythonOperator.py
[2022-07-29 11:48:28,564] {processor.py:651} INFO - DAG(s) dict_keys(['dag_with_python_operator']) retrieved from /opt/airflow/dags/CreateDagWithPythonOperator.py
[2022-07-29 11:48:28,595] {logging_mixin.py:115} INFO - [2022-07-29 11:48:28,595] {dag.py:2371} INFO - Sync 1 DAGs
[2022-07-29 11:48:28,625] {logging_mixin.py:115} INFO - [2022-07-29 11:48:28,625] {dag.py:2919} INFO - Setting next_dagrun for dag_with_python_operator to 2022-07-29T00:00:00+00:00, run_after=2022-07-30T00:00:00+00:00
[2022-07-29 11:48:28,644] {processor.py:161} INFO - Processing /opt/airflow/dags/CreateDagWithPythonOperator.py took 0.093 seconds
[2022-07-29 11:48:41,688] {processor.py:153} INFO - Started process (PID=7320) to work on /opt/airflow/dags/CreateDagWithPythonOperator.py
[2022-07-29 11:48:41,688] {processor.py:641} INFO - Processing file /opt/airflow/dags/CreateDagWithPythonOperator.py for tasks to queue
[2022-07-29 11:48:41,688] {logging_mixin.py:115} INFO - [2022-07-29 11:48:41,688] {dagbag.py:507} INFO - Filling up the DagBag from /opt/airflow/dags/CreateDagWithPythonOperator.py
[2022-07-29 11:48:41,699] {processor.py:651} INFO - DAG(s) dict_keys(['dag_with_python_operator']) retrieved from /opt/airflow/dags/CreateDagWithPythonOperator.py
[2022-07-29 11:48:41,728] {logging_mixin.py:115} INFO - [2022-07-29 11:48:41,728] {dag.py:2371} INFO - Sync 1 DAGs
[2022-07-29 11:48:41,758] {logging_mixin.py:115} INFO - [2022-07-29 11:48:41,757] {dag.py:2919} INFO - Setting next_dagrun for dag_with_python_operator to 2022-07-29T00:00:00+00:00, run_after=2022-07-30T00:00:00+00:00
[2022-07-29 11:48:41,777] {processor.py:161} INFO - Processing /opt/airflow/dags/CreateDagWithPythonOperator.py took 0.092 seconds
[2022-07-29 11:49:11,940] {processor.py:153} INFO - Started process (PID=7343) to work on /opt/airflow/dags/CreateDagWithPythonOperator.py
[2022-07-29 11:49:11,942] {processor.py:641} INFO - Processing file /opt/airflow/dags/CreateDagWithPythonOperator.py for tasks to queue
[2022-07-29 11:49:11,942] {logging_mixin.py:115} INFO - [2022-07-29 11:49:11,942] {dagbag.py:507} INFO - Filling up the DagBag from /opt/airflow/dags/CreateDagWithPythonOperator.py
[2022-07-29 11:49:11,952] {processor.py:651} INFO - DAG(s) dict_keys(['dag_with_python_operator']) retrieved from /opt/airflow/dags/CreateDagWithPythonOperator.py
[2022-07-29 11:49:11,975] {logging_mixin.py:115} INFO - [2022-07-29 11:49:11,975] {dag.py:2371} INFO - Sync 1 DAGs
[2022-07-29 11:49:11,996] {logging_mixin.py:115} INFO - [2022-07-29 11:49:11,996] {dag.py:2919} INFO - Setting next_dagrun for dag_with_python_operator to 2022-07-29T00:00:00+00:00, run_after=2022-07-30T00:00:00+00:00
[2022-07-29 11:49:12,007] {processor.py:161} INFO - Processing /opt/airflow/dags/CreateDagWithPythonOperator.py took 0.070 seconds
[2022-07-29 11:49:42,167] {processor.py:153} INFO - Started process (PID=7373) to work on /opt/airflow/dags/CreateDagWithPythonOperator.py
[2022-07-29 11:49:42,167] {processor.py:641} INFO - Processing file /opt/airflow/dags/CreateDagWithPythonOperator.py for tasks to queue
[2022-07-29 11:49:42,168] {logging_mixin.py:115} INFO - [2022-07-29 11:49:42,167] {dagbag.py:507} INFO - Filling up the DagBag from /opt/airflow/dags/CreateDagWithPythonOperator.py
[2022-07-29 11:49:42,176] {processor.py:651} INFO - DAG(s) dict_keys(['dag_with_python_operator']) retrieved from /opt/airflow/dags/CreateDagWithPythonOperator.py
[2022-07-29 11:49:42,199] {logging_mixin.py:115} INFO - [2022-07-29 11:49:42,198] {dag.py:2371} INFO - Sync 1 DAGs
[2022-07-29 11:49:42,219] {logging_mixin.py:115} INFO - [2022-07-29 11:49:42,219] {dag.py:2919} INFO - Setting next_dagrun for dag_with_python_operator to 2022-07-29T00:00:00+00:00, run_after=2022-07-30T00:00:00+00:00
[2022-07-29 11:49:42,232] {processor.py:161} INFO - Processing /opt/airflow/dags/CreateDagWithPythonOperator.py took 0.067 seconds
[2022-07-29 11:50:12,403] {processor.py:153} INFO - Started process (PID=7395) to work on /opt/airflow/dags/CreateDagWithPythonOperator.py
[2022-07-29 11:50:12,405] {processor.py:641} INFO - Processing file /opt/airflow/dags/CreateDagWithPythonOperator.py for tasks to queue
[2022-07-29 11:50:12,405] {logging_mixin.py:115} INFO - [2022-07-29 11:50:12,405] {dagbag.py:507} INFO - Filling up the DagBag from /opt/airflow/dags/CreateDagWithPythonOperator.py
[2022-07-29 11:50:12,415] {processor.py:651} INFO - DAG(s) dict_keys(['dag_with_python_operator']) retrieved from /opt/airflow/dags/CreateDagWithPythonOperator.py
[2022-07-29 11:50:12,494] {logging_mixin.py:115} INFO - [2022-07-29 11:50:12,494] {dag.py:2371} INFO - Sync 1 DAGs
[2022-07-29 11:50:12,521] {logging_mixin.py:115} INFO - [2022-07-29 11:50:12,521] {dag.py:2919} INFO - Setting next_dagrun for dag_with_python_operator to 2022-07-29T00:00:00+00:00, run_after=2022-07-30T00:00:00+00:00
[2022-07-29 11:50:12,543] {processor.py:161} INFO - Processing /opt/airflow/dags/CreateDagWithPythonOperator.py took 0.143 seconds
[2022-07-29 11:50:42,769] {processor.py:153} INFO - Started process (PID=7426) to work on /opt/airflow/dags/CreateDagWithPythonOperator.py
[2022-07-29 11:50:42,770] {processor.py:641} INFO - Processing file /opt/airflow/dags/CreateDagWithPythonOperator.py for tasks to queue
[2022-07-29 11:50:42,771] {logging_mixin.py:115} INFO - [2022-07-29 11:50:42,771] {dagbag.py:507} INFO - Filling up the DagBag from /opt/airflow/dags/CreateDagWithPythonOperator.py
[2022-07-29 11:50:42,782] {processor.py:651} INFO - DAG(s) dict_keys(['dag_with_python_operator']) retrieved from /opt/airflow/dags/CreateDagWithPythonOperator.py
[2022-07-29 11:50:42,812] {logging_mixin.py:115} INFO - [2022-07-29 11:50:42,812] {dag.py:2371} INFO - Sync 1 DAGs
[2022-07-29 11:50:42,840] {logging_mixin.py:115} INFO - [2022-07-29 11:50:42,840] {dag.py:2919} INFO - Setting next_dagrun for dag_with_python_operator to 2022-07-29T00:00:00+00:00, run_after=2022-07-30T00:00:00+00:00
[2022-07-29 11:50:42,856] {processor.py:161} INFO - Processing /opt/airflow/dags/CreateDagWithPythonOperator.py took 0.089 seconds
[2022-07-29 11:51:13,062] {processor.py:153} INFO - Started process (PID=7457) to work on /opt/airflow/dags/CreateDagWithPythonOperator.py
[2022-07-29 11:51:13,063] {processor.py:641} INFO - Processing file /opt/airflow/dags/CreateDagWithPythonOperator.py for tasks to queue
[2022-07-29 11:51:13,063] {logging_mixin.py:115} INFO - [2022-07-29 11:51:13,063] {dagbag.py:507} INFO - Filling up the DagBag from /opt/airflow/dags/CreateDagWithPythonOperator.py
[2022-07-29 11:51:13,075] {processor.py:651} INFO - DAG(s) dict_keys(['dag_with_python_operator']) retrieved from /opt/airflow/dags/CreateDagWithPythonOperator.py
[2022-07-29 11:51:13,111] {logging_mixin.py:115} INFO - [2022-07-29 11:51:13,111] {dag.py:2371} INFO - Sync 1 DAGs
[2022-07-29 11:51:13,144] {logging_mixin.py:115} INFO - [2022-07-29 11:51:13,143] {dag.py:2919} INFO - Setting next_dagrun for dag_with_python_operator to 2022-07-29T00:00:00+00:00, run_after=2022-07-30T00:00:00+00:00
[2022-07-29 11:51:13,159] {processor.py:161} INFO - Processing /opt/airflow/dags/CreateDagWithPythonOperator.py took 0.100 seconds
[2022-07-29 11:51:43,434] {processor.py:153} INFO - Started process (PID=7480) to work on /opt/airflow/dags/CreateDagWithPythonOperator.py
[2022-07-29 11:51:43,435] {processor.py:641} INFO - Processing file /opt/airflow/dags/CreateDagWithPythonOperator.py for tasks to queue
[2022-07-29 11:51:43,436] {logging_mixin.py:115} INFO - [2022-07-29 11:51:43,436] {dagbag.py:507} INFO - Filling up the DagBag from /opt/airflow/dags/CreateDagWithPythonOperator.py
[2022-07-29 11:51:43,444] {processor.py:651} INFO - DAG(s) dict_keys(['dag_with_python_operator']) retrieved from /opt/airflow/dags/CreateDagWithPythonOperator.py
[2022-07-29 11:51:43,469] {logging_mixin.py:115} INFO - [2022-07-29 11:51:43,469] {dag.py:2371} INFO - Sync 1 DAGs
[2022-07-29 11:51:43,489] {logging_mixin.py:115} INFO - [2022-07-29 11:51:43,489] {dag.py:2919} INFO - Setting next_dagrun for dag_with_python_operator to 2022-07-29T00:00:00+00:00, run_after=2022-07-30T00:00:00+00:00
[2022-07-29 11:51:43,502] {processor.py:161} INFO - Processing /opt/airflow/dags/CreateDagWithPythonOperator.py took 0.070 seconds
[2022-07-29 11:51:49,509] {processor.py:153} INFO - Started process (PID=7490) to work on /opt/airflow/dags/CreateDagWithPythonOperator.py
[2022-07-29 11:51:49,509] {processor.py:641} INFO - Processing file /opt/airflow/dags/CreateDagWithPythonOperator.py for tasks to queue
[2022-07-29 11:51:49,510] {logging_mixin.py:115} INFO - [2022-07-29 11:51:49,510] {dagbag.py:507} INFO - Filling up the DagBag from /opt/airflow/dags/CreateDagWithPythonOperator.py
[2022-07-29 11:51:49,526] {processor.py:651} INFO - DAG(s) dict_keys(['dag_with_python_operator']) retrieved from /opt/airflow/dags/CreateDagWithPythonOperator.py
[2022-07-29 11:51:49,564] {logging_mixin.py:115} INFO - [2022-07-29 11:51:49,564] {dag.py:2371} INFO - Sync 1 DAGs
[2022-07-29 11:51:49,601] {logging_mixin.py:115} INFO - [2022-07-29 11:51:49,601] {dag.py:2919} INFO - Setting next_dagrun for dag_with_python_operator to 2022-07-29T00:00:00+00:00, run_after=2022-07-30T00:00:00+00:00
[2022-07-29 11:51:49,624] {processor.py:161} INFO - Processing /opt/airflow/dags/CreateDagWithPythonOperator.py took 0.118 seconds
[2022-07-29 11:51:53,542] {processor.py:153} INFO - Started process (PID=7492) to work on /opt/airflow/dags/CreateDagWithPythonOperator.py
[2022-07-29 11:51:53,543] {processor.py:641} INFO - Processing file /opt/airflow/dags/CreateDagWithPythonOperator.py for tasks to queue
[2022-07-29 11:51:53,543] {logging_mixin.py:115} INFO - [2022-07-29 11:51:53,543] {dagbag.py:507} INFO - Filling up the DagBag from /opt/airflow/dags/CreateDagWithPythonOperator.py
[2022-07-29 11:51:53,552] {processor.py:651} INFO - DAG(s) dict_keys(['dag_with_python_operator']) retrieved from /opt/airflow/dags/CreateDagWithPythonOperator.py
[2022-07-29 11:51:53,582] {logging_mixin.py:115} INFO - [2022-07-29 11:51:53,582] {dag.py:2371} INFO - Sync 1 DAGs
[2022-07-29 11:51:53,610] {logging_mixin.py:115} INFO - [2022-07-29 11:51:53,610] {dag.py:2919} INFO - Setting next_dagrun for dag_with_python_operator to 2022-07-29T00:00:00+00:00, run_after=2022-07-30T00:00:00+00:00
[2022-07-29 11:51:53,629] {processor.py:161} INFO - Processing /opt/airflow/dags/CreateDagWithPythonOperator.py took 0.089 seconds
[2022-07-29 11:52:23,830] {processor.py:153} INFO - Started process (PID=7523) to work on /opt/airflow/dags/CreateDagWithPythonOperator.py
[2022-07-29 11:52:23,831] {processor.py:641} INFO - Processing file /opt/airflow/dags/CreateDagWithPythonOperator.py for tasks to queue
[2022-07-29 11:52:23,832] {logging_mixin.py:115} INFO - [2022-07-29 11:52:23,832] {dagbag.py:507} INFO - Filling up the DagBag from /opt/airflow/dags/CreateDagWithPythonOperator.py
[2022-07-29 11:52:23,841] {processor.py:651} INFO - DAG(s) dict_keys(['dag_with_python_operator']) retrieved from /opt/airflow/dags/CreateDagWithPythonOperator.py
[2022-07-29 11:52:23,872] {logging_mixin.py:115} INFO - [2022-07-29 11:52:23,872] {dag.py:2371} INFO - Sync 1 DAGs
[2022-07-29 11:52:23,901] {logging_mixin.py:115} INFO - [2022-07-29 11:52:23,901] {dag.py:2919} INFO - Setting next_dagrun for dag_with_python_operator to 2022-07-29T00:00:00+00:00, run_after=2022-07-30T00:00:00+00:00
[2022-07-29 11:52:23,917] {processor.py:161} INFO - Processing /opt/airflow/dags/CreateDagWithPythonOperator.py took 0.090 seconds
[2022-07-29 11:52:54,102] {processor.py:153} INFO - Started process (PID=7545) to work on /opt/airflow/dags/CreateDagWithPythonOperator.py
[2022-07-29 11:52:54,103] {processor.py:641} INFO - Processing file /opt/airflow/dags/CreateDagWithPythonOperator.py for tasks to queue
[2022-07-29 11:52:54,103] {logging_mixin.py:115} INFO - [2022-07-29 11:52:54,103] {dagbag.py:507} INFO - Filling up the DagBag from /opt/airflow/dags/CreateDagWithPythonOperator.py
[2022-07-29 11:52:54,111] {processor.py:651} INFO - DAG(s) dict_keys(['dag_with_python_operator']) retrieved from /opt/airflow/dags/CreateDagWithPythonOperator.py
[2022-07-29 11:52:54,139] {logging_mixin.py:115} INFO - [2022-07-29 11:52:54,139] {dag.py:2371} INFO - Sync 1 DAGs
[2022-07-29 11:52:54,163] {logging_mixin.py:115} INFO - [2022-07-29 11:52:54,162] {dag.py:2919} INFO - Setting next_dagrun for dag_with_python_operator to 2022-07-29T00:00:00+00:00, run_after=2022-07-30T00:00:00+00:00
[2022-07-29 11:52:54,177] {processor.py:161} INFO - Processing /opt/airflow/dags/CreateDagWithPythonOperator.py took 0.077 seconds
[2022-07-29 11:53:24,380] {processor.py:153} INFO - Started process (PID=7575) to work on /opt/airflow/dags/CreateDagWithPythonOperator.py
[2022-07-29 11:53:24,381] {processor.py:641} INFO - Processing file /opt/airflow/dags/CreateDagWithPythonOperator.py for tasks to queue
[2022-07-29 11:53:24,382] {logging_mixin.py:115} INFO - [2022-07-29 11:53:24,381] {dagbag.py:507} INFO - Filling up the DagBag from /opt/airflow/dags/CreateDagWithPythonOperator.py
[2022-07-29 11:53:24,390] {processor.py:651} INFO - DAG(s) dict_keys(['dag_with_python_operator']) retrieved from /opt/airflow/dags/CreateDagWithPythonOperator.py
[2022-07-29 11:53:24,416] {logging_mixin.py:115} INFO - [2022-07-29 11:53:24,416] {dag.py:2371} INFO - Sync 1 DAGs
[2022-07-29 11:53:24,438] {logging_mixin.py:115} INFO - [2022-07-29 11:53:24,438] {dag.py:2919} INFO - Setting next_dagrun for dag_with_python_operator to 2022-07-29T00:00:00+00:00, run_after=2022-07-30T00:00:00+00:00
[2022-07-29 11:53:24,450] {processor.py:161} INFO - Processing /opt/airflow/dags/CreateDagWithPythonOperator.py took 0.072 seconds
[2022-07-29 11:53:54,640] {processor.py:153} INFO - Started process (PID=7598) to work on /opt/airflow/dags/CreateDagWithPythonOperator.py
[2022-07-29 11:53:54,640] {processor.py:641} INFO - Processing file /opt/airflow/dags/CreateDagWithPythonOperator.py for tasks to queue
[2022-07-29 11:53:54,641] {logging_mixin.py:115} INFO - [2022-07-29 11:53:54,641] {dagbag.py:507} INFO - Filling up the DagBag from /opt/airflow/dags/CreateDagWithPythonOperator.py
[2022-07-29 11:53:54,648] {processor.py:651} INFO - DAG(s) dict_keys(['dag_with_python_operator']) retrieved from /opt/airflow/dags/CreateDagWithPythonOperator.py
[2022-07-29 11:53:54,673] {logging_mixin.py:115} INFO - [2022-07-29 11:53:54,673] {dag.py:2371} INFO - Sync 1 DAGs
[2022-07-29 11:53:54,693] {logging_mixin.py:115} INFO - [2022-07-29 11:53:54,693] {dag.py:2919} INFO - Setting next_dagrun for dag_with_python_operator to 2022-07-29T00:00:00+00:00, run_after=2022-07-30T00:00:00+00:00
[2022-07-29 11:53:54,705] {processor.py:161} INFO - Processing /opt/airflow/dags/CreateDagWithPythonOperator.py took 0.067 seconds
[2022-07-29 11:54:24,928] {processor.py:153} INFO - Started process (PID=7630) to work on /opt/airflow/dags/CreateDagWithPythonOperator.py
[2022-07-29 11:54:24,929] {processor.py:641} INFO - Processing file /opt/airflow/dags/CreateDagWithPythonOperator.py for tasks to queue
[2022-07-29 11:54:24,930] {logging_mixin.py:115} INFO - [2022-07-29 11:54:24,929] {dagbag.py:507} INFO - Filling up the DagBag from /opt/airflow/dags/CreateDagWithPythonOperator.py
[2022-07-29 11:54:24,938] {processor.py:651} INFO - DAG(s) dict_keys(['dag_with_python_operator']) retrieved from /opt/airflow/dags/CreateDagWithPythonOperator.py
[2022-07-29 11:54:24,964] {logging_mixin.py:115} INFO - [2022-07-29 11:54:24,964] {dag.py:2371} INFO - Sync 1 DAGs
[2022-07-29 11:54:24,985] {logging_mixin.py:115} INFO - [2022-07-29 11:54:24,985] {dag.py:2919} INFO - Setting next_dagrun for dag_with_python_operator to 2022-07-29T00:00:00+00:00, run_after=2022-07-30T00:00:00+00:00
[2022-07-29 11:54:24,998] {processor.py:161} INFO - Processing /opt/airflow/dags/CreateDagWithPythonOperator.py took 0.072 seconds
[2022-07-29 11:54:55,135] {processor.py:153} INFO - Started process (PID=7661) to work on /opt/airflow/dags/CreateDagWithPythonOperator.py
[2022-07-29 11:54:55,136] {processor.py:641} INFO - Processing file /opt/airflow/dags/CreateDagWithPythonOperator.py for tasks to queue
[2022-07-29 11:54:55,136] {logging_mixin.py:115} INFO - [2022-07-29 11:54:55,136] {dagbag.py:507} INFO - Filling up the DagBag from /opt/airflow/dags/CreateDagWithPythonOperator.py
[2022-07-29 11:54:55,145] {processor.py:651} INFO - DAG(s) dict_keys(['dag_with_python_operator']) retrieved from /opt/airflow/dags/CreateDagWithPythonOperator.py
[2022-07-29 11:54:55,173] {logging_mixin.py:115} INFO - [2022-07-29 11:54:55,173] {dag.py:2371} INFO - Sync 1 DAGs
[2022-07-29 11:54:55,194] {logging_mixin.py:115} INFO - [2022-07-29 11:54:55,194] {dag.py:2919} INFO - Setting next_dagrun for dag_with_python_operator to 2022-07-29T00:00:00+00:00, run_after=2022-07-30T00:00:00+00:00
[2022-07-29 11:54:55,207] {processor.py:161} INFO - Processing /opt/airflow/dags/CreateDagWithPythonOperator.py took 0.075 seconds
[2022-07-29 11:55:25,409] {processor.py:153} INFO - Started process (PID=7684) to work on /opt/airflow/dags/CreateDagWithPythonOperator.py
[2022-07-29 11:55:25,410] {processor.py:641} INFO - Processing file /opt/airflow/dags/CreateDagWithPythonOperator.py for tasks to queue
[2022-07-29 11:55:25,411] {logging_mixin.py:115} INFO - [2022-07-29 11:55:25,411] {dagbag.py:507} INFO - Filling up the DagBag from /opt/airflow/dags/CreateDagWithPythonOperator.py
[2022-07-29 11:55:25,421] {processor.py:651} INFO - DAG(s) dict_keys(['dag_with_python_operator']) retrieved from /opt/airflow/dags/CreateDagWithPythonOperator.py
[2022-07-29 11:55:25,450] {logging_mixin.py:115} INFO - [2022-07-29 11:55:25,450] {dag.py:2371} INFO - Sync 1 DAGs
[2022-07-29 11:55:25,473] {logging_mixin.py:115} INFO - [2022-07-29 11:55:25,473] {dag.py:2919} INFO - Setting next_dagrun for dag_with_python_operator to 2022-07-29T00:00:00+00:00, run_after=2022-07-30T00:00:00+00:00
[2022-07-29 11:55:25,489] {processor.py:161} INFO - Processing /opt/airflow/dags/CreateDagWithPythonOperator.py took 0.083 seconds
[2022-07-29 11:55:55,798] {processor.py:153} INFO - Started process (PID=7771) to work on /opt/airflow/dags/CreateDagWithPythonOperator.py
[2022-07-29 11:55:55,799] {processor.py:641} INFO - Processing file /opt/airflow/dags/CreateDagWithPythonOperator.py for tasks to queue
[2022-07-29 11:55:55,799] {logging_mixin.py:115} INFO - [2022-07-29 11:55:55,799] {dagbag.py:507} INFO - Filling up the DagBag from /opt/airflow/dags/CreateDagWithPythonOperator.py
[2022-07-29 11:55:55,809] {processor.py:651} INFO - DAG(s) dict_keys(['dag_with_python_operator']) retrieved from /opt/airflow/dags/CreateDagWithPythonOperator.py
[2022-07-29 11:55:55,839] {logging_mixin.py:115} INFO - [2022-07-29 11:55:55,839] {dag.py:2371} INFO - Sync 1 DAGs
[2022-07-29 11:55:55,864] {logging_mixin.py:115} INFO - [2022-07-29 11:55:55,864] {dag.py:2919} INFO - Setting next_dagrun for dag_with_python_operator to 2022-07-29T00:00:00+00:00, run_after=2022-07-30T00:00:00+00:00
[2022-07-29 11:55:55,879] {processor.py:161} INFO - Processing /opt/airflow/dags/CreateDagWithPythonOperator.py took 0.084 seconds
[2022-07-29 11:56:26,228] {processor.py:153} INFO - Started process (PID=7943) to work on /opt/airflow/dags/CreateDagWithPythonOperator.py
[2022-07-29 11:56:26,230] {processor.py:641} INFO - Processing file /opt/airflow/dags/CreateDagWithPythonOperator.py for tasks to queue
[2022-07-29 11:56:26,231] {logging_mixin.py:115} INFO - [2022-07-29 11:56:26,231] {dagbag.py:507} INFO - Filling up the DagBag from /opt/airflow/dags/CreateDagWithPythonOperator.py
[2022-07-29 11:56:26,248] {processor.py:651} INFO - DAG(s) dict_keys(['dag_with_python_operator']) retrieved from /opt/airflow/dags/CreateDagWithPythonOperator.py
[2022-07-29 11:56:26,291] {logging_mixin.py:115} INFO - [2022-07-29 11:56:26,291] {dag.py:2371} INFO - Sync 1 DAGs
[2022-07-29 11:56:26,328] {logging_mixin.py:115} INFO - [2022-07-29 11:56:26,328] {dag.py:2919} INFO - Setting next_dagrun for dag_with_python_operator to 2022-07-29T00:00:00+00:00, run_after=2022-07-30T00:00:00+00:00
[2022-07-29 11:56:26,345] {processor.py:161} INFO - Processing /opt/airflow/dags/CreateDagWithPythonOperator.py took 0.120 seconds
[2022-07-29 11:56:57,052] {processor.py:153} INFO - Started process (PID=8133) to work on /opt/airflow/dags/CreateDagWithPythonOperator.py
[2022-07-29 11:56:57,052] {processor.py:641} INFO - Processing file /opt/airflow/dags/CreateDagWithPythonOperator.py for tasks to queue
[2022-07-29 11:56:57,053] {logging_mixin.py:115} INFO - [2022-07-29 11:56:57,053] {dagbag.py:507} INFO - Filling up the DagBag from /opt/airflow/dags/CreateDagWithPythonOperator.py
[2022-07-29 11:56:57,067] {processor.py:651} INFO - DAG(s) dict_keys(['dag_with_python_operator']) retrieved from /opt/airflow/dags/CreateDagWithPythonOperator.py
[2022-07-29 11:56:57,107] {logging_mixin.py:115} INFO - [2022-07-29 11:56:57,107] {dag.py:2371} INFO - Sync 1 DAGs
[2022-07-29 11:56:57,138] {logging_mixin.py:115} INFO - [2022-07-29 11:56:57,138] {dag.py:2919} INFO - Setting next_dagrun for dag_with_python_operator to 2022-07-29T00:00:00+00:00, run_after=2022-07-30T00:00:00+00:00
[2022-07-29 11:56:57,154] {processor.py:161} INFO - Processing /opt/airflow/dags/CreateDagWithPythonOperator.py took 0.105 seconds
[2022-07-29 11:57:27,294] {processor.py:153} INFO - Started process (PID=8312) to work on /opt/airflow/dags/CreateDagWithPythonOperator.py
[2022-07-29 11:57:27,295] {processor.py:641} INFO - Processing file /opt/airflow/dags/CreateDagWithPythonOperator.py for tasks to queue
[2022-07-29 11:57:27,296] {logging_mixin.py:115} INFO - [2022-07-29 11:57:27,296] {dagbag.py:507} INFO - Filling up the DagBag from /opt/airflow/dags/CreateDagWithPythonOperator.py
[2022-07-29 11:57:27,305] {processor.py:651} INFO - DAG(s) dict_keys(['dag_with_python_operator']) retrieved from /opt/airflow/dags/CreateDagWithPythonOperator.py
[2022-07-29 11:57:27,330] {logging_mixin.py:115} INFO - [2022-07-29 11:57:27,330] {dag.py:2371} INFO - Sync 1 DAGs
[2022-07-29 11:57:27,352] {logging_mixin.py:115} INFO - [2022-07-29 11:57:27,352] {dag.py:2919} INFO - Setting next_dagrun for dag_with_python_operator to 2022-07-29T00:00:00+00:00, run_after=2022-07-30T00:00:00+00:00
[2022-07-29 11:57:27,371] {processor.py:161} INFO - Processing /opt/airflow/dags/CreateDagWithPythonOperator.py took 0.079 seconds
[2022-07-29 11:57:57,526] {processor.py:153} INFO - Started process (PID=8503) to work on /opt/airflow/dags/CreateDagWithPythonOperator.py
[2022-07-29 11:57:57,527] {processor.py:641} INFO - Processing file /opt/airflow/dags/CreateDagWithPythonOperator.py for tasks to queue
[2022-07-29 11:57:57,527] {logging_mixin.py:115} INFO - [2022-07-29 11:57:57,527] {dagbag.py:507} INFO - Filling up the DagBag from /opt/airflow/dags/CreateDagWithPythonOperator.py
[2022-07-29 11:57:57,543] {processor.py:651} INFO - DAG(s) dict_keys(['dag_with_python_operator']) retrieved from /opt/airflow/dags/CreateDagWithPythonOperator.py
[2022-07-29 11:57:57,577] {logging_mixin.py:115} INFO - [2022-07-29 11:57:57,577] {dag.py:2371} INFO - Sync 1 DAGs
[2022-07-29 11:57:57,606] {logging_mixin.py:115} INFO - [2022-07-29 11:57:57,606] {dag.py:2919} INFO - Setting next_dagrun for dag_with_python_operator to 2022-07-29T00:00:00+00:00, run_after=2022-07-30T00:00:00+00:00
[2022-07-29 11:57:57,619] {processor.py:161} INFO - Processing /opt/airflow/dags/CreateDagWithPythonOperator.py took 0.096 seconds
[2022-07-29 11:58:27,763] {processor.py:153} INFO - Started process (PID=8673) to work on /opt/airflow/dags/CreateDagWithPythonOperator.py
[2022-07-29 11:58:27,768] {processor.py:641} INFO - Processing file /opt/airflow/dags/CreateDagWithPythonOperator.py for tasks to queue
[2022-07-29 11:58:27,769] {logging_mixin.py:115} INFO - [2022-07-29 11:58:27,769] {dagbag.py:507} INFO - Filling up the DagBag from /opt/airflow/dags/CreateDagWithPythonOperator.py
[2022-07-29 11:58:27,782] {processor.py:651} INFO - DAG(s) dict_keys(['dag_with_python_operator']) retrieved from /opt/airflow/dags/CreateDagWithPythonOperator.py
[2022-07-29 11:58:27,825] {logging_mixin.py:115} INFO - [2022-07-29 11:58:27,824] {dag.py:2371} INFO - Sync 1 DAGs
[2022-07-29 11:58:27,878] {logging_mixin.py:115} INFO - [2022-07-29 11:58:27,878] {dag.py:2919} INFO - Setting next_dagrun for dag_with_python_operator to 2022-07-29T00:00:00+00:00, run_after=2022-07-30T00:00:00+00:00
[2022-07-29 11:58:27,901] {processor.py:161} INFO - Processing /opt/airflow/dags/CreateDagWithPythonOperator.py took 0.141 seconds
[2022-07-29 11:58:58,145] {processor.py:153} INFO - Started process (PID=8849) to work on /opt/airflow/dags/CreateDagWithPythonOperator.py
[2022-07-29 11:58:58,145] {processor.py:641} INFO - Processing file /opt/airflow/dags/CreateDagWithPythonOperator.py for tasks to queue
[2022-07-29 11:58:58,146] {logging_mixin.py:115} INFO - [2022-07-29 11:58:58,146] {dagbag.py:507} INFO - Filling up the DagBag from /opt/airflow/dags/CreateDagWithPythonOperator.py
[2022-07-29 11:58:58,157] {processor.py:651} INFO - DAG(s) dict_keys(['dag_with_python_operator']) retrieved from /opt/airflow/dags/CreateDagWithPythonOperator.py
[2022-07-29 11:58:58,190] {logging_mixin.py:115} INFO - [2022-07-29 11:58:58,190] {dag.py:2371} INFO - Sync 1 DAGs
[2022-07-29 11:58:58,219] {logging_mixin.py:115} INFO - [2022-07-29 11:58:58,219] {dag.py:2919} INFO - Setting next_dagrun for dag_with_python_operator to 2022-07-29T00:00:00+00:00, run_after=2022-07-30T00:00:00+00:00
[2022-07-29 11:58:58,236] {processor.py:161} INFO - Processing /opt/airflow/dags/CreateDagWithPythonOperator.py took 0.095 seconds
