[2022-07-29 12:22:45,665] {taskinstance.py:1159} INFO - Dependencies all met for <TaskInstance: dag_with_cron_expression.task1 scheduled__2022-06-29T03:00:00+00:00 [queued]>
[2022-07-29 12:22:45,679] {taskinstance.py:1159} INFO - Dependencies all met for <TaskInstance: dag_with_cron_expression.task1 scheduled__2022-06-29T03:00:00+00:00 [queued]>
[2022-07-29 12:22:45,680] {taskinstance.py:1356} INFO - 
--------------------------------------------------------------------------------
[2022-07-29 12:22:45,680] {taskinstance.py:1357} INFO - Starting attempt 1 of 6
[2022-07-29 12:22:45,680] {taskinstance.py:1358} INFO - 
--------------------------------------------------------------------------------
[2022-07-29 12:22:45,700] {taskinstance.py:1377} INFO - Executing <Task(BashOperator): task1> on 2022-06-29 03:00:00+00:00
[2022-07-29 12:22:45,704] {standard_task_runner.py:52} INFO - Started process 11458 to run task
[2022-07-29 12:22:45,707] {standard_task_runner.py:79} INFO - Running: ['***', 'tasks', 'run', 'dag_with_cron_expression', 'task1', 'scheduled__2022-06-29T03:00:00+00:00', '--job-id', '2274', '--raw', '--subdir', 'DAGS_FOLDER/DagWithCronExpression.py', '--cfg-path', '/tmp/tmpszfjp94e', '--error-file', '/tmp/tmpf2h7oq74']
[2022-07-29 12:22:45,708] {standard_task_runner.py:80} INFO - Job 2274: Subtask task1
[2022-07-29 12:22:45,777] {task_command.py:369} INFO - Running <TaskInstance: dag_with_cron_expression.task1 scheduled__2022-06-29T03:00:00+00:00 [running]> on host 9f0f006fc89d
[2022-07-29 12:22:45,873] {taskinstance.py:1571} INFO - Exporting the following env vars:
AIRFLOW_CTX_DAG_OWNER=yosr
AIRFLOW_CTX_DAG_ID=dag_with_cron_expression
AIRFLOW_CTX_TASK_ID=task1
AIRFLOW_CTX_EXECUTION_DATE=2022-06-29T03:00:00+00:00
AIRFLOW_CTX_TRY_NUMBER=1
AIRFLOW_CTX_DAG_RUN_ID=scheduled__2022-06-29T03:00:00+00:00
[2022-07-29 12:22:45,875] {subprocess.py:62} INFO - Tmp dir root location: 
 /tmp
[2022-07-29 12:22:45,875] {subprocess.py:74} INFO - Running command: ['bash', '-c', 'echo dag with cron expression!']
[2022-07-29 12:22:45,887] {subprocess.py:85} INFO - Output:
[2022-07-29 12:22:45,890] {subprocess.py:92} INFO - dag with cron expression!
[2022-07-29 12:22:45,890] {subprocess.py:96} INFO - Command exited with return code 0
[2022-07-29 12:22:45,934] {taskinstance.py:1400} INFO - Marking task as SUCCESS. dag_id=dag_with_cron_expression, task_id=task1, execution_date=20220629T030000, start_date=20220729T122245, end_date=20220729T122245
[2022-07-29 12:22:45,968] {local_task_job.py:156} INFO - Task exited with return code 0
[2022-07-29 12:22:46,019] {local_task_job.py:273} INFO - 0 downstream tasks scheduled from follow-on schedule check
