[2022-07-29 12:05:48,015] {taskinstance.py:1159} INFO - Dependencies all met for <TaskInstance: dag_with_catchup_backfill.task1 scheduled__2022-01-16T00:00:00+00:00 [queued]>
[2022-07-29 12:05:48,038] {taskinstance.py:1159} INFO - Dependencies all met for <TaskInstance: dag_with_catchup_backfill.task1 scheduled__2022-01-16T00:00:00+00:00 [queued]>
[2022-07-29 12:05:48,039] {taskinstance.py:1356} INFO - 
--------------------------------------------------------------------------------
[2022-07-29 12:05:48,039] {taskinstance.py:1357} INFO - Starting attempt 1 of 6
[2022-07-29 12:05:48,039] {taskinstance.py:1358} INFO - 
--------------------------------------------------------------------------------
[2022-07-29 12:05:48,058] {taskinstance.py:1377} INFO - Executing <Task(BashOperator): task1> on 2022-01-16 00:00:00+00:00
[2022-07-29 12:05:48,062] {standard_task_runner.py:52} INFO - Started process 10276 to run task
[2022-07-29 12:05:48,065] {standard_task_runner.py:79} INFO - Running: ['***', 'tasks', 'run', 'dag_with_catchup_backfill', 'task1', 'scheduled__2022-01-16T00:00:00+00:00', '--job-id', '2139', '--raw', '--subdir', 'DAGS_FOLDER/DagWithCatchupAndBackfill.py', '--cfg-path', '/tmp/tmpyp4tm60t', '--error-file', '/tmp/tmpwvq9w7iq']
[2022-07-29 12:05:48,066] {standard_task_runner.py:80} INFO - Job 2139: Subtask task1
[2022-07-29 12:05:48,135] {task_command.py:369} INFO - Running <TaskInstance: dag_with_catchup_backfill.task1 scheduled__2022-01-16T00:00:00+00:00 [running]> on host 9f0f006fc89d
[2022-07-29 12:05:48,231] {taskinstance.py:1571} INFO - Exporting the following env vars:
AIRFLOW_CTX_DAG_OWNER=yosr
AIRFLOW_CTX_DAG_ID=dag_with_catchup_backfill
AIRFLOW_CTX_TASK_ID=task1
AIRFLOW_CTX_EXECUTION_DATE=2022-01-16T00:00:00+00:00
AIRFLOW_CTX_TRY_NUMBER=1
AIRFLOW_CTX_DAG_RUN_ID=scheduled__2022-01-16T00:00:00+00:00
[2022-07-29 12:05:48,231] {subprocess.py:62} INFO - Tmp dir root location: 
 /tmp
[2022-07-29 12:05:48,232] {subprocess.py:74} INFO - Running command: ['bash', '-c', 'echo This is a simple bash command!']
[2022-07-29 12:05:48,246] {subprocess.py:85} INFO - Output:
[2022-07-29 12:05:48,250] {subprocess.py:92} INFO - This is a simple bash command!
[2022-07-29 12:05:48,250] {subprocess.py:96} INFO - Command exited with return code 0
[2022-07-29 12:05:48,285] {taskinstance.py:1400} INFO - Marking task as SUCCESS. dag_id=dag_with_catchup_backfill, task_id=task1, execution_date=20220116T000000, start_date=20220729T120548, end_date=20220729T120548
[2022-07-29 12:05:48,324] {local_task_job.py:156} INFO - Task exited with return code 0
[2022-07-29 12:05:48,365] {local_task_job.py:273} INFO - 0 downstream tasks scheduled from follow-on schedule check
