[2022-07-30 19:14:23,309] {taskinstance.py:1159} INFO - Dependencies all met for <TaskInstance: dag_with_postgres_operator.create_postgres_table scheduled__2022-02-13T00:00:00+00:00 [queued]>
[2022-07-30 19:14:23,332] {taskinstance.py:1159} INFO - Dependencies all met for <TaskInstance: dag_with_postgres_operator.create_postgres_table scheduled__2022-02-13T00:00:00+00:00 [queued]>
[2022-07-30 19:14:23,332] {taskinstance.py:1356} INFO - 
--------------------------------------------------------------------------------
[2022-07-30 19:14:23,332] {taskinstance.py:1357} INFO - Starting attempt 5 of 6
[2022-07-30 19:14:23,332] {taskinstance.py:1358} INFO - 
--------------------------------------------------------------------------------
[2022-07-30 19:14:23,366] {taskinstance.py:1377} INFO - Executing <Task(PostgresOperator): create_postgres_table> on 2022-02-13 00:00:00+00:00
[2022-07-30 19:14:23,377] {standard_task_runner.py:52} INFO - Started process 5534 to run task
[2022-07-30 19:14:23,388] {standard_task_runner.py:79} INFO - Running: ['***', 'tasks', 'run', 'dag_with_postgres_operator', 'create_postgres_table', 'scheduled__2022-02-13T00:00:00+00:00', '--job-id', '367', '--raw', '--subdir', 'DAGS_FOLDER/DAGWithPostgresOperator.py', '--cfg-path', '/tmp/tmpr1xw4__u', '--error-file', '/tmp/tmprd747nxj']
[2022-07-30 19:14:23,389] {standard_task_runner.py:80} INFO - Job 367: Subtask create_postgres_table
[2022-07-30 19:14:23,551] {task_command.py:369} INFO - Running <TaskInstance: dag_with_postgres_operator.create_postgres_table scheduled__2022-02-13T00:00:00+00:00 [running]> on host 66bf18ec08cc
[2022-07-30 19:14:23,675] {taskinstance.py:1571} INFO - Exporting the following env vars:
AIRFLOW_CTX_DAG_OWNER=yosr
AIRFLOW_CTX_DAG_ID=dag_with_postgres_operator
AIRFLOW_CTX_TASK_ID=create_postgres_table
AIRFLOW_CTX_EXECUTION_DATE=2022-02-13T00:00:00+00:00
AIRFLOW_CTX_TRY_NUMBER=5
AIRFLOW_CTX_DAG_RUN_ID=scheduled__2022-02-13T00:00:00+00:00
[2022-07-30 19:14:23,700] {base.py:68} INFO - Using connection ID 'postgres_localhost' for task execution.
[2022-07-30 19:14:23,701] {taskinstance.py:1889} ERROR - Task failed with exception
Traceback (most recent call last):
  File "/home/airflow/.local/lib/python3.7/site-packages/airflow/providers/postgres/operators/postgres.py", line 92, in execute
    self.hook.run(self.sql, self.autocommit, parameters=self.parameters)
  File "/home/airflow/.local/lib/python3.7/site-packages/airflow/hooks/dbapi.py", line 181, in run
    with closing(self.get_conn()) as conn:
  File "/home/airflow/.local/lib/python3.7/site-packages/airflow/providers/postgres/hooks/postgres.py", line 113, in get_conn
    self.conn = psycopg2.connect(**conn_args)
  File "/home/airflow/.local/lib/python3.7/site-packages/psycopg2/__init__.py", line 122, in connect
    conn = _connect(dsn, connection_factory=connection_factory, **kwasync)
psycopg2.OperationalError: could not translate host name "host.docker.internal " to address: Name or service not known

[2022-07-30 19:14:23,720] {taskinstance.py:1400} INFO - Marking task as UP_FOR_RETRY. dag_id=dag_with_postgres_operator, task_id=create_postgres_table, execution_date=20220213T000000, start_date=20220730T191423, end_date=20220730T191423
[2022-07-30 19:14:23,743] {standard_task_runner.py:97} ERROR - Failed to execute job 367 for task create_postgres_table (could not translate host name "host.docker.internal " to address: Name or service not known
; 5534)
[2022-07-30 19:14:23,786] {local_task_job.py:156} INFO - Task exited with return code 1
[2022-07-30 19:14:23,931] {local_task_job.py:273} INFO - 0 downstream tasks scheduled from follow-on schedule check
[2022-07-31 10:16:37,532] {taskinstance.py:1159} INFO - Dependencies all met for <TaskInstance: dag_with_postgres_operator.create_postgres_table scheduled__2022-02-13T00:00:00+00:00 [queued]>
[2022-07-31 10:16:37,559] {taskinstance.py:1159} INFO - Dependencies all met for <TaskInstance: dag_with_postgres_operator.create_postgres_table scheduled__2022-02-13T00:00:00+00:00 [queued]>
[2022-07-31 10:16:37,560] {taskinstance.py:1356} INFO - 
--------------------------------------------------------------------------------
[2022-07-31 10:16:37,560] {taskinstance.py:1357} INFO - Starting attempt 5 of 6
[2022-07-31 10:16:37,561] {taskinstance.py:1358} INFO - 
--------------------------------------------------------------------------------
[2022-07-31 10:16:37,586] {taskinstance.py:1377} INFO - Executing <Task(PostgresOperator): create_postgres_table> on 2022-02-13 00:00:00+00:00
[2022-07-31 10:16:37,592] {standard_task_runner.py:52} INFO - Started process 1999 to run task
[2022-07-31 10:16:37,597] {standard_task_runner.py:79} INFO - Running: ['***', 'tasks', 'run', 'dag_with_postgres_operator', 'create_postgres_table', 'scheduled__2022-02-13T00:00:00+00:00', '--job-id', '1374', '--raw', '--subdir', 'DAGS_FOLDER/DAGWithPostgresOperator.py', '--cfg-path', '/tmp/tmpf5sizhin', '--error-file', '/tmp/tmpskp2xf3l']
[2022-07-31 10:16:37,598] {standard_task_runner.py:80} INFO - Job 1374: Subtask create_postgres_table
[2022-07-31 10:16:37,691] {task_command.py:369} INFO - Running <TaskInstance: dag_with_postgres_operator.create_postgres_table scheduled__2022-02-13T00:00:00+00:00 [running]> on host 66bf18ec08cc
[2022-07-31 10:16:37,821] {taskinstance.py:1571} INFO - Exporting the following env vars:
AIRFLOW_CTX_DAG_OWNER=yosr
AIRFLOW_CTX_DAG_ID=dag_with_postgres_operator
AIRFLOW_CTX_TASK_ID=create_postgres_table
AIRFLOW_CTX_EXECUTION_DATE=2022-02-13T00:00:00+00:00
AIRFLOW_CTX_TRY_NUMBER=5
AIRFLOW_CTX_DAG_RUN_ID=scheduled__2022-02-13T00:00:00+00:00
[2022-07-31 10:16:37,841] {base.py:68} INFO - Using connection ID 'postgres_localhost' for task execution.
[2022-07-31 10:16:37,842] {taskinstance.py:1889} ERROR - Task failed with exception
Traceback (most recent call last):
  File "/home/airflow/.local/lib/python3.7/site-packages/airflow/providers/postgres/operators/postgres.py", line 92, in execute
    self.hook.run(self.sql, self.autocommit, parameters=self.parameters)
  File "/home/airflow/.local/lib/python3.7/site-packages/airflow/hooks/dbapi.py", line 181, in run
    with closing(self.get_conn()) as conn:
  File "/home/airflow/.local/lib/python3.7/site-packages/airflow/providers/postgres/hooks/postgres.py", line 113, in get_conn
    self.conn = psycopg2.connect(**conn_args)
  File "/home/airflow/.local/lib/python3.7/site-packages/psycopg2/__init__.py", line 122, in connect
    conn = _connect(dsn, connection_factory=connection_factory, **kwasync)
psycopg2.OperationalError: could not translate host name "host.docker.local " to address: Name or service not known

[2022-07-31 10:16:37,854] {taskinstance.py:1400} INFO - Marking task as UP_FOR_RETRY. dag_id=dag_with_postgres_operator, task_id=create_postgres_table, execution_date=20220213T000000, start_date=20220731T101637, end_date=20220731T101637
[2022-07-31 10:16:37,870] {standard_task_runner.py:97} ERROR - Failed to execute job 1374 for task create_postgres_table (could not translate host name "host.docker.local " to address: Name or service not known
; 1999)
[2022-07-31 10:16:37,901] {local_task_job.py:156} INFO - Task exited with return code 1
[2022-07-31 10:16:38,005] {local_task_job.py:273} INFO - 0 downstream tasks scheduled from follow-on schedule check
[2022-07-31 14:46:10,363] {taskinstance.py:1159} INFO - Dependencies all met for <TaskInstance: dag_with_postgres_operator.create_postgres_table scheduled__2022-02-13T00:00:00+00:00 [queued]>
[2022-07-31 14:46:10,379] {taskinstance.py:1159} INFO - Dependencies all met for <TaskInstance: dag_with_postgres_operator.create_postgres_table scheduled__2022-02-13T00:00:00+00:00 [queued]>
[2022-07-31 14:46:10,380] {taskinstance.py:1356} INFO - 
--------------------------------------------------------------------------------
[2022-07-31 14:46:10,380] {taskinstance.py:1357} INFO - Starting attempt 5 of 6
[2022-07-31 14:46:10,380] {taskinstance.py:1358} INFO - 
--------------------------------------------------------------------------------
[2022-07-31 14:46:10,403] {taskinstance.py:1377} INFO - Executing <Task(PostgresOperator): create_postgres_table> on 2022-02-13 00:00:00+00:00
[2022-07-31 14:46:10,408] {standard_task_runner.py:52} INFO - Started process 5960 to run task
[2022-07-31 14:46:10,411] {standard_task_runner.py:79} INFO - Running: ['***', 'tasks', 'run', 'dag_with_postgres_operator', 'create_postgres_table', 'scheduled__2022-02-13T00:00:00+00:00', '--job-id', '367', '--raw', '--subdir', 'DAGS_FOLDER/DAGWithPostgresOperator.py', '--cfg-path', '/tmp/tmpy8e8av3j', '--error-file', '/tmp/tmph_ys0ddo']
[2022-07-31 14:46:10,411] {standard_task_runner.py:80} INFO - Job 367: Subtask create_postgres_table
[2022-07-31 14:46:10,489] {task_command.py:369} INFO - Running <TaskInstance: dag_with_postgres_operator.create_postgres_table scheduled__2022-02-13T00:00:00+00:00 [running]> on host 4688dd3b7141
[2022-07-31 14:46:10,588] {taskinstance.py:1571} INFO - Exporting the following env vars:
AIRFLOW_CTX_DAG_OWNER=yosr
AIRFLOW_CTX_DAG_ID=dag_with_postgres_operator
AIRFLOW_CTX_TASK_ID=create_postgres_table
AIRFLOW_CTX_EXECUTION_DATE=2022-02-13T00:00:00+00:00
AIRFLOW_CTX_TRY_NUMBER=5
AIRFLOW_CTX_DAG_RUN_ID=scheduled__2022-02-13T00:00:00+00:00
[2022-07-31 14:46:10,605] {base.py:68} INFO - Using connection ID 'postgres_localhost' for task execution.
[2022-07-31 14:46:25,617] {taskinstance.py:1889} ERROR - Task failed with exception
Traceback (most recent call last):
  File "/home/airflow/.local/lib/python3.7/site-packages/airflow/providers/postgres/operators/postgres.py", line 92, in execute
    self.hook.run(self.sql, self.autocommit, parameters=self.parameters)
  File "/home/airflow/.local/lib/python3.7/site-packages/airflow/hooks/dbapi.py", line 181, in run
    with closing(self.get_conn()) as conn:
  File "/home/airflow/.local/lib/python3.7/site-packages/airflow/providers/postgres/hooks/postgres.py", line 113, in get_conn
    self.conn = psycopg2.connect(**conn_args)
  File "/home/airflow/.local/lib/python3.7/site-packages/psycopg2/__init__.py", line 122, in connect
    conn = _connect(dsn, connection_factory=connection_factory, **kwasync)
psycopg2.OperationalError: could not translate host name "host.docker.local" to address: Temporary failure in name resolution

[2022-07-31 14:46:25,632] {taskinstance.py:1400} INFO - Marking task as UP_FOR_RETRY. dag_id=dag_with_postgres_operator, task_id=create_postgres_table, execution_date=20220213T000000, start_date=20220731T144610, end_date=20220731T144625
[2022-07-31 14:46:25,647] {standard_task_runner.py:97} ERROR - Failed to execute job 367 for task create_postgres_table (could not translate host name "host.docker.local" to address: Temporary failure in name resolution
; 5960)
[2022-07-31 14:46:25,663] {local_task_job.py:156} INFO - Task exited with return code 1
[2022-07-31 14:46:25,698] {local_task_job.py:273} INFO - 0 downstream tasks scheduled from follow-on schedule check
