[2022-07-29 11:56:16,567] {taskinstance.py:1159} INFO - Dependencies all met for <TaskInstance: dag_with_taskflow_api.get_age scheduled__2021-11-30T00:00:00+00:00 [queued]>
[2022-07-29 11:56:16,600] {taskinstance.py:1159} INFO - Dependencies all met for <TaskInstance: dag_with_taskflow_api.get_age scheduled__2021-11-30T00:00:00+00:00 [queued]>
[2022-07-29 11:56:16,600] {taskinstance.py:1356} INFO - 
--------------------------------------------------------------------------------
[2022-07-29 11:56:16,600] {taskinstance.py:1357} INFO - Starting attempt 1 of 6
[2022-07-29 11:56:16,600] {taskinstance.py:1358} INFO - 
--------------------------------------------------------------------------------
[2022-07-29 11:56:16,629] {taskinstance.py:1377} INFO - Executing <Task(_PythonDecoratedOperator): get_age> on 2021-11-30 00:00:00+00:00
[2022-07-29 11:56:16,635] {standard_task_runner.py:52} INFO - Started process 8352 to run task
[2022-07-29 11:56:16,656] {standard_task_runner.py:79} INFO - Running: ['***', 'tasks', 'run', 'dag_with_taskflow_api', 'get_age', 'scheduled__2021-11-30T00:00:00+00:00', '--job-id', '1399', '--raw', '--subdir', 'DAGS_FOLDER/DagWithTaskflowApi.py', '--cfg-path', '/tmp/tmppmb3tre3', '--error-file', '/tmp/tmpoema9ck2']
[2022-07-29 11:56:16,656] {standard_task_runner.py:80} INFO - Job 1399: Subtask get_age
[2022-07-29 11:56:16,783] {task_command.py:369} INFO - Running <TaskInstance: dag_with_taskflow_api.get_age scheduled__2021-11-30T00:00:00+00:00 [running]> on host 9f0f006fc89d
[2022-07-29 11:56:16,978] {taskinstance.py:1571} INFO - Exporting the following env vars:
AIRFLOW_CTX_DAG_OWNER=yosr
AIRFLOW_CTX_DAG_ID=dag_with_taskflow_api
AIRFLOW_CTX_TASK_ID=get_age
AIRFLOW_CTX_EXECUTION_DATE=2021-11-30T00:00:00+00:00
AIRFLOW_CTX_TRY_NUMBER=1
AIRFLOW_CTX_DAG_RUN_ID=scheduled__2021-11-30T00:00:00+00:00
[2022-07-29 11:56:16,978] {python.py:173} INFO - Done. Returned value was: 19
[2022-07-29 11:56:17,039] {taskinstance.py:1400} INFO - Marking task as SUCCESS. dag_id=dag_with_taskflow_api, task_id=get_age, execution_date=20211130T000000, start_date=20220729T115616, end_date=20220729T115617
[2022-07-29 11:56:17,087] {local_task_job.py:156} INFO - Task exited with return code 0
[2022-07-29 11:56:17,205] {local_task_job.py:273} INFO - 0 downstream tasks scheduled from follow-on schedule check
