[2022-07-30 18:39:02,003] {taskinstance.py:1159} INFO - Dependencies all met for <TaskInstance: dag_with_postgres_operator.create_postgres_table scheduled__2022-01-24T00:00:00+00:00 [queued]>
[2022-07-30 18:39:02,019] {taskinstance.py:1159} INFO - Dependencies all met for <TaskInstance: dag_with_postgres_operator.create_postgres_table scheduled__2022-01-24T00:00:00+00:00 [queued]>
[2022-07-30 18:39:02,019] {taskinstance.py:1356} INFO - 
--------------------------------------------------------------------------------
[2022-07-30 18:39:02,019] {taskinstance.py:1357} INFO - Starting attempt 3 of 6
[2022-07-30 18:39:02,019] {taskinstance.py:1358} INFO - 
--------------------------------------------------------------------------------
[2022-07-30 18:39:02,045] {taskinstance.py:1377} INFO - Executing <Task(PostgresOperator): create_postgres_table> on 2022-01-24 00:00:00+00:00
[2022-07-30 18:39:02,051] {standard_task_runner.py:52} INFO - Started process 3619 to run task
[2022-07-30 18:39:02,059] {standard_task_runner.py:79} INFO - Running: ['***', 'tasks', 'run', 'dag_with_postgres_operator', 'create_postgres_table', 'scheduled__2022-01-24T00:00:00+00:00', '--job-id', '232', '--raw', '--subdir', 'DAGS_FOLDER/DAGWithPostgresOperator.py', '--cfg-path', '/tmp/tmpd57ry0po', '--error-file', '/tmp/tmp6s42ca0_']
[2022-07-30 18:39:02,059] {standard_task_runner.py:80} INFO - Job 232: Subtask create_postgres_table
[2022-07-30 18:39:02,156] {task_command.py:369} INFO - Running <TaskInstance: dag_with_postgres_operator.create_postgres_table scheduled__2022-01-24T00:00:00+00:00 [running]> on host 66bf18ec08cc
[2022-07-30 18:39:02,254] {taskinstance.py:1571} INFO - Exporting the following env vars:
AIRFLOW_CTX_DAG_OWNER=yosr
AIRFLOW_CTX_DAG_ID=dag_with_postgres_operator
AIRFLOW_CTX_TASK_ID=create_postgres_table
AIRFLOW_CTX_EXECUTION_DATE=2022-01-24T00:00:00+00:00
AIRFLOW_CTX_TRY_NUMBER=3
AIRFLOW_CTX_DAG_RUN_ID=scheduled__2022-01-24T00:00:00+00:00
[2022-07-30 18:39:02,268] {base.py:68} INFO - Using connection ID 'postgres_localhost' for task execution.
[2022-07-30 18:39:02,269] {taskinstance.py:1889} ERROR - Task failed with exception
Traceback (most recent call last):
  File "/home/airflow/.local/lib/python3.7/site-packages/airflow/providers/postgres/operators/postgres.py", line 92, in execute
    self.hook.run(self.sql, self.autocommit, parameters=self.parameters)
  File "/home/airflow/.local/lib/python3.7/site-packages/airflow/hooks/dbapi.py", line 181, in run
    with closing(self.get_conn()) as conn:
  File "/home/airflow/.local/lib/python3.7/site-packages/airflow/providers/postgres/hooks/postgres.py", line 113, in get_conn
    self.conn = psycopg2.connect(**conn_args)
  File "/home/airflow/.local/lib/python3.7/site-packages/psycopg2/__init__.py", line 122, in connect
    conn = _connect(dsn, connection_factory=connection_factory, **kwasync)
psycopg2.OperationalError: could not translate host name "host.docker.internal " to address: Name or service not known

[2022-07-30 18:39:02,283] {taskinstance.py:1400} INFO - Marking task as UP_FOR_RETRY. dag_id=dag_with_postgres_operator, task_id=create_postgres_table, execution_date=20220124T000000, start_date=20220730T183902, end_date=20220730T183902
[2022-07-30 18:39:02,304] {standard_task_runner.py:97} ERROR - Failed to execute job 232 for task create_postgres_table (could not translate host name "host.docker.internal " to address: Name or service not known
; 3619)
[2022-07-30 18:39:02,319] {local_task_job.py:156} INFO - Task exited with return code 1
[2022-07-30 18:39:02,386] {local_task_job.py:273} INFO - 0 downstream tasks scheduled from follow-on schedule check
[2022-07-31 09:41:04,814] {taskinstance.py:1159} INFO - Dependencies all met for <TaskInstance: dag_with_postgres_operator.create_postgres_table scheduled__2022-01-24T00:00:00+00:00 [queued]>
[2022-07-31 09:41:05,013] {taskinstance.py:1159} INFO - Dependencies all met for <TaskInstance: dag_with_postgres_operator.create_postgres_table scheduled__2022-01-24T00:00:00+00:00 [queued]>
[2022-07-31 09:41:05,013] {taskinstance.py:1356} INFO - 
--------------------------------------------------------------------------------
[2022-07-31 09:41:05,013] {taskinstance.py:1357} INFO - Starting attempt 3 of 6
[2022-07-31 09:41:05,013] {taskinstance.py:1358} INFO - 
--------------------------------------------------------------------------------
[2022-07-31 09:41:05,176] {taskinstance.py:1377} INFO - Executing <Task(PostgresOperator): create_postgres_table> on 2022-01-24 00:00:00+00:00
[2022-07-31 09:41:05,216] {standard_task_runner.py:79} INFO - Running: ['***', 'tasks', 'run', 'dag_with_postgres_operator', 'create_postgres_table', 'scheduled__2022-01-24T00:00:00+00:00', '--job-id', '1252', '--raw', '--subdir', 'DAGS_FOLDER/DAGWithPostgresOperator.py', '--cfg-path', '/tmp/tmptkafql5l', '--error-file', '/tmp/tmprxd_ujhp']
[2022-07-31 09:41:05,216] {standard_task_runner.py:80} INFO - Job 1252: Subtask create_postgres_table
[2022-07-31 09:41:05,196] {standard_task_runner.py:52} INFO - Started process 116 to run task
[2022-07-31 09:41:06,014] {task_command.py:369} INFO - Running <TaskInstance: dag_with_postgres_operator.create_postgres_table scheduled__2022-01-24T00:00:00+00:00 [running]> on host 66bf18ec08cc
[2022-07-31 09:41:06,441] {taskinstance.py:1571} INFO - Exporting the following env vars:
AIRFLOW_CTX_DAG_OWNER=yosr
AIRFLOW_CTX_DAG_ID=dag_with_postgres_operator
AIRFLOW_CTX_TASK_ID=create_postgres_table
AIRFLOW_CTX_EXECUTION_DATE=2022-01-24T00:00:00+00:00
AIRFLOW_CTX_TRY_NUMBER=3
AIRFLOW_CTX_DAG_RUN_ID=scheduled__2022-01-24T00:00:00+00:00
[2022-07-31 09:41:06,495] {base.py:68} INFO - Using connection ID 'postgres_localhost' for task execution.
[2022-07-31 09:41:06,496] {taskinstance.py:1889} ERROR - Task failed with exception
Traceback (most recent call last):
  File "/home/airflow/.local/lib/python3.7/site-packages/airflow/providers/postgres/operators/postgres.py", line 92, in execute
    self.hook.run(self.sql, self.autocommit, parameters=self.parameters)
  File "/home/airflow/.local/lib/python3.7/site-packages/airflow/hooks/dbapi.py", line 181, in run
    with closing(self.get_conn()) as conn:
  File "/home/airflow/.local/lib/python3.7/site-packages/airflow/providers/postgres/hooks/postgres.py", line 113, in get_conn
    self.conn = psycopg2.connect(**conn_args)
  File "/home/airflow/.local/lib/python3.7/site-packages/psycopg2/__init__.py", line 122, in connect
    conn = _connect(dsn, connection_factory=connection_factory, **kwasync)
psycopg2.OperationalError: could not translate host name "host.docker.local " to address: Name or service not known

[2022-07-31 09:41:06,533] {taskinstance.py:1400} INFO - Marking task as UP_FOR_RETRY. dag_id=dag_with_postgres_operator, task_id=create_postgres_table, execution_date=20220124T000000, start_date=20220731T094104, end_date=20220731T094106
[2022-07-31 09:41:06,569] {standard_task_runner.py:97} ERROR - Failed to execute job 1252 for task create_postgres_table (could not translate host name "host.docker.local " to address: Name or service not known
; 116)
[2022-07-31 09:41:06,585] {local_task_job.py:156} INFO - Task exited with return code 1
[2022-07-31 09:41:06,654] {local_task_job.py:273} INFO - 0 downstream tasks scheduled from follow-on schedule check
[2022-07-31 14:10:25,018] {taskinstance.py:1159} INFO - Dependencies all met for <TaskInstance: dag_with_postgres_operator.create_postgres_table scheduled__2022-01-24T00:00:00+00:00 [queued]>
[2022-07-31 14:10:25,039] {taskinstance.py:1159} INFO - Dependencies all met for <TaskInstance: dag_with_postgres_operator.create_postgres_table scheduled__2022-01-24T00:00:00+00:00 [queued]>
[2022-07-31 14:10:25,039] {taskinstance.py:1356} INFO - 
--------------------------------------------------------------------------------
[2022-07-31 14:10:25,039] {taskinstance.py:1357} INFO - Starting attempt 3 of 6
[2022-07-31 14:10:25,039] {taskinstance.py:1358} INFO - 
--------------------------------------------------------------------------------
[2022-07-31 14:10:25,061] {taskinstance.py:1377} INFO - Executing <Task(PostgresOperator): create_postgres_table> on 2022-01-24 00:00:00+00:00
[2022-07-31 14:10:25,068] {standard_task_runner.py:52} INFO - Started process 4021 to run task
[2022-07-31 14:10:25,072] {standard_task_runner.py:79} INFO - Running: ['***', 'tasks', 'run', 'dag_with_postgres_operator', 'create_postgres_table', 'scheduled__2022-01-24T00:00:00+00:00', '--job-id', '229', '--raw', '--subdir', 'DAGS_FOLDER/DAGWithPostgresOperator.py', '--cfg-path', '/tmp/tmp375mohh9', '--error-file', '/tmp/tmp5quf2rnv']
[2022-07-31 14:10:25,073] {standard_task_runner.py:80} INFO - Job 229: Subtask create_postgres_table
[2022-07-31 14:10:25,178] {task_command.py:369} INFO - Running <TaskInstance: dag_with_postgres_operator.create_postgres_table scheduled__2022-01-24T00:00:00+00:00 [running]> on host 4688dd3b7141
[2022-07-31 14:10:25,303] {taskinstance.py:1571} INFO - Exporting the following env vars:
AIRFLOW_CTX_DAG_OWNER=yosr
AIRFLOW_CTX_DAG_ID=dag_with_postgres_operator
AIRFLOW_CTX_TASK_ID=create_postgres_table
AIRFLOW_CTX_EXECUTION_DATE=2022-01-24T00:00:00+00:00
AIRFLOW_CTX_TRY_NUMBER=3
AIRFLOW_CTX_DAG_RUN_ID=scheduled__2022-01-24T00:00:00+00:00
[2022-07-31 14:10:25,341] {taskinstance.py:1889} ERROR - Task failed with exception
Traceback (most recent call last):
  File "/home/airflow/.local/lib/python3.7/site-packages/airflow/providers/postgres/operators/postgres.py", line 92, in execute
    self.hook.run(self.sql, self.autocommit, parameters=self.parameters)
  File "/home/airflow/.local/lib/python3.7/site-packages/airflow/hooks/dbapi.py", line 181, in run
    with closing(self.get_conn()) as conn:
  File "/home/airflow/.local/lib/python3.7/site-packages/airflow/providers/postgres/hooks/postgres.py", line 86, in get_conn
    conn = deepcopy(self.connection or self.get_connection(conn_id))
  File "/home/airflow/.local/lib/python3.7/site-packages/airflow/hooks/base.py", line 67, in get_connection
    conn = Connection.get_connection_from_secrets(conn_id)
  File "/home/airflow/.local/lib/python3.7/site-packages/airflow/models/connection.py", line 430, in get_connection_from_secrets
    raise AirflowNotFoundException(f"The conn_id `{conn_id}` isn't defined")
airflow.exceptions.AirflowNotFoundException: The conn_id `postgres_localhost` isn't defined
[2022-07-31 14:10:25,347] {taskinstance.py:1400} INFO - Marking task as UP_FOR_RETRY. dag_id=dag_with_postgres_operator, task_id=create_postgres_table, execution_date=20220124T000000, start_date=20220731T141025, end_date=20220731T141025
[2022-07-31 14:10:25,366] {standard_task_runner.py:97} ERROR - Failed to execute job 229 for task create_postgres_table (The conn_id `postgres_localhost` isn't defined; 4021)
[2022-07-31 14:10:25,413] {local_task_job.py:156} INFO - Task exited with return code 1
[2022-07-31 14:10:25,492] {local_task_job.py:273} INFO - 0 downstream tasks scheduled from follow-on schedule check
