[2022-07-29 10:54:49,748] {taskinstance.py:1159} INFO - Dependencies all met for <TaskInstance: Second_one.second_task scheduled__2021-12-12T00:00:00+00:00 [queued]>
[2022-07-29 10:54:49,765] {taskinstance.py:1159} INFO - Dependencies all met for <TaskInstance: Second_one.second_task scheduled__2021-12-12T00:00:00+00:00 [queued]>
[2022-07-29 10:54:49,765] {taskinstance.py:1356} INFO - 
--------------------------------------------------------------------------------
[2022-07-29 10:54:49,765] {taskinstance.py:1357} INFO - Starting attempt 1 of 6
[2022-07-29 10:54:49,765] {taskinstance.py:1358} INFO - 
--------------------------------------------------------------------------------
[2022-07-29 10:54:49,788] {taskinstance.py:1377} INFO - Executing <Task(BashOperator): second_task> on 2021-12-12 00:00:00+00:00
[2022-07-29 10:54:49,793] {standard_task_runner.py:52} INFO - Started process 2817 to run task
[2022-07-29 10:54:49,797] {standard_task_runner.py:79} INFO - Running: ['***', 'tasks', 'run', 'Second_one', 'second_task', 'scheduled__2021-12-12T00:00:00+00:00', '--job-id', '153', '--raw', '--subdir', 'DAGS_FOLDER/Second_One.py', '--cfg-path', '/tmp/tmpszg29xeb', '--error-file', '/tmp/tmp_ljwyl1a']
[2022-07-29 10:54:49,797] {standard_task_runner.py:80} INFO - Job 153: Subtask second_task
[2022-07-29 10:54:49,906] {task_command.py:369} INFO - Running <TaskInstance: Second_one.second_task scheduled__2021-12-12T00:00:00+00:00 [running]> on host 9f0f006fc89d
[2022-07-29 10:54:50,088] {taskinstance.py:1571} INFO - Exporting the following env vars:
AIRFLOW_CTX_DAG_OWNER=yosr
AIRFLOW_CTX_DAG_ID=Second_one
AIRFLOW_CTX_TASK_ID=second_task
AIRFLOW_CTX_EXECUTION_DATE=2021-12-12T00:00:00+00:00
AIRFLOW_CTX_TRY_NUMBER=1
AIRFLOW_CTX_DAG_RUN_ID=scheduled__2021-12-12T00:00:00+00:00
[2022-07-29 10:54:50,089] {subprocess.py:62} INFO - Tmp dir root location: 
 /tmp
[2022-07-29 10:54:50,089] {subprocess.py:74} INFO - Running command: ['bash', '-c', 'echo hello world']
[2022-07-29 10:54:50,104] {subprocess.py:85} INFO - Output:
[2022-07-29 10:54:50,108] {subprocess.py:92} INFO - hello world
[2022-07-29 10:54:50,109] {subprocess.py:96} INFO - Command exited with return code 0
[2022-07-29 10:54:50,160] {taskinstance.py:1400} INFO - Marking task as SUCCESS. dag_id=Second_one, task_id=second_task, execution_date=20211212T000000, start_date=20220729T105449, end_date=20220729T105450
[2022-07-29 10:54:50,198] {local_task_job.py:156} INFO - Task exited with return code 0
[2022-07-29 10:54:50,241] {local_task_job.py:273} INFO - 0 downstream tasks scheduled from follow-on schedule check
