[2022-07-29 10:53:59,112] {taskinstance.py:1159} INFO - Dependencies all met for <TaskInstance: Second_one.first_task scheduled__2021-10-19T00:00:00+00:00 [queued]>
[2022-07-29 10:53:59,126] {taskinstance.py:1159} INFO - Dependencies all met for <TaskInstance: Second_one.first_task scheduled__2021-10-19T00:00:00+00:00 [queued]>
[2022-07-29 10:53:59,126] {taskinstance.py:1356} INFO - 
--------------------------------------------------------------------------------
[2022-07-29 10:53:59,126] {taskinstance.py:1357} INFO - Starting attempt 1 of 6
[2022-07-29 10:53:59,126] {taskinstance.py:1358} INFO - 
--------------------------------------------------------------------------------
[2022-07-29 10:53:59,149] {taskinstance.py:1377} INFO - Executing <Task(BashOperator): first_task> on 2021-10-19 00:00:00+00:00
[2022-07-29 10:53:59,154] {standard_task_runner.py:52} INFO - Started process 2577 to run task
[2022-07-29 10:53:59,156] {standard_task_runner.py:79} INFO - Running: ['***', 'tasks', 'run', 'Second_one', 'first_task', 'scheduled__2021-10-19T00:00:00+00:00', '--job-id', '85', '--raw', '--subdir', 'DAGS_FOLDER/Second_One.py', '--cfg-path', '/tmp/tmp_73wi7ee', '--error-file', '/tmp/tmpfhcvqact']
[2022-07-29 10:53:59,157] {standard_task_runner.py:80} INFO - Job 85: Subtask first_task
[2022-07-29 10:53:59,227] {task_command.py:369} INFO - Running <TaskInstance: Second_one.first_task scheduled__2021-10-19T00:00:00+00:00 [running]> on host 9f0f006fc89d
[2022-07-29 10:53:59,415] {taskinstance.py:1571} INFO - Exporting the following env vars:
AIRFLOW_CTX_DAG_OWNER=yosr
AIRFLOW_CTX_DAG_ID=Second_one
AIRFLOW_CTX_TASK_ID=first_task
AIRFLOW_CTX_EXECUTION_DATE=2021-10-19T00:00:00+00:00
AIRFLOW_CTX_TRY_NUMBER=1
AIRFLOW_CTX_DAG_RUN_ID=scheduled__2021-10-19T00:00:00+00:00
[2022-07-29 10:53:59,416] {subprocess.py:62} INFO - Tmp dir root location: 
 /tmp
[2022-07-29 10:53:59,417] {subprocess.py:74} INFO - Running command: ['bash', '-c', 'echo hello world']
[2022-07-29 10:53:59,430] {subprocess.py:85} INFO - Output:
[2022-07-29 10:53:59,433] {subprocess.py:92} INFO - hello world
[2022-07-29 10:53:59,433] {subprocess.py:96} INFO - Command exited with return code 0
[2022-07-29 10:53:59,487] {taskinstance.py:1400} INFO - Marking task as SUCCESS. dag_id=Second_one, task_id=first_task, execution_date=20211019T000000, start_date=20220729T105359, end_date=20220729T105359
[2022-07-29 10:53:59,536] {local_task_job.py:156} INFO - Task exited with return code 0
[2022-07-29 10:53:59,575] {local_task_job.py:273} INFO - 0 downstream tasks scheduled from follow-on schedule check
