[2022-07-29 11:42:52,449] {taskinstance.py:1159} INFO - Dependencies all met for <TaskInstance: dag_with_python_operator.get_age scheduled__2022-02-11T00:00:00+00:00 [queued]>
[2022-07-29 11:42:52,467] {taskinstance.py:1159} INFO - Dependencies all met for <TaskInstance: dag_with_python_operator.get_age scheduled__2022-02-11T00:00:00+00:00 [queued]>
[2022-07-29 11:42:52,467] {taskinstance.py:1356} INFO - 
--------------------------------------------------------------------------------
[2022-07-29 11:42:52,467] {taskinstance.py:1357} INFO - Starting attempt 1 of 6
[2022-07-29 11:42:52,468] {taskinstance.py:1358} INFO - 
--------------------------------------------------------------------------------
[2022-07-29 11:42:52,493] {taskinstance.py:1377} INFO - Executing <Task(PythonOperator): get_age> on 2022-02-11 00:00:00+00:00
[2022-07-29 11:42:52,499] {standard_task_runner.py:52} INFO - Started process 6529 to run task
[2022-07-29 11:42:52,502] {standard_task_runner.py:79} INFO - Running: ['***', 'tasks', 'run', 'dag_with_python_operator', 'get_age', 'scheduled__2022-02-11T00:00:00+00:00', '--job-id', '790', '--raw', '--subdir', 'DAGS_FOLDER/CreateDagWithPythonOperator.py', '--cfg-path', '/tmp/tmpy7g45j7b', '--error-file', '/tmp/tmpi3be360n']
[2022-07-29 11:42:52,502] {standard_task_runner.py:80} INFO - Job 790: Subtask get_age
[2022-07-29 11:42:52,583] {task_command.py:369} INFO - Running <TaskInstance: dag_with_python_operator.get_age scheduled__2022-02-11T00:00:00+00:00 [running]> on host 9f0f006fc89d
[2022-07-29 11:42:52,692] {taskinstance.py:1571} INFO - Exporting the following env vars:
AIRFLOW_CTX_DAG_OWNER=yosr
AIRFLOW_CTX_DAG_ID=dag_with_python_operator
AIRFLOW_CTX_TASK_ID=get_age
AIRFLOW_CTX_EXECUTION_DATE=2022-02-11T00:00:00+00:00
AIRFLOW_CTX_TRY_NUMBER=1
AIRFLOW_CTX_DAG_RUN_ID=scheduled__2022-02-11T00:00:00+00:00
[2022-07-29 11:42:52,712] {python.py:173} INFO - Done. Returned value was: None
[2022-07-29 11:42:52,731] {taskinstance.py:1400} INFO - Marking task as SUCCESS. dag_id=dag_with_python_operator, task_id=get_age, execution_date=20220211T000000, start_date=20220729T114252, end_date=20220729T114252
[2022-07-29 11:42:52,763] {local_task_job.py:156} INFO - Task exited with return code 0
[2022-07-29 11:42:52,820] {local_task_job.py:273} INFO - 0 downstream tasks scheduled from follow-on schedule check
