[2022-07-31 14:52:35,057] {taskinstance.py:1159} INFO - Dependencies all met for <TaskInstance: dag_with_postgres_operator.insert_into_table scheduled__2022-02-27T00:00:00+00:00 [queued]>
[2022-07-31 14:52:35,096] {taskinstance.py:1159} INFO - Dependencies all met for <TaskInstance: dag_with_postgres_operator.insert_into_table scheduled__2022-02-27T00:00:00+00:00 [queued]>
[2022-07-31 14:52:35,097] {taskinstance.py:1356} INFO - 
--------------------------------------------------------------------------------
[2022-07-31 14:52:35,097] {taskinstance.py:1357} INFO - Starting attempt 1 of 6
[2022-07-31 14:52:35,097] {taskinstance.py:1358} INFO - 
--------------------------------------------------------------------------------
[2022-07-31 14:52:35,142] {taskinstance.py:1377} INFO - Executing <Task(PostgresOperator): insert_into_table> on 2022-02-27 00:00:00+00:00
[2022-07-31 14:52:35,150] {standard_task_runner.py:52} INFO - Started process 6339 to run task
[2022-07-31 14:52:35,173] {standard_task_runner.py:79} INFO - Running: ['***', 'tasks', 'run', 'dag_with_postgres_operator', 'insert_into_table', 'scheduled__2022-02-27T00:00:00+00:00', '--job-id', '404', '--raw', '--subdir', 'DAGS_FOLDER/DAGWithPostgresOperator.py', '--cfg-path', '/tmp/tmpfyk8y7rg', '--error-file', '/tmp/tmp17y3yeef']
[2022-07-31 14:52:35,174] {standard_task_runner.py:80} INFO - Job 404: Subtask insert_into_table
[2022-07-31 14:52:35,391] {task_command.py:369} INFO - Running <TaskInstance: dag_with_postgres_operator.insert_into_table scheduled__2022-02-27T00:00:00+00:00 [running]> on host 4688dd3b7141
[2022-07-31 14:52:35,668] {taskinstance.py:1571} INFO - Exporting the following env vars:
AIRFLOW_CTX_DAG_OWNER=yosr
AIRFLOW_CTX_DAG_ID=dag_with_postgres_operator
AIRFLOW_CTX_TASK_ID=insert_into_table
AIRFLOW_CTX_EXECUTION_DATE=2022-02-27T00:00:00+00:00
AIRFLOW_CTX_TRY_NUMBER=1
AIRFLOW_CTX_DAG_RUN_ID=scheduled__2022-02-27T00:00:00+00:00
[2022-07-31 14:52:35,704] {base.py:68} INFO - Using connection ID 'postgres_localhost' for task execution.
[2022-07-31 14:52:50,721] {taskinstance.py:1889} ERROR - Task failed with exception
Traceback (most recent call last):
  File "/home/airflow/.local/lib/python3.7/site-packages/airflow/providers/postgres/operators/postgres.py", line 92, in execute
    self.hook.run(self.sql, self.autocommit, parameters=self.parameters)
  File "/home/airflow/.local/lib/python3.7/site-packages/airflow/hooks/dbapi.py", line 181, in run
    with closing(self.get_conn()) as conn:
  File "/home/airflow/.local/lib/python3.7/site-packages/airflow/providers/postgres/hooks/postgres.py", line 113, in get_conn
    self.conn = psycopg2.connect(**conn_args)
  File "/home/airflow/.local/lib/python3.7/site-packages/psycopg2/__init__.py", line 122, in connect
    conn = _connect(dsn, connection_factory=connection_factory, **kwasync)
psycopg2.OperationalError: could not translate host name "host.docker.local" to address: Temporary failure in name resolution

[2022-07-31 14:52:50,740] {taskinstance.py:1400} INFO - Marking task as UP_FOR_RETRY. dag_id=dag_with_postgres_operator, task_id=insert_into_table, execution_date=20220227T000000, start_date=20220731T145235, end_date=20220731T145250
[2022-07-31 14:52:50,764] {standard_task_runner.py:97} ERROR - Failed to execute job 404 for task insert_into_table (could not translate host name "host.docker.local" to address: Temporary failure in name resolution
; 6339)
[2022-07-31 14:52:50,808] {local_task_job.py:156} INFO - Task exited with return code 1
[2022-07-31 14:52:50,926] {local_task_job.py:273} INFO - 0 downstream tasks scheduled from follow-on schedule check
