[2022-07-29 10:55:17,850] {taskinstance.py:1159} INFO - Dependencies all met for <TaskInstance: Second_one.first_task scheduled__2022-01-16T00:00:00+00:00 [queued]>
[2022-07-29 10:55:17,867] {taskinstance.py:1159} INFO - Dependencies all met for <TaskInstance: Second_one.first_task scheduled__2022-01-16T00:00:00+00:00 [queued]>
[2022-07-29 10:55:17,867] {taskinstance.py:1356} INFO - 
--------------------------------------------------------------------------------
[2022-07-29 10:55:17,867] {taskinstance.py:1357} INFO - Starting attempt 1 of 6
[2022-07-29 10:55:17,868] {taskinstance.py:1358} INFO - 
--------------------------------------------------------------------------------
[2022-07-29 10:55:17,891] {taskinstance.py:1377} INFO - Executing <Task(BashOperator): first_task> on 2022-01-16 00:00:00+00:00
[2022-07-29 10:55:17,896] {standard_task_runner.py:52} INFO - Started process 3046 to run task
[2022-07-29 10:55:17,899] {standard_task_runner.py:79} INFO - Running: ['***', 'tasks', 'run', 'Second_one', 'first_task', 'scheduled__2022-01-16T00:00:00+00:00', '--job-id', '224', '--raw', '--subdir', 'DAGS_FOLDER/Second_One.py', '--cfg-path', '/tmp/tmpafvp4xjq', '--error-file', '/tmp/tmp70t1p38m']
[2022-07-29 10:55:17,899] {standard_task_runner.py:80} INFO - Job 224: Subtask first_task
[2022-07-29 10:55:17,987] {task_command.py:369} INFO - Running <TaskInstance: Second_one.first_task scheduled__2022-01-16T00:00:00+00:00 [running]> on host 9f0f006fc89d
[2022-07-29 10:55:18,109] {taskinstance.py:1571} INFO - Exporting the following env vars:
AIRFLOW_CTX_DAG_OWNER=yosr
AIRFLOW_CTX_DAG_ID=Second_one
AIRFLOW_CTX_TASK_ID=first_task
AIRFLOW_CTX_EXECUTION_DATE=2022-01-16T00:00:00+00:00
AIRFLOW_CTX_TRY_NUMBER=1
AIRFLOW_CTX_DAG_RUN_ID=scheduled__2022-01-16T00:00:00+00:00
[2022-07-29 10:55:18,110] {subprocess.py:62} INFO - Tmp dir root location: 
 /tmp
[2022-07-29 10:55:18,111] {subprocess.py:74} INFO - Running command: ['bash', '-c', 'echo hello world']
[2022-07-29 10:55:18,124] {subprocess.py:85} INFO - Output:
[2022-07-29 10:55:18,126] {subprocess.py:92} INFO - hello world
[2022-07-29 10:55:18,127] {subprocess.py:96} INFO - Command exited with return code 0
[2022-07-29 10:55:18,164] {taskinstance.py:1400} INFO - Marking task as SUCCESS. dag_id=Second_one, task_id=first_task, execution_date=20220116T000000, start_date=20220729T105517, end_date=20220729T105518
[2022-07-29 10:55:18,198] {local_task_job.py:156} INFO - Task exited with return code 0
[2022-07-29 10:55:18,247] {local_task_job.py:273} INFO - 0 downstream tasks scheduled from follow-on schedule check
