[2022-07-30 18:08:49,229] {taskinstance.py:1159} INFO - Dependencies all met for <TaskInstance: dag_with_postgres_operator.create_postgres_table scheduled__2022-01-12T00:00:00+00:00 [queued]>
[2022-07-30 18:08:49,250] {taskinstance.py:1159} INFO - Dependencies all met for <TaskInstance: dag_with_postgres_operator.create_postgres_table scheduled__2022-01-12T00:00:00+00:00 [queued]>
[2022-07-30 18:08:49,250] {taskinstance.py:1356} INFO - 
--------------------------------------------------------------------------------
[2022-07-30 18:08:49,250] {taskinstance.py:1357} INFO - Starting attempt 2 of 6
[2022-07-30 18:08:49,250] {taskinstance.py:1358} INFO - 
--------------------------------------------------------------------------------
[2022-07-30 18:08:49,278] {taskinstance.py:1377} INFO - Executing <Task(PostgresOperator): create_postgres_table> on 2022-01-12 00:00:00+00:00
[2022-07-30 18:08:49,286] {standard_task_runner.py:52} INFO - Started process 2007 to run task
[2022-07-30 18:08:49,290] {standard_task_runner.py:79} INFO - Running: ['***', 'tasks', 'run', 'dag_with_postgres_operator', 'create_postgres_table', 'scheduled__2022-01-12T00:00:00+00:00', '--job-id', '123', '--raw', '--subdir', 'DAGS_FOLDER/DAGWithPostgresOperator.py', '--cfg-path', '/tmp/tmpud5lstds', '--error-file', '/tmp/tmp4m10tjqo']
[2022-07-30 18:08:49,290] {standard_task_runner.py:80} INFO - Job 123: Subtask create_postgres_table
[2022-07-30 18:08:49,370] {task_command.py:369} INFO - Running <TaskInstance: dag_with_postgres_operator.create_postgres_table scheduled__2022-01-12T00:00:00+00:00 [running]> on host 66bf18ec08cc
[2022-07-30 18:08:49,469] {taskinstance.py:1571} INFO - Exporting the following env vars:
AIRFLOW_CTX_DAG_OWNER=yosr
AIRFLOW_CTX_DAG_ID=dag_with_postgres_operator
AIRFLOW_CTX_TASK_ID=create_postgres_table
AIRFLOW_CTX_EXECUTION_DATE=2022-01-12T00:00:00+00:00
AIRFLOW_CTX_TRY_NUMBER=2
AIRFLOW_CTX_DAG_RUN_ID=scheduled__2022-01-12T00:00:00+00:00
[2022-07-30 18:08:49,482] {base.py:68} INFO - Using connection ID 'postgres_localhost' for task execution.
[2022-07-30 18:08:49,483] {taskinstance.py:1889} ERROR - Task failed with exception
Traceback (most recent call last):
  File "/home/airflow/.local/lib/python3.7/site-packages/airflow/providers/postgres/operators/postgres.py", line 92, in execute
    self.hook.run(self.sql, self.autocommit, parameters=self.parameters)
  File "/home/airflow/.local/lib/python3.7/site-packages/airflow/hooks/dbapi.py", line 181, in run
    with closing(self.get_conn()) as conn:
  File "/home/airflow/.local/lib/python3.7/site-packages/airflow/providers/postgres/hooks/postgres.py", line 113, in get_conn
    self.conn = psycopg2.connect(**conn_args)
  File "/home/airflow/.local/lib/python3.7/site-packages/psycopg2/__init__.py", line 122, in connect
    conn = _connect(dsn, connection_factory=connection_factory, **kwasync)
psycopg2.OperationalError: could not translate host name "host.docker.internal " to address: Name or service not known

[2022-07-30 18:08:49,496] {taskinstance.py:1400} INFO - Marking task as UP_FOR_RETRY. dag_id=dag_with_postgres_operator, task_id=create_postgres_table, execution_date=20220112T000000, start_date=20220730T180849, end_date=20220730T180849
[2022-07-30 18:08:49,511] {standard_task_runner.py:97} ERROR - Failed to execute job 123 for task create_postgres_table (could not translate host name "host.docker.internal " to address: Name or service not known
; 2007)
[2022-07-30 18:08:49,549] {local_task_job.py:156} INFO - Task exited with return code 1
[2022-07-30 18:08:49,644] {local_task_job.py:273} INFO - 0 downstream tasks scheduled from follow-on schedule check
[2022-07-31 00:15:03,153] {taskinstance.py:1159} INFO - Dependencies all met for <TaskInstance: dag_with_postgres_operator.create_postgres_table scheduled__2022-01-12T00:00:00+00:00 [queued]>
[2022-07-31 00:15:03,173] {taskinstance.py:1159} INFO - Dependencies all met for <TaskInstance: dag_with_postgres_operator.create_postgres_table scheduled__2022-01-12T00:00:00+00:00 [queued]>
[2022-07-31 00:15:03,173] {taskinstance.py:1356} INFO - 
--------------------------------------------------------------------------------
[2022-07-31 00:15:03,174] {taskinstance.py:1357} INFO - Starting attempt 2 of 6
[2022-07-31 00:15:03,174] {taskinstance.py:1358} INFO - 
--------------------------------------------------------------------------------
[2022-07-31 00:15:03,200] {taskinstance.py:1377} INFO - Executing <Task(PostgresOperator): create_postgres_table> on 2022-01-12 00:00:00+00:00
[2022-07-31 00:15:03,205] {standard_task_runner.py:52} INFO - Started process 5925 to run task
[2022-07-31 00:15:03,211] {standard_task_runner.py:79} INFO - Running: ['***', 'tasks', 'run', 'dag_with_postgres_operator', 'create_postgres_table', 'scheduled__2022-01-12T00:00:00+00:00', '--job-id', '1131', '--raw', '--subdir', 'DAGS_FOLDER/DAGWithPostgresOperator.py', '--cfg-path', '/tmp/tmpauot0fj7', '--error-file', '/tmp/tmplqmccbwx']
[2022-07-31 00:15:03,212] {standard_task_runner.py:80} INFO - Job 1131: Subtask create_postgres_table
[2022-07-31 00:15:03,290] {task_command.py:369} INFO - Running <TaskInstance: dag_with_postgres_operator.create_postgres_table scheduled__2022-01-12T00:00:00+00:00 [running]> on host 66bf18ec08cc
[2022-07-31 00:15:03,400] {taskinstance.py:1571} INFO - Exporting the following env vars:
AIRFLOW_CTX_DAG_OWNER=yosr
AIRFLOW_CTX_DAG_ID=dag_with_postgres_operator
AIRFLOW_CTX_TASK_ID=create_postgres_table
AIRFLOW_CTX_EXECUTION_DATE=2022-01-12T00:00:00+00:00
AIRFLOW_CTX_TRY_NUMBER=2
AIRFLOW_CTX_DAG_RUN_ID=scheduled__2022-01-12T00:00:00+00:00
[2022-07-31 00:15:03,413] {base.py:68} INFO - Using connection ID 'postgres_localhost' for task execution.
[2022-07-31 00:15:03,414] {taskinstance.py:1889} ERROR - Task failed with exception
Traceback (most recent call last):
  File "/home/airflow/.local/lib/python3.7/site-packages/airflow/providers/postgres/operators/postgres.py", line 92, in execute
    self.hook.run(self.sql, self.autocommit, parameters=self.parameters)
  File "/home/airflow/.local/lib/python3.7/site-packages/airflow/hooks/dbapi.py", line 181, in run
    with closing(self.get_conn()) as conn:
  File "/home/airflow/.local/lib/python3.7/site-packages/airflow/providers/postgres/hooks/postgres.py", line 113, in get_conn
    self.conn = psycopg2.connect(**conn_args)
  File "/home/airflow/.local/lib/python3.7/site-packages/psycopg2/__init__.py", line 122, in connect
    conn = _connect(dsn, connection_factory=connection_factory, **kwasync)
psycopg2.OperationalError: could not translate host name "host.docker.local " to address: Name or service not known

[2022-07-31 00:15:03,427] {taskinstance.py:1400} INFO - Marking task as UP_FOR_RETRY. dag_id=dag_with_postgres_operator, task_id=create_postgres_table, execution_date=20220112T000000, start_date=20220731T001503, end_date=20220731T001503
[2022-07-31 00:15:03,443] {standard_task_runner.py:97} ERROR - Failed to execute job 1131 for task create_postgres_table (could not translate host name "host.docker.local " to address: Name or service not known
; 5925)
[2022-07-31 00:15:03,471] {local_task_job.py:156} INFO - Task exited with return code 1
[2022-07-31 00:15:03,594] {local_task_job.py:273} INFO - 0 downstream tasks scheduled from follow-on schedule check
[2022-07-31 11:08:28,822] {taskinstance.py:1159} INFO - Dependencies all met for <TaskInstance: dag_with_postgres_operator.create_postgres_table scheduled__2022-01-12T00:00:00+00:00 [queued]>
[2022-07-31 11:08:28,848] {taskinstance.py:1159} INFO - Dependencies all met for <TaskInstance: dag_with_postgres_operator.create_postgres_table scheduled__2022-01-12T00:00:00+00:00 [queued]>
[2022-07-31 11:08:28,848] {taskinstance.py:1356} INFO - 
--------------------------------------------------------------------------------
[2022-07-31 11:08:28,848] {taskinstance.py:1357} INFO - Starting attempt 2 of 6
[2022-07-31 11:08:28,849] {taskinstance.py:1358} INFO - 
--------------------------------------------------------------------------------
[2022-07-31 11:08:28,875] {taskinstance.py:1377} INFO - Executing <Task(PostgresOperator): create_postgres_table> on 2022-01-12 00:00:00+00:00
[2022-07-31 11:08:28,879] {standard_task_runner.py:52} INFO - Started process 4801 to run task
[2022-07-31 11:08:28,885] {standard_task_runner.py:79} INFO - Running: ['***', 'tasks', 'run', 'dag_with_postgres_operator', 'create_postgres_table', 'scheduled__2022-01-12T00:00:00+00:00', '--job-id', '1582', '--raw', '--subdir', 'DAGS_FOLDER/DAGWithPostgresOperator.py', '--cfg-path', '/tmp/tmph5b86d8j', '--error-file', '/tmp/tmpxrubny1u']
[2022-07-31 11:08:28,885] {standard_task_runner.py:80} INFO - Job 1582: Subtask create_postgres_table
[2022-07-31 11:08:28,958] {task_command.py:369} INFO - Running <TaskInstance: dag_with_postgres_operator.create_postgres_table scheduled__2022-01-12T00:00:00+00:00 [running]> on host 66bf18ec08cc
[2022-07-31 11:08:29,064] {taskinstance.py:1571} INFO - Exporting the following env vars:
AIRFLOW_CTX_DAG_OWNER=yosr
AIRFLOW_CTX_DAG_ID=dag_with_postgres_operator
AIRFLOW_CTX_TASK_ID=create_postgres_table
AIRFLOW_CTX_EXECUTION_DATE=2022-01-12T00:00:00+00:00
AIRFLOW_CTX_TRY_NUMBER=2
AIRFLOW_CTX_DAG_RUN_ID=scheduled__2022-01-12T00:00:00+00:00
[2022-07-31 11:08:29,080] {base.py:68} INFO - Using connection ID 'postgres_localhost' for task execution.
[2022-07-31 11:08:29,084] {taskinstance.py:1889} ERROR - Task failed with exception
Traceback (most recent call last):
  File "/home/airflow/.local/lib/python3.7/site-packages/airflow/providers/postgres/operators/postgres.py", line 92, in execute
    self.hook.run(self.sql, self.autocommit, parameters=self.parameters)
  File "/home/airflow/.local/lib/python3.7/site-packages/airflow/hooks/dbapi.py", line 181, in run
    with closing(self.get_conn()) as conn:
  File "/home/airflow/.local/lib/python3.7/site-packages/airflow/providers/postgres/hooks/postgres.py", line 113, in get_conn
    self.conn = psycopg2.connect(**conn_args)
  File "/home/airflow/.local/lib/python3.7/site-packages/psycopg2/__init__.py", line 122, in connect
    conn = _connect(dsn, connection_factory=connection_factory, **kwasync)
psycopg2.OperationalError: connection to server at "localhost" (127.0.0.1), port 5432 failed: Connection refused
	Is the server running on that host and accepting TCP/IP connections?
connection to server at "localhost" (::1), port 5432 failed: Cannot assign requested address
	Is the server running on that host and accepting TCP/IP connections?

[2022-07-31 11:08:29,099] {taskinstance.py:1400} INFO - Marking task as UP_FOR_RETRY. dag_id=dag_with_postgres_operator, task_id=create_postgres_table, execution_date=20220112T000000, start_date=20220731T110828, end_date=20220731T110829
[2022-07-31 11:08:29,118] {standard_task_runner.py:97} ERROR - Failed to execute job 1582 for task create_postgres_table (connection to server at "localhost" (127.0.0.1), port 5432 failed: Connection refused
	Is the server running on that host and accepting TCP/IP connections?
connection to server at "localhost" (::1), port 5432 failed: Cannot assign requested address
	Is the server running on that host and accepting TCP/IP connections?
; 4801)
[2022-07-31 11:08:29,143] {local_task_job.py:156} INFO - Task exited with return code 1
[2022-07-31 11:08:29,224] {local_task_job.py:273} INFO - 0 downstream tasks scheduled from follow-on schedule check
[2022-07-31 13:40:09,259] {taskinstance.py:1159} INFO - Dependencies all met for <TaskInstance: dag_with_postgres_operator.create_postgres_table scheduled__2022-01-12T00:00:00+00:00 [queued]>
[2022-07-31 13:40:09,276] {taskinstance.py:1159} INFO - Dependencies all met for <TaskInstance: dag_with_postgres_operator.create_postgres_table scheduled__2022-01-12T00:00:00+00:00 [queued]>
[2022-07-31 13:40:09,277] {taskinstance.py:1356} INFO - 
--------------------------------------------------------------------------------
[2022-07-31 13:40:09,277] {taskinstance.py:1357} INFO - Starting attempt 2 of 6
[2022-07-31 13:40:09,277] {taskinstance.py:1358} INFO - 
--------------------------------------------------------------------------------
[2022-07-31 13:40:09,296] {taskinstance.py:1377} INFO - Executing <Task(PostgresOperator): create_postgres_table> on 2022-01-12 00:00:00+00:00
[2022-07-31 13:40:09,302] {standard_task_runner.py:52} INFO - Started process 2398 to run task
[2022-07-31 13:40:09,305] {standard_task_runner.py:79} INFO - Running: ['***', 'tasks', 'run', 'dag_with_postgres_operator', 'create_postgres_table', 'scheduled__2022-01-12T00:00:00+00:00', '--job-id', '122', '--raw', '--subdir', 'DAGS_FOLDER/DAGWithPostgresOperator.py', '--cfg-path', '/tmp/tmpb1xwia5j', '--error-file', '/tmp/tmpacvh0vft']
[2022-07-31 13:40:09,306] {standard_task_runner.py:80} INFO - Job 122: Subtask create_postgres_table
[2022-07-31 13:40:09,395] {task_command.py:369} INFO - Running <TaskInstance: dag_with_postgres_operator.create_postgres_table scheduled__2022-01-12T00:00:00+00:00 [running]> on host 4688dd3b7141
[2022-07-31 13:40:09,507] {taskinstance.py:1571} INFO - Exporting the following env vars:
AIRFLOW_CTX_DAG_OWNER=yosr
AIRFLOW_CTX_DAG_ID=dag_with_postgres_operator
AIRFLOW_CTX_TASK_ID=create_postgres_table
AIRFLOW_CTX_EXECUTION_DATE=2022-01-12T00:00:00+00:00
AIRFLOW_CTX_TRY_NUMBER=2
AIRFLOW_CTX_DAG_RUN_ID=scheduled__2022-01-12T00:00:00+00:00
[2022-07-31 13:40:09,616] {taskinstance.py:1889} ERROR - Task failed with exception
Traceback (most recent call last):
  File "/home/airflow/.local/lib/python3.7/site-packages/airflow/providers/postgres/operators/postgres.py", line 92, in execute
    self.hook.run(self.sql, self.autocommit, parameters=self.parameters)
  File "/home/airflow/.local/lib/python3.7/site-packages/airflow/hooks/dbapi.py", line 181, in run
    with closing(self.get_conn()) as conn:
  File "/home/airflow/.local/lib/python3.7/site-packages/airflow/providers/postgres/hooks/postgres.py", line 86, in get_conn
    conn = deepcopy(self.connection or self.get_connection(conn_id))
  File "/home/airflow/.local/lib/python3.7/site-packages/airflow/hooks/base.py", line 67, in get_connection
    conn = Connection.get_connection_from_secrets(conn_id)
  File "/home/airflow/.local/lib/python3.7/site-packages/airflow/models/connection.py", line 430, in get_connection_from_secrets
    raise AirflowNotFoundException(f"The conn_id `{conn_id}` isn't defined")
airflow.exceptions.AirflowNotFoundException: The conn_id `postgres_localhost` isn't defined
[2022-07-31 13:40:09,621] {taskinstance.py:1400} INFO - Marking task as UP_FOR_RETRY. dag_id=dag_with_postgres_operator, task_id=create_postgres_table, execution_date=20220112T000000, start_date=20220731T134009, end_date=20220731T134009
[2022-07-31 13:40:09,641] {standard_task_runner.py:97} ERROR - Failed to execute job 122 for task create_postgres_table (The conn_id `postgres_localhost` isn't defined; 2398)
[2022-07-31 13:40:09,686] {local_task_job.py:156} INFO - Task exited with return code 1
[2022-07-31 13:40:09,740] {local_task_job.py:273} INFO - 0 downstream tasks scheduled from follow-on schedule check
