[2022-07-30 18:28:54,422] {taskinstance.py:1159} INFO - Dependencies all met for <TaskInstance: dag_with_postgres_operator.create_postgres_table scheduled__2022-01-12T00:00:00+00:00 [queued]>
[2022-07-30 18:28:54,442] {taskinstance.py:1159} INFO - Dependencies all met for <TaskInstance: dag_with_postgres_operator.create_postgres_table scheduled__2022-01-12T00:00:00+00:00 [queued]>
[2022-07-30 18:28:54,442] {taskinstance.py:1356} INFO - 
--------------------------------------------------------------------------------
[2022-07-30 18:28:54,442] {taskinstance.py:1357} INFO - Starting attempt 6 of 6
[2022-07-30 18:28:54,442] {taskinstance.py:1358} INFO - 
--------------------------------------------------------------------------------
[2022-07-30 18:28:54,464] {taskinstance.py:1377} INFO - Executing <Task(PostgresOperator): create_postgres_table> on 2022-01-12 00:00:00+00:00
[2022-07-30 18:28:54,469] {standard_task_runner.py:52} INFO - Started process 3066 to run task
[2022-07-30 18:28:54,472] {standard_task_runner.py:79} INFO - Running: ['***', 'tasks', 'run', 'dag_with_postgres_operator', 'create_postgres_table', 'scheduled__2022-01-12T00:00:00+00:00', '--job-id', '187', '--raw', '--subdir', 'DAGS_FOLDER/DAGWithPostgresOperator.py', '--cfg-path', '/tmp/tmpksj2o8jc', '--error-file', '/tmp/tmpdju7ntml']
[2022-07-30 18:28:54,473] {standard_task_runner.py:80} INFO - Job 187: Subtask create_postgres_table
[2022-07-30 18:28:54,549] {task_command.py:369} INFO - Running <TaskInstance: dag_with_postgres_operator.create_postgres_table scheduled__2022-01-12T00:00:00+00:00 [running]> on host 66bf18ec08cc
[2022-07-30 18:28:54,643] {taskinstance.py:1571} INFO - Exporting the following env vars:
AIRFLOW_CTX_DAG_OWNER=yosr
AIRFLOW_CTX_DAG_ID=dag_with_postgres_operator
AIRFLOW_CTX_TASK_ID=create_postgres_table
AIRFLOW_CTX_EXECUTION_DATE=2022-01-12T00:00:00+00:00
AIRFLOW_CTX_TRY_NUMBER=6
AIRFLOW_CTX_DAG_RUN_ID=scheduled__2022-01-12T00:00:00+00:00
[2022-07-30 18:28:54,660] {base.py:68} INFO - Using connection ID 'postgres_localhost' for task execution.
[2022-07-30 18:28:54,661] {taskinstance.py:1889} ERROR - Task failed with exception
Traceback (most recent call last):
  File "/home/airflow/.local/lib/python3.7/site-packages/airflow/providers/postgres/operators/postgres.py", line 92, in execute
    self.hook.run(self.sql, self.autocommit, parameters=self.parameters)
  File "/home/airflow/.local/lib/python3.7/site-packages/airflow/hooks/dbapi.py", line 181, in run
    with closing(self.get_conn()) as conn:
  File "/home/airflow/.local/lib/python3.7/site-packages/airflow/providers/postgres/hooks/postgres.py", line 113, in get_conn
    self.conn = psycopg2.connect(**conn_args)
  File "/home/airflow/.local/lib/python3.7/site-packages/psycopg2/__init__.py", line 122, in connect
    conn = _connect(dsn, connection_factory=connection_factory, **kwasync)
psycopg2.OperationalError: could not translate host name "host.docker.internal " to address: Name or service not known

[2022-07-30 18:28:54,675] {taskinstance.py:1400} INFO - Marking task as FAILED. dag_id=dag_with_postgres_operator, task_id=create_postgres_table, execution_date=20220112T000000, start_date=20220730T182854, end_date=20220730T182854
[2022-07-30 18:28:54,694] {standard_task_runner.py:97} ERROR - Failed to execute job 187 for task create_postgres_table (could not translate host name "host.docker.internal " to address: Name or service not known
; 3066)
[2022-07-30 18:28:54,730] {local_task_job.py:156} INFO - Task exited with return code 1
[2022-07-30 18:28:54,798] {local_task_job.py:273} INFO - 0 downstream tasks scheduled from follow-on schedule check
[2022-07-31 00:35:07,432] {taskinstance.py:1159} INFO - Dependencies all met for <TaskInstance: dag_with_postgres_operator.create_postgres_table scheduled__2022-01-12T00:00:00+00:00 [queued]>
[2022-07-31 00:35:07,464] {taskinstance.py:1159} INFO - Dependencies all met for <TaskInstance: dag_with_postgres_operator.create_postgres_table scheduled__2022-01-12T00:00:00+00:00 [queued]>
[2022-07-31 00:35:07,464] {taskinstance.py:1356} INFO - 
--------------------------------------------------------------------------------
[2022-07-31 00:35:07,464] {taskinstance.py:1357} INFO - Starting attempt 6 of 6
[2022-07-31 00:35:07,464] {taskinstance.py:1358} INFO - 
--------------------------------------------------------------------------------
[2022-07-31 00:35:07,483] {taskinstance.py:1377} INFO - Executing <Task(PostgresOperator): create_postgres_table> on 2022-01-12 00:00:00+00:00
[2022-07-31 00:35:07,491] {standard_task_runner.py:52} INFO - Started process 6989 to run task
[2022-07-31 00:35:07,497] {standard_task_runner.py:79} INFO - Running: ['***', 'tasks', 'run', 'dag_with_postgres_operator', 'create_postgres_table', 'scheduled__2022-01-12T00:00:00+00:00', '--job-id', '1197', '--raw', '--subdir', 'DAGS_FOLDER/DAGWithPostgresOperator.py', '--cfg-path', '/tmp/tmphcut90cv', '--error-file', '/tmp/tmp0wok4zbt']
[2022-07-31 00:35:07,497] {standard_task_runner.py:80} INFO - Job 1197: Subtask create_postgres_table
[2022-07-31 00:35:07,578] {task_command.py:369} INFO - Running <TaskInstance: dag_with_postgres_operator.create_postgres_table scheduled__2022-01-12T00:00:00+00:00 [running]> on host 66bf18ec08cc
[2022-07-31 00:35:07,703] {taskinstance.py:1571} INFO - Exporting the following env vars:
AIRFLOW_CTX_DAG_OWNER=yosr
AIRFLOW_CTX_DAG_ID=dag_with_postgres_operator
AIRFLOW_CTX_TASK_ID=create_postgres_table
AIRFLOW_CTX_EXECUTION_DATE=2022-01-12T00:00:00+00:00
AIRFLOW_CTX_TRY_NUMBER=6
AIRFLOW_CTX_DAG_RUN_ID=scheduled__2022-01-12T00:00:00+00:00
[2022-07-31 00:35:07,721] {base.py:68} INFO - Using connection ID 'postgres_localhost' for task execution.
[2022-07-31 00:35:07,722] {taskinstance.py:1889} ERROR - Task failed with exception
Traceback (most recent call last):
  File "/home/airflow/.local/lib/python3.7/site-packages/airflow/providers/postgres/operators/postgres.py", line 92, in execute
    self.hook.run(self.sql, self.autocommit, parameters=self.parameters)
  File "/home/airflow/.local/lib/python3.7/site-packages/airflow/hooks/dbapi.py", line 181, in run
    with closing(self.get_conn()) as conn:
  File "/home/airflow/.local/lib/python3.7/site-packages/airflow/providers/postgres/hooks/postgres.py", line 113, in get_conn
    self.conn = psycopg2.connect(**conn_args)
  File "/home/airflow/.local/lib/python3.7/site-packages/psycopg2/__init__.py", line 122, in connect
    conn = _connect(dsn, connection_factory=connection_factory, **kwasync)
psycopg2.OperationalError: could not translate host name "host.docker.local " to address: Name or service not known

[2022-07-31 00:35:07,743] {taskinstance.py:1400} INFO - Marking task as FAILED. dag_id=dag_with_postgres_operator, task_id=create_postgres_table, execution_date=20220112T000000, start_date=20220731T003507, end_date=20220731T003507
[2022-07-31 00:35:07,757] {standard_task_runner.py:97} ERROR - Failed to execute job 1197 for task create_postgres_table (could not translate host name "host.docker.local " to address: Name or service not known
; 6989)
[2022-07-31 00:35:07,799] {local_task_job.py:156} INFO - Task exited with return code 1
[2022-07-31 00:35:07,976] {local_task_job.py:273} INFO - 0 downstream tasks scheduled from follow-on schedule check
[2022-07-31 11:29:43,629] {taskinstance.py:1159} INFO - Dependencies all met for <TaskInstance: dag_with_postgres_operator.create_postgres_table scheduled__2022-01-12T00:00:00+00:00 [queued]>
[2022-07-31 11:29:43,648] {taskinstance.py:1159} INFO - Dependencies all met for <TaskInstance: dag_with_postgres_operator.create_postgres_table scheduled__2022-01-12T00:00:00+00:00 [queued]>
[2022-07-31 11:29:43,648] {taskinstance.py:1356} INFO - 
--------------------------------------------------------------------------------
[2022-07-31 11:29:43,649] {taskinstance.py:1357} INFO - Starting attempt 6 of 6
[2022-07-31 11:29:43,649] {taskinstance.py:1358} INFO - 
--------------------------------------------------------------------------------
[2022-07-31 11:29:43,671] {taskinstance.py:1377} INFO - Executing <Task(PostgresOperator): create_postgres_table> on 2022-01-12 00:00:00+00:00
[2022-07-31 11:29:43,676] {standard_task_runner.py:52} INFO - Started process 5909 to run task
[2022-07-31 11:29:43,679] {standard_task_runner.py:79} INFO - Running: ['***', 'tasks', 'run', 'dag_with_postgres_operator', 'create_postgres_table', 'scheduled__2022-01-12T00:00:00+00:00', '--job-id', '1643', '--raw', '--subdir', 'DAGS_FOLDER/DAGWithPostgresOperator.py', '--cfg-path', '/tmp/tmpbo2hto2p', '--error-file', '/tmp/tmpm6i59f1c']
[2022-07-31 11:29:43,679] {standard_task_runner.py:80} INFO - Job 1643: Subtask create_postgres_table
[2022-07-31 11:29:43,759] {task_command.py:369} INFO - Running <TaskInstance: dag_with_postgres_operator.create_postgres_table scheduled__2022-01-12T00:00:00+00:00 [running]> on host 66bf18ec08cc
[2022-07-31 11:29:43,857] {taskinstance.py:1571} INFO - Exporting the following env vars:
AIRFLOW_CTX_DAG_OWNER=yosr
AIRFLOW_CTX_DAG_ID=dag_with_postgres_operator
AIRFLOW_CTX_TASK_ID=create_postgres_table
AIRFLOW_CTX_EXECUTION_DATE=2022-01-12T00:00:00+00:00
AIRFLOW_CTX_TRY_NUMBER=6
AIRFLOW_CTX_DAG_RUN_ID=scheduled__2022-01-12T00:00:00+00:00
[2022-07-31 11:29:43,869] {base.py:68} INFO - Using connection ID 'postgres_localhost' for task execution.
[2022-07-31 11:30:08,889] {taskinstance.py:1889} ERROR - Task failed with exception
Traceback (most recent call last):
  File "/home/airflow/.local/lib/python3.7/site-packages/airflow/providers/postgres/operators/postgres.py", line 92, in execute
    self.hook.run(self.sql, self.autocommit, parameters=self.parameters)
  File "/home/airflow/.local/lib/python3.7/site-packages/airflow/hooks/dbapi.py", line 181, in run
    with closing(self.get_conn()) as conn:
  File "/home/airflow/.local/lib/python3.7/site-packages/airflow/providers/postgres/hooks/postgres.py", line 113, in get_conn
    self.conn = psycopg2.connect(**conn_args)
  File "/home/airflow/.local/lib/python3.7/site-packages/psycopg2/__init__.py", line 122, in connect
    conn = _connect(dsn, connection_factory=connection_factory, **kwasync)
psycopg2.OperationalError: could not translate host name "host.docker.internal" to address: Temporary failure in name resolution

[2022-07-31 11:30:08,903] {taskinstance.py:1400} INFO - Marking task as FAILED. dag_id=dag_with_postgres_operator, task_id=create_postgres_table, execution_date=20220112T000000, start_date=20220731T112943, end_date=20220731T113008
[2022-07-31 11:30:08,923] {standard_task_runner.py:97} ERROR - Failed to execute job 1643 for task create_postgres_table (could not translate host name "host.docker.internal" to address: Temporary failure in name resolution
; 5909)
[2022-07-31 11:30:08,933] {local_task_job.py:156} INFO - Task exited with return code 1
[2022-07-31 11:30:08,971] {local_task_job.py:273} INFO - 0 downstream tasks scheduled from follow-on schedule check
[2022-07-31 14:00:14,411] {taskinstance.py:1159} INFO - Dependencies all met for <TaskInstance: dag_with_postgres_operator.create_postgres_table scheduled__2022-01-12T00:00:00+00:00 [queued]>
[2022-07-31 14:00:14,434] {taskinstance.py:1159} INFO - Dependencies all met for <TaskInstance: dag_with_postgres_operator.create_postgres_table scheduled__2022-01-12T00:00:00+00:00 [queued]>
[2022-07-31 14:00:14,434] {taskinstance.py:1356} INFO - 
--------------------------------------------------------------------------------
[2022-07-31 14:00:14,435] {taskinstance.py:1357} INFO - Starting attempt 6 of 6
[2022-07-31 14:00:14,435] {taskinstance.py:1358} INFO - 
--------------------------------------------------------------------------------
[2022-07-31 14:00:14,459] {taskinstance.py:1377} INFO - Executing <Task(PostgresOperator): create_postgres_table> on 2022-01-12 00:00:00+00:00
[2022-07-31 14:00:14,466] {standard_task_runner.py:52} INFO - Started process 3457 to run task
[2022-07-31 14:00:14,475] {standard_task_runner.py:79} INFO - Running: ['***', 'tasks', 'run', 'dag_with_postgres_operator', 'create_postgres_table', 'scheduled__2022-01-12T00:00:00+00:00', '--job-id', '188', '--raw', '--subdir', 'DAGS_FOLDER/DAGWithPostgresOperator.py', '--cfg-path', '/tmp/tmphy3dbui2', '--error-file', '/tmp/tmpno8nt9zr']
[2022-07-31 14:00:14,475] {standard_task_runner.py:80} INFO - Job 188: Subtask create_postgres_table
[2022-07-31 14:00:14,630] {task_command.py:369} INFO - Running <TaskInstance: dag_with_postgres_operator.create_postgres_table scheduled__2022-01-12T00:00:00+00:00 [running]> on host 4688dd3b7141
[2022-07-31 14:00:14,824] {taskinstance.py:1571} INFO - Exporting the following env vars:
AIRFLOW_CTX_DAG_OWNER=yosr
AIRFLOW_CTX_DAG_ID=dag_with_postgres_operator
AIRFLOW_CTX_TASK_ID=create_postgres_table
AIRFLOW_CTX_EXECUTION_DATE=2022-01-12T00:00:00+00:00
AIRFLOW_CTX_TRY_NUMBER=6
AIRFLOW_CTX_DAG_RUN_ID=scheduled__2022-01-12T00:00:00+00:00
[2022-07-31 14:00:14,885] {taskinstance.py:1889} ERROR - Task failed with exception
Traceback (most recent call last):
  File "/home/airflow/.local/lib/python3.7/site-packages/airflow/providers/postgres/operators/postgres.py", line 92, in execute
    self.hook.run(self.sql, self.autocommit, parameters=self.parameters)
  File "/home/airflow/.local/lib/python3.7/site-packages/airflow/hooks/dbapi.py", line 181, in run
    with closing(self.get_conn()) as conn:
  File "/home/airflow/.local/lib/python3.7/site-packages/airflow/providers/postgres/hooks/postgres.py", line 86, in get_conn
    conn = deepcopy(self.connection or self.get_connection(conn_id))
  File "/home/airflow/.local/lib/python3.7/site-packages/airflow/hooks/base.py", line 67, in get_connection
    conn = Connection.get_connection_from_secrets(conn_id)
  File "/home/airflow/.local/lib/python3.7/site-packages/airflow/models/connection.py", line 430, in get_connection_from_secrets
    raise AirflowNotFoundException(f"The conn_id `{conn_id}` isn't defined")
airflow.exceptions.AirflowNotFoundException: The conn_id `postgres_localhost` isn't defined
[2022-07-31 14:00:14,892] {taskinstance.py:1400} INFO - Marking task as FAILED. dag_id=dag_with_postgres_operator, task_id=create_postgres_table, execution_date=20220112T000000, start_date=20220731T140014, end_date=20220731T140014
[2022-07-31 14:00:14,911] {standard_task_runner.py:97} ERROR - Failed to execute job 188 for task create_postgres_table (The conn_id `postgres_localhost` isn't defined; 3457)
[2022-07-31 14:00:14,964] {local_task_job.py:156} INFO - Task exited with return code 1
[2022-07-31 14:00:15,077] {local_task_job.py:273} INFO - 0 downstream tasks scheduled from follow-on schedule check
