[2022-07-30 18:23:52,976] {taskinstance.py:1159} INFO - Dependencies all met for <TaskInstance: dag_with_postgres_operator.create_postgres_table scheduled__2022-01-12T00:00:00+00:00 [queued]>
[2022-07-30 18:23:52,998] {taskinstance.py:1159} INFO - Dependencies all met for <TaskInstance: dag_with_postgres_operator.create_postgres_table scheduled__2022-01-12T00:00:00+00:00 [queued]>
[2022-07-30 18:23:52,998] {taskinstance.py:1356} INFO - 
--------------------------------------------------------------------------------
[2022-07-30 18:23:52,998] {taskinstance.py:1357} INFO - Starting attempt 5 of 6
[2022-07-30 18:23:52,999] {taskinstance.py:1358} INFO - 
--------------------------------------------------------------------------------
[2022-07-30 18:23:53,017] {taskinstance.py:1377} INFO - Executing <Task(PostgresOperator): create_postgres_table> on 2022-01-12 00:00:00+00:00
[2022-07-30 18:23:53,021] {standard_task_runner.py:52} INFO - Started process 2800 to run task
[2022-07-30 18:23:53,025] {standard_task_runner.py:79} INFO - Running: ['***', 'tasks', 'run', 'dag_with_postgres_operator', 'create_postgres_table', 'scheduled__2022-01-12T00:00:00+00:00', '--job-id', '171', '--raw', '--subdir', 'DAGS_FOLDER/DAGWithPostgresOperator.py', '--cfg-path', '/tmp/tmpkcho0xc7', '--error-file', '/tmp/tmpfubi2dhj']
[2022-07-30 18:23:53,026] {standard_task_runner.py:80} INFO - Job 171: Subtask create_postgres_table
[2022-07-30 18:23:53,098] {task_command.py:369} INFO - Running <TaskInstance: dag_with_postgres_operator.create_postgres_table scheduled__2022-01-12T00:00:00+00:00 [running]> on host 66bf18ec08cc
[2022-07-30 18:23:53,190] {taskinstance.py:1571} INFO - Exporting the following env vars:
AIRFLOW_CTX_DAG_OWNER=yosr
AIRFLOW_CTX_DAG_ID=dag_with_postgres_operator
AIRFLOW_CTX_TASK_ID=create_postgres_table
AIRFLOW_CTX_EXECUTION_DATE=2022-01-12T00:00:00+00:00
AIRFLOW_CTX_TRY_NUMBER=5
AIRFLOW_CTX_DAG_RUN_ID=scheduled__2022-01-12T00:00:00+00:00
[2022-07-30 18:23:53,206] {base.py:68} INFO - Using connection ID 'postgres_localhost' for task execution.
[2022-07-30 18:23:53,207] {taskinstance.py:1889} ERROR - Task failed with exception
Traceback (most recent call last):
  File "/home/airflow/.local/lib/python3.7/site-packages/airflow/providers/postgres/operators/postgres.py", line 92, in execute
    self.hook.run(self.sql, self.autocommit, parameters=self.parameters)
  File "/home/airflow/.local/lib/python3.7/site-packages/airflow/hooks/dbapi.py", line 181, in run
    with closing(self.get_conn()) as conn:
  File "/home/airflow/.local/lib/python3.7/site-packages/airflow/providers/postgres/hooks/postgres.py", line 113, in get_conn
    self.conn = psycopg2.connect(**conn_args)
  File "/home/airflow/.local/lib/python3.7/site-packages/psycopg2/__init__.py", line 122, in connect
    conn = _connect(dsn, connection_factory=connection_factory, **kwasync)
psycopg2.OperationalError: could not translate host name "host.docker.internal " to address: Name or service not known

[2022-07-30 18:23:53,221] {taskinstance.py:1400} INFO - Marking task as UP_FOR_RETRY. dag_id=dag_with_postgres_operator, task_id=create_postgres_table, execution_date=20220112T000000, start_date=20220730T182352, end_date=20220730T182353
[2022-07-30 18:23:53,241] {standard_task_runner.py:97} ERROR - Failed to execute job 171 for task create_postgres_table (could not translate host name "host.docker.internal " to address: Name or service not known
; 2800)
[2022-07-30 18:23:53,286] {local_task_job.py:156} INFO - Task exited with return code 1
[2022-07-30 18:23:53,349] {local_task_job.py:273} INFO - 0 downstream tasks scheduled from follow-on schedule check
[2022-07-31 00:30:06,409] {taskinstance.py:1159} INFO - Dependencies all met for <TaskInstance: dag_with_postgres_operator.create_postgres_table scheduled__2022-01-12T00:00:00+00:00 [queued]>
[2022-07-31 00:30:06,447] {taskinstance.py:1159} INFO - Dependencies all met for <TaskInstance: dag_with_postgres_operator.create_postgres_table scheduled__2022-01-12T00:00:00+00:00 [queued]>
[2022-07-31 00:30:06,447] {taskinstance.py:1356} INFO - 
--------------------------------------------------------------------------------
[2022-07-31 00:30:06,448] {taskinstance.py:1357} INFO - Starting attempt 5 of 6
[2022-07-31 00:30:06,448] {taskinstance.py:1358} INFO - 
--------------------------------------------------------------------------------
[2022-07-31 00:30:06,483] {taskinstance.py:1377} INFO - Executing <Task(PostgresOperator): create_postgres_table> on 2022-01-12 00:00:00+00:00
[2022-07-31 00:30:06,490] {standard_task_runner.py:52} INFO - Started process 6729 to run task
[2022-07-31 00:30:06,494] {standard_task_runner.py:79} INFO - Running: ['***', 'tasks', 'run', 'dag_with_postgres_operator', 'create_postgres_table', 'scheduled__2022-01-12T00:00:00+00:00', '--job-id', '1180', '--raw', '--subdir', 'DAGS_FOLDER/DAGWithPostgresOperator.py', '--cfg-path', '/tmp/tmpvrqwmksp', '--error-file', '/tmp/tmpvf8gn9st']
[2022-07-31 00:30:06,494] {standard_task_runner.py:80} INFO - Job 1180: Subtask create_postgres_table
[2022-07-31 00:30:06,597] {task_command.py:369} INFO - Running <TaskInstance: dag_with_postgres_operator.create_postgres_table scheduled__2022-01-12T00:00:00+00:00 [running]> on host 66bf18ec08cc
[2022-07-31 00:30:06,724] {taskinstance.py:1571} INFO - Exporting the following env vars:
AIRFLOW_CTX_DAG_OWNER=yosr
AIRFLOW_CTX_DAG_ID=dag_with_postgres_operator
AIRFLOW_CTX_TASK_ID=create_postgres_table
AIRFLOW_CTX_EXECUTION_DATE=2022-01-12T00:00:00+00:00
AIRFLOW_CTX_TRY_NUMBER=5
AIRFLOW_CTX_DAG_RUN_ID=scheduled__2022-01-12T00:00:00+00:00
[2022-07-31 00:30:06,744] {base.py:68} INFO - Using connection ID 'postgres_localhost' for task execution.
[2022-07-31 00:30:06,746] {taskinstance.py:1889} ERROR - Task failed with exception
Traceback (most recent call last):
  File "/home/airflow/.local/lib/python3.7/site-packages/airflow/providers/postgres/operators/postgres.py", line 92, in execute
    self.hook.run(self.sql, self.autocommit, parameters=self.parameters)
  File "/home/airflow/.local/lib/python3.7/site-packages/airflow/hooks/dbapi.py", line 181, in run
    with closing(self.get_conn()) as conn:
  File "/home/airflow/.local/lib/python3.7/site-packages/airflow/providers/postgres/hooks/postgres.py", line 113, in get_conn
    self.conn = psycopg2.connect(**conn_args)
  File "/home/airflow/.local/lib/python3.7/site-packages/psycopg2/__init__.py", line 122, in connect
    conn = _connect(dsn, connection_factory=connection_factory, **kwasync)
psycopg2.OperationalError: could not translate host name "host.docker.local " to address: Name or service not known

[2022-07-31 00:30:06,768] {taskinstance.py:1400} INFO - Marking task as UP_FOR_RETRY. dag_id=dag_with_postgres_operator, task_id=create_postgres_table, execution_date=20220112T000000, start_date=20220731T003006, end_date=20220731T003006
[2022-07-31 00:30:06,787] {standard_task_runner.py:97} ERROR - Failed to execute job 1180 for task create_postgres_table (could not translate host name "host.docker.local " to address: Name or service not known
; 6729)
[2022-07-31 00:30:06,802] {local_task_job.py:156} INFO - Task exited with return code 1
[2022-07-31 00:30:06,867] {local_task_job.py:273} INFO - 0 downstream tasks scheduled from follow-on schedule check
[2022-07-31 11:24:20,035] {taskinstance.py:1159} INFO - Dependencies all met for <TaskInstance: dag_with_postgres_operator.create_postgres_table scheduled__2022-01-12T00:00:00+00:00 [queued]>
[2022-07-31 11:24:20,066] {taskinstance.py:1159} INFO - Dependencies all met for <TaskInstance: dag_with_postgres_operator.create_postgres_table scheduled__2022-01-12T00:00:00+00:00 [queued]>
[2022-07-31 11:24:20,066] {taskinstance.py:1356} INFO - 
--------------------------------------------------------------------------------
[2022-07-31 11:24:20,066] {taskinstance.py:1357} INFO - Starting attempt 5 of 6
[2022-07-31 11:24:20,067] {taskinstance.py:1358} INFO - 
--------------------------------------------------------------------------------
[2022-07-31 11:24:20,092] {taskinstance.py:1377} INFO - Executing <Task(PostgresOperator): create_postgres_table> on 2022-01-12 00:00:00+00:00
[2022-07-31 11:24:20,098] {standard_task_runner.py:52} INFO - Started process 5621 to run task
[2022-07-31 11:24:20,108] {standard_task_runner.py:79} INFO - Running: ['***', 'tasks', 'run', 'dag_with_postgres_operator', 'create_postgres_table', 'scheduled__2022-01-12T00:00:00+00:00', '--job-id', '1629', '--raw', '--subdir', 'DAGS_FOLDER/DAGWithPostgresOperator.py', '--cfg-path', '/tmp/tmpkd6h9pba', '--error-file', '/tmp/tmpdx61jefh']
[2022-07-31 11:24:20,109] {standard_task_runner.py:80} INFO - Job 1629: Subtask create_postgres_table
[2022-07-31 11:24:20,223] {task_command.py:369} INFO - Running <TaskInstance: dag_with_postgres_operator.create_postgres_table scheduled__2022-01-12T00:00:00+00:00 [running]> on host 66bf18ec08cc
[2022-07-31 11:24:20,333] {taskinstance.py:1571} INFO - Exporting the following env vars:
AIRFLOW_CTX_DAG_OWNER=yosr
AIRFLOW_CTX_DAG_ID=dag_with_postgres_operator
AIRFLOW_CTX_TASK_ID=create_postgres_table
AIRFLOW_CTX_EXECUTION_DATE=2022-01-12T00:00:00+00:00
AIRFLOW_CTX_TRY_NUMBER=5
AIRFLOW_CTX_DAG_RUN_ID=scheduled__2022-01-12T00:00:00+00:00
[2022-07-31 11:24:20,348] {base.py:68} INFO - Using connection ID 'postgres_localhost' for task execution.
[2022-07-31 11:24:43,051] {taskinstance.py:1889} ERROR - Task failed with exception
Traceback (most recent call last):
  File "/home/airflow/.local/lib/python3.7/site-packages/airflow/providers/postgres/operators/postgres.py", line 92, in execute
    self.hook.run(self.sql, self.autocommit, parameters=self.parameters)
  File "/home/airflow/.local/lib/python3.7/site-packages/airflow/hooks/dbapi.py", line 181, in run
    with closing(self.get_conn()) as conn:
  File "/home/airflow/.local/lib/python3.7/site-packages/airflow/providers/postgres/hooks/postgres.py", line 113, in get_conn
    self.conn = psycopg2.connect(**conn_args)
  File "/home/airflow/.local/lib/python3.7/site-packages/psycopg2/__init__.py", line 122, in connect
    conn = _connect(dsn, connection_factory=connection_factory, **kwasync)
psycopg2.OperationalError: could not translate host name "host.docker.internal" to address: No address associated with hostname

[2022-07-31 11:24:43,064] {taskinstance.py:1400} INFO - Marking task as UP_FOR_RETRY. dag_id=dag_with_postgres_operator, task_id=create_postgres_table, execution_date=20220112T000000, start_date=20220731T112420, end_date=20220731T112443
[2022-07-31 11:24:43,080] {standard_task_runner.py:97} ERROR - Failed to execute job 1629 for task create_postgres_table (could not translate host name "host.docker.internal" to address: No address associated with hostname
; 5621)
[2022-07-31 11:24:43,090] {local_task_job.py:156} INFO - Task exited with return code 1
[2022-07-31 11:24:43,127] {local_task_job.py:273} INFO - 0 downstream tasks scheduled from follow-on schedule check
[2022-07-31 13:55:12,736] {taskinstance.py:1159} INFO - Dependencies all met for <TaskInstance: dag_with_postgres_operator.create_postgres_table scheduled__2022-01-12T00:00:00+00:00 [queued]>
[2022-07-31 13:55:12,754] {taskinstance.py:1159} INFO - Dependencies all met for <TaskInstance: dag_with_postgres_operator.create_postgres_table scheduled__2022-01-12T00:00:00+00:00 [queued]>
[2022-07-31 13:55:12,754] {taskinstance.py:1356} INFO - 
--------------------------------------------------------------------------------
[2022-07-31 13:55:12,754] {taskinstance.py:1357} INFO - Starting attempt 5 of 6
[2022-07-31 13:55:12,755] {taskinstance.py:1358} INFO - 
--------------------------------------------------------------------------------
[2022-07-31 13:55:12,776] {taskinstance.py:1377} INFO - Executing <Task(PostgresOperator): create_postgres_table> on 2022-01-12 00:00:00+00:00
[2022-07-31 13:55:12,784] {standard_task_runner.py:52} INFO - Started process 3198 to run task
[2022-07-31 13:55:12,788] {standard_task_runner.py:79} INFO - Running: ['***', 'tasks', 'run', 'dag_with_postgres_operator', 'create_postgres_table', 'scheduled__2022-01-12T00:00:00+00:00', '--job-id', '171', '--raw', '--subdir', 'DAGS_FOLDER/DAGWithPostgresOperator.py', '--cfg-path', '/tmp/tmp_oerage7', '--error-file', '/tmp/tmpu8u2u2jp']
[2022-07-31 13:55:12,789] {standard_task_runner.py:80} INFO - Job 171: Subtask create_postgres_table
[2022-07-31 13:55:12,883] {task_command.py:369} INFO - Running <TaskInstance: dag_with_postgres_operator.create_postgres_table scheduled__2022-01-12T00:00:00+00:00 [running]> on host 4688dd3b7141
[2022-07-31 13:55:12,993] {taskinstance.py:1571} INFO - Exporting the following env vars:
AIRFLOW_CTX_DAG_OWNER=yosr
AIRFLOW_CTX_DAG_ID=dag_with_postgres_operator
AIRFLOW_CTX_TASK_ID=create_postgres_table
AIRFLOW_CTX_EXECUTION_DATE=2022-01-12T00:00:00+00:00
AIRFLOW_CTX_TRY_NUMBER=5
AIRFLOW_CTX_DAG_RUN_ID=scheduled__2022-01-12T00:00:00+00:00
[2022-07-31 13:55:13,072] {taskinstance.py:1889} ERROR - Task failed with exception
Traceback (most recent call last):
  File "/home/airflow/.local/lib/python3.7/site-packages/airflow/providers/postgres/operators/postgres.py", line 92, in execute
    self.hook.run(self.sql, self.autocommit, parameters=self.parameters)
  File "/home/airflow/.local/lib/python3.7/site-packages/airflow/hooks/dbapi.py", line 181, in run
    with closing(self.get_conn()) as conn:
  File "/home/airflow/.local/lib/python3.7/site-packages/airflow/providers/postgres/hooks/postgres.py", line 86, in get_conn
    conn = deepcopy(self.connection or self.get_connection(conn_id))
  File "/home/airflow/.local/lib/python3.7/site-packages/airflow/hooks/base.py", line 67, in get_connection
    conn = Connection.get_connection_from_secrets(conn_id)
  File "/home/airflow/.local/lib/python3.7/site-packages/airflow/models/connection.py", line 430, in get_connection_from_secrets
    raise AirflowNotFoundException(f"The conn_id `{conn_id}` isn't defined")
airflow.exceptions.AirflowNotFoundException: The conn_id `postgres_localhost` isn't defined
[2022-07-31 13:55:13,078] {taskinstance.py:1400} INFO - Marking task as UP_FOR_RETRY. dag_id=dag_with_postgres_operator, task_id=create_postgres_table, execution_date=20220112T000000, start_date=20220731T135512, end_date=20220731T135513
[2022-07-31 13:55:13,095] {standard_task_runner.py:97} ERROR - Failed to execute job 171 for task create_postgres_table (The conn_id `postgres_localhost` isn't defined; 3198)
[2022-07-31 13:55:13,129] {local_task_job.py:156} INFO - Task exited with return code 1
[2022-07-31 13:55:13,184] {local_task_job.py:273} INFO - 0 downstream tasks scheduled from follow-on schedule check
