[2022-07-30 18:18:51,823] {taskinstance.py:1159} INFO - Dependencies all met for <TaskInstance: dag_with_postgres_operator.create_postgres_table scheduled__2022-01-12T00:00:00+00:00 [queued]>
[2022-07-30 18:18:51,840] {taskinstance.py:1159} INFO - Dependencies all met for <TaskInstance: dag_with_postgres_operator.create_postgres_table scheduled__2022-01-12T00:00:00+00:00 [queued]>
[2022-07-30 18:18:51,841] {taskinstance.py:1356} INFO - 
--------------------------------------------------------------------------------
[2022-07-30 18:18:51,841] {taskinstance.py:1357} INFO - Starting attempt 4 of 6
[2022-07-30 18:18:51,841] {taskinstance.py:1358} INFO - 
--------------------------------------------------------------------------------
[2022-07-30 18:18:51,858] {taskinstance.py:1377} INFO - Executing <Task(PostgresOperator): create_postgres_table> on 2022-01-12 00:00:00+00:00
[2022-07-30 18:18:51,864] {standard_task_runner.py:52} INFO - Started process 2533 to run task
[2022-07-30 18:18:51,867] {standard_task_runner.py:79} INFO - Running: ['***', 'tasks', 'run', 'dag_with_postgres_operator', 'create_postgres_table', 'scheduled__2022-01-12T00:00:00+00:00', '--job-id', '156', '--raw', '--subdir', 'DAGS_FOLDER/DAGWithPostgresOperator.py', '--cfg-path', '/tmp/tmpgnf0bjxo', '--error-file', '/tmp/tmp0x14_pxn']
[2022-07-30 18:18:51,868] {standard_task_runner.py:80} INFO - Job 156: Subtask create_postgres_table
[2022-07-30 18:18:51,944] {task_command.py:369} INFO - Running <TaskInstance: dag_with_postgres_operator.create_postgres_table scheduled__2022-01-12T00:00:00+00:00 [running]> on host 66bf18ec08cc
[2022-07-30 18:18:52,043] {taskinstance.py:1571} INFO - Exporting the following env vars:
AIRFLOW_CTX_DAG_OWNER=yosr
AIRFLOW_CTX_DAG_ID=dag_with_postgres_operator
AIRFLOW_CTX_TASK_ID=create_postgres_table
AIRFLOW_CTX_EXECUTION_DATE=2022-01-12T00:00:00+00:00
AIRFLOW_CTX_TRY_NUMBER=4
AIRFLOW_CTX_DAG_RUN_ID=scheduled__2022-01-12T00:00:00+00:00
[2022-07-30 18:18:52,057] {base.py:68} INFO - Using connection ID 'postgres_localhost' for task execution.
[2022-07-30 18:18:52,058] {taskinstance.py:1889} ERROR - Task failed with exception
Traceback (most recent call last):
  File "/home/airflow/.local/lib/python3.7/site-packages/airflow/providers/postgres/operators/postgres.py", line 92, in execute
    self.hook.run(self.sql, self.autocommit, parameters=self.parameters)
  File "/home/airflow/.local/lib/python3.7/site-packages/airflow/hooks/dbapi.py", line 181, in run
    with closing(self.get_conn()) as conn:
  File "/home/airflow/.local/lib/python3.7/site-packages/airflow/providers/postgres/hooks/postgres.py", line 113, in get_conn
    self.conn = psycopg2.connect(**conn_args)
  File "/home/airflow/.local/lib/python3.7/site-packages/psycopg2/__init__.py", line 122, in connect
    conn = _connect(dsn, connection_factory=connection_factory, **kwasync)
psycopg2.OperationalError: could not translate host name "host.docker.internal " to address: Name or service not known

[2022-07-30 18:18:52,075] {taskinstance.py:1400} INFO - Marking task as UP_FOR_RETRY. dag_id=dag_with_postgres_operator, task_id=create_postgres_table, execution_date=20220112T000000, start_date=20220730T181851, end_date=20220730T181852
[2022-07-30 18:18:52,095] {standard_task_runner.py:97} ERROR - Failed to execute job 156 for task create_postgres_table (could not translate host name "host.docker.internal " to address: Name or service not known
; 2533)
[2022-07-30 18:18:52,127] {local_task_job.py:156} INFO - Task exited with return code 1
[2022-07-30 18:18:52,179] {local_task_job.py:273} INFO - 0 downstream tasks scheduled from follow-on schedule check
[2022-07-31 00:25:05,353] {taskinstance.py:1159} INFO - Dependencies all met for <TaskInstance: dag_with_postgres_operator.create_postgres_table scheduled__2022-01-12T00:00:00+00:00 [queued]>
[2022-07-31 00:25:05,372] {taskinstance.py:1159} INFO - Dependencies all met for <TaskInstance: dag_with_postgres_operator.create_postgres_table scheduled__2022-01-12T00:00:00+00:00 [queued]>
[2022-07-31 00:25:05,372] {taskinstance.py:1356} INFO - 
--------------------------------------------------------------------------------
[2022-07-31 00:25:05,372] {taskinstance.py:1357} INFO - Starting attempt 4 of 6
[2022-07-31 00:25:05,372] {taskinstance.py:1358} INFO - 
--------------------------------------------------------------------------------
[2022-07-31 00:25:05,395] {taskinstance.py:1377} INFO - Executing <Task(PostgresOperator): create_postgres_table> on 2022-01-12 00:00:00+00:00
[2022-07-31 00:25:05,400] {standard_task_runner.py:52} INFO - Started process 6459 to run task
[2022-07-31 00:25:05,404] {standard_task_runner.py:79} INFO - Running: ['***', 'tasks', 'run', 'dag_with_postgres_operator', 'create_postgres_table', 'scheduled__2022-01-12T00:00:00+00:00', '--job-id', '1163', '--raw', '--subdir', 'DAGS_FOLDER/DAGWithPostgresOperator.py', '--cfg-path', '/tmp/tmp8dh073aa', '--error-file', '/tmp/tmp55y8oov4']
[2022-07-31 00:25:05,405] {standard_task_runner.py:80} INFO - Job 1163: Subtask create_postgres_table
[2022-07-31 00:25:05,479] {task_command.py:369} INFO - Running <TaskInstance: dag_with_postgres_operator.create_postgres_table scheduled__2022-01-12T00:00:00+00:00 [running]> on host 66bf18ec08cc
[2022-07-31 00:25:05,577] {taskinstance.py:1571} INFO - Exporting the following env vars:
AIRFLOW_CTX_DAG_OWNER=yosr
AIRFLOW_CTX_DAG_ID=dag_with_postgres_operator
AIRFLOW_CTX_TASK_ID=create_postgres_table
AIRFLOW_CTX_EXECUTION_DATE=2022-01-12T00:00:00+00:00
AIRFLOW_CTX_TRY_NUMBER=4
AIRFLOW_CTX_DAG_RUN_ID=scheduled__2022-01-12T00:00:00+00:00
[2022-07-31 00:25:05,588] {base.py:68} INFO - Using connection ID 'postgres_localhost' for task execution.
[2022-07-31 00:25:05,590] {taskinstance.py:1889} ERROR - Task failed with exception
Traceback (most recent call last):
  File "/home/airflow/.local/lib/python3.7/site-packages/airflow/providers/postgres/operators/postgres.py", line 92, in execute
    self.hook.run(self.sql, self.autocommit, parameters=self.parameters)
  File "/home/airflow/.local/lib/python3.7/site-packages/airflow/hooks/dbapi.py", line 181, in run
    with closing(self.get_conn()) as conn:
  File "/home/airflow/.local/lib/python3.7/site-packages/airflow/providers/postgres/hooks/postgres.py", line 113, in get_conn
    self.conn = psycopg2.connect(**conn_args)
  File "/home/airflow/.local/lib/python3.7/site-packages/psycopg2/__init__.py", line 122, in connect
    conn = _connect(dsn, connection_factory=connection_factory, **kwasync)
psycopg2.OperationalError: could not translate host name "host.docker.local " to address: Name or service not known

[2022-07-31 00:25:05,601] {taskinstance.py:1400} INFO - Marking task as UP_FOR_RETRY. dag_id=dag_with_postgres_operator, task_id=create_postgres_table, execution_date=20220112T000000, start_date=20220731T002505, end_date=20220731T002505
[2022-07-31 00:25:05,617] {standard_task_runner.py:97} ERROR - Failed to execute job 1163 for task create_postgres_table (could not translate host name "host.docker.local " to address: Name or service not known
; 6459)
[2022-07-31 00:25:05,623] {local_task_job.py:156} INFO - Task exited with return code 1
[2022-07-31 00:25:05,735] {local_task_job.py:273} INFO - 0 downstream tasks scheduled from follow-on schedule check
[2022-07-31 11:18:49,081] {taskinstance.py:1159} INFO - Dependencies all met for <TaskInstance: dag_with_postgres_operator.create_postgres_table scheduled__2022-01-12T00:00:00+00:00 [queued]>
[2022-07-31 11:18:49,104] {taskinstance.py:1159} INFO - Dependencies all met for <TaskInstance: dag_with_postgres_operator.create_postgres_table scheduled__2022-01-12T00:00:00+00:00 [queued]>
[2022-07-31 11:18:49,105] {taskinstance.py:1356} INFO - 
--------------------------------------------------------------------------------
[2022-07-31 11:18:49,105] {taskinstance.py:1357} INFO - Starting attempt 4 of 6
[2022-07-31 11:18:49,105] {taskinstance.py:1358} INFO - 
--------------------------------------------------------------------------------
[2022-07-31 11:18:49,128] {taskinstance.py:1377} INFO - Executing <Task(PostgresOperator): create_postgres_table> on 2022-01-12 00:00:00+00:00
[2022-07-31 11:18:49,136] {standard_task_runner.py:52} INFO - Started process 5331 to run task
[2022-07-31 11:18:49,141] {standard_task_runner.py:79} INFO - Running: ['***', 'tasks', 'run', 'dag_with_postgres_operator', 'create_postgres_table', 'scheduled__2022-01-12T00:00:00+00:00', '--job-id', '1609', '--raw', '--subdir', 'DAGS_FOLDER/DAGWithPostgresOperator.py', '--cfg-path', '/tmp/tmprf03rk8x', '--error-file', '/tmp/tmp_rlmmzl5']
[2022-07-31 11:18:49,142] {standard_task_runner.py:80} INFO - Job 1609: Subtask create_postgres_table
[2022-07-31 11:18:49,253] {task_command.py:369} INFO - Running <TaskInstance: dag_with_postgres_operator.create_postgres_table scheduled__2022-01-12T00:00:00+00:00 [running]> on host 66bf18ec08cc
[2022-07-31 11:18:49,397] {taskinstance.py:1571} INFO - Exporting the following env vars:
AIRFLOW_CTX_DAG_OWNER=yosr
AIRFLOW_CTX_DAG_ID=dag_with_postgres_operator
AIRFLOW_CTX_TASK_ID=create_postgres_table
AIRFLOW_CTX_EXECUTION_DATE=2022-01-12T00:00:00+00:00
AIRFLOW_CTX_TRY_NUMBER=4
AIRFLOW_CTX_DAG_RUN_ID=scheduled__2022-01-12T00:00:00+00:00
[2022-07-31 11:18:49,410] {base.py:68} INFO - Using connection ID 'postgres_localhost' for task execution.
[2022-07-31 11:19:19,430] {taskinstance.py:1889} ERROR - Task failed with exception
Traceback (most recent call last):
  File "/home/airflow/.local/lib/python3.7/site-packages/airflow/providers/postgres/operators/postgres.py", line 92, in execute
    self.hook.run(self.sql, self.autocommit, parameters=self.parameters)
  File "/home/airflow/.local/lib/python3.7/site-packages/airflow/hooks/dbapi.py", line 181, in run
    with closing(self.get_conn()) as conn:
  File "/home/airflow/.local/lib/python3.7/site-packages/airflow/providers/postgres/hooks/postgres.py", line 113, in get_conn
    self.conn = psycopg2.connect(**conn_args)
  File "/home/airflow/.local/lib/python3.7/site-packages/psycopg2/__init__.py", line 122, in connect
    conn = _connect(dsn, connection_factory=connection_factory, **kwasync)
psycopg2.OperationalError: could not translate host name "host.docker.internal" to address: Temporary failure in name resolution

[2022-07-31 11:19:19,443] {taskinstance.py:1400} INFO - Marking task as UP_FOR_RETRY. dag_id=dag_with_postgres_operator, task_id=create_postgres_table, execution_date=20220112T000000, start_date=20220731T111849, end_date=20220731T111919
[2022-07-31 11:19:19,460] {standard_task_runner.py:97} ERROR - Failed to execute job 1609 for task create_postgres_table (could not translate host name "host.docker.internal" to address: Temporary failure in name resolution
; 5331)
[2022-07-31 11:19:19,483] {local_task_job.py:156} INFO - Task exited with return code 1
[2022-07-31 11:19:19,524] {local_task_job.py:273} INFO - 0 downstream tasks scheduled from follow-on schedule check
[2022-07-31 13:50:11,448] {taskinstance.py:1159} INFO - Dependencies all met for <TaskInstance: dag_with_postgres_operator.create_postgres_table scheduled__2022-01-12T00:00:00+00:00 [queued]>
[2022-07-31 13:50:11,464] {taskinstance.py:1159} INFO - Dependencies all met for <TaskInstance: dag_with_postgres_operator.create_postgres_table scheduled__2022-01-12T00:00:00+00:00 [queued]>
[2022-07-31 13:50:11,465] {taskinstance.py:1356} INFO - 
--------------------------------------------------------------------------------
[2022-07-31 13:50:11,465] {taskinstance.py:1357} INFO - Starting attempt 4 of 6
[2022-07-31 13:50:11,465] {taskinstance.py:1358} INFO - 
--------------------------------------------------------------------------------
[2022-07-31 13:50:11,481] {taskinstance.py:1377} INFO - Executing <Task(PostgresOperator): create_postgres_table> on 2022-01-12 00:00:00+00:00
[2022-07-31 13:50:11,486] {standard_task_runner.py:52} INFO - Started process 2925 to run task
[2022-07-31 13:50:11,489] {standard_task_runner.py:79} INFO - Running: ['***', 'tasks', 'run', 'dag_with_postgres_operator', 'create_postgres_table', 'scheduled__2022-01-12T00:00:00+00:00', '--job-id', '156', '--raw', '--subdir', 'DAGS_FOLDER/DAGWithPostgresOperator.py', '--cfg-path', '/tmp/tmpgmtsbp6n', '--error-file', '/tmp/tmpus5bzpb9']
[2022-07-31 13:50:11,490] {standard_task_runner.py:80} INFO - Job 156: Subtask create_postgres_table
[2022-07-31 13:50:11,556] {task_command.py:369} INFO - Running <TaskInstance: dag_with_postgres_operator.create_postgres_table scheduled__2022-01-12T00:00:00+00:00 [running]> on host 4688dd3b7141
[2022-07-31 13:50:11,678] {taskinstance.py:1571} INFO - Exporting the following env vars:
AIRFLOW_CTX_DAG_OWNER=yosr
AIRFLOW_CTX_DAG_ID=dag_with_postgres_operator
AIRFLOW_CTX_TASK_ID=create_postgres_table
AIRFLOW_CTX_EXECUTION_DATE=2022-01-12T00:00:00+00:00
AIRFLOW_CTX_TRY_NUMBER=4
AIRFLOW_CTX_DAG_RUN_ID=scheduled__2022-01-12T00:00:00+00:00
[2022-07-31 13:50:11,766] {taskinstance.py:1889} ERROR - Task failed with exception
Traceback (most recent call last):
  File "/home/airflow/.local/lib/python3.7/site-packages/airflow/providers/postgres/operators/postgres.py", line 92, in execute
    self.hook.run(self.sql, self.autocommit, parameters=self.parameters)
  File "/home/airflow/.local/lib/python3.7/site-packages/airflow/hooks/dbapi.py", line 181, in run
    with closing(self.get_conn()) as conn:
  File "/home/airflow/.local/lib/python3.7/site-packages/airflow/providers/postgres/hooks/postgres.py", line 86, in get_conn
    conn = deepcopy(self.connection or self.get_connection(conn_id))
  File "/home/airflow/.local/lib/python3.7/site-packages/airflow/hooks/base.py", line 67, in get_connection
    conn = Connection.get_connection_from_secrets(conn_id)
  File "/home/airflow/.local/lib/python3.7/site-packages/airflow/models/connection.py", line 430, in get_connection_from_secrets
    raise AirflowNotFoundException(f"The conn_id `{conn_id}` isn't defined")
airflow.exceptions.AirflowNotFoundException: The conn_id `postgres_localhost` isn't defined
[2022-07-31 13:50:11,772] {taskinstance.py:1400} INFO - Marking task as UP_FOR_RETRY. dag_id=dag_with_postgres_operator, task_id=create_postgres_table, execution_date=20220112T000000, start_date=20220731T135011, end_date=20220731T135011
[2022-07-31 13:50:11,791] {standard_task_runner.py:97} ERROR - Failed to execute job 156 for task create_postgres_table (The conn_id `postgres_localhost` isn't defined; 2925)
[2022-07-31 13:50:11,834] {local_task_job.py:156} INFO - Task exited with return code 1
[2022-07-31 13:50:11,879] {local_task_job.py:273} INFO - 0 downstream tasks scheduled from follow-on schedule check
