[2022-07-29 12:22:17,405] {taskinstance.py:1159} INFO - Dependencies all met for <TaskInstance: dag_with_cron_expression.task1 scheduled__2022-04-15T03:00:00+00:00 [queued]>
[2022-07-29 12:22:17,423] {taskinstance.py:1159} INFO - Dependencies all met for <TaskInstance: dag_with_cron_expression.task1 scheduled__2022-04-15T03:00:00+00:00 [queued]>
[2022-07-29 12:22:17,424] {taskinstance.py:1356} INFO - 
--------------------------------------------------------------------------------
[2022-07-29 12:22:17,424] {taskinstance.py:1357} INFO - Starting attempt 1 of 6
[2022-07-29 12:22:17,424] {taskinstance.py:1358} INFO - 
--------------------------------------------------------------------------------
[2022-07-29 12:22:17,445] {taskinstance.py:1377} INFO - Executing <Task(BashOperator): task1> on 2022-04-15 03:00:00+00:00
[2022-07-29 12:22:17,450] {standard_task_runner.py:52} INFO - Started process 11304 to run task
[2022-07-29 12:22:17,453] {standard_task_runner.py:79} INFO - Running: ['***', 'tasks', 'run', 'dag_with_cron_expression', 'task1', 'scheduled__2022-04-15T03:00:00+00:00', '--job-id', '2232', '--raw', '--subdir', 'DAGS_FOLDER/DagWithCronExpression.py', '--cfg-path', '/tmp/tmp3n119o_6', '--error-file', '/tmp/tmpfnfac_4o']
[2022-07-29 12:22:17,453] {standard_task_runner.py:80} INFO - Job 2232: Subtask task1
[2022-07-29 12:22:17,523] {task_command.py:369} INFO - Running <TaskInstance: dag_with_cron_expression.task1 scheduled__2022-04-15T03:00:00+00:00 [running]> on host 9f0f006fc89d
[2022-07-29 12:22:17,612] {taskinstance.py:1571} INFO - Exporting the following env vars:
AIRFLOW_CTX_DAG_OWNER=yosr
AIRFLOW_CTX_DAG_ID=dag_with_cron_expression
AIRFLOW_CTX_TASK_ID=task1
AIRFLOW_CTX_EXECUTION_DATE=2022-04-15T03:00:00+00:00
AIRFLOW_CTX_TRY_NUMBER=1
AIRFLOW_CTX_DAG_RUN_ID=scheduled__2022-04-15T03:00:00+00:00
[2022-07-29 12:22:17,612] {subprocess.py:62} INFO - Tmp dir root location: 
 /tmp
[2022-07-29 12:22:17,613] {subprocess.py:74} INFO - Running command: ['bash', '-c', 'echo dag with cron expression!']
[2022-07-29 12:22:17,624] {subprocess.py:85} INFO - Output:
[2022-07-29 12:22:17,627] {subprocess.py:92} INFO - dag with cron expression!
[2022-07-29 12:22:17,627] {subprocess.py:96} INFO - Command exited with return code 0
[2022-07-29 12:22:17,673] {taskinstance.py:1400} INFO - Marking task as SUCCESS. dag_id=dag_with_cron_expression, task_id=task1, execution_date=20220415T030000, start_date=20220729T122217, end_date=20220729T122217
[2022-07-29 12:22:17,716] {local_task_job.py:156} INFO - Task exited with return code 0
[2022-07-29 12:22:17,765] {local_task_job.py:273} INFO - 0 downstream tasks scheduled from follow-on schedule check
