[2022-07-31 11:05:41,209] {taskinstance.py:1159} INFO - Dependencies all met for <TaskInstance: dag_with_postgres_operator.create_postgres_table scheduled__2022-01-03T00:00:00+00:00 [queued]>
[2022-07-31 11:05:41,226] {taskinstance.py:1159} INFO - Dependencies all met for <TaskInstance: dag_with_postgres_operator.create_postgres_table scheduled__2022-01-03T00:00:00+00:00 [queued]>
[2022-07-31 11:05:41,226] {taskinstance.py:1356} INFO - 
--------------------------------------------------------------------------------
[2022-07-31 11:05:41,226] {taskinstance.py:1357} INFO - Starting attempt 7 of 9
[2022-07-31 11:05:41,227] {taskinstance.py:1358} INFO - 
--------------------------------------------------------------------------------
[2022-07-31 11:05:41,249] {taskinstance.py:1377} INFO - Executing <Task(PostgresOperator): create_postgres_table> on 2022-01-03 00:00:00+00:00
[2022-07-31 11:05:41,254] {standard_task_runner.py:52} INFO - Started process 4656 to run task
[2022-07-31 11:05:41,257] {standard_task_runner.py:79} INFO - Running: ['***', 'tasks', 'run', 'dag_with_postgres_operator', 'create_postgres_table', 'scheduled__2022-01-03T00:00:00+00:00', '--job-id', '1573', '--raw', '--subdir', 'DAGS_FOLDER/DAGWithPostgresOperator.py', '--cfg-path', '/tmp/tmpyv7ty7py', '--error-file', '/tmp/tmpnoepxuo3']
[2022-07-31 11:05:41,257] {standard_task_runner.py:80} INFO - Job 1573: Subtask create_postgres_table
[2022-07-31 11:05:41,326] {task_command.py:369} INFO - Running <TaskInstance: dag_with_postgres_operator.create_postgres_table scheduled__2022-01-03T00:00:00+00:00 [running]> on host 66bf18ec08cc
[2022-07-31 11:05:41,421] {taskinstance.py:1571} INFO - Exporting the following env vars:
AIRFLOW_CTX_DAG_OWNER=yosr
AIRFLOW_CTX_DAG_ID=dag_with_postgres_operator
AIRFLOW_CTX_TASK_ID=create_postgres_table
AIRFLOW_CTX_EXECUTION_DATE=2022-01-03T00:00:00+00:00
AIRFLOW_CTX_TRY_NUMBER=7
AIRFLOW_CTX_DAG_RUN_ID=scheduled__2022-01-03T00:00:00+00:00
[2022-07-31 11:05:41,434] {base.py:68} INFO - Using connection ID 'postgres_localhost' for task execution.
[2022-07-31 11:05:41,435] {taskinstance.py:1889} ERROR - Task failed with exception
Traceback (most recent call last):
  File "/home/airflow/.local/lib/python3.7/site-packages/airflow/providers/postgres/operators/postgres.py", line 92, in execute
    self.hook.run(self.sql, self.autocommit, parameters=self.parameters)
  File "/home/airflow/.local/lib/python3.7/site-packages/airflow/hooks/dbapi.py", line 181, in run
    with closing(self.get_conn()) as conn:
  File "/home/airflow/.local/lib/python3.7/site-packages/airflow/providers/postgres/hooks/postgres.py", line 113, in get_conn
    self.conn = psycopg2.connect(**conn_args)
  File "/home/airflow/.local/lib/python3.7/site-packages/psycopg2/__init__.py", line 122, in connect
    conn = _connect(dsn, connection_factory=connection_factory, **kwasync)
psycopg2.OperationalError: connection to server at "localhost" (127.0.0.1), port 5432 failed: Connection refused
	Is the server running on that host and accepting TCP/IP connections?
connection to server at "localhost" (::1), port 5432 failed: Cannot assign requested address
	Is the server running on that host and accepting TCP/IP connections?

[2022-07-31 11:05:41,450] {taskinstance.py:1400} INFO - Marking task as UP_FOR_RETRY. dag_id=dag_with_postgres_operator, task_id=create_postgres_table, execution_date=20220103T000000, start_date=20220731T110541, end_date=20220731T110541
[2022-07-31 11:05:41,467] {standard_task_runner.py:97} ERROR - Failed to execute job 1573 for task create_postgres_table (connection to server at "localhost" (127.0.0.1), port 5432 failed: Connection refused
	Is the server running on that host and accepting TCP/IP connections?
connection to server at "localhost" (::1), port 5432 failed: Cannot assign requested address
	Is the server running on that host and accepting TCP/IP connections?
; 4656)
[2022-07-31 11:05:41,482] {local_task_job.py:156} INFO - Task exited with return code 1
[2022-07-31 11:05:41,523] {local_task_job.py:273} INFO - 0 downstream tasks scheduled from follow-on schedule check
