[2022-07-30 17:58:35,058] {taskinstance.py:1159} INFO - Dependencies all met for <TaskInstance: dag_with_postgres_operator.create_postgres_table scheduled__2022-01-03T00:00:00+00:00 [queued]>
[2022-07-30 17:58:35,071] {taskinstance.py:1159} INFO - Dependencies all met for <TaskInstance: dag_with_postgres_operator.create_postgres_table scheduled__2022-01-03T00:00:00+00:00 [queued]>
[2022-07-30 17:58:35,071] {taskinstance.py:1356} INFO - 
--------------------------------------------------------------------------------
[2022-07-30 17:58:35,071] {taskinstance.py:1357} INFO - Starting attempt 5 of 6
[2022-07-30 17:58:35,071] {taskinstance.py:1358} INFO - 
--------------------------------------------------------------------------------
[2022-07-30 17:58:35,095] {taskinstance.py:1377} INFO - Executing <Task(PostgresOperator): create_postgres_table> on 2022-01-03 00:00:00+00:00
[2022-07-30 17:58:35,102] {standard_task_runner.py:52} INFO - Started process 1437 to run task
[2022-07-30 17:58:35,106] {standard_task_runner.py:79} INFO - Running: ['***', 'tasks', 'run', 'dag_with_postgres_operator', 'create_postgres_table', 'scheduled__2022-01-03T00:00:00+00:00', '--job-id', '76', '--raw', '--subdir', 'DAGS_FOLDER/DAGWithPostgresOperator.py', '--cfg-path', '/tmp/tmpbg4rxkye', '--error-file', '/tmp/tmpjouqcovo']
[2022-07-30 17:58:35,107] {standard_task_runner.py:80} INFO - Job 76: Subtask create_postgres_table
[2022-07-30 17:58:35,183] {task_command.py:369} INFO - Running <TaskInstance: dag_with_postgres_operator.create_postgres_table scheduled__2022-01-03T00:00:00+00:00 [running]> on host 66bf18ec08cc
[2022-07-30 17:58:35,285] {taskinstance.py:1571} INFO - Exporting the following env vars:
AIRFLOW_CTX_DAG_OWNER=yosr
AIRFLOW_CTX_DAG_ID=dag_with_postgres_operator
AIRFLOW_CTX_TASK_ID=create_postgres_table
AIRFLOW_CTX_EXECUTION_DATE=2022-01-03T00:00:00+00:00
AIRFLOW_CTX_TRY_NUMBER=5
AIRFLOW_CTX_DAG_RUN_ID=scheduled__2022-01-03T00:00:00+00:00
[2022-07-30 17:58:35,304] {base.py:68} INFO - Using connection ID 'postgres_localhost' for task execution.
[2022-07-30 17:58:35,305] {taskinstance.py:1889} ERROR - Task failed with exception
Traceback (most recent call last):
  File "/home/airflow/.local/lib/python3.7/site-packages/airflow/providers/postgres/operators/postgres.py", line 92, in execute
    self.hook.run(self.sql, self.autocommit, parameters=self.parameters)
  File "/home/airflow/.local/lib/python3.7/site-packages/airflow/hooks/dbapi.py", line 181, in run
    with closing(self.get_conn()) as conn:
  File "/home/airflow/.local/lib/python3.7/site-packages/airflow/providers/postgres/hooks/postgres.py", line 113, in get_conn
    self.conn = psycopg2.connect(**conn_args)
  File "/home/airflow/.local/lib/python3.7/site-packages/psycopg2/__init__.py", line 122, in connect
    conn = _connect(dsn, connection_factory=connection_factory, **kwasync)
psycopg2.OperationalError: could not translate host name "host.docker.internal " to address: Name or service not known

[2022-07-30 17:58:35,321] {taskinstance.py:1400} INFO - Marking task as UP_FOR_RETRY. dag_id=dag_with_postgres_operator, task_id=create_postgres_table, execution_date=20220103T000000, start_date=20220730T175835, end_date=20220730T175835
[2022-07-30 17:58:35,338] {standard_task_runner.py:97} ERROR - Failed to execute job 76 for task create_postgres_table (could not translate host name "host.docker.internal " to address: Name or service not known
; 1437)
[2022-07-30 17:58:35,369] {local_task_job.py:156} INFO - Task exited with return code 1
[2022-07-30 17:58:35,433] {local_task_job.py:273} INFO - 0 downstream tasks scheduled from follow-on schedule check
[2022-07-31 00:04:53,541] {taskinstance.py:1159} INFO - Dependencies all met for <TaskInstance: dag_with_postgres_operator.create_postgres_table scheduled__2022-01-03T00:00:00+00:00 [queued]>
[2022-07-31 00:04:53,562] {taskinstance.py:1159} INFO - Dependencies all met for <TaskInstance: dag_with_postgres_operator.create_postgres_table scheduled__2022-01-03T00:00:00+00:00 [queued]>
[2022-07-31 00:04:53,562] {taskinstance.py:1356} INFO - 
--------------------------------------------------------------------------------
[2022-07-31 00:04:53,562] {taskinstance.py:1357} INFO - Starting attempt 5 of 6
[2022-07-31 00:04:53,562] {taskinstance.py:1358} INFO - 
--------------------------------------------------------------------------------
[2022-07-31 00:04:53,583] {taskinstance.py:1377} INFO - Executing <Task(PostgresOperator): create_postgres_table> on 2022-01-03 00:00:00+00:00
[2022-07-31 00:04:53,588] {standard_task_runner.py:52} INFO - Started process 5370 to run task
[2022-07-31 00:04:53,592] {standard_task_runner.py:79} INFO - Running: ['***', 'tasks', 'run', 'dag_with_postgres_operator', 'create_postgres_table', 'scheduled__2022-01-03T00:00:00+00:00', '--job-id', '1090', '--raw', '--subdir', 'DAGS_FOLDER/DAGWithPostgresOperator.py', '--cfg-path', '/tmp/tmp0ysnxk1j', '--error-file', '/tmp/tmpjxpm434m']
[2022-07-31 00:04:53,592] {standard_task_runner.py:80} INFO - Job 1090: Subtask create_postgres_table
[2022-07-31 00:04:53,664] {task_command.py:369} INFO - Running <TaskInstance: dag_with_postgres_operator.create_postgres_table scheduled__2022-01-03T00:00:00+00:00 [running]> on host 66bf18ec08cc
[2022-07-31 00:04:53,748] {taskinstance.py:1571} INFO - Exporting the following env vars:
AIRFLOW_CTX_DAG_OWNER=yosr
AIRFLOW_CTX_DAG_ID=dag_with_postgres_operator
AIRFLOW_CTX_TASK_ID=create_postgres_table
AIRFLOW_CTX_EXECUTION_DATE=2022-01-03T00:00:00+00:00
AIRFLOW_CTX_TRY_NUMBER=5
AIRFLOW_CTX_DAG_RUN_ID=scheduled__2022-01-03T00:00:00+00:00
[2022-07-31 00:04:53,762] {base.py:68} INFO - Using connection ID 'postgres_localhost' for task execution.
[2022-07-31 00:04:53,763] {taskinstance.py:1889} ERROR - Task failed with exception
Traceback (most recent call last):
  File "/home/airflow/.local/lib/python3.7/site-packages/airflow/providers/postgres/operators/postgres.py", line 92, in execute
    self.hook.run(self.sql, self.autocommit, parameters=self.parameters)
  File "/home/airflow/.local/lib/python3.7/site-packages/airflow/hooks/dbapi.py", line 181, in run
    with closing(self.get_conn()) as conn:
  File "/home/airflow/.local/lib/python3.7/site-packages/airflow/providers/postgres/hooks/postgres.py", line 113, in get_conn
    self.conn = psycopg2.connect(**conn_args)
  File "/home/airflow/.local/lib/python3.7/site-packages/psycopg2/__init__.py", line 122, in connect
    conn = _connect(dsn, connection_factory=connection_factory, **kwasync)
psycopg2.OperationalError: could not translate host name "host.docker.local " to address: Name or service not known

[2022-07-31 00:04:53,774] {taskinstance.py:1400} INFO - Marking task as UP_FOR_RETRY. dag_id=dag_with_postgres_operator, task_id=create_postgres_table, execution_date=20220103T000000, start_date=20220731T000453, end_date=20220731T000453
[2022-07-31 00:04:53,786] {standard_task_runner.py:97} ERROR - Failed to execute job 1090 for task create_postgres_table (could not translate host name "host.docker.local " to address: Name or service not known
; 5370)
[2022-07-31 00:04:53,810] {local_task_job.py:156} INFO - Task exited with return code 1
[2022-07-31 00:04:53,863] {local_task_job.py:273} INFO - 0 downstream tasks scheduled from follow-on schedule check
[2022-07-31 10:55:38,750] {taskinstance.py:1159} INFO - Dependencies all met for <TaskInstance: dag_with_postgres_operator.create_postgres_table scheduled__2022-01-03T00:00:00+00:00 [queued]>
[2022-07-31 10:55:38,769] {taskinstance.py:1159} INFO - Dependencies all met for <TaskInstance: dag_with_postgres_operator.create_postgres_table scheduled__2022-01-03T00:00:00+00:00 [queued]>
[2022-07-31 10:55:38,769] {taskinstance.py:1356} INFO - 
--------------------------------------------------------------------------------
[2022-07-31 10:55:38,770] {taskinstance.py:1357} INFO - Starting attempt 5 of 9
[2022-07-31 10:55:38,770] {taskinstance.py:1358} INFO - 
--------------------------------------------------------------------------------
[2022-07-31 10:55:38,789] {taskinstance.py:1377} INFO - Executing <Task(PostgresOperator): create_postgres_table> on 2022-01-03 00:00:00+00:00
[2022-07-31 10:55:38,794] {standard_task_runner.py:52} INFO - Started process 4098 to run task
[2022-07-31 10:55:38,796] {standard_task_runner.py:79} INFO - Running: ['***', 'tasks', 'run', 'dag_with_postgres_operator', 'create_postgres_table', 'scheduled__2022-01-03T00:00:00+00:00', '--job-id', '1525', '--raw', '--subdir', 'DAGS_FOLDER/DAGWithPostgresOperator.py', '--cfg-path', '/tmp/tmpodsltlci', '--error-file', '/tmp/tmpbcbxssvl']
[2022-07-31 10:55:38,797] {standard_task_runner.py:80} INFO - Job 1525: Subtask create_postgres_table
[2022-07-31 10:55:38,863] {task_command.py:369} INFO - Running <TaskInstance: dag_with_postgres_operator.create_postgres_table scheduled__2022-01-03T00:00:00+00:00 [running]> on host 66bf18ec08cc
[2022-07-31 10:55:38,961] {taskinstance.py:1571} INFO - Exporting the following env vars:
AIRFLOW_CTX_DAG_OWNER=yosr
AIRFLOW_CTX_DAG_ID=dag_with_postgres_operator
AIRFLOW_CTX_TASK_ID=create_postgres_table
AIRFLOW_CTX_EXECUTION_DATE=2022-01-03T00:00:00+00:00
AIRFLOW_CTX_TRY_NUMBER=5
AIRFLOW_CTX_DAG_RUN_ID=scheduled__2022-01-03T00:00:00+00:00
[2022-07-31 10:55:38,975] {base.py:68} INFO - Using connection ID 'postgres_localhost' for task execution.
[2022-07-31 10:55:38,976] {taskinstance.py:1889} ERROR - Task failed with exception
Traceback (most recent call last):
  File "/home/airflow/.local/lib/python3.7/site-packages/airflow/providers/postgres/operators/postgres.py", line 92, in execute
    self.hook.run(self.sql, self.autocommit, parameters=self.parameters)
  File "/home/airflow/.local/lib/python3.7/site-packages/airflow/hooks/dbapi.py", line 181, in run
    with closing(self.get_conn()) as conn:
  File "/home/airflow/.local/lib/python3.7/site-packages/airflow/providers/postgres/hooks/postgres.py", line 113, in get_conn
    self.conn = psycopg2.connect(**conn_args)
  File "/home/airflow/.local/lib/python3.7/site-packages/psycopg2/__init__.py", line 122, in connect
    conn = _connect(dsn, connection_factory=connection_factory, **kwasync)
psycopg2.OperationalError: could not translate host name "host.docker.internal " to address: Name or service not known

[2022-07-31 10:55:38,988] {taskinstance.py:1400} INFO - Marking task as UP_FOR_RETRY. dag_id=dag_with_postgres_operator, task_id=create_postgres_table, execution_date=20220103T000000, start_date=20220731T105538, end_date=20220731T105538
[2022-07-31 10:55:39,005] {standard_task_runner.py:97} ERROR - Failed to execute job 1525 for task create_postgres_table (could not translate host name "host.docker.internal " to address: Name or service not known
; 4098)
[2022-07-31 10:55:39,013] {local_task_job.py:156} INFO - Task exited with return code 1
[2022-07-31 10:55:39,055] {local_task_job.py:273} INFO - 0 downstream tasks scheduled from follow-on schedule check
[2022-07-31 13:30:02,245] {taskinstance.py:1159} INFO - Dependencies all met for <TaskInstance: dag_with_postgres_operator.create_postgres_table scheduled__2022-01-03T00:00:00+00:00 [queued]>
[2022-07-31 13:30:02,268] {taskinstance.py:1159} INFO - Dependencies all met for <TaskInstance: dag_with_postgres_operator.create_postgres_table scheduled__2022-01-03T00:00:00+00:00 [queued]>
[2022-07-31 13:30:02,268] {taskinstance.py:1356} INFO - 
--------------------------------------------------------------------------------
[2022-07-31 13:30:02,269] {taskinstance.py:1357} INFO - Starting attempt 5 of 6
[2022-07-31 13:30:02,269] {taskinstance.py:1358} INFO - 
--------------------------------------------------------------------------------
[2022-07-31 13:30:02,289] {taskinstance.py:1377} INFO - Executing <Task(PostgresOperator): create_postgres_table> on 2022-01-03 00:00:00+00:00
[2022-07-31 13:30:02,295] {standard_task_runner.py:52} INFO - Started process 1841 to run task
[2022-07-31 13:30:02,299] {standard_task_runner.py:79} INFO - Running: ['***', 'tasks', 'run', 'dag_with_postgres_operator', 'create_postgres_table', 'scheduled__2022-01-03T00:00:00+00:00', '--job-id', '80', '--raw', '--subdir', 'DAGS_FOLDER/DAGWithPostgresOperator.py', '--cfg-path', '/tmp/tmpgawgb7f_', '--error-file', '/tmp/tmp7ht_k3ig']
[2022-07-31 13:30:02,300] {standard_task_runner.py:80} INFO - Job 80: Subtask create_postgres_table
[2022-07-31 13:30:02,383] {task_command.py:369} INFO - Running <TaskInstance: dag_with_postgres_operator.create_postgres_table scheduled__2022-01-03T00:00:00+00:00 [running]> on host 4688dd3b7141
[2022-07-31 13:30:02,522] {taskinstance.py:1571} INFO - Exporting the following env vars:
AIRFLOW_CTX_DAG_OWNER=yosr
AIRFLOW_CTX_DAG_ID=dag_with_postgres_operator
AIRFLOW_CTX_TASK_ID=create_postgres_table
AIRFLOW_CTX_EXECUTION_DATE=2022-01-03T00:00:00+00:00
AIRFLOW_CTX_TRY_NUMBER=5
AIRFLOW_CTX_DAG_RUN_ID=scheduled__2022-01-03T00:00:00+00:00
[2022-07-31 13:30:02,564] {taskinstance.py:1889} ERROR - Task failed with exception
Traceback (most recent call last):
  File "/home/airflow/.local/lib/python3.7/site-packages/airflow/providers/postgres/operators/postgres.py", line 92, in execute
    self.hook.run(self.sql, self.autocommit, parameters=self.parameters)
  File "/home/airflow/.local/lib/python3.7/site-packages/airflow/hooks/dbapi.py", line 181, in run
    with closing(self.get_conn()) as conn:
  File "/home/airflow/.local/lib/python3.7/site-packages/airflow/providers/postgres/hooks/postgres.py", line 86, in get_conn
    conn = deepcopy(self.connection or self.get_connection(conn_id))
  File "/home/airflow/.local/lib/python3.7/site-packages/airflow/hooks/base.py", line 67, in get_connection
    conn = Connection.get_connection_from_secrets(conn_id)
  File "/home/airflow/.local/lib/python3.7/site-packages/airflow/models/connection.py", line 430, in get_connection_from_secrets
    raise AirflowNotFoundException(f"The conn_id `{conn_id}` isn't defined")
airflow.exceptions.AirflowNotFoundException: The conn_id `postgres_localhost` isn't defined
[2022-07-31 13:30:02,570] {taskinstance.py:1400} INFO - Marking task as UP_FOR_RETRY. dag_id=dag_with_postgres_operator, task_id=create_postgres_table, execution_date=20220103T000000, start_date=20220731T133002, end_date=20220731T133002
[2022-07-31 13:30:02,595] {standard_task_runner.py:97} ERROR - Failed to execute job 80 for task create_postgres_table (The conn_id `postgres_localhost` isn't defined; 1841)
[2022-07-31 13:30:02,642] {local_task_job.py:156} INFO - Task exited with return code 1
[2022-07-31 13:30:02,687] {local_task_job.py:273} INFO - 0 downstream tasks scheduled from follow-on schedule check
