[2022-07-29 12:22:49,947] {taskinstance.py:1159} INFO - Dependencies all met for <TaskInstance: dag_with_cron_expression.task1 scheduled__2022-07-14T03:00:00+00:00 [queued]>
[2022-07-29 12:22:49,959] {taskinstance.py:1159} INFO - Dependencies all met for <TaskInstance: dag_with_cron_expression.task1 scheduled__2022-07-14T03:00:00+00:00 [queued]>
[2022-07-29 12:22:49,959] {taskinstance.py:1356} INFO - 
--------------------------------------------------------------------------------
[2022-07-29 12:22:49,959] {taskinstance.py:1357} INFO - Starting attempt 1 of 6
[2022-07-29 12:22:49,959] {taskinstance.py:1358} INFO - 
--------------------------------------------------------------------------------
[2022-07-29 12:22:49,976] {taskinstance.py:1377} INFO - Executing <Task(BashOperator): task1> on 2022-07-14 03:00:00+00:00
[2022-07-29 12:22:49,980] {standard_task_runner.py:52} INFO - Started process 11484 to run task
[2022-07-29 12:22:49,983] {standard_task_runner.py:79} INFO - Running: ['***', 'tasks', 'run', 'dag_with_cron_expression', 'task1', 'scheduled__2022-07-14T03:00:00+00:00', '--job-id', '2283', '--raw', '--subdir', 'DAGS_FOLDER/DagWithCronExpression.py', '--cfg-path', '/tmp/tmppdr4c47c', '--error-file', '/tmp/tmpf_ntyprc']
[2022-07-29 12:22:49,983] {standard_task_runner.py:80} INFO - Job 2283: Subtask task1
[2022-07-29 12:22:50,051] {task_command.py:369} INFO - Running <TaskInstance: dag_with_cron_expression.task1 scheduled__2022-07-14T03:00:00+00:00 [running]> on host 9f0f006fc89d
[2022-07-29 12:22:50,146] {taskinstance.py:1571} INFO - Exporting the following env vars:
AIRFLOW_CTX_DAG_OWNER=yosr
AIRFLOW_CTX_DAG_ID=dag_with_cron_expression
AIRFLOW_CTX_TASK_ID=task1
AIRFLOW_CTX_EXECUTION_DATE=2022-07-14T03:00:00+00:00
AIRFLOW_CTX_TRY_NUMBER=1
AIRFLOW_CTX_DAG_RUN_ID=scheduled__2022-07-14T03:00:00+00:00
[2022-07-29 12:22:50,147] {subprocess.py:62} INFO - Tmp dir root location: 
 /tmp
[2022-07-29 12:22:50,148] {subprocess.py:74} INFO - Running command: ['bash', '-c', 'echo dag with cron expression!']
[2022-07-29 12:22:50,157] {subprocess.py:85} INFO - Output:
[2022-07-29 12:22:50,159] {subprocess.py:92} INFO - dag with cron expression!
[2022-07-29 12:22:50,160] {subprocess.py:96} INFO - Command exited with return code 0
[2022-07-29 12:22:50,195] {taskinstance.py:1400} INFO - Marking task as SUCCESS. dag_id=dag_with_cron_expression, task_id=task1, execution_date=20220714T030000, start_date=20220729T122249, end_date=20220729T122250
[2022-07-29 12:22:50,242] {local_task_job.py:156} INFO - Task exited with return code 0
[2022-07-29 12:22:50,280] {local_task_job.py:273} INFO - 0 downstream tasks scheduled from follow-on schedule check
