[2022-07-29 10:54:54,732] {taskinstance.py:1159} INFO - Dependencies all met for <TaskInstance: Second_one.second_task scheduled__2021-12-19T00:00:00+00:00 [queued]>
[2022-07-29 10:54:54,750] {taskinstance.py:1159} INFO - Dependencies all met for <TaskInstance: Second_one.second_task scheduled__2021-12-19T00:00:00+00:00 [queued]>
[2022-07-29 10:54:54,750] {taskinstance.py:1356} INFO - 
--------------------------------------------------------------------------------
[2022-07-29 10:54:54,750] {taskinstance.py:1357} INFO - Starting attempt 1 of 6
[2022-07-29 10:54:54,750] {taskinstance.py:1358} INFO - 
--------------------------------------------------------------------------------
[2022-07-29 10:54:54,775] {taskinstance.py:1377} INFO - Executing <Task(BashOperator): second_task> on 2021-12-19 00:00:00+00:00
[2022-07-29 10:54:54,780] {standard_task_runner.py:52} INFO - Started process 2860 to run task
[2022-07-29 10:54:54,784] {standard_task_runner.py:79} INFO - Running: ['***', 'tasks', 'run', 'Second_one', 'second_task', 'scheduled__2021-12-19T00:00:00+00:00', '--job-id', '168', '--raw', '--subdir', 'DAGS_FOLDER/Second_One.py', '--cfg-path', '/tmp/tmpcwcd78hf', '--error-file', '/tmp/tmpqn8vajfg']
[2022-07-29 10:54:54,785] {standard_task_runner.py:80} INFO - Job 168: Subtask second_task
[2022-07-29 10:54:54,884] {task_command.py:369} INFO - Running <TaskInstance: Second_one.second_task scheduled__2021-12-19T00:00:00+00:00 [running]> on host 9f0f006fc89d
[2022-07-29 10:54:55,061] {taskinstance.py:1571} INFO - Exporting the following env vars:
AIRFLOW_CTX_DAG_OWNER=yosr
AIRFLOW_CTX_DAG_ID=Second_one
AIRFLOW_CTX_TASK_ID=second_task
AIRFLOW_CTX_EXECUTION_DATE=2021-12-19T00:00:00+00:00
AIRFLOW_CTX_TRY_NUMBER=1
AIRFLOW_CTX_DAG_RUN_ID=scheduled__2021-12-19T00:00:00+00:00
[2022-07-29 10:54:55,063] {subprocess.py:62} INFO - Tmp dir root location: 
 /tmp
[2022-07-29 10:54:55,064] {subprocess.py:74} INFO - Running command: ['bash', '-c', 'echo hello world']
[2022-07-29 10:54:55,078] {subprocess.py:85} INFO - Output:
[2022-07-29 10:54:55,080] {subprocess.py:92} INFO - hello world
[2022-07-29 10:54:55,081] {subprocess.py:96} INFO - Command exited with return code 0
[2022-07-29 10:54:55,152] {taskinstance.py:1400} INFO - Marking task as SUCCESS. dag_id=Second_one, task_id=second_task, execution_date=20211219T000000, start_date=20220729T105454, end_date=20220729T105455
[2022-07-29 10:54:55,218] {local_task_job.py:156} INFO - Task exited with return code 0
[2022-07-29 10:54:55,296] {local_task_job.py:273} INFO - 0 downstream tasks scheduled from follow-on schedule check
