[2022-07-30 18:28:53,594] {taskinstance.py:1159} INFO - Dependencies all met for <TaskInstance: dag_with_postgres_operator.create_postgres_table scheduled__2022-01-06T00:00:00+00:00 [queued]>
[2022-07-30 18:28:53,616] {taskinstance.py:1159} INFO - Dependencies all met for <TaskInstance: dag_with_postgres_operator.create_postgres_table scheduled__2022-01-06T00:00:00+00:00 [queued]>
[2022-07-30 18:28:53,616] {taskinstance.py:1356} INFO - 
--------------------------------------------------------------------------------
[2022-07-30 18:28:53,616] {taskinstance.py:1357} INFO - Starting attempt 6 of 6
[2022-07-30 18:28:53,616] {taskinstance.py:1358} INFO - 
--------------------------------------------------------------------------------
[2022-07-30 18:28:53,639] {taskinstance.py:1377} INFO - Executing <Task(PostgresOperator): create_postgres_table> on 2022-01-06 00:00:00+00:00
[2022-07-30 18:28:53,646] {standard_task_runner.py:52} INFO - Started process 3055 to run task
[2022-07-30 18:28:53,655] {standard_task_runner.py:79} INFO - Running: ['***', 'tasks', 'run', 'dag_with_postgres_operator', 'create_postgres_table', 'scheduled__2022-01-06T00:00:00+00:00', '--job-id', '182', '--raw', '--subdir', 'DAGS_FOLDER/DAGWithPostgresOperator.py', '--cfg-path', '/tmp/tmpiy7ux2fg', '--error-file', '/tmp/tmp2zhr6ob9']
[2022-07-30 18:28:53,656] {standard_task_runner.py:80} INFO - Job 182: Subtask create_postgres_table
[2022-07-30 18:28:53,767] {task_command.py:369} INFO - Running <TaskInstance: dag_with_postgres_operator.create_postgres_table scheduled__2022-01-06T00:00:00+00:00 [running]> on host 66bf18ec08cc
[2022-07-30 18:28:53,890] {taskinstance.py:1571} INFO - Exporting the following env vars:
AIRFLOW_CTX_DAG_OWNER=yosr
AIRFLOW_CTX_DAG_ID=dag_with_postgres_operator
AIRFLOW_CTX_TASK_ID=create_postgres_table
AIRFLOW_CTX_EXECUTION_DATE=2022-01-06T00:00:00+00:00
AIRFLOW_CTX_TRY_NUMBER=6
AIRFLOW_CTX_DAG_RUN_ID=scheduled__2022-01-06T00:00:00+00:00
[2022-07-30 18:28:53,918] {base.py:68} INFO - Using connection ID 'postgres_localhost' for task execution.
[2022-07-30 18:28:53,920] {taskinstance.py:1889} ERROR - Task failed with exception
Traceback (most recent call last):
  File "/home/airflow/.local/lib/python3.7/site-packages/airflow/providers/postgres/operators/postgres.py", line 92, in execute
    self.hook.run(self.sql, self.autocommit, parameters=self.parameters)
  File "/home/airflow/.local/lib/python3.7/site-packages/airflow/hooks/dbapi.py", line 181, in run
    with closing(self.get_conn()) as conn:
  File "/home/airflow/.local/lib/python3.7/site-packages/airflow/providers/postgres/hooks/postgres.py", line 113, in get_conn
    self.conn = psycopg2.connect(**conn_args)
  File "/home/airflow/.local/lib/python3.7/site-packages/psycopg2/__init__.py", line 122, in connect
    conn = _connect(dsn, connection_factory=connection_factory, **kwasync)
psycopg2.OperationalError: could not translate host name "host.docker.internal " to address: Name or service not known

[2022-07-30 18:28:53,951] {taskinstance.py:1400} INFO - Marking task as FAILED. dag_id=dag_with_postgres_operator, task_id=create_postgres_table, execution_date=20220106T000000, start_date=20220730T182853, end_date=20220730T182853
[2022-07-30 18:28:53,991] {standard_task_runner.py:97} ERROR - Failed to execute job 182 for task create_postgres_table (could not translate host name "host.docker.internal " to address: Name or service not known
; 3055)
[2022-07-30 18:28:54,036] {local_task_job.py:156} INFO - Task exited with return code 1
[2022-07-30 18:28:54,145] {local_task_job.py:273} INFO - 0 downstream tasks scheduled from follow-on schedule check
[2022-07-31 00:35:06,210] {taskinstance.py:1159} INFO - Dependencies all met for <TaskInstance: dag_with_postgres_operator.create_postgres_table scheduled__2022-01-06T00:00:00+00:00 [queued]>
[2022-07-31 00:35:06,230] {taskinstance.py:1159} INFO - Dependencies all met for <TaskInstance: dag_with_postgres_operator.create_postgres_table scheduled__2022-01-06T00:00:00+00:00 [queued]>
[2022-07-31 00:35:06,230] {taskinstance.py:1356} INFO - 
--------------------------------------------------------------------------------
[2022-07-31 00:35:06,231] {taskinstance.py:1357} INFO - Starting attempt 6 of 6
[2022-07-31 00:35:06,232] {taskinstance.py:1358} INFO - 
--------------------------------------------------------------------------------
[2022-07-31 00:35:06,260] {taskinstance.py:1377} INFO - Executing <Task(PostgresOperator): create_postgres_table> on 2022-01-06 00:00:00+00:00
[2022-07-31 00:35:06,266] {standard_task_runner.py:52} INFO - Started process 6974 to run task
[2022-07-31 00:35:06,269] {standard_task_runner.py:79} INFO - Running: ['***', 'tasks', 'run', 'dag_with_postgres_operator', 'create_postgres_table', 'scheduled__2022-01-06T00:00:00+00:00', '--job-id', '1189', '--raw', '--subdir', 'DAGS_FOLDER/DAGWithPostgresOperator.py', '--cfg-path', '/tmp/tmp12021jgz', '--error-file', '/tmp/tmp63u1_b71']
[2022-07-31 00:35:06,269] {standard_task_runner.py:80} INFO - Job 1189: Subtask create_postgres_table
[2022-07-31 00:35:06,363] {task_command.py:369} INFO - Running <TaskInstance: dag_with_postgres_operator.create_postgres_table scheduled__2022-01-06T00:00:00+00:00 [running]> on host 66bf18ec08cc
[2022-07-31 00:35:06,487] {taskinstance.py:1571} INFO - Exporting the following env vars:
AIRFLOW_CTX_DAG_OWNER=yosr
AIRFLOW_CTX_DAG_ID=dag_with_postgres_operator
AIRFLOW_CTX_TASK_ID=create_postgres_table
AIRFLOW_CTX_EXECUTION_DATE=2022-01-06T00:00:00+00:00
AIRFLOW_CTX_TRY_NUMBER=6
AIRFLOW_CTX_DAG_RUN_ID=scheduled__2022-01-06T00:00:00+00:00
[2022-07-31 00:35:06,511] {base.py:68} INFO - Using connection ID 'postgres_localhost' for task execution.
[2022-07-31 00:35:06,513] {taskinstance.py:1889} ERROR - Task failed with exception
Traceback (most recent call last):
  File "/home/airflow/.local/lib/python3.7/site-packages/airflow/providers/postgres/operators/postgres.py", line 92, in execute
    self.hook.run(self.sql, self.autocommit, parameters=self.parameters)
  File "/home/airflow/.local/lib/python3.7/site-packages/airflow/hooks/dbapi.py", line 181, in run
    with closing(self.get_conn()) as conn:
  File "/home/airflow/.local/lib/python3.7/site-packages/airflow/providers/postgres/hooks/postgres.py", line 113, in get_conn
    self.conn = psycopg2.connect(**conn_args)
  File "/home/airflow/.local/lib/python3.7/site-packages/psycopg2/__init__.py", line 122, in connect
    conn = _connect(dsn, connection_factory=connection_factory, **kwasync)
psycopg2.OperationalError: could not translate host name "host.docker.local " to address: Name or service not known

[2022-07-31 00:35:06,538] {taskinstance.py:1400} INFO - Marking task as FAILED. dag_id=dag_with_postgres_operator, task_id=create_postgres_table, execution_date=20220106T000000, start_date=20220731T003506, end_date=20220731T003506
[2022-07-31 00:35:06,561] {standard_task_runner.py:97} ERROR - Failed to execute job 1189 for task create_postgres_table (could not translate host name "host.docker.local " to address: Name or service not known
; 6974)
[2022-07-31 00:35:06,581] {local_task_job.py:156} INFO - Task exited with return code 1
[2022-07-31 00:35:06,659] {local_task_job.py:273} INFO - 0 downstream tasks scheduled from follow-on schedule check
[2022-07-31 11:29:46,950] {taskinstance.py:1159} INFO - Dependencies all met for <TaskInstance: dag_with_postgres_operator.create_postgres_table scheduled__2022-01-06T00:00:00+00:00 [queued]>
[2022-07-31 11:29:46,970] {taskinstance.py:1159} INFO - Dependencies all met for <TaskInstance: dag_with_postgres_operator.create_postgres_table scheduled__2022-01-06T00:00:00+00:00 [queued]>
[2022-07-31 11:29:46,970] {taskinstance.py:1356} INFO - 
--------------------------------------------------------------------------------
[2022-07-31 11:29:46,970] {taskinstance.py:1357} INFO - Starting attempt 6 of 6
[2022-07-31 11:29:46,971] {taskinstance.py:1358} INFO - 
--------------------------------------------------------------------------------
[2022-07-31 11:29:46,995] {taskinstance.py:1377} INFO - Executing <Task(PostgresOperator): create_postgres_table> on 2022-01-06 00:00:00+00:00
[2022-07-31 11:29:47,001] {standard_task_runner.py:52} INFO - Started process 5921 to run task
[2022-07-31 11:29:47,004] {standard_task_runner.py:79} INFO - Running: ['***', 'tasks', 'run', 'dag_with_postgres_operator', 'create_postgres_table', 'scheduled__2022-01-06T00:00:00+00:00', '--job-id', '1647', '--raw', '--subdir', 'DAGS_FOLDER/DAGWithPostgresOperator.py', '--cfg-path', '/tmp/tmpe7fzuy_m', '--error-file', '/tmp/tmpu_m93n2g']
[2022-07-31 11:29:47,004] {standard_task_runner.py:80} INFO - Job 1647: Subtask create_postgres_table
[2022-07-31 11:29:47,102] {task_command.py:369} INFO - Running <TaskInstance: dag_with_postgres_operator.create_postgres_table scheduled__2022-01-06T00:00:00+00:00 [running]> on host 66bf18ec08cc
[2022-07-31 11:29:47,216] {taskinstance.py:1571} INFO - Exporting the following env vars:
AIRFLOW_CTX_DAG_OWNER=yosr
AIRFLOW_CTX_DAG_ID=dag_with_postgres_operator
AIRFLOW_CTX_TASK_ID=create_postgres_table
AIRFLOW_CTX_EXECUTION_DATE=2022-01-06T00:00:00+00:00
AIRFLOW_CTX_TRY_NUMBER=6
AIRFLOW_CTX_DAG_RUN_ID=scheduled__2022-01-06T00:00:00+00:00
[2022-07-31 11:29:47,237] {base.py:68} INFO - Using connection ID 'postgres_localhost' for task execution.
[2022-07-31 11:30:12,263] {taskinstance.py:1889} ERROR - Task failed with exception
Traceback (most recent call last):
  File "/home/airflow/.local/lib/python3.7/site-packages/airflow/providers/postgres/operators/postgres.py", line 92, in execute
    self.hook.run(self.sql, self.autocommit, parameters=self.parameters)
  File "/home/airflow/.local/lib/python3.7/site-packages/airflow/hooks/dbapi.py", line 181, in run
    with closing(self.get_conn()) as conn:
  File "/home/airflow/.local/lib/python3.7/site-packages/airflow/providers/postgres/hooks/postgres.py", line 113, in get_conn
    self.conn = psycopg2.connect(**conn_args)
  File "/home/airflow/.local/lib/python3.7/site-packages/psycopg2/__init__.py", line 122, in connect
    conn = _connect(dsn, connection_factory=connection_factory, **kwasync)
psycopg2.OperationalError: could not translate host name "host.docker.internal" to address: Temporary failure in name resolution

[2022-07-31 11:30:12,308] {taskinstance.py:1400} INFO - Marking task as FAILED. dag_id=dag_with_postgres_operator, task_id=create_postgres_table, execution_date=20220106T000000, start_date=20220731T112946, end_date=20220731T113012
[2022-07-31 11:30:12,403] {standard_task_runner.py:97} ERROR - Failed to execute job 1647 for task create_postgres_table (could not translate host name "host.docker.internal" to address: Temporary failure in name resolution
; 5921)
[2022-07-31 11:30:12,434] {local_task_job.py:156} INFO - Task exited with return code 1
[2022-07-31 11:30:12,497] {local_task_job.py:273} INFO - 0 downstream tasks scheduled from follow-on schedule check
[2022-07-31 14:00:12,341] {taskinstance.py:1159} INFO - Dependencies all met for <TaskInstance: dag_with_postgres_operator.create_postgres_table scheduled__2022-01-06T00:00:00+00:00 [queued]>
[2022-07-31 14:00:12,378] {taskinstance.py:1159} INFO - Dependencies all met for <TaskInstance: dag_with_postgres_operator.create_postgres_table scheduled__2022-01-06T00:00:00+00:00 [queued]>
[2022-07-31 14:00:12,379] {taskinstance.py:1356} INFO - 
--------------------------------------------------------------------------------
[2022-07-31 14:00:12,379] {taskinstance.py:1357} INFO - Starting attempt 6 of 6
[2022-07-31 14:00:12,379] {taskinstance.py:1358} INFO - 
--------------------------------------------------------------------------------
[2022-07-31 14:00:12,405] {taskinstance.py:1377} INFO - Executing <Task(PostgresOperator): create_postgres_table> on 2022-01-06 00:00:00+00:00
[2022-07-31 14:00:12,410] {standard_task_runner.py:52} INFO - Started process 3447 to run task
[2022-07-31 14:00:12,414] {standard_task_runner.py:79} INFO - Running: ['***', 'tasks', 'run', 'dag_with_postgres_operator', 'create_postgres_table', 'scheduled__2022-01-06T00:00:00+00:00', '--job-id', '180', '--raw', '--subdir', 'DAGS_FOLDER/DAGWithPostgresOperator.py', '--cfg-path', '/tmp/tmp8uct0bbg', '--error-file', '/tmp/tmpty612977']
[2022-07-31 14:00:12,414] {standard_task_runner.py:80} INFO - Job 180: Subtask create_postgres_table
[2022-07-31 14:00:12,504] {task_command.py:369} INFO - Running <TaskInstance: dag_with_postgres_operator.create_postgres_table scheduled__2022-01-06T00:00:00+00:00 [running]> on host 4688dd3b7141
[2022-07-31 14:00:12,657] {taskinstance.py:1571} INFO - Exporting the following env vars:
AIRFLOW_CTX_DAG_OWNER=yosr
AIRFLOW_CTX_DAG_ID=dag_with_postgres_operator
AIRFLOW_CTX_TASK_ID=create_postgres_table
AIRFLOW_CTX_EXECUTION_DATE=2022-01-06T00:00:00+00:00
AIRFLOW_CTX_TRY_NUMBER=6
AIRFLOW_CTX_DAG_RUN_ID=scheduled__2022-01-06T00:00:00+00:00
[2022-07-31 14:00:12,722] {taskinstance.py:1889} ERROR - Task failed with exception
Traceback (most recent call last):
  File "/home/airflow/.local/lib/python3.7/site-packages/airflow/providers/postgres/operators/postgres.py", line 92, in execute
    self.hook.run(self.sql, self.autocommit, parameters=self.parameters)
  File "/home/airflow/.local/lib/python3.7/site-packages/airflow/hooks/dbapi.py", line 181, in run
    with closing(self.get_conn()) as conn:
  File "/home/airflow/.local/lib/python3.7/site-packages/airflow/providers/postgres/hooks/postgres.py", line 86, in get_conn
    conn = deepcopy(self.connection or self.get_connection(conn_id))
  File "/home/airflow/.local/lib/python3.7/site-packages/airflow/hooks/base.py", line 67, in get_connection
    conn = Connection.get_connection_from_secrets(conn_id)
  File "/home/airflow/.local/lib/python3.7/site-packages/airflow/models/connection.py", line 430, in get_connection_from_secrets
    raise AirflowNotFoundException(f"The conn_id `{conn_id}` isn't defined")
airflow.exceptions.AirflowNotFoundException: The conn_id `postgres_localhost` isn't defined
[2022-07-31 14:00:12,728] {taskinstance.py:1400} INFO - Marking task as FAILED. dag_id=dag_with_postgres_operator, task_id=create_postgres_table, execution_date=20220106T000000, start_date=20220731T140012, end_date=20220731T140012
[2022-07-31 14:00:12,748] {standard_task_runner.py:97} ERROR - Failed to execute job 180 for task create_postgres_table (The conn_id `postgres_localhost` isn't defined; 3447)
[2022-07-31 14:00:12,758] {local_task_job.py:156} INFO - Task exited with return code 1
[2022-07-31 14:00:12,813] {local_task_job.py:273} INFO - 0 downstream tasks scheduled from follow-on schedule check
