[2022-07-30 19:09:20,286] {taskinstance.py:1159} INFO - Dependencies all met for <TaskInstance: dag_with_postgres_operator.create_postgres_table scheduled__2022-02-11T00:00:00+00:00 [queued]>
[2022-07-30 19:09:20,298] {taskinstance.py:1159} INFO - Dependencies all met for <TaskInstance: dag_with_postgres_operator.create_postgres_table scheduled__2022-02-11T00:00:00+00:00 [queued]>
[2022-07-30 19:09:20,299] {taskinstance.py:1356} INFO - 
--------------------------------------------------------------------------------
[2022-07-30 19:09:20,299] {taskinstance.py:1357} INFO - Starting attempt 4 of 6
[2022-07-30 19:09:20,299] {taskinstance.py:1358} INFO - 
--------------------------------------------------------------------------------
[2022-07-30 19:09:20,313] {taskinstance.py:1377} INFO - Executing <Task(PostgresOperator): create_postgres_table> on 2022-02-11 00:00:00+00:00
[2022-07-30 19:09:20,318] {standard_task_runner.py:52} INFO - Started process 5259 to run task
[2022-07-30 19:09:20,322] {standard_task_runner.py:79} INFO - Running: ['***', 'tasks', 'run', 'dag_with_postgres_operator', 'create_postgres_table', 'scheduled__2022-02-11T00:00:00+00:00', '--job-id', '344', '--raw', '--subdir', 'DAGS_FOLDER/DAGWithPostgresOperator.py', '--cfg-path', '/tmp/tmpn3jrhol9', '--error-file', '/tmp/tmp2094wb5y']
[2022-07-30 19:09:20,322] {standard_task_runner.py:80} INFO - Job 344: Subtask create_postgres_table
[2022-07-30 19:09:20,387] {task_command.py:369} INFO - Running <TaskInstance: dag_with_postgres_operator.create_postgres_table scheduled__2022-02-11T00:00:00+00:00 [running]> on host 66bf18ec08cc
[2022-07-30 19:09:20,463] {taskinstance.py:1571} INFO - Exporting the following env vars:
AIRFLOW_CTX_DAG_OWNER=yosr
AIRFLOW_CTX_DAG_ID=dag_with_postgres_operator
AIRFLOW_CTX_TASK_ID=create_postgres_table
AIRFLOW_CTX_EXECUTION_DATE=2022-02-11T00:00:00+00:00
AIRFLOW_CTX_TRY_NUMBER=4
AIRFLOW_CTX_DAG_RUN_ID=scheduled__2022-02-11T00:00:00+00:00
[2022-07-30 19:09:20,476] {base.py:68} INFO - Using connection ID 'postgres_localhost' for task execution.
[2022-07-30 19:09:20,477] {taskinstance.py:1889} ERROR - Task failed with exception
Traceback (most recent call last):
  File "/home/airflow/.local/lib/python3.7/site-packages/airflow/providers/postgres/operators/postgres.py", line 92, in execute
    self.hook.run(self.sql, self.autocommit, parameters=self.parameters)
  File "/home/airflow/.local/lib/python3.7/site-packages/airflow/hooks/dbapi.py", line 181, in run
    with closing(self.get_conn()) as conn:
  File "/home/airflow/.local/lib/python3.7/site-packages/airflow/providers/postgres/hooks/postgres.py", line 113, in get_conn
    self.conn = psycopg2.connect(**conn_args)
  File "/home/airflow/.local/lib/python3.7/site-packages/psycopg2/__init__.py", line 122, in connect
    conn = _connect(dsn, connection_factory=connection_factory, **kwasync)
psycopg2.OperationalError: could not translate host name "host.docker.internal " to address: Name or service not known

[2022-07-30 19:09:20,489] {taskinstance.py:1400} INFO - Marking task as UP_FOR_RETRY. dag_id=dag_with_postgres_operator, task_id=create_postgres_table, execution_date=20220211T000000, start_date=20220730T190920, end_date=20220730T190920
[2022-07-30 19:09:20,505] {standard_task_runner.py:97} ERROR - Failed to execute job 344 for task create_postgres_table (could not translate host name "host.docker.internal " to address: Name or service not known
; 5259)
[2022-07-30 19:09:20,540] {local_task_job.py:156} INFO - Task exited with return code 1
[2022-07-30 19:09:20,588] {local_task_job.py:273} INFO - 0 downstream tasks scheduled from follow-on schedule check
[2022-07-31 10:11:35,946] {taskinstance.py:1159} INFO - Dependencies all met for <TaskInstance: dag_with_postgres_operator.create_postgres_table scheduled__2022-02-11T00:00:00+00:00 [queued]>
[2022-07-31 10:11:35,974] {taskinstance.py:1159} INFO - Dependencies all met for <TaskInstance: dag_with_postgres_operator.create_postgres_table scheduled__2022-02-11T00:00:00+00:00 [queued]>
[2022-07-31 10:11:35,974] {taskinstance.py:1356} INFO - 
--------------------------------------------------------------------------------
[2022-07-31 10:11:35,974] {taskinstance.py:1357} INFO - Starting attempt 4 of 6
[2022-07-31 10:11:35,974] {taskinstance.py:1358} INFO - 
--------------------------------------------------------------------------------
[2022-07-31 10:11:35,997] {taskinstance.py:1377} INFO - Executing <Task(PostgresOperator): create_postgres_table> on 2022-02-11 00:00:00+00:00
[2022-07-31 10:11:36,001] {standard_task_runner.py:52} INFO - Started process 1728 to run task
[2022-07-31 10:11:36,004] {standard_task_runner.py:79} INFO - Running: ['***', 'tasks', 'run', 'dag_with_postgres_operator', 'create_postgres_table', 'scheduled__2022-02-11T00:00:00+00:00', '--job-id', '1356', '--raw', '--subdir', 'DAGS_FOLDER/DAGWithPostgresOperator.py', '--cfg-path', '/tmp/tmpddza6a2a', '--error-file', '/tmp/tmp50gatlua']
[2022-07-31 10:11:36,005] {standard_task_runner.py:80} INFO - Job 1356: Subtask create_postgres_table
[2022-07-31 10:11:36,081] {task_command.py:369} INFO - Running <TaskInstance: dag_with_postgres_operator.create_postgres_table scheduled__2022-02-11T00:00:00+00:00 [running]> on host 66bf18ec08cc
[2022-07-31 10:11:36,172] {taskinstance.py:1571} INFO - Exporting the following env vars:
AIRFLOW_CTX_DAG_OWNER=yosr
AIRFLOW_CTX_DAG_ID=dag_with_postgres_operator
AIRFLOW_CTX_TASK_ID=create_postgres_table
AIRFLOW_CTX_EXECUTION_DATE=2022-02-11T00:00:00+00:00
AIRFLOW_CTX_TRY_NUMBER=4
AIRFLOW_CTX_DAG_RUN_ID=scheduled__2022-02-11T00:00:00+00:00
[2022-07-31 10:11:36,188] {base.py:68} INFO - Using connection ID 'postgres_localhost' for task execution.
[2022-07-31 10:11:36,189] {taskinstance.py:1889} ERROR - Task failed with exception
Traceback (most recent call last):
  File "/home/airflow/.local/lib/python3.7/site-packages/airflow/providers/postgres/operators/postgres.py", line 92, in execute
    self.hook.run(self.sql, self.autocommit, parameters=self.parameters)
  File "/home/airflow/.local/lib/python3.7/site-packages/airflow/hooks/dbapi.py", line 181, in run
    with closing(self.get_conn()) as conn:
  File "/home/airflow/.local/lib/python3.7/site-packages/airflow/providers/postgres/hooks/postgres.py", line 113, in get_conn
    self.conn = psycopg2.connect(**conn_args)
  File "/home/airflow/.local/lib/python3.7/site-packages/psycopg2/__init__.py", line 122, in connect
    conn = _connect(dsn, connection_factory=connection_factory, **kwasync)
psycopg2.OperationalError: could not translate host name "host.docker.local " to address: Name or service not known

[2022-07-31 10:11:36,205] {taskinstance.py:1400} INFO - Marking task as UP_FOR_RETRY. dag_id=dag_with_postgres_operator, task_id=create_postgres_table, execution_date=20220211T000000, start_date=20220731T101135, end_date=20220731T101136
[2022-07-31 10:11:36,226] {standard_task_runner.py:97} ERROR - Failed to execute job 1356 for task create_postgres_table (could not translate host name "host.docker.local " to address: Name or service not known
; 1728)
[2022-07-31 10:11:36,265] {local_task_job.py:156} INFO - Task exited with return code 1
[2022-07-31 10:11:36,332] {local_task_job.py:273} INFO - 0 downstream tasks scheduled from follow-on schedule check
[2022-07-31 14:40:49,456] {taskinstance.py:1159} INFO - Dependencies all met for <TaskInstance: dag_with_postgres_operator.create_postgres_table scheduled__2022-02-11T00:00:00+00:00 [queued]>
[2022-07-31 14:40:49,482] {taskinstance.py:1159} INFO - Dependencies all met for <TaskInstance: dag_with_postgres_operator.create_postgres_table scheduled__2022-02-11T00:00:00+00:00 [queued]>
[2022-07-31 14:40:49,482] {taskinstance.py:1356} INFO - 
--------------------------------------------------------------------------------
[2022-07-31 14:40:49,482] {taskinstance.py:1357} INFO - Starting attempt 4 of 6
[2022-07-31 14:40:49,482] {taskinstance.py:1358} INFO - 
--------------------------------------------------------------------------------
[2022-07-31 14:40:49,503] {taskinstance.py:1377} INFO - Executing <Task(PostgresOperator): create_postgres_table> on 2022-02-11 00:00:00+00:00
[2022-07-31 14:40:49,508] {standard_task_runner.py:52} INFO - Started process 5656 to run task
[2022-07-31 14:40:49,511] {standard_task_runner.py:79} INFO - Running: ['***', 'tasks', 'run', 'dag_with_postgres_operator', 'create_postgres_table', 'scheduled__2022-02-11T00:00:00+00:00', '--job-id', '341', '--raw', '--subdir', 'DAGS_FOLDER/DAGWithPostgresOperator.py', '--cfg-path', '/tmp/tmpifi1apma', '--error-file', '/tmp/tmpos1cwsww']
[2022-07-31 14:40:49,512] {standard_task_runner.py:80} INFO - Job 341: Subtask create_postgres_table
[2022-07-31 14:40:49,598] {task_command.py:369} INFO - Running <TaskInstance: dag_with_postgres_operator.create_postgres_table scheduled__2022-02-11T00:00:00+00:00 [running]> on host 4688dd3b7141
[2022-07-31 14:40:49,721] {taskinstance.py:1571} INFO - Exporting the following env vars:
AIRFLOW_CTX_DAG_OWNER=yosr
AIRFLOW_CTX_DAG_ID=dag_with_postgres_operator
AIRFLOW_CTX_TASK_ID=create_postgres_table
AIRFLOW_CTX_EXECUTION_DATE=2022-02-11T00:00:00+00:00
AIRFLOW_CTX_TRY_NUMBER=4
AIRFLOW_CTX_DAG_RUN_ID=scheduled__2022-02-11T00:00:00+00:00
[2022-07-31 14:40:49,738] {base.py:68} INFO - Using connection ID 'postgres_localhost' for task execution.
[2022-07-31 14:41:04,754] {taskinstance.py:1889} ERROR - Task failed with exception
Traceback (most recent call last):
  File "/home/airflow/.local/lib/python3.7/site-packages/airflow/providers/postgres/operators/postgres.py", line 92, in execute
    self.hook.run(self.sql, self.autocommit, parameters=self.parameters)
  File "/home/airflow/.local/lib/python3.7/site-packages/airflow/hooks/dbapi.py", line 181, in run
    with closing(self.get_conn()) as conn:
  File "/home/airflow/.local/lib/python3.7/site-packages/airflow/providers/postgres/hooks/postgres.py", line 113, in get_conn
    self.conn = psycopg2.connect(**conn_args)
  File "/home/airflow/.local/lib/python3.7/site-packages/psycopg2/__init__.py", line 122, in connect
    conn = _connect(dsn, connection_factory=connection_factory, **kwasync)
psycopg2.OperationalError: could not translate host name "host.docker.local" to address: Temporary failure in name resolution

[2022-07-31 14:41:04,769] {taskinstance.py:1400} INFO - Marking task as UP_FOR_RETRY. dag_id=dag_with_postgres_operator, task_id=create_postgres_table, execution_date=20220211T000000, start_date=20220731T144049, end_date=20220731T144104
[2022-07-31 14:41:04,785] {standard_task_runner.py:97} ERROR - Failed to execute job 341 for task create_postgres_table (could not translate host name "host.docker.local" to address: Temporary failure in name resolution
; 5656)
[2022-07-31 14:41:04,824] {local_task_job.py:156} INFO - Task exited with return code 1
[2022-07-31 14:41:05,002] {local_task_job.py:273} INFO - 0 downstream tasks scheduled from follow-on schedule check
