[2022-07-30 18:54:16,905] {taskinstance.py:1159} INFO - Dependencies all met for <TaskInstance: dag_with_postgres_operator.create_postgres_table scheduled__2022-02-11T00:00:00+00:00 [queued]>
[2022-07-30 18:54:16,920] {taskinstance.py:1159} INFO - Dependencies all met for <TaskInstance: dag_with_postgres_operator.create_postgres_table scheduled__2022-02-11T00:00:00+00:00 [queued]>
[2022-07-30 18:54:16,921] {taskinstance.py:1356} INFO - 
--------------------------------------------------------------------------------
[2022-07-30 18:54:16,921] {taskinstance.py:1357} INFO - Starting attempt 1 of 6
[2022-07-30 18:54:16,921] {taskinstance.py:1358} INFO - 
--------------------------------------------------------------------------------
[2022-07-30 18:54:16,944] {taskinstance.py:1377} INFO - Executing <Task(PostgresOperator): create_postgres_table> on 2022-02-11 00:00:00+00:00
[2022-07-30 18:54:16,950] {standard_task_runner.py:52} INFO - Started process 4464 to run task
[2022-07-30 18:54:16,953] {standard_task_runner.py:79} INFO - Running: ['***', 'tasks', 'run', 'dag_with_postgres_operator', 'create_postgres_table', 'scheduled__2022-02-11T00:00:00+00:00', '--job-id', '297', '--raw', '--subdir', 'DAGS_FOLDER/DAGWithPostgresOperator.py', '--cfg-path', '/tmp/tmpw32oyofk', '--error-file', '/tmp/tmphlgoyr_1']
[2022-07-30 18:54:16,954] {standard_task_runner.py:80} INFO - Job 297: Subtask create_postgres_table
[2022-07-30 18:54:17,047] {task_command.py:369} INFO - Running <TaskInstance: dag_with_postgres_operator.create_postgres_table scheduled__2022-02-11T00:00:00+00:00 [running]> on host 66bf18ec08cc
[2022-07-30 18:54:17,177] {taskinstance.py:1571} INFO - Exporting the following env vars:
AIRFLOW_CTX_DAG_OWNER=yosr
AIRFLOW_CTX_DAG_ID=dag_with_postgres_operator
AIRFLOW_CTX_TASK_ID=create_postgres_table
AIRFLOW_CTX_EXECUTION_DATE=2022-02-11T00:00:00+00:00
AIRFLOW_CTX_TRY_NUMBER=1
AIRFLOW_CTX_DAG_RUN_ID=scheduled__2022-02-11T00:00:00+00:00
[2022-07-30 18:54:17,193] {base.py:68} INFO - Using connection ID 'postgres_localhost' for task execution.
[2022-07-30 18:54:17,194] {taskinstance.py:1889} ERROR - Task failed with exception
Traceback (most recent call last):
  File "/home/airflow/.local/lib/python3.7/site-packages/airflow/providers/postgres/operators/postgres.py", line 92, in execute
    self.hook.run(self.sql, self.autocommit, parameters=self.parameters)
  File "/home/airflow/.local/lib/python3.7/site-packages/airflow/hooks/dbapi.py", line 181, in run
    with closing(self.get_conn()) as conn:
  File "/home/airflow/.local/lib/python3.7/site-packages/airflow/providers/postgres/hooks/postgres.py", line 113, in get_conn
    self.conn = psycopg2.connect(**conn_args)
  File "/home/airflow/.local/lib/python3.7/site-packages/psycopg2/__init__.py", line 122, in connect
    conn = _connect(dsn, connection_factory=connection_factory, **kwasync)
psycopg2.OperationalError: could not translate host name "host.docker.internal " to address: Name or service not known

[2022-07-30 18:54:17,209] {taskinstance.py:1400} INFO - Marking task as UP_FOR_RETRY. dag_id=dag_with_postgres_operator, task_id=create_postgres_table, execution_date=20220211T000000, start_date=20220730T185416, end_date=20220730T185417
[2022-07-30 18:54:17,226] {standard_task_runner.py:97} ERROR - Failed to execute job 297 for task create_postgres_table (could not translate host name "host.docker.internal " to address: Name or service not known
; 4464)
[2022-07-30 18:54:17,254] {local_task_job.py:156} INFO - Task exited with return code 1
[2022-07-30 18:54:17,317] {local_task_job.py:273} INFO - 0 downstream tasks scheduled from follow-on schedule check
[2022-07-31 09:56:32,864] {taskinstance.py:1159} INFO - Dependencies all met for <TaskInstance: dag_with_postgres_operator.create_postgres_table scheduled__2022-02-11T00:00:00+00:00 [queued]>
[2022-07-31 09:56:32,882] {taskinstance.py:1159} INFO - Dependencies all met for <TaskInstance: dag_with_postgres_operator.create_postgres_table scheduled__2022-02-11T00:00:00+00:00 [queued]>
[2022-07-31 09:56:32,882] {taskinstance.py:1356} INFO - 
--------------------------------------------------------------------------------
[2022-07-31 09:56:32,882] {taskinstance.py:1357} INFO - Starting attempt 1 of 6
[2022-07-31 09:56:32,882] {taskinstance.py:1358} INFO - 
--------------------------------------------------------------------------------
[2022-07-31 09:56:32,903] {taskinstance.py:1377} INFO - Executing <Task(PostgresOperator): create_postgres_table> on 2022-02-11 00:00:00+00:00
[2022-07-31 09:56:32,908] {standard_task_runner.py:52} INFO - Started process 945 to run task
[2022-07-31 09:56:32,912] {standard_task_runner.py:79} INFO - Running: ['***', 'tasks', 'run', 'dag_with_postgres_operator', 'create_postgres_table', 'scheduled__2022-02-11T00:00:00+00:00', '--job-id', '1307', '--raw', '--subdir', 'DAGS_FOLDER/DAGWithPostgresOperator.py', '--cfg-path', '/tmp/tmp5dx3bcye', '--error-file', '/tmp/tmpb6a79krn']
[2022-07-31 09:56:32,912] {standard_task_runner.py:80} INFO - Job 1307: Subtask create_postgres_table
[2022-07-31 09:56:32,998] {task_command.py:369} INFO - Running <TaskInstance: dag_with_postgres_operator.create_postgres_table scheduled__2022-02-11T00:00:00+00:00 [running]> on host 66bf18ec08cc
[2022-07-31 09:56:33,107] {taskinstance.py:1571} INFO - Exporting the following env vars:
AIRFLOW_CTX_DAG_OWNER=yosr
AIRFLOW_CTX_DAG_ID=dag_with_postgres_operator
AIRFLOW_CTX_TASK_ID=create_postgres_table
AIRFLOW_CTX_EXECUTION_DATE=2022-02-11T00:00:00+00:00
AIRFLOW_CTX_TRY_NUMBER=1
AIRFLOW_CTX_DAG_RUN_ID=scheduled__2022-02-11T00:00:00+00:00
[2022-07-31 09:56:33,119] {base.py:68} INFO - Using connection ID 'postgres_localhost' for task execution.
[2022-07-31 09:56:33,120] {taskinstance.py:1889} ERROR - Task failed with exception
Traceback (most recent call last):
  File "/home/airflow/.local/lib/python3.7/site-packages/airflow/providers/postgres/operators/postgres.py", line 92, in execute
    self.hook.run(self.sql, self.autocommit, parameters=self.parameters)
  File "/home/airflow/.local/lib/python3.7/site-packages/airflow/hooks/dbapi.py", line 181, in run
    with closing(self.get_conn()) as conn:
  File "/home/airflow/.local/lib/python3.7/site-packages/airflow/providers/postgres/hooks/postgres.py", line 113, in get_conn
    self.conn = psycopg2.connect(**conn_args)
  File "/home/airflow/.local/lib/python3.7/site-packages/psycopg2/__init__.py", line 122, in connect
    conn = _connect(dsn, connection_factory=connection_factory, **kwasync)
psycopg2.OperationalError: could not translate host name "host.docker.local " to address: Name or service not known

[2022-07-31 09:56:33,132] {taskinstance.py:1400} INFO - Marking task as UP_FOR_RETRY. dag_id=dag_with_postgres_operator, task_id=create_postgres_table, execution_date=20220211T000000, start_date=20220731T095632, end_date=20220731T095633
[2022-07-31 09:56:33,144] {standard_task_runner.py:97} ERROR - Failed to execute job 1307 for task create_postgres_table (could not translate host name "host.docker.local " to address: Name or service not known
; 945)
[2022-07-31 09:56:33,173] {local_task_job.py:156} INFO - Task exited with return code 1
[2022-07-31 09:56:33,226] {local_task_job.py:273} INFO - 0 downstream tasks scheduled from follow-on schedule check
[2022-07-31 14:25:35,873] {taskinstance.py:1159} INFO - Dependencies all met for <TaskInstance: dag_with_postgres_operator.create_postgres_table scheduled__2022-02-11T00:00:00+00:00 [queued]>
[2022-07-31 14:25:35,891] {taskinstance.py:1159} INFO - Dependencies all met for <TaskInstance: dag_with_postgres_operator.create_postgres_table scheduled__2022-02-11T00:00:00+00:00 [queued]>
[2022-07-31 14:25:35,891] {taskinstance.py:1356} INFO - 
--------------------------------------------------------------------------------
[2022-07-31 14:25:35,891] {taskinstance.py:1357} INFO - Starting attempt 1 of 6
[2022-07-31 14:25:35,892] {taskinstance.py:1358} INFO - 
--------------------------------------------------------------------------------
[2022-07-31 14:25:35,910] {taskinstance.py:1377} INFO - Executing <Task(PostgresOperator): create_postgres_table> on 2022-02-11 00:00:00+00:00
[2022-07-31 14:25:35,915] {standard_task_runner.py:52} INFO - Started process 4855 to run task
[2022-07-31 14:25:35,918] {standard_task_runner.py:79} INFO - Running: ['***', 'tasks', 'run', 'dag_with_postgres_operator', 'create_postgres_table', 'scheduled__2022-02-11T00:00:00+00:00', '--job-id', '297', '--raw', '--subdir', 'DAGS_FOLDER/DAGWithPostgresOperator.py', '--cfg-path', '/tmp/tmp61wqncr_', '--error-file', '/tmp/tmprhvrblrb']
[2022-07-31 14:25:35,918] {standard_task_runner.py:80} INFO - Job 297: Subtask create_postgres_table
[2022-07-31 14:25:35,997] {task_command.py:369} INFO - Running <TaskInstance: dag_with_postgres_operator.create_postgres_table scheduled__2022-02-11T00:00:00+00:00 [running]> on host 4688dd3b7141
[2022-07-31 14:25:36,097] {taskinstance.py:1571} INFO - Exporting the following env vars:
AIRFLOW_CTX_DAG_OWNER=yosr
AIRFLOW_CTX_DAG_ID=dag_with_postgres_operator
AIRFLOW_CTX_TASK_ID=create_postgres_table
AIRFLOW_CTX_EXECUTION_DATE=2022-02-11T00:00:00+00:00
AIRFLOW_CTX_TRY_NUMBER=1
AIRFLOW_CTX_DAG_RUN_ID=scheduled__2022-02-11T00:00:00+00:00
[2022-07-31 14:25:36,135] {taskinstance.py:1889} ERROR - Task failed with exception
Traceback (most recent call last):
  File "/home/airflow/.local/lib/python3.7/site-packages/airflow/providers/postgres/operators/postgres.py", line 92, in execute
    self.hook.run(self.sql, self.autocommit, parameters=self.parameters)
  File "/home/airflow/.local/lib/python3.7/site-packages/airflow/hooks/dbapi.py", line 181, in run
    with closing(self.get_conn()) as conn:
  File "/home/airflow/.local/lib/python3.7/site-packages/airflow/providers/postgres/hooks/postgres.py", line 86, in get_conn
    conn = deepcopy(self.connection or self.get_connection(conn_id))
  File "/home/airflow/.local/lib/python3.7/site-packages/airflow/hooks/base.py", line 67, in get_connection
    conn = Connection.get_connection_from_secrets(conn_id)
  File "/home/airflow/.local/lib/python3.7/site-packages/airflow/models/connection.py", line 430, in get_connection_from_secrets
    raise AirflowNotFoundException(f"The conn_id `{conn_id}` isn't defined")
airflow.exceptions.AirflowNotFoundException: The conn_id `postgres_localhost` isn't defined
[2022-07-31 14:25:36,140] {taskinstance.py:1400} INFO - Marking task as UP_FOR_RETRY. dag_id=dag_with_postgres_operator, task_id=create_postgres_table, execution_date=20220211T000000, start_date=20220731T142535, end_date=20220731T142536
[2022-07-31 14:25:36,160] {standard_task_runner.py:97} ERROR - Failed to execute job 297 for task create_postgres_table (The conn_id `postgres_localhost` isn't defined; 4855)
[2022-07-31 14:25:36,177] {local_task_job.py:156} INFO - Task exited with return code 1
[2022-07-31 14:25:36,227] {local_task_job.py:273} INFO - 0 downstream tasks scheduled from follow-on schedule check
