[2022-07-30 19:04:18,409] {taskinstance.py:1159} INFO - Dependencies all met for <TaskInstance: dag_with_postgres_operator.create_postgres_table scheduled__2022-02-11T00:00:00+00:00 [queued]>
[2022-07-30 19:04:18,425] {taskinstance.py:1159} INFO - Dependencies all met for <TaskInstance: dag_with_postgres_operator.create_postgres_table scheduled__2022-02-11T00:00:00+00:00 [queued]>
[2022-07-30 19:04:18,425] {taskinstance.py:1356} INFO - 
--------------------------------------------------------------------------------
[2022-07-30 19:04:18,425] {taskinstance.py:1357} INFO - Starting attempt 3 of 6
[2022-07-30 19:04:18,425] {taskinstance.py:1358} INFO - 
--------------------------------------------------------------------------------
[2022-07-30 19:04:18,451] {taskinstance.py:1377} INFO - Executing <Task(PostgresOperator): create_postgres_table> on 2022-02-11 00:00:00+00:00
[2022-07-30 19:04:18,459] {standard_task_runner.py:52} INFO - Started process 4993 to run task
[2022-07-30 19:04:18,468] {standard_task_runner.py:79} INFO - Running: ['***', 'tasks', 'run', 'dag_with_postgres_operator', 'create_postgres_table', 'scheduled__2022-02-11T00:00:00+00:00', '--job-id', '329', '--raw', '--subdir', 'DAGS_FOLDER/DAGWithPostgresOperator.py', '--cfg-path', '/tmp/tmp0gnjrh62', '--error-file', '/tmp/tmp_uirjou1']
[2022-07-30 19:04:18,471] {standard_task_runner.py:80} INFO - Job 329: Subtask create_postgres_table
[2022-07-30 19:04:18,574] {task_command.py:369} INFO - Running <TaskInstance: dag_with_postgres_operator.create_postgres_table scheduled__2022-02-11T00:00:00+00:00 [running]> on host 66bf18ec08cc
[2022-07-30 19:04:18,684] {taskinstance.py:1571} INFO - Exporting the following env vars:
AIRFLOW_CTX_DAG_OWNER=yosr
AIRFLOW_CTX_DAG_ID=dag_with_postgres_operator
AIRFLOW_CTX_TASK_ID=create_postgres_table
AIRFLOW_CTX_EXECUTION_DATE=2022-02-11T00:00:00+00:00
AIRFLOW_CTX_TRY_NUMBER=3
AIRFLOW_CTX_DAG_RUN_ID=scheduled__2022-02-11T00:00:00+00:00
[2022-07-30 19:04:18,698] {base.py:68} INFO - Using connection ID 'postgres_localhost' for task execution.
[2022-07-30 19:04:18,699] {taskinstance.py:1889} ERROR - Task failed with exception
Traceback (most recent call last):
  File "/home/airflow/.local/lib/python3.7/site-packages/airflow/providers/postgres/operators/postgres.py", line 92, in execute
    self.hook.run(self.sql, self.autocommit, parameters=self.parameters)
  File "/home/airflow/.local/lib/python3.7/site-packages/airflow/hooks/dbapi.py", line 181, in run
    with closing(self.get_conn()) as conn:
  File "/home/airflow/.local/lib/python3.7/site-packages/airflow/providers/postgres/hooks/postgres.py", line 113, in get_conn
    self.conn = psycopg2.connect(**conn_args)
  File "/home/airflow/.local/lib/python3.7/site-packages/psycopg2/__init__.py", line 122, in connect
    conn = _connect(dsn, connection_factory=connection_factory, **kwasync)
psycopg2.OperationalError: could not translate host name "host.docker.internal " to address: Name or service not known

[2022-07-30 19:04:18,713] {taskinstance.py:1400} INFO - Marking task as UP_FOR_RETRY. dag_id=dag_with_postgres_operator, task_id=create_postgres_table, execution_date=20220211T000000, start_date=20220730T190418, end_date=20220730T190418
[2022-07-30 19:04:18,729] {standard_task_runner.py:97} ERROR - Failed to execute job 329 for task create_postgres_table (could not translate host name "host.docker.internal " to address: Name or service not known
; 4993)
[2022-07-30 19:04:18,763] {local_task_job.py:156} INFO - Task exited with return code 1
[2022-07-30 19:04:18,831] {local_task_job.py:273} INFO - 0 downstream tasks scheduled from follow-on schedule check
[2022-07-31 10:06:34,975] {taskinstance.py:1159} INFO - Dependencies all met for <TaskInstance: dag_with_postgres_operator.create_postgres_table scheduled__2022-02-11T00:00:00+00:00 [queued]>
[2022-07-31 10:06:34,993] {taskinstance.py:1159} INFO - Dependencies all met for <TaskInstance: dag_with_postgres_operator.create_postgres_table scheduled__2022-02-11T00:00:00+00:00 [queued]>
[2022-07-31 10:06:34,993] {taskinstance.py:1356} INFO - 
--------------------------------------------------------------------------------
[2022-07-31 10:06:34,994] {taskinstance.py:1357} INFO - Starting attempt 3 of 6
[2022-07-31 10:06:34,994] {taskinstance.py:1358} INFO - 
--------------------------------------------------------------------------------
[2022-07-31 10:06:35,013] {taskinstance.py:1377} INFO - Executing <Task(PostgresOperator): create_postgres_table> on 2022-02-11 00:00:00+00:00
[2022-07-31 10:06:35,018] {standard_task_runner.py:52} INFO - Started process 1470 to run task
[2022-07-31 10:06:35,021] {standard_task_runner.py:79} INFO - Running: ['***', 'tasks', 'run', 'dag_with_postgres_operator', 'create_postgres_table', 'scheduled__2022-02-11T00:00:00+00:00', '--job-id', '1341', '--raw', '--subdir', 'DAGS_FOLDER/DAGWithPostgresOperator.py', '--cfg-path', '/tmp/tmptobtq9r1', '--error-file', '/tmp/tmpx_7ods84']
[2022-07-31 10:06:35,021] {standard_task_runner.py:80} INFO - Job 1341: Subtask create_postgres_table
[2022-07-31 10:06:35,090] {task_command.py:369} INFO - Running <TaskInstance: dag_with_postgres_operator.create_postgres_table scheduled__2022-02-11T00:00:00+00:00 [running]> on host 66bf18ec08cc
[2022-07-31 10:06:35,185] {taskinstance.py:1571} INFO - Exporting the following env vars:
AIRFLOW_CTX_DAG_OWNER=yosr
AIRFLOW_CTX_DAG_ID=dag_with_postgres_operator
AIRFLOW_CTX_TASK_ID=create_postgres_table
AIRFLOW_CTX_EXECUTION_DATE=2022-02-11T00:00:00+00:00
AIRFLOW_CTX_TRY_NUMBER=3
AIRFLOW_CTX_DAG_RUN_ID=scheduled__2022-02-11T00:00:00+00:00
[2022-07-31 10:06:35,198] {base.py:68} INFO - Using connection ID 'postgres_localhost' for task execution.
[2022-07-31 10:06:35,200] {taskinstance.py:1889} ERROR - Task failed with exception
Traceback (most recent call last):
  File "/home/airflow/.local/lib/python3.7/site-packages/airflow/providers/postgres/operators/postgres.py", line 92, in execute
    self.hook.run(self.sql, self.autocommit, parameters=self.parameters)
  File "/home/airflow/.local/lib/python3.7/site-packages/airflow/hooks/dbapi.py", line 181, in run
    with closing(self.get_conn()) as conn:
  File "/home/airflow/.local/lib/python3.7/site-packages/airflow/providers/postgres/hooks/postgres.py", line 113, in get_conn
    self.conn = psycopg2.connect(**conn_args)
  File "/home/airflow/.local/lib/python3.7/site-packages/psycopg2/__init__.py", line 122, in connect
    conn = _connect(dsn, connection_factory=connection_factory, **kwasync)
psycopg2.OperationalError: could not translate host name "host.docker.local " to address: Name or service not known

[2022-07-31 10:06:35,214] {taskinstance.py:1400} INFO - Marking task as UP_FOR_RETRY. dag_id=dag_with_postgres_operator, task_id=create_postgres_table, execution_date=20220211T000000, start_date=20220731T100634, end_date=20220731T100635
[2022-07-31 10:06:35,234] {standard_task_runner.py:97} ERROR - Failed to execute job 1341 for task create_postgres_table (could not translate host name "host.docker.local " to address: Name or service not known
; 1470)
[2022-07-31 10:06:35,281] {local_task_job.py:156} INFO - Task exited with return code 1
[2022-07-31 10:06:35,504] {local_task_job.py:273} INFO - 0 downstream tasks scheduled from follow-on schedule check
[2022-07-31 14:35:37,891] {taskinstance.py:1159} INFO - Dependencies all met for <TaskInstance: dag_with_postgres_operator.create_postgres_table scheduled__2022-02-11T00:00:00+00:00 [queued]>
[2022-07-31 14:35:37,907] {taskinstance.py:1159} INFO - Dependencies all met for <TaskInstance: dag_with_postgres_operator.create_postgres_table scheduled__2022-02-11T00:00:00+00:00 [queued]>
[2022-07-31 14:35:37,907] {taskinstance.py:1356} INFO - 
--------------------------------------------------------------------------------
[2022-07-31 14:35:37,907] {taskinstance.py:1357} INFO - Starting attempt 3 of 6
[2022-07-31 14:35:37,908] {taskinstance.py:1358} INFO - 
--------------------------------------------------------------------------------
[2022-07-31 14:35:37,925] {taskinstance.py:1377} INFO - Executing <Task(PostgresOperator): create_postgres_table> on 2022-02-11 00:00:00+00:00
[2022-07-31 14:35:37,929] {standard_task_runner.py:52} INFO - Started process 5384 to run task
[2022-07-31 14:35:37,932] {standard_task_runner.py:79} INFO - Running: ['***', 'tasks', 'run', 'dag_with_postgres_operator', 'create_postgres_table', 'scheduled__2022-02-11T00:00:00+00:00', '--job-id', '330', '--raw', '--subdir', 'DAGS_FOLDER/DAGWithPostgresOperator.py', '--cfg-path', '/tmp/tmponbf3fng', '--error-file', '/tmp/tmpalw8exlh']
[2022-07-31 14:35:37,932] {standard_task_runner.py:80} INFO - Job 330: Subtask create_postgres_table
[2022-07-31 14:35:38,008] {task_command.py:369} INFO - Running <TaskInstance: dag_with_postgres_operator.create_postgres_table scheduled__2022-02-11T00:00:00+00:00 [running]> on host 4688dd3b7141
[2022-07-31 14:35:38,107] {taskinstance.py:1571} INFO - Exporting the following env vars:
AIRFLOW_CTX_DAG_OWNER=yosr
AIRFLOW_CTX_DAG_ID=dag_with_postgres_operator
AIRFLOW_CTX_TASK_ID=create_postgres_table
AIRFLOW_CTX_EXECUTION_DATE=2022-02-11T00:00:00+00:00
AIRFLOW_CTX_TRY_NUMBER=3
AIRFLOW_CTX_DAG_RUN_ID=scheduled__2022-02-11T00:00:00+00:00
[2022-07-31 14:35:38,126] {base.py:68} INFO - Using connection ID 'postgres_localhost' for task execution.
[2022-07-31 14:35:48,138] {taskinstance.py:1889} ERROR - Task failed with exception
Traceback (most recent call last):
  File "/home/airflow/.local/lib/python3.7/site-packages/airflow/providers/postgres/operators/postgres.py", line 92, in execute
    self.hook.run(self.sql, self.autocommit, parameters=self.parameters)
  File "/home/airflow/.local/lib/python3.7/site-packages/airflow/hooks/dbapi.py", line 181, in run
    with closing(self.get_conn()) as conn:
  File "/home/airflow/.local/lib/python3.7/site-packages/airflow/providers/postgres/hooks/postgres.py", line 113, in get_conn
    self.conn = psycopg2.connect(**conn_args)
  File "/home/airflow/.local/lib/python3.7/site-packages/psycopg2/__init__.py", line 122, in connect
    conn = _connect(dsn, connection_factory=connection_factory, **kwasync)
psycopg2.OperationalError: could not translate host name "host.docker.local" to address: Temporary failure in name resolution

[2022-07-31 14:35:48,154] {taskinstance.py:1400} INFO - Marking task as UP_FOR_RETRY. dag_id=dag_with_postgres_operator, task_id=create_postgres_table, execution_date=20220211T000000, start_date=20220731T143537, end_date=20220731T143548
[2022-07-31 14:35:48,168] {standard_task_runner.py:97} ERROR - Failed to execute job 330 for task create_postgres_table (could not translate host name "host.docker.local" to address: Temporary failure in name resolution
; 5384)
[2022-07-31 14:35:48,212] {local_task_job.py:156} INFO - Task exited with return code 1
[2022-07-31 14:35:48,250] {local_task_job.py:273} INFO - 0 downstream tasks scheduled from follow-on schedule check
