[2022-07-29 10:53:00,959] {taskinstance.py:1159} INFO - Dependencies all met for <TaskInstance: Second_one.first_task scheduled__2021-08-01T00:00:00+00:00 [queued]>
[2022-07-29 10:53:00,976] {taskinstance.py:1159} INFO - Dependencies all met for <TaskInstance: Second_one.first_task scheduled__2021-08-01T00:00:00+00:00 [queued]>
[2022-07-29 10:53:00,976] {taskinstance.py:1356} INFO - 
--------------------------------------------------------------------------------
[2022-07-29 10:53:00,976] {taskinstance.py:1357} INFO - Starting attempt 1 of 6
[2022-07-29 10:53:00,976] {taskinstance.py:1358} INFO - 
--------------------------------------------------------------------------------
[2022-07-29 10:53:00,998] {taskinstance.py:1377} INFO - Executing <Task(BashOperator): first_task> on 2021-08-01 00:00:00+00:00
[2022-07-29 10:53:01,003] {standard_task_runner.py:52} INFO - Started process 2292 to run task
[2022-07-29 10:53:01,009] {standard_task_runner.py:79} INFO - Running: ['***', 'tasks', 'run', 'Second_one', 'first_task', 'scheduled__2021-08-01T00:00:00+00:00', '--job-id', '5', '--raw', '--subdir', 'DAGS_FOLDER/Second_One.py', '--cfg-path', '/tmp/tmpttlhi2ve', '--error-file', '/tmp/tmp6t2bclcu']
[2022-07-29 10:53:01,010] {standard_task_runner.py:80} INFO - Job 5: Subtask first_task
[2022-07-29 10:53:01,087] {task_command.py:369} INFO - Running <TaskInstance: Second_one.first_task scheduled__2021-08-01T00:00:00+00:00 [running]> on host 9f0f006fc89d
[2022-07-29 10:53:01,212] {taskinstance.py:1571} INFO - Exporting the following env vars:
AIRFLOW_CTX_DAG_OWNER=yosr
AIRFLOW_CTX_DAG_ID=Second_one
AIRFLOW_CTX_TASK_ID=first_task
AIRFLOW_CTX_EXECUTION_DATE=2021-08-01T00:00:00+00:00
AIRFLOW_CTX_TRY_NUMBER=1
AIRFLOW_CTX_DAG_RUN_ID=scheduled__2021-08-01T00:00:00+00:00
[2022-07-29 10:53:01,213] {subprocess.py:62} INFO - Tmp dir root location: 
 /tmp
[2022-07-29 10:53:01,214] {subprocess.py:74} INFO - Running command: ['bash', '-c', 'echo hello world']
[2022-07-29 10:53:01,237] {subprocess.py:85} INFO - Output:
[2022-07-29 10:53:01,241] {subprocess.py:92} INFO - hello world
[2022-07-29 10:53:01,242] {subprocess.py:96} INFO - Command exited with return code 0
[2022-07-29 10:53:01,285] {taskinstance.py:1400} INFO - Marking task as SUCCESS. dag_id=Second_one, task_id=first_task, execution_date=20210801T000000, start_date=20220729T105300, end_date=20220729T105301
[2022-07-29 10:53:01,344] {local_task_job.py:156} INFO - Task exited with return code 0
[2022-07-29 10:53:01,383] {local_task_job.py:273} INFO - 0 downstream tasks scheduled from follow-on schedule check
