[2022-07-29 10:53:23,950] {taskinstance.py:1159} INFO - Dependencies all met for <TaskInstance: Second_one.first_task scheduled__2021-09-07T00:00:00+00:00 [queued]>
[2022-07-29 10:53:23,963] {taskinstance.py:1159} INFO - Dependencies all met for <TaskInstance: Second_one.first_task scheduled__2021-09-07T00:00:00+00:00 [queued]>
[2022-07-29 10:53:23,964] {taskinstance.py:1356} INFO - 
--------------------------------------------------------------------------------
[2022-07-29 10:53:23,964] {taskinstance.py:1357} INFO - Starting attempt 1 of 6
[2022-07-29 10:53:23,964] {taskinstance.py:1358} INFO - 
--------------------------------------------------------------------------------
[2022-07-29 10:53:23,983] {taskinstance.py:1377} INFO - Executing <Task(BashOperator): first_task> on 2021-09-07 00:00:00+00:00
[2022-07-29 10:53:23,987] {standard_task_runner.py:52} INFO - Started process 2424 to run task
[2022-07-29 10:53:23,989] {standard_task_runner.py:79} INFO - Running: ['***', 'tasks', 'run', 'Second_one', 'first_task', 'scheduled__2021-09-07T00:00:00+00:00', '--job-id', '43', '--raw', '--subdir', 'DAGS_FOLDER/Second_One.py', '--cfg-path', '/tmp/tmpbbaxyy4n', '--error-file', '/tmp/tmpe7zr63uk']
[2022-07-29 10:53:23,989] {standard_task_runner.py:80} INFO - Job 43: Subtask first_task
[2022-07-29 10:53:24,056] {task_command.py:369} INFO - Running <TaskInstance: Second_one.first_task scheduled__2021-09-07T00:00:00+00:00 [running]> on host 9f0f006fc89d
[2022-07-29 10:53:24,138] {taskinstance.py:1571} INFO - Exporting the following env vars:
AIRFLOW_CTX_DAG_OWNER=yosr
AIRFLOW_CTX_DAG_ID=Second_one
AIRFLOW_CTX_TASK_ID=first_task
AIRFLOW_CTX_EXECUTION_DATE=2021-09-07T00:00:00+00:00
AIRFLOW_CTX_TRY_NUMBER=1
AIRFLOW_CTX_DAG_RUN_ID=scheduled__2021-09-07T00:00:00+00:00
[2022-07-29 10:53:24,139] {subprocess.py:62} INFO - Tmp dir root location: 
 /tmp
[2022-07-29 10:53:24,139] {subprocess.py:74} INFO - Running command: ['bash', '-c', 'echo hello world']
[2022-07-29 10:53:24,148] {subprocess.py:85} INFO - Output:
[2022-07-29 10:53:24,151] {subprocess.py:92} INFO - hello world
[2022-07-29 10:53:24,151] {subprocess.py:96} INFO - Command exited with return code 0
[2022-07-29 10:53:24,184] {taskinstance.py:1400} INFO - Marking task as SUCCESS. dag_id=Second_one, task_id=first_task, execution_date=20210907T000000, start_date=20220729T105323, end_date=20220729T105324
[2022-07-29 10:53:24,208] {local_task_job.py:156} INFO - Task exited with return code 0
[2022-07-29 10:53:24,245] {local_task_job.py:273} INFO - 0 downstream tasks scheduled from follow-on schedule check
