[2022-07-29 11:44:18,514] {taskinstance.py:1159} INFO - Dependencies all met for <TaskInstance: dag_with_python_operator.greet scheduled__2022-05-08T00:00:00+00:00 [queued]>
[2022-07-29 11:44:18,536] {taskinstance.py:1159} INFO - Dependencies all met for <TaskInstance: dag_with_python_operator.greet scheduled__2022-05-08T00:00:00+00:00 [queued]>
[2022-07-29 11:44:18,537] {taskinstance.py:1356} INFO - 
--------------------------------------------------------------------------------
[2022-07-29 11:44:18,537] {taskinstance.py:1357} INFO - Starting attempt 1 of 6
[2022-07-29 11:44:18,537] {taskinstance.py:1358} INFO - 
--------------------------------------------------------------------------------
[2022-07-29 11:44:18,573] {taskinstance.py:1377} INFO - Executing <Task(PythonOperator): greet> on 2022-05-08 00:00:00+00:00
[2022-07-29 11:44:18,580] {standard_task_runner.py:52} INFO - Started process 7123 to run task
[2022-07-29 11:44:18,587] {standard_task_runner.py:79} INFO - Running: ['***', 'tasks', 'run', 'dag_with_python_operator', 'greet', 'scheduled__2022-05-08T00:00:00+00:00', '--job-id', '1055', '--raw', '--subdir', 'DAGS_FOLDER/CreateDagWithPythonOperator.py', '--cfg-path', '/tmp/tmp0salr4al', '--error-file', '/tmp/tmpe02d3zu6']
[2022-07-29 11:44:18,587] {standard_task_runner.py:80} INFO - Job 1055: Subtask greet
[2022-07-29 11:44:18,697] {task_command.py:369} INFO - Running <TaskInstance: dag_with_python_operator.greet scheduled__2022-05-08T00:00:00+00:00 [running]> on host 9f0f006fc89d
[2022-07-29 11:44:18,889] {taskinstance.py:1571} INFO - Exporting the following env vars:
AIRFLOW_CTX_DAG_OWNER=yosr
AIRFLOW_CTX_DAG_ID=dag_with_python_operator
AIRFLOW_CTX_TASK_ID=greet
AIRFLOW_CTX_EXECUTION_DATE=2022-05-08T00:00:00+00:00
AIRFLOW_CTX_TRY_NUMBER=1
AIRFLOW_CTX_DAG_RUN_ID=scheduled__2022-05-08T00:00:00+00:00
[2022-07-29 11:44:18,890] {logging_mixin.py:115} INFO - some dict:  {'a': 1, 'b': 2}
[2022-07-29 11:44:18,949] {logging_mixin.py:115} INFO - Hello World! My name is yosr hb, and I am 22 years old!
[2022-07-29 11:44:18,949] {python.py:173} INFO - Done. Returned value was: None
[2022-07-29 11:44:18,972] {taskinstance.py:1400} INFO - Marking task as SUCCESS. dag_id=dag_with_python_operator, task_id=greet, execution_date=20220508T000000, start_date=20220729T114418, end_date=20220729T114418
[2022-07-29 11:44:19,026] {local_task_job.py:156} INFO - Task exited with return code 0
[2022-07-29 11:44:19,092] {local_task_job.py:273} INFO - 0 downstream tasks scheduled from follow-on schedule check
