[2022-07-29 10:55:05,146] {taskinstance.py:1159} INFO - Dependencies all met for <TaskInstance: Second_one.second_task scheduled__2021-12-31T00:00:00+00:00 [queued]>
[2022-07-29 10:55:05,161] {taskinstance.py:1159} INFO - Dependencies all met for <TaskInstance: Second_one.second_task scheduled__2021-12-31T00:00:00+00:00 [queued]>
[2022-07-29 10:55:05,161] {taskinstance.py:1356} INFO - 
--------------------------------------------------------------------------------
[2022-07-29 10:55:05,161] {taskinstance.py:1357} INFO - Starting attempt 1 of 6
[2022-07-29 10:55:05,162] {taskinstance.py:1358} INFO - 
--------------------------------------------------------------------------------
[2022-07-29 10:55:05,182] {taskinstance.py:1377} INFO - Executing <Task(BashOperator): second_task> on 2021-12-31 00:00:00+00:00
[2022-07-29 10:55:05,187] {standard_task_runner.py:52} INFO - Started process 2941 to run task
[2022-07-29 10:55:05,192] {standard_task_runner.py:79} INFO - Running: ['***', 'tasks', 'run', 'Second_one', 'second_task', 'scheduled__2021-12-31T00:00:00+00:00', '--job-id', '192', '--raw', '--subdir', 'DAGS_FOLDER/Second_One.py', '--cfg-path', '/tmp/tmph86pio32', '--error-file', '/tmp/tmp049_5awt']
[2022-07-29 10:55:05,193] {standard_task_runner.py:80} INFO - Job 192: Subtask second_task
[2022-07-29 10:55:05,289] {task_command.py:369} INFO - Running <TaskInstance: Second_one.second_task scheduled__2021-12-31T00:00:00+00:00 [running]> on host 9f0f006fc89d
[2022-07-29 10:55:05,401] {taskinstance.py:1571} INFO - Exporting the following env vars:
AIRFLOW_CTX_DAG_OWNER=yosr
AIRFLOW_CTX_DAG_ID=Second_one
AIRFLOW_CTX_TASK_ID=second_task
AIRFLOW_CTX_EXECUTION_DATE=2021-12-31T00:00:00+00:00
AIRFLOW_CTX_TRY_NUMBER=1
AIRFLOW_CTX_DAG_RUN_ID=scheduled__2021-12-31T00:00:00+00:00
[2022-07-29 10:55:05,402] {subprocess.py:62} INFO - Tmp dir root location: 
 /tmp
[2022-07-29 10:55:05,403] {subprocess.py:74} INFO - Running command: ['bash', '-c', 'echo hello world']
[2022-07-29 10:55:05,420] {subprocess.py:85} INFO - Output:
[2022-07-29 10:55:05,423] {subprocess.py:92} INFO - hello world
[2022-07-29 10:55:05,424] {subprocess.py:96} INFO - Command exited with return code 0
[2022-07-29 10:55:05,483] {taskinstance.py:1400} INFO - Marking task as SUCCESS. dag_id=Second_one, task_id=second_task, execution_date=20211231T000000, start_date=20220729T105505, end_date=20220729T105505
[2022-07-29 10:55:05,535] {local_task_job.py:156} INFO - Task exited with return code 0
[2022-07-29 10:55:05,611] {local_task_job.py:273} INFO - 0 downstream tasks scheduled from follow-on schedule check
