[2022-07-30 18:54:08,691] {taskinstance.py:1159} INFO - Dependencies all met for <TaskInstance: dag_with_postgres_operator.create_postgres_table scheduled__2022-01-31T00:00:00+00:00 [queued]>
[2022-07-30 18:54:08,706] {taskinstance.py:1159} INFO - Dependencies all met for <TaskInstance: dag_with_postgres_operator.create_postgres_table scheduled__2022-01-31T00:00:00+00:00 [queued]>
[2022-07-30 18:54:08,706] {taskinstance.py:1356} INFO - 
--------------------------------------------------------------------------------
[2022-07-30 18:54:08,706] {taskinstance.py:1357} INFO - Starting attempt 6 of 6
[2022-07-30 18:54:08,706] {taskinstance.py:1358} INFO - 
--------------------------------------------------------------------------------
[2022-07-30 18:54:08,734] {taskinstance.py:1377} INFO - Executing <Task(PostgresOperator): create_postgres_table> on 2022-01-31 00:00:00+00:00
[2022-07-30 18:54:08,741] {standard_task_runner.py:52} INFO - Started process 4430 to run task
[2022-07-30 18:54:08,745] {standard_task_runner.py:79} INFO - Running: ['***', 'tasks', 'run', 'dag_with_postgres_operator', 'create_postgres_table', 'scheduled__2022-01-31T00:00:00+00:00', '--job-id', '285', '--raw', '--subdir', 'DAGS_FOLDER/DAGWithPostgresOperator.py', '--cfg-path', '/tmp/tmp9bg0t2bb', '--error-file', '/tmp/tmp81cfp_tb']
[2022-07-30 18:54:08,746] {standard_task_runner.py:80} INFO - Job 285: Subtask create_postgres_table
[2022-07-30 18:54:08,850] {task_command.py:369} INFO - Running <TaskInstance: dag_with_postgres_operator.create_postgres_table scheduled__2022-01-31T00:00:00+00:00 [running]> on host 66bf18ec08cc
[2022-07-30 18:54:08,986] {taskinstance.py:1571} INFO - Exporting the following env vars:
AIRFLOW_CTX_DAG_OWNER=yosr
AIRFLOW_CTX_DAG_ID=dag_with_postgres_operator
AIRFLOW_CTX_TASK_ID=create_postgres_table
AIRFLOW_CTX_EXECUTION_DATE=2022-01-31T00:00:00+00:00
AIRFLOW_CTX_TRY_NUMBER=6
AIRFLOW_CTX_DAG_RUN_ID=scheduled__2022-01-31T00:00:00+00:00
[2022-07-30 18:54:09,009] {base.py:68} INFO - Using connection ID 'postgres_localhost' for task execution.
[2022-07-30 18:54:09,010] {taskinstance.py:1889} ERROR - Task failed with exception
Traceback (most recent call last):
  File "/home/airflow/.local/lib/python3.7/site-packages/airflow/providers/postgres/operators/postgres.py", line 92, in execute
    self.hook.run(self.sql, self.autocommit, parameters=self.parameters)
  File "/home/airflow/.local/lib/python3.7/site-packages/airflow/hooks/dbapi.py", line 181, in run
    with closing(self.get_conn()) as conn:
  File "/home/airflow/.local/lib/python3.7/site-packages/airflow/providers/postgres/hooks/postgres.py", line 113, in get_conn
    self.conn = psycopg2.connect(**conn_args)
  File "/home/airflow/.local/lib/python3.7/site-packages/psycopg2/__init__.py", line 122, in connect
    conn = _connect(dsn, connection_factory=connection_factory, **kwasync)
psycopg2.OperationalError: could not translate host name "host.docker.internal " to address: Name or service not known

[2022-07-30 18:54:09,031] {taskinstance.py:1400} INFO - Marking task as FAILED. dag_id=dag_with_postgres_operator, task_id=create_postgres_table, execution_date=20220131T000000, start_date=20220730T185408, end_date=20220730T185409
[2022-07-30 18:54:09,047] {standard_task_runner.py:97} ERROR - Failed to execute job 285 for task create_postgres_table (could not translate host name "host.docker.internal " to address: Name or service not known
; 4430)
[2022-07-30 18:54:09,093] {local_task_job.py:156} INFO - Task exited with return code 1
[2022-07-30 18:54:09,173] {local_task_job.py:273} INFO - 0 downstream tasks scheduled from follow-on schedule check
[2022-07-31 09:56:12,772] {taskinstance.py:1159} INFO - Dependencies all met for <TaskInstance: dag_with_postgres_operator.create_postgres_table scheduled__2022-01-31T00:00:00+00:00 [queued]>
[2022-07-31 09:56:12,866] {taskinstance.py:1159} INFO - Dependencies all met for <TaskInstance: dag_with_postgres_operator.create_postgres_table scheduled__2022-01-31T00:00:00+00:00 [queued]>
[2022-07-31 09:56:12,866] {taskinstance.py:1356} INFO - 
--------------------------------------------------------------------------------
[2022-07-31 09:56:12,866] {taskinstance.py:1357} INFO - Starting attempt 6 of 6
[2022-07-31 09:56:12,867] {taskinstance.py:1358} INFO - 
--------------------------------------------------------------------------------
[2022-07-31 09:56:12,956] {taskinstance.py:1377} INFO - Executing <Task(PostgresOperator): create_postgres_table> on 2022-01-31 00:00:00+00:00
[2022-07-31 09:56:12,969] {standard_task_runner.py:52} INFO - Started process 911 to run task
[2022-07-31 09:56:12,989] {standard_task_runner.py:79} INFO - Running: ['***', 'tasks', 'run', 'dag_with_postgres_operator', 'create_postgres_table', 'scheduled__2022-01-31T00:00:00+00:00', '--job-id', '1292', '--raw', '--subdir', 'DAGS_FOLDER/DAGWithPostgresOperator.py', '--cfg-path', '/tmp/tmp9t1k9ybc', '--error-file', '/tmp/tmpiuyjd4db']
[2022-07-31 09:56:12,990] {standard_task_runner.py:80} INFO - Job 1292: Subtask create_postgres_table
[2022-07-31 09:56:13,454] {task_command.py:369} INFO - Running <TaskInstance: dag_with_postgres_operator.create_postgres_table scheduled__2022-01-31T00:00:00+00:00 [running]> on host 66bf18ec08cc
[2022-07-31 09:56:13,927] {taskinstance.py:1571} INFO - Exporting the following env vars:
AIRFLOW_CTX_DAG_OWNER=yosr
AIRFLOW_CTX_DAG_ID=dag_with_postgres_operator
AIRFLOW_CTX_TASK_ID=create_postgres_table
AIRFLOW_CTX_EXECUTION_DATE=2022-01-31T00:00:00+00:00
AIRFLOW_CTX_TRY_NUMBER=6
AIRFLOW_CTX_DAG_RUN_ID=scheduled__2022-01-31T00:00:00+00:00
[2022-07-31 09:56:13,982] {base.py:68} INFO - Using connection ID 'postgres_localhost' for task execution.
[2022-07-31 09:56:13,985] {taskinstance.py:1889} ERROR - Task failed with exception
Traceback (most recent call last):
  File "/home/airflow/.local/lib/python3.7/site-packages/airflow/providers/postgres/operators/postgres.py", line 92, in execute
    self.hook.run(self.sql, self.autocommit, parameters=self.parameters)
  File "/home/airflow/.local/lib/python3.7/site-packages/airflow/hooks/dbapi.py", line 181, in run
    with closing(self.get_conn()) as conn:
  File "/home/airflow/.local/lib/python3.7/site-packages/airflow/providers/postgres/hooks/postgres.py", line 113, in get_conn
    self.conn = psycopg2.connect(**conn_args)
  File "/home/airflow/.local/lib/python3.7/site-packages/psycopg2/__init__.py", line 122, in connect
    conn = _connect(dsn, connection_factory=connection_factory, **kwasync)
psycopg2.OperationalError: could not translate host name "host.docker.local " to address: Name or service not known

[2022-07-31 09:56:14,047] {taskinstance.py:1400} INFO - Marking task as FAILED. dag_id=dag_with_postgres_operator, task_id=create_postgres_table, execution_date=20220131T000000, start_date=20220731T095612, end_date=20220731T095614
[2022-07-31 09:56:14,074] {standard_task_runner.py:97} ERROR - Failed to execute job 1292 for task create_postgres_table (could not translate host name "host.docker.local " to address: Name or service not known
; 911)
[2022-07-31 09:56:14,082] {local_task_job.py:156} INFO - Task exited with return code 1
[2022-07-31 09:56:14,320] {local_task_job.py:273} INFO - 0 downstream tasks scheduled from follow-on schedule check
[2022-07-31 14:25:30,373] {taskinstance.py:1159} INFO - Dependencies all met for <TaskInstance: dag_with_postgres_operator.create_postgres_table scheduled__2022-01-31T00:00:00+00:00 [queued]>
[2022-07-31 14:25:30,389] {taskinstance.py:1159} INFO - Dependencies all met for <TaskInstance: dag_with_postgres_operator.create_postgres_table scheduled__2022-01-31T00:00:00+00:00 [queued]>
[2022-07-31 14:25:30,390] {taskinstance.py:1356} INFO - 
--------------------------------------------------------------------------------
[2022-07-31 14:25:30,390] {taskinstance.py:1357} INFO - Starting attempt 6 of 6
[2022-07-31 14:25:30,390] {taskinstance.py:1358} INFO - 
--------------------------------------------------------------------------------
[2022-07-31 14:25:30,413] {taskinstance.py:1377} INFO - Executing <Task(PostgresOperator): create_postgres_table> on 2022-01-31 00:00:00+00:00
[2022-07-31 14:25:30,418] {standard_task_runner.py:52} INFO - Started process 4832 to run task
[2022-07-31 14:25:30,423] {standard_task_runner.py:79} INFO - Running: ['***', 'tasks', 'run', 'dag_with_postgres_operator', 'create_postgres_table', 'scheduled__2022-01-31T00:00:00+00:00', '--job-id', '285', '--raw', '--subdir', 'DAGS_FOLDER/DAGWithPostgresOperator.py', '--cfg-path', '/tmp/tmp_pgoyet6', '--error-file', '/tmp/tmptdc4rdmx']
[2022-07-31 14:25:30,424] {standard_task_runner.py:80} INFO - Job 285: Subtask create_postgres_table
[2022-07-31 14:25:30,503] {task_command.py:369} INFO - Running <TaskInstance: dag_with_postgres_operator.create_postgres_table scheduled__2022-01-31T00:00:00+00:00 [running]> on host 4688dd3b7141
[2022-07-31 14:25:30,606] {taskinstance.py:1571} INFO - Exporting the following env vars:
AIRFLOW_CTX_DAG_OWNER=yosr
AIRFLOW_CTX_DAG_ID=dag_with_postgres_operator
AIRFLOW_CTX_TASK_ID=create_postgres_table
AIRFLOW_CTX_EXECUTION_DATE=2022-01-31T00:00:00+00:00
AIRFLOW_CTX_TRY_NUMBER=6
AIRFLOW_CTX_DAG_RUN_ID=scheduled__2022-01-31T00:00:00+00:00
[2022-07-31 14:25:30,647] {taskinstance.py:1889} ERROR - Task failed with exception
Traceback (most recent call last):
  File "/home/airflow/.local/lib/python3.7/site-packages/airflow/providers/postgres/operators/postgres.py", line 92, in execute
    self.hook.run(self.sql, self.autocommit, parameters=self.parameters)
  File "/home/airflow/.local/lib/python3.7/site-packages/airflow/hooks/dbapi.py", line 181, in run
    with closing(self.get_conn()) as conn:
  File "/home/airflow/.local/lib/python3.7/site-packages/airflow/providers/postgres/hooks/postgres.py", line 86, in get_conn
    conn = deepcopy(self.connection or self.get_connection(conn_id))
  File "/home/airflow/.local/lib/python3.7/site-packages/airflow/hooks/base.py", line 67, in get_connection
    conn = Connection.get_connection_from_secrets(conn_id)
  File "/home/airflow/.local/lib/python3.7/site-packages/airflow/models/connection.py", line 430, in get_connection_from_secrets
    raise AirflowNotFoundException(f"The conn_id `{conn_id}` isn't defined")
airflow.exceptions.AirflowNotFoundException: The conn_id `postgres_localhost` isn't defined
[2022-07-31 14:25:30,653] {taskinstance.py:1400} INFO - Marking task as FAILED. dag_id=dag_with_postgres_operator, task_id=create_postgres_table, execution_date=20220131T000000, start_date=20220731T142530, end_date=20220731T142530
[2022-07-31 14:25:30,670] {standard_task_runner.py:97} ERROR - Failed to execute job 285 for task create_postgres_table (The conn_id `postgres_localhost` isn't defined; 4832)
[2022-07-31 14:25:30,685] {local_task_job.py:156} INFO - Task exited with return code 1
[2022-07-31 14:25:30,733] {local_task_job.py:273} INFO - 0 downstream tasks scheduled from follow-on schedule check
