[2022-07-30 18:49:07,596] {taskinstance.py:1159} INFO - Dependencies all met for <TaskInstance: dag_with_postgres_operator.create_postgres_table scheduled__2022-01-31T00:00:00+00:00 [queued]>
[2022-07-30 18:49:07,615] {taskinstance.py:1159} INFO - Dependencies all met for <TaskInstance: dag_with_postgres_operator.create_postgres_table scheduled__2022-01-31T00:00:00+00:00 [queued]>
[2022-07-30 18:49:07,615] {taskinstance.py:1356} INFO - 
--------------------------------------------------------------------------------
[2022-07-30 18:49:07,615] {taskinstance.py:1357} INFO - Starting attempt 5 of 6
[2022-07-30 18:49:07,615] {taskinstance.py:1358} INFO - 
--------------------------------------------------------------------------------
[2022-07-30 18:49:07,634] {taskinstance.py:1377} INFO - Executing <Task(PostgresOperator): create_postgres_table> on 2022-01-31 00:00:00+00:00
[2022-07-30 18:49:07,640] {standard_task_runner.py:52} INFO - Started process 4162 to run task
[2022-07-30 18:49:07,643] {standard_task_runner.py:79} INFO - Running: ['***', 'tasks', 'run', 'dag_with_postgres_operator', 'create_postgres_table', 'scheduled__2022-01-31T00:00:00+00:00', '--job-id', '269', '--raw', '--subdir', 'DAGS_FOLDER/DAGWithPostgresOperator.py', '--cfg-path', '/tmp/tmp412yqklp', '--error-file', '/tmp/tmpfw569ucp']
[2022-07-30 18:49:07,645] {standard_task_runner.py:80} INFO - Job 269: Subtask create_postgres_table
[2022-07-30 18:49:07,727] {task_command.py:369} INFO - Running <TaskInstance: dag_with_postgres_operator.create_postgres_table scheduled__2022-01-31T00:00:00+00:00 [running]> on host 66bf18ec08cc
[2022-07-30 18:49:07,846] {taskinstance.py:1571} INFO - Exporting the following env vars:
AIRFLOW_CTX_DAG_OWNER=yosr
AIRFLOW_CTX_DAG_ID=dag_with_postgres_operator
AIRFLOW_CTX_TASK_ID=create_postgres_table
AIRFLOW_CTX_EXECUTION_DATE=2022-01-31T00:00:00+00:00
AIRFLOW_CTX_TRY_NUMBER=5
AIRFLOW_CTX_DAG_RUN_ID=scheduled__2022-01-31T00:00:00+00:00
[2022-07-30 18:49:07,864] {base.py:68} INFO - Using connection ID 'postgres_localhost' for task execution.
[2022-07-30 18:49:07,868] {taskinstance.py:1889} ERROR - Task failed with exception
Traceback (most recent call last):
  File "/home/airflow/.local/lib/python3.7/site-packages/airflow/providers/postgres/operators/postgres.py", line 92, in execute
    self.hook.run(self.sql, self.autocommit, parameters=self.parameters)
  File "/home/airflow/.local/lib/python3.7/site-packages/airflow/hooks/dbapi.py", line 181, in run
    with closing(self.get_conn()) as conn:
  File "/home/airflow/.local/lib/python3.7/site-packages/airflow/providers/postgres/hooks/postgres.py", line 113, in get_conn
    self.conn = psycopg2.connect(**conn_args)
  File "/home/airflow/.local/lib/python3.7/site-packages/psycopg2/__init__.py", line 122, in connect
    conn = _connect(dsn, connection_factory=connection_factory, **kwasync)
psycopg2.OperationalError: could not translate host name "host.docker.internal " to address: Name or service not known

[2022-07-30 18:49:07,889] {taskinstance.py:1400} INFO - Marking task as UP_FOR_RETRY. dag_id=dag_with_postgres_operator, task_id=create_postgres_table, execution_date=20220131T000000, start_date=20220730T184907, end_date=20220730T184907
[2022-07-30 18:49:07,929] {standard_task_runner.py:97} ERROR - Failed to execute job 269 for task create_postgres_table (could not translate host name "host.docker.internal " to address: Name or service not known
; 4162)
[2022-07-30 18:49:07,949] {local_task_job.py:156} INFO - Task exited with return code 1
[2022-07-30 18:49:08,027] {local_task_job.py:273} INFO - 0 downstream tasks scheduled from follow-on schedule check
[2022-07-31 09:51:10,253] {taskinstance.py:1159} INFO - Dependencies all met for <TaskInstance: dag_with_postgres_operator.create_postgres_table scheduled__2022-01-31T00:00:00+00:00 [queued]>
[2022-07-31 09:51:10,324] {taskinstance.py:1159} INFO - Dependencies all met for <TaskInstance: dag_with_postgres_operator.create_postgres_table scheduled__2022-01-31T00:00:00+00:00 [queued]>
[2022-07-31 09:51:10,325] {taskinstance.py:1356} INFO - 
--------------------------------------------------------------------------------
[2022-07-31 09:51:10,327] {taskinstance.py:1357} INFO - Starting attempt 5 of 6
[2022-07-31 09:51:10,327] {taskinstance.py:1358} INFO - 
--------------------------------------------------------------------------------
[2022-07-31 09:51:10,392] {taskinstance.py:1377} INFO - Executing <Task(PostgresOperator): create_postgres_table> on 2022-01-31 00:00:00+00:00
[2022-07-31 09:51:10,398] {standard_task_runner.py:52} INFO - Started process 642 to run task
[2022-07-31 09:51:10,509] {standard_task_runner.py:79} INFO - Running: ['***', 'tasks', 'run', 'dag_with_postgres_operator', 'create_postgres_table', 'scheduled__2022-01-31T00:00:00+00:00', '--job-id', '1283', '--raw', '--subdir', 'DAGS_FOLDER/DAGWithPostgresOperator.py', '--cfg-path', '/tmp/tmpz7v1i7nn', '--error-file', '/tmp/tmpy975vkva']
[2022-07-31 09:51:10,511] {standard_task_runner.py:80} INFO - Job 1283: Subtask create_postgres_table
[2022-07-31 09:51:11,038] {task_command.py:369} INFO - Running <TaskInstance: dag_with_postgres_operator.create_postgres_table scheduled__2022-01-31T00:00:00+00:00 [running]> on host 66bf18ec08cc
[2022-07-31 09:51:11,332] {taskinstance.py:1571} INFO - Exporting the following env vars:
AIRFLOW_CTX_DAG_OWNER=yosr
AIRFLOW_CTX_DAG_ID=dag_with_postgres_operator
AIRFLOW_CTX_TASK_ID=create_postgres_table
AIRFLOW_CTX_EXECUTION_DATE=2022-01-31T00:00:00+00:00
AIRFLOW_CTX_TRY_NUMBER=5
AIRFLOW_CTX_DAG_RUN_ID=scheduled__2022-01-31T00:00:00+00:00
[2022-07-31 09:51:11,385] {base.py:68} INFO - Using connection ID 'postgres_localhost' for task execution.
[2022-07-31 09:51:11,387] {taskinstance.py:1889} ERROR - Task failed with exception
Traceback (most recent call last):
  File "/home/airflow/.local/lib/python3.7/site-packages/airflow/providers/postgres/operators/postgres.py", line 92, in execute
    self.hook.run(self.sql, self.autocommit, parameters=self.parameters)
  File "/home/airflow/.local/lib/python3.7/site-packages/airflow/hooks/dbapi.py", line 181, in run
    with closing(self.get_conn()) as conn:
  File "/home/airflow/.local/lib/python3.7/site-packages/airflow/providers/postgres/hooks/postgres.py", line 113, in get_conn
    self.conn = psycopg2.connect(**conn_args)
  File "/home/airflow/.local/lib/python3.7/site-packages/psycopg2/__init__.py", line 122, in connect
    conn = _connect(dsn, connection_factory=connection_factory, **kwasync)
psycopg2.OperationalError: could not translate host name "host.docker.local " to address: Name or service not known

[2022-07-31 09:51:11,435] {taskinstance.py:1400} INFO - Marking task as UP_FOR_RETRY. dag_id=dag_with_postgres_operator, task_id=create_postgres_table, execution_date=20220131T000000, start_date=20220731T095110, end_date=20220731T095111
[2022-07-31 09:51:11,468] {standard_task_runner.py:97} ERROR - Failed to execute job 1283 for task create_postgres_table (could not translate host name "host.docker.local " to address: Name or service not known
; 642)
[2022-07-31 09:51:11,523] {local_task_job.py:156} INFO - Task exited with return code 1
[2022-07-31 09:51:11,683] {local_task_job.py:273} INFO - 0 downstream tasks scheduled from follow-on schedule check
[2022-07-31 14:20:28,925] {taskinstance.py:1159} INFO - Dependencies all met for <TaskInstance: dag_with_postgres_operator.create_postgres_table scheduled__2022-01-31T00:00:00+00:00 [queued]>
[2022-07-31 14:20:28,943] {taskinstance.py:1159} INFO - Dependencies all met for <TaskInstance: dag_with_postgres_operator.create_postgres_table scheduled__2022-01-31T00:00:00+00:00 [queued]>
[2022-07-31 14:20:28,943] {taskinstance.py:1356} INFO - 
--------------------------------------------------------------------------------
[2022-07-31 14:20:28,943] {taskinstance.py:1357} INFO - Starting attempt 5 of 6
[2022-07-31 14:20:28,943] {taskinstance.py:1358} INFO - 
--------------------------------------------------------------------------------
[2022-07-31 14:20:28,961] {taskinstance.py:1377} INFO - Executing <Task(PostgresOperator): create_postgres_table> on 2022-01-31 00:00:00+00:00
[2022-07-31 14:20:28,966] {standard_task_runner.py:52} INFO - Started process 4564 to run task
[2022-07-31 14:20:28,968] {standard_task_runner.py:79} INFO - Running: ['***', 'tasks', 'run', 'dag_with_postgres_operator', 'create_postgres_table', 'scheduled__2022-01-31T00:00:00+00:00', '--job-id', '270', '--raw', '--subdir', 'DAGS_FOLDER/DAGWithPostgresOperator.py', '--cfg-path', '/tmp/tmpmsx7ta6q', '--error-file', '/tmp/tmpclhbk8xi']
[2022-07-31 14:20:28,969] {standard_task_runner.py:80} INFO - Job 270: Subtask create_postgres_table
[2022-07-31 14:20:29,043] {task_command.py:369} INFO - Running <TaskInstance: dag_with_postgres_operator.create_postgres_table scheduled__2022-01-31T00:00:00+00:00 [running]> on host 4688dd3b7141
[2022-07-31 14:20:29,151] {taskinstance.py:1571} INFO - Exporting the following env vars:
AIRFLOW_CTX_DAG_OWNER=yosr
AIRFLOW_CTX_DAG_ID=dag_with_postgres_operator
AIRFLOW_CTX_TASK_ID=create_postgres_table
AIRFLOW_CTX_EXECUTION_DATE=2022-01-31T00:00:00+00:00
AIRFLOW_CTX_TRY_NUMBER=5
AIRFLOW_CTX_DAG_RUN_ID=scheduled__2022-01-31T00:00:00+00:00
[2022-07-31 14:20:29,188] {taskinstance.py:1889} ERROR - Task failed with exception
Traceback (most recent call last):
  File "/home/airflow/.local/lib/python3.7/site-packages/airflow/providers/postgres/operators/postgres.py", line 92, in execute
    self.hook.run(self.sql, self.autocommit, parameters=self.parameters)
  File "/home/airflow/.local/lib/python3.7/site-packages/airflow/hooks/dbapi.py", line 181, in run
    with closing(self.get_conn()) as conn:
  File "/home/airflow/.local/lib/python3.7/site-packages/airflow/providers/postgres/hooks/postgres.py", line 86, in get_conn
    conn = deepcopy(self.connection or self.get_connection(conn_id))
  File "/home/airflow/.local/lib/python3.7/site-packages/airflow/hooks/base.py", line 67, in get_connection
    conn = Connection.get_connection_from_secrets(conn_id)
  File "/home/airflow/.local/lib/python3.7/site-packages/airflow/models/connection.py", line 430, in get_connection_from_secrets
    raise AirflowNotFoundException(f"The conn_id `{conn_id}` isn't defined")
airflow.exceptions.AirflowNotFoundException: The conn_id `postgres_localhost` isn't defined
[2022-07-31 14:20:29,194] {taskinstance.py:1400} INFO - Marking task as UP_FOR_RETRY. dag_id=dag_with_postgres_operator, task_id=create_postgres_table, execution_date=20220131T000000, start_date=20220731T142028, end_date=20220731T142029
[2022-07-31 14:20:29,213] {standard_task_runner.py:97} ERROR - Failed to execute job 270 for task create_postgres_table (The conn_id `postgres_localhost` isn't defined; 4564)
[2022-07-31 14:20:29,229] {local_task_job.py:156} INFO - Task exited with return code 1
[2022-07-31 14:20:29,280] {local_task_job.py:273} INFO - 0 downstream tasks scheduled from follow-on schedule check
