[2022-07-29 10:55:15,214] {taskinstance.py:1159} INFO - Dependencies all met for <TaskInstance: Second_one.first_task scheduled__2022-01-11T00:00:00+00:00 [queued]>
[2022-07-29 10:55:15,225] {taskinstance.py:1159} INFO - Dependencies all met for <TaskInstance: Second_one.first_task scheduled__2022-01-11T00:00:00+00:00 [queued]>
[2022-07-29 10:55:15,225] {taskinstance.py:1356} INFO - 
--------------------------------------------------------------------------------
[2022-07-29 10:55:15,225] {taskinstance.py:1357} INFO - Starting attempt 1 of 6
[2022-07-29 10:55:15,225] {taskinstance.py:1358} INFO - 
--------------------------------------------------------------------------------
[2022-07-29 10:55:15,243] {taskinstance.py:1377} INFO - Executing <Task(BashOperator): first_task> on 2022-01-11 00:00:00+00:00
[2022-07-29 10:55:15,247] {standard_task_runner.py:52} INFO - Started process 3015 to run task
[2022-07-29 10:55:15,250] {standard_task_runner.py:79} INFO - Running: ['***', 'tasks', 'run', 'Second_one', 'first_task', 'scheduled__2022-01-11T00:00:00+00:00', '--job-id', '214', '--raw', '--subdir', 'DAGS_FOLDER/Second_One.py', '--cfg-path', '/tmp/tmpr61t4shf', '--error-file', '/tmp/tmpovwdvkzy']
[2022-07-29 10:55:15,251] {standard_task_runner.py:80} INFO - Job 214: Subtask first_task
[2022-07-29 10:55:15,328] {task_command.py:369} INFO - Running <TaskInstance: Second_one.first_task scheduled__2022-01-11T00:00:00+00:00 [running]> on host 9f0f006fc89d
[2022-07-29 10:55:15,446] {taskinstance.py:1571} INFO - Exporting the following env vars:
AIRFLOW_CTX_DAG_OWNER=yosr
AIRFLOW_CTX_DAG_ID=Second_one
AIRFLOW_CTX_TASK_ID=first_task
AIRFLOW_CTX_EXECUTION_DATE=2022-01-11T00:00:00+00:00
AIRFLOW_CTX_TRY_NUMBER=1
AIRFLOW_CTX_DAG_RUN_ID=scheduled__2022-01-11T00:00:00+00:00
[2022-07-29 10:55:15,447] {subprocess.py:62} INFO - Tmp dir root location: 
 /tmp
[2022-07-29 10:55:15,448] {subprocess.py:74} INFO - Running command: ['bash', '-c', 'echo hello world']
[2022-07-29 10:55:15,460] {subprocess.py:85} INFO - Output:
[2022-07-29 10:55:15,463] {subprocess.py:92} INFO - hello world
[2022-07-29 10:55:15,463] {subprocess.py:96} INFO - Command exited with return code 0
[2022-07-29 10:55:15,507] {taskinstance.py:1400} INFO - Marking task as SUCCESS. dag_id=Second_one, task_id=first_task, execution_date=20220111T000000, start_date=20220729T105515, end_date=20220729T105515
[2022-07-29 10:55:15,553] {local_task_job.py:156} INFO - Task exited with return code 0
[2022-07-29 10:55:15,597] {local_task_job.py:273} INFO - 0 downstream tasks scheduled from follow-on schedule check
