[2022-07-30 19:04:21,017] {taskinstance.py:1159} INFO - Dependencies all met for <TaskInstance: dag_with_postgres_operator.create_postgres_table scheduled__2022-02-17T00:00:00+00:00 [queued]>
[2022-07-30 19:04:21,035] {taskinstance.py:1159} INFO - Dependencies all met for <TaskInstance: dag_with_postgres_operator.create_postgres_table scheduled__2022-02-17T00:00:00+00:00 [queued]>
[2022-07-30 19:04:21,035] {taskinstance.py:1356} INFO - 
--------------------------------------------------------------------------------
[2022-07-30 19:04:21,035] {taskinstance.py:1357} INFO - Starting attempt 3 of 6
[2022-07-30 19:04:21,035] {taskinstance.py:1358} INFO - 
--------------------------------------------------------------------------------
[2022-07-30 19:04:21,053] {taskinstance.py:1377} INFO - Executing <Task(PostgresOperator): create_postgres_table> on 2022-02-17 00:00:00+00:00
[2022-07-30 19:04:21,059] {standard_task_runner.py:52} INFO - Started process 5007 to run task
[2022-07-30 19:04:21,063] {standard_task_runner.py:79} INFO - Running: ['***', 'tasks', 'run', 'dag_with_postgres_operator', 'create_postgres_table', 'scheduled__2022-02-17T00:00:00+00:00', '--job-id', '335', '--raw', '--subdir', 'DAGS_FOLDER/DAGWithPostgresOperator.py', '--cfg-path', '/tmp/tmpfzj9njk5', '--error-file', '/tmp/tmpwhazum0e']
[2022-07-30 19:04:21,063] {standard_task_runner.py:80} INFO - Job 335: Subtask create_postgres_table
[2022-07-30 19:04:21,132] {task_command.py:369} INFO - Running <TaskInstance: dag_with_postgres_operator.create_postgres_table scheduled__2022-02-17T00:00:00+00:00 [running]> on host 66bf18ec08cc
[2022-07-30 19:04:21,226] {taskinstance.py:1571} INFO - Exporting the following env vars:
AIRFLOW_CTX_DAG_OWNER=yosr
AIRFLOW_CTX_DAG_ID=dag_with_postgres_operator
AIRFLOW_CTX_TASK_ID=create_postgres_table
AIRFLOW_CTX_EXECUTION_DATE=2022-02-17T00:00:00+00:00
AIRFLOW_CTX_TRY_NUMBER=3
AIRFLOW_CTX_DAG_RUN_ID=scheduled__2022-02-17T00:00:00+00:00
[2022-07-30 19:04:21,240] {base.py:68} INFO - Using connection ID 'postgres_localhost' for task execution.
[2022-07-30 19:04:21,241] {taskinstance.py:1889} ERROR - Task failed with exception
Traceback (most recent call last):
  File "/home/airflow/.local/lib/python3.7/site-packages/airflow/providers/postgres/operators/postgres.py", line 92, in execute
    self.hook.run(self.sql, self.autocommit, parameters=self.parameters)
  File "/home/airflow/.local/lib/python3.7/site-packages/airflow/hooks/dbapi.py", line 181, in run
    with closing(self.get_conn()) as conn:
  File "/home/airflow/.local/lib/python3.7/site-packages/airflow/providers/postgres/hooks/postgres.py", line 113, in get_conn
    self.conn = psycopg2.connect(**conn_args)
  File "/home/airflow/.local/lib/python3.7/site-packages/psycopg2/__init__.py", line 122, in connect
    conn = _connect(dsn, connection_factory=connection_factory, **kwasync)
psycopg2.OperationalError: could not translate host name "host.docker.internal " to address: Name or service not known

[2022-07-30 19:04:21,254] {taskinstance.py:1400} INFO - Marking task as UP_FOR_RETRY. dag_id=dag_with_postgres_operator, task_id=create_postgres_table, execution_date=20220217T000000, start_date=20220730T190421, end_date=20220730T190421
[2022-07-30 19:04:21,271] {standard_task_runner.py:97} ERROR - Failed to execute job 335 for task create_postgres_table (could not translate host name "host.docker.internal " to address: Name or service not known
; 5007)
[2022-07-30 19:04:21,280] {local_task_job.py:156} INFO - Task exited with return code 1
[2022-07-30 19:04:21,329] {local_task_job.py:273} INFO - 0 downstream tasks scheduled from follow-on schedule check
[2022-07-31 10:06:36,606] {taskinstance.py:1159} INFO - Dependencies all met for <TaskInstance: dag_with_postgres_operator.create_postgres_table scheduled__2022-02-17T00:00:00+00:00 [queued]>
[2022-07-31 10:06:36,623] {taskinstance.py:1159} INFO - Dependencies all met for <TaskInstance: dag_with_postgres_operator.create_postgres_table scheduled__2022-02-17T00:00:00+00:00 [queued]>
[2022-07-31 10:06:36,623] {taskinstance.py:1356} INFO - 
--------------------------------------------------------------------------------
[2022-07-31 10:06:36,623] {taskinstance.py:1357} INFO - Starting attempt 3 of 6
[2022-07-31 10:06:36,624] {taskinstance.py:1358} INFO - 
--------------------------------------------------------------------------------
[2022-07-31 10:06:36,644] {taskinstance.py:1377} INFO - Executing <Task(PostgresOperator): create_postgres_table> on 2022-02-17 00:00:00+00:00
[2022-07-31 10:06:36,648] {standard_task_runner.py:52} INFO - Started process 1478 to run task
[2022-07-31 10:06:36,653] {standard_task_runner.py:79} INFO - Running: ['***', 'tasks', 'run', 'dag_with_postgres_operator', 'create_postgres_table', 'scheduled__2022-02-17T00:00:00+00:00', '--job-id', '1345', '--raw', '--subdir', 'DAGS_FOLDER/DAGWithPostgresOperator.py', '--cfg-path', '/tmp/tmpeht92tsq', '--error-file', '/tmp/tmpqwrml1ju']
[2022-07-31 10:06:36,654] {standard_task_runner.py:80} INFO - Job 1345: Subtask create_postgres_table
[2022-07-31 10:06:36,725] {task_command.py:369} INFO - Running <TaskInstance: dag_with_postgres_operator.create_postgres_table scheduled__2022-02-17T00:00:00+00:00 [running]> on host 66bf18ec08cc
[2022-07-31 10:06:36,817] {taskinstance.py:1571} INFO - Exporting the following env vars:
AIRFLOW_CTX_DAG_OWNER=yosr
AIRFLOW_CTX_DAG_ID=dag_with_postgres_operator
AIRFLOW_CTX_TASK_ID=create_postgres_table
AIRFLOW_CTX_EXECUTION_DATE=2022-02-17T00:00:00+00:00
AIRFLOW_CTX_TRY_NUMBER=3
AIRFLOW_CTX_DAG_RUN_ID=scheduled__2022-02-17T00:00:00+00:00
[2022-07-31 10:06:36,831] {base.py:68} INFO - Using connection ID 'postgres_localhost' for task execution.
[2022-07-31 10:06:36,832] {taskinstance.py:1889} ERROR - Task failed with exception
Traceback (most recent call last):
  File "/home/airflow/.local/lib/python3.7/site-packages/airflow/providers/postgres/operators/postgres.py", line 92, in execute
    self.hook.run(self.sql, self.autocommit, parameters=self.parameters)
  File "/home/airflow/.local/lib/python3.7/site-packages/airflow/hooks/dbapi.py", line 181, in run
    with closing(self.get_conn()) as conn:
  File "/home/airflow/.local/lib/python3.7/site-packages/airflow/providers/postgres/hooks/postgres.py", line 113, in get_conn
    self.conn = psycopg2.connect(**conn_args)
  File "/home/airflow/.local/lib/python3.7/site-packages/psycopg2/__init__.py", line 122, in connect
    conn = _connect(dsn, connection_factory=connection_factory, **kwasync)
psycopg2.OperationalError: could not translate host name "host.docker.local " to address: Name or service not known

[2022-07-31 10:06:36,843] {taskinstance.py:1400} INFO - Marking task as UP_FOR_RETRY. dag_id=dag_with_postgres_operator, task_id=create_postgres_table, execution_date=20220217T000000, start_date=20220731T100636, end_date=20220731T100636
[2022-07-31 10:06:36,858] {standard_task_runner.py:97} ERROR - Failed to execute job 1345 for task create_postgres_table (could not translate host name "host.docker.local " to address: Name or service not known
; 1478)
[2022-07-31 10:06:36,869] {local_task_job.py:156} INFO - Task exited with return code 1
[2022-07-31 10:06:36,993] {local_task_job.py:273} INFO - 0 downstream tasks scheduled from follow-on schedule check
[2022-07-31 14:35:39,498] {taskinstance.py:1159} INFO - Dependencies all met for <TaskInstance: dag_with_postgres_operator.create_postgres_table scheduled__2022-02-17T00:00:00+00:00 [queued]>
[2022-07-31 14:35:39,513] {taskinstance.py:1159} INFO - Dependencies all met for <TaskInstance: dag_with_postgres_operator.create_postgres_table scheduled__2022-02-17T00:00:00+00:00 [queued]>
[2022-07-31 14:35:39,513] {taskinstance.py:1356} INFO - 
--------------------------------------------------------------------------------
[2022-07-31 14:35:39,513] {taskinstance.py:1357} INFO - Starting attempt 3 of 6
[2022-07-31 14:35:39,514] {taskinstance.py:1358} INFO - 
--------------------------------------------------------------------------------
[2022-07-31 14:35:39,537] {taskinstance.py:1377} INFO - Executing <Task(PostgresOperator): create_postgres_table> on 2022-02-17 00:00:00+00:00
[2022-07-31 14:35:39,544] {standard_task_runner.py:52} INFO - Started process 5404 to run task
[2022-07-31 14:35:39,547] {standard_task_runner.py:79} INFO - Running: ['***', 'tasks', 'run', 'dag_with_postgres_operator', 'create_postgres_table', 'scheduled__2022-02-17T00:00:00+00:00', '--job-id', '336', '--raw', '--subdir', 'DAGS_FOLDER/DAGWithPostgresOperator.py', '--cfg-path', '/tmp/tmp456ghqo9', '--error-file', '/tmp/tmpl5gr6z88']
[2022-07-31 14:35:39,548] {standard_task_runner.py:80} INFO - Job 336: Subtask create_postgres_table
[2022-07-31 14:35:39,684] {task_command.py:369} INFO - Running <TaskInstance: dag_with_postgres_operator.create_postgres_table scheduled__2022-02-17T00:00:00+00:00 [running]> on host 4688dd3b7141
[2022-07-31 14:35:39,821] {taskinstance.py:1571} INFO - Exporting the following env vars:
AIRFLOW_CTX_DAG_OWNER=yosr
AIRFLOW_CTX_DAG_ID=dag_with_postgres_operator
AIRFLOW_CTX_TASK_ID=create_postgres_table
AIRFLOW_CTX_EXECUTION_DATE=2022-02-17T00:00:00+00:00
AIRFLOW_CTX_TRY_NUMBER=3
AIRFLOW_CTX_DAG_RUN_ID=scheduled__2022-02-17T00:00:00+00:00
[2022-07-31 14:35:39,843] {base.py:68} INFO - Using connection ID 'postgres_localhost' for task execution.
[2022-07-31 14:35:54,855] {taskinstance.py:1889} ERROR - Task failed with exception
Traceback (most recent call last):
  File "/home/airflow/.local/lib/python3.7/site-packages/airflow/providers/postgres/operators/postgres.py", line 92, in execute
    self.hook.run(self.sql, self.autocommit, parameters=self.parameters)
  File "/home/airflow/.local/lib/python3.7/site-packages/airflow/hooks/dbapi.py", line 181, in run
    with closing(self.get_conn()) as conn:
  File "/home/airflow/.local/lib/python3.7/site-packages/airflow/providers/postgres/hooks/postgres.py", line 113, in get_conn
    self.conn = psycopg2.connect(**conn_args)
  File "/home/airflow/.local/lib/python3.7/site-packages/psycopg2/__init__.py", line 122, in connect
    conn = _connect(dsn, connection_factory=connection_factory, **kwasync)
psycopg2.OperationalError: could not translate host name "host.docker.local" to address: Temporary failure in name resolution

[2022-07-31 14:35:54,871] {taskinstance.py:1400} INFO - Marking task as UP_FOR_RETRY. dag_id=dag_with_postgres_operator, task_id=create_postgres_table, execution_date=20220217T000000, start_date=20220731T143539, end_date=20220731T143554
[2022-07-31 14:35:54,889] {standard_task_runner.py:97} ERROR - Failed to execute job 336 for task create_postgres_table (could not translate host name "host.docker.local" to address: Temporary failure in name resolution
; 5404)
[2022-07-31 14:35:54,920] {local_task_job.py:156} INFO - Task exited with return code 1
[2022-07-31 14:35:54,963] {local_task_job.py:273} INFO - 0 downstream tasks scheduled from follow-on schedule check
