[2022-07-30 19:14:23,274] {taskinstance.py:1159} INFO - Dependencies all met for <TaskInstance: dag_with_postgres_operator.create_postgres_table scheduled__2022-02-17T00:00:00+00:00 [queued]>
[2022-07-30 19:14:23,292] {taskinstance.py:1159} INFO - Dependencies all met for <TaskInstance: dag_with_postgres_operator.create_postgres_table scheduled__2022-02-17T00:00:00+00:00 [queued]>
[2022-07-30 19:14:23,292] {taskinstance.py:1356} INFO - 
--------------------------------------------------------------------------------
[2022-07-30 19:14:23,292] {taskinstance.py:1357} INFO - Starting attempt 5 of 6
[2022-07-30 19:14:23,292] {taskinstance.py:1358} INFO - 
--------------------------------------------------------------------------------
[2022-07-30 19:14:23,315] {taskinstance.py:1377} INFO - Executing <Task(PostgresOperator): create_postgres_table> on 2022-02-17 00:00:00+00:00
[2022-07-30 19:14:23,321] {standard_task_runner.py:52} INFO - Started process 5531 to run task
[2022-07-30 19:14:23,328] {standard_task_runner.py:79} INFO - Running: ['***', 'tasks', 'run', 'dag_with_postgres_operator', 'create_postgres_table', 'scheduled__2022-02-17T00:00:00+00:00', '--job-id', '363', '--raw', '--subdir', 'DAGS_FOLDER/DAGWithPostgresOperator.py', '--cfg-path', '/tmp/tmpdfu54770', '--error-file', '/tmp/tmpzduh6xos']
[2022-07-30 19:14:23,329] {standard_task_runner.py:80} INFO - Job 363: Subtask create_postgres_table
[2022-07-30 19:14:23,459] {task_command.py:369} INFO - Running <TaskInstance: dag_with_postgres_operator.create_postgres_table scheduled__2022-02-17T00:00:00+00:00 [running]> on host 66bf18ec08cc
[2022-07-30 19:14:23,605] {taskinstance.py:1571} INFO - Exporting the following env vars:
AIRFLOW_CTX_DAG_OWNER=yosr
AIRFLOW_CTX_DAG_ID=dag_with_postgres_operator
AIRFLOW_CTX_TASK_ID=create_postgres_table
AIRFLOW_CTX_EXECUTION_DATE=2022-02-17T00:00:00+00:00
AIRFLOW_CTX_TRY_NUMBER=5
AIRFLOW_CTX_DAG_RUN_ID=scheduled__2022-02-17T00:00:00+00:00
[2022-07-30 19:14:23,631] {base.py:68} INFO - Using connection ID 'postgres_localhost' for task execution.
[2022-07-30 19:14:23,632] {taskinstance.py:1889} ERROR - Task failed with exception
Traceback (most recent call last):
  File "/home/airflow/.local/lib/python3.7/site-packages/airflow/providers/postgres/operators/postgres.py", line 92, in execute
    self.hook.run(self.sql, self.autocommit, parameters=self.parameters)
  File "/home/airflow/.local/lib/python3.7/site-packages/airflow/hooks/dbapi.py", line 181, in run
    with closing(self.get_conn()) as conn:
  File "/home/airflow/.local/lib/python3.7/site-packages/airflow/providers/postgres/hooks/postgres.py", line 113, in get_conn
    self.conn = psycopg2.connect(**conn_args)
  File "/home/airflow/.local/lib/python3.7/site-packages/psycopg2/__init__.py", line 122, in connect
    conn = _connect(dsn, connection_factory=connection_factory, **kwasync)
psycopg2.OperationalError: could not translate host name "host.docker.internal " to address: Name or service not known

[2022-07-30 19:14:23,654] {taskinstance.py:1400} INFO - Marking task as UP_FOR_RETRY. dag_id=dag_with_postgres_operator, task_id=create_postgres_table, execution_date=20220217T000000, start_date=20220730T191423, end_date=20220730T191423
[2022-07-30 19:14:23,685] {standard_task_runner.py:97} ERROR - Failed to execute job 363 for task create_postgres_table (could not translate host name "host.docker.internal " to address: Name or service not known
; 5531)
[2022-07-30 19:14:23,716] {local_task_job.py:156} INFO - Task exited with return code 1
[2022-07-30 19:14:23,936] {local_task_job.py:273} INFO - 0 downstream tasks scheduled from follow-on schedule check
[2022-07-31 10:16:38,485] {taskinstance.py:1159} INFO - Dependencies all met for <TaskInstance: dag_with_postgres_operator.create_postgres_table scheduled__2022-02-17T00:00:00+00:00 [queued]>
[2022-07-31 10:16:38,512] {taskinstance.py:1159} INFO - Dependencies all met for <TaskInstance: dag_with_postgres_operator.create_postgres_table scheduled__2022-02-17T00:00:00+00:00 [queued]>
[2022-07-31 10:16:38,512] {taskinstance.py:1356} INFO - 
--------------------------------------------------------------------------------
[2022-07-31 10:16:38,512] {taskinstance.py:1357} INFO - Starting attempt 5 of 6
[2022-07-31 10:16:38,512] {taskinstance.py:1358} INFO - 
--------------------------------------------------------------------------------
[2022-07-31 10:16:38,535] {taskinstance.py:1377} INFO - Executing <Task(PostgresOperator): create_postgres_table> on 2022-02-17 00:00:00+00:00
[2022-07-31 10:16:38,541] {standard_task_runner.py:52} INFO - Started process 2004 to run task
[2022-07-31 10:16:38,544] {standard_task_runner.py:79} INFO - Running: ['***', 'tasks', 'run', 'dag_with_postgres_operator', 'create_postgres_table', 'scheduled__2022-02-17T00:00:00+00:00', '--job-id', '1377', '--raw', '--subdir', 'DAGS_FOLDER/DAGWithPostgresOperator.py', '--cfg-path', '/tmp/tmpq0wmystk', '--error-file', '/tmp/tmpntgeg0k_']
[2022-07-31 10:16:38,544] {standard_task_runner.py:80} INFO - Job 1377: Subtask create_postgres_table
[2022-07-31 10:16:38,635] {task_command.py:369} INFO - Running <TaskInstance: dag_with_postgres_operator.create_postgres_table scheduled__2022-02-17T00:00:00+00:00 [running]> on host 66bf18ec08cc
[2022-07-31 10:16:38,748] {taskinstance.py:1571} INFO - Exporting the following env vars:
AIRFLOW_CTX_DAG_OWNER=yosr
AIRFLOW_CTX_DAG_ID=dag_with_postgres_operator
AIRFLOW_CTX_TASK_ID=create_postgres_table
AIRFLOW_CTX_EXECUTION_DATE=2022-02-17T00:00:00+00:00
AIRFLOW_CTX_TRY_NUMBER=5
AIRFLOW_CTX_DAG_RUN_ID=scheduled__2022-02-17T00:00:00+00:00
[2022-07-31 10:16:38,761] {base.py:68} INFO - Using connection ID 'postgres_localhost' for task execution.
[2022-07-31 10:16:38,763] {taskinstance.py:1889} ERROR - Task failed with exception
Traceback (most recent call last):
  File "/home/airflow/.local/lib/python3.7/site-packages/airflow/providers/postgres/operators/postgres.py", line 92, in execute
    self.hook.run(self.sql, self.autocommit, parameters=self.parameters)
  File "/home/airflow/.local/lib/python3.7/site-packages/airflow/hooks/dbapi.py", line 181, in run
    with closing(self.get_conn()) as conn:
  File "/home/airflow/.local/lib/python3.7/site-packages/airflow/providers/postgres/hooks/postgres.py", line 113, in get_conn
    self.conn = psycopg2.connect(**conn_args)
  File "/home/airflow/.local/lib/python3.7/site-packages/psycopg2/__init__.py", line 122, in connect
    conn = _connect(dsn, connection_factory=connection_factory, **kwasync)
psycopg2.OperationalError: could not translate host name "host.docker.local " to address: Name or service not known

[2022-07-31 10:16:38,775] {taskinstance.py:1400} INFO - Marking task as UP_FOR_RETRY. dag_id=dag_with_postgres_operator, task_id=create_postgres_table, execution_date=20220217T000000, start_date=20220731T101638, end_date=20220731T101638
[2022-07-31 10:16:38,790] {standard_task_runner.py:97} ERROR - Failed to execute job 1377 for task create_postgres_table (could not translate host name "host.docker.local " to address: Name or service not known
; 2004)
[2022-07-31 10:16:38,804] {local_task_job.py:156} INFO - Task exited with return code 1
[2022-07-31 10:16:38,913] {local_task_job.py:273} INFO - 0 downstream tasks scheduled from follow-on schedule check
[2022-07-31 14:46:06,176] {taskinstance.py:1159} INFO - Dependencies all met for <TaskInstance: dag_with_postgres_operator.create_postgres_table scheduled__2022-02-17T00:00:00+00:00 [queued]>
[2022-07-31 14:46:06,192] {taskinstance.py:1159} INFO - Dependencies all met for <TaskInstance: dag_with_postgres_operator.create_postgres_table scheduled__2022-02-17T00:00:00+00:00 [queued]>
[2022-07-31 14:46:06,192] {taskinstance.py:1356} INFO - 
--------------------------------------------------------------------------------
[2022-07-31 14:46:06,193] {taskinstance.py:1357} INFO - Starting attempt 5 of 6
[2022-07-31 14:46:06,193] {taskinstance.py:1358} INFO - 
--------------------------------------------------------------------------------
[2022-07-31 14:46:06,211] {taskinstance.py:1377} INFO - Executing <Task(PostgresOperator): create_postgres_table> on 2022-02-17 00:00:00+00:00
[2022-07-31 14:46:06,216] {standard_task_runner.py:52} INFO - Started process 5937 to run task
[2022-07-31 14:46:06,219] {standard_task_runner.py:79} INFO - Running: ['***', 'tasks', 'run', 'dag_with_postgres_operator', 'create_postgres_table', 'scheduled__2022-02-17T00:00:00+00:00', '--job-id', '360', '--raw', '--subdir', 'DAGS_FOLDER/DAGWithPostgresOperator.py', '--cfg-path', '/tmp/tmp44v06gcw', '--error-file', '/tmp/tmp81ns2pjk']
[2022-07-31 14:46:06,220] {standard_task_runner.py:80} INFO - Job 360: Subtask create_postgres_table
[2022-07-31 14:46:06,284] {task_command.py:369} INFO - Running <TaskInstance: dag_with_postgres_operator.create_postgres_table scheduled__2022-02-17T00:00:00+00:00 [running]> on host 4688dd3b7141
[2022-07-31 14:46:06,371] {taskinstance.py:1571} INFO - Exporting the following env vars:
AIRFLOW_CTX_DAG_OWNER=yosr
AIRFLOW_CTX_DAG_ID=dag_with_postgres_operator
AIRFLOW_CTX_TASK_ID=create_postgres_table
AIRFLOW_CTX_EXECUTION_DATE=2022-02-17T00:00:00+00:00
AIRFLOW_CTX_TRY_NUMBER=5
AIRFLOW_CTX_DAG_RUN_ID=scheduled__2022-02-17T00:00:00+00:00
[2022-07-31 14:46:06,386] {base.py:68} INFO - Using connection ID 'postgres_localhost' for task execution.
[2022-07-31 14:46:21,398] {taskinstance.py:1889} ERROR - Task failed with exception
Traceback (most recent call last):
  File "/home/airflow/.local/lib/python3.7/site-packages/airflow/providers/postgres/operators/postgres.py", line 92, in execute
    self.hook.run(self.sql, self.autocommit, parameters=self.parameters)
  File "/home/airflow/.local/lib/python3.7/site-packages/airflow/hooks/dbapi.py", line 181, in run
    with closing(self.get_conn()) as conn:
  File "/home/airflow/.local/lib/python3.7/site-packages/airflow/providers/postgres/hooks/postgres.py", line 113, in get_conn
    self.conn = psycopg2.connect(**conn_args)
  File "/home/airflow/.local/lib/python3.7/site-packages/psycopg2/__init__.py", line 122, in connect
    conn = _connect(dsn, connection_factory=connection_factory, **kwasync)
psycopg2.OperationalError: could not translate host name "host.docker.local" to address: Temporary failure in name resolution

[2022-07-31 14:46:21,412] {taskinstance.py:1400} INFO - Marking task as UP_FOR_RETRY. dag_id=dag_with_postgres_operator, task_id=create_postgres_table, execution_date=20220217T000000, start_date=20220731T144606, end_date=20220731T144621
[2022-07-31 14:46:21,427] {standard_task_runner.py:97} ERROR - Failed to execute job 360 for task create_postgres_table (could not translate host name "host.docker.local" to address: Temporary failure in name resolution
; 5937)
[2022-07-31 14:46:21,435] {local_task_job.py:156} INFO - Task exited with return code 1
[2022-07-31 14:46:21,471] {local_task_job.py:273} INFO - 0 downstream tasks scheduled from follow-on schedule check
