[2022-07-30 18:54:19,237] {taskinstance.py:1159} INFO - Dependencies all met for <TaskInstance: dag_with_postgres_operator.create_postgres_table scheduled__2022-02-17T00:00:00+00:00 [queued]>
[2022-07-30 18:54:19,257] {taskinstance.py:1159} INFO - Dependencies all met for <TaskInstance: dag_with_postgres_operator.create_postgres_table scheduled__2022-02-17T00:00:00+00:00 [queued]>
[2022-07-30 18:54:19,257] {taskinstance.py:1356} INFO - 
--------------------------------------------------------------------------------
[2022-07-30 18:54:19,257] {taskinstance.py:1357} INFO - Starting attempt 1 of 6
[2022-07-30 18:54:19,257] {taskinstance.py:1358} INFO - 
--------------------------------------------------------------------------------
[2022-07-30 18:54:19,285] {taskinstance.py:1377} INFO - Executing <Task(PostgresOperator): create_postgres_table> on 2022-02-17 00:00:00+00:00
[2022-07-30 18:54:19,293] {standard_task_runner.py:52} INFO - Started process 4475 to run task
[2022-07-30 18:54:19,300] {standard_task_runner.py:79} INFO - Running: ['***', 'tasks', 'run', 'dag_with_postgres_operator', 'create_postgres_table', 'scheduled__2022-02-17T00:00:00+00:00', '--job-id', '303', '--raw', '--subdir', 'DAGS_FOLDER/DAGWithPostgresOperator.py', '--cfg-path', '/tmp/tmpvk_cm2su', '--error-file', '/tmp/tmpf1vqc2mb']
[2022-07-30 18:54:19,300] {standard_task_runner.py:80} INFO - Job 303: Subtask create_postgres_table
[2022-07-30 18:54:19,399] {task_command.py:369} INFO - Running <TaskInstance: dag_with_postgres_operator.create_postgres_table scheduled__2022-02-17T00:00:00+00:00 [running]> on host 66bf18ec08cc
[2022-07-30 18:54:19,516] {taskinstance.py:1571} INFO - Exporting the following env vars:
AIRFLOW_CTX_DAG_OWNER=yosr
AIRFLOW_CTX_DAG_ID=dag_with_postgres_operator
AIRFLOW_CTX_TASK_ID=create_postgres_table
AIRFLOW_CTX_EXECUTION_DATE=2022-02-17T00:00:00+00:00
AIRFLOW_CTX_TRY_NUMBER=1
AIRFLOW_CTX_DAG_RUN_ID=scheduled__2022-02-17T00:00:00+00:00
[2022-07-30 18:54:19,531] {base.py:68} INFO - Using connection ID 'postgres_localhost' for task execution.
[2022-07-30 18:54:19,533] {taskinstance.py:1889} ERROR - Task failed with exception
Traceback (most recent call last):
  File "/home/airflow/.local/lib/python3.7/site-packages/airflow/providers/postgres/operators/postgres.py", line 92, in execute
    self.hook.run(self.sql, self.autocommit, parameters=self.parameters)
  File "/home/airflow/.local/lib/python3.7/site-packages/airflow/hooks/dbapi.py", line 181, in run
    with closing(self.get_conn()) as conn:
  File "/home/airflow/.local/lib/python3.7/site-packages/airflow/providers/postgres/hooks/postgres.py", line 113, in get_conn
    self.conn = psycopg2.connect(**conn_args)
  File "/home/airflow/.local/lib/python3.7/site-packages/psycopg2/__init__.py", line 122, in connect
    conn = _connect(dsn, connection_factory=connection_factory, **kwasync)
psycopg2.OperationalError: could not translate host name "host.docker.internal " to address: Name or service not known

[2022-07-30 18:54:19,547] {taskinstance.py:1400} INFO - Marking task as UP_FOR_RETRY. dag_id=dag_with_postgres_operator, task_id=create_postgres_table, execution_date=20220217T000000, start_date=20220730T185419, end_date=20220730T185419
[2022-07-30 18:54:19,564] {standard_task_runner.py:97} ERROR - Failed to execute job 303 for task create_postgres_table (could not translate host name "host.docker.internal " to address: Name or service not known
; 4475)
[2022-07-30 18:54:19,598] {local_task_job.py:156} INFO - Task exited with return code 1
[2022-07-30 18:54:19,685] {local_task_job.py:273} INFO - 0 downstream tasks scheduled from follow-on schedule check
[2022-07-31 09:56:34,748] {taskinstance.py:1159} INFO - Dependencies all met for <TaskInstance: dag_with_postgres_operator.create_postgres_table scheduled__2022-02-17T00:00:00+00:00 [queued]>
[2022-07-31 09:56:34,762] {taskinstance.py:1159} INFO - Dependencies all met for <TaskInstance: dag_with_postgres_operator.create_postgres_table scheduled__2022-02-17T00:00:00+00:00 [queued]>
[2022-07-31 09:56:34,762] {taskinstance.py:1356} INFO - 
--------------------------------------------------------------------------------
[2022-07-31 09:56:34,763] {taskinstance.py:1357} INFO - Starting attempt 1 of 6
[2022-07-31 09:56:34,763] {taskinstance.py:1358} INFO - 
--------------------------------------------------------------------------------
[2022-07-31 09:56:34,782] {taskinstance.py:1377} INFO - Executing <Task(PostgresOperator): create_postgres_table> on 2022-02-17 00:00:00+00:00
[2022-07-31 09:56:34,787] {standard_task_runner.py:52} INFO - Started process 956 to run task
[2022-07-31 09:56:34,790] {standard_task_runner.py:79} INFO - Running: ['***', 'tasks', 'run', 'dag_with_postgres_operator', 'create_postgres_table', 'scheduled__2022-02-17T00:00:00+00:00', '--job-id', '1313', '--raw', '--subdir', 'DAGS_FOLDER/DAGWithPostgresOperator.py', '--cfg-path', '/tmp/tmpslqu86ak', '--error-file', '/tmp/tmpbk4u1oku']
[2022-07-31 09:56:34,790] {standard_task_runner.py:80} INFO - Job 1313: Subtask create_postgres_table
[2022-07-31 09:56:34,866] {task_command.py:369} INFO - Running <TaskInstance: dag_with_postgres_operator.create_postgres_table scheduled__2022-02-17T00:00:00+00:00 [running]> on host 66bf18ec08cc
[2022-07-31 09:56:34,960] {taskinstance.py:1571} INFO - Exporting the following env vars:
AIRFLOW_CTX_DAG_OWNER=yosr
AIRFLOW_CTX_DAG_ID=dag_with_postgres_operator
AIRFLOW_CTX_TASK_ID=create_postgres_table
AIRFLOW_CTX_EXECUTION_DATE=2022-02-17T00:00:00+00:00
AIRFLOW_CTX_TRY_NUMBER=1
AIRFLOW_CTX_DAG_RUN_ID=scheduled__2022-02-17T00:00:00+00:00
[2022-07-31 09:56:34,972] {base.py:68} INFO - Using connection ID 'postgres_localhost' for task execution.
[2022-07-31 09:56:34,973] {taskinstance.py:1889} ERROR - Task failed with exception
Traceback (most recent call last):
  File "/home/airflow/.local/lib/python3.7/site-packages/airflow/providers/postgres/operators/postgres.py", line 92, in execute
    self.hook.run(self.sql, self.autocommit, parameters=self.parameters)
  File "/home/airflow/.local/lib/python3.7/site-packages/airflow/hooks/dbapi.py", line 181, in run
    with closing(self.get_conn()) as conn:
  File "/home/airflow/.local/lib/python3.7/site-packages/airflow/providers/postgres/hooks/postgres.py", line 113, in get_conn
    self.conn = psycopg2.connect(**conn_args)
  File "/home/airflow/.local/lib/python3.7/site-packages/psycopg2/__init__.py", line 122, in connect
    conn = _connect(dsn, connection_factory=connection_factory, **kwasync)
psycopg2.OperationalError: could not translate host name "host.docker.local " to address: Name or service not known

[2022-07-31 09:56:34,985] {taskinstance.py:1400} INFO - Marking task as UP_FOR_RETRY. dag_id=dag_with_postgres_operator, task_id=create_postgres_table, execution_date=20220217T000000, start_date=20220731T095634, end_date=20220731T095634
[2022-07-31 09:56:34,999] {standard_task_runner.py:97} ERROR - Failed to execute job 1313 for task create_postgres_table (could not translate host name "host.docker.local " to address: Name or service not known
; 956)
[2022-07-31 09:56:35,007] {local_task_job.py:156} INFO - Task exited with return code 1
[2022-07-31 09:56:35,115] {local_task_job.py:273} INFO - 0 downstream tasks scheduled from follow-on schedule check
[2022-07-31 14:25:37,688] {taskinstance.py:1159} INFO - Dependencies all met for <TaskInstance: dag_with_postgres_operator.create_postgres_table scheduled__2022-02-17T00:00:00+00:00 [queued]>
[2022-07-31 14:25:37,703] {taskinstance.py:1159} INFO - Dependencies all met for <TaskInstance: dag_with_postgres_operator.create_postgres_table scheduled__2022-02-17T00:00:00+00:00 [queued]>
[2022-07-31 14:25:37,704] {taskinstance.py:1356} INFO - 
--------------------------------------------------------------------------------
[2022-07-31 14:25:37,704] {taskinstance.py:1357} INFO - Starting attempt 1 of 6
[2022-07-31 14:25:37,704] {taskinstance.py:1358} INFO - 
--------------------------------------------------------------------------------
[2022-07-31 14:25:37,724] {taskinstance.py:1377} INFO - Executing <Task(PostgresOperator): create_postgres_table> on 2022-02-17 00:00:00+00:00
[2022-07-31 14:25:37,728] {standard_task_runner.py:52} INFO - Started process 4866 to run task
[2022-07-31 14:25:37,732] {standard_task_runner.py:79} INFO - Running: ['***', 'tasks', 'run', 'dag_with_postgres_operator', 'create_postgres_table', 'scheduled__2022-02-17T00:00:00+00:00', '--job-id', '303', '--raw', '--subdir', 'DAGS_FOLDER/DAGWithPostgresOperator.py', '--cfg-path', '/tmp/tmp7iioqs7q', '--error-file', '/tmp/tmphdlvc4l6']
[2022-07-31 14:25:37,733] {standard_task_runner.py:80} INFO - Job 303: Subtask create_postgres_table
[2022-07-31 14:25:37,814] {task_command.py:369} INFO - Running <TaskInstance: dag_with_postgres_operator.create_postgres_table scheduled__2022-02-17T00:00:00+00:00 [running]> on host 4688dd3b7141
[2022-07-31 14:25:37,915] {taskinstance.py:1571} INFO - Exporting the following env vars:
AIRFLOW_CTX_DAG_OWNER=yosr
AIRFLOW_CTX_DAG_ID=dag_with_postgres_operator
AIRFLOW_CTX_TASK_ID=create_postgres_table
AIRFLOW_CTX_EXECUTION_DATE=2022-02-17T00:00:00+00:00
AIRFLOW_CTX_TRY_NUMBER=1
AIRFLOW_CTX_DAG_RUN_ID=scheduled__2022-02-17T00:00:00+00:00
[2022-07-31 14:25:38,010] {taskinstance.py:1889} ERROR - Task failed with exception
Traceback (most recent call last):
  File "/home/airflow/.local/lib/python3.7/site-packages/airflow/providers/postgres/operators/postgres.py", line 92, in execute
    self.hook.run(self.sql, self.autocommit, parameters=self.parameters)
  File "/home/airflow/.local/lib/python3.7/site-packages/airflow/hooks/dbapi.py", line 181, in run
    with closing(self.get_conn()) as conn:
  File "/home/airflow/.local/lib/python3.7/site-packages/airflow/providers/postgres/hooks/postgres.py", line 86, in get_conn
    conn = deepcopy(self.connection or self.get_connection(conn_id))
  File "/home/airflow/.local/lib/python3.7/site-packages/airflow/hooks/base.py", line 67, in get_connection
    conn = Connection.get_connection_from_secrets(conn_id)
  File "/home/airflow/.local/lib/python3.7/site-packages/airflow/models/connection.py", line 430, in get_connection_from_secrets
    raise AirflowNotFoundException(f"The conn_id `{conn_id}` isn't defined")
airflow.exceptions.AirflowNotFoundException: The conn_id `postgres_localhost` isn't defined
[2022-07-31 14:25:38,018] {taskinstance.py:1400} INFO - Marking task as UP_FOR_RETRY. dag_id=dag_with_postgres_operator, task_id=create_postgres_table, execution_date=20220217T000000, start_date=20220731T142537, end_date=20220731T142538
[2022-07-31 14:25:38,036] {standard_task_runner.py:97} ERROR - Failed to execute job 303 for task create_postgres_table (The conn_id `postgres_localhost` isn't defined; 4866)
[2022-07-31 14:25:38,073] {local_task_job.py:156} INFO - Task exited with return code 1
[2022-07-31 14:25:38,122] {local_task_job.py:273} INFO - 0 downstream tasks scheduled from follow-on schedule check
