[2022-07-29 11:44:04,083] {taskinstance.py:1159} INFO - Dependencies all met for <TaskInstance: dag_with_python_operator.greet scheduled__2022-04-23T00:00:00+00:00 [queued]>
[2022-07-29 11:44:04,111] {taskinstance.py:1159} INFO - Dependencies all met for <TaskInstance: dag_with_python_operator.greet scheduled__2022-04-23T00:00:00+00:00 [queued]>
[2022-07-29 11:44:04,111] {taskinstance.py:1356} INFO - 
--------------------------------------------------------------------------------
[2022-07-29 11:44:04,111] {taskinstance.py:1357} INFO - Starting attempt 1 of 6
[2022-07-29 11:44:04,112] {taskinstance.py:1358} INFO - 
--------------------------------------------------------------------------------
[2022-07-29 11:44:04,135] {taskinstance.py:1377} INFO - Executing <Task(PythonOperator): greet> on 2022-04-23 00:00:00+00:00
[2022-07-29 11:44:04,141] {standard_task_runner.py:52} INFO - Started process 7020 to run task
[2022-07-29 11:44:04,144] {standard_task_runner.py:79} INFO - Running: ['***', 'tasks', 'run', 'dag_with_python_operator', 'greet', 'scheduled__2022-04-23T00:00:00+00:00', '--job-id', '1008', '--raw', '--subdir', 'DAGS_FOLDER/CreateDagWithPythonOperator.py', '--cfg-path', '/tmp/tmpcjtent8z', '--error-file', '/tmp/tmp_wsqhgv4']
[2022-07-29 11:44:04,145] {standard_task_runner.py:80} INFO - Job 1008: Subtask greet
[2022-07-29 11:44:04,235] {task_command.py:369} INFO - Running <TaskInstance: dag_with_python_operator.greet scheduled__2022-04-23T00:00:00+00:00 [running]> on host 9f0f006fc89d
[2022-07-29 11:44:04,344] {taskinstance.py:1571} INFO - Exporting the following env vars:
AIRFLOW_CTX_DAG_OWNER=yosr
AIRFLOW_CTX_DAG_ID=dag_with_python_operator
AIRFLOW_CTX_TASK_ID=greet
AIRFLOW_CTX_EXECUTION_DATE=2022-04-23T00:00:00+00:00
AIRFLOW_CTX_TRY_NUMBER=1
AIRFLOW_CTX_DAG_RUN_ID=scheduled__2022-04-23T00:00:00+00:00
[2022-07-29 11:44:04,345] {logging_mixin.py:115} INFO - some dict:  {'a': 1, 'b': 2}
[2022-07-29 11:44:04,383] {logging_mixin.py:115} INFO - Hello World! My name is yosr hb, and I am 22 years old!
[2022-07-29 11:44:04,383] {python.py:173} INFO - Done. Returned value was: None
[2022-07-29 11:44:04,403] {taskinstance.py:1400} INFO - Marking task as SUCCESS. dag_id=dag_with_python_operator, task_id=greet, execution_date=20220423T000000, start_date=20220729T114404, end_date=20220729T114404
[2022-07-29 11:44:04,452] {local_task_job.py:156} INFO - Task exited with return code 0
[2022-07-29 11:44:04,498] {local_task_job.py:273} INFO - 0 downstream tasks scheduled from follow-on schedule check
