[2022-07-30 17:38:16,453] {taskinstance.py:1159} INFO - Dependencies all met for <TaskInstance: dag_with_postgres_operator.create_postgres_table scheduled__2022-01-02T00:00:00+00:00 [queued]>
[2022-07-30 17:38:16,489] {taskinstance.py:1159} INFO - Dependencies all met for <TaskInstance: dag_with_postgres_operator.create_postgres_table scheduled__2022-01-02T00:00:00+00:00 [queued]>
[2022-07-30 17:38:16,489] {taskinstance.py:1356} INFO - 
--------------------------------------------------------------------------------
[2022-07-30 17:38:16,489] {taskinstance.py:1357} INFO - Starting attempt 1 of 6
[2022-07-30 17:38:16,489] {taskinstance.py:1358} INFO - 
--------------------------------------------------------------------------------
[2022-07-30 17:38:16,537] {taskinstance.py:1377} INFO - Executing <Task(PostgresOperator): create_postgres_table> on 2022-01-02 00:00:00+00:00
[2022-07-30 17:38:16,546] {standard_task_runner.py:52} INFO - Started process 400 to run task
[2022-07-30 17:38:16,550] {standard_task_runner.py:79} INFO - Running: ['***', 'tasks', 'run', 'dag_with_postgres_operator', 'create_postgres_table', 'scheduled__2022-01-02T00:00:00+00:00', '--job-id', '17', '--raw', '--subdir', 'DAGS_FOLDER/DAGWithPostgresOperator.py', '--cfg-path', '/tmp/tmprv4xpkoh', '--error-file', '/tmp/tmp29sowwop']
[2022-07-30 17:38:16,551] {standard_task_runner.py:80} INFO - Job 17: Subtask create_postgres_table
[2022-07-30 17:38:16,640] {task_command.py:369} INFO - Running <TaskInstance: dag_with_postgres_operator.create_postgres_table scheduled__2022-01-02T00:00:00+00:00 [running]> on host 66bf18ec08cc
[2022-07-30 17:38:16,756] {taskinstance.py:1571} INFO - Exporting the following env vars:
AIRFLOW_CTX_DAG_OWNER=yosr
AIRFLOW_CTX_DAG_ID=dag_with_postgres_operator
AIRFLOW_CTX_TASK_ID=create_postgres_table
AIRFLOW_CTX_EXECUTION_DATE=2022-01-02T00:00:00+00:00
AIRFLOW_CTX_TRY_NUMBER=1
AIRFLOW_CTX_DAG_RUN_ID=scheduled__2022-01-02T00:00:00+00:00
[2022-07-30 17:38:16,859] {taskinstance.py:1889} ERROR - Task failed with exception
Traceback (most recent call last):
  File "/home/airflow/.local/lib/python3.7/site-packages/airflow/providers/postgres/operators/postgres.py", line 92, in execute
    self.hook.run(self.sql, self.autocommit, parameters=self.parameters)
  File "/home/airflow/.local/lib/python3.7/site-packages/airflow/hooks/dbapi.py", line 181, in run
    with closing(self.get_conn()) as conn:
  File "/home/airflow/.local/lib/python3.7/site-packages/airflow/providers/postgres/hooks/postgres.py", line 86, in get_conn
    conn = deepcopy(self.connection or self.get_connection(conn_id))
  File "/home/airflow/.local/lib/python3.7/site-packages/airflow/hooks/base.py", line 67, in get_connection
    conn = Connection.get_connection_from_secrets(conn_id)
  File "/home/airflow/.local/lib/python3.7/site-packages/airflow/models/connection.py", line 430, in get_connection_from_secrets
    raise AirflowNotFoundException(f"The conn_id `{conn_id}` isn't defined")
airflow.exceptions.AirflowNotFoundException: The conn_id `postgres_localhost` isn't defined
[2022-07-30 17:38:16,866] {taskinstance.py:1400} INFO - Marking task as UP_FOR_RETRY. dag_id=dag_with_postgres_operator, task_id=create_postgres_table, execution_date=20220102T000000, start_date=20220730T173816, end_date=20220730T173816
[2022-07-30 17:38:16,886] {standard_task_runner.py:97} ERROR - Failed to execute job 17 for task create_postgres_table (The conn_id `postgres_localhost` isn't defined; 400)
[2022-07-30 17:38:16,899] {local_task_job.py:156} INFO - Task exited with return code 1
[2022-07-30 17:38:16,975] {local_task_job.py:273} INFO - 0 downstream tasks scheduled from follow-on schedule check
[2022-07-30 23:44:49,334] {taskinstance.py:1159} INFO - Dependencies all met for <TaskInstance: dag_with_postgres_operator.create_postgres_table scheduled__2022-01-02T00:00:00+00:00 [queued]>
[2022-07-30 23:44:49,357] {taskinstance.py:1159} INFO - Dependencies all met for <TaskInstance: dag_with_postgres_operator.create_postgres_table scheduled__2022-01-02T00:00:00+00:00 [queued]>
[2022-07-30 23:44:49,357] {taskinstance.py:1356} INFO - 
--------------------------------------------------------------------------------
[2022-07-30 23:44:49,357] {taskinstance.py:1357} INFO - Starting attempt 1 of 6
[2022-07-30 23:44:49,357] {taskinstance.py:1358} INFO - 
--------------------------------------------------------------------------------
[2022-07-30 23:44:49,383] {taskinstance.py:1377} INFO - Executing <Task(PostgresOperator): create_postgres_table> on 2022-01-02 00:00:00+00:00
[2022-07-30 23:44:49,388] {standard_task_runner.py:52} INFO - Started process 4320 to run task
[2022-07-30 23:44:49,391] {standard_task_runner.py:79} INFO - Running: ['***', 'tasks', 'run', 'dag_with_postgres_operator', 'create_postgres_table', 'scheduled__2022-01-02T00:00:00+00:00', '--job-id', '1025', '--raw', '--subdir', 'DAGS_FOLDER/DAGWithPostgresOperator.py', '--cfg-path', '/tmp/tmpkigzdaix', '--error-file', '/tmp/tmpsvynzwul']
[2022-07-30 23:44:49,391] {standard_task_runner.py:80} INFO - Job 1025: Subtask create_postgres_table
[2022-07-30 23:44:49,465] {task_command.py:369} INFO - Running <TaskInstance: dag_with_postgres_operator.create_postgres_table scheduled__2022-01-02T00:00:00+00:00 [running]> on host 66bf18ec08cc
[2022-07-30 23:44:49,559] {taskinstance.py:1571} INFO - Exporting the following env vars:
AIRFLOW_CTX_DAG_OWNER=yosr
AIRFLOW_CTX_DAG_ID=dag_with_postgres_operator
AIRFLOW_CTX_TASK_ID=create_postgres_table
AIRFLOW_CTX_EXECUTION_DATE=2022-01-02T00:00:00+00:00
AIRFLOW_CTX_TRY_NUMBER=1
AIRFLOW_CTX_DAG_RUN_ID=scheduled__2022-01-02T00:00:00+00:00
[2022-07-30 23:44:49,572] {base.py:68} INFO - Using connection ID 'postgres_localhost' for task execution.
[2022-07-30 23:44:49,573] {taskinstance.py:1889} ERROR - Task failed with exception
Traceback (most recent call last):
  File "/home/airflow/.local/lib/python3.7/site-packages/airflow/providers/postgres/operators/postgres.py", line 92, in execute
    self.hook.run(self.sql, self.autocommit, parameters=self.parameters)
  File "/home/airflow/.local/lib/python3.7/site-packages/airflow/hooks/dbapi.py", line 181, in run
    with closing(self.get_conn()) as conn:
  File "/home/airflow/.local/lib/python3.7/site-packages/airflow/providers/postgres/hooks/postgres.py", line 113, in get_conn
    self.conn = psycopg2.connect(**conn_args)
  File "/home/airflow/.local/lib/python3.7/site-packages/psycopg2/__init__.py", line 122, in connect
    conn = _connect(dsn, connection_factory=connection_factory, **kwasync)
psycopg2.OperationalError: could not translate host name "host.docker.local " to address: Name or service not known

[2022-07-30 23:44:49,584] {taskinstance.py:1400} INFO - Marking task as UP_FOR_RETRY. dag_id=dag_with_postgres_operator, task_id=create_postgres_table, execution_date=20220102T000000, start_date=20220730T234449, end_date=20220730T234449
[2022-07-30 23:44:49,600] {standard_task_runner.py:97} ERROR - Failed to execute job 1025 for task create_postgres_table (could not translate host name "host.docker.local " to address: Name or service not known
; 4320)
[2022-07-30 23:44:49,608] {local_task_job.py:156} INFO - Task exited with return code 1
[2022-07-30 23:44:49,698] {local_task_job.py:273} INFO - 0 downstream tasks scheduled from follow-on schedule check
[2022-07-31 10:26:04,788] {taskinstance.py:1159} INFO - Dependencies all met for <TaskInstance: dag_with_postgres_operator.create_postgres_table scheduled__2022-01-02T00:00:00+00:00 [queued]>
[2022-07-31 10:26:04,808] {taskinstance.py:1159} INFO - Dependencies all met for <TaskInstance: dag_with_postgres_operator.create_postgres_table scheduled__2022-01-02T00:00:00+00:00 [queued]>
[2022-07-31 10:26:04,809] {taskinstance.py:1356} INFO - 
--------------------------------------------------------------------------------
[2022-07-31 10:26:04,809] {taskinstance.py:1357} INFO - Starting attempt 1 of 6
[2022-07-31 10:26:04,810] {taskinstance.py:1358} INFO - 
--------------------------------------------------------------------------------
[2022-07-31 10:26:04,833] {taskinstance.py:1377} INFO - Executing <Task(PostgresOperator): create_postgres_table> on 2022-01-02 00:00:00+00:00
[2022-07-31 10:26:04,841] {standard_task_runner.py:52} INFO - Started process 2538 to run task
[2022-07-31 10:26:04,848] {standard_task_runner.py:79} INFO - Running: ['***', 'tasks', 'run', 'dag_with_postgres_operator', 'create_postgres_table', 'scheduled__2022-01-02T00:00:00+00:00', '--job-id', '1427', '--raw', '--subdir', 'DAGS_FOLDER/DAGWithPostgresOperator.py', '--cfg-path', '/tmp/tmp0ofbzetk', '--error-file', '/tmp/tmpvu9ynujm']
[2022-07-31 10:26:04,849] {standard_task_runner.py:80} INFO - Job 1427: Subtask create_postgres_table
[2022-07-31 10:26:04,937] {task_command.py:369} INFO - Running <TaskInstance: dag_with_postgres_operator.create_postgres_table scheduled__2022-01-02T00:00:00+00:00 [running]> on host 66bf18ec08cc
[2022-07-31 10:26:05,037] {taskinstance.py:1571} INFO - Exporting the following env vars:
AIRFLOW_CTX_DAG_OWNER=yosr
AIRFLOW_CTX_DAG_ID=dag_with_postgres_operator
AIRFLOW_CTX_TASK_ID=create_postgres_table
AIRFLOW_CTX_EXECUTION_DATE=2022-01-02T00:00:00+00:00
AIRFLOW_CTX_TRY_NUMBER=1
AIRFLOW_CTX_DAG_RUN_ID=scheduled__2022-01-02T00:00:00+00:00
[2022-07-31 10:26:05,051] {base.py:68} INFO - Using connection ID 'postgres_localhost' for task execution.
[2022-07-31 10:26:05,052] {taskinstance.py:1889} ERROR - Task failed with exception
Traceback (most recent call last):
  File "/home/airflow/.local/lib/python3.7/site-packages/airflow/providers/postgres/operators/postgres.py", line 92, in execute
    self.hook.run(self.sql, self.autocommit, parameters=self.parameters)
  File "/home/airflow/.local/lib/python3.7/site-packages/airflow/hooks/dbapi.py", line 181, in run
    with closing(self.get_conn()) as conn:
  File "/home/airflow/.local/lib/python3.7/site-packages/airflow/providers/postgres/hooks/postgres.py", line 113, in get_conn
    self.conn = psycopg2.connect(**conn_args)
  File "/home/airflow/.local/lib/python3.7/site-packages/psycopg2/__init__.py", line 122, in connect
    conn = _connect(dsn, connection_factory=connection_factory, **kwasync)
psycopg2.OperationalError: could not translate host name "host.docker.local " to address: Name or service not known

[2022-07-31 10:26:05,069] {taskinstance.py:1400} INFO - Marking task as UP_FOR_RETRY. dag_id=dag_with_postgres_operator, task_id=create_postgres_table, execution_date=20220102T000000, start_date=20220731T102604, end_date=20220731T102605
[2022-07-31 10:26:05,087] {standard_task_runner.py:97} ERROR - Failed to execute job 1427 for task create_postgres_table (could not translate host name "host.docker.local " to address: Name or service not known
; 2538)
[2022-07-31 10:26:05,109] {local_task_job.py:156} INFO - Task exited with return code 1
[2022-07-31 10:26:05,218] {local_task_job.py:273} INFO - 0 downstream tasks scheduled from follow-on schedule check
[2022-07-31 10:38:13,856] {taskinstance.py:1159} INFO - Dependencies all met for <TaskInstance: dag_with_postgres_operator.create_postgres_table scheduled__2022-01-02T00:00:00+00:00 [queued]>
[2022-07-31 10:38:13,875] {taskinstance.py:1159} INFO - Dependencies all met for <TaskInstance: dag_with_postgres_operator.create_postgres_table scheduled__2022-01-02T00:00:00+00:00 [queued]>
[2022-07-31 10:38:13,875] {taskinstance.py:1356} INFO - 
--------------------------------------------------------------------------------
[2022-07-31 10:38:13,875] {taskinstance.py:1357} INFO - Starting attempt 1 of 6
[2022-07-31 10:38:13,876] {taskinstance.py:1358} INFO - 
--------------------------------------------------------------------------------
[2022-07-31 10:38:13,898] {taskinstance.py:1377} INFO - Executing <Task(PostgresOperator): create_postgres_table> on 2022-01-02 00:00:00+00:00
[2022-07-31 10:38:13,903] {standard_task_runner.py:52} INFO - Started process 3193 to run task
[2022-07-31 10:38:13,905] {standard_task_runner.py:79} INFO - Running: ['***', 'tasks', 'run', 'dag_with_postgres_operator', 'create_postgres_table', 'scheduled__2022-01-02T00:00:00+00:00', '--job-id', '1475', '--raw', '--subdir', 'DAGS_FOLDER/DAGWithPostgresOperator.py', '--cfg-path', '/tmp/tmpnkqewt08', '--error-file', '/tmp/tmptbr5vxrp']
[2022-07-31 10:38:13,906] {standard_task_runner.py:80} INFO - Job 1475: Subtask create_postgres_table
[2022-07-31 10:38:13,981] {task_command.py:369} INFO - Running <TaskInstance: dag_with_postgres_operator.create_postgres_table scheduled__2022-01-02T00:00:00+00:00 [running]> on host 66bf18ec08cc
[2022-07-31 10:38:14,097] {taskinstance.py:1571} INFO - Exporting the following env vars:
AIRFLOW_CTX_DAG_OWNER=yosr
AIRFLOW_CTX_DAG_ID=dag_with_postgres_operator
AIRFLOW_CTX_TASK_ID=create_postgres_table
AIRFLOW_CTX_EXECUTION_DATE=2022-01-02T00:00:00+00:00
AIRFLOW_CTX_TRY_NUMBER=1
AIRFLOW_CTX_DAG_RUN_ID=scheduled__2022-01-02T00:00:00+00:00
[2022-07-31 10:38:14,117] {base.py:68} INFO - Using connection ID 'postgres_localhost' for task execution.
[2022-07-31 10:38:14,118] {taskinstance.py:1889} ERROR - Task failed with exception
Traceback (most recent call last):
  File "/home/airflow/.local/lib/python3.7/site-packages/airflow/providers/postgres/operators/postgres.py", line 92, in execute
    self.hook.run(self.sql, self.autocommit, parameters=self.parameters)
  File "/home/airflow/.local/lib/python3.7/site-packages/airflow/hooks/dbapi.py", line 181, in run
    with closing(self.get_conn()) as conn:
  File "/home/airflow/.local/lib/python3.7/site-packages/airflow/providers/postgres/hooks/postgres.py", line 113, in get_conn
    self.conn = psycopg2.connect(**conn_args)
  File "/home/airflow/.local/lib/python3.7/site-packages/psycopg2/__init__.py", line 122, in connect
    conn = _connect(dsn, connection_factory=connection_factory, **kwasync)
psycopg2.OperationalError: could not translate host name "host.docker.internal " to address: Name or service not known

[2022-07-31 10:38:14,150] {taskinstance.py:1400} INFO - Marking task as UP_FOR_RETRY. dag_id=dag_with_postgres_operator, task_id=create_postgres_table, execution_date=20220102T000000, start_date=20220731T103813, end_date=20220731T103814
[2022-07-31 10:38:14,172] {standard_task_runner.py:97} ERROR - Failed to execute job 1475 for task create_postgres_table (could not translate host name "host.docker.internal " to address: Name or service not known
; 3193)
[2022-07-31 10:38:14,212] {local_task_job.py:156} INFO - Task exited with return code 1
[2022-07-31 10:38:14,271] {local_task_job.py:273} INFO - 0 downstream tasks scheduled from follow-on schedule check
[2022-07-31 13:09:58,240] {taskinstance.py:1159} INFO - Dependencies all met for <TaskInstance: dag_with_postgres_operator.create_postgres_table scheduled__2022-01-02T00:00:00+00:00 [queued]>
[2022-07-31 13:09:58,258] {taskinstance.py:1159} INFO - Dependencies all met for <TaskInstance: dag_with_postgres_operator.create_postgres_table scheduled__2022-01-02T00:00:00+00:00 [queued]>
[2022-07-31 13:09:58,258] {taskinstance.py:1356} INFO - 
--------------------------------------------------------------------------------
[2022-07-31 13:09:58,259] {taskinstance.py:1357} INFO - Starting attempt 1 of 6
[2022-07-31 13:09:58,259] {taskinstance.py:1358} INFO - 
--------------------------------------------------------------------------------
[2022-07-31 13:09:58,283] {taskinstance.py:1377} INFO - Executing <Task(PostgresOperator): create_postgres_table> on 2022-01-02 00:00:00+00:00
[2022-07-31 13:09:58,287] {standard_task_runner.py:52} INFO - Started process 793 to run task
[2022-07-31 13:09:58,290] {standard_task_runner.py:79} INFO - Running: ['***', 'tasks', 'run', 'dag_with_postgres_operator', 'create_postgres_table', 'scheduled__2022-01-02T00:00:00+00:00', '--job-id', '17', '--raw', '--subdir', 'DAGS_FOLDER/DAGWithPostgresOperator.py', '--cfg-path', '/tmp/tmpu9ku6s2d', '--error-file', '/tmp/tmp48_p2c8m']
[2022-07-31 13:09:58,291] {standard_task_runner.py:80} INFO - Job 17: Subtask create_postgres_table
[2022-07-31 13:09:58,371] {task_command.py:369} INFO - Running <TaskInstance: dag_with_postgres_operator.create_postgres_table scheduled__2022-01-02T00:00:00+00:00 [running]> on host 4688dd3b7141
[2022-07-31 13:09:58,465] {taskinstance.py:1571} INFO - Exporting the following env vars:
AIRFLOW_CTX_DAG_OWNER=yosr
AIRFLOW_CTX_DAG_ID=dag_with_postgres_operator
AIRFLOW_CTX_TASK_ID=create_postgres_table
AIRFLOW_CTX_EXECUTION_DATE=2022-01-02T00:00:00+00:00
AIRFLOW_CTX_TRY_NUMBER=1
AIRFLOW_CTX_DAG_RUN_ID=scheduled__2022-01-02T00:00:00+00:00
[2022-07-31 13:09:58,539] {taskinstance.py:1889} ERROR - Task failed with exception
Traceback (most recent call last):
  File "/home/airflow/.local/lib/python3.7/site-packages/airflow/providers/postgres/operators/postgres.py", line 92, in execute
    self.hook.run(self.sql, self.autocommit, parameters=self.parameters)
  File "/home/airflow/.local/lib/python3.7/site-packages/airflow/hooks/dbapi.py", line 181, in run
    with closing(self.get_conn()) as conn:
  File "/home/airflow/.local/lib/python3.7/site-packages/airflow/providers/postgres/hooks/postgres.py", line 86, in get_conn
    conn = deepcopy(self.connection or self.get_connection(conn_id))
  File "/home/airflow/.local/lib/python3.7/site-packages/airflow/hooks/base.py", line 67, in get_connection
    conn = Connection.get_connection_from_secrets(conn_id)
  File "/home/airflow/.local/lib/python3.7/site-packages/airflow/models/connection.py", line 430, in get_connection_from_secrets
    raise AirflowNotFoundException(f"The conn_id `{conn_id}` isn't defined")
airflow.exceptions.AirflowNotFoundException: The conn_id `postgres_localhost` isn't defined
[2022-07-31 13:09:58,546] {taskinstance.py:1400} INFO - Marking task as UP_FOR_RETRY. dag_id=dag_with_postgres_operator, task_id=create_postgres_table, execution_date=20220102T000000, start_date=20220731T130958, end_date=20220731T130958
[2022-07-31 13:09:58,568] {standard_task_runner.py:97} ERROR - Failed to execute job 17 for task create_postgres_table (The conn_id `postgres_localhost` isn't defined; 793)
[2022-07-31 13:09:58,589] {local_task_job.py:156} INFO - Task exited with return code 1
[2022-07-31 13:09:58,640] {local_task_job.py:273} INFO - 0 downstream tasks scheduled from follow-on schedule check
