[2022-07-30 17:48:32,001] {taskinstance.py:1159} INFO - Dependencies all met for <TaskInstance: dag_with_postgres_operator.create_postgres_table scheduled__2022-01-02T00:00:00+00:00 [queued]>
[2022-07-30 17:48:32,017] {taskinstance.py:1159} INFO - Dependencies all met for <TaskInstance: dag_with_postgres_operator.create_postgres_table scheduled__2022-01-02T00:00:00+00:00 [queued]>
[2022-07-30 17:48:32,017] {taskinstance.py:1356} INFO - 
--------------------------------------------------------------------------------
[2022-07-30 17:48:32,017] {taskinstance.py:1357} INFO - Starting attempt 3 of 6
[2022-07-30 17:48:32,017] {taskinstance.py:1358} INFO - 
--------------------------------------------------------------------------------
[2022-07-30 17:48:32,043] {taskinstance.py:1377} INFO - Executing <Task(PostgresOperator): create_postgres_table> on 2022-01-02 00:00:00+00:00
[2022-07-30 17:48:32,052] {standard_task_runner.py:52} INFO - Started process 914 to run task
[2022-07-30 17:48:32,060] {standard_task_runner.py:79} INFO - Running: ['***', 'tasks', 'run', 'dag_with_postgres_operator', 'create_postgres_table', 'scheduled__2022-01-02T00:00:00+00:00', '--job-id', '44', '--raw', '--subdir', 'DAGS_FOLDER/DAGWithPostgresOperator.py', '--cfg-path', '/tmp/tmpnq1lxn6t', '--error-file', '/tmp/tmpoy6z285z']
[2022-07-30 17:48:32,061] {standard_task_runner.py:80} INFO - Job 44: Subtask create_postgres_table
[2022-07-30 17:48:32,183] {task_command.py:369} INFO - Running <TaskInstance: dag_with_postgres_operator.create_postgres_table scheduled__2022-01-02T00:00:00+00:00 [running]> on host 66bf18ec08cc
[2022-07-30 17:48:32,325] {taskinstance.py:1571} INFO - Exporting the following env vars:
AIRFLOW_CTX_DAG_OWNER=yosr
AIRFLOW_CTX_DAG_ID=dag_with_postgres_operator
AIRFLOW_CTX_TASK_ID=create_postgres_table
AIRFLOW_CTX_EXECUTION_DATE=2022-01-02T00:00:00+00:00
AIRFLOW_CTX_TRY_NUMBER=3
AIRFLOW_CTX_DAG_RUN_ID=scheduled__2022-01-02T00:00:00+00:00
[2022-07-30 17:48:32,343] {base.py:68} INFO - Using connection ID 'postgres_localhost' for task execution.
[2022-07-30 17:48:32,344] {taskinstance.py:1889} ERROR - Task failed with exception
Traceback (most recent call last):
  File "/home/airflow/.local/lib/python3.7/site-packages/airflow/providers/postgres/operators/postgres.py", line 92, in execute
    self.hook.run(self.sql, self.autocommit, parameters=self.parameters)
  File "/home/airflow/.local/lib/python3.7/site-packages/airflow/hooks/dbapi.py", line 181, in run
    with closing(self.get_conn()) as conn:
  File "/home/airflow/.local/lib/python3.7/site-packages/airflow/providers/postgres/hooks/postgres.py", line 113, in get_conn
    self.conn = psycopg2.connect(**conn_args)
  File "/home/airflow/.local/lib/python3.7/site-packages/psycopg2/__init__.py", line 122, in connect
    conn = _connect(dsn, connection_factory=connection_factory, **kwasync)
psycopg2.OperationalError: could not translate host name "host.docker.internal " to address: Name or service not known

[2022-07-30 17:48:32,358] {taskinstance.py:1400} INFO - Marking task as UP_FOR_RETRY. dag_id=dag_with_postgres_operator, task_id=create_postgres_table, execution_date=20220102T000000, start_date=20220730T174832, end_date=20220730T174832
[2022-07-30 17:48:32,375] {standard_task_runner.py:97} ERROR - Failed to execute job 44 for task create_postgres_table (could not translate host name "host.docker.internal " to address: Name or service not known
; 914)
[2022-07-30 17:48:32,403] {local_task_job.py:156} INFO - Task exited with return code 1
[2022-07-30 17:48:32,465] {local_task_job.py:273} INFO - 0 downstream tasks scheduled from follow-on schedule check
[2022-07-30 23:54:51,079] {taskinstance.py:1159} INFO - Dependencies all met for <TaskInstance: dag_with_postgres_operator.create_postgres_table scheduled__2022-01-02T00:00:00+00:00 [queued]>
[2022-07-30 23:54:51,097] {taskinstance.py:1159} INFO - Dependencies all met for <TaskInstance: dag_with_postgres_operator.create_postgres_table scheduled__2022-01-02T00:00:00+00:00 [queued]>
[2022-07-30 23:54:51,097] {taskinstance.py:1356} INFO - 
--------------------------------------------------------------------------------
[2022-07-30 23:54:51,097] {taskinstance.py:1357} INFO - Starting attempt 3 of 6
[2022-07-30 23:54:51,097] {taskinstance.py:1358} INFO - 
--------------------------------------------------------------------------------
[2022-07-30 23:54:51,116] {taskinstance.py:1377} INFO - Executing <Task(PostgresOperator): create_postgres_table> on 2022-01-02 00:00:00+00:00
[2022-07-30 23:54:51,120] {standard_task_runner.py:52} INFO - Started process 4843 to run task
[2022-07-30 23:54:51,123] {standard_task_runner.py:79} INFO - Running: ['***', 'tasks', 'run', 'dag_with_postgres_operator', 'create_postgres_table', 'scheduled__2022-01-02T00:00:00+00:00', '--job-id', '1055', '--raw', '--subdir', 'DAGS_FOLDER/DAGWithPostgresOperator.py', '--cfg-path', '/tmp/tmp67y6nolp', '--error-file', '/tmp/tmp_mvgvkbk']
[2022-07-30 23:54:51,123] {standard_task_runner.py:80} INFO - Job 1055: Subtask create_postgres_table
[2022-07-30 23:54:51,194] {task_command.py:369} INFO - Running <TaskInstance: dag_with_postgres_operator.create_postgres_table scheduled__2022-01-02T00:00:00+00:00 [running]> on host 66bf18ec08cc
[2022-07-30 23:54:51,291] {taskinstance.py:1571} INFO - Exporting the following env vars:
AIRFLOW_CTX_DAG_OWNER=yosr
AIRFLOW_CTX_DAG_ID=dag_with_postgres_operator
AIRFLOW_CTX_TASK_ID=create_postgres_table
AIRFLOW_CTX_EXECUTION_DATE=2022-01-02T00:00:00+00:00
AIRFLOW_CTX_TRY_NUMBER=3
AIRFLOW_CTX_DAG_RUN_ID=scheduled__2022-01-02T00:00:00+00:00
[2022-07-30 23:54:51,303] {base.py:68} INFO - Using connection ID 'postgres_localhost' for task execution.
[2022-07-30 23:54:51,304] {taskinstance.py:1889} ERROR - Task failed with exception
Traceback (most recent call last):
  File "/home/airflow/.local/lib/python3.7/site-packages/airflow/providers/postgres/operators/postgres.py", line 92, in execute
    self.hook.run(self.sql, self.autocommit, parameters=self.parameters)
  File "/home/airflow/.local/lib/python3.7/site-packages/airflow/hooks/dbapi.py", line 181, in run
    with closing(self.get_conn()) as conn:
  File "/home/airflow/.local/lib/python3.7/site-packages/airflow/providers/postgres/hooks/postgres.py", line 113, in get_conn
    self.conn = psycopg2.connect(**conn_args)
  File "/home/airflow/.local/lib/python3.7/site-packages/psycopg2/__init__.py", line 122, in connect
    conn = _connect(dsn, connection_factory=connection_factory, **kwasync)
psycopg2.OperationalError: could not translate host name "host.docker.local " to address: Name or service not known

[2022-07-30 23:54:51,317] {taskinstance.py:1400} INFO - Marking task as UP_FOR_RETRY. dag_id=dag_with_postgres_operator, task_id=create_postgres_table, execution_date=20220102T000000, start_date=20220730T235451, end_date=20220730T235451
[2022-07-30 23:54:51,335] {standard_task_runner.py:97} ERROR - Failed to execute job 1055 for task create_postgres_table (could not translate host name "host.docker.local " to address: Name or service not known
; 4843)
[2022-07-30 23:54:51,344] {local_task_job.py:156} INFO - Task exited with return code 1
[2022-07-30 23:54:51,398] {local_task_job.py:273} INFO - 0 downstream tasks scheduled from follow-on schedule check
[2022-07-31 10:36:06,897] {taskinstance.py:1159} INFO - Dependencies all met for <TaskInstance: dag_with_postgres_operator.create_postgres_table scheduled__2022-01-02T00:00:00+00:00 [queued]>
[2022-07-31 10:36:06,918] {taskinstance.py:1159} INFO - Dependencies all met for <TaskInstance: dag_with_postgres_operator.create_postgres_table scheduled__2022-01-02T00:00:00+00:00 [queued]>
[2022-07-31 10:36:06,918] {taskinstance.py:1356} INFO - 
--------------------------------------------------------------------------------
[2022-07-31 10:36:06,918] {taskinstance.py:1357} INFO - Starting attempt 3 of 6
[2022-07-31 10:36:06,918] {taskinstance.py:1358} INFO - 
--------------------------------------------------------------------------------
[2022-07-31 10:36:06,940] {taskinstance.py:1377} INFO - Executing <Task(PostgresOperator): create_postgres_table> on 2022-01-02 00:00:00+00:00
[2022-07-31 10:36:06,946] {standard_task_runner.py:52} INFO - Started process 3062 to run task
[2022-07-31 10:36:06,949] {standard_task_runner.py:79} INFO - Running: ['***', 'tasks', 'run', 'dag_with_postgres_operator', 'create_postgres_table', 'scheduled__2022-01-02T00:00:00+00:00', '--job-id', '1459', '--raw', '--subdir', 'DAGS_FOLDER/DAGWithPostgresOperator.py', '--cfg-path', '/tmp/tmp52p_abn9', '--error-file', '/tmp/tmpbqju75gc']
[2022-07-31 10:36:06,950] {standard_task_runner.py:80} INFO - Job 1459: Subtask create_postgres_table
[2022-07-31 10:36:07,028] {task_command.py:369} INFO - Running <TaskInstance: dag_with_postgres_operator.create_postgres_table scheduled__2022-01-02T00:00:00+00:00 [running]> on host 66bf18ec08cc
[2022-07-31 10:36:07,138] {taskinstance.py:1571} INFO - Exporting the following env vars:
AIRFLOW_CTX_DAG_OWNER=yosr
AIRFLOW_CTX_DAG_ID=dag_with_postgres_operator
AIRFLOW_CTX_TASK_ID=create_postgres_table
AIRFLOW_CTX_EXECUTION_DATE=2022-01-02T00:00:00+00:00
AIRFLOW_CTX_TRY_NUMBER=3
AIRFLOW_CTX_DAG_RUN_ID=scheduled__2022-01-02T00:00:00+00:00
[2022-07-31 10:36:07,151] {base.py:68} INFO - Using connection ID 'postgres_localhost' for task execution.
[2022-07-31 10:36:07,153] {taskinstance.py:1889} ERROR - Task failed with exception
Traceback (most recent call last):
  File "/home/airflow/.local/lib/python3.7/site-packages/airflow/providers/postgres/operators/postgres.py", line 92, in execute
    self.hook.run(self.sql, self.autocommit, parameters=self.parameters)
  File "/home/airflow/.local/lib/python3.7/site-packages/airflow/hooks/dbapi.py", line 181, in run
    with closing(self.get_conn()) as conn:
  File "/home/airflow/.local/lib/python3.7/site-packages/airflow/providers/postgres/hooks/postgres.py", line 113, in get_conn
    self.conn = psycopg2.connect(**conn_args)
  File "/home/airflow/.local/lib/python3.7/site-packages/psycopg2/__init__.py", line 122, in connect
    conn = _connect(dsn, connection_factory=connection_factory, **kwasync)
psycopg2.OperationalError: could not translate host name "host.docker.internal " to address: Name or service not known

[2022-07-31 10:36:07,165] {taskinstance.py:1400} INFO - Marking task as UP_FOR_RETRY. dag_id=dag_with_postgres_operator, task_id=create_postgres_table, execution_date=20220102T000000, start_date=20220731T103606, end_date=20220731T103607
[2022-07-31 10:36:07,181] {standard_task_runner.py:97} ERROR - Failed to execute job 1459 for task create_postgres_table (could not translate host name "host.docker.internal " to address: Name or service not known
; 3062)
[2022-07-31 10:36:07,213] {local_task_job.py:156} INFO - Task exited with return code 1
[2022-07-31 10:36:07,283] {local_task_job.py:273} INFO - 0 downstream tasks scheduled from follow-on schedule check
[2022-07-31 10:48:15,306] {taskinstance.py:1159} INFO - Dependencies all met for <TaskInstance: dag_with_postgres_operator.create_postgres_table scheduled__2022-01-02T00:00:00+00:00 [queued]>
[2022-07-31 10:48:15,331] {taskinstance.py:1159} INFO - Dependencies all met for <TaskInstance: dag_with_postgres_operator.create_postgres_table scheduled__2022-01-02T00:00:00+00:00 [queued]>
[2022-07-31 10:48:15,332] {taskinstance.py:1356} INFO - 
--------------------------------------------------------------------------------
[2022-07-31 10:48:15,332] {taskinstance.py:1357} INFO - Starting attempt 3 of 6
[2022-07-31 10:48:15,332] {taskinstance.py:1358} INFO - 
--------------------------------------------------------------------------------
[2022-07-31 10:48:15,349] {taskinstance.py:1377} INFO - Executing <Task(PostgresOperator): create_postgres_table> on 2022-01-02 00:00:00+00:00
[2022-07-31 10:48:15,354] {standard_task_runner.py:52} INFO - Started process 3716 to run task
[2022-07-31 10:48:15,358] {standard_task_runner.py:79} INFO - Running: ['***', 'tasks', 'run', 'dag_with_postgres_operator', 'create_postgres_table', 'scheduled__2022-01-02T00:00:00+00:00', '--job-id', '1505', '--raw', '--subdir', 'DAGS_FOLDER/DAGWithPostgresOperator.py', '--cfg-path', '/tmp/tmpjbobwa97', '--error-file', '/tmp/tmpihxijw4v']
[2022-07-31 10:48:15,359] {standard_task_runner.py:80} INFO - Job 1505: Subtask create_postgres_table
[2022-07-31 10:48:15,434] {task_command.py:369} INFO - Running <TaskInstance: dag_with_postgres_operator.create_postgres_table scheduled__2022-01-02T00:00:00+00:00 [running]> on host 66bf18ec08cc
[2022-07-31 10:48:15,530] {taskinstance.py:1571} INFO - Exporting the following env vars:
AIRFLOW_CTX_DAG_OWNER=yosr
AIRFLOW_CTX_DAG_ID=dag_with_postgres_operator
AIRFLOW_CTX_TASK_ID=create_postgres_table
AIRFLOW_CTX_EXECUTION_DATE=2022-01-02T00:00:00+00:00
AIRFLOW_CTX_TRY_NUMBER=3
AIRFLOW_CTX_DAG_RUN_ID=scheduled__2022-01-02T00:00:00+00:00
[2022-07-31 10:48:15,544] {base.py:68} INFO - Using connection ID 'postgres_localhost' for task execution.
[2022-07-31 10:48:15,545] {taskinstance.py:1889} ERROR - Task failed with exception
Traceback (most recent call last):
  File "/home/airflow/.local/lib/python3.7/site-packages/airflow/providers/postgres/operators/postgres.py", line 92, in execute
    self.hook.run(self.sql, self.autocommit, parameters=self.parameters)
  File "/home/airflow/.local/lib/python3.7/site-packages/airflow/hooks/dbapi.py", line 181, in run
    with closing(self.get_conn()) as conn:
  File "/home/airflow/.local/lib/python3.7/site-packages/airflow/providers/postgres/hooks/postgres.py", line 113, in get_conn
    self.conn = psycopg2.connect(**conn_args)
  File "/home/airflow/.local/lib/python3.7/site-packages/psycopg2/__init__.py", line 122, in connect
    conn = _connect(dsn, connection_factory=connection_factory, **kwasync)
psycopg2.OperationalError: could not translate host name "host.docker.internal " to address: Name or service not known

[2022-07-31 10:48:15,557] {taskinstance.py:1400} INFO - Marking task as UP_FOR_RETRY. dag_id=dag_with_postgres_operator, task_id=create_postgres_table, execution_date=20220102T000000, start_date=20220731T104815, end_date=20220731T104815
[2022-07-31 10:48:15,569] {standard_task_runner.py:97} ERROR - Failed to execute job 1505 for task create_postgres_table (could not translate host name "host.docker.internal " to address: Name or service not known
; 3716)
[2022-07-31 10:48:15,578] {local_task_job.py:156} INFO - Task exited with return code 1
[2022-07-31 10:48:15,623] {local_task_job.py:273} INFO - 0 downstream tasks scheduled from follow-on schedule check
[2022-07-31 13:20:00,586] {taskinstance.py:1159} INFO - Dependencies all met for <TaskInstance: dag_with_postgres_operator.create_postgres_table scheduled__2022-01-02T00:00:00+00:00 [queued]>
[2022-07-31 13:20:00,613] {taskinstance.py:1159} INFO - Dependencies all met for <TaskInstance: dag_with_postgres_operator.create_postgres_table scheduled__2022-01-02T00:00:00+00:00 [queued]>
[2022-07-31 13:20:00,613] {taskinstance.py:1356} INFO - 
--------------------------------------------------------------------------------
[2022-07-31 13:20:00,614] {taskinstance.py:1357} INFO - Starting attempt 3 of 6
[2022-07-31 13:20:00,614] {taskinstance.py:1358} INFO - 
--------------------------------------------------------------------------------
[2022-07-31 13:20:00,643] {taskinstance.py:1377} INFO - Executing <Task(PostgresOperator): create_postgres_table> on 2022-01-02 00:00:00+00:00
[2022-07-31 13:20:00,649] {standard_task_runner.py:52} INFO - Started process 1316 to run task
[2022-07-31 13:20:00,653] {standard_task_runner.py:79} INFO - Running: ['***', 'tasks', 'run', 'dag_with_postgres_operator', 'create_postgres_table', 'scheduled__2022-01-02T00:00:00+00:00', '--job-id', '49', '--raw', '--subdir', 'DAGS_FOLDER/DAGWithPostgresOperator.py', '--cfg-path', '/tmp/tmpb6jpg4yf', '--error-file', '/tmp/tmpep0mqmrv']
[2022-07-31 13:20:00,654] {standard_task_runner.py:80} INFO - Job 49: Subtask create_postgres_table
[2022-07-31 13:20:00,736] {task_command.py:369} INFO - Running <TaskInstance: dag_with_postgres_operator.create_postgres_table scheduled__2022-01-02T00:00:00+00:00 [running]> on host 4688dd3b7141
[2022-07-31 13:20:00,845] {taskinstance.py:1571} INFO - Exporting the following env vars:
AIRFLOW_CTX_DAG_OWNER=yosr
AIRFLOW_CTX_DAG_ID=dag_with_postgres_operator
AIRFLOW_CTX_TASK_ID=create_postgres_table
AIRFLOW_CTX_EXECUTION_DATE=2022-01-02T00:00:00+00:00
AIRFLOW_CTX_TRY_NUMBER=3
AIRFLOW_CTX_DAG_RUN_ID=scheduled__2022-01-02T00:00:00+00:00
[2022-07-31 13:20:00,880] {taskinstance.py:1889} ERROR - Task failed with exception
Traceback (most recent call last):
  File "/home/airflow/.local/lib/python3.7/site-packages/airflow/providers/postgres/operators/postgres.py", line 92, in execute
    self.hook.run(self.sql, self.autocommit, parameters=self.parameters)
  File "/home/airflow/.local/lib/python3.7/site-packages/airflow/hooks/dbapi.py", line 181, in run
    with closing(self.get_conn()) as conn:
  File "/home/airflow/.local/lib/python3.7/site-packages/airflow/providers/postgres/hooks/postgres.py", line 86, in get_conn
    conn = deepcopy(self.connection or self.get_connection(conn_id))
  File "/home/airflow/.local/lib/python3.7/site-packages/airflow/hooks/base.py", line 67, in get_connection
    conn = Connection.get_connection_from_secrets(conn_id)
  File "/home/airflow/.local/lib/python3.7/site-packages/airflow/models/connection.py", line 430, in get_connection_from_secrets
    raise AirflowNotFoundException(f"The conn_id `{conn_id}` isn't defined")
airflow.exceptions.AirflowNotFoundException: The conn_id `postgres_localhost` isn't defined
[2022-07-31 13:20:00,886] {taskinstance.py:1400} INFO - Marking task as UP_FOR_RETRY. dag_id=dag_with_postgres_operator, task_id=create_postgres_table, execution_date=20220102T000000, start_date=20220731T132000, end_date=20220731T132000
[2022-07-31 13:20:00,906] {standard_task_runner.py:97} ERROR - Failed to execute job 49 for task create_postgres_table (The conn_id `postgres_localhost` isn't defined; 1316)
[2022-07-31 13:20:00,953] {local_task_job.py:156} INFO - Task exited with return code 1
[2022-07-31 13:20:01,006] {local_task_job.py:273} INFO - 0 downstream tasks scheduled from follow-on schedule check
