[2022-07-29 12:22:15,111] {taskinstance.py:1159} INFO - Dependencies all met for <TaskInstance: dag_with_cron_expression.task1 scheduled__2022-04-08T03:00:00+00:00 [queued]>
[2022-07-29 12:22:15,129] {taskinstance.py:1159} INFO - Dependencies all met for <TaskInstance: dag_with_cron_expression.task1 scheduled__2022-04-08T03:00:00+00:00 [queued]>
[2022-07-29 12:22:15,130] {taskinstance.py:1356} INFO - 
--------------------------------------------------------------------------------
[2022-07-29 12:22:15,130] {taskinstance.py:1357} INFO - Starting attempt 1 of 6
[2022-07-29 12:22:15,130] {taskinstance.py:1358} INFO - 
--------------------------------------------------------------------------------
[2022-07-29 12:22:15,157] {taskinstance.py:1377} INFO - Executing <Task(BashOperator): task1> on 2022-04-08 03:00:00+00:00
[2022-07-29 12:22:15,161] {standard_task_runner.py:52} INFO - Started process 11291 to run task
[2022-07-29 12:22:15,165] {standard_task_runner.py:79} INFO - Running: ['***', 'tasks', 'run', 'dag_with_cron_expression', 'task1', 'scheduled__2022-04-08T03:00:00+00:00', '--job-id', '2228', '--raw', '--subdir', 'DAGS_FOLDER/DagWithCronExpression.py', '--cfg-path', '/tmp/tmplgqqbfok', '--error-file', '/tmp/tmpeuqx8gcj']
[2022-07-29 12:22:15,165] {standard_task_runner.py:80} INFO - Job 2228: Subtask task1
[2022-07-29 12:22:15,244] {task_command.py:369} INFO - Running <TaskInstance: dag_with_cron_expression.task1 scheduled__2022-04-08T03:00:00+00:00 [running]> on host 9f0f006fc89d
[2022-07-29 12:22:15,344] {taskinstance.py:1571} INFO - Exporting the following env vars:
AIRFLOW_CTX_DAG_OWNER=yosr
AIRFLOW_CTX_DAG_ID=dag_with_cron_expression
AIRFLOW_CTX_TASK_ID=task1
AIRFLOW_CTX_EXECUTION_DATE=2022-04-08T03:00:00+00:00
AIRFLOW_CTX_TRY_NUMBER=1
AIRFLOW_CTX_DAG_RUN_ID=scheduled__2022-04-08T03:00:00+00:00
[2022-07-29 12:22:15,345] {subprocess.py:62} INFO - Tmp dir root location: 
 /tmp
[2022-07-29 12:22:15,346] {subprocess.py:74} INFO - Running command: ['bash', '-c', 'echo dag with cron expression!']
[2022-07-29 12:22:15,359] {subprocess.py:85} INFO - Output:
[2022-07-29 12:22:15,362] {subprocess.py:92} INFO - dag with cron expression!
[2022-07-29 12:22:15,362] {subprocess.py:96} INFO - Command exited with return code 0
[2022-07-29 12:22:15,407] {taskinstance.py:1400} INFO - Marking task as SUCCESS. dag_id=dag_with_cron_expression, task_id=task1, execution_date=20220408T030000, start_date=20220729T122215, end_date=20220729T122215
[2022-07-29 12:22:15,479] {local_task_job.py:156} INFO - Task exited with return code 0
[2022-07-29 12:22:15,527] {local_task_job.py:273} INFO - 0 downstream tasks scheduled from follow-on schedule check
