[2022-07-30 18:49:08,219] {taskinstance.py:1159} INFO - Dependencies all met for <TaskInstance: dag_with_postgres_operator.create_postgres_table scheduled__2022-02-03T00:00:00+00:00 [queued]>
[2022-07-30 18:49:08,238] {taskinstance.py:1159} INFO - Dependencies all met for <TaskInstance: dag_with_postgres_operator.create_postgres_table scheduled__2022-02-03T00:00:00+00:00 [queued]>
[2022-07-30 18:49:08,238] {taskinstance.py:1356} INFO - 
--------------------------------------------------------------------------------
[2022-07-30 18:49:08,238] {taskinstance.py:1357} INFO - Starting attempt 5 of 6
[2022-07-30 18:49:08,238] {taskinstance.py:1358} INFO - 
--------------------------------------------------------------------------------
[2022-07-30 18:49:08,258] {taskinstance.py:1377} INFO - Executing <Task(PostgresOperator): create_postgres_table> on 2022-02-03 00:00:00+00:00
[2022-07-30 18:49:08,265] {standard_task_runner.py:52} INFO - Started process 4175 to run task
[2022-07-30 18:49:08,270] {standard_task_runner.py:79} INFO - Running: ['***', 'tasks', 'run', 'dag_with_postgres_operator', 'create_postgres_table', 'scheduled__2022-02-03T00:00:00+00:00', '--job-id', '271', '--raw', '--subdir', 'DAGS_FOLDER/DAGWithPostgresOperator.py', '--cfg-path', '/tmp/tmphsnexj61', '--error-file', '/tmp/tmpe3yt_l0p']
[2022-07-30 18:49:08,270] {standard_task_runner.py:80} INFO - Job 271: Subtask create_postgres_table
[2022-07-30 18:49:08,351] {task_command.py:369} INFO - Running <TaskInstance: dag_with_postgres_operator.create_postgres_table scheduled__2022-02-03T00:00:00+00:00 [running]> on host 66bf18ec08cc
[2022-07-30 18:49:08,464] {taskinstance.py:1571} INFO - Exporting the following env vars:
AIRFLOW_CTX_DAG_OWNER=yosr
AIRFLOW_CTX_DAG_ID=dag_with_postgres_operator
AIRFLOW_CTX_TASK_ID=create_postgres_table
AIRFLOW_CTX_EXECUTION_DATE=2022-02-03T00:00:00+00:00
AIRFLOW_CTX_TRY_NUMBER=5
AIRFLOW_CTX_DAG_RUN_ID=scheduled__2022-02-03T00:00:00+00:00
[2022-07-30 18:49:08,474] {base.py:68} INFO - Using connection ID 'postgres_localhost' for task execution.
[2022-07-30 18:49:08,475] {taskinstance.py:1889} ERROR - Task failed with exception
Traceback (most recent call last):
  File "/home/airflow/.local/lib/python3.7/site-packages/airflow/providers/postgres/operators/postgres.py", line 92, in execute
    self.hook.run(self.sql, self.autocommit, parameters=self.parameters)
  File "/home/airflow/.local/lib/python3.7/site-packages/airflow/hooks/dbapi.py", line 181, in run
    with closing(self.get_conn()) as conn:
  File "/home/airflow/.local/lib/python3.7/site-packages/airflow/providers/postgres/hooks/postgres.py", line 113, in get_conn
    self.conn = psycopg2.connect(**conn_args)
  File "/home/airflow/.local/lib/python3.7/site-packages/psycopg2/__init__.py", line 122, in connect
    conn = _connect(dsn, connection_factory=connection_factory, **kwasync)
psycopg2.OperationalError: could not translate host name "host.docker.internal " to address: Name or service not known

[2022-07-30 18:49:08,485] {taskinstance.py:1400} INFO - Marking task as UP_FOR_RETRY. dag_id=dag_with_postgres_operator, task_id=create_postgres_table, execution_date=20220203T000000, start_date=20220730T184908, end_date=20220730T184908
[2022-07-30 18:49:08,498] {standard_task_runner.py:97} ERROR - Failed to execute job 271 for task create_postgres_table (could not translate host name "host.docker.internal " to address: Name or service not known
; 4175)
[2022-07-30 18:49:08,530] {local_task_job.py:156} INFO - Task exited with return code 1
[2022-07-30 18:49:08,594] {local_task_job.py:273} INFO - 0 downstream tasks scheduled from follow-on schedule check
[2022-07-31 09:51:10,245] {taskinstance.py:1159} INFO - Dependencies all met for <TaskInstance: dag_with_postgres_operator.create_postgres_table scheduled__2022-02-03T00:00:00+00:00 [queued]>
[2022-07-31 09:51:10,307] {taskinstance.py:1159} INFO - Dependencies all met for <TaskInstance: dag_with_postgres_operator.create_postgres_table scheduled__2022-02-03T00:00:00+00:00 [queued]>
[2022-07-31 09:51:10,307] {taskinstance.py:1356} INFO - 
--------------------------------------------------------------------------------
[2022-07-31 09:51:10,307] {taskinstance.py:1357} INFO - Starting attempt 5 of 6
[2022-07-31 09:51:10,307] {taskinstance.py:1358} INFO - 
--------------------------------------------------------------------------------
[2022-07-31 09:51:10,384] {taskinstance.py:1377} INFO - Executing <Task(PostgresOperator): create_postgres_table> on 2022-02-03 00:00:00+00:00
[2022-07-31 09:51:10,389] {standard_task_runner.py:52} INFO - Started process 641 to run task
[2022-07-31 09:51:10,448] {standard_task_runner.py:79} INFO - Running: ['***', 'tasks', 'run', 'dag_with_postgres_operator', 'create_postgres_table', 'scheduled__2022-02-03T00:00:00+00:00', '--job-id', '1280', '--raw', '--subdir', 'DAGS_FOLDER/DAGWithPostgresOperator.py', '--cfg-path', '/tmp/tmpek0jm0ur', '--error-file', '/tmp/tmp217wt83m']
[2022-07-31 09:51:10,449] {standard_task_runner.py:80} INFO - Job 1280: Subtask create_postgres_table
[2022-07-31 09:51:11,009] {task_command.py:369} INFO - Running <TaskInstance: dag_with_postgres_operator.create_postgres_table scheduled__2022-02-03T00:00:00+00:00 [running]> on host 66bf18ec08cc
[2022-07-31 09:51:11,318] {taskinstance.py:1571} INFO - Exporting the following env vars:
AIRFLOW_CTX_DAG_OWNER=yosr
AIRFLOW_CTX_DAG_ID=dag_with_postgres_operator
AIRFLOW_CTX_TASK_ID=create_postgres_table
AIRFLOW_CTX_EXECUTION_DATE=2022-02-03T00:00:00+00:00
AIRFLOW_CTX_TRY_NUMBER=5
AIRFLOW_CTX_DAG_RUN_ID=scheduled__2022-02-03T00:00:00+00:00
[2022-07-31 09:51:11,356] {base.py:68} INFO - Using connection ID 'postgres_localhost' for task execution.
[2022-07-31 09:51:11,358] {taskinstance.py:1889} ERROR - Task failed with exception
Traceback (most recent call last):
  File "/home/airflow/.local/lib/python3.7/site-packages/airflow/providers/postgres/operators/postgres.py", line 92, in execute
    self.hook.run(self.sql, self.autocommit, parameters=self.parameters)
  File "/home/airflow/.local/lib/python3.7/site-packages/airflow/hooks/dbapi.py", line 181, in run
    with closing(self.get_conn()) as conn:
  File "/home/airflow/.local/lib/python3.7/site-packages/airflow/providers/postgres/hooks/postgres.py", line 113, in get_conn
    self.conn = psycopg2.connect(**conn_args)
  File "/home/airflow/.local/lib/python3.7/site-packages/psycopg2/__init__.py", line 122, in connect
    conn = _connect(dsn, connection_factory=connection_factory, **kwasync)
psycopg2.OperationalError: could not translate host name "host.docker.local " to address: Name or service not known

[2022-07-31 09:51:11,388] {taskinstance.py:1400} INFO - Marking task as UP_FOR_RETRY. dag_id=dag_with_postgres_operator, task_id=create_postgres_table, execution_date=20220203T000000, start_date=20220731T095110, end_date=20220731T095111
[2022-07-31 09:51:11,419] {standard_task_runner.py:97} ERROR - Failed to execute job 1280 for task create_postgres_table (could not translate host name "host.docker.local " to address: Name or service not known
; 641)
[2022-07-31 09:51:11,458] {local_task_job.py:156} INFO - Task exited with return code 1
[2022-07-31 09:51:11,591] {local_task_job.py:273} INFO - 0 downstream tasks scheduled from follow-on schedule check
[2022-07-31 14:20:30,615] {taskinstance.py:1159} INFO - Dependencies all met for <TaskInstance: dag_with_postgres_operator.create_postgres_table scheduled__2022-02-03T00:00:00+00:00 [queued]>
[2022-07-31 14:20:30,655] {taskinstance.py:1159} INFO - Dependencies all met for <TaskInstance: dag_with_postgres_operator.create_postgres_table scheduled__2022-02-03T00:00:00+00:00 [queued]>
[2022-07-31 14:20:30,655] {taskinstance.py:1356} INFO - 
--------------------------------------------------------------------------------
[2022-07-31 14:20:30,655] {taskinstance.py:1357} INFO - Starting attempt 5 of 6
[2022-07-31 14:20:30,655] {taskinstance.py:1358} INFO - 
--------------------------------------------------------------------------------
[2022-07-31 14:20:30,676] {taskinstance.py:1377} INFO - Executing <Task(PostgresOperator): create_postgres_table> on 2022-02-03 00:00:00+00:00
[2022-07-31 14:20:30,682] {standard_task_runner.py:52} INFO - Started process 4570 to run task
[2022-07-31 14:20:30,687] {standard_task_runner.py:79} INFO - Running: ['***', 'tasks', 'run', 'dag_with_postgres_operator', 'create_postgres_table', 'scheduled__2022-02-03T00:00:00+00:00', '--job-id', '274', '--raw', '--subdir', 'DAGS_FOLDER/DAGWithPostgresOperator.py', '--cfg-path', '/tmp/tmp3w61uqkp', '--error-file', '/tmp/tmpy9wu4utl']
[2022-07-31 14:20:30,688] {standard_task_runner.py:80} INFO - Job 274: Subtask create_postgres_table
[2022-07-31 14:20:30,804] {task_command.py:369} INFO - Running <TaskInstance: dag_with_postgres_operator.create_postgres_table scheduled__2022-02-03T00:00:00+00:00 [running]> on host 4688dd3b7141
[2022-07-31 14:20:30,932] {taskinstance.py:1571} INFO - Exporting the following env vars:
AIRFLOW_CTX_DAG_OWNER=yosr
AIRFLOW_CTX_DAG_ID=dag_with_postgres_operator
AIRFLOW_CTX_TASK_ID=create_postgres_table
AIRFLOW_CTX_EXECUTION_DATE=2022-02-03T00:00:00+00:00
AIRFLOW_CTX_TRY_NUMBER=5
AIRFLOW_CTX_DAG_RUN_ID=scheduled__2022-02-03T00:00:00+00:00
[2022-07-31 14:20:30,967] {taskinstance.py:1889} ERROR - Task failed with exception
Traceback (most recent call last):
  File "/home/airflow/.local/lib/python3.7/site-packages/airflow/providers/postgres/operators/postgres.py", line 92, in execute
    self.hook.run(self.sql, self.autocommit, parameters=self.parameters)
  File "/home/airflow/.local/lib/python3.7/site-packages/airflow/hooks/dbapi.py", line 181, in run
    with closing(self.get_conn()) as conn:
  File "/home/airflow/.local/lib/python3.7/site-packages/airflow/providers/postgres/hooks/postgres.py", line 86, in get_conn
    conn = deepcopy(self.connection or self.get_connection(conn_id))
  File "/home/airflow/.local/lib/python3.7/site-packages/airflow/hooks/base.py", line 67, in get_connection
    conn = Connection.get_connection_from_secrets(conn_id)
  File "/home/airflow/.local/lib/python3.7/site-packages/airflow/models/connection.py", line 430, in get_connection_from_secrets
    raise AirflowNotFoundException(f"The conn_id `{conn_id}` isn't defined")
airflow.exceptions.AirflowNotFoundException: The conn_id `postgres_localhost` isn't defined
[2022-07-31 14:20:30,973] {taskinstance.py:1400} INFO - Marking task as UP_FOR_RETRY. dag_id=dag_with_postgres_operator, task_id=create_postgres_table, execution_date=20220203T000000, start_date=20220731T142030, end_date=20220731T142030
[2022-07-31 14:20:30,989] {standard_task_runner.py:97} ERROR - Failed to execute job 274 for task create_postgres_table (The conn_id `postgres_localhost` isn't defined; 4570)
[2022-07-31 14:20:31,030] {local_task_job.py:156} INFO - Task exited with return code 1
[2022-07-31 14:20:31,086] {local_task_job.py:273} INFO - 0 downstream tasks scheduled from follow-on schedule check
