[2022-07-30 18:39:05,950] {taskinstance.py:1159} INFO - Dependencies all met for <TaskInstance: dag_with_postgres_operator.create_postgres_table scheduled__2022-02-03T00:00:00+00:00 [queued]>
[2022-07-30 18:39:05,970] {taskinstance.py:1159} INFO - Dependencies all met for <TaskInstance: dag_with_postgres_operator.create_postgres_table scheduled__2022-02-03T00:00:00+00:00 [queued]>
[2022-07-30 18:39:05,970] {taskinstance.py:1356} INFO - 
--------------------------------------------------------------------------------
[2022-07-30 18:39:05,971] {taskinstance.py:1357} INFO - Starting attempt 3 of 6
[2022-07-30 18:39:05,971] {taskinstance.py:1358} INFO - 
--------------------------------------------------------------------------------
[2022-07-30 18:39:05,994] {taskinstance.py:1377} INFO - Executing <Task(PostgresOperator): create_postgres_table> on 2022-02-03 00:00:00+00:00
[2022-07-30 18:39:06,004] {standard_task_runner.py:52} INFO - Started process 3638 to run task
[2022-07-30 18:39:06,010] {standard_task_runner.py:79} INFO - Running: ['***', 'tasks', 'run', 'dag_with_postgres_operator', 'create_postgres_table', 'scheduled__2022-02-03T00:00:00+00:00', '--job-id', '241', '--raw', '--subdir', 'DAGS_FOLDER/DAGWithPostgresOperator.py', '--cfg-path', '/tmp/tmp1287dwr5', '--error-file', '/tmp/tmpy3xetb7d']
[2022-07-30 18:39:06,010] {standard_task_runner.py:80} INFO - Job 241: Subtask create_postgres_table
[2022-07-30 18:39:06,104] {task_command.py:369} INFO - Running <TaskInstance: dag_with_postgres_operator.create_postgres_table scheduled__2022-02-03T00:00:00+00:00 [running]> on host 66bf18ec08cc
[2022-07-30 18:39:06,214] {taskinstance.py:1571} INFO - Exporting the following env vars:
AIRFLOW_CTX_DAG_OWNER=yosr
AIRFLOW_CTX_DAG_ID=dag_with_postgres_operator
AIRFLOW_CTX_TASK_ID=create_postgres_table
AIRFLOW_CTX_EXECUTION_DATE=2022-02-03T00:00:00+00:00
AIRFLOW_CTX_TRY_NUMBER=3
AIRFLOW_CTX_DAG_RUN_ID=scheduled__2022-02-03T00:00:00+00:00
[2022-07-30 18:39:06,226] {base.py:68} INFO - Using connection ID 'postgres_localhost' for task execution.
[2022-07-30 18:39:06,227] {taskinstance.py:1889} ERROR - Task failed with exception
Traceback (most recent call last):
  File "/home/airflow/.local/lib/python3.7/site-packages/airflow/providers/postgres/operators/postgres.py", line 92, in execute
    self.hook.run(self.sql, self.autocommit, parameters=self.parameters)
  File "/home/airflow/.local/lib/python3.7/site-packages/airflow/hooks/dbapi.py", line 181, in run
    with closing(self.get_conn()) as conn:
  File "/home/airflow/.local/lib/python3.7/site-packages/airflow/providers/postgres/hooks/postgres.py", line 113, in get_conn
    self.conn = psycopg2.connect(**conn_args)
  File "/home/airflow/.local/lib/python3.7/site-packages/psycopg2/__init__.py", line 122, in connect
    conn = _connect(dsn, connection_factory=connection_factory, **kwasync)
psycopg2.OperationalError: could not translate host name "host.docker.internal " to address: Name or service not known

[2022-07-30 18:39:06,239] {taskinstance.py:1400} INFO - Marking task as UP_FOR_RETRY. dag_id=dag_with_postgres_operator, task_id=create_postgres_table, execution_date=20220203T000000, start_date=20220730T183905, end_date=20220730T183906
[2022-07-30 18:39:06,254] {standard_task_runner.py:97} ERROR - Failed to execute job 241 for task create_postgres_table (could not translate host name "host.docker.internal " to address: Name or service not known
; 3638)
[2022-07-30 18:39:06,271] {local_task_job.py:156} INFO - Task exited with return code 1
[2022-07-30 18:39:06,368] {local_task_job.py:273} INFO - 0 downstream tasks scheduled from follow-on schedule check
[2022-07-31 09:41:04,180] {taskinstance.py:1159} INFO - Dependencies all met for <TaskInstance: dag_with_postgres_operator.create_postgres_table scheduled__2022-02-03T00:00:00+00:00 [queued]>
[2022-07-31 09:41:04,266] {taskinstance.py:1159} INFO - Dependencies all met for <TaskInstance: dag_with_postgres_operator.create_postgres_table scheduled__2022-02-03T00:00:00+00:00 [queued]>
[2022-07-31 09:41:04,267] {taskinstance.py:1356} INFO - 
--------------------------------------------------------------------------------
[2022-07-31 09:41:04,267] {taskinstance.py:1357} INFO - Starting attempt 3 of 6
[2022-07-31 09:41:04,267] {taskinstance.py:1358} INFO - 
--------------------------------------------------------------------------------
[2022-07-31 09:41:04,451] {taskinstance.py:1377} INFO - Executing <Task(PostgresOperator): create_postgres_table> on 2022-02-03 00:00:00+00:00
[2022-07-31 09:41:04,499] {standard_task_runner.py:52} INFO - Started process 103 to run task
[2022-07-31 09:41:04,554] {standard_task_runner.py:79} INFO - Running: ['***', 'tasks', 'run', 'dag_with_postgres_operator', 'create_postgres_table', 'scheduled__2022-02-03T00:00:00+00:00', '--job-id', '1245', '--raw', '--subdir', 'DAGS_FOLDER/DAGWithPostgresOperator.py', '--cfg-path', '/tmp/tmp5nadrh6k', '--error-file', '/tmp/tmp1sqf90lj']
[2022-07-31 09:41:04,554] {standard_task_runner.py:80} INFO - Job 1245: Subtask create_postgres_table
[2022-07-31 09:41:05,121] {task_command.py:369} INFO - Running <TaskInstance: dag_with_postgres_operator.create_postgres_table scheduled__2022-02-03T00:00:00+00:00 [running]> on host 66bf18ec08cc
[2022-07-31 09:41:05,896] {taskinstance.py:1571} INFO - Exporting the following env vars:
AIRFLOW_CTX_DAG_OWNER=yosr
AIRFLOW_CTX_DAG_ID=dag_with_postgres_operator
AIRFLOW_CTX_TASK_ID=create_postgres_table
AIRFLOW_CTX_EXECUTION_DATE=2022-02-03T00:00:00+00:00
AIRFLOW_CTX_TRY_NUMBER=3
AIRFLOW_CTX_DAG_RUN_ID=scheduled__2022-02-03T00:00:00+00:00
[2022-07-31 09:41:05,951] {base.py:68} INFO - Using connection ID 'postgres_localhost' for task execution.
[2022-07-31 09:41:05,952] {taskinstance.py:1889} ERROR - Task failed with exception
Traceback (most recent call last):
  File "/home/airflow/.local/lib/python3.7/site-packages/airflow/providers/postgres/operators/postgres.py", line 92, in execute
    self.hook.run(self.sql, self.autocommit, parameters=self.parameters)
  File "/home/airflow/.local/lib/python3.7/site-packages/airflow/hooks/dbapi.py", line 181, in run
    with closing(self.get_conn()) as conn:
  File "/home/airflow/.local/lib/python3.7/site-packages/airflow/providers/postgres/hooks/postgres.py", line 113, in get_conn
    self.conn = psycopg2.connect(**conn_args)
  File "/home/airflow/.local/lib/python3.7/site-packages/psycopg2/__init__.py", line 122, in connect
    conn = _connect(dsn, connection_factory=connection_factory, **kwasync)
psycopg2.OperationalError: could not translate host name "host.docker.local " to address: Name or service not known

[2022-07-31 09:41:06,027] {taskinstance.py:1400} INFO - Marking task as UP_FOR_RETRY. dag_id=dag_with_postgres_operator, task_id=create_postgres_table, execution_date=20220203T000000, start_date=20220731T094104, end_date=20220731T094106
[2022-07-31 09:41:06,132] {standard_task_runner.py:97} ERROR - Failed to execute job 1245 for task create_postgres_table (could not translate host name "host.docker.local " to address: Name or service not known
; 103)
[2022-07-31 09:41:06,171] {local_task_job.py:156} INFO - Task exited with return code 1
[2022-07-31 09:41:06,381] {local_task_job.py:273} INFO - 0 downstream tasks scheduled from follow-on schedule check
[2022-07-31 14:10:28,958] {taskinstance.py:1159} INFO - Dependencies all met for <TaskInstance: dag_with_postgres_operator.create_postgres_table scheduled__2022-02-03T00:00:00+00:00 [queued]>
[2022-07-31 14:10:28,974] {taskinstance.py:1159} INFO - Dependencies all met for <TaskInstance: dag_with_postgres_operator.create_postgres_table scheduled__2022-02-03T00:00:00+00:00 [queued]>
[2022-07-31 14:10:28,975] {taskinstance.py:1356} INFO - 
--------------------------------------------------------------------------------
[2022-07-31 14:10:28,975] {taskinstance.py:1357} INFO - Starting attempt 3 of 6
[2022-07-31 14:10:28,975] {taskinstance.py:1358} INFO - 
--------------------------------------------------------------------------------
[2022-07-31 14:10:28,994] {taskinstance.py:1377} INFO - Executing <Task(PostgresOperator): create_postgres_table> on 2022-02-03 00:00:00+00:00
[2022-07-31 14:10:29,000] {standard_task_runner.py:52} INFO - Started process 4045 to run task
[2022-07-31 14:10:29,003] {standard_task_runner.py:79} INFO - Running: ['***', 'tasks', 'run', 'dag_with_postgres_operator', 'create_postgres_table', 'scheduled__2022-02-03T00:00:00+00:00', '--job-id', '242', '--raw', '--subdir', 'DAGS_FOLDER/DAGWithPostgresOperator.py', '--cfg-path', '/tmp/tmpytuw0r7i', '--error-file', '/tmp/tmpcuil2rcf']
[2022-07-31 14:10:29,004] {standard_task_runner.py:80} INFO - Job 242: Subtask create_postgres_table
[2022-07-31 14:10:29,090] {task_command.py:369} INFO - Running <TaskInstance: dag_with_postgres_operator.create_postgres_table scheduled__2022-02-03T00:00:00+00:00 [running]> on host 4688dd3b7141
[2022-07-31 14:10:29,191] {taskinstance.py:1571} INFO - Exporting the following env vars:
AIRFLOW_CTX_DAG_OWNER=yosr
AIRFLOW_CTX_DAG_ID=dag_with_postgres_operator
AIRFLOW_CTX_TASK_ID=create_postgres_table
AIRFLOW_CTX_EXECUTION_DATE=2022-02-03T00:00:00+00:00
AIRFLOW_CTX_TRY_NUMBER=3
AIRFLOW_CTX_DAG_RUN_ID=scheduled__2022-02-03T00:00:00+00:00
[2022-07-31 14:10:29,231] {taskinstance.py:1889} ERROR - Task failed with exception
Traceback (most recent call last):
  File "/home/airflow/.local/lib/python3.7/site-packages/airflow/providers/postgres/operators/postgres.py", line 92, in execute
    self.hook.run(self.sql, self.autocommit, parameters=self.parameters)
  File "/home/airflow/.local/lib/python3.7/site-packages/airflow/hooks/dbapi.py", line 181, in run
    with closing(self.get_conn()) as conn:
  File "/home/airflow/.local/lib/python3.7/site-packages/airflow/providers/postgres/hooks/postgres.py", line 86, in get_conn
    conn = deepcopy(self.connection or self.get_connection(conn_id))
  File "/home/airflow/.local/lib/python3.7/site-packages/airflow/hooks/base.py", line 67, in get_connection
    conn = Connection.get_connection_from_secrets(conn_id)
  File "/home/airflow/.local/lib/python3.7/site-packages/airflow/models/connection.py", line 430, in get_connection_from_secrets
    raise AirflowNotFoundException(f"The conn_id `{conn_id}` isn't defined")
airflow.exceptions.AirflowNotFoundException: The conn_id `postgres_localhost` isn't defined
[2022-07-31 14:10:29,238] {taskinstance.py:1400} INFO - Marking task as UP_FOR_RETRY. dag_id=dag_with_postgres_operator, task_id=create_postgres_table, execution_date=20220203T000000, start_date=20220731T141028, end_date=20220731T141029
[2022-07-31 14:10:29,254] {standard_task_runner.py:97} ERROR - Failed to execute job 242 for task create_postgres_table (The conn_id `postgres_localhost` isn't defined; 4045)
[2022-07-31 14:10:29,262] {local_task_job.py:156} INFO - Task exited with return code 1
[2022-07-31 14:10:29,310] {local_task_job.py:273} INFO - 0 downstream tasks scheduled from follow-on schedule check
