[2022-07-29 11:56:26,651] {taskinstance.py:1159} INFO - Dependencies all met for <TaskInstance: dag_with_taskflow_api.get_name scheduled__2021-12-09T00:00:00+00:00 [queued]>
[2022-07-29 11:56:26,671] {taskinstance.py:1159} INFO - Dependencies all met for <TaskInstance: dag_with_taskflow_api.get_name scheduled__2021-12-09T00:00:00+00:00 [queued]>
[2022-07-29 11:56:26,671] {taskinstance.py:1356} INFO - 
--------------------------------------------------------------------------------
[2022-07-29 11:56:26,671] {taskinstance.py:1357} INFO - Starting attempt 1 of 6
[2022-07-29 11:56:26,671] {taskinstance.py:1358} INFO - 
--------------------------------------------------------------------------------
[2022-07-29 11:56:26,693] {taskinstance.py:1377} INFO - Executing <Task(_PythonDecoratedOperator): get_name> on 2021-12-09 00:00:00+00:00
[2022-07-29 11:56:26,697] {standard_task_runner.py:52} INFO - Started process 8415 to run task
[2022-07-29 11:56:26,701] {standard_task_runner.py:79} INFO - Running: ['***', 'tasks', 'run', 'dag_with_taskflow_api', 'get_name', 'scheduled__2021-12-09T00:00:00+00:00', '--job-id', '1426', '--raw', '--subdir', 'DAGS_FOLDER/DagWithTaskflowApi.py', '--cfg-path', '/tmp/tmp13_bwkev', '--error-file', '/tmp/tmp79pmvlep']
[2022-07-29 11:56:26,702] {standard_task_runner.py:80} INFO - Job 1426: Subtask get_name
[2022-07-29 11:56:26,819] {task_command.py:369} INFO - Running <TaskInstance: dag_with_taskflow_api.get_name scheduled__2021-12-09T00:00:00+00:00 [running]> on host 9f0f006fc89d
[2022-07-29 11:56:26,990] {taskinstance.py:1571} INFO - Exporting the following env vars:
AIRFLOW_CTX_DAG_OWNER=yosr
AIRFLOW_CTX_DAG_ID=dag_with_taskflow_api
AIRFLOW_CTX_TASK_ID=get_name
AIRFLOW_CTX_EXECUTION_DATE=2021-12-09T00:00:00+00:00
AIRFLOW_CTX_TRY_NUMBER=1
AIRFLOW_CTX_DAG_RUN_ID=scheduled__2021-12-09T00:00:00+00:00
[2022-07-29 11:56:26,991] {python.py:173} INFO - Done. Returned value was: {'first_name': 'Jerry', 'last_name': 'Fridman'}
[2022-07-29 11:56:27,121] {taskinstance.py:1400} INFO - Marking task as SUCCESS. dag_id=dag_with_taskflow_api, task_id=get_name, execution_date=20211209T000000, start_date=20220729T115626, end_date=20220729T115627
[2022-07-29 11:56:27,181] {local_task_job.py:156} INFO - Task exited with return code 0
[2022-07-29 11:56:27,265] {local_task_job.py:273} INFO - 0 downstream tasks scheduled from follow-on schedule check
