[2022-07-30 18:49:05,932] {taskinstance.py:1159} INFO - Dependencies all met for <TaskInstance: dag_with_postgres_operator.create_postgres_table scheduled__2022-01-28T00:00:00+00:00 [queued]>
[2022-07-30 18:49:05,948] {taskinstance.py:1159} INFO - Dependencies all met for <TaskInstance: dag_with_postgres_operator.create_postgres_table scheduled__2022-01-28T00:00:00+00:00 [queued]>
[2022-07-30 18:49:05,948] {taskinstance.py:1356} INFO - 
--------------------------------------------------------------------------------
[2022-07-30 18:49:05,948] {taskinstance.py:1357} INFO - Starting attempt 5 of 6
[2022-07-30 18:49:05,948] {taskinstance.py:1358} INFO - 
--------------------------------------------------------------------------------
[2022-07-30 18:49:05,966] {taskinstance.py:1377} INFO - Executing <Task(PostgresOperator): create_postgres_table> on 2022-01-28 00:00:00+00:00
[2022-07-30 18:49:05,970] {standard_task_runner.py:52} INFO - Started process 4157 to run task
[2022-07-30 18:49:05,973] {standard_task_runner.py:79} INFO - Running: ['***', 'tasks', 'run', 'dag_with_postgres_operator', 'create_postgres_table', 'scheduled__2022-01-28T00:00:00+00:00', '--job-id', '267', '--raw', '--subdir', 'DAGS_FOLDER/DAGWithPostgresOperator.py', '--cfg-path', '/tmp/tmp7ishdb57', '--error-file', '/tmp/tmpwg5jmpm2']
[2022-07-30 18:49:05,973] {standard_task_runner.py:80} INFO - Job 267: Subtask create_postgres_table
[2022-07-30 18:49:06,035] {task_command.py:369} INFO - Running <TaskInstance: dag_with_postgres_operator.create_postgres_table scheduled__2022-01-28T00:00:00+00:00 [running]> on host 66bf18ec08cc
[2022-07-30 18:49:06,111] {taskinstance.py:1571} INFO - Exporting the following env vars:
AIRFLOW_CTX_DAG_OWNER=yosr
AIRFLOW_CTX_DAG_ID=dag_with_postgres_operator
AIRFLOW_CTX_TASK_ID=create_postgres_table
AIRFLOW_CTX_EXECUTION_DATE=2022-01-28T00:00:00+00:00
AIRFLOW_CTX_TRY_NUMBER=5
AIRFLOW_CTX_DAG_RUN_ID=scheduled__2022-01-28T00:00:00+00:00
[2022-07-30 18:49:06,122] {base.py:68} INFO - Using connection ID 'postgres_localhost' for task execution.
[2022-07-30 18:49:06,122] {taskinstance.py:1889} ERROR - Task failed with exception
Traceback (most recent call last):
  File "/home/airflow/.local/lib/python3.7/site-packages/airflow/providers/postgres/operators/postgres.py", line 92, in execute
    self.hook.run(self.sql, self.autocommit, parameters=self.parameters)
  File "/home/airflow/.local/lib/python3.7/site-packages/airflow/hooks/dbapi.py", line 181, in run
    with closing(self.get_conn()) as conn:
  File "/home/airflow/.local/lib/python3.7/site-packages/airflow/providers/postgres/hooks/postgres.py", line 113, in get_conn
    self.conn = psycopg2.connect(**conn_args)
  File "/home/airflow/.local/lib/python3.7/site-packages/psycopg2/__init__.py", line 122, in connect
    conn = _connect(dsn, connection_factory=connection_factory, **kwasync)
psycopg2.OperationalError: could not translate host name "host.docker.internal " to address: Name or service not known

[2022-07-30 18:49:06,134] {taskinstance.py:1400} INFO - Marking task as UP_FOR_RETRY. dag_id=dag_with_postgres_operator, task_id=create_postgres_table, execution_date=20220128T000000, start_date=20220730T184905, end_date=20220730T184906
[2022-07-30 18:49:06,147] {standard_task_runner.py:97} ERROR - Failed to execute job 267 for task create_postgres_table (could not translate host name "host.docker.internal " to address: Name or service not known
; 4157)
[2022-07-30 18:49:06,152] {local_task_job.py:156} INFO - Task exited with return code 1
[2022-07-30 18:49:06,196] {local_task_job.py:273} INFO - 0 downstream tasks scheduled from follow-on schedule check
[2022-07-31 09:51:10,187] {taskinstance.py:1159} INFO - Dependencies all met for <TaskInstance: dag_with_postgres_operator.create_postgres_table scheduled__2022-01-28T00:00:00+00:00 [queued]>
[2022-07-31 09:51:10,227] {taskinstance.py:1159} INFO - Dependencies all met for <TaskInstance: dag_with_postgres_operator.create_postgres_table scheduled__2022-01-28T00:00:00+00:00 [queued]>
[2022-07-31 09:51:10,227] {taskinstance.py:1356} INFO - 
--------------------------------------------------------------------------------
[2022-07-31 09:51:10,227] {taskinstance.py:1357} INFO - Starting attempt 5 of 6
[2022-07-31 09:51:10,227] {taskinstance.py:1358} INFO - 
--------------------------------------------------------------------------------
[2022-07-31 09:51:10,278] {taskinstance.py:1377} INFO - Executing <Task(PostgresOperator): create_postgres_table> on 2022-01-28 00:00:00+00:00
[2022-07-31 09:51:10,284] {standard_task_runner.py:52} INFO - Started process 631 to run task
[2022-07-31 09:51:10,313] {standard_task_runner.py:79} INFO - Running: ['***', 'tasks', 'run', 'dag_with_postgres_operator', 'create_postgres_table', 'scheduled__2022-01-28T00:00:00+00:00', '--job-id', '1276', '--raw', '--subdir', 'DAGS_FOLDER/DAGWithPostgresOperator.py', '--cfg-path', '/tmp/tmpb9i2bu7_', '--error-file', '/tmp/tmp2z9c4gzu']
[2022-07-31 09:51:10,313] {standard_task_runner.py:80} INFO - Job 1276: Subtask create_postgres_table
[2022-07-31 09:51:10,654] {task_command.py:369} INFO - Running <TaskInstance: dag_with_postgres_operator.create_postgres_table scheduled__2022-01-28T00:00:00+00:00 [running]> on host 66bf18ec08cc
[2022-07-31 09:51:11,236] {taskinstance.py:1571} INFO - Exporting the following env vars:
AIRFLOW_CTX_DAG_OWNER=yosr
AIRFLOW_CTX_DAG_ID=dag_with_postgres_operator
AIRFLOW_CTX_TASK_ID=create_postgres_table
AIRFLOW_CTX_EXECUTION_DATE=2022-01-28T00:00:00+00:00
AIRFLOW_CTX_TRY_NUMBER=5
AIRFLOW_CTX_DAG_RUN_ID=scheduled__2022-01-28T00:00:00+00:00
[2022-07-31 09:51:11,268] {base.py:68} INFO - Using connection ID 'postgres_localhost' for task execution.
[2022-07-31 09:51:11,271] {taskinstance.py:1889} ERROR - Task failed with exception
Traceback (most recent call last):
  File "/home/airflow/.local/lib/python3.7/site-packages/airflow/providers/postgres/operators/postgres.py", line 92, in execute
    self.hook.run(self.sql, self.autocommit, parameters=self.parameters)
  File "/home/airflow/.local/lib/python3.7/site-packages/airflow/hooks/dbapi.py", line 181, in run
    with closing(self.get_conn()) as conn:
  File "/home/airflow/.local/lib/python3.7/site-packages/airflow/providers/postgres/hooks/postgres.py", line 113, in get_conn
    self.conn = psycopg2.connect(**conn_args)
  File "/home/airflow/.local/lib/python3.7/site-packages/psycopg2/__init__.py", line 122, in connect
    conn = _connect(dsn, connection_factory=connection_factory, **kwasync)
psycopg2.OperationalError: could not translate host name "host.docker.local " to address: Name or service not known

[2022-07-31 09:51:11,328] {taskinstance.py:1400} INFO - Marking task as UP_FOR_RETRY. dag_id=dag_with_postgres_operator, task_id=create_postgres_table, execution_date=20220128T000000, start_date=20220731T095110, end_date=20220731T095111
[2022-07-31 09:51:11,383] {standard_task_runner.py:97} ERROR - Failed to execute job 1276 for task create_postgres_table (could not translate host name "host.docker.local " to address: Name or service not known
; 631)
[2022-07-31 09:51:11,418] {local_task_job.py:156} INFO - Task exited with return code 1
[2022-07-31 09:51:11,539] {local_task_job.py:273} INFO - 0 downstream tasks scheduled from follow-on schedule check
[2022-07-31 14:20:28,022] {taskinstance.py:1159} INFO - Dependencies all met for <TaskInstance: dag_with_postgres_operator.create_postgres_table scheduled__2022-01-28T00:00:00+00:00 [queued]>
[2022-07-31 14:20:28,043] {taskinstance.py:1159} INFO - Dependencies all met for <TaskInstance: dag_with_postgres_operator.create_postgres_table scheduled__2022-01-28T00:00:00+00:00 [queued]>
[2022-07-31 14:20:28,043] {taskinstance.py:1356} INFO - 
--------------------------------------------------------------------------------
[2022-07-31 14:20:28,043] {taskinstance.py:1357} INFO - Starting attempt 5 of 6
[2022-07-31 14:20:28,044] {taskinstance.py:1358} INFO - 
--------------------------------------------------------------------------------
[2022-07-31 14:20:28,069] {taskinstance.py:1377} INFO - Executing <Task(PostgresOperator): create_postgres_table> on 2022-01-28 00:00:00+00:00
[2022-07-31 14:20:28,074] {standard_task_runner.py:52} INFO - Started process 4557 to run task
[2022-07-31 14:20:28,078] {standard_task_runner.py:79} INFO - Running: ['***', 'tasks', 'run', 'dag_with_postgres_operator', 'create_postgres_table', 'scheduled__2022-01-28T00:00:00+00:00', '--job-id', '266', '--raw', '--subdir', 'DAGS_FOLDER/DAGWithPostgresOperator.py', '--cfg-path', '/tmp/tmpsh500l1_', '--error-file', '/tmp/tmp__wgq71j']
[2022-07-31 14:20:28,078] {standard_task_runner.py:80} INFO - Job 266: Subtask create_postgres_table
[2022-07-31 14:20:28,171] {task_command.py:369} INFO - Running <TaskInstance: dag_with_postgres_operator.create_postgres_table scheduled__2022-01-28T00:00:00+00:00 [running]> on host 4688dd3b7141
[2022-07-31 14:20:28,281] {taskinstance.py:1571} INFO - Exporting the following env vars:
AIRFLOW_CTX_DAG_OWNER=yosr
AIRFLOW_CTX_DAG_ID=dag_with_postgres_operator
AIRFLOW_CTX_TASK_ID=create_postgres_table
AIRFLOW_CTX_EXECUTION_DATE=2022-01-28T00:00:00+00:00
AIRFLOW_CTX_TRY_NUMBER=5
AIRFLOW_CTX_DAG_RUN_ID=scheduled__2022-01-28T00:00:00+00:00
[2022-07-31 14:20:28,318] {taskinstance.py:1889} ERROR - Task failed with exception
Traceback (most recent call last):
  File "/home/airflow/.local/lib/python3.7/site-packages/airflow/providers/postgres/operators/postgres.py", line 92, in execute
    self.hook.run(self.sql, self.autocommit, parameters=self.parameters)
  File "/home/airflow/.local/lib/python3.7/site-packages/airflow/hooks/dbapi.py", line 181, in run
    with closing(self.get_conn()) as conn:
  File "/home/airflow/.local/lib/python3.7/site-packages/airflow/providers/postgres/hooks/postgres.py", line 86, in get_conn
    conn = deepcopy(self.connection or self.get_connection(conn_id))
  File "/home/airflow/.local/lib/python3.7/site-packages/airflow/hooks/base.py", line 67, in get_connection
    conn = Connection.get_connection_from_secrets(conn_id)
  File "/home/airflow/.local/lib/python3.7/site-packages/airflow/models/connection.py", line 430, in get_connection_from_secrets
    raise AirflowNotFoundException(f"The conn_id `{conn_id}` isn't defined")
airflow.exceptions.AirflowNotFoundException: The conn_id `postgres_localhost` isn't defined
[2022-07-31 14:20:28,323] {taskinstance.py:1400} INFO - Marking task as UP_FOR_RETRY. dag_id=dag_with_postgres_operator, task_id=create_postgres_table, execution_date=20220128T000000, start_date=20220731T142028, end_date=20220731T142028
[2022-07-31 14:20:28,343] {standard_task_runner.py:97} ERROR - Failed to execute job 266 for task create_postgres_table (The conn_id `postgres_localhost` isn't defined; 4557)
[2022-07-31 14:20:28,378] {local_task_job.py:156} INFO - Task exited with return code 1
[2022-07-31 14:20:28,440] {local_task_job.py:273} INFO - 0 downstream tasks scheduled from follow-on schedule check
