[2022-07-30 18:44:03,998] {taskinstance.py:1159} INFO - Dependencies all met for <TaskInstance: dag_with_postgres_operator.create_postgres_table scheduled__2022-01-28T00:00:00+00:00 [queued]>
[2022-07-30 18:44:04,012] {taskinstance.py:1159} INFO - Dependencies all met for <TaskInstance: dag_with_postgres_operator.create_postgres_table scheduled__2022-01-28T00:00:00+00:00 [queued]>
[2022-07-30 18:44:04,012] {taskinstance.py:1356} INFO - 
--------------------------------------------------------------------------------
[2022-07-30 18:44:04,012] {taskinstance.py:1357} INFO - Starting attempt 4 of 6
[2022-07-30 18:44:04,012] {taskinstance.py:1358} INFO - 
--------------------------------------------------------------------------------
[2022-07-30 18:44:04,034] {taskinstance.py:1377} INFO - Executing <Task(PostgresOperator): create_postgres_table> on 2022-01-28 00:00:00+00:00
[2022-07-30 18:44:04,039] {standard_task_runner.py:52} INFO - Started process 3894 to run task
[2022-07-30 18:44:04,043] {standard_task_runner.py:79} INFO - Running: ['***', 'tasks', 'run', 'dag_with_postgres_operator', 'create_postgres_table', 'scheduled__2022-01-28T00:00:00+00:00', '--job-id', '251', '--raw', '--subdir', 'DAGS_FOLDER/DAGWithPostgresOperator.py', '--cfg-path', '/tmp/tmphyy6ei7q', '--error-file', '/tmp/tmpiecpsai_']
[2022-07-30 18:44:04,043] {standard_task_runner.py:80} INFO - Job 251: Subtask create_postgres_table
[2022-07-30 18:44:04,113] {task_command.py:369} INFO - Running <TaskInstance: dag_with_postgres_operator.create_postgres_table scheduled__2022-01-28T00:00:00+00:00 [running]> on host 66bf18ec08cc
[2022-07-30 18:44:04,205] {taskinstance.py:1571} INFO - Exporting the following env vars:
AIRFLOW_CTX_DAG_OWNER=yosr
AIRFLOW_CTX_DAG_ID=dag_with_postgres_operator
AIRFLOW_CTX_TASK_ID=create_postgres_table
AIRFLOW_CTX_EXECUTION_DATE=2022-01-28T00:00:00+00:00
AIRFLOW_CTX_TRY_NUMBER=4
AIRFLOW_CTX_DAG_RUN_ID=scheduled__2022-01-28T00:00:00+00:00
[2022-07-30 18:44:04,216] {base.py:68} INFO - Using connection ID 'postgres_localhost' for task execution.
[2022-07-30 18:44:04,217] {taskinstance.py:1889} ERROR - Task failed with exception
Traceback (most recent call last):
  File "/home/airflow/.local/lib/python3.7/site-packages/airflow/providers/postgres/operators/postgres.py", line 92, in execute
    self.hook.run(self.sql, self.autocommit, parameters=self.parameters)
  File "/home/airflow/.local/lib/python3.7/site-packages/airflow/hooks/dbapi.py", line 181, in run
    with closing(self.get_conn()) as conn:
  File "/home/airflow/.local/lib/python3.7/site-packages/airflow/providers/postgres/hooks/postgres.py", line 113, in get_conn
    self.conn = psycopg2.connect(**conn_args)
  File "/home/airflow/.local/lib/python3.7/site-packages/psycopg2/__init__.py", line 122, in connect
    conn = _connect(dsn, connection_factory=connection_factory, **kwasync)
psycopg2.OperationalError: could not translate host name "host.docker.internal " to address: Name or service not known

[2022-07-30 18:44:04,228] {taskinstance.py:1400} INFO - Marking task as UP_FOR_RETRY. dag_id=dag_with_postgres_operator, task_id=create_postgres_table, execution_date=20220128T000000, start_date=20220730T184403, end_date=20220730T184404
[2022-07-30 18:44:04,242] {standard_task_runner.py:97} ERROR - Failed to execute job 251 for task create_postgres_table (could not translate host name "host.docker.internal " to address: Name or service not known
; 3894)
[2022-07-30 18:44:04,260] {local_task_job.py:156} INFO - Task exited with return code 1
[2022-07-30 18:44:04,303] {local_task_job.py:273} INFO - 0 downstream tasks scheduled from follow-on schedule check
[2022-07-31 09:46:07,717] {taskinstance.py:1159} INFO - Dependencies all met for <TaskInstance: dag_with_postgres_operator.create_postgres_table scheduled__2022-01-28T00:00:00+00:00 [queued]>
[2022-07-31 09:46:07,808] {taskinstance.py:1159} INFO - Dependencies all met for <TaskInstance: dag_with_postgres_operator.create_postgres_table scheduled__2022-01-28T00:00:00+00:00 [queued]>
[2022-07-31 09:46:07,808] {taskinstance.py:1356} INFO - 
--------------------------------------------------------------------------------
[2022-07-31 09:46:07,809] {taskinstance.py:1357} INFO - Starting attempt 4 of 6
[2022-07-31 09:46:07,809] {taskinstance.py:1358} INFO - 
--------------------------------------------------------------------------------
[2022-07-31 09:46:07,887] {taskinstance.py:1377} INFO - Executing <Task(PostgresOperator): create_postgres_table> on 2022-01-28 00:00:00+00:00
[2022-07-31 09:46:07,902] {standard_task_runner.py:52} INFO - Started process 373 to run task
[2022-07-31 09:46:07,949] {standard_task_runner.py:79} INFO - Running: ['***', 'tasks', 'run', 'dag_with_postgres_operator', 'create_postgres_table', 'scheduled__2022-01-28T00:00:00+00:00', '--job-id', '1262', '--raw', '--subdir', 'DAGS_FOLDER/DAGWithPostgresOperator.py', '--cfg-path', '/tmp/tmpgu91q9h0', '--error-file', '/tmp/tmpteswvi_l']
[2022-07-31 09:46:07,950] {standard_task_runner.py:80} INFO - Job 1262: Subtask create_postgres_table
[2022-07-31 09:46:08,499] {task_command.py:369} INFO - Running <TaskInstance: dag_with_postgres_operator.create_postgres_table scheduled__2022-01-28T00:00:00+00:00 [running]> on host 66bf18ec08cc
[2022-07-31 09:46:08,763] {taskinstance.py:1571} INFO - Exporting the following env vars:
AIRFLOW_CTX_DAG_OWNER=yosr
AIRFLOW_CTX_DAG_ID=dag_with_postgres_operator
AIRFLOW_CTX_TASK_ID=create_postgres_table
AIRFLOW_CTX_EXECUTION_DATE=2022-01-28T00:00:00+00:00
AIRFLOW_CTX_TRY_NUMBER=4
AIRFLOW_CTX_DAG_RUN_ID=scheduled__2022-01-28T00:00:00+00:00
[2022-07-31 09:46:08,810] {base.py:68} INFO - Using connection ID 'postgres_localhost' for task execution.
[2022-07-31 09:46:08,813] {taskinstance.py:1889} ERROR - Task failed with exception
Traceback (most recent call last):
  File "/home/airflow/.local/lib/python3.7/site-packages/airflow/providers/postgres/operators/postgres.py", line 92, in execute
    self.hook.run(self.sql, self.autocommit, parameters=self.parameters)
  File "/home/airflow/.local/lib/python3.7/site-packages/airflow/hooks/dbapi.py", line 181, in run
    with closing(self.get_conn()) as conn:
  File "/home/airflow/.local/lib/python3.7/site-packages/airflow/providers/postgres/hooks/postgres.py", line 113, in get_conn
    self.conn = psycopg2.connect(**conn_args)
  File "/home/airflow/.local/lib/python3.7/site-packages/psycopg2/__init__.py", line 122, in connect
    conn = _connect(dsn, connection_factory=connection_factory, **kwasync)
psycopg2.OperationalError: could not translate host name "host.docker.local " to address: Name or service not known

[2022-07-31 09:46:08,853] {taskinstance.py:1400} INFO - Marking task as UP_FOR_RETRY. dag_id=dag_with_postgres_operator, task_id=create_postgres_table, execution_date=20220128T000000, start_date=20220731T094607, end_date=20220731T094608
[2022-07-31 09:46:08,876] {standard_task_runner.py:97} ERROR - Failed to execute job 1262 for task create_postgres_table (could not translate host name "host.docker.local " to address: Name or service not known
; 373)
[2022-07-31 09:46:08,909] {local_task_job.py:156} INFO - Task exited with return code 1
[2022-07-31 09:46:09,070] {local_task_job.py:273} INFO - 0 downstream tasks scheduled from follow-on schedule check
[2022-07-31 14:15:27,122] {taskinstance.py:1159} INFO - Dependencies all met for <TaskInstance: dag_with_postgres_operator.create_postgres_table scheduled__2022-01-28T00:00:00+00:00 [queued]>
[2022-07-31 14:15:27,138] {taskinstance.py:1159} INFO - Dependencies all met for <TaskInstance: dag_with_postgres_operator.create_postgres_table scheduled__2022-01-28T00:00:00+00:00 [queued]>
[2022-07-31 14:15:27,139] {taskinstance.py:1356} INFO - 
--------------------------------------------------------------------------------
[2022-07-31 14:15:27,139] {taskinstance.py:1357} INFO - Starting attempt 4 of 6
[2022-07-31 14:15:27,139] {taskinstance.py:1358} INFO - 
--------------------------------------------------------------------------------
[2022-07-31 14:15:27,169] {taskinstance.py:1377} INFO - Executing <Task(PostgresOperator): create_postgres_table> on 2022-01-28 00:00:00+00:00
[2022-07-31 14:15:27,175] {standard_task_runner.py:52} INFO - Started process 4291 to run task
[2022-07-31 14:15:27,183] {standard_task_runner.py:79} INFO - Running: ['***', 'tasks', 'run', 'dag_with_postgres_operator', 'create_postgres_table', 'scheduled__2022-01-28T00:00:00+00:00', '--job-id', '251', '--raw', '--subdir', 'DAGS_FOLDER/DAGWithPostgresOperator.py', '--cfg-path', '/tmp/tmp3ssyzgtz', '--error-file', '/tmp/tmpu1q0mkku']
[2022-07-31 14:15:27,183] {standard_task_runner.py:80} INFO - Job 251: Subtask create_postgres_table
[2022-07-31 14:15:27,282] {task_command.py:369} INFO - Running <TaskInstance: dag_with_postgres_operator.create_postgres_table scheduled__2022-01-28T00:00:00+00:00 [running]> on host 4688dd3b7141
[2022-07-31 14:15:27,403] {taskinstance.py:1571} INFO - Exporting the following env vars:
AIRFLOW_CTX_DAG_OWNER=yosr
AIRFLOW_CTX_DAG_ID=dag_with_postgres_operator
AIRFLOW_CTX_TASK_ID=create_postgres_table
AIRFLOW_CTX_EXECUTION_DATE=2022-01-28T00:00:00+00:00
AIRFLOW_CTX_TRY_NUMBER=4
AIRFLOW_CTX_DAG_RUN_ID=scheduled__2022-01-28T00:00:00+00:00
[2022-07-31 14:15:27,448] {taskinstance.py:1889} ERROR - Task failed with exception
Traceback (most recent call last):
  File "/home/airflow/.local/lib/python3.7/site-packages/airflow/providers/postgres/operators/postgres.py", line 92, in execute
    self.hook.run(self.sql, self.autocommit, parameters=self.parameters)
  File "/home/airflow/.local/lib/python3.7/site-packages/airflow/hooks/dbapi.py", line 181, in run
    with closing(self.get_conn()) as conn:
  File "/home/airflow/.local/lib/python3.7/site-packages/airflow/providers/postgres/hooks/postgres.py", line 86, in get_conn
    conn = deepcopy(self.connection or self.get_connection(conn_id))
  File "/home/airflow/.local/lib/python3.7/site-packages/airflow/hooks/base.py", line 67, in get_connection
    conn = Connection.get_connection_from_secrets(conn_id)
  File "/home/airflow/.local/lib/python3.7/site-packages/airflow/models/connection.py", line 430, in get_connection_from_secrets
    raise AirflowNotFoundException(f"The conn_id `{conn_id}` isn't defined")
airflow.exceptions.AirflowNotFoundException: The conn_id `postgres_localhost` isn't defined
[2022-07-31 14:15:27,455] {taskinstance.py:1400} INFO - Marking task as UP_FOR_RETRY. dag_id=dag_with_postgres_operator, task_id=create_postgres_table, execution_date=20220128T000000, start_date=20220731T141527, end_date=20220731T141527
[2022-07-31 14:15:27,474] {standard_task_runner.py:97} ERROR - Failed to execute job 251 for task create_postgres_table (The conn_id `postgres_localhost` isn't defined; 4291)
[2022-07-31 14:15:27,485] {local_task_job.py:156} INFO - Task exited with return code 1
[2022-07-31 14:15:27,539] {local_task_job.py:273} INFO - 0 downstream tasks scheduled from follow-on schedule check
