[2022-07-29 11:41:26,195] {taskinstance.py:1159} INFO - Dependencies all met for <TaskInstance: dag_with_python_operator.get_age scheduled__2021-11-15T00:00:00+00:00 [queued]>
[2022-07-29 11:41:26,214] {taskinstance.py:1159} INFO - Dependencies all met for <TaskInstance: dag_with_python_operator.get_age scheduled__2021-11-15T00:00:00+00:00 [queued]>
[2022-07-29 11:41:26,214] {taskinstance.py:1356} INFO - 
--------------------------------------------------------------------------------
[2022-07-29 11:41:26,214] {taskinstance.py:1357} INFO - Starting attempt 1 of 6
[2022-07-29 11:41:26,214] {taskinstance.py:1358} INFO - 
--------------------------------------------------------------------------------
[2022-07-29 11:41:26,233] {taskinstance.py:1377} INFO - Executing <Task(PythonOperator): get_age> on 2021-11-15 00:00:00+00:00
[2022-07-29 11:41:26,238] {standard_task_runner.py:52} INFO - Started process 5934 to run task
[2022-07-29 11:41:26,241] {standard_task_runner.py:79} INFO - Running: ['***', 'tasks', 'run', 'dag_with_python_operator', 'get_age', 'scheduled__2021-11-15T00:00:00+00:00', '--job-id', '524', '--raw', '--subdir', 'DAGS_FOLDER/CreateDagWithPythonOperator.py', '--cfg-path', '/tmp/tmpngiwe9ae', '--error-file', '/tmp/tmpf9sfgyv1']
[2022-07-29 11:41:26,241] {standard_task_runner.py:80} INFO - Job 524: Subtask get_age
[2022-07-29 11:41:26,327] {task_command.py:369} INFO - Running <TaskInstance: dag_with_python_operator.get_age scheduled__2021-11-15T00:00:00+00:00 [running]> on host 9f0f006fc89d
[2022-07-29 11:41:26,454] {taskinstance.py:1571} INFO - Exporting the following env vars:
AIRFLOW_CTX_DAG_OWNER=yosr
AIRFLOW_CTX_DAG_ID=dag_with_python_operator
AIRFLOW_CTX_TASK_ID=get_age
AIRFLOW_CTX_EXECUTION_DATE=2021-11-15T00:00:00+00:00
AIRFLOW_CTX_TRY_NUMBER=1
AIRFLOW_CTX_DAG_RUN_ID=scheduled__2021-11-15T00:00:00+00:00
[2022-07-29 11:41:26,476] {python.py:173} INFO - Done. Returned value was: None
[2022-07-29 11:41:26,496] {taskinstance.py:1400} INFO - Marking task as SUCCESS. dag_id=dag_with_python_operator, task_id=get_age, execution_date=20211115T000000, start_date=20220729T114126, end_date=20220729T114126
[2022-07-29 11:41:26,547] {local_task_job.py:156} INFO - Task exited with return code 0
[2022-07-29 11:41:26,636] {local_task_job.py:273} INFO - 0 downstream tasks scheduled from follow-on schedule check
