[2022-07-30 18:23:54,152] {taskinstance.py:1159} INFO - Dependencies all met for <TaskInstance: dag_with_postgres_operator.create_postgres_table scheduled__2022-01-16T00:00:00+00:00 [queued]>
[2022-07-30 18:23:54,172] {taskinstance.py:1159} INFO - Dependencies all met for <TaskInstance: dag_with_postgres_operator.create_postgres_table scheduled__2022-01-16T00:00:00+00:00 [queued]>
[2022-07-30 18:23:54,172] {taskinstance.py:1356} INFO - 
--------------------------------------------------------------------------------
[2022-07-30 18:23:54,172] {taskinstance.py:1357} INFO - Starting attempt 5 of 6
[2022-07-30 18:23:54,172] {taskinstance.py:1358} INFO - 
--------------------------------------------------------------------------------
[2022-07-30 18:23:54,200] {taskinstance.py:1377} INFO - Executing <Task(PostgresOperator): create_postgres_table> on 2022-01-16 00:00:00+00:00
[2022-07-30 18:23:54,206] {standard_task_runner.py:52} INFO - Started process 2808 to run task
[2022-07-30 18:23:54,212] {standard_task_runner.py:79} INFO - Running: ['***', 'tasks', 'run', 'dag_with_postgres_operator', 'create_postgres_table', 'scheduled__2022-01-16T00:00:00+00:00', '--job-id', '175', '--raw', '--subdir', 'DAGS_FOLDER/DAGWithPostgresOperator.py', '--cfg-path', '/tmp/tmp1kg4mkd6', '--error-file', '/tmp/tmpnxjb4b54']
[2022-07-30 18:23:54,212] {standard_task_runner.py:80} INFO - Job 175: Subtask create_postgres_table
[2022-07-30 18:23:54,288] {task_command.py:369} INFO - Running <TaskInstance: dag_with_postgres_operator.create_postgres_table scheduled__2022-01-16T00:00:00+00:00 [running]> on host 66bf18ec08cc
[2022-07-30 18:23:54,386] {taskinstance.py:1571} INFO - Exporting the following env vars:
AIRFLOW_CTX_DAG_OWNER=yosr
AIRFLOW_CTX_DAG_ID=dag_with_postgres_operator
AIRFLOW_CTX_TASK_ID=create_postgres_table
AIRFLOW_CTX_EXECUTION_DATE=2022-01-16T00:00:00+00:00
AIRFLOW_CTX_TRY_NUMBER=5
AIRFLOW_CTX_DAG_RUN_ID=scheduled__2022-01-16T00:00:00+00:00
[2022-07-30 18:23:54,401] {base.py:68} INFO - Using connection ID 'postgres_localhost' for task execution.
[2022-07-30 18:23:54,402] {taskinstance.py:1889} ERROR - Task failed with exception
Traceback (most recent call last):
  File "/home/airflow/.local/lib/python3.7/site-packages/airflow/providers/postgres/operators/postgres.py", line 92, in execute
    self.hook.run(self.sql, self.autocommit, parameters=self.parameters)
  File "/home/airflow/.local/lib/python3.7/site-packages/airflow/hooks/dbapi.py", line 181, in run
    with closing(self.get_conn()) as conn:
  File "/home/airflow/.local/lib/python3.7/site-packages/airflow/providers/postgres/hooks/postgres.py", line 113, in get_conn
    self.conn = psycopg2.connect(**conn_args)
  File "/home/airflow/.local/lib/python3.7/site-packages/psycopg2/__init__.py", line 122, in connect
    conn = _connect(dsn, connection_factory=connection_factory, **kwasync)
psycopg2.OperationalError: could not translate host name "host.docker.internal " to address: Name or service not known

[2022-07-30 18:23:54,414] {taskinstance.py:1400} INFO - Marking task as UP_FOR_RETRY. dag_id=dag_with_postgres_operator, task_id=create_postgres_table, execution_date=20220116T000000, start_date=20220730T182354, end_date=20220730T182354
[2022-07-30 18:23:54,430] {standard_task_runner.py:97} ERROR - Failed to execute job 175 for task create_postgres_table (could not translate host name "host.docker.internal " to address: Name or service not known
; 2808)
[2022-07-30 18:23:54,470] {local_task_job.py:156} INFO - Task exited with return code 1
[2022-07-30 18:23:54,537] {local_task_job.py:273} INFO - 0 downstream tasks scheduled from follow-on schedule check
[2022-07-31 00:30:09,514] {taskinstance.py:1159} INFO - Dependencies all met for <TaskInstance: dag_with_postgres_operator.create_postgres_table scheduled__2022-01-16T00:00:00+00:00 [queued]>
[2022-07-31 00:30:09,548] {taskinstance.py:1159} INFO - Dependencies all met for <TaskInstance: dag_with_postgres_operator.create_postgres_table scheduled__2022-01-16T00:00:00+00:00 [queued]>
[2022-07-31 00:30:09,548] {taskinstance.py:1356} INFO - 
--------------------------------------------------------------------------------
[2022-07-31 00:30:09,548] {taskinstance.py:1357} INFO - Starting attempt 5 of 6
[2022-07-31 00:30:09,549] {taskinstance.py:1358} INFO - 
--------------------------------------------------------------------------------
[2022-07-31 00:30:09,571] {taskinstance.py:1377} INFO - Executing <Task(PostgresOperator): create_postgres_table> on 2022-01-16 00:00:00+00:00
[2022-07-31 00:30:09,576] {standard_task_runner.py:52} INFO - Started process 6739 to run task
[2022-07-31 00:30:09,581] {standard_task_runner.py:79} INFO - Running: ['***', 'tasks', 'run', 'dag_with_postgres_operator', 'create_postgres_table', 'scheduled__2022-01-16T00:00:00+00:00', '--job-id', '1183', '--raw', '--subdir', 'DAGS_FOLDER/DAGWithPostgresOperator.py', '--cfg-path', '/tmp/tmp5wtnlpyh', '--error-file', '/tmp/tmpuoetc6gz']
[2022-07-31 00:30:09,583] {standard_task_runner.py:80} INFO - Job 1183: Subtask create_postgres_table
[2022-07-31 00:30:09,668] {task_command.py:369} INFO - Running <TaskInstance: dag_with_postgres_operator.create_postgres_table scheduled__2022-01-16T00:00:00+00:00 [running]> on host 66bf18ec08cc
[2022-07-31 00:30:09,779] {taskinstance.py:1571} INFO - Exporting the following env vars:
AIRFLOW_CTX_DAG_OWNER=yosr
AIRFLOW_CTX_DAG_ID=dag_with_postgres_operator
AIRFLOW_CTX_TASK_ID=create_postgres_table
AIRFLOW_CTX_EXECUTION_DATE=2022-01-16T00:00:00+00:00
AIRFLOW_CTX_TRY_NUMBER=5
AIRFLOW_CTX_DAG_RUN_ID=scheduled__2022-01-16T00:00:00+00:00
[2022-07-31 00:30:09,794] {base.py:68} INFO - Using connection ID 'postgres_localhost' for task execution.
[2022-07-31 00:30:09,796] {taskinstance.py:1889} ERROR - Task failed with exception
Traceback (most recent call last):
  File "/home/airflow/.local/lib/python3.7/site-packages/airflow/providers/postgres/operators/postgres.py", line 92, in execute
    self.hook.run(self.sql, self.autocommit, parameters=self.parameters)
  File "/home/airflow/.local/lib/python3.7/site-packages/airflow/hooks/dbapi.py", line 181, in run
    with closing(self.get_conn()) as conn:
  File "/home/airflow/.local/lib/python3.7/site-packages/airflow/providers/postgres/hooks/postgres.py", line 113, in get_conn
    self.conn = psycopg2.connect(**conn_args)
  File "/home/airflow/.local/lib/python3.7/site-packages/psycopg2/__init__.py", line 122, in connect
    conn = _connect(dsn, connection_factory=connection_factory, **kwasync)
psycopg2.OperationalError: could not translate host name "host.docker.local " to address: Name or service not known

[2022-07-31 00:30:09,810] {taskinstance.py:1400} INFO - Marking task as UP_FOR_RETRY. dag_id=dag_with_postgres_operator, task_id=create_postgres_table, execution_date=20220116T000000, start_date=20220731T003009, end_date=20220731T003009
[2022-07-31 00:30:09,828] {standard_task_runner.py:97} ERROR - Failed to execute job 1183 for task create_postgres_table (could not translate host name "host.docker.local " to address: Name or service not known
; 6739)
[2022-07-31 00:30:09,841] {local_task_job.py:156} INFO - Task exited with return code 1
[2022-07-31 00:30:09,893] {local_task_job.py:273} INFO - 0 downstream tasks scheduled from follow-on schedule check
[2022-07-31 11:24:20,033] {taskinstance.py:1159} INFO - Dependencies all met for <TaskInstance: dag_with_postgres_operator.create_postgres_table scheduled__2022-01-16T00:00:00+00:00 [queued]>
[2022-07-31 11:24:20,054] {taskinstance.py:1159} INFO - Dependencies all met for <TaskInstance: dag_with_postgres_operator.create_postgres_table scheduled__2022-01-16T00:00:00+00:00 [queued]>
[2022-07-31 11:24:20,054] {taskinstance.py:1356} INFO - 
--------------------------------------------------------------------------------
[2022-07-31 11:24:20,055] {taskinstance.py:1357} INFO - Starting attempt 5 of 6
[2022-07-31 11:24:20,055] {taskinstance.py:1358} INFO - 
--------------------------------------------------------------------------------
[2022-07-31 11:24:20,082] {taskinstance.py:1377} INFO - Executing <Task(PostgresOperator): create_postgres_table> on 2022-01-16 00:00:00+00:00
[2022-07-31 11:24:20,089] {standard_task_runner.py:52} INFO - Started process 5620 to run task
[2022-07-31 11:24:20,101] {standard_task_runner.py:79} INFO - Running: ['***', 'tasks', 'run', 'dag_with_postgres_operator', 'create_postgres_table', 'scheduled__2022-01-16T00:00:00+00:00', '--job-id', '1628', '--raw', '--subdir', 'DAGS_FOLDER/DAGWithPostgresOperator.py', '--cfg-path', '/tmp/tmpp02zb7ef', '--error-file', '/tmp/tmp4uugo_8l']
[2022-07-31 11:24:20,101] {standard_task_runner.py:80} INFO - Job 1628: Subtask create_postgres_table
[2022-07-31 11:24:20,220] {task_command.py:369} INFO - Running <TaskInstance: dag_with_postgres_operator.create_postgres_table scheduled__2022-01-16T00:00:00+00:00 [running]> on host 66bf18ec08cc
[2022-07-31 11:24:20,333] {taskinstance.py:1571} INFO - Exporting the following env vars:
AIRFLOW_CTX_DAG_OWNER=yosr
AIRFLOW_CTX_DAG_ID=dag_with_postgres_operator
AIRFLOW_CTX_TASK_ID=create_postgres_table
AIRFLOW_CTX_EXECUTION_DATE=2022-01-16T00:00:00+00:00
AIRFLOW_CTX_TRY_NUMBER=5
AIRFLOW_CTX_DAG_RUN_ID=scheduled__2022-01-16T00:00:00+00:00
[2022-07-31 11:24:20,351] {base.py:68} INFO - Using connection ID 'postgres_localhost' for task execution.
[2022-07-31 11:24:43,053] {taskinstance.py:1889} ERROR - Task failed with exception
Traceback (most recent call last):
  File "/home/airflow/.local/lib/python3.7/site-packages/airflow/providers/postgres/operators/postgres.py", line 92, in execute
    self.hook.run(self.sql, self.autocommit, parameters=self.parameters)
  File "/home/airflow/.local/lib/python3.7/site-packages/airflow/hooks/dbapi.py", line 181, in run
    with closing(self.get_conn()) as conn:
  File "/home/airflow/.local/lib/python3.7/site-packages/airflow/providers/postgres/hooks/postgres.py", line 113, in get_conn
    self.conn = psycopg2.connect(**conn_args)
  File "/home/airflow/.local/lib/python3.7/site-packages/psycopg2/__init__.py", line 122, in connect
    conn = _connect(dsn, connection_factory=connection_factory, **kwasync)
psycopg2.OperationalError: could not translate host name "host.docker.internal" to address: No address associated with hostname

[2022-07-31 11:24:43,065] {taskinstance.py:1400} INFO - Marking task as UP_FOR_RETRY. dag_id=dag_with_postgres_operator, task_id=create_postgres_table, execution_date=20220116T000000, start_date=20220731T112420, end_date=20220731T112443
[2022-07-31 11:24:43,083] {standard_task_runner.py:97} ERROR - Failed to execute job 1628 for task create_postgres_table (could not translate host name "host.docker.internal" to address: No address associated with hostname
; 5620)
[2022-07-31 11:24:43,130] {local_task_job.py:156} INFO - Task exited with return code 1
[2022-07-31 11:24:43,173] {local_task_job.py:273} INFO - 0 downstream tasks scheduled from follow-on schedule check
[2022-07-31 13:55:13,927] {taskinstance.py:1159} INFO - Dependencies all met for <TaskInstance: dag_with_postgres_operator.create_postgres_table scheduled__2022-01-16T00:00:00+00:00 [queued]>
[2022-07-31 13:55:13,951] {taskinstance.py:1159} INFO - Dependencies all met for <TaskInstance: dag_with_postgres_operator.create_postgres_table scheduled__2022-01-16T00:00:00+00:00 [queued]>
[2022-07-31 13:55:13,952] {taskinstance.py:1356} INFO - 
--------------------------------------------------------------------------------
[2022-07-31 13:55:13,952] {taskinstance.py:1357} INFO - Starting attempt 5 of 6
[2022-07-31 13:55:13,952] {taskinstance.py:1358} INFO - 
--------------------------------------------------------------------------------
[2022-07-31 13:55:13,974] {taskinstance.py:1377} INFO - Executing <Task(PostgresOperator): create_postgres_table> on 2022-01-16 00:00:00+00:00
[2022-07-31 13:55:13,981] {standard_task_runner.py:52} INFO - Started process 3211 to run task
[2022-07-31 13:55:13,986] {standard_task_runner.py:79} INFO - Running: ['***', 'tasks', 'run', 'dag_with_postgres_operator', 'create_postgres_table', 'scheduled__2022-01-16T00:00:00+00:00', '--job-id', '177', '--raw', '--subdir', 'DAGS_FOLDER/DAGWithPostgresOperator.py', '--cfg-path', '/tmp/tmpuhnk_d1x', '--error-file', '/tmp/tmpq8c1ymim']
[2022-07-31 13:55:13,987] {standard_task_runner.py:80} INFO - Job 177: Subtask create_postgres_table
[2022-07-31 13:55:14,078] {task_command.py:369} INFO - Running <TaskInstance: dag_with_postgres_operator.create_postgres_table scheduled__2022-01-16T00:00:00+00:00 [running]> on host 4688dd3b7141
[2022-07-31 13:55:14,188] {taskinstance.py:1571} INFO - Exporting the following env vars:
AIRFLOW_CTX_DAG_OWNER=yosr
AIRFLOW_CTX_DAG_ID=dag_with_postgres_operator
AIRFLOW_CTX_TASK_ID=create_postgres_table
AIRFLOW_CTX_EXECUTION_DATE=2022-01-16T00:00:00+00:00
AIRFLOW_CTX_TRY_NUMBER=5
AIRFLOW_CTX_DAG_RUN_ID=scheduled__2022-01-16T00:00:00+00:00
[2022-07-31 13:55:14,238] {taskinstance.py:1889} ERROR - Task failed with exception
Traceback (most recent call last):
  File "/home/airflow/.local/lib/python3.7/site-packages/airflow/providers/postgres/operators/postgres.py", line 92, in execute
    self.hook.run(self.sql, self.autocommit, parameters=self.parameters)
  File "/home/airflow/.local/lib/python3.7/site-packages/airflow/hooks/dbapi.py", line 181, in run
    with closing(self.get_conn()) as conn:
  File "/home/airflow/.local/lib/python3.7/site-packages/airflow/providers/postgres/hooks/postgres.py", line 86, in get_conn
    conn = deepcopy(self.connection or self.get_connection(conn_id))
  File "/home/airflow/.local/lib/python3.7/site-packages/airflow/hooks/base.py", line 67, in get_connection
    conn = Connection.get_connection_from_secrets(conn_id)
  File "/home/airflow/.local/lib/python3.7/site-packages/airflow/models/connection.py", line 430, in get_connection_from_secrets
    raise AirflowNotFoundException(f"The conn_id `{conn_id}` isn't defined")
airflow.exceptions.AirflowNotFoundException: The conn_id `postgres_localhost` isn't defined
[2022-07-31 13:55:14,246] {taskinstance.py:1400} INFO - Marking task as UP_FOR_RETRY. dag_id=dag_with_postgres_operator, task_id=create_postgres_table, execution_date=20220116T000000, start_date=20220731T135513, end_date=20220731T135514
[2022-07-31 13:55:14,267] {standard_task_runner.py:97} ERROR - Failed to execute job 177 for task create_postgres_table (The conn_id `postgres_localhost` isn't defined; 3211)
[2022-07-31 13:55:14,284] {local_task_job.py:156} INFO - Task exited with return code 1
[2022-07-31 13:55:14,330] {local_task_job.py:273} INFO - 0 downstream tasks scheduled from follow-on schedule check
