[2022-07-30 18:28:55,046] {taskinstance.py:1159} INFO - Dependencies all met for <TaskInstance: dag_with_postgres_operator.create_postgres_table scheduled__2022-01-16T00:00:00+00:00 [queued]>
[2022-07-30 18:28:55,066] {taskinstance.py:1159} INFO - Dependencies all met for <TaskInstance: dag_with_postgres_operator.create_postgres_table scheduled__2022-01-16T00:00:00+00:00 [queued]>
[2022-07-30 18:28:55,066] {taskinstance.py:1356} INFO - 
--------------------------------------------------------------------------------
[2022-07-30 18:28:55,066] {taskinstance.py:1357} INFO - Starting attempt 6 of 6
[2022-07-30 18:28:55,066] {taskinstance.py:1358} INFO - 
--------------------------------------------------------------------------------
[2022-07-30 18:28:55,085] {taskinstance.py:1377} INFO - Executing <Task(PostgresOperator): create_postgres_table> on 2022-01-16 00:00:00+00:00
[2022-07-30 18:28:55,091] {standard_task_runner.py:52} INFO - Started process 3073 to run task
[2022-07-30 18:28:55,094] {standard_task_runner.py:79} INFO - Running: ['***', 'tasks', 'run', 'dag_with_postgres_operator', 'create_postgres_table', 'scheduled__2022-01-16T00:00:00+00:00', '--job-id', '192', '--raw', '--subdir', 'DAGS_FOLDER/DAGWithPostgresOperator.py', '--cfg-path', '/tmp/tmp3n4p2jn7', '--error-file', '/tmp/tmp7l5128f1']
[2022-07-30 18:28:55,094] {standard_task_runner.py:80} INFO - Job 192: Subtask create_postgres_table
[2022-07-30 18:28:55,168] {task_command.py:369} INFO - Running <TaskInstance: dag_with_postgres_operator.create_postgres_table scheduled__2022-01-16T00:00:00+00:00 [running]> on host 66bf18ec08cc
[2022-07-30 18:28:55,270] {taskinstance.py:1571} INFO - Exporting the following env vars:
AIRFLOW_CTX_DAG_OWNER=yosr
AIRFLOW_CTX_DAG_ID=dag_with_postgres_operator
AIRFLOW_CTX_TASK_ID=create_postgres_table
AIRFLOW_CTX_EXECUTION_DATE=2022-01-16T00:00:00+00:00
AIRFLOW_CTX_TRY_NUMBER=6
AIRFLOW_CTX_DAG_RUN_ID=scheduled__2022-01-16T00:00:00+00:00
[2022-07-30 18:28:55,287] {base.py:68} INFO - Using connection ID 'postgres_localhost' for task execution.
[2022-07-30 18:28:55,289] {taskinstance.py:1889} ERROR - Task failed with exception
Traceback (most recent call last):
  File "/home/airflow/.local/lib/python3.7/site-packages/airflow/providers/postgres/operators/postgres.py", line 92, in execute
    self.hook.run(self.sql, self.autocommit, parameters=self.parameters)
  File "/home/airflow/.local/lib/python3.7/site-packages/airflow/hooks/dbapi.py", line 181, in run
    with closing(self.get_conn()) as conn:
  File "/home/airflow/.local/lib/python3.7/site-packages/airflow/providers/postgres/hooks/postgres.py", line 113, in get_conn
    self.conn = psycopg2.connect(**conn_args)
  File "/home/airflow/.local/lib/python3.7/site-packages/psycopg2/__init__.py", line 122, in connect
    conn = _connect(dsn, connection_factory=connection_factory, **kwasync)
psycopg2.OperationalError: could not translate host name "host.docker.internal " to address: Name or service not known

[2022-07-30 18:28:55,306] {taskinstance.py:1400} INFO - Marking task as FAILED. dag_id=dag_with_postgres_operator, task_id=create_postgres_table, execution_date=20220116T000000, start_date=20220730T182855, end_date=20220730T182855
[2022-07-30 18:28:55,328] {standard_task_runner.py:97} ERROR - Failed to execute job 192 for task create_postgres_table (could not translate host name "host.docker.internal " to address: Name or service not known
; 3073)
[2022-07-30 18:28:55,353] {local_task_job.py:156} INFO - Task exited with return code 1
[2022-07-30 18:28:55,549] {local_task_job.py:273} INFO - 0 downstream tasks scheduled from follow-on schedule check
[2022-07-31 00:35:10,608] {taskinstance.py:1159} INFO - Dependencies all met for <TaskInstance: dag_with_postgres_operator.create_postgres_table scheduled__2022-01-16T00:00:00+00:00 [queued]>
[2022-07-31 00:35:10,635] {taskinstance.py:1159} INFO - Dependencies all met for <TaskInstance: dag_with_postgres_operator.create_postgres_table scheduled__2022-01-16T00:00:00+00:00 [queued]>
[2022-07-31 00:35:10,635] {taskinstance.py:1356} INFO - 
--------------------------------------------------------------------------------
[2022-07-31 00:35:10,635] {taskinstance.py:1357} INFO - Starting attempt 6 of 6
[2022-07-31 00:35:10,636] {taskinstance.py:1358} INFO - 
--------------------------------------------------------------------------------
[2022-07-31 00:35:10,661] {taskinstance.py:1377} INFO - Executing <Task(PostgresOperator): create_postgres_table> on 2022-01-16 00:00:00+00:00
[2022-07-31 00:35:10,667] {standard_task_runner.py:52} INFO - Started process 7005 to run task
[2022-07-31 00:35:10,673] {standard_task_runner.py:79} INFO - Running: ['***', 'tasks', 'run', 'dag_with_postgres_operator', 'create_postgres_table', 'scheduled__2022-01-16T00:00:00+00:00', '--job-id', '1201', '--raw', '--subdir', 'DAGS_FOLDER/DAGWithPostgresOperator.py', '--cfg-path', '/tmp/tmpxc0sqsbh', '--error-file', '/tmp/tmpg9kt1_ow']
[2022-07-31 00:35:10,674] {standard_task_runner.py:80} INFO - Job 1201: Subtask create_postgres_table
[2022-07-31 00:35:10,753] {task_command.py:369} INFO - Running <TaskInstance: dag_with_postgres_operator.create_postgres_table scheduled__2022-01-16T00:00:00+00:00 [running]> on host 66bf18ec08cc
[2022-07-31 00:35:10,868] {taskinstance.py:1571} INFO - Exporting the following env vars:
AIRFLOW_CTX_DAG_OWNER=yosr
AIRFLOW_CTX_DAG_ID=dag_with_postgres_operator
AIRFLOW_CTX_TASK_ID=create_postgres_table
AIRFLOW_CTX_EXECUTION_DATE=2022-01-16T00:00:00+00:00
AIRFLOW_CTX_TRY_NUMBER=6
AIRFLOW_CTX_DAG_RUN_ID=scheduled__2022-01-16T00:00:00+00:00
[2022-07-31 00:35:10,881] {base.py:68} INFO - Using connection ID 'postgres_localhost' for task execution.
[2022-07-31 00:35:10,883] {taskinstance.py:1889} ERROR - Task failed with exception
Traceback (most recent call last):
  File "/home/airflow/.local/lib/python3.7/site-packages/airflow/providers/postgres/operators/postgres.py", line 92, in execute
    self.hook.run(self.sql, self.autocommit, parameters=self.parameters)
  File "/home/airflow/.local/lib/python3.7/site-packages/airflow/hooks/dbapi.py", line 181, in run
    with closing(self.get_conn()) as conn:
  File "/home/airflow/.local/lib/python3.7/site-packages/airflow/providers/postgres/hooks/postgres.py", line 113, in get_conn
    self.conn = psycopg2.connect(**conn_args)
  File "/home/airflow/.local/lib/python3.7/site-packages/psycopg2/__init__.py", line 122, in connect
    conn = _connect(dsn, connection_factory=connection_factory, **kwasync)
psycopg2.OperationalError: could not translate host name "host.docker.local " to address: Name or service not known

[2022-07-31 00:35:10,895] {taskinstance.py:1400} INFO - Marking task as FAILED. dag_id=dag_with_postgres_operator, task_id=create_postgres_table, execution_date=20220116T000000, start_date=20220731T003510, end_date=20220731T003510
[2022-07-31 00:35:10,910] {standard_task_runner.py:97} ERROR - Failed to execute job 1201 for task create_postgres_table (could not translate host name "host.docker.local " to address: Name or service not known
; 7005)
[2022-07-31 00:35:10,932] {local_task_job.py:156} INFO - Task exited with return code 1
[2022-07-31 00:35:10,995] {local_task_job.py:273} INFO - 0 downstream tasks scheduled from follow-on schedule check
[2022-07-31 11:29:43,622] {taskinstance.py:1159} INFO - Dependencies all met for <TaskInstance: dag_with_postgres_operator.create_postgres_table scheduled__2022-01-16T00:00:00+00:00 [queued]>
[2022-07-31 11:29:43,639] {taskinstance.py:1159} INFO - Dependencies all met for <TaskInstance: dag_with_postgres_operator.create_postgres_table scheduled__2022-01-16T00:00:00+00:00 [queued]>
[2022-07-31 11:29:43,639] {taskinstance.py:1356} INFO - 
--------------------------------------------------------------------------------
[2022-07-31 11:29:43,639] {taskinstance.py:1357} INFO - Starting attempt 6 of 6
[2022-07-31 11:29:43,639] {taskinstance.py:1358} INFO - 
--------------------------------------------------------------------------------
[2022-07-31 11:29:43,658] {taskinstance.py:1377} INFO - Executing <Task(PostgresOperator): create_postgres_table> on 2022-01-16 00:00:00+00:00
[2022-07-31 11:29:43,663] {standard_task_runner.py:52} INFO - Started process 5908 to run task
[2022-07-31 11:29:43,666] {standard_task_runner.py:79} INFO - Running: ['***', 'tasks', 'run', 'dag_with_postgres_operator', 'create_postgres_table', 'scheduled__2022-01-16T00:00:00+00:00', '--job-id', '1644', '--raw', '--subdir', 'DAGS_FOLDER/DAGWithPostgresOperator.py', '--cfg-path', '/tmp/tmpm1hkynpd', '--error-file', '/tmp/tmpuehcr6rl']
[2022-07-31 11:29:43,667] {standard_task_runner.py:80} INFO - Job 1644: Subtask create_postgres_table
[2022-07-31 11:29:43,748] {task_command.py:369} INFO - Running <TaskInstance: dag_with_postgres_operator.create_postgres_table scheduled__2022-01-16T00:00:00+00:00 [running]> on host 66bf18ec08cc
[2022-07-31 11:29:43,840] {taskinstance.py:1571} INFO - Exporting the following env vars:
AIRFLOW_CTX_DAG_OWNER=yosr
AIRFLOW_CTX_DAG_ID=dag_with_postgres_operator
AIRFLOW_CTX_TASK_ID=create_postgres_table
AIRFLOW_CTX_EXECUTION_DATE=2022-01-16T00:00:00+00:00
AIRFLOW_CTX_TRY_NUMBER=6
AIRFLOW_CTX_DAG_RUN_ID=scheduled__2022-01-16T00:00:00+00:00
[2022-07-31 11:29:43,853] {base.py:68} INFO - Using connection ID 'postgres_localhost' for task execution.
[2022-07-31 11:30:08,870] {taskinstance.py:1889} ERROR - Task failed with exception
Traceback (most recent call last):
  File "/home/airflow/.local/lib/python3.7/site-packages/airflow/providers/postgres/operators/postgres.py", line 92, in execute
    self.hook.run(self.sql, self.autocommit, parameters=self.parameters)
  File "/home/airflow/.local/lib/python3.7/site-packages/airflow/hooks/dbapi.py", line 181, in run
    with closing(self.get_conn()) as conn:
  File "/home/airflow/.local/lib/python3.7/site-packages/airflow/providers/postgres/hooks/postgres.py", line 113, in get_conn
    self.conn = psycopg2.connect(**conn_args)
  File "/home/airflow/.local/lib/python3.7/site-packages/psycopg2/__init__.py", line 122, in connect
    conn = _connect(dsn, connection_factory=connection_factory, **kwasync)
psycopg2.OperationalError: could not translate host name "host.docker.internal" to address: Temporary failure in name resolution

[2022-07-31 11:30:08,882] {taskinstance.py:1400} INFO - Marking task as FAILED. dag_id=dag_with_postgres_operator, task_id=create_postgres_table, execution_date=20220116T000000, start_date=20220731T112943, end_date=20220731T113008
[2022-07-31 11:30:08,904] {standard_task_runner.py:97} ERROR - Failed to execute job 1644 for task create_postgres_table (could not translate host name "host.docker.internal" to address: Temporary failure in name resolution
; 5908)
[2022-07-31 11:30:08,920] {local_task_job.py:156} INFO - Task exited with return code 1
[2022-07-31 11:30:08,957] {local_task_job.py:273} INFO - 0 downstream tasks scheduled from follow-on schedule check
[2022-07-31 14:00:15,213] {taskinstance.py:1159} INFO - Dependencies all met for <TaskInstance: dag_with_postgres_operator.create_postgres_table scheduled__2022-01-16T00:00:00+00:00 [queued]>
[2022-07-31 14:00:15,229] {taskinstance.py:1159} INFO - Dependencies all met for <TaskInstance: dag_with_postgres_operator.create_postgres_table scheduled__2022-01-16T00:00:00+00:00 [queued]>
[2022-07-31 14:00:15,229] {taskinstance.py:1356} INFO - 
--------------------------------------------------------------------------------
[2022-07-31 14:00:15,230] {taskinstance.py:1357} INFO - Starting attempt 6 of 6
[2022-07-31 14:00:15,230] {taskinstance.py:1358} INFO - 
--------------------------------------------------------------------------------
[2022-07-31 14:00:15,251] {taskinstance.py:1377} INFO - Executing <Task(PostgresOperator): create_postgres_table> on 2022-01-16 00:00:00+00:00
[2022-07-31 14:00:15,257] {standard_task_runner.py:52} INFO - Started process 3466 to run task
[2022-07-31 14:00:15,261] {standard_task_runner.py:79} INFO - Running: ['***', 'tasks', 'run', 'dag_with_postgres_operator', 'create_postgres_table', 'scheduled__2022-01-16T00:00:00+00:00', '--job-id', '190', '--raw', '--subdir', 'DAGS_FOLDER/DAGWithPostgresOperator.py', '--cfg-path', '/tmp/tmparqmjzaf', '--error-file', '/tmp/tmp_z1t5v82']
[2022-07-31 14:00:15,262] {standard_task_runner.py:80} INFO - Job 190: Subtask create_postgres_table
[2022-07-31 14:00:15,350] {task_command.py:369} INFO - Running <TaskInstance: dag_with_postgres_operator.create_postgres_table scheduled__2022-01-16T00:00:00+00:00 [running]> on host 4688dd3b7141
[2022-07-31 14:00:15,488] {taskinstance.py:1571} INFO - Exporting the following env vars:
AIRFLOW_CTX_DAG_OWNER=yosr
AIRFLOW_CTX_DAG_ID=dag_with_postgres_operator
AIRFLOW_CTX_TASK_ID=create_postgres_table
AIRFLOW_CTX_EXECUTION_DATE=2022-01-16T00:00:00+00:00
AIRFLOW_CTX_TRY_NUMBER=6
AIRFLOW_CTX_DAG_RUN_ID=scheduled__2022-01-16T00:00:00+00:00
[2022-07-31 14:00:15,575] {taskinstance.py:1889} ERROR - Task failed with exception
Traceback (most recent call last):
  File "/home/airflow/.local/lib/python3.7/site-packages/airflow/providers/postgres/operators/postgres.py", line 92, in execute
    self.hook.run(self.sql, self.autocommit, parameters=self.parameters)
  File "/home/airflow/.local/lib/python3.7/site-packages/airflow/hooks/dbapi.py", line 181, in run
    with closing(self.get_conn()) as conn:
  File "/home/airflow/.local/lib/python3.7/site-packages/airflow/providers/postgres/hooks/postgres.py", line 86, in get_conn
    conn = deepcopy(self.connection or self.get_connection(conn_id))
  File "/home/airflow/.local/lib/python3.7/site-packages/airflow/hooks/base.py", line 67, in get_connection
    conn = Connection.get_connection_from_secrets(conn_id)
  File "/home/airflow/.local/lib/python3.7/site-packages/airflow/models/connection.py", line 430, in get_connection_from_secrets
    raise AirflowNotFoundException(f"The conn_id `{conn_id}` isn't defined")
airflow.exceptions.AirflowNotFoundException: The conn_id `postgres_localhost` isn't defined
[2022-07-31 14:00:15,583] {taskinstance.py:1400} INFO - Marking task as FAILED. dag_id=dag_with_postgres_operator, task_id=create_postgres_table, execution_date=20220116T000000, start_date=20220731T140015, end_date=20220731T140015
[2022-07-31 14:00:15,610] {standard_task_runner.py:97} ERROR - Failed to execute job 190 for task create_postgres_table (The conn_id `postgres_localhost` isn't defined; 3466)
[2022-07-31 14:00:15,650] {local_task_job.py:156} INFO - Task exited with return code 1
[2022-07-31 14:00:15,729] {local_task_job.py:273} INFO - 0 downstream tasks scheduled from follow-on schedule check
