[2022-07-30 18:13:51,727] {taskinstance.py:1159} INFO - Dependencies all met for <TaskInstance: dag_with_postgres_operator.create_postgres_table scheduled__2022-01-16T00:00:00+00:00 [queued]>
[2022-07-30 18:13:51,746] {taskinstance.py:1159} INFO - Dependencies all met for <TaskInstance: dag_with_postgres_operator.create_postgres_table scheduled__2022-01-16T00:00:00+00:00 [queued]>
[2022-07-30 18:13:51,746] {taskinstance.py:1356} INFO - 
--------------------------------------------------------------------------------
[2022-07-30 18:13:51,746] {taskinstance.py:1357} INFO - Starting attempt 3 of 6
[2022-07-30 18:13:51,747] {taskinstance.py:1358} INFO - 
--------------------------------------------------------------------------------
[2022-07-30 18:13:51,766] {taskinstance.py:1377} INFO - Executing <Task(PostgresOperator): create_postgres_table> on 2022-01-16 00:00:00+00:00
[2022-07-30 18:13:51,770] {standard_task_runner.py:52} INFO - Started process 2283 to run task
[2022-07-30 18:13:51,775] {standard_task_runner.py:79} INFO - Running: ['***', 'tasks', 'run', 'dag_with_postgres_operator', 'create_postgres_table', 'scheduled__2022-01-16T00:00:00+00:00', '--job-id', '143', '--raw', '--subdir', 'DAGS_FOLDER/DAGWithPostgresOperator.py', '--cfg-path', '/tmp/tmpy4z_1a8e', '--error-file', '/tmp/tmp_1s43arj']
[2022-07-30 18:13:51,775] {standard_task_runner.py:80} INFO - Job 143: Subtask create_postgres_table
[2022-07-30 18:13:51,854] {task_command.py:369} INFO - Running <TaskInstance: dag_with_postgres_operator.create_postgres_table scheduled__2022-01-16T00:00:00+00:00 [running]> on host 66bf18ec08cc
[2022-07-30 18:13:51,958] {taskinstance.py:1571} INFO - Exporting the following env vars:
AIRFLOW_CTX_DAG_OWNER=yosr
AIRFLOW_CTX_DAG_ID=dag_with_postgres_operator
AIRFLOW_CTX_TASK_ID=create_postgres_table
AIRFLOW_CTX_EXECUTION_DATE=2022-01-16T00:00:00+00:00
AIRFLOW_CTX_TRY_NUMBER=3
AIRFLOW_CTX_DAG_RUN_ID=scheduled__2022-01-16T00:00:00+00:00
[2022-07-30 18:13:51,969] {base.py:68} INFO - Using connection ID 'postgres_localhost' for task execution.
[2022-07-30 18:13:51,970] {taskinstance.py:1889} ERROR - Task failed with exception
Traceback (most recent call last):
  File "/home/airflow/.local/lib/python3.7/site-packages/airflow/providers/postgres/operators/postgres.py", line 92, in execute
    self.hook.run(self.sql, self.autocommit, parameters=self.parameters)
  File "/home/airflow/.local/lib/python3.7/site-packages/airflow/hooks/dbapi.py", line 181, in run
    with closing(self.get_conn()) as conn:
  File "/home/airflow/.local/lib/python3.7/site-packages/airflow/providers/postgres/hooks/postgres.py", line 113, in get_conn
    self.conn = psycopg2.connect(**conn_args)
  File "/home/airflow/.local/lib/python3.7/site-packages/psycopg2/__init__.py", line 122, in connect
    conn = _connect(dsn, connection_factory=connection_factory, **kwasync)
psycopg2.OperationalError: could not translate host name "host.docker.internal " to address: Name or service not known

[2022-07-30 18:13:51,983] {taskinstance.py:1400} INFO - Marking task as UP_FOR_RETRY. dag_id=dag_with_postgres_operator, task_id=create_postgres_table, execution_date=20220116T000000, start_date=20220730T181351, end_date=20220730T181351
[2022-07-30 18:13:52,000] {standard_task_runner.py:97} ERROR - Failed to execute job 143 for task create_postgres_table (could not translate host name "host.docker.internal " to address: Name or service not known
; 2283)
[2022-07-30 18:13:52,033] {local_task_job.py:156} INFO - Task exited with return code 1
[2022-07-30 18:13:52,140] {local_task_job.py:273} INFO - 0 downstream tasks scheduled from follow-on schedule check
[2022-07-31 00:20:06,674] {taskinstance.py:1159} INFO - Dependencies all met for <TaskInstance: dag_with_postgres_operator.create_postgres_table scheduled__2022-01-16T00:00:00+00:00 [queued]>
[2022-07-31 00:20:06,702] {taskinstance.py:1159} INFO - Dependencies all met for <TaskInstance: dag_with_postgres_operator.create_postgres_table scheduled__2022-01-16T00:00:00+00:00 [queued]>
[2022-07-31 00:20:06,702] {taskinstance.py:1356} INFO - 
--------------------------------------------------------------------------------
[2022-07-31 00:20:06,702] {taskinstance.py:1357} INFO - Starting attempt 3 of 6
[2022-07-31 00:20:06,702] {taskinstance.py:1358} INFO - 
--------------------------------------------------------------------------------
[2022-07-31 00:20:06,721] {taskinstance.py:1377} INFO - Executing <Task(PostgresOperator): create_postgres_table> on 2022-01-16 00:00:00+00:00
[2022-07-31 00:20:06,727] {standard_task_runner.py:52} INFO - Started process 6204 to run task
[2022-07-31 00:20:06,732] {standard_task_runner.py:79} INFO - Running: ['***', 'tasks', 'run', 'dag_with_postgres_operator', 'create_postgres_table', 'scheduled__2022-01-16T00:00:00+00:00', '--job-id', '1152', '--raw', '--subdir', 'DAGS_FOLDER/DAGWithPostgresOperator.py', '--cfg-path', '/tmp/tmpb3ze23fu', '--error-file', '/tmp/tmpesgakbtp']
[2022-07-31 00:20:06,732] {standard_task_runner.py:80} INFO - Job 1152: Subtask create_postgres_table
[2022-07-31 00:20:06,803] {task_command.py:369} INFO - Running <TaskInstance: dag_with_postgres_operator.create_postgres_table scheduled__2022-01-16T00:00:00+00:00 [running]> on host 66bf18ec08cc
[2022-07-31 00:20:06,905] {taskinstance.py:1571} INFO - Exporting the following env vars:
AIRFLOW_CTX_DAG_OWNER=yosr
AIRFLOW_CTX_DAG_ID=dag_with_postgres_operator
AIRFLOW_CTX_TASK_ID=create_postgres_table
AIRFLOW_CTX_EXECUTION_DATE=2022-01-16T00:00:00+00:00
AIRFLOW_CTX_TRY_NUMBER=3
AIRFLOW_CTX_DAG_RUN_ID=scheduled__2022-01-16T00:00:00+00:00
[2022-07-31 00:20:06,920] {base.py:68} INFO - Using connection ID 'postgres_localhost' for task execution.
[2022-07-31 00:20:06,921] {taskinstance.py:1889} ERROR - Task failed with exception
Traceback (most recent call last):
  File "/home/airflow/.local/lib/python3.7/site-packages/airflow/providers/postgres/operators/postgres.py", line 92, in execute
    self.hook.run(self.sql, self.autocommit, parameters=self.parameters)
  File "/home/airflow/.local/lib/python3.7/site-packages/airflow/hooks/dbapi.py", line 181, in run
    with closing(self.get_conn()) as conn:
  File "/home/airflow/.local/lib/python3.7/site-packages/airflow/providers/postgres/hooks/postgres.py", line 113, in get_conn
    self.conn = psycopg2.connect(**conn_args)
  File "/home/airflow/.local/lib/python3.7/site-packages/psycopg2/__init__.py", line 122, in connect
    conn = _connect(dsn, connection_factory=connection_factory, **kwasync)
psycopg2.OperationalError: could not translate host name "host.docker.local " to address: Name or service not known

[2022-07-31 00:20:06,935] {taskinstance.py:1400} INFO - Marking task as UP_FOR_RETRY. dag_id=dag_with_postgres_operator, task_id=create_postgres_table, execution_date=20220116T000000, start_date=20220731T002006, end_date=20220731T002006
[2022-07-31 00:20:06,949] {standard_task_runner.py:97} ERROR - Failed to execute job 1152 for task create_postgres_table (could not translate host name "host.docker.local " to address: Name or service not known
; 6204)
[2022-07-31 00:20:06,989] {local_task_job.py:156} INFO - Task exited with return code 1
[2022-07-31 00:20:07,052] {local_task_job.py:273} INFO - 0 downstream tasks scheduled from follow-on schedule check
[2022-07-31 11:13:31,426] {taskinstance.py:1159} INFO - Dependencies all met for <TaskInstance: dag_with_postgres_operator.create_postgres_table scheduled__2022-01-16T00:00:00+00:00 [queued]>
[2022-07-31 11:13:31,454] {taskinstance.py:1159} INFO - Dependencies all met for <TaskInstance: dag_with_postgres_operator.create_postgres_table scheduled__2022-01-16T00:00:00+00:00 [queued]>
[2022-07-31 11:13:31,454] {taskinstance.py:1356} INFO - 
--------------------------------------------------------------------------------
[2022-07-31 11:13:31,454] {taskinstance.py:1357} INFO - Starting attempt 3 of 6
[2022-07-31 11:13:31,454] {taskinstance.py:1358} INFO - 
--------------------------------------------------------------------------------
[2022-07-31 11:13:31,480] {taskinstance.py:1377} INFO - Executing <Task(PostgresOperator): create_postgres_table> on 2022-01-16 00:00:00+00:00
[2022-07-31 11:13:31,485] {standard_task_runner.py:52} INFO - Started process 5081 to run task
[2022-07-31 11:13:31,495] {standard_task_runner.py:79} INFO - Running: ['***', 'tasks', 'run', 'dag_with_postgres_operator', 'create_postgres_table', 'scheduled__2022-01-16T00:00:00+00:00', '--job-id', '1604', '--raw', '--subdir', 'DAGS_FOLDER/DAGWithPostgresOperator.py', '--cfg-path', '/tmp/tmp3itjanb1', '--error-file', '/tmp/tmpmsh2fnvn']
[2022-07-31 11:13:31,496] {standard_task_runner.py:80} INFO - Job 1604: Subtask create_postgres_table
[2022-07-31 11:13:31,594] {task_command.py:369} INFO - Running <TaskInstance: dag_with_postgres_operator.create_postgres_table scheduled__2022-01-16T00:00:00+00:00 [running]> on host 66bf18ec08cc
[2022-07-31 11:13:31,700] {taskinstance.py:1571} INFO - Exporting the following env vars:
AIRFLOW_CTX_DAG_OWNER=yosr
AIRFLOW_CTX_DAG_ID=dag_with_postgres_operator
AIRFLOW_CTX_TASK_ID=create_postgres_table
AIRFLOW_CTX_EXECUTION_DATE=2022-01-16T00:00:00+00:00
AIRFLOW_CTX_TRY_NUMBER=3
AIRFLOW_CTX_DAG_RUN_ID=scheduled__2022-01-16T00:00:00+00:00
[2022-07-31 11:13:31,722] {base.py:68} INFO - Using connection ID 'postgres_localhost' for task execution.
[2022-07-31 11:13:48,461] {taskinstance.py:1889} ERROR - Task failed with exception
Traceback (most recent call last):
  File "/home/airflow/.local/lib/python3.7/site-packages/airflow/providers/postgres/operators/postgres.py", line 92, in execute
    self.hook.run(self.sql, self.autocommit, parameters=self.parameters)
  File "/home/airflow/.local/lib/python3.7/site-packages/airflow/hooks/dbapi.py", line 181, in run
    with closing(self.get_conn()) as conn:
  File "/home/airflow/.local/lib/python3.7/site-packages/airflow/providers/postgres/hooks/postgres.py", line 113, in get_conn
    self.conn = psycopg2.connect(**conn_args)
  File "/home/airflow/.local/lib/python3.7/site-packages/psycopg2/__init__.py", line 122, in connect
    conn = _connect(dsn, connection_factory=connection_factory, **kwasync)
psycopg2.OperationalError: could not translate host name "host.docker.internal" to address: No address associated with hostname

[2022-07-31 11:13:48,477] {taskinstance.py:1400} INFO - Marking task as UP_FOR_RETRY. dag_id=dag_with_postgres_operator, task_id=create_postgres_table, execution_date=20220116T000000, start_date=20220731T111331, end_date=20220731T111348
[2022-07-31 11:13:48,499] {standard_task_runner.py:97} ERROR - Failed to execute job 1604 for task create_postgres_table (could not translate host name "host.docker.internal" to address: No address associated with hostname
; 5081)
[2022-07-31 11:13:48,522] {local_task_job.py:156} INFO - Task exited with return code 1
[2022-07-31 11:13:48,565] {local_task_job.py:273} INFO - 0 downstream tasks scheduled from follow-on schedule check
[2022-07-31 13:45:11,778] {taskinstance.py:1159} INFO - Dependencies all met for <TaskInstance: dag_with_postgres_operator.create_postgres_table scheduled__2022-01-16T00:00:00+00:00 [queued]>
[2022-07-31 13:45:11,796] {taskinstance.py:1159} INFO - Dependencies all met for <TaskInstance: dag_with_postgres_operator.create_postgres_table scheduled__2022-01-16T00:00:00+00:00 [queued]>
[2022-07-31 13:45:11,797] {taskinstance.py:1356} INFO - 
--------------------------------------------------------------------------------
[2022-07-31 13:45:11,797] {taskinstance.py:1357} INFO - Starting attempt 3 of 6
[2022-07-31 13:45:11,797] {taskinstance.py:1358} INFO - 
--------------------------------------------------------------------------------
[2022-07-31 13:45:11,817] {taskinstance.py:1377} INFO - Executing <Task(PostgresOperator): create_postgres_table> on 2022-01-16 00:00:00+00:00
[2022-07-31 13:45:11,822] {standard_task_runner.py:52} INFO - Started process 2674 to run task
[2022-07-31 13:45:11,825] {standard_task_runner.py:79} INFO - Running: ['***', 'tasks', 'run', 'dag_with_postgres_operator', 'create_postgres_table', 'scheduled__2022-01-16T00:00:00+00:00', '--job-id', '143', '--raw', '--subdir', 'DAGS_FOLDER/DAGWithPostgresOperator.py', '--cfg-path', '/tmp/tmpnlya3f78', '--error-file', '/tmp/tmp1b3nzvn2']
[2022-07-31 13:45:11,825] {standard_task_runner.py:80} INFO - Job 143: Subtask create_postgres_table
[2022-07-31 13:45:11,911] {task_command.py:369} INFO - Running <TaskInstance: dag_with_postgres_operator.create_postgres_table scheduled__2022-01-16T00:00:00+00:00 [running]> on host 4688dd3b7141
[2022-07-31 13:45:12,019] {taskinstance.py:1571} INFO - Exporting the following env vars:
AIRFLOW_CTX_DAG_OWNER=yosr
AIRFLOW_CTX_DAG_ID=dag_with_postgres_operator
AIRFLOW_CTX_TASK_ID=create_postgres_table
AIRFLOW_CTX_EXECUTION_DATE=2022-01-16T00:00:00+00:00
AIRFLOW_CTX_TRY_NUMBER=3
AIRFLOW_CTX_DAG_RUN_ID=scheduled__2022-01-16T00:00:00+00:00
[2022-07-31 13:45:12,125] {taskinstance.py:1889} ERROR - Task failed with exception
Traceback (most recent call last):
  File "/home/airflow/.local/lib/python3.7/site-packages/airflow/providers/postgres/operators/postgres.py", line 92, in execute
    self.hook.run(self.sql, self.autocommit, parameters=self.parameters)
  File "/home/airflow/.local/lib/python3.7/site-packages/airflow/hooks/dbapi.py", line 181, in run
    with closing(self.get_conn()) as conn:
  File "/home/airflow/.local/lib/python3.7/site-packages/airflow/providers/postgres/hooks/postgres.py", line 86, in get_conn
    conn = deepcopy(self.connection or self.get_connection(conn_id))
  File "/home/airflow/.local/lib/python3.7/site-packages/airflow/hooks/base.py", line 67, in get_connection
    conn = Connection.get_connection_from_secrets(conn_id)
  File "/home/airflow/.local/lib/python3.7/site-packages/airflow/models/connection.py", line 430, in get_connection_from_secrets
    raise AirflowNotFoundException(f"The conn_id `{conn_id}` isn't defined")
airflow.exceptions.AirflowNotFoundException: The conn_id `postgres_localhost` isn't defined
[2022-07-31 13:45:12,130] {taskinstance.py:1400} INFO - Marking task as UP_FOR_RETRY. dag_id=dag_with_postgres_operator, task_id=create_postgres_table, execution_date=20220116T000000, start_date=20220731T134511, end_date=20220731T134512
[2022-07-31 13:45:12,149] {standard_task_runner.py:97} ERROR - Failed to execute job 143 for task create_postgres_table (The conn_id `postgres_localhost` isn't defined; 2674)
[2022-07-31 13:45:12,164] {local_task_job.py:156} INFO - Task exited with return code 1
[2022-07-31 13:45:12,216] {local_task_job.py:273} INFO - 0 downstream tasks scheduled from follow-on schedule check
