[2022-07-30 18:18:51,825] {taskinstance.py:1159} INFO - Dependencies all met for <TaskInstance: dag_with_postgres_operator.create_postgres_table scheduled__2022-01-13T00:00:00+00:00 [queued]>
[2022-07-30 18:18:51,845] {taskinstance.py:1159} INFO - Dependencies all met for <TaskInstance: dag_with_postgres_operator.create_postgres_table scheduled__2022-01-13T00:00:00+00:00 [queued]>
[2022-07-30 18:18:51,845] {taskinstance.py:1356} INFO - 
--------------------------------------------------------------------------------
[2022-07-30 18:18:51,845] {taskinstance.py:1357} INFO - Starting attempt 4 of 6
[2022-07-30 18:18:51,845] {taskinstance.py:1358} INFO - 
--------------------------------------------------------------------------------
[2022-07-30 18:18:51,865] {taskinstance.py:1377} INFO - Executing <Task(PostgresOperator): create_postgres_table> on 2022-01-13 00:00:00+00:00
[2022-07-30 18:18:51,872] {standard_task_runner.py:52} INFO - Started process 2534 to run task
[2022-07-30 18:18:51,875] {standard_task_runner.py:79} INFO - Running: ['***', 'tasks', 'run', 'dag_with_postgres_operator', 'create_postgres_table', 'scheduled__2022-01-13T00:00:00+00:00', '--job-id', '154', '--raw', '--subdir', 'DAGS_FOLDER/DAGWithPostgresOperator.py', '--cfg-path', '/tmp/tmpticpu7bl', '--error-file', '/tmp/tmppoiu5y_f']
[2022-07-30 18:18:51,876] {standard_task_runner.py:80} INFO - Job 154: Subtask create_postgres_table
[2022-07-30 18:18:51,953] {task_command.py:369} INFO - Running <TaskInstance: dag_with_postgres_operator.create_postgres_table scheduled__2022-01-13T00:00:00+00:00 [running]> on host 66bf18ec08cc
[2022-07-30 18:18:52,056] {taskinstance.py:1571} INFO - Exporting the following env vars:
AIRFLOW_CTX_DAG_OWNER=yosr
AIRFLOW_CTX_DAG_ID=dag_with_postgres_operator
AIRFLOW_CTX_TASK_ID=create_postgres_table
AIRFLOW_CTX_EXECUTION_DATE=2022-01-13T00:00:00+00:00
AIRFLOW_CTX_TRY_NUMBER=4
AIRFLOW_CTX_DAG_RUN_ID=scheduled__2022-01-13T00:00:00+00:00
[2022-07-30 18:18:52,073] {base.py:68} INFO - Using connection ID 'postgres_localhost' for task execution.
[2022-07-30 18:18:52,075] {taskinstance.py:1889} ERROR - Task failed with exception
Traceback (most recent call last):
  File "/home/airflow/.local/lib/python3.7/site-packages/airflow/providers/postgres/operators/postgres.py", line 92, in execute
    self.hook.run(self.sql, self.autocommit, parameters=self.parameters)
  File "/home/airflow/.local/lib/python3.7/site-packages/airflow/hooks/dbapi.py", line 181, in run
    with closing(self.get_conn()) as conn:
  File "/home/airflow/.local/lib/python3.7/site-packages/airflow/providers/postgres/hooks/postgres.py", line 113, in get_conn
    self.conn = psycopg2.connect(**conn_args)
  File "/home/airflow/.local/lib/python3.7/site-packages/psycopg2/__init__.py", line 122, in connect
    conn = _connect(dsn, connection_factory=connection_factory, **kwasync)
psycopg2.OperationalError: could not translate host name "host.docker.internal " to address: Name or service not known

[2022-07-30 18:18:52,096] {taskinstance.py:1400} INFO - Marking task as UP_FOR_RETRY. dag_id=dag_with_postgres_operator, task_id=create_postgres_table, execution_date=20220113T000000, start_date=20220730T181851, end_date=20220730T181852
[2022-07-30 18:18:52,113] {standard_task_runner.py:97} ERROR - Failed to execute job 154 for task create_postgres_table (could not translate host name "host.docker.internal " to address: Name or service not known
; 2534)
[2022-07-30 18:18:52,135] {local_task_job.py:156} INFO - Task exited with return code 1
[2022-07-30 18:18:52,194] {local_task_job.py:273} INFO - 0 downstream tasks scheduled from follow-on schedule check
[2022-07-31 00:25:05,353] {taskinstance.py:1159} INFO - Dependencies all met for <TaskInstance: dag_with_postgres_operator.create_postgres_table scheduled__2022-01-13T00:00:00+00:00 [queued]>
[2022-07-31 00:25:05,383] {taskinstance.py:1159} INFO - Dependencies all met for <TaskInstance: dag_with_postgres_operator.create_postgres_table scheduled__2022-01-13T00:00:00+00:00 [queued]>
[2022-07-31 00:25:05,383] {taskinstance.py:1356} INFO - 
--------------------------------------------------------------------------------
[2022-07-31 00:25:05,383] {taskinstance.py:1357} INFO - Starting attempt 4 of 6
[2022-07-31 00:25:05,383] {taskinstance.py:1358} INFO - 
--------------------------------------------------------------------------------
[2022-07-31 00:25:05,406] {taskinstance.py:1377} INFO - Executing <Task(PostgresOperator): create_postgres_table> on 2022-01-13 00:00:00+00:00
[2022-07-31 00:25:05,410] {standard_task_runner.py:52} INFO - Started process 6460 to run task
[2022-07-31 00:25:05,414] {standard_task_runner.py:79} INFO - Running: ['***', 'tasks', 'run', 'dag_with_postgres_operator', 'create_postgres_table', 'scheduled__2022-01-13T00:00:00+00:00', '--job-id', '1164', '--raw', '--subdir', 'DAGS_FOLDER/DAGWithPostgresOperator.py', '--cfg-path', '/tmp/tmp_js296z0', '--error-file', '/tmp/tmp75ngu8eb']
[2022-07-31 00:25:05,415] {standard_task_runner.py:80} INFO - Job 1164: Subtask create_postgres_table
[2022-07-31 00:25:05,484] {task_command.py:369} INFO - Running <TaskInstance: dag_with_postgres_operator.create_postgres_table scheduled__2022-01-13T00:00:00+00:00 [running]> on host 66bf18ec08cc
[2022-07-31 00:25:05,589] {taskinstance.py:1571} INFO - Exporting the following env vars:
AIRFLOW_CTX_DAG_OWNER=yosr
AIRFLOW_CTX_DAG_ID=dag_with_postgres_operator
AIRFLOW_CTX_TASK_ID=create_postgres_table
AIRFLOW_CTX_EXECUTION_DATE=2022-01-13T00:00:00+00:00
AIRFLOW_CTX_TRY_NUMBER=4
AIRFLOW_CTX_DAG_RUN_ID=scheduled__2022-01-13T00:00:00+00:00
[2022-07-31 00:25:05,602] {base.py:68} INFO - Using connection ID 'postgres_localhost' for task execution.
[2022-07-31 00:25:05,603] {taskinstance.py:1889} ERROR - Task failed with exception
Traceback (most recent call last):
  File "/home/airflow/.local/lib/python3.7/site-packages/airflow/providers/postgres/operators/postgres.py", line 92, in execute
    self.hook.run(self.sql, self.autocommit, parameters=self.parameters)
  File "/home/airflow/.local/lib/python3.7/site-packages/airflow/hooks/dbapi.py", line 181, in run
    with closing(self.get_conn()) as conn:
  File "/home/airflow/.local/lib/python3.7/site-packages/airflow/providers/postgres/hooks/postgres.py", line 113, in get_conn
    self.conn = psycopg2.connect(**conn_args)
  File "/home/airflow/.local/lib/python3.7/site-packages/psycopg2/__init__.py", line 122, in connect
    conn = _connect(dsn, connection_factory=connection_factory, **kwasync)
psycopg2.OperationalError: could not translate host name "host.docker.local " to address: Name or service not known

[2022-07-31 00:25:05,615] {taskinstance.py:1400} INFO - Marking task as UP_FOR_RETRY. dag_id=dag_with_postgres_operator, task_id=create_postgres_table, execution_date=20220113T000000, start_date=20220731T002505, end_date=20220731T002505
[2022-07-31 00:25:05,631] {standard_task_runner.py:97} ERROR - Failed to execute job 1164 for task create_postgres_table (could not translate host name "host.docker.local " to address: Name or service not known
; 6460)
[2022-07-31 00:25:05,673] {local_task_job.py:156} INFO - Task exited with return code 1
[2022-07-31 00:25:05,734] {local_task_job.py:273} INFO - 0 downstream tasks scheduled from follow-on schedule check
[2022-07-31 11:18:49,066] {taskinstance.py:1159} INFO - Dependencies all met for <TaskInstance: dag_with_postgres_operator.create_postgres_table scheduled__2022-01-13T00:00:00+00:00 [queued]>
[2022-07-31 11:18:49,090] {taskinstance.py:1159} INFO - Dependencies all met for <TaskInstance: dag_with_postgres_operator.create_postgres_table scheduled__2022-01-13T00:00:00+00:00 [queued]>
[2022-07-31 11:18:49,091] {taskinstance.py:1356} INFO - 
--------------------------------------------------------------------------------
[2022-07-31 11:18:49,091] {taskinstance.py:1357} INFO - Starting attempt 4 of 6
[2022-07-31 11:18:49,091] {taskinstance.py:1358} INFO - 
--------------------------------------------------------------------------------
[2022-07-31 11:18:49,121] {taskinstance.py:1377} INFO - Executing <Task(PostgresOperator): create_postgres_table> on 2022-01-13 00:00:00+00:00
[2022-07-31 11:18:49,127] {standard_task_runner.py:52} INFO - Started process 5330 to run task
[2022-07-31 11:18:49,134] {standard_task_runner.py:79} INFO - Running: ['***', 'tasks', 'run', 'dag_with_postgres_operator', 'create_postgres_table', 'scheduled__2022-01-13T00:00:00+00:00', '--job-id', '1608', '--raw', '--subdir', 'DAGS_FOLDER/DAGWithPostgresOperator.py', '--cfg-path', '/tmp/tmp5hz7rrfe', '--error-file', '/tmp/tmpios54qdc']
[2022-07-31 11:18:49,135] {standard_task_runner.py:80} INFO - Job 1608: Subtask create_postgres_table
[2022-07-31 11:18:49,227] {task_command.py:369} INFO - Running <TaskInstance: dag_with_postgres_operator.create_postgres_table scheduled__2022-01-13T00:00:00+00:00 [running]> on host 66bf18ec08cc
[2022-07-31 11:18:49,360] {taskinstance.py:1571} INFO - Exporting the following env vars:
AIRFLOW_CTX_DAG_OWNER=yosr
AIRFLOW_CTX_DAG_ID=dag_with_postgres_operator
AIRFLOW_CTX_TASK_ID=create_postgres_table
AIRFLOW_CTX_EXECUTION_DATE=2022-01-13T00:00:00+00:00
AIRFLOW_CTX_TRY_NUMBER=4
AIRFLOW_CTX_DAG_RUN_ID=scheduled__2022-01-13T00:00:00+00:00
[2022-07-31 11:18:49,382] {base.py:68} INFO - Using connection ID 'postgres_localhost' for task execution.
[2022-07-31 11:19:19,405] {taskinstance.py:1889} ERROR - Task failed with exception
Traceback (most recent call last):
  File "/home/airflow/.local/lib/python3.7/site-packages/airflow/providers/postgres/operators/postgres.py", line 92, in execute
    self.hook.run(self.sql, self.autocommit, parameters=self.parameters)
  File "/home/airflow/.local/lib/python3.7/site-packages/airflow/hooks/dbapi.py", line 181, in run
    with closing(self.get_conn()) as conn:
  File "/home/airflow/.local/lib/python3.7/site-packages/airflow/providers/postgres/hooks/postgres.py", line 113, in get_conn
    self.conn = psycopg2.connect(**conn_args)
  File "/home/airflow/.local/lib/python3.7/site-packages/psycopg2/__init__.py", line 122, in connect
    conn = _connect(dsn, connection_factory=connection_factory, **kwasync)
psycopg2.OperationalError: could not translate host name "host.docker.internal" to address: Temporary failure in name resolution

[2022-07-31 11:19:19,417] {taskinstance.py:1400} INFO - Marking task as UP_FOR_RETRY. dag_id=dag_with_postgres_operator, task_id=create_postgres_table, execution_date=20220113T000000, start_date=20220731T111849, end_date=20220731T111919
[2022-07-31 11:19:19,432] {standard_task_runner.py:97} ERROR - Failed to execute job 1608 for task create_postgres_table (could not translate host name "host.docker.internal" to address: Temporary failure in name resolution
; 5330)
[2022-07-31 11:19:19,450] {local_task_job.py:156} INFO - Task exited with return code 1
[2022-07-31 11:19:19,485] {local_task_job.py:273} INFO - 0 downstream tasks scheduled from follow-on schedule check
[2022-07-31 13:50:11,430] {taskinstance.py:1159} INFO - Dependencies all met for <TaskInstance: dag_with_postgres_operator.create_postgres_table scheduled__2022-01-13T00:00:00+00:00 [queued]>
[2022-07-31 13:50:11,445] {taskinstance.py:1159} INFO - Dependencies all met for <TaskInstance: dag_with_postgres_operator.create_postgres_table scheduled__2022-01-13T00:00:00+00:00 [queued]>
[2022-07-31 13:50:11,446] {taskinstance.py:1356} INFO - 
--------------------------------------------------------------------------------
[2022-07-31 13:50:11,446] {taskinstance.py:1357} INFO - Starting attempt 4 of 6
[2022-07-31 13:50:11,446] {taskinstance.py:1358} INFO - 
--------------------------------------------------------------------------------
[2022-07-31 13:50:11,462] {taskinstance.py:1377} INFO - Executing <Task(PostgresOperator): create_postgres_table> on 2022-01-13 00:00:00+00:00
[2022-07-31 13:50:11,467] {standard_task_runner.py:52} INFO - Started process 2922 to run task
[2022-07-31 13:50:11,472] {standard_task_runner.py:79} INFO - Running: ['***', 'tasks', 'run', 'dag_with_postgres_operator', 'create_postgres_table', 'scheduled__2022-01-13T00:00:00+00:00', '--job-id', '152', '--raw', '--subdir', 'DAGS_FOLDER/DAGWithPostgresOperator.py', '--cfg-path', '/tmp/tmpbilcl1_w', '--error-file', '/tmp/tmpnzlq4gih']
[2022-07-31 13:50:11,473] {standard_task_runner.py:80} INFO - Job 152: Subtask create_postgres_table
[2022-07-31 13:50:11,546] {task_command.py:369} INFO - Running <TaskInstance: dag_with_postgres_operator.create_postgres_table scheduled__2022-01-13T00:00:00+00:00 [running]> on host 4688dd3b7141
[2022-07-31 13:50:11,664] {taskinstance.py:1571} INFO - Exporting the following env vars:
AIRFLOW_CTX_DAG_OWNER=yosr
AIRFLOW_CTX_DAG_ID=dag_with_postgres_operator
AIRFLOW_CTX_TASK_ID=create_postgres_table
AIRFLOW_CTX_EXECUTION_DATE=2022-01-13T00:00:00+00:00
AIRFLOW_CTX_TRY_NUMBER=4
AIRFLOW_CTX_DAG_RUN_ID=scheduled__2022-01-13T00:00:00+00:00
[2022-07-31 13:50:11,766] {taskinstance.py:1889} ERROR - Task failed with exception
Traceback (most recent call last):
  File "/home/airflow/.local/lib/python3.7/site-packages/airflow/providers/postgres/operators/postgres.py", line 92, in execute
    self.hook.run(self.sql, self.autocommit, parameters=self.parameters)
  File "/home/airflow/.local/lib/python3.7/site-packages/airflow/hooks/dbapi.py", line 181, in run
    with closing(self.get_conn()) as conn:
  File "/home/airflow/.local/lib/python3.7/site-packages/airflow/providers/postgres/hooks/postgres.py", line 86, in get_conn
    conn = deepcopy(self.connection or self.get_connection(conn_id))
  File "/home/airflow/.local/lib/python3.7/site-packages/airflow/hooks/base.py", line 67, in get_connection
    conn = Connection.get_connection_from_secrets(conn_id)
  File "/home/airflow/.local/lib/python3.7/site-packages/airflow/models/connection.py", line 430, in get_connection_from_secrets
    raise AirflowNotFoundException(f"The conn_id `{conn_id}` isn't defined")
airflow.exceptions.AirflowNotFoundException: The conn_id `postgres_localhost` isn't defined
[2022-07-31 13:50:11,772] {taskinstance.py:1400} INFO - Marking task as UP_FOR_RETRY. dag_id=dag_with_postgres_operator, task_id=create_postgres_table, execution_date=20220113T000000, start_date=20220731T135011, end_date=20220731T135011
[2022-07-31 13:50:11,787] {standard_task_runner.py:97} ERROR - Failed to execute job 152 for task create_postgres_table (The conn_id `postgres_localhost` isn't defined; 2922)
[2022-07-31 13:50:11,814] {local_task_job.py:156} INFO - Task exited with return code 1
[2022-07-31 13:50:11,859] {local_task_job.py:273} INFO - 0 downstream tasks scheduled from follow-on schedule check
