[2022-07-30 18:13:50,352] {taskinstance.py:1159} INFO - Dependencies all met for <TaskInstance: dag_with_postgres_operator.create_postgres_table scheduled__2022-01-13T00:00:00+00:00 [queued]>
[2022-07-30 18:13:50,367] {taskinstance.py:1159} INFO - Dependencies all met for <TaskInstance: dag_with_postgres_operator.create_postgres_table scheduled__2022-01-13T00:00:00+00:00 [queued]>
[2022-07-30 18:13:50,367] {taskinstance.py:1356} INFO - 
--------------------------------------------------------------------------------
[2022-07-30 18:13:50,367] {taskinstance.py:1357} INFO - Starting attempt 3 of 6
[2022-07-30 18:13:50,367] {taskinstance.py:1358} INFO - 
--------------------------------------------------------------------------------
[2022-07-30 18:13:50,385] {taskinstance.py:1377} INFO - Executing <Task(PostgresOperator): create_postgres_table> on 2022-01-13 00:00:00+00:00
[2022-07-30 18:13:50,390] {standard_task_runner.py:52} INFO - Started process 2273 to run task
[2022-07-30 18:13:50,394] {standard_task_runner.py:79} INFO - Running: ['***', 'tasks', 'run', 'dag_with_postgres_operator', 'create_postgres_table', 'scheduled__2022-01-13T00:00:00+00:00', '--job-id', '138', '--raw', '--subdir', 'DAGS_FOLDER/DAGWithPostgresOperator.py', '--cfg-path', '/tmp/tmp87kya68o', '--error-file', '/tmp/tmpxa880to2']
[2022-07-30 18:13:50,395] {standard_task_runner.py:80} INFO - Job 138: Subtask create_postgres_table
[2022-07-30 18:13:50,469] {task_command.py:369} INFO - Running <TaskInstance: dag_with_postgres_operator.create_postgres_table scheduled__2022-01-13T00:00:00+00:00 [running]> on host 66bf18ec08cc
[2022-07-30 18:13:50,577] {taskinstance.py:1571} INFO - Exporting the following env vars:
AIRFLOW_CTX_DAG_OWNER=yosr
AIRFLOW_CTX_DAG_ID=dag_with_postgres_operator
AIRFLOW_CTX_TASK_ID=create_postgres_table
AIRFLOW_CTX_EXECUTION_DATE=2022-01-13T00:00:00+00:00
AIRFLOW_CTX_TRY_NUMBER=3
AIRFLOW_CTX_DAG_RUN_ID=scheduled__2022-01-13T00:00:00+00:00
[2022-07-30 18:13:50,594] {base.py:68} INFO - Using connection ID 'postgres_localhost' for task execution.
[2022-07-30 18:13:50,595] {taskinstance.py:1889} ERROR - Task failed with exception
Traceback (most recent call last):
  File "/home/airflow/.local/lib/python3.7/site-packages/airflow/providers/postgres/operators/postgres.py", line 92, in execute
    self.hook.run(self.sql, self.autocommit, parameters=self.parameters)
  File "/home/airflow/.local/lib/python3.7/site-packages/airflow/hooks/dbapi.py", line 181, in run
    with closing(self.get_conn()) as conn:
  File "/home/airflow/.local/lib/python3.7/site-packages/airflow/providers/postgres/hooks/postgres.py", line 113, in get_conn
    self.conn = psycopg2.connect(**conn_args)
  File "/home/airflow/.local/lib/python3.7/site-packages/psycopg2/__init__.py", line 122, in connect
    conn = _connect(dsn, connection_factory=connection_factory, **kwasync)
psycopg2.OperationalError: could not translate host name "host.docker.internal " to address: Name or service not known

[2022-07-30 18:13:50,609] {taskinstance.py:1400} INFO - Marking task as UP_FOR_RETRY. dag_id=dag_with_postgres_operator, task_id=create_postgres_table, execution_date=20220113T000000, start_date=20220730T181350, end_date=20220730T181350
[2022-07-30 18:13:50,624] {standard_task_runner.py:97} ERROR - Failed to execute job 138 for task create_postgres_table (could not translate host name "host.docker.internal " to address: Name or service not known
; 2273)
[2022-07-30 18:13:50,652] {local_task_job.py:156} INFO - Task exited with return code 1
[2022-07-30 18:13:50,715] {local_task_job.py:273} INFO - 0 downstream tasks scheduled from follow-on schedule check
[2022-07-31 00:20:04,401] {taskinstance.py:1159} INFO - Dependencies all met for <TaskInstance: dag_with_postgres_operator.create_postgres_table scheduled__2022-01-13T00:00:00+00:00 [queued]>
[2022-07-31 00:20:04,420] {taskinstance.py:1159} INFO - Dependencies all met for <TaskInstance: dag_with_postgres_operator.create_postgres_table scheduled__2022-01-13T00:00:00+00:00 [queued]>
[2022-07-31 00:20:04,420] {taskinstance.py:1356} INFO - 
--------------------------------------------------------------------------------
[2022-07-31 00:20:04,420] {taskinstance.py:1357} INFO - Starting attempt 3 of 6
[2022-07-31 00:20:04,421] {taskinstance.py:1358} INFO - 
--------------------------------------------------------------------------------
[2022-07-31 00:20:04,440] {taskinstance.py:1377} INFO - Executing <Task(PostgresOperator): create_postgres_table> on 2022-01-13 00:00:00+00:00
[2022-07-31 00:20:04,445] {standard_task_runner.py:52} INFO - Started process 6194 to run task
[2022-07-31 00:20:04,449] {standard_task_runner.py:79} INFO - Running: ['***', 'tasks', 'run', 'dag_with_postgres_operator', 'create_postgres_table', 'scheduled__2022-01-13T00:00:00+00:00', '--job-id', '1148', '--raw', '--subdir', 'DAGS_FOLDER/DAGWithPostgresOperator.py', '--cfg-path', '/tmp/tmpp_fefuh_', '--error-file', '/tmp/tmpd3_lscp4']
[2022-07-31 00:20:04,450] {standard_task_runner.py:80} INFO - Job 1148: Subtask create_postgres_table
[2022-07-31 00:20:04,524] {task_command.py:369} INFO - Running <TaskInstance: dag_with_postgres_operator.create_postgres_table scheduled__2022-01-13T00:00:00+00:00 [running]> on host 66bf18ec08cc
[2022-07-31 00:20:04,617] {taskinstance.py:1571} INFO - Exporting the following env vars:
AIRFLOW_CTX_DAG_OWNER=yosr
AIRFLOW_CTX_DAG_ID=dag_with_postgres_operator
AIRFLOW_CTX_TASK_ID=create_postgres_table
AIRFLOW_CTX_EXECUTION_DATE=2022-01-13T00:00:00+00:00
AIRFLOW_CTX_TRY_NUMBER=3
AIRFLOW_CTX_DAG_RUN_ID=scheduled__2022-01-13T00:00:00+00:00
[2022-07-31 00:20:04,632] {base.py:68} INFO - Using connection ID 'postgres_localhost' for task execution.
[2022-07-31 00:20:04,633] {taskinstance.py:1889} ERROR - Task failed with exception
Traceback (most recent call last):
  File "/home/airflow/.local/lib/python3.7/site-packages/airflow/providers/postgres/operators/postgres.py", line 92, in execute
    self.hook.run(self.sql, self.autocommit, parameters=self.parameters)
  File "/home/airflow/.local/lib/python3.7/site-packages/airflow/hooks/dbapi.py", line 181, in run
    with closing(self.get_conn()) as conn:
  File "/home/airflow/.local/lib/python3.7/site-packages/airflow/providers/postgres/hooks/postgres.py", line 113, in get_conn
    self.conn = psycopg2.connect(**conn_args)
  File "/home/airflow/.local/lib/python3.7/site-packages/psycopg2/__init__.py", line 122, in connect
    conn = _connect(dsn, connection_factory=connection_factory, **kwasync)
psycopg2.OperationalError: could not translate host name "host.docker.local " to address: Name or service not known

[2022-07-31 00:20:04,651] {taskinstance.py:1400} INFO - Marking task as UP_FOR_RETRY. dag_id=dag_with_postgres_operator, task_id=create_postgres_table, execution_date=20220113T000000, start_date=20220731T002004, end_date=20220731T002004
[2022-07-31 00:20:04,673] {standard_task_runner.py:97} ERROR - Failed to execute job 1148 for task create_postgres_table (could not translate host name "host.docker.local " to address: Name or service not known
; 6194)
[2022-07-31 00:20:04,707] {local_task_job.py:156} INFO - Task exited with return code 1
[2022-07-31 00:20:04,804] {local_task_job.py:273} INFO - 0 downstream tasks scheduled from follow-on schedule check
[2022-07-31 11:13:30,636] {taskinstance.py:1159} INFO - Dependencies all met for <TaskInstance: dag_with_postgres_operator.create_postgres_table scheduled__2022-01-13T00:00:00+00:00 [queued]>
[2022-07-31 11:13:30,661] {taskinstance.py:1159} INFO - Dependencies all met for <TaskInstance: dag_with_postgres_operator.create_postgres_table scheduled__2022-01-13T00:00:00+00:00 [queued]>
[2022-07-31 11:13:30,662] {taskinstance.py:1356} INFO - 
--------------------------------------------------------------------------------
[2022-07-31 11:13:30,662] {taskinstance.py:1357} INFO - Starting attempt 3 of 6
[2022-07-31 11:13:30,662] {taskinstance.py:1358} INFO - 
--------------------------------------------------------------------------------
[2022-07-31 11:13:30,687] {taskinstance.py:1377} INFO - Executing <Task(PostgresOperator): create_postgres_table> on 2022-01-13 00:00:00+00:00
[2022-07-31 11:13:30,693] {standard_task_runner.py:52} INFO - Started process 5067 to run task
[2022-07-31 11:13:30,696] {standard_task_runner.py:79} INFO - Running: ['***', 'tasks', 'run', 'dag_with_postgres_operator', 'create_postgres_table', 'scheduled__2022-01-13T00:00:00+00:00', '--job-id', '1601', '--raw', '--subdir', 'DAGS_FOLDER/DAGWithPostgresOperator.py', '--cfg-path', '/tmp/tmpz81_uwzq', '--error-file', '/tmp/tmp2vvdrqzr']
[2022-07-31 11:13:30,696] {standard_task_runner.py:80} INFO - Job 1601: Subtask create_postgres_table
[2022-07-31 11:13:30,778] {task_command.py:369} INFO - Running <TaskInstance: dag_with_postgres_operator.create_postgres_table scheduled__2022-01-13T00:00:00+00:00 [running]> on host 66bf18ec08cc
[2022-07-31 11:13:30,874] {taskinstance.py:1571} INFO - Exporting the following env vars:
AIRFLOW_CTX_DAG_OWNER=yosr
AIRFLOW_CTX_DAG_ID=dag_with_postgres_operator
AIRFLOW_CTX_TASK_ID=create_postgres_table
AIRFLOW_CTX_EXECUTION_DATE=2022-01-13T00:00:00+00:00
AIRFLOW_CTX_TRY_NUMBER=3
AIRFLOW_CTX_DAG_RUN_ID=scheduled__2022-01-13T00:00:00+00:00
[2022-07-31 11:13:30,887] {base.py:68} INFO - Using connection ID 'postgres_localhost' for task execution.
[2022-07-31 11:13:48,456] {taskinstance.py:1889} ERROR - Task failed with exception
Traceback (most recent call last):
  File "/home/airflow/.local/lib/python3.7/site-packages/airflow/providers/postgres/operators/postgres.py", line 92, in execute
    self.hook.run(self.sql, self.autocommit, parameters=self.parameters)
  File "/home/airflow/.local/lib/python3.7/site-packages/airflow/hooks/dbapi.py", line 181, in run
    with closing(self.get_conn()) as conn:
  File "/home/airflow/.local/lib/python3.7/site-packages/airflow/providers/postgres/hooks/postgres.py", line 113, in get_conn
    self.conn = psycopg2.connect(**conn_args)
  File "/home/airflow/.local/lib/python3.7/site-packages/psycopg2/__init__.py", line 122, in connect
    conn = _connect(dsn, connection_factory=connection_factory, **kwasync)
psycopg2.OperationalError: could not translate host name "host.docker.internal" to address: No address associated with hostname

[2022-07-31 11:13:48,481] {taskinstance.py:1400} INFO - Marking task as UP_FOR_RETRY. dag_id=dag_with_postgres_operator, task_id=create_postgres_table, execution_date=20220113T000000, start_date=20220731T111330, end_date=20220731T111348
[2022-07-31 11:13:48,504] {standard_task_runner.py:97} ERROR - Failed to execute job 1601 for task create_postgres_table (could not translate host name "host.docker.internal" to address: No address associated with hostname
; 5067)
[2022-07-31 11:13:48,520] {local_task_job.py:156} INFO - Task exited with return code 1
[2022-07-31 11:13:48,562] {local_task_job.py:273} INFO - 0 downstream tasks scheduled from follow-on schedule check
[2022-07-31 13:45:10,599] {taskinstance.py:1159} INFO - Dependencies all met for <TaskInstance: dag_with_postgres_operator.create_postgres_table scheduled__2022-01-13T00:00:00+00:00 [queued]>
[2022-07-31 13:45:10,615] {taskinstance.py:1159} INFO - Dependencies all met for <TaskInstance: dag_with_postgres_operator.create_postgres_table scheduled__2022-01-13T00:00:00+00:00 [queued]>
[2022-07-31 13:45:10,615] {taskinstance.py:1356} INFO - 
--------------------------------------------------------------------------------
[2022-07-31 13:45:10,615] {taskinstance.py:1357} INFO - Starting attempt 3 of 6
[2022-07-31 13:45:10,615] {taskinstance.py:1358} INFO - 
--------------------------------------------------------------------------------
[2022-07-31 13:45:10,644] {taskinstance.py:1377} INFO - Executing <Task(PostgresOperator): create_postgres_table> on 2022-01-13 00:00:00+00:00
[2022-07-31 13:45:10,651] {standard_task_runner.py:52} INFO - Started process 2667 to run task
[2022-07-31 13:45:10,657] {standard_task_runner.py:79} INFO - Running: ['***', 'tasks', 'run', 'dag_with_postgres_operator', 'create_postgres_table', 'scheduled__2022-01-13T00:00:00+00:00', '--job-id', '139', '--raw', '--subdir', 'DAGS_FOLDER/DAGWithPostgresOperator.py', '--cfg-path', '/tmp/tmp_un9l3l1', '--error-file', '/tmp/tmpfz_1s_yq']
[2022-07-31 13:45:10,658] {standard_task_runner.py:80} INFO - Job 139: Subtask create_postgres_table
[2022-07-31 13:45:10,776] {task_command.py:369} INFO - Running <TaskInstance: dag_with_postgres_operator.create_postgres_table scheduled__2022-01-13T00:00:00+00:00 [running]> on host 4688dd3b7141
[2022-07-31 13:45:10,890] {taskinstance.py:1571} INFO - Exporting the following env vars:
AIRFLOW_CTX_DAG_OWNER=yosr
AIRFLOW_CTX_DAG_ID=dag_with_postgres_operator
AIRFLOW_CTX_TASK_ID=create_postgres_table
AIRFLOW_CTX_EXECUTION_DATE=2022-01-13T00:00:00+00:00
AIRFLOW_CTX_TRY_NUMBER=3
AIRFLOW_CTX_DAG_RUN_ID=scheduled__2022-01-13T00:00:00+00:00
[2022-07-31 13:45:10,994] {taskinstance.py:1889} ERROR - Task failed with exception
Traceback (most recent call last):
  File "/home/airflow/.local/lib/python3.7/site-packages/airflow/providers/postgres/operators/postgres.py", line 92, in execute
    self.hook.run(self.sql, self.autocommit, parameters=self.parameters)
  File "/home/airflow/.local/lib/python3.7/site-packages/airflow/hooks/dbapi.py", line 181, in run
    with closing(self.get_conn()) as conn:
  File "/home/airflow/.local/lib/python3.7/site-packages/airflow/providers/postgres/hooks/postgres.py", line 86, in get_conn
    conn = deepcopy(self.connection or self.get_connection(conn_id))
  File "/home/airflow/.local/lib/python3.7/site-packages/airflow/hooks/base.py", line 67, in get_connection
    conn = Connection.get_connection_from_secrets(conn_id)
  File "/home/airflow/.local/lib/python3.7/site-packages/airflow/models/connection.py", line 430, in get_connection_from_secrets
    raise AirflowNotFoundException(f"The conn_id `{conn_id}` isn't defined")
airflow.exceptions.AirflowNotFoundException: The conn_id `postgres_localhost` isn't defined
[2022-07-31 13:45:10,999] {taskinstance.py:1400} INFO - Marking task as UP_FOR_RETRY. dag_id=dag_with_postgres_operator, task_id=create_postgres_table, execution_date=20220113T000000, start_date=20220731T134510, end_date=20220731T134510
[2022-07-31 13:45:11,019] {standard_task_runner.py:97} ERROR - Failed to execute job 139 for task create_postgres_table (The conn_id `postgres_localhost` isn't defined; 2667)
[2022-07-31 13:45:11,037] {local_task_job.py:156} INFO - Task exited with return code 1
[2022-07-31 13:45:11,097] {local_task_job.py:273} INFO - 0 downstream tasks scheduled from follow-on schedule check
