[2022-07-29 11:59:06,388] {taskinstance.py:1159} INFO - Dependencies all met for <TaskInstance: dag_with_taskflow_api.greet scheduled__2022-05-26T00:00:00+00:00 [queued]>
[2022-07-29 11:59:06,406] {taskinstance.py:1159} INFO - Dependencies all met for <TaskInstance: dag_with_taskflow_api.greet scheduled__2022-05-26T00:00:00+00:00 [queued]>
[2022-07-29 11:59:06,407] {taskinstance.py:1356} INFO - 
--------------------------------------------------------------------------------
[2022-07-29 11:59:06,407] {taskinstance.py:1357} INFO - Starting attempt 1 of 6
[2022-07-29 11:59:06,407] {taskinstance.py:1358} INFO - 
--------------------------------------------------------------------------------
[2022-07-29 11:59:06,431] {taskinstance.py:1377} INFO - Executing <Task(_PythonDecoratedOperator): greet> on 2022-05-26 00:00:00+00:00
[2022-07-29 11:59:06,437] {standard_task_runner.py:52} INFO - Started process 9553 to run task
[2022-07-29 11:59:06,440] {standard_task_runner.py:79} INFO - Running: ['***', 'tasks', 'run', 'dag_with_taskflow_api', 'greet', 'scheduled__2022-05-26T00:00:00+00:00', '--job-id', '1938', '--raw', '--subdir', 'DAGS_FOLDER/DagWithTaskflowApi.py', '--cfg-path', '/tmp/tmpre5s9bch', '--error-file', '/tmp/tmp3e6_ljyo']
[2022-07-29 11:59:06,440] {standard_task_runner.py:80} INFO - Job 1938: Subtask greet
[2022-07-29 11:59:06,522] {task_command.py:369} INFO - Running <TaskInstance: dag_with_taskflow_api.greet scheduled__2022-05-26T00:00:00+00:00 [running]> on host 9f0f006fc89d
[2022-07-29 11:59:06,663] {taskinstance.py:1571} INFO - Exporting the following env vars:
AIRFLOW_CTX_DAG_OWNER=yosr
AIRFLOW_CTX_DAG_ID=dag_with_taskflow_api
AIRFLOW_CTX_TASK_ID=greet
AIRFLOW_CTX_EXECUTION_DATE=2022-05-26T00:00:00+00:00
AIRFLOW_CTX_TRY_NUMBER=1
AIRFLOW_CTX_DAG_RUN_ID=scheduled__2022-05-26T00:00:00+00:00
[2022-07-29 11:59:06,664] {logging_mixin.py:115} INFO - Hello World! My name is yosr hb and I am 22 years old!
[2022-07-29 11:59:06,664] {python.py:173} INFO - Done. Returned value was: None
[2022-07-29 11:59:06,687] {taskinstance.py:1400} INFO - Marking task as SUCCESS. dag_id=dag_with_taskflow_api, task_id=greet, execution_date=20220526T000000, start_date=20220729T115906, end_date=20220729T115906
[2022-07-29 11:59:06,740] {local_task_job.py:156} INFO - Task exited with return code 0
[2022-07-29 11:59:06,794] {local_task_job.py:273} INFO - 0 downstream tasks scheduled from follow-on schedule check
