[2022-07-29 11:44:43,699] {taskinstance.py:1159} INFO - Dependencies all met for <TaskInstance: dag_with_python_operator.get_name scheduled__2022-06-07T00:00:00+00:00 [queued]>
[2022-07-29 11:44:43,718] {taskinstance.py:1159} INFO - Dependencies all met for <TaskInstance: dag_with_python_operator.get_name scheduled__2022-06-07T00:00:00+00:00 [queued]>
[2022-07-29 11:44:43,719] {taskinstance.py:1356} INFO - 
--------------------------------------------------------------------------------
[2022-07-29 11:44:43,719] {taskinstance.py:1357} INFO - Starting attempt 1 of 6
[2022-07-29 11:44:43,719] {taskinstance.py:1358} INFO - 
--------------------------------------------------------------------------------
[2022-07-29 11:44:43,739] {taskinstance.py:1377} INFO - Executing <Task(PythonOperator): get_name> on 2022-06-07 00:00:00+00:00
[2022-07-29 11:44:43,744] {standard_task_runner.py:52} INFO - Started process 7306 to run task
[2022-07-29 11:44:43,747] {standard_task_runner.py:79} INFO - Running: ['***', 'tasks', 'run', 'dag_with_python_operator', 'get_name', 'scheduled__2022-06-07T00:00:00+00:00', '--job-id', '1140', '--raw', '--subdir', 'DAGS_FOLDER/CreateDagWithPythonOperator.py', '--cfg-path', '/tmp/tmp3f4d_hfy', '--error-file', '/tmp/tmpxcy8uovo']
[2022-07-29 11:44:43,747] {standard_task_runner.py:80} INFO - Job 1140: Subtask get_name
[2022-07-29 11:44:43,828] {task_command.py:369} INFO - Running <TaskInstance: dag_with_python_operator.get_name scheduled__2022-06-07T00:00:00+00:00 [running]> on host 9f0f006fc89d
[2022-07-29 11:44:43,933] {taskinstance.py:1571} INFO - Exporting the following env vars:
AIRFLOW_CTX_DAG_OWNER=yosr
AIRFLOW_CTX_DAG_ID=dag_with_python_operator
AIRFLOW_CTX_TASK_ID=get_name
AIRFLOW_CTX_EXECUTION_DATE=2022-06-07T00:00:00+00:00
AIRFLOW_CTX_TRY_NUMBER=1
AIRFLOW_CTX_DAG_RUN_ID=scheduled__2022-06-07T00:00:00+00:00
[2022-07-29 11:44:43,976] {python.py:173} INFO - Done. Returned value was: None
[2022-07-29 11:44:43,997] {taskinstance.py:1400} INFO - Marking task as SUCCESS. dag_id=dag_with_python_operator, task_id=get_name, execution_date=20220607T000000, start_date=20220729T114443, end_date=20220729T114443
[2022-07-29 11:44:44,047] {local_task_job.py:156} INFO - Task exited with return code 0
[2022-07-29 11:44:44,096] {local_task_job.py:273} INFO - 1 downstream tasks scheduled from follow-on schedule check
