[2022-07-29 11:44:40,088] {taskinstance.py:1159} INFO - Dependencies all met for <TaskInstance: dag_with_python_operator.get_name scheduled__2022-06-03T00:00:00+00:00 [queued]>
[2022-07-29 11:44:40,103] {taskinstance.py:1159} INFO - Dependencies all met for <TaskInstance: dag_with_python_operator.get_name scheduled__2022-06-03T00:00:00+00:00 [queued]>
[2022-07-29 11:44:40,103] {taskinstance.py:1356} INFO - 
--------------------------------------------------------------------------------
[2022-07-29 11:44:40,103] {taskinstance.py:1357} INFO - Starting attempt 1 of 6
[2022-07-29 11:44:40,103] {taskinstance.py:1358} INFO - 
--------------------------------------------------------------------------------
[2022-07-29 11:44:40,124] {taskinstance.py:1377} INFO - Executing <Task(PythonOperator): get_name> on 2022-06-03 00:00:00+00:00
[2022-07-29 11:44:40,129] {standard_task_runner.py:52} INFO - Started process 7280 to run task
[2022-07-29 11:44:40,132] {standard_task_runner.py:79} INFO - Running: ['***', 'tasks', 'run', 'dag_with_python_operator', 'get_name', 'scheduled__2022-06-03T00:00:00+00:00', '--job-id', '1126', '--raw', '--subdir', 'DAGS_FOLDER/CreateDagWithPythonOperator.py', '--cfg-path', '/tmp/tmpjqyebuj8', '--error-file', '/tmp/tmpduc4ztsx']
[2022-07-29 11:44:40,133] {standard_task_runner.py:80} INFO - Job 1126: Subtask get_name
[2022-07-29 11:44:40,233] {task_command.py:369} INFO - Running <TaskInstance: dag_with_python_operator.get_name scheduled__2022-06-03T00:00:00+00:00 [running]> on host 9f0f006fc89d
[2022-07-29 11:44:40,353] {taskinstance.py:1571} INFO - Exporting the following env vars:
AIRFLOW_CTX_DAG_OWNER=yosr
AIRFLOW_CTX_DAG_ID=dag_with_python_operator
AIRFLOW_CTX_TASK_ID=get_name
AIRFLOW_CTX_EXECUTION_DATE=2022-06-03T00:00:00+00:00
AIRFLOW_CTX_TRY_NUMBER=1
AIRFLOW_CTX_DAG_RUN_ID=scheduled__2022-06-03T00:00:00+00:00
[2022-07-29 11:44:40,393] {python.py:173} INFO - Done. Returned value was: None
[2022-07-29 11:44:40,430] {taskinstance.py:1400} INFO - Marking task as SUCCESS. dag_id=dag_with_python_operator, task_id=get_name, execution_date=20220603T000000, start_date=20220729T114440, end_date=20220729T114440
[2022-07-29 11:44:40,472] {local_task_job.py:156} INFO - Task exited with return code 0
[2022-07-29 11:44:40,531] {local_task_job.py:273} INFO - 1 downstream tasks scheduled from follow-on schedule check
