[2022-07-30 18:34:00,045] {taskinstance.py:1159} INFO - Dependencies all met for <TaskInstance: dag_with_postgres_operator.create_postgres_table scheduled__2022-01-22T00:00:00+00:00 [queued]>
[2022-07-30 18:34:00,062] {taskinstance.py:1159} INFO - Dependencies all met for <TaskInstance: dag_with_postgres_operator.create_postgres_table scheduled__2022-01-22T00:00:00+00:00 [queued]>
[2022-07-30 18:34:00,062] {taskinstance.py:1356} INFO - 
--------------------------------------------------------------------------------
[2022-07-30 18:34:00,062] {taskinstance.py:1357} INFO - Starting attempt 2 of 6
[2022-07-30 18:34:00,062] {taskinstance.py:1358} INFO - 
--------------------------------------------------------------------------------
[2022-07-30 18:34:00,082] {taskinstance.py:1377} INFO - Executing <Task(PostgresOperator): create_postgres_table> on 2022-01-22 00:00:00+00:00
[2022-07-30 18:34:00,087] {standard_task_runner.py:52} INFO - Started process 3347 to run task
[2022-07-30 18:34:00,090] {standard_task_runner.py:79} INFO - Running: ['***', 'tasks', 'run', 'dag_with_postgres_operator', 'create_postgres_table', 'scheduled__2022-01-22T00:00:00+00:00', '--job-id', '212', '--raw', '--subdir', 'DAGS_FOLDER/DAGWithPostgresOperator.py', '--cfg-path', '/tmp/tmp6ok6j_br', '--error-file', '/tmp/tmpfsiayzif']
[2022-07-30 18:34:00,090] {standard_task_runner.py:80} INFO - Job 212: Subtask create_postgres_table
[2022-07-30 18:34:00,157] {task_command.py:369} INFO - Running <TaskInstance: dag_with_postgres_operator.create_postgres_table scheduled__2022-01-22T00:00:00+00:00 [running]> on host 66bf18ec08cc
[2022-07-30 18:34:00,254] {taskinstance.py:1571} INFO - Exporting the following env vars:
AIRFLOW_CTX_DAG_OWNER=yosr
AIRFLOW_CTX_DAG_ID=dag_with_postgres_operator
AIRFLOW_CTX_TASK_ID=create_postgres_table
AIRFLOW_CTX_EXECUTION_DATE=2022-01-22T00:00:00+00:00
AIRFLOW_CTX_TRY_NUMBER=2
AIRFLOW_CTX_DAG_RUN_ID=scheduled__2022-01-22T00:00:00+00:00
[2022-07-30 18:34:00,269] {base.py:68} INFO - Using connection ID 'postgres_localhost' for task execution.
[2022-07-30 18:34:00,270] {taskinstance.py:1889} ERROR - Task failed with exception
Traceback (most recent call last):
  File "/home/airflow/.local/lib/python3.7/site-packages/airflow/providers/postgres/operators/postgres.py", line 92, in execute
    self.hook.run(self.sql, self.autocommit, parameters=self.parameters)
  File "/home/airflow/.local/lib/python3.7/site-packages/airflow/hooks/dbapi.py", line 181, in run
    with closing(self.get_conn()) as conn:
  File "/home/airflow/.local/lib/python3.7/site-packages/airflow/providers/postgres/hooks/postgres.py", line 113, in get_conn
    self.conn = psycopg2.connect(**conn_args)
  File "/home/airflow/.local/lib/python3.7/site-packages/psycopg2/__init__.py", line 122, in connect
    conn = _connect(dsn, connection_factory=connection_factory, **kwasync)
psycopg2.OperationalError: could not translate host name "host.docker.internal " to address: Name or service not known

[2022-07-30 18:34:00,284] {taskinstance.py:1400} INFO - Marking task as UP_FOR_RETRY. dag_id=dag_with_postgres_operator, task_id=create_postgres_table, execution_date=20220122T000000, start_date=20220730T183400, end_date=20220730T183400
[2022-07-30 18:34:00,304] {standard_task_runner.py:97} ERROR - Failed to execute job 212 for task create_postgres_table (could not translate host name "host.docker.internal " to address: Name or service not known
; 3347)
[2022-07-30 18:34:00,349] {local_task_job.py:156} INFO - Task exited with return code 1
[2022-07-30 18:34:00,403] {local_task_job.py:273} INFO - 0 downstream tasks scheduled from follow-on schedule check
[2022-07-31 00:41:09,822] {taskinstance.py:1159} INFO - Dependencies all met for <TaskInstance: dag_with_postgres_operator.create_postgres_table scheduled__2022-01-22T00:00:00+00:00 [queued]>
[2022-07-31 00:41:09,904] {taskinstance.py:1159} INFO - Dependencies all met for <TaskInstance: dag_with_postgres_operator.create_postgres_table scheduled__2022-01-22T00:00:00+00:00 [queued]>
[2022-07-31 00:41:09,905] {taskinstance.py:1356} INFO - 
--------------------------------------------------------------------------------
[2022-07-31 00:41:09,905] {taskinstance.py:1357} INFO - Starting attempt 2 of 6
[2022-07-31 00:41:09,906] {taskinstance.py:1358} INFO - 
--------------------------------------------------------------------------------
[2022-07-31 00:41:10,002] {taskinstance.py:1377} INFO - Executing <Task(PostgresOperator): create_postgres_table> on 2022-01-22 00:00:00+00:00
[2022-07-31 00:41:10,009] {standard_task_runner.py:52} INFO - Started process 7143 to run task
[2022-07-31 00:41:10,058] {standard_task_runner.py:79} INFO - Running: ['***', 'tasks', 'run', 'dag_with_postgres_operator', 'create_postgres_table', 'scheduled__2022-01-22T00:00:00+00:00', '--job-id', '1219', '--raw', '--subdir', 'DAGS_FOLDER/DAGWithPostgresOperator.py', '--cfg-path', '/tmp/tmpq8lvsack', '--error-file', '/tmp/tmpmwuwbv1e']
[2022-07-31 00:41:10,069] {standard_task_runner.py:80} INFO - Job 1219: Subtask create_postgres_table
[2022-07-31 00:41:10,431] {task_command.py:369} INFO - Running <TaskInstance: dag_with_postgres_operator.create_postgres_table scheduled__2022-01-22T00:00:00+00:00 [running]> on host 66bf18ec08cc
[2022-07-31 00:41:10,742] {taskinstance.py:1571} INFO - Exporting the following env vars:
AIRFLOW_CTX_DAG_OWNER=yosr
AIRFLOW_CTX_DAG_ID=dag_with_postgres_operator
AIRFLOW_CTX_TASK_ID=create_postgres_table
AIRFLOW_CTX_EXECUTION_DATE=2022-01-22T00:00:00+00:00
AIRFLOW_CTX_TRY_NUMBER=2
AIRFLOW_CTX_DAG_RUN_ID=scheduled__2022-01-22T00:00:00+00:00
[2022-07-31 00:41:10,796] {base.py:68} INFO - Using connection ID 'postgres_localhost' for task execution.
[2022-07-31 00:41:10,798] {taskinstance.py:1889} ERROR - Task failed with exception
Traceback (most recent call last):
  File "/home/airflow/.local/lib/python3.7/site-packages/airflow/providers/postgres/operators/postgres.py", line 92, in execute
    self.hook.run(self.sql, self.autocommit, parameters=self.parameters)
  File "/home/airflow/.local/lib/python3.7/site-packages/airflow/hooks/dbapi.py", line 181, in run
    with closing(self.get_conn()) as conn:
  File "/home/airflow/.local/lib/python3.7/site-packages/airflow/providers/postgres/hooks/postgres.py", line 113, in get_conn
    self.conn = psycopg2.connect(**conn_args)
  File "/home/airflow/.local/lib/python3.7/site-packages/psycopg2/__init__.py", line 122, in connect
    conn = _connect(dsn, connection_factory=connection_factory, **kwasync)
psycopg2.OperationalError: could not translate host name "host.docker.local " to address: Name or service not known

[2022-07-31 00:41:10,848] {taskinstance.py:1400} INFO - Marking task as UP_FOR_RETRY. dag_id=dag_with_postgres_operator, task_id=create_postgres_table, execution_date=20220122T000000, start_date=20220731T004109, end_date=20220731T004110
[2022-07-31 00:41:10,932] {standard_task_runner.py:97} ERROR - Failed to execute job 1219 for task create_postgres_table (could not translate host name "host.docker.local " to address: Name or service not known
; 7143)
[2022-07-31 00:41:10,971] {local_task_job.py:156} INFO - Task exited with return code 1
[2022-07-31 00:41:11,187] {local_task_job.py:273} INFO - 0 downstream tasks scheduled from follow-on schedule check
[2022-07-31 14:05:23,595] {taskinstance.py:1159} INFO - Dependencies all met for <TaskInstance: dag_with_postgres_operator.create_postgres_table scheduled__2022-01-22T00:00:00+00:00 [queued]>
[2022-07-31 14:05:23,622] {taskinstance.py:1159} INFO - Dependencies all met for <TaskInstance: dag_with_postgres_operator.create_postgres_table scheduled__2022-01-22T00:00:00+00:00 [queued]>
[2022-07-31 14:05:23,622] {taskinstance.py:1356} INFO - 
--------------------------------------------------------------------------------
[2022-07-31 14:05:23,623] {taskinstance.py:1357} INFO - Starting attempt 2 of 6
[2022-07-31 14:05:23,623] {taskinstance.py:1358} INFO - 
--------------------------------------------------------------------------------
[2022-07-31 14:05:23,649] {taskinstance.py:1377} INFO - Executing <Task(PostgresOperator): create_postgres_table> on 2022-01-22 00:00:00+00:00
[2022-07-31 14:05:23,659] {standard_task_runner.py:52} INFO - Started process 3752 to run task
[2022-07-31 14:05:23,662] {standard_task_runner.py:79} INFO - Running: ['***', 'tasks', 'run', 'dag_with_postgres_operator', 'create_postgres_table', 'scheduled__2022-01-22T00:00:00+00:00', '--job-id', '214', '--raw', '--subdir', 'DAGS_FOLDER/DAGWithPostgresOperator.py', '--cfg-path', '/tmp/tmpp9cjzdhc', '--error-file', '/tmp/tmpca9s9w6z']
[2022-07-31 14:05:23,662] {standard_task_runner.py:80} INFO - Job 214: Subtask create_postgres_table
[2022-07-31 14:05:23,833] {task_command.py:369} INFO - Running <TaskInstance: dag_with_postgres_operator.create_postgres_table scheduled__2022-01-22T00:00:00+00:00 [running]> on host 4688dd3b7141
[2022-07-31 14:05:24,066] {taskinstance.py:1571} INFO - Exporting the following env vars:
AIRFLOW_CTX_DAG_OWNER=yosr
AIRFLOW_CTX_DAG_ID=dag_with_postgres_operator
AIRFLOW_CTX_TASK_ID=create_postgres_table
AIRFLOW_CTX_EXECUTION_DATE=2022-01-22T00:00:00+00:00
AIRFLOW_CTX_TRY_NUMBER=2
AIRFLOW_CTX_DAG_RUN_ID=scheduled__2022-01-22T00:00:00+00:00
[2022-07-31 14:05:24,138] {taskinstance.py:1889} ERROR - Task failed with exception
Traceback (most recent call last):
  File "/home/airflow/.local/lib/python3.7/site-packages/airflow/providers/postgres/operators/postgres.py", line 92, in execute
    self.hook.run(self.sql, self.autocommit, parameters=self.parameters)
  File "/home/airflow/.local/lib/python3.7/site-packages/airflow/hooks/dbapi.py", line 181, in run
    with closing(self.get_conn()) as conn:
  File "/home/airflow/.local/lib/python3.7/site-packages/airflow/providers/postgres/hooks/postgres.py", line 86, in get_conn
    conn = deepcopy(self.connection or self.get_connection(conn_id))
  File "/home/airflow/.local/lib/python3.7/site-packages/airflow/hooks/base.py", line 67, in get_connection
    conn = Connection.get_connection_from_secrets(conn_id)
  File "/home/airflow/.local/lib/python3.7/site-packages/airflow/models/connection.py", line 430, in get_connection_from_secrets
    raise AirflowNotFoundException(f"The conn_id `{conn_id}` isn't defined")
airflow.exceptions.AirflowNotFoundException: The conn_id `postgres_localhost` isn't defined
[2022-07-31 14:05:24,154] {taskinstance.py:1400} INFO - Marking task as UP_FOR_RETRY. dag_id=dag_with_postgres_operator, task_id=create_postgres_table, execution_date=20220122T000000, start_date=20220731T140523, end_date=20220731T140524
[2022-07-31 14:05:24,180] {standard_task_runner.py:97} ERROR - Failed to execute job 214 for task create_postgres_table (The conn_id `postgres_localhost` isn't defined; 3752)
[2022-07-31 14:05:24,231] {local_task_job.py:156} INFO - Task exited with return code 1
[2022-07-31 14:05:24,335] {local_task_job.py:273} INFO - 0 downstream tasks scheduled from follow-on schedule check
