[2022-07-30 18:44:02,713] {taskinstance.py:1159} INFO - Dependencies all met for <TaskInstance: dag_with_postgres_operator.create_postgres_table scheduled__2022-01-22T00:00:00+00:00 [queued]>
[2022-07-30 18:44:02,736] {taskinstance.py:1159} INFO - Dependencies all met for <TaskInstance: dag_with_postgres_operator.create_postgres_table scheduled__2022-01-22T00:00:00+00:00 [queued]>
[2022-07-30 18:44:02,736] {taskinstance.py:1356} INFO - 
--------------------------------------------------------------------------------
[2022-07-30 18:44:02,736] {taskinstance.py:1357} INFO - Starting attempt 4 of 6
[2022-07-30 18:44:02,736] {taskinstance.py:1358} INFO - 
--------------------------------------------------------------------------------
[2022-07-30 18:44:02,759] {taskinstance.py:1377} INFO - Executing <Task(PostgresOperator): create_postgres_table> on 2022-01-22 00:00:00+00:00
[2022-07-30 18:44:02,765] {standard_task_runner.py:52} INFO - Started process 3884 to run task
[2022-07-30 18:44:02,768] {standard_task_runner.py:79} INFO - Running: ['***', 'tasks', 'run', 'dag_with_postgres_operator', 'create_postgres_table', 'scheduled__2022-01-22T00:00:00+00:00', '--job-id', '244', '--raw', '--subdir', 'DAGS_FOLDER/DAGWithPostgresOperator.py', '--cfg-path', '/tmp/tmp7mn2ms91', '--error-file', '/tmp/tmpkvb0c07h']
[2022-07-30 18:44:02,769] {standard_task_runner.py:80} INFO - Job 244: Subtask create_postgres_table
[2022-07-30 18:44:02,854] {task_command.py:369} INFO - Running <TaskInstance: dag_with_postgres_operator.create_postgres_table scheduled__2022-01-22T00:00:00+00:00 [running]> on host 66bf18ec08cc
[2022-07-30 18:44:02,958] {taskinstance.py:1571} INFO - Exporting the following env vars:
AIRFLOW_CTX_DAG_OWNER=yosr
AIRFLOW_CTX_DAG_ID=dag_with_postgres_operator
AIRFLOW_CTX_TASK_ID=create_postgres_table
AIRFLOW_CTX_EXECUTION_DATE=2022-01-22T00:00:00+00:00
AIRFLOW_CTX_TRY_NUMBER=4
AIRFLOW_CTX_DAG_RUN_ID=scheduled__2022-01-22T00:00:00+00:00
[2022-07-30 18:44:02,979] {base.py:68} INFO - Using connection ID 'postgres_localhost' for task execution.
[2022-07-30 18:44:02,980] {taskinstance.py:1889} ERROR - Task failed with exception
Traceback (most recent call last):
  File "/home/airflow/.local/lib/python3.7/site-packages/airflow/providers/postgres/operators/postgres.py", line 92, in execute
    self.hook.run(self.sql, self.autocommit, parameters=self.parameters)
  File "/home/airflow/.local/lib/python3.7/site-packages/airflow/hooks/dbapi.py", line 181, in run
    with closing(self.get_conn()) as conn:
  File "/home/airflow/.local/lib/python3.7/site-packages/airflow/providers/postgres/hooks/postgres.py", line 113, in get_conn
    self.conn = psycopg2.connect(**conn_args)
  File "/home/airflow/.local/lib/python3.7/site-packages/psycopg2/__init__.py", line 122, in connect
    conn = _connect(dsn, connection_factory=connection_factory, **kwasync)
psycopg2.OperationalError: could not translate host name "host.docker.internal " to address: Name or service not known

[2022-07-30 18:44:02,995] {taskinstance.py:1400} INFO - Marking task as UP_FOR_RETRY. dag_id=dag_with_postgres_operator, task_id=create_postgres_table, execution_date=20220122T000000, start_date=20220730T184402, end_date=20220730T184402
[2022-07-30 18:44:03,013] {standard_task_runner.py:97} ERROR - Failed to execute job 244 for task create_postgres_table (could not translate host name "host.docker.internal " to address: Name or service not known
; 3884)
[2022-07-30 18:44:03,029] {local_task_job.py:156} INFO - Task exited with return code 1
[2022-07-30 18:44:03,136] {local_task_job.py:273} INFO - 0 downstream tasks scheduled from follow-on schedule check
[2022-07-31 09:46:07,544] {taskinstance.py:1159} INFO - Dependencies all met for <TaskInstance: dag_with_postgres_operator.create_postgres_table scheduled__2022-01-22T00:00:00+00:00 [queued]>
[2022-07-31 09:46:07,596] {taskinstance.py:1159} INFO - Dependencies all met for <TaskInstance: dag_with_postgres_operator.create_postgres_table scheduled__2022-01-22T00:00:00+00:00 [queued]>
[2022-07-31 09:46:07,596] {taskinstance.py:1356} INFO - 
--------------------------------------------------------------------------------
[2022-07-31 09:46:07,597] {taskinstance.py:1357} INFO - Starting attempt 4 of 6
[2022-07-31 09:46:07,597] {taskinstance.py:1358} INFO - 
--------------------------------------------------------------------------------
[2022-07-31 09:46:07,671] {taskinstance.py:1377} INFO - Executing <Task(PostgresOperator): create_postgres_table> on 2022-01-22 00:00:00+00:00
[2022-07-31 09:46:07,683] {standard_task_runner.py:52} INFO - Started process 368 to run task
[2022-07-31 09:46:07,745] {standard_task_runner.py:79} INFO - Running: ['***', 'tasks', 'run', 'dag_with_postgres_operator', 'create_postgres_table', 'scheduled__2022-01-22T00:00:00+00:00', '--job-id', '1257', '--raw', '--subdir', 'DAGS_FOLDER/DAGWithPostgresOperator.py', '--cfg-path', '/tmp/tmpq3_z02f_', '--error-file', '/tmp/tmpmr_5j1vn']
[2022-07-31 09:46:07,746] {standard_task_runner.py:80} INFO - Job 1257: Subtask create_postgres_table
[2022-07-31 09:46:08,200] {task_command.py:369} INFO - Running <TaskInstance: dag_with_postgres_operator.create_postgres_table scheduled__2022-01-22T00:00:00+00:00 [running]> on host 66bf18ec08cc
[2022-07-31 09:46:08,566] {taskinstance.py:1571} INFO - Exporting the following env vars:
AIRFLOW_CTX_DAG_OWNER=yosr
AIRFLOW_CTX_DAG_ID=dag_with_postgres_operator
AIRFLOW_CTX_TASK_ID=create_postgres_table
AIRFLOW_CTX_EXECUTION_DATE=2022-01-22T00:00:00+00:00
AIRFLOW_CTX_TRY_NUMBER=4
AIRFLOW_CTX_DAG_RUN_ID=scheduled__2022-01-22T00:00:00+00:00
[2022-07-31 09:46:08,627] {base.py:68} INFO - Using connection ID 'postgres_localhost' for task execution.
[2022-07-31 09:46:08,628] {taskinstance.py:1889} ERROR - Task failed with exception
Traceback (most recent call last):
  File "/home/airflow/.local/lib/python3.7/site-packages/airflow/providers/postgres/operators/postgres.py", line 92, in execute
    self.hook.run(self.sql, self.autocommit, parameters=self.parameters)
  File "/home/airflow/.local/lib/python3.7/site-packages/airflow/hooks/dbapi.py", line 181, in run
    with closing(self.get_conn()) as conn:
  File "/home/airflow/.local/lib/python3.7/site-packages/airflow/providers/postgres/hooks/postgres.py", line 113, in get_conn
    self.conn = psycopg2.connect(**conn_args)
  File "/home/airflow/.local/lib/python3.7/site-packages/psycopg2/__init__.py", line 122, in connect
    conn = _connect(dsn, connection_factory=connection_factory, **kwasync)
psycopg2.OperationalError: could not translate host name "host.docker.local " to address: Name or service not known

[2022-07-31 09:46:08,672] {taskinstance.py:1400} INFO - Marking task as UP_FOR_RETRY. dag_id=dag_with_postgres_operator, task_id=create_postgres_table, execution_date=20220122T000000, start_date=20220731T094607, end_date=20220731T094608
[2022-07-31 09:46:08,700] {standard_task_runner.py:97} ERROR - Failed to execute job 1257 for task create_postgres_table (could not translate host name "host.docker.local " to address: Name or service not known
; 368)
[2022-07-31 09:46:08,721] {local_task_job.py:156} INFO - Task exited with return code 1
[2022-07-31 09:46:08,871] {local_task_job.py:273} INFO - 0 downstream tasks scheduled from follow-on schedule check
[2022-07-31 14:15:26,387] {taskinstance.py:1159} INFO - Dependencies all met for <TaskInstance: dag_with_postgres_operator.create_postgres_table scheduled__2022-01-22T00:00:00+00:00 [queued]>
[2022-07-31 14:15:26,405] {taskinstance.py:1159} INFO - Dependencies all met for <TaskInstance: dag_with_postgres_operator.create_postgres_table scheduled__2022-01-22T00:00:00+00:00 [queued]>
[2022-07-31 14:15:26,405] {taskinstance.py:1356} INFO - 
--------------------------------------------------------------------------------
[2022-07-31 14:15:26,405] {taskinstance.py:1357} INFO - Starting attempt 4 of 6
[2022-07-31 14:15:26,405] {taskinstance.py:1358} INFO - 
--------------------------------------------------------------------------------
[2022-07-31 14:15:26,426] {taskinstance.py:1377} INFO - Executing <Task(PostgresOperator): create_postgres_table> on 2022-01-22 00:00:00+00:00
[2022-07-31 14:15:26,432] {standard_task_runner.py:52} INFO - Started process 4280 to run task
[2022-07-31 14:15:26,435] {standard_task_runner.py:79} INFO - Running: ['***', 'tasks', 'run', 'dag_with_postgres_operator', 'create_postgres_table', 'scheduled__2022-01-22T00:00:00+00:00', '--job-id', '243', '--raw', '--subdir', 'DAGS_FOLDER/DAGWithPostgresOperator.py', '--cfg-path', '/tmp/tmp3wfet74v', '--error-file', '/tmp/tmp0klmxlx7']
[2022-07-31 14:15:26,436] {standard_task_runner.py:80} INFO - Job 243: Subtask create_postgres_table
[2022-07-31 14:15:26,540] {task_command.py:369} INFO - Running <TaskInstance: dag_with_postgres_operator.create_postgres_table scheduled__2022-01-22T00:00:00+00:00 [running]> on host 4688dd3b7141
[2022-07-31 14:15:26,665] {taskinstance.py:1571} INFO - Exporting the following env vars:
AIRFLOW_CTX_DAG_OWNER=yosr
AIRFLOW_CTX_DAG_ID=dag_with_postgres_operator
AIRFLOW_CTX_TASK_ID=create_postgres_table
AIRFLOW_CTX_EXECUTION_DATE=2022-01-22T00:00:00+00:00
AIRFLOW_CTX_TRY_NUMBER=4
AIRFLOW_CTX_DAG_RUN_ID=scheduled__2022-01-22T00:00:00+00:00
[2022-07-31 14:15:26,790] {taskinstance.py:1889} ERROR - Task failed with exception
Traceback (most recent call last):
  File "/home/airflow/.local/lib/python3.7/site-packages/airflow/providers/postgres/operators/postgres.py", line 92, in execute
    self.hook.run(self.sql, self.autocommit, parameters=self.parameters)
  File "/home/airflow/.local/lib/python3.7/site-packages/airflow/hooks/dbapi.py", line 181, in run
    with closing(self.get_conn()) as conn:
  File "/home/airflow/.local/lib/python3.7/site-packages/airflow/providers/postgres/hooks/postgres.py", line 86, in get_conn
    conn = deepcopy(self.connection or self.get_connection(conn_id))
  File "/home/airflow/.local/lib/python3.7/site-packages/airflow/hooks/base.py", line 67, in get_connection
    conn = Connection.get_connection_from_secrets(conn_id)
  File "/home/airflow/.local/lib/python3.7/site-packages/airflow/models/connection.py", line 430, in get_connection_from_secrets
    raise AirflowNotFoundException(f"The conn_id `{conn_id}` isn't defined")
airflow.exceptions.AirflowNotFoundException: The conn_id `postgres_localhost` isn't defined
[2022-07-31 14:15:26,796] {taskinstance.py:1400} INFO - Marking task as UP_FOR_RETRY. dag_id=dag_with_postgres_operator, task_id=create_postgres_table, execution_date=20220122T000000, start_date=20220731T141526, end_date=20220731T141526
[2022-07-31 14:15:26,818] {standard_task_runner.py:97} ERROR - Failed to execute job 243 for task create_postgres_table (The conn_id `postgres_localhost` isn't defined; 4280)
[2022-07-31 14:15:26,858] {local_task_job.py:156} INFO - Task exited with return code 1
[2022-07-31 14:15:26,945] {local_task_job.py:273} INFO - 0 downstream tasks scheduled from follow-on schedule check
