[2022-07-30 18:54:04,725] {taskinstance.py:1159} INFO - Dependencies all met for <TaskInstance: dag_with_postgres_operator.create_postgres_table scheduled__2022-01-22T00:00:00+00:00 [queued]>
[2022-07-30 18:54:04,744] {taskinstance.py:1159} INFO - Dependencies all met for <TaskInstance: dag_with_postgres_operator.create_postgres_table scheduled__2022-01-22T00:00:00+00:00 [queued]>
[2022-07-30 18:54:04,744] {taskinstance.py:1356} INFO - 
--------------------------------------------------------------------------------
[2022-07-30 18:54:04,744] {taskinstance.py:1357} INFO - Starting attempt 6 of 6
[2022-07-30 18:54:04,744] {taskinstance.py:1358} INFO - 
--------------------------------------------------------------------------------
[2022-07-30 18:54:04,763] {taskinstance.py:1377} INFO - Executing <Task(PostgresOperator): create_postgres_table> on 2022-01-22 00:00:00+00:00
[2022-07-30 18:54:04,769] {standard_task_runner.py:52} INFO - Started process 4416 to run task
[2022-07-30 18:54:04,775] {standard_task_runner.py:79} INFO - Running: ['***', 'tasks', 'run', 'dag_with_postgres_operator', 'create_postgres_table', 'scheduled__2022-01-22T00:00:00+00:00', '--job-id', '276', '--raw', '--subdir', 'DAGS_FOLDER/DAGWithPostgresOperator.py', '--cfg-path', '/tmp/tmparbt2n28', '--error-file', '/tmp/tmpexlnw7sn']
[2022-07-30 18:54:04,777] {standard_task_runner.py:80} INFO - Job 276: Subtask create_postgres_table
[2022-07-30 18:54:04,863] {task_command.py:369} INFO - Running <TaskInstance: dag_with_postgres_operator.create_postgres_table scheduled__2022-01-22T00:00:00+00:00 [running]> on host 66bf18ec08cc
[2022-07-30 18:54:04,977] {taskinstance.py:1571} INFO - Exporting the following env vars:
AIRFLOW_CTX_DAG_OWNER=yosr
AIRFLOW_CTX_DAG_ID=dag_with_postgres_operator
AIRFLOW_CTX_TASK_ID=create_postgres_table
AIRFLOW_CTX_EXECUTION_DATE=2022-01-22T00:00:00+00:00
AIRFLOW_CTX_TRY_NUMBER=6
AIRFLOW_CTX_DAG_RUN_ID=scheduled__2022-01-22T00:00:00+00:00
[2022-07-30 18:54:04,993] {base.py:68} INFO - Using connection ID 'postgres_localhost' for task execution.
[2022-07-30 18:54:04,995] {taskinstance.py:1889} ERROR - Task failed with exception
Traceback (most recent call last):
  File "/home/airflow/.local/lib/python3.7/site-packages/airflow/providers/postgres/operators/postgres.py", line 92, in execute
    self.hook.run(self.sql, self.autocommit, parameters=self.parameters)
  File "/home/airflow/.local/lib/python3.7/site-packages/airflow/hooks/dbapi.py", line 181, in run
    with closing(self.get_conn()) as conn:
  File "/home/airflow/.local/lib/python3.7/site-packages/airflow/providers/postgres/hooks/postgres.py", line 113, in get_conn
    self.conn = psycopg2.connect(**conn_args)
  File "/home/airflow/.local/lib/python3.7/site-packages/psycopg2/__init__.py", line 122, in connect
    conn = _connect(dsn, connection_factory=connection_factory, **kwasync)
psycopg2.OperationalError: could not translate host name "host.docker.internal " to address: Name or service not known

[2022-07-30 18:54:05,012] {taskinstance.py:1400} INFO - Marking task as FAILED. dag_id=dag_with_postgres_operator, task_id=create_postgres_table, execution_date=20220122T000000, start_date=20220730T185404, end_date=20220730T185405
[2022-07-30 18:54:05,030] {standard_task_runner.py:97} ERROR - Failed to execute job 276 for task create_postgres_table (could not translate host name "host.docker.internal " to address: Name or service not known
; 4416)
[2022-07-30 18:54:05,073] {local_task_job.py:156} INFO - Task exited with return code 1
[2022-07-30 18:54:05,134] {local_task_job.py:273} INFO - 0 downstream tasks scheduled from follow-on schedule check
[2022-07-31 09:56:12,692] {taskinstance.py:1159} INFO - Dependencies all met for <TaskInstance: dag_with_postgres_operator.create_postgres_table scheduled__2022-01-22T00:00:00+00:00 [queued]>
[2022-07-31 09:56:12,770] {taskinstance.py:1159} INFO - Dependencies all met for <TaskInstance: dag_with_postgres_operator.create_postgres_table scheduled__2022-01-22T00:00:00+00:00 [queued]>
[2022-07-31 09:56:12,770] {taskinstance.py:1356} INFO - 
--------------------------------------------------------------------------------
[2022-07-31 09:56:12,770] {taskinstance.py:1357} INFO - Starting attempt 6 of 6
[2022-07-31 09:56:12,770] {taskinstance.py:1358} INFO - 
--------------------------------------------------------------------------------
[2022-07-31 09:56:12,880] {taskinstance.py:1377} INFO - Executing <Task(PostgresOperator): create_postgres_table> on 2022-01-22 00:00:00+00:00
[2022-07-31 09:56:12,889] {standard_task_runner.py:52} INFO - Started process 905 to run task
[2022-07-31 09:56:12,913] {standard_task_runner.py:79} INFO - Running: ['***', 'tasks', 'run', 'dag_with_postgres_operator', 'create_postgres_table', 'scheduled__2022-01-22T00:00:00+00:00', '--job-id', '1287', '--raw', '--subdir', 'DAGS_FOLDER/DAGWithPostgresOperator.py', '--cfg-path', '/tmp/tmpgtjugppn', '--error-file', '/tmp/tmpav7rknae']
[2022-07-31 09:56:12,914] {standard_task_runner.py:80} INFO - Job 1287: Subtask create_postgres_table
[2022-07-31 09:56:13,169] {task_command.py:369} INFO - Running <TaskInstance: dag_with_postgres_operator.create_postgres_table scheduled__2022-01-22T00:00:00+00:00 [running]> on host 66bf18ec08cc
[2022-07-31 09:56:13,717] {taskinstance.py:1571} INFO - Exporting the following env vars:
AIRFLOW_CTX_DAG_OWNER=yosr
AIRFLOW_CTX_DAG_ID=dag_with_postgres_operator
AIRFLOW_CTX_TASK_ID=create_postgres_table
AIRFLOW_CTX_EXECUTION_DATE=2022-01-22T00:00:00+00:00
AIRFLOW_CTX_TRY_NUMBER=6
AIRFLOW_CTX_DAG_RUN_ID=scheduled__2022-01-22T00:00:00+00:00
[2022-07-31 09:56:13,804] {base.py:68} INFO - Using connection ID 'postgres_localhost' for task execution.
[2022-07-31 09:56:13,805] {taskinstance.py:1889} ERROR - Task failed with exception
Traceback (most recent call last):
  File "/home/airflow/.local/lib/python3.7/site-packages/airflow/providers/postgres/operators/postgres.py", line 92, in execute
    self.hook.run(self.sql, self.autocommit, parameters=self.parameters)
  File "/home/airflow/.local/lib/python3.7/site-packages/airflow/hooks/dbapi.py", line 181, in run
    with closing(self.get_conn()) as conn:
  File "/home/airflow/.local/lib/python3.7/site-packages/airflow/providers/postgres/hooks/postgres.py", line 113, in get_conn
    self.conn = psycopg2.connect(**conn_args)
  File "/home/airflow/.local/lib/python3.7/site-packages/psycopg2/__init__.py", line 122, in connect
    conn = _connect(dsn, connection_factory=connection_factory, **kwasync)
psycopg2.OperationalError: could not translate host name "host.docker.local " to address: Name or service not known

[2022-07-31 09:56:13,863] {taskinstance.py:1400} INFO - Marking task as FAILED. dag_id=dag_with_postgres_operator, task_id=create_postgres_table, execution_date=20220122T000000, start_date=20220731T095612, end_date=20220731T095613
[2022-07-31 09:56:13,938] {standard_task_runner.py:97} ERROR - Failed to execute job 1287 for task create_postgres_table (could not translate host name "host.docker.local " to address: Name or service not known
; 905)
[2022-07-31 09:56:13,977] {local_task_job.py:156} INFO - Task exited with return code 1
[2022-07-31 09:56:14,361] {local_task_job.py:273} INFO - 0 downstream tasks scheduled from follow-on schedule check
[2022-07-31 14:25:29,087] {taskinstance.py:1159} INFO - Dependencies all met for <TaskInstance: dag_with_postgres_operator.create_postgres_table scheduled__2022-01-22T00:00:00+00:00 [queued]>
[2022-07-31 14:25:29,129] {taskinstance.py:1159} INFO - Dependencies all met for <TaskInstance: dag_with_postgres_operator.create_postgres_table scheduled__2022-01-22T00:00:00+00:00 [queued]>
[2022-07-31 14:25:29,130] {taskinstance.py:1356} INFO - 
--------------------------------------------------------------------------------
[2022-07-31 14:25:29,130] {taskinstance.py:1357} INFO - Starting attempt 6 of 6
[2022-07-31 14:25:29,130] {taskinstance.py:1358} INFO - 
--------------------------------------------------------------------------------
[2022-07-31 14:25:29,191] {taskinstance.py:1377} INFO - Executing <Task(PostgresOperator): create_postgres_table> on 2022-01-22 00:00:00+00:00
[2022-07-31 14:25:29,202] {standard_task_runner.py:52} INFO - Started process 4825 to run task
[2022-07-31 14:25:29,237] {standard_task_runner.py:79} INFO - Running: ['***', 'tasks', 'run', 'dag_with_postgres_operator', 'create_postgres_table', 'scheduled__2022-01-22T00:00:00+00:00', '--job-id', '281', '--raw', '--subdir', 'DAGS_FOLDER/DAGWithPostgresOperator.py', '--cfg-path', '/tmp/tmp9ukbjgax', '--error-file', '/tmp/tmp4yesusi6']
[2022-07-31 14:25:29,238] {standard_task_runner.py:80} INFO - Job 281: Subtask create_postgres_table
[2022-07-31 14:25:29,586] {task_command.py:369} INFO - Running <TaskInstance: dag_with_postgres_operator.create_postgres_table scheduled__2022-01-22T00:00:00+00:00 [running]> on host 4688dd3b7141
[2022-07-31 14:25:29,797] {taskinstance.py:1571} INFO - Exporting the following env vars:
AIRFLOW_CTX_DAG_OWNER=yosr
AIRFLOW_CTX_DAG_ID=dag_with_postgres_operator
AIRFLOW_CTX_TASK_ID=create_postgres_table
AIRFLOW_CTX_EXECUTION_DATE=2022-01-22T00:00:00+00:00
AIRFLOW_CTX_TRY_NUMBER=6
AIRFLOW_CTX_DAG_RUN_ID=scheduled__2022-01-22T00:00:00+00:00
[2022-07-31 14:25:29,894] {taskinstance.py:1889} ERROR - Task failed with exception
Traceback (most recent call last):
  File "/home/airflow/.local/lib/python3.7/site-packages/airflow/providers/postgres/operators/postgres.py", line 92, in execute
    self.hook.run(self.sql, self.autocommit, parameters=self.parameters)
  File "/home/airflow/.local/lib/python3.7/site-packages/airflow/hooks/dbapi.py", line 181, in run
    with closing(self.get_conn()) as conn:
  File "/home/airflow/.local/lib/python3.7/site-packages/airflow/providers/postgres/hooks/postgres.py", line 86, in get_conn
    conn = deepcopy(self.connection or self.get_connection(conn_id))
  File "/home/airflow/.local/lib/python3.7/site-packages/airflow/hooks/base.py", line 67, in get_connection
    conn = Connection.get_connection_from_secrets(conn_id)
  File "/home/airflow/.local/lib/python3.7/site-packages/airflow/models/connection.py", line 430, in get_connection_from_secrets
    raise AirflowNotFoundException(f"The conn_id `{conn_id}` isn't defined")
airflow.exceptions.AirflowNotFoundException: The conn_id `postgres_localhost` isn't defined
[2022-07-31 14:25:29,917] {taskinstance.py:1400} INFO - Marking task as FAILED. dag_id=dag_with_postgres_operator, task_id=create_postgres_table, execution_date=20220122T000000, start_date=20220731T142529, end_date=20220731T142529
[2022-07-31 14:25:29,974] {standard_task_runner.py:97} ERROR - Failed to execute job 281 for task create_postgres_table (The conn_id `postgres_localhost` isn't defined; 4825)
[2022-07-31 14:25:29,996] {local_task_job.py:156} INFO - Task exited with return code 1
[2022-07-31 14:25:30,167] {local_task_job.py:273} INFO - 0 downstream tasks scheduled from follow-on schedule check
