[2022-07-29 11:41:16,911] {taskinstance.py:1159} INFO - Dependencies all met for <TaskInstance: dag_with_python_operator.get_age scheduled__2021-11-06T00:00:00+00:00 [queued]>
[2022-07-29 11:41:16,930] {taskinstance.py:1159} INFO - Dependencies all met for <TaskInstance: dag_with_python_operator.get_age scheduled__2021-11-06T00:00:00+00:00 [queued]>
[2022-07-29 11:41:16,930] {taskinstance.py:1356} INFO - 
--------------------------------------------------------------------------------
[2022-07-29 11:41:16,931] {taskinstance.py:1357} INFO - Starting attempt 1 of 6
[2022-07-29 11:41:16,931] {taskinstance.py:1358} INFO - 
--------------------------------------------------------------------------------
[2022-07-29 11:41:16,956] {taskinstance.py:1377} INFO - Executing <Task(PythonOperator): get_age> on 2021-11-06 00:00:00+00:00
[2022-07-29 11:41:16,960] {standard_task_runner.py:52} INFO - Started process 5869 to run task
[2022-07-29 11:41:16,965] {standard_task_runner.py:79} INFO - Running: ['***', 'tasks', 'run', 'dag_with_python_operator', 'get_age', 'scheduled__2021-11-06T00:00:00+00:00', '--job-id', '496', '--raw', '--subdir', 'DAGS_FOLDER/CreateDagWithPythonOperator.py', '--cfg-path', '/tmp/tmpxbb0rbbk', '--error-file', '/tmp/tmpqh620t6j']
[2022-07-29 11:41:16,965] {standard_task_runner.py:80} INFO - Job 496: Subtask get_age
[2022-07-29 11:41:17,064] {task_command.py:369} INFO - Running <TaskInstance: dag_with_python_operator.get_age scheduled__2021-11-06T00:00:00+00:00 [running]> on host 9f0f006fc89d
[2022-07-29 11:41:17,210] {taskinstance.py:1571} INFO - Exporting the following env vars:
AIRFLOW_CTX_DAG_OWNER=yosr
AIRFLOW_CTX_DAG_ID=dag_with_python_operator
AIRFLOW_CTX_TASK_ID=get_age
AIRFLOW_CTX_EXECUTION_DATE=2021-11-06T00:00:00+00:00
AIRFLOW_CTX_TRY_NUMBER=1
AIRFLOW_CTX_DAG_RUN_ID=scheduled__2021-11-06T00:00:00+00:00
[2022-07-29 11:41:17,245] {python.py:173} INFO - Done. Returned value was: None
[2022-07-29 11:41:17,262] {taskinstance.py:1400} INFO - Marking task as SUCCESS. dag_id=dag_with_python_operator, task_id=get_age, execution_date=20211106T000000, start_date=20220729T114116, end_date=20220729T114117
[2022-07-29 11:41:17,308] {local_task_job.py:156} INFO - Task exited with return code 0
[2022-07-29 11:41:17,384] {local_task_job.py:273} INFO - 0 downstream tasks scheduled from follow-on schedule check
