[2022-07-30 18:08:48,029] {taskinstance.py:1159} INFO - Dependencies all met for <TaskInstance: dag_with_postgres_operator.create_postgres_table scheduled__2022-01-07T00:00:00+00:00 [queued]>
[2022-07-30 18:08:48,056] {taskinstance.py:1159} INFO - Dependencies all met for <TaskInstance: dag_with_postgres_operator.create_postgres_table scheduled__2022-01-07T00:00:00+00:00 [queued]>
[2022-07-30 18:08:48,056] {taskinstance.py:1356} INFO - 
--------------------------------------------------------------------------------
[2022-07-30 18:08:48,056] {taskinstance.py:1357} INFO - Starting attempt 2 of 6
[2022-07-30 18:08:48,057] {taskinstance.py:1358} INFO - 
--------------------------------------------------------------------------------
[2022-07-30 18:08:48,103] {taskinstance.py:1377} INFO - Executing <Task(PostgresOperator): create_postgres_table> on 2022-01-07 00:00:00+00:00
[2022-07-30 18:08:48,109] {standard_task_runner.py:52} INFO - Started process 1999 to run task
[2022-07-30 18:08:48,117] {standard_task_runner.py:79} INFO - Running: ['***', 'tasks', 'run', 'dag_with_postgres_operator', 'create_postgres_table', 'scheduled__2022-01-07T00:00:00+00:00', '--job-id', '119', '--raw', '--subdir', 'DAGS_FOLDER/DAGWithPostgresOperator.py', '--cfg-path', '/tmp/tmpqsafn6ix', '--error-file', '/tmp/tmpy1vl_ssf']
[2022-07-30 18:08:48,118] {standard_task_runner.py:80} INFO - Job 119: Subtask create_postgres_table
[2022-07-30 18:08:48,288] {task_command.py:369} INFO - Running <TaskInstance: dag_with_postgres_operator.create_postgres_table scheduled__2022-01-07T00:00:00+00:00 [running]> on host 66bf18ec08cc
[2022-07-30 18:08:48,455] {taskinstance.py:1571} INFO - Exporting the following env vars:
AIRFLOW_CTX_DAG_OWNER=yosr
AIRFLOW_CTX_DAG_ID=dag_with_postgres_operator
AIRFLOW_CTX_TASK_ID=create_postgres_table
AIRFLOW_CTX_EXECUTION_DATE=2022-01-07T00:00:00+00:00
AIRFLOW_CTX_TRY_NUMBER=2
AIRFLOW_CTX_DAG_RUN_ID=scheduled__2022-01-07T00:00:00+00:00
[2022-07-30 18:08:48,477] {base.py:68} INFO - Using connection ID 'postgres_localhost' for task execution.
[2022-07-30 18:08:48,478] {taskinstance.py:1889} ERROR - Task failed with exception
Traceback (most recent call last):
  File "/home/airflow/.local/lib/python3.7/site-packages/airflow/providers/postgres/operators/postgres.py", line 92, in execute
    self.hook.run(self.sql, self.autocommit, parameters=self.parameters)
  File "/home/airflow/.local/lib/python3.7/site-packages/airflow/hooks/dbapi.py", line 181, in run
    with closing(self.get_conn()) as conn:
  File "/home/airflow/.local/lib/python3.7/site-packages/airflow/providers/postgres/hooks/postgres.py", line 113, in get_conn
    self.conn = psycopg2.connect(**conn_args)
  File "/home/airflow/.local/lib/python3.7/site-packages/psycopg2/__init__.py", line 122, in connect
    conn = _connect(dsn, connection_factory=connection_factory, **kwasync)
psycopg2.OperationalError: could not translate host name "host.docker.internal " to address: Name or service not known

[2022-07-30 18:08:48,502] {taskinstance.py:1400} INFO - Marking task as UP_FOR_RETRY. dag_id=dag_with_postgres_operator, task_id=create_postgres_table, execution_date=20220107T000000, start_date=20220730T180848, end_date=20220730T180848
[2022-07-30 18:08:48,525] {standard_task_runner.py:97} ERROR - Failed to execute job 119 for task create_postgres_table (could not translate host name "host.docker.internal " to address: Name or service not known
; 1999)
[2022-07-30 18:08:48,567] {local_task_job.py:156} INFO - Task exited with return code 1
[2022-07-30 18:08:48,701] {local_task_job.py:273} INFO - 0 downstream tasks scheduled from follow-on schedule check
[2022-07-31 00:15:01,523] {taskinstance.py:1159} INFO - Dependencies all met for <TaskInstance: dag_with_postgres_operator.create_postgres_table scheduled__2022-01-07T00:00:00+00:00 [queued]>
[2022-07-31 00:15:01,544] {taskinstance.py:1159} INFO - Dependencies all met for <TaskInstance: dag_with_postgres_operator.create_postgres_table scheduled__2022-01-07T00:00:00+00:00 [queued]>
[2022-07-31 00:15:01,545] {taskinstance.py:1356} INFO - 
--------------------------------------------------------------------------------
[2022-07-31 00:15:01,545] {taskinstance.py:1357} INFO - Starting attempt 2 of 6
[2022-07-31 00:15:01,545] {taskinstance.py:1358} INFO - 
--------------------------------------------------------------------------------
[2022-07-31 00:15:01,570] {taskinstance.py:1377} INFO - Executing <Task(PostgresOperator): create_postgres_table> on 2022-01-07 00:00:00+00:00
[2022-07-31 00:15:01,575] {standard_task_runner.py:52} INFO - Started process 5915 to run task
[2022-07-31 00:15:01,580] {standard_task_runner.py:79} INFO - Running: ['***', 'tasks', 'run', 'dag_with_postgres_operator', 'create_postgres_table', 'scheduled__2022-01-07T00:00:00+00:00', '--job-id', '1126', '--raw', '--subdir', 'DAGS_FOLDER/DAGWithPostgresOperator.py', '--cfg-path', '/tmp/tmpy05kdp0k', '--error-file', '/tmp/tmpjq7b3pnv']
[2022-07-31 00:15:01,581] {standard_task_runner.py:80} INFO - Job 1126: Subtask create_postgres_table
[2022-07-31 00:15:01,655] {task_command.py:369} INFO - Running <TaskInstance: dag_with_postgres_operator.create_postgres_table scheduled__2022-01-07T00:00:00+00:00 [running]> on host 66bf18ec08cc
[2022-07-31 00:15:01,755] {taskinstance.py:1571} INFO - Exporting the following env vars:
AIRFLOW_CTX_DAG_OWNER=yosr
AIRFLOW_CTX_DAG_ID=dag_with_postgres_operator
AIRFLOW_CTX_TASK_ID=create_postgres_table
AIRFLOW_CTX_EXECUTION_DATE=2022-01-07T00:00:00+00:00
AIRFLOW_CTX_TRY_NUMBER=2
AIRFLOW_CTX_DAG_RUN_ID=scheduled__2022-01-07T00:00:00+00:00
[2022-07-31 00:15:01,768] {base.py:68} INFO - Using connection ID 'postgres_localhost' for task execution.
[2022-07-31 00:15:01,770] {taskinstance.py:1889} ERROR - Task failed with exception
Traceback (most recent call last):
  File "/home/airflow/.local/lib/python3.7/site-packages/airflow/providers/postgres/operators/postgres.py", line 92, in execute
    self.hook.run(self.sql, self.autocommit, parameters=self.parameters)
  File "/home/airflow/.local/lib/python3.7/site-packages/airflow/hooks/dbapi.py", line 181, in run
    with closing(self.get_conn()) as conn:
  File "/home/airflow/.local/lib/python3.7/site-packages/airflow/providers/postgres/hooks/postgres.py", line 113, in get_conn
    self.conn = psycopg2.connect(**conn_args)
  File "/home/airflow/.local/lib/python3.7/site-packages/psycopg2/__init__.py", line 122, in connect
    conn = _connect(dsn, connection_factory=connection_factory, **kwasync)
psycopg2.OperationalError: could not translate host name "host.docker.local " to address: Name or service not known

[2022-07-31 00:15:01,793] {taskinstance.py:1400} INFO - Marking task as UP_FOR_RETRY. dag_id=dag_with_postgres_operator, task_id=create_postgres_table, execution_date=20220107T000000, start_date=20220731T001501, end_date=20220731T001501
[2022-07-31 00:15:01,817] {standard_task_runner.py:97} ERROR - Failed to execute job 1126 for task create_postgres_table (could not translate host name "host.docker.local " to address: Name or service not known
; 5915)
[2022-07-31 00:15:01,838] {local_task_job.py:156} INFO - Task exited with return code 1
[2022-07-31 00:15:01,901] {local_task_job.py:273} INFO - 0 downstream tasks scheduled from follow-on schedule check
[2022-07-31 11:08:27,061] {taskinstance.py:1159} INFO - Dependencies all met for <TaskInstance: dag_with_postgres_operator.create_postgres_table scheduled__2022-01-07T00:00:00+00:00 [queued]>
[2022-07-31 11:08:27,084] {taskinstance.py:1159} INFO - Dependencies all met for <TaskInstance: dag_with_postgres_operator.create_postgres_table scheduled__2022-01-07T00:00:00+00:00 [queued]>
[2022-07-31 11:08:27,084] {taskinstance.py:1356} INFO - 
--------------------------------------------------------------------------------
[2022-07-31 11:08:27,085] {taskinstance.py:1357} INFO - Starting attempt 2 of 6
[2022-07-31 11:08:27,085] {taskinstance.py:1358} INFO - 
--------------------------------------------------------------------------------
[2022-07-31 11:08:27,103] {taskinstance.py:1377} INFO - Executing <Task(PostgresOperator): create_postgres_table> on 2022-01-07 00:00:00+00:00
[2022-07-31 11:08:27,108] {standard_task_runner.py:52} INFO - Started process 4788 to run task
[2022-07-31 11:08:27,111] {standard_task_runner.py:79} INFO - Running: ['***', 'tasks', 'run', 'dag_with_postgres_operator', 'create_postgres_table', 'scheduled__2022-01-07T00:00:00+00:00', '--job-id', '1574', '--raw', '--subdir', 'DAGS_FOLDER/DAGWithPostgresOperator.py', '--cfg-path', '/tmp/tmppioyt4_5', '--error-file', '/tmp/tmpglf4r80f']
[2022-07-31 11:08:27,111] {standard_task_runner.py:80} INFO - Job 1574: Subtask create_postgres_table
[2022-07-31 11:08:27,200] {task_command.py:369} INFO - Running <TaskInstance: dag_with_postgres_operator.create_postgres_table scheduled__2022-01-07T00:00:00+00:00 [running]> on host 66bf18ec08cc
[2022-07-31 11:08:27,301] {taskinstance.py:1571} INFO - Exporting the following env vars:
AIRFLOW_CTX_DAG_OWNER=yosr
AIRFLOW_CTX_DAG_ID=dag_with_postgres_operator
AIRFLOW_CTX_TASK_ID=create_postgres_table
AIRFLOW_CTX_EXECUTION_DATE=2022-01-07T00:00:00+00:00
AIRFLOW_CTX_TRY_NUMBER=2
AIRFLOW_CTX_DAG_RUN_ID=scheduled__2022-01-07T00:00:00+00:00
[2022-07-31 11:08:27,317] {base.py:68} INFO - Using connection ID 'postgres_localhost' for task execution.
[2022-07-31 11:08:27,319] {taskinstance.py:1889} ERROR - Task failed with exception
Traceback (most recent call last):
  File "/home/airflow/.local/lib/python3.7/site-packages/airflow/providers/postgres/operators/postgres.py", line 92, in execute
    self.hook.run(self.sql, self.autocommit, parameters=self.parameters)
  File "/home/airflow/.local/lib/python3.7/site-packages/airflow/hooks/dbapi.py", line 181, in run
    with closing(self.get_conn()) as conn:
  File "/home/airflow/.local/lib/python3.7/site-packages/airflow/providers/postgres/hooks/postgres.py", line 113, in get_conn
    self.conn = psycopg2.connect(**conn_args)
  File "/home/airflow/.local/lib/python3.7/site-packages/psycopg2/__init__.py", line 122, in connect
    conn = _connect(dsn, connection_factory=connection_factory, **kwasync)
psycopg2.OperationalError: connection to server at "localhost" (127.0.0.1), port 5432 failed: Connection refused
	Is the server running on that host and accepting TCP/IP connections?
connection to server at "localhost" (::1), port 5432 failed: Cannot assign requested address
	Is the server running on that host and accepting TCP/IP connections?

[2022-07-31 11:08:27,335] {taskinstance.py:1400} INFO - Marking task as UP_FOR_RETRY. dag_id=dag_with_postgres_operator, task_id=create_postgres_table, execution_date=20220107T000000, start_date=20220731T110827, end_date=20220731T110827
[2022-07-31 11:08:27,356] {standard_task_runner.py:97} ERROR - Failed to execute job 1574 for task create_postgres_table (connection to server at "localhost" (127.0.0.1), port 5432 failed: Connection refused
	Is the server running on that host and accepting TCP/IP connections?
connection to server at "localhost" (::1), port 5432 failed: Cannot assign requested address
	Is the server running on that host and accepting TCP/IP connections?
; 4788)
[2022-07-31 11:08:27,373] {local_task_job.py:156} INFO - Task exited with return code 1
[2022-07-31 11:08:27,418] {local_task_job.py:273} INFO - 0 downstream tasks scheduled from follow-on schedule check
[2022-07-31 13:40:07,967] {taskinstance.py:1159} INFO - Dependencies all met for <TaskInstance: dag_with_postgres_operator.create_postgres_table scheduled__2022-01-07T00:00:00+00:00 [queued]>
[2022-07-31 13:40:08,010] {taskinstance.py:1159} INFO - Dependencies all met for <TaskInstance: dag_with_postgres_operator.create_postgres_table scheduled__2022-01-07T00:00:00+00:00 [queued]>
[2022-07-31 13:40:08,011] {taskinstance.py:1356} INFO - 
--------------------------------------------------------------------------------
[2022-07-31 13:40:08,011] {taskinstance.py:1357} INFO - Starting attempt 2 of 6
[2022-07-31 13:40:08,011] {taskinstance.py:1358} INFO - 
--------------------------------------------------------------------------------
[2022-07-31 13:40:08,039] {taskinstance.py:1377} INFO - Executing <Task(PostgresOperator): create_postgres_table> on 2022-01-07 00:00:00+00:00
[2022-07-31 13:40:08,045] {standard_task_runner.py:52} INFO - Started process 2391 to run task
[2022-07-31 13:40:08,049] {standard_task_runner.py:79} INFO - Running: ['***', 'tasks', 'run', 'dag_with_postgres_operator', 'create_postgres_table', 'scheduled__2022-01-07T00:00:00+00:00', '--job-id', '119', '--raw', '--subdir', 'DAGS_FOLDER/DAGWithPostgresOperator.py', '--cfg-path', '/tmp/tmp8ak3anry', '--error-file', '/tmp/tmpd5uqnnjv']
[2022-07-31 13:40:08,049] {standard_task_runner.py:80} INFO - Job 119: Subtask create_postgres_table
[2022-07-31 13:40:08,138] {task_command.py:369} INFO - Running <TaskInstance: dag_with_postgres_operator.create_postgres_table scheduled__2022-01-07T00:00:00+00:00 [running]> on host 4688dd3b7141
[2022-07-31 13:40:08,315] {taskinstance.py:1571} INFO - Exporting the following env vars:
AIRFLOW_CTX_DAG_OWNER=yosr
AIRFLOW_CTX_DAG_ID=dag_with_postgres_operator
AIRFLOW_CTX_TASK_ID=create_postgres_table
AIRFLOW_CTX_EXECUTION_DATE=2022-01-07T00:00:00+00:00
AIRFLOW_CTX_TRY_NUMBER=2
AIRFLOW_CTX_DAG_RUN_ID=scheduled__2022-01-07T00:00:00+00:00
[2022-07-31 13:40:08,367] {taskinstance.py:1889} ERROR - Task failed with exception
Traceback (most recent call last):
  File "/home/airflow/.local/lib/python3.7/site-packages/airflow/providers/postgres/operators/postgres.py", line 92, in execute
    self.hook.run(self.sql, self.autocommit, parameters=self.parameters)
  File "/home/airflow/.local/lib/python3.7/site-packages/airflow/hooks/dbapi.py", line 181, in run
    with closing(self.get_conn()) as conn:
  File "/home/airflow/.local/lib/python3.7/site-packages/airflow/providers/postgres/hooks/postgres.py", line 86, in get_conn
    conn = deepcopy(self.connection or self.get_connection(conn_id))
  File "/home/airflow/.local/lib/python3.7/site-packages/airflow/hooks/base.py", line 67, in get_connection
    conn = Connection.get_connection_from_secrets(conn_id)
  File "/home/airflow/.local/lib/python3.7/site-packages/airflow/models/connection.py", line 430, in get_connection_from_secrets
    raise AirflowNotFoundException(f"The conn_id `{conn_id}` isn't defined")
airflow.exceptions.AirflowNotFoundException: The conn_id `postgres_localhost` isn't defined
[2022-07-31 13:40:08,374] {taskinstance.py:1400} INFO - Marking task as UP_FOR_RETRY. dag_id=dag_with_postgres_operator, task_id=create_postgres_table, execution_date=20220107T000000, start_date=20220731T134007, end_date=20220731T134008
[2022-07-31 13:40:08,395] {standard_task_runner.py:97} ERROR - Failed to execute job 119 for task create_postgres_table (The conn_id `postgres_localhost` isn't defined; 2391)
[2022-07-31 13:40:08,432] {local_task_job.py:156} INFO - Task exited with return code 1
[2022-07-31 13:40:08,501] {local_task_job.py:273} INFO - 0 downstream tasks scheduled from follow-on schedule check
