[2022-07-30 18:28:53,597] {taskinstance.py:1159} INFO - Dependencies all met for <TaskInstance: dag_with_postgres_operator.create_postgres_table scheduled__2022-01-07T00:00:00+00:00 [queued]>
[2022-07-30 18:28:53,614] {taskinstance.py:1159} INFO - Dependencies all met for <TaskInstance: dag_with_postgres_operator.create_postgres_table scheduled__2022-01-07T00:00:00+00:00 [queued]>
[2022-07-30 18:28:53,615] {taskinstance.py:1356} INFO - 
--------------------------------------------------------------------------------
[2022-07-30 18:28:53,615] {taskinstance.py:1357} INFO - Starting attempt 6 of 6
[2022-07-30 18:28:53,615] {taskinstance.py:1358} INFO - 
--------------------------------------------------------------------------------
[2022-07-30 18:28:53,639] {taskinstance.py:1377} INFO - Executing <Task(PostgresOperator): create_postgres_table> on 2022-01-07 00:00:00+00:00
[2022-07-30 18:28:53,648] {standard_task_runner.py:52} INFO - Started process 3056 to run task
[2022-07-30 18:28:53,657] {standard_task_runner.py:79} INFO - Running: ['***', 'tasks', 'run', 'dag_with_postgres_operator', 'create_postgres_table', 'scheduled__2022-01-07T00:00:00+00:00', '--job-id', '183', '--raw', '--subdir', 'DAGS_FOLDER/DAGWithPostgresOperator.py', '--cfg-path', '/tmp/tmpjxbgz635', '--error-file', '/tmp/tmp5ntt6hbo']
[2022-07-30 18:28:53,658] {standard_task_runner.py:80} INFO - Job 183: Subtask create_postgres_table
[2022-07-30 18:28:53,773] {task_command.py:369} INFO - Running <TaskInstance: dag_with_postgres_operator.create_postgres_table scheduled__2022-01-07T00:00:00+00:00 [running]> on host 66bf18ec08cc
[2022-07-30 18:28:53,927] {taskinstance.py:1571} INFO - Exporting the following env vars:
AIRFLOW_CTX_DAG_OWNER=yosr
AIRFLOW_CTX_DAG_ID=dag_with_postgres_operator
AIRFLOW_CTX_TASK_ID=create_postgres_table
AIRFLOW_CTX_EXECUTION_DATE=2022-01-07T00:00:00+00:00
AIRFLOW_CTX_TRY_NUMBER=6
AIRFLOW_CTX_DAG_RUN_ID=scheduled__2022-01-07T00:00:00+00:00
[2022-07-30 18:28:53,952] {base.py:68} INFO - Using connection ID 'postgres_localhost' for task execution.
[2022-07-30 18:28:53,953] {taskinstance.py:1889} ERROR - Task failed with exception
Traceback (most recent call last):
  File "/home/airflow/.local/lib/python3.7/site-packages/airflow/providers/postgres/operators/postgres.py", line 92, in execute
    self.hook.run(self.sql, self.autocommit, parameters=self.parameters)
  File "/home/airflow/.local/lib/python3.7/site-packages/airflow/hooks/dbapi.py", line 181, in run
    with closing(self.get_conn()) as conn:
  File "/home/airflow/.local/lib/python3.7/site-packages/airflow/providers/postgres/hooks/postgres.py", line 113, in get_conn
    self.conn = psycopg2.connect(**conn_args)
  File "/home/airflow/.local/lib/python3.7/site-packages/psycopg2/__init__.py", line 122, in connect
    conn = _connect(dsn, connection_factory=connection_factory, **kwasync)
psycopg2.OperationalError: could not translate host name "host.docker.internal " to address: Name or service not known

[2022-07-30 18:28:53,978] {taskinstance.py:1400} INFO - Marking task as FAILED. dag_id=dag_with_postgres_operator, task_id=create_postgres_table, execution_date=20220107T000000, start_date=20220730T182853, end_date=20220730T182853
[2022-07-30 18:28:54,007] {standard_task_runner.py:97} ERROR - Failed to execute job 183 for task create_postgres_table (could not translate host name "host.docker.internal " to address: Name or service not known
; 3056)
[2022-07-30 18:28:54,049] {local_task_job.py:156} INFO - Task exited with return code 1
[2022-07-30 18:28:54,138] {local_task_job.py:273} INFO - 0 downstream tasks scheduled from follow-on schedule check
[2022-07-31 00:35:06,228] {taskinstance.py:1159} INFO - Dependencies all met for <TaskInstance: dag_with_postgres_operator.create_postgres_table scheduled__2022-01-07T00:00:00+00:00 [queued]>
[2022-07-31 00:35:06,247] {taskinstance.py:1159} INFO - Dependencies all met for <TaskInstance: dag_with_postgres_operator.create_postgres_table scheduled__2022-01-07T00:00:00+00:00 [queued]>
[2022-07-31 00:35:06,247] {taskinstance.py:1356} INFO - 
--------------------------------------------------------------------------------
[2022-07-31 00:35:06,248] {taskinstance.py:1357} INFO - Starting attempt 6 of 6
[2022-07-31 00:35:06,248] {taskinstance.py:1358} INFO - 
--------------------------------------------------------------------------------
[2022-07-31 00:35:06,270] {taskinstance.py:1377} INFO - Executing <Task(PostgresOperator): create_postgres_table> on 2022-01-07 00:00:00+00:00
[2022-07-31 00:35:06,276] {standard_task_runner.py:52} INFO - Started process 6976 to run task
[2022-07-31 00:35:06,281] {standard_task_runner.py:79} INFO - Running: ['***', 'tasks', 'run', 'dag_with_postgres_operator', 'create_postgres_table', 'scheduled__2022-01-07T00:00:00+00:00', '--job-id', '1192', '--raw', '--subdir', 'DAGS_FOLDER/DAGWithPostgresOperator.py', '--cfg-path', '/tmp/tmpe54y085c', '--error-file', '/tmp/tmpbarqzxjd']
[2022-07-31 00:35:06,281] {standard_task_runner.py:80} INFO - Job 1192: Subtask create_postgres_table
[2022-07-31 00:35:06,380] {task_command.py:369} INFO - Running <TaskInstance: dag_with_postgres_operator.create_postgres_table scheduled__2022-01-07T00:00:00+00:00 [running]> on host 66bf18ec08cc
[2022-07-31 00:35:06,522] {taskinstance.py:1571} INFO - Exporting the following env vars:
AIRFLOW_CTX_DAG_OWNER=yosr
AIRFLOW_CTX_DAG_ID=dag_with_postgres_operator
AIRFLOW_CTX_TASK_ID=create_postgres_table
AIRFLOW_CTX_EXECUTION_DATE=2022-01-07T00:00:00+00:00
AIRFLOW_CTX_TRY_NUMBER=6
AIRFLOW_CTX_DAG_RUN_ID=scheduled__2022-01-07T00:00:00+00:00
[2022-07-31 00:35:06,536] {base.py:68} INFO - Using connection ID 'postgres_localhost' for task execution.
[2022-07-31 00:35:06,537] {taskinstance.py:1889} ERROR - Task failed with exception
Traceback (most recent call last):
  File "/home/airflow/.local/lib/python3.7/site-packages/airflow/providers/postgres/operators/postgres.py", line 92, in execute
    self.hook.run(self.sql, self.autocommit, parameters=self.parameters)
  File "/home/airflow/.local/lib/python3.7/site-packages/airflow/hooks/dbapi.py", line 181, in run
    with closing(self.get_conn()) as conn:
  File "/home/airflow/.local/lib/python3.7/site-packages/airflow/providers/postgres/hooks/postgres.py", line 113, in get_conn
    self.conn = psycopg2.connect(**conn_args)
  File "/home/airflow/.local/lib/python3.7/site-packages/psycopg2/__init__.py", line 122, in connect
    conn = _connect(dsn, connection_factory=connection_factory, **kwasync)
psycopg2.OperationalError: could not translate host name "host.docker.local " to address: Name or service not known

[2022-07-31 00:35:06,551] {taskinstance.py:1400} INFO - Marking task as FAILED. dag_id=dag_with_postgres_operator, task_id=create_postgres_table, execution_date=20220107T000000, start_date=20220731T003506, end_date=20220731T003506
[2022-07-31 00:35:06,569] {standard_task_runner.py:97} ERROR - Failed to execute job 1192 for task create_postgres_table (could not translate host name "host.docker.local " to address: Name or service not known
; 6976)
[2022-07-31 00:35:06,581] {local_task_job.py:156} INFO - Task exited with return code 1
[2022-07-31 00:35:06,658] {local_task_job.py:273} INFO - 0 downstream tasks scheduled from follow-on schedule check
[2022-07-31 11:29:46,932] {taskinstance.py:1159} INFO - Dependencies all met for <TaskInstance: dag_with_postgres_operator.create_postgres_table scheduled__2022-01-07T00:00:00+00:00 [queued]>
[2022-07-31 11:29:46,951] {taskinstance.py:1159} INFO - Dependencies all met for <TaskInstance: dag_with_postgres_operator.create_postgres_table scheduled__2022-01-07T00:00:00+00:00 [queued]>
[2022-07-31 11:29:46,951] {taskinstance.py:1356} INFO - 
--------------------------------------------------------------------------------
[2022-07-31 11:29:46,951] {taskinstance.py:1357} INFO - Starting attempt 6 of 6
[2022-07-31 11:29:46,951] {taskinstance.py:1358} INFO - 
--------------------------------------------------------------------------------
[2022-07-31 11:29:46,973] {taskinstance.py:1377} INFO - Executing <Task(PostgresOperator): create_postgres_table> on 2022-01-07 00:00:00+00:00
[2022-07-31 11:29:46,981] {standard_task_runner.py:52} INFO - Started process 5918 to run task
[2022-07-31 11:29:46,987] {standard_task_runner.py:79} INFO - Running: ['***', 'tasks', 'run', 'dag_with_postgres_operator', 'create_postgres_table', 'scheduled__2022-01-07T00:00:00+00:00', '--job-id', '1646', '--raw', '--subdir', 'DAGS_FOLDER/DAGWithPostgresOperator.py', '--cfg-path', '/tmp/tmpaswb61kg', '--error-file', '/tmp/tmp90e863j0']
[2022-07-31 11:29:46,987] {standard_task_runner.py:80} INFO - Job 1646: Subtask create_postgres_table
[2022-07-31 11:29:47,085] {task_command.py:369} INFO - Running <TaskInstance: dag_with_postgres_operator.create_postgres_table scheduled__2022-01-07T00:00:00+00:00 [running]> on host 66bf18ec08cc
[2022-07-31 11:29:47,209] {taskinstance.py:1571} INFO - Exporting the following env vars:
AIRFLOW_CTX_DAG_OWNER=yosr
AIRFLOW_CTX_DAG_ID=dag_with_postgres_operator
AIRFLOW_CTX_TASK_ID=create_postgres_table
AIRFLOW_CTX_EXECUTION_DATE=2022-01-07T00:00:00+00:00
AIRFLOW_CTX_TRY_NUMBER=6
AIRFLOW_CTX_DAG_RUN_ID=scheduled__2022-01-07T00:00:00+00:00
[2022-07-31 11:29:47,226] {base.py:68} INFO - Using connection ID 'postgres_localhost' for task execution.
[2022-07-31 11:30:12,251] {taskinstance.py:1889} ERROR - Task failed with exception
Traceback (most recent call last):
  File "/home/airflow/.local/lib/python3.7/site-packages/airflow/providers/postgres/operators/postgres.py", line 92, in execute
    self.hook.run(self.sql, self.autocommit, parameters=self.parameters)
  File "/home/airflow/.local/lib/python3.7/site-packages/airflow/hooks/dbapi.py", line 181, in run
    with closing(self.get_conn()) as conn:
  File "/home/airflow/.local/lib/python3.7/site-packages/airflow/providers/postgres/hooks/postgres.py", line 113, in get_conn
    self.conn = psycopg2.connect(**conn_args)
  File "/home/airflow/.local/lib/python3.7/site-packages/psycopg2/__init__.py", line 122, in connect
    conn = _connect(dsn, connection_factory=connection_factory, **kwasync)
psycopg2.OperationalError: could not translate host name "host.docker.internal" to address: Temporary failure in name resolution

[2022-07-31 11:30:12,282] {taskinstance.py:1400} INFO - Marking task as FAILED. dag_id=dag_with_postgres_operator, task_id=create_postgres_table, execution_date=20220107T000000, start_date=20220731T112946, end_date=20220731T113012
[2022-07-31 11:30:12,405] {standard_task_runner.py:97} ERROR - Failed to execute job 1646 for task create_postgres_table (could not translate host name "host.docker.internal" to address: Temporary failure in name resolution
; 5918)
[2022-07-31 11:30:12,419] {local_task_job.py:156} INFO - Task exited with return code 1
[2022-07-31 11:30:12,467] {local_task_job.py:273} INFO - 0 downstream tasks scheduled from follow-on schedule check
[2022-07-31 14:00:12,366] {taskinstance.py:1159} INFO - Dependencies all met for <TaskInstance: dag_with_postgres_operator.create_postgres_table scheduled__2022-01-07T00:00:00+00:00 [queued]>
[2022-07-31 14:00:12,391] {taskinstance.py:1159} INFO - Dependencies all met for <TaskInstance: dag_with_postgres_operator.create_postgres_table scheduled__2022-01-07T00:00:00+00:00 [queued]>
[2022-07-31 14:00:12,391] {taskinstance.py:1356} INFO - 
--------------------------------------------------------------------------------
[2022-07-31 14:00:12,391] {taskinstance.py:1357} INFO - Starting attempt 6 of 6
[2022-07-31 14:00:12,391] {taskinstance.py:1358} INFO - 
--------------------------------------------------------------------------------
[2022-07-31 14:00:12,412] {taskinstance.py:1377} INFO - Executing <Task(PostgresOperator): create_postgres_table> on 2022-01-07 00:00:00+00:00
[2022-07-31 14:00:12,417] {standard_task_runner.py:52} INFO - Started process 3448 to run task
[2022-07-31 14:00:12,421] {standard_task_runner.py:79} INFO - Running: ['***', 'tasks', 'run', 'dag_with_postgres_operator', 'create_postgres_table', 'scheduled__2022-01-07T00:00:00+00:00', '--job-id', '183', '--raw', '--subdir', 'DAGS_FOLDER/DAGWithPostgresOperator.py', '--cfg-path', '/tmp/tmp400x00w8', '--error-file', '/tmp/tmp5wyilj_v']
[2022-07-31 14:00:12,422] {standard_task_runner.py:80} INFO - Job 183: Subtask create_postgres_table
[2022-07-31 14:00:12,507] {task_command.py:369} INFO - Running <TaskInstance: dag_with_postgres_operator.create_postgres_table scheduled__2022-01-07T00:00:00+00:00 [running]> on host 4688dd3b7141
[2022-07-31 14:00:12,644] {taskinstance.py:1571} INFO - Exporting the following env vars:
AIRFLOW_CTX_DAG_OWNER=yosr
AIRFLOW_CTX_DAG_ID=dag_with_postgres_operator
AIRFLOW_CTX_TASK_ID=create_postgres_table
AIRFLOW_CTX_EXECUTION_DATE=2022-01-07T00:00:00+00:00
AIRFLOW_CTX_TRY_NUMBER=6
AIRFLOW_CTX_DAG_RUN_ID=scheduled__2022-01-07T00:00:00+00:00
[2022-07-31 14:00:12,693] {taskinstance.py:1889} ERROR - Task failed with exception
Traceback (most recent call last):
  File "/home/airflow/.local/lib/python3.7/site-packages/airflow/providers/postgres/operators/postgres.py", line 92, in execute
    self.hook.run(self.sql, self.autocommit, parameters=self.parameters)
  File "/home/airflow/.local/lib/python3.7/site-packages/airflow/hooks/dbapi.py", line 181, in run
    with closing(self.get_conn()) as conn:
  File "/home/airflow/.local/lib/python3.7/site-packages/airflow/providers/postgres/hooks/postgres.py", line 86, in get_conn
    conn = deepcopy(self.connection or self.get_connection(conn_id))
  File "/home/airflow/.local/lib/python3.7/site-packages/airflow/hooks/base.py", line 67, in get_connection
    conn = Connection.get_connection_from_secrets(conn_id)
  File "/home/airflow/.local/lib/python3.7/site-packages/airflow/models/connection.py", line 430, in get_connection_from_secrets
    raise AirflowNotFoundException(f"The conn_id `{conn_id}` isn't defined")
airflow.exceptions.AirflowNotFoundException: The conn_id `postgres_localhost` isn't defined
[2022-07-31 14:00:12,701] {taskinstance.py:1400} INFO - Marking task as FAILED. dag_id=dag_with_postgres_operator, task_id=create_postgres_table, execution_date=20220107T000000, start_date=20220731T140012, end_date=20220731T140012
[2022-07-31 14:00:12,728] {standard_task_runner.py:97} ERROR - Failed to execute job 183 for task create_postgres_table (The conn_id `postgres_localhost` isn't defined; 3448)
[2022-07-31 14:00:12,761] {local_task_job.py:156} INFO - Task exited with return code 1
[2022-07-31 14:00:12,813] {local_task_job.py:273} INFO - 0 downstream tasks scheduled from follow-on schedule check
