[2022-07-30 18:13:49,824] {taskinstance.py:1159} INFO - Dependencies all met for <TaskInstance: dag_with_postgres_operator.create_postgres_table scheduled__2022-01-10T00:00:00+00:00 [queued]>
[2022-07-30 18:13:49,842] {taskinstance.py:1159} INFO - Dependencies all met for <TaskInstance: dag_with_postgres_operator.create_postgres_table scheduled__2022-01-10T00:00:00+00:00 [queued]>
[2022-07-30 18:13:49,842] {taskinstance.py:1356} INFO - 
--------------------------------------------------------------------------------
[2022-07-30 18:13:49,842] {taskinstance.py:1357} INFO - Starting attempt 3 of 6
[2022-07-30 18:13:49,842] {taskinstance.py:1358} INFO - 
--------------------------------------------------------------------------------
[2022-07-30 18:13:49,862] {taskinstance.py:1377} INFO - Executing <Task(PostgresOperator): create_postgres_table> on 2022-01-10 00:00:00+00:00
[2022-07-30 18:13:49,867] {standard_task_runner.py:52} INFO - Started process 2261 to run task
[2022-07-30 18:13:49,871] {standard_task_runner.py:79} INFO - Running: ['***', 'tasks', 'run', 'dag_with_postgres_operator', 'create_postgres_table', 'scheduled__2022-01-10T00:00:00+00:00', '--job-id', '136', '--raw', '--subdir', 'DAGS_FOLDER/DAGWithPostgresOperator.py', '--cfg-path', '/tmp/tmp_kxf56nc', '--error-file', '/tmp/tmpkhyzu6fz']
[2022-07-30 18:13:49,872] {standard_task_runner.py:80} INFO - Job 136: Subtask create_postgres_table
[2022-07-30 18:13:49,954] {task_command.py:369} INFO - Running <TaskInstance: dag_with_postgres_operator.create_postgres_table scheduled__2022-01-10T00:00:00+00:00 [running]> on host 66bf18ec08cc
[2022-07-30 18:13:50,055] {taskinstance.py:1571} INFO - Exporting the following env vars:
AIRFLOW_CTX_DAG_OWNER=yosr
AIRFLOW_CTX_DAG_ID=dag_with_postgres_operator
AIRFLOW_CTX_TASK_ID=create_postgres_table
AIRFLOW_CTX_EXECUTION_DATE=2022-01-10T00:00:00+00:00
AIRFLOW_CTX_TRY_NUMBER=3
AIRFLOW_CTX_DAG_RUN_ID=scheduled__2022-01-10T00:00:00+00:00
[2022-07-30 18:13:50,069] {base.py:68} INFO - Using connection ID 'postgres_localhost' for task execution.
[2022-07-30 18:13:50,070] {taskinstance.py:1889} ERROR - Task failed with exception
Traceback (most recent call last):
  File "/home/airflow/.local/lib/python3.7/site-packages/airflow/providers/postgres/operators/postgres.py", line 92, in execute
    self.hook.run(self.sql, self.autocommit, parameters=self.parameters)
  File "/home/airflow/.local/lib/python3.7/site-packages/airflow/hooks/dbapi.py", line 181, in run
    with closing(self.get_conn()) as conn:
  File "/home/airflow/.local/lib/python3.7/site-packages/airflow/providers/postgres/hooks/postgres.py", line 113, in get_conn
    self.conn = psycopg2.connect(**conn_args)
  File "/home/airflow/.local/lib/python3.7/site-packages/psycopg2/__init__.py", line 122, in connect
    conn = _connect(dsn, connection_factory=connection_factory, **kwasync)
psycopg2.OperationalError: could not translate host name "host.docker.internal " to address: Name or service not known

[2022-07-30 18:13:50,083] {taskinstance.py:1400} INFO - Marking task as UP_FOR_RETRY. dag_id=dag_with_postgres_operator, task_id=create_postgres_table, execution_date=20220110T000000, start_date=20220730T181349, end_date=20220730T181350
[2022-07-30 18:13:50,100] {standard_task_runner.py:97} ERROR - Failed to execute job 136 for task create_postgres_table (could not translate host name "host.docker.internal " to address: Name or service not known
; 2261)
[2022-07-30 18:13:50,130] {local_task_job.py:156} INFO - Task exited with return code 1
[2022-07-30 18:13:50,224] {local_task_job.py:273} INFO - 0 downstream tasks scheduled from follow-on schedule check
[2022-07-31 00:20:03,614] {taskinstance.py:1159} INFO - Dependencies all met for <TaskInstance: dag_with_postgres_operator.create_postgres_table scheduled__2022-01-10T00:00:00+00:00 [queued]>
[2022-07-31 00:20:03,645] {taskinstance.py:1159} INFO - Dependencies all met for <TaskInstance: dag_with_postgres_operator.create_postgres_table scheduled__2022-01-10T00:00:00+00:00 [queued]>
[2022-07-31 00:20:03,645] {taskinstance.py:1356} INFO - 
--------------------------------------------------------------------------------
[2022-07-31 00:20:03,646] {taskinstance.py:1357} INFO - Starting attempt 3 of 6
[2022-07-31 00:20:03,646] {taskinstance.py:1358} INFO - 
--------------------------------------------------------------------------------
[2022-07-31 00:20:03,669] {taskinstance.py:1377} INFO - Executing <Task(PostgresOperator): create_postgres_table> on 2022-01-10 00:00:00+00:00
[2022-07-31 00:20:03,675] {standard_task_runner.py:52} INFO - Started process 6189 to run task
[2022-07-31 00:20:03,679] {standard_task_runner.py:79} INFO - Running: ['***', 'tasks', 'run', 'dag_with_postgres_operator', 'create_postgres_table', 'scheduled__2022-01-10T00:00:00+00:00', '--job-id', '1146', '--raw', '--subdir', 'DAGS_FOLDER/DAGWithPostgresOperator.py', '--cfg-path', '/tmp/tmpd8aumt_e', '--error-file', '/tmp/tmp67s3asvg']
[2022-07-31 00:20:03,679] {standard_task_runner.py:80} INFO - Job 1146: Subtask create_postgres_table
[2022-07-31 00:20:03,756] {task_command.py:369} INFO - Running <TaskInstance: dag_with_postgres_operator.create_postgres_table scheduled__2022-01-10T00:00:00+00:00 [running]> on host 66bf18ec08cc
[2022-07-31 00:20:03,858] {taskinstance.py:1571} INFO - Exporting the following env vars:
AIRFLOW_CTX_DAG_OWNER=yosr
AIRFLOW_CTX_DAG_ID=dag_with_postgres_operator
AIRFLOW_CTX_TASK_ID=create_postgres_table
AIRFLOW_CTX_EXECUTION_DATE=2022-01-10T00:00:00+00:00
AIRFLOW_CTX_TRY_NUMBER=3
AIRFLOW_CTX_DAG_RUN_ID=scheduled__2022-01-10T00:00:00+00:00
[2022-07-31 00:20:03,874] {base.py:68} INFO - Using connection ID 'postgres_localhost' for task execution.
[2022-07-31 00:20:03,875] {taskinstance.py:1889} ERROR - Task failed with exception
Traceback (most recent call last):
  File "/home/airflow/.local/lib/python3.7/site-packages/airflow/providers/postgres/operators/postgres.py", line 92, in execute
    self.hook.run(self.sql, self.autocommit, parameters=self.parameters)
  File "/home/airflow/.local/lib/python3.7/site-packages/airflow/hooks/dbapi.py", line 181, in run
    with closing(self.get_conn()) as conn:
  File "/home/airflow/.local/lib/python3.7/site-packages/airflow/providers/postgres/hooks/postgres.py", line 113, in get_conn
    self.conn = psycopg2.connect(**conn_args)
  File "/home/airflow/.local/lib/python3.7/site-packages/psycopg2/__init__.py", line 122, in connect
    conn = _connect(dsn, connection_factory=connection_factory, **kwasync)
psycopg2.OperationalError: could not translate host name "host.docker.local " to address: Name or service not known

[2022-07-31 00:20:03,888] {taskinstance.py:1400} INFO - Marking task as UP_FOR_RETRY. dag_id=dag_with_postgres_operator, task_id=create_postgres_table, execution_date=20220110T000000, start_date=20220731T002003, end_date=20220731T002003
[2022-07-31 00:20:03,913] {standard_task_runner.py:97} ERROR - Failed to execute job 1146 for task create_postgres_table (could not translate host name "host.docker.local " to address: Name or service not known
; 6189)
[2022-07-31 00:20:03,935] {local_task_job.py:156} INFO - Task exited with return code 1
[2022-07-31 00:20:04,062] {local_task_job.py:273} INFO - 0 downstream tasks scheduled from follow-on schedule check
[2022-07-31 11:13:28,643] {taskinstance.py:1159} INFO - Dependencies all met for <TaskInstance: dag_with_postgres_operator.create_postgres_table scheduled__2022-01-10T00:00:00+00:00 [queued]>
[2022-07-31 11:13:28,660] {taskinstance.py:1159} INFO - Dependencies all met for <TaskInstance: dag_with_postgres_operator.create_postgres_table scheduled__2022-01-10T00:00:00+00:00 [queued]>
[2022-07-31 11:13:28,660] {taskinstance.py:1356} INFO - 
--------------------------------------------------------------------------------
[2022-07-31 11:13:28,660] {taskinstance.py:1357} INFO - Starting attempt 3 of 6
[2022-07-31 11:13:28,660] {taskinstance.py:1358} INFO - 
--------------------------------------------------------------------------------
[2022-07-31 11:13:28,684] {taskinstance.py:1377} INFO - Executing <Task(PostgresOperator): create_postgres_table> on 2022-01-10 00:00:00+00:00
[2022-07-31 11:13:28,688] {standard_task_runner.py:52} INFO - Started process 5058 to run task
[2022-07-31 11:13:28,691] {standard_task_runner.py:79} INFO - Running: ['***', 'tasks', 'run', 'dag_with_postgres_operator', 'create_postgres_table', 'scheduled__2022-01-10T00:00:00+00:00', '--job-id', '1595', '--raw', '--subdir', 'DAGS_FOLDER/DAGWithPostgresOperator.py', '--cfg-path', '/tmp/tmpurv2wlyf', '--error-file', '/tmp/tmp5lnb3ey0']
[2022-07-31 11:13:28,692] {standard_task_runner.py:80} INFO - Job 1595: Subtask create_postgres_table
[2022-07-31 11:13:28,771] {task_command.py:369} INFO - Running <TaskInstance: dag_with_postgres_operator.create_postgres_table scheduled__2022-01-10T00:00:00+00:00 [running]> on host 66bf18ec08cc
[2022-07-31 11:13:28,878] {taskinstance.py:1571} INFO - Exporting the following env vars:
AIRFLOW_CTX_DAG_OWNER=yosr
AIRFLOW_CTX_DAG_ID=dag_with_postgres_operator
AIRFLOW_CTX_TASK_ID=create_postgres_table
AIRFLOW_CTX_EXECUTION_DATE=2022-01-10T00:00:00+00:00
AIRFLOW_CTX_TRY_NUMBER=3
AIRFLOW_CTX_DAG_RUN_ID=scheduled__2022-01-10T00:00:00+00:00
[2022-07-31 11:13:28,894] {base.py:68} INFO - Using connection ID 'postgres_localhost' for task execution.
[2022-07-31 11:13:53,915] {taskinstance.py:1889} ERROR - Task failed with exception
Traceback (most recent call last):
  File "/home/airflow/.local/lib/python3.7/site-packages/airflow/providers/postgres/operators/postgres.py", line 92, in execute
    self.hook.run(self.sql, self.autocommit, parameters=self.parameters)
  File "/home/airflow/.local/lib/python3.7/site-packages/airflow/hooks/dbapi.py", line 181, in run
    with closing(self.get_conn()) as conn:
  File "/home/airflow/.local/lib/python3.7/site-packages/airflow/providers/postgres/hooks/postgres.py", line 113, in get_conn
    self.conn = psycopg2.connect(**conn_args)
  File "/home/airflow/.local/lib/python3.7/site-packages/psycopg2/__init__.py", line 122, in connect
    conn = _connect(dsn, connection_factory=connection_factory, **kwasync)
psycopg2.OperationalError: could not translate host name "host.docker.internal" to address: Temporary failure in name resolution

[2022-07-31 11:13:53,928] {taskinstance.py:1400} INFO - Marking task as UP_FOR_RETRY. dag_id=dag_with_postgres_operator, task_id=create_postgres_table, execution_date=20220110T000000, start_date=20220731T111328, end_date=20220731T111353
[2022-07-31 11:13:53,944] {standard_task_runner.py:97} ERROR - Failed to execute job 1595 for task create_postgres_table (could not translate host name "host.docker.internal" to address: Temporary failure in name resolution
; 5058)
[2022-07-31 11:13:53,959] {local_task_job.py:156} INFO - Task exited with return code 1
[2022-07-31 11:13:54,151] {local_task_job.py:273} INFO - 0 downstream tasks scheduled from follow-on schedule check
[2022-07-31 13:45:09,673] {taskinstance.py:1159} INFO - Dependencies all met for <TaskInstance: dag_with_postgres_operator.create_postgres_table scheduled__2022-01-10T00:00:00+00:00 [queued]>
[2022-07-31 13:45:09,689] {taskinstance.py:1159} INFO - Dependencies all met for <TaskInstance: dag_with_postgres_operator.create_postgres_table scheduled__2022-01-10T00:00:00+00:00 [queued]>
[2022-07-31 13:45:09,689] {taskinstance.py:1356} INFO - 
--------------------------------------------------------------------------------
[2022-07-31 13:45:09,690] {taskinstance.py:1357} INFO - Starting attempt 3 of 6
[2022-07-31 13:45:09,690] {taskinstance.py:1358} INFO - 
--------------------------------------------------------------------------------
[2022-07-31 13:45:09,714] {taskinstance.py:1377} INFO - Executing <Task(PostgresOperator): create_postgres_table> on 2022-01-10 00:00:00+00:00
[2022-07-31 13:45:09,719] {standard_task_runner.py:52} INFO - Started process 2660 to run task
[2022-07-31 13:45:09,722] {standard_task_runner.py:79} INFO - Running: ['***', 'tasks', 'run', 'dag_with_postgres_operator', 'create_postgres_table', 'scheduled__2022-01-10T00:00:00+00:00', '--job-id', '136', '--raw', '--subdir', 'DAGS_FOLDER/DAGWithPostgresOperator.py', '--cfg-path', '/tmp/tmp2jx8t64d', '--error-file', '/tmp/tmp76esm4xz']
[2022-07-31 13:45:09,722] {standard_task_runner.py:80} INFO - Job 136: Subtask create_postgres_table
[2022-07-31 13:45:09,813] {task_command.py:369} INFO - Running <TaskInstance: dag_with_postgres_operator.create_postgres_table scheduled__2022-01-10T00:00:00+00:00 [running]> on host 4688dd3b7141
[2022-07-31 13:45:09,926] {taskinstance.py:1571} INFO - Exporting the following env vars:
AIRFLOW_CTX_DAG_OWNER=yosr
AIRFLOW_CTX_DAG_ID=dag_with_postgres_operator
AIRFLOW_CTX_TASK_ID=create_postgres_table
AIRFLOW_CTX_EXECUTION_DATE=2022-01-10T00:00:00+00:00
AIRFLOW_CTX_TRY_NUMBER=3
AIRFLOW_CTX_DAG_RUN_ID=scheduled__2022-01-10T00:00:00+00:00
[2022-07-31 13:45:10,148] {taskinstance.py:1889} ERROR - Task failed with exception
Traceback (most recent call last):
  File "/home/airflow/.local/lib/python3.7/site-packages/airflow/providers/postgres/operators/postgres.py", line 92, in execute
    self.hook.run(self.sql, self.autocommit, parameters=self.parameters)
  File "/home/airflow/.local/lib/python3.7/site-packages/airflow/hooks/dbapi.py", line 181, in run
    with closing(self.get_conn()) as conn:
  File "/home/airflow/.local/lib/python3.7/site-packages/airflow/providers/postgres/hooks/postgres.py", line 86, in get_conn
    conn = deepcopy(self.connection or self.get_connection(conn_id))
  File "/home/airflow/.local/lib/python3.7/site-packages/airflow/hooks/base.py", line 67, in get_connection
    conn = Connection.get_connection_from_secrets(conn_id)
  File "/home/airflow/.local/lib/python3.7/site-packages/airflow/models/connection.py", line 430, in get_connection_from_secrets
    raise AirflowNotFoundException(f"The conn_id `{conn_id}` isn't defined")
airflow.exceptions.AirflowNotFoundException: The conn_id `postgres_localhost` isn't defined
[2022-07-31 13:45:10,154] {taskinstance.py:1400} INFO - Marking task as UP_FOR_RETRY. dag_id=dag_with_postgres_operator, task_id=create_postgres_table, execution_date=20220110T000000, start_date=20220731T134509, end_date=20220731T134510
[2022-07-31 13:45:10,178] {standard_task_runner.py:97} ERROR - Failed to execute job 136 for task create_postgres_table (The conn_id `postgres_localhost` isn't defined; 2660)
[2022-07-31 13:45:10,223] {local_task_job.py:156} INFO - Task exited with return code 1
[2022-07-31 13:45:10,285] {local_task_job.py:273} INFO - 0 downstream tasks scheduled from follow-on schedule check
