[2022-07-30 18:28:53,593] {taskinstance.py:1159} INFO - Dependencies all met for <TaskInstance: dag_with_postgres_operator.create_postgres_table scheduled__2022-01-10T00:00:00+00:00 [queued]>
[2022-07-30 18:28:53,614] {taskinstance.py:1159} INFO - Dependencies all met for <TaskInstance: dag_with_postgres_operator.create_postgres_table scheduled__2022-01-10T00:00:00+00:00 [queued]>
[2022-07-30 18:28:53,614] {taskinstance.py:1356} INFO - 
--------------------------------------------------------------------------------
[2022-07-30 18:28:53,615] {taskinstance.py:1357} INFO - Starting attempt 6 of 6
[2022-07-30 18:28:53,615] {taskinstance.py:1358} INFO - 
--------------------------------------------------------------------------------
[2022-07-30 18:28:53,635] {taskinstance.py:1377} INFO - Executing <Task(PostgresOperator): create_postgres_table> on 2022-01-10 00:00:00+00:00
[2022-07-30 18:28:53,642] {standard_task_runner.py:52} INFO - Started process 3054 to run task
[2022-07-30 18:28:53,646] {standard_task_runner.py:79} INFO - Running: ['***', 'tasks', 'run', 'dag_with_postgres_operator', 'create_postgres_table', 'scheduled__2022-01-10T00:00:00+00:00', '--job-id', '180', '--raw', '--subdir', 'DAGS_FOLDER/DAGWithPostgresOperator.py', '--cfg-path', '/tmp/tmpy11ucbf1', '--error-file', '/tmp/tmpmogetw2h']
[2022-07-30 18:28:53,647] {standard_task_runner.py:80} INFO - Job 180: Subtask create_postgres_table
[2022-07-30 18:28:53,745] {task_command.py:369} INFO - Running <TaskInstance: dag_with_postgres_operator.create_postgres_table scheduled__2022-01-10T00:00:00+00:00 [running]> on host 66bf18ec08cc
[2022-07-30 18:28:53,869] {taskinstance.py:1571} INFO - Exporting the following env vars:
AIRFLOW_CTX_DAG_OWNER=yosr
AIRFLOW_CTX_DAG_ID=dag_with_postgres_operator
AIRFLOW_CTX_TASK_ID=create_postgres_table
AIRFLOW_CTX_EXECUTION_DATE=2022-01-10T00:00:00+00:00
AIRFLOW_CTX_TRY_NUMBER=6
AIRFLOW_CTX_DAG_RUN_ID=scheduled__2022-01-10T00:00:00+00:00
[2022-07-30 18:28:53,903] {base.py:68} INFO - Using connection ID 'postgres_localhost' for task execution.
[2022-07-30 18:28:53,905] {taskinstance.py:1889} ERROR - Task failed with exception
Traceback (most recent call last):
  File "/home/airflow/.local/lib/python3.7/site-packages/airflow/providers/postgres/operators/postgres.py", line 92, in execute
    self.hook.run(self.sql, self.autocommit, parameters=self.parameters)
  File "/home/airflow/.local/lib/python3.7/site-packages/airflow/hooks/dbapi.py", line 181, in run
    with closing(self.get_conn()) as conn:
  File "/home/airflow/.local/lib/python3.7/site-packages/airflow/providers/postgres/hooks/postgres.py", line 113, in get_conn
    self.conn = psycopg2.connect(**conn_args)
  File "/home/airflow/.local/lib/python3.7/site-packages/psycopg2/__init__.py", line 122, in connect
    conn = _connect(dsn, connection_factory=connection_factory, **kwasync)
psycopg2.OperationalError: could not translate host name "host.docker.internal " to address: Name or service not known

[2022-07-30 18:28:53,922] {taskinstance.py:1400} INFO - Marking task as FAILED. dag_id=dag_with_postgres_operator, task_id=create_postgres_table, execution_date=20220110T000000, start_date=20220730T182853, end_date=20220730T182853
[2022-07-30 18:28:53,948] {standard_task_runner.py:97} ERROR - Failed to execute job 180 for task create_postgres_table (could not translate host name "host.docker.internal " to address: Name or service not known
; 3054)
[2022-07-30 18:28:54,001] {local_task_job.py:156} INFO - Task exited with return code 1
[2022-07-30 18:28:54,137] {local_task_job.py:273} INFO - 0 downstream tasks scheduled from follow-on schedule check
[2022-07-31 00:35:07,138] {taskinstance.py:1159} INFO - Dependencies all met for <TaskInstance: dag_with_postgres_operator.create_postgres_table scheduled__2022-01-10T00:00:00+00:00 [queued]>
[2022-07-31 00:35:07,155] {taskinstance.py:1159} INFO - Dependencies all met for <TaskInstance: dag_with_postgres_operator.create_postgres_table scheduled__2022-01-10T00:00:00+00:00 [queued]>
[2022-07-31 00:35:07,155] {taskinstance.py:1356} INFO - 
--------------------------------------------------------------------------------
[2022-07-31 00:35:07,156] {taskinstance.py:1357} INFO - Starting attempt 6 of 6
[2022-07-31 00:35:07,156] {taskinstance.py:1358} INFO - 
--------------------------------------------------------------------------------
[2022-07-31 00:35:07,176] {taskinstance.py:1377} INFO - Executing <Task(PostgresOperator): create_postgres_table> on 2022-01-10 00:00:00+00:00
[2022-07-31 00:35:07,180] {standard_task_runner.py:52} INFO - Started process 6982 to run task
[2022-07-31 00:35:07,185] {standard_task_runner.py:79} INFO - Running: ['***', 'tasks', 'run', 'dag_with_postgres_operator', 'create_postgres_table', 'scheduled__2022-01-10T00:00:00+00:00', '--job-id', '1194', '--raw', '--subdir', 'DAGS_FOLDER/DAGWithPostgresOperator.py', '--cfg-path', '/tmp/tmp_p4u4ttw', '--error-file', '/tmp/tmppq6e0pxw']
[2022-07-31 00:35:07,186] {standard_task_runner.py:80} INFO - Job 1194: Subtask create_postgres_table
[2022-07-31 00:35:07,269] {task_command.py:369} INFO - Running <TaskInstance: dag_with_postgres_operator.create_postgres_table scheduled__2022-01-10T00:00:00+00:00 [running]> on host 66bf18ec08cc
[2022-07-31 00:35:07,385] {taskinstance.py:1571} INFO - Exporting the following env vars:
AIRFLOW_CTX_DAG_OWNER=yosr
AIRFLOW_CTX_DAG_ID=dag_with_postgres_operator
AIRFLOW_CTX_TASK_ID=create_postgres_table
AIRFLOW_CTX_EXECUTION_DATE=2022-01-10T00:00:00+00:00
AIRFLOW_CTX_TRY_NUMBER=6
AIRFLOW_CTX_DAG_RUN_ID=scheduled__2022-01-10T00:00:00+00:00
[2022-07-31 00:35:07,400] {base.py:68} INFO - Using connection ID 'postgres_localhost' for task execution.
[2022-07-31 00:35:07,401] {taskinstance.py:1889} ERROR - Task failed with exception
Traceback (most recent call last):
  File "/home/airflow/.local/lib/python3.7/site-packages/airflow/providers/postgres/operators/postgres.py", line 92, in execute
    self.hook.run(self.sql, self.autocommit, parameters=self.parameters)
  File "/home/airflow/.local/lib/python3.7/site-packages/airflow/hooks/dbapi.py", line 181, in run
    with closing(self.get_conn()) as conn:
  File "/home/airflow/.local/lib/python3.7/site-packages/airflow/providers/postgres/hooks/postgres.py", line 113, in get_conn
    self.conn = psycopg2.connect(**conn_args)
  File "/home/airflow/.local/lib/python3.7/site-packages/psycopg2/__init__.py", line 122, in connect
    conn = _connect(dsn, connection_factory=connection_factory, **kwasync)
psycopg2.OperationalError: could not translate host name "host.docker.local " to address: Name or service not known

[2022-07-31 00:35:07,415] {taskinstance.py:1400} INFO - Marking task as FAILED. dag_id=dag_with_postgres_operator, task_id=create_postgres_table, execution_date=20220110T000000, start_date=20220731T003507, end_date=20220731T003507
[2022-07-31 00:35:07,447] {standard_task_runner.py:97} ERROR - Failed to execute job 1194 for task create_postgres_table (could not translate host name "host.docker.local " to address: Name or service not known
; 6982)
[2022-07-31 00:35:07,483] {local_task_job.py:156} INFO - Task exited with return code 1
[2022-07-31 00:35:07,634] {local_task_job.py:273} INFO - 0 downstream tasks scheduled from follow-on schedule check
[2022-07-31 11:29:46,962] {taskinstance.py:1159} INFO - Dependencies all met for <TaskInstance: dag_with_postgres_operator.create_postgres_table scheduled__2022-01-10T00:00:00+00:00 [queued]>
[2022-07-31 11:29:46,979] {taskinstance.py:1159} INFO - Dependencies all met for <TaskInstance: dag_with_postgres_operator.create_postgres_table scheduled__2022-01-10T00:00:00+00:00 [queued]>
[2022-07-31 11:29:46,980] {taskinstance.py:1356} INFO - 
--------------------------------------------------------------------------------
[2022-07-31 11:29:46,980] {taskinstance.py:1357} INFO - Starting attempt 6 of 6
[2022-07-31 11:29:46,980] {taskinstance.py:1358} INFO - 
--------------------------------------------------------------------------------
[2022-07-31 11:29:47,012] {taskinstance.py:1377} INFO - Executing <Task(PostgresOperator): create_postgres_table> on 2022-01-10 00:00:00+00:00
[2022-07-31 11:29:47,019] {standard_task_runner.py:52} INFO - Started process 5923 to run task
[2022-07-31 11:29:47,023] {standard_task_runner.py:79} INFO - Running: ['***', 'tasks', 'run', 'dag_with_postgres_operator', 'create_postgres_table', 'scheduled__2022-01-10T00:00:00+00:00', '--job-id', '1651', '--raw', '--subdir', 'DAGS_FOLDER/DAGWithPostgresOperator.py', '--cfg-path', '/tmp/tmpi0muw8vl', '--error-file', '/tmp/tmp_nz05azn']
[2022-07-31 11:29:47,023] {standard_task_runner.py:80} INFO - Job 1651: Subtask create_postgres_table
[2022-07-31 11:29:47,125] {task_command.py:369} INFO - Running <TaskInstance: dag_with_postgres_operator.create_postgres_table scheduled__2022-01-10T00:00:00+00:00 [running]> on host 66bf18ec08cc
[2022-07-31 11:29:47,246] {taskinstance.py:1571} INFO - Exporting the following env vars:
AIRFLOW_CTX_DAG_OWNER=yosr
AIRFLOW_CTX_DAG_ID=dag_with_postgres_operator
AIRFLOW_CTX_TASK_ID=create_postgres_table
AIRFLOW_CTX_EXECUTION_DATE=2022-01-10T00:00:00+00:00
AIRFLOW_CTX_TRY_NUMBER=6
AIRFLOW_CTX_DAG_RUN_ID=scheduled__2022-01-10T00:00:00+00:00
[2022-07-31 11:29:47,257] {base.py:68} INFO - Using connection ID 'postgres_localhost' for task execution.
[2022-07-31 11:30:12,281] {taskinstance.py:1889} ERROR - Task failed with exception
Traceback (most recent call last):
  File "/home/airflow/.local/lib/python3.7/site-packages/airflow/providers/postgres/operators/postgres.py", line 92, in execute
    self.hook.run(self.sql, self.autocommit, parameters=self.parameters)
  File "/home/airflow/.local/lib/python3.7/site-packages/airflow/hooks/dbapi.py", line 181, in run
    with closing(self.get_conn()) as conn:
  File "/home/airflow/.local/lib/python3.7/site-packages/airflow/providers/postgres/hooks/postgres.py", line 113, in get_conn
    self.conn = psycopg2.connect(**conn_args)
  File "/home/airflow/.local/lib/python3.7/site-packages/psycopg2/__init__.py", line 122, in connect
    conn = _connect(dsn, connection_factory=connection_factory, **kwasync)
psycopg2.OperationalError: could not translate host name "host.docker.internal" to address: Temporary failure in name resolution

[2022-07-31 11:30:12,335] {taskinstance.py:1400} INFO - Marking task as FAILED. dag_id=dag_with_postgres_operator, task_id=create_postgres_table, execution_date=20220110T000000, start_date=20220731T112946, end_date=20220731T113012
[2022-07-31 11:30:12,395] {standard_task_runner.py:97} ERROR - Failed to execute job 1651 for task create_postgres_table (could not translate host name "host.docker.internal" to address: Temporary failure in name resolution
; 5923)
[2022-07-31 11:30:12,443] {local_task_job.py:156} INFO - Task exited with return code 1
[2022-07-31 11:30:12,500] {local_task_job.py:273} INFO - 0 downstream tasks scheduled from follow-on schedule check
[2022-07-31 14:00:14,396] {taskinstance.py:1159} INFO - Dependencies all met for <TaskInstance: dag_with_postgres_operator.create_postgres_table scheduled__2022-01-10T00:00:00+00:00 [queued]>
[2022-07-31 14:00:14,423] {taskinstance.py:1159} INFO - Dependencies all met for <TaskInstance: dag_with_postgres_operator.create_postgres_table scheduled__2022-01-10T00:00:00+00:00 [queued]>
[2022-07-31 14:00:14,424] {taskinstance.py:1356} INFO - 
--------------------------------------------------------------------------------
[2022-07-31 14:00:14,425] {taskinstance.py:1357} INFO - Starting attempt 6 of 6
[2022-07-31 14:00:14,425] {taskinstance.py:1358} INFO - 
--------------------------------------------------------------------------------
[2022-07-31 14:00:14,455] {taskinstance.py:1377} INFO - Executing <Task(PostgresOperator): create_postgres_table> on 2022-01-10 00:00:00+00:00
[2022-07-31 14:00:14,474] {standard_task_runner.py:52} INFO - Started process 3458 to run task
[2022-07-31 14:00:14,478] {standard_task_runner.py:79} INFO - Running: ['***', 'tasks', 'run', 'dag_with_postgres_operator', 'create_postgres_table', 'scheduled__2022-01-10T00:00:00+00:00', '--job-id', '185', '--raw', '--subdir', 'DAGS_FOLDER/DAGWithPostgresOperator.py', '--cfg-path', '/tmp/tmpwwm2wkyp', '--error-file', '/tmp/tmpoqhy_z68']
[2022-07-31 14:00:14,483] {standard_task_runner.py:80} INFO - Job 185: Subtask create_postgres_table
[2022-07-31 14:00:14,649] {task_command.py:369} INFO - Running <TaskInstance: dag_with_postgres_operator.create_postgres_table scheduled__2022-01-10T00:00:00+00:00 [running]> on host 4688dd3b7141
[2022-07-31 14:00:14,842] {taskinstance.py:1571} INFO - Exporting the following env vars:
AIRFLOW_CTX_DAG_OWNER=yosr
AIRFLOW_CTX_DAG_ID=dag_with_postgres_operator
AIRFLOW_CTX_TASK_ID=create_postgres_table
AIRFLOW_CTX_EXECUTION_DATE=2022-01-10T00:00:00+00:00
AIRFLOW_CTX_TRY_NUMBER=6
AIRFLOW_CTX_DAG_RUN_ID=scheduled__2022-01-10T00:00:00+00:00
[2022-07-31 14:00:14,887] {taskinstance.py:1889} ERROR - Task failed with exception
Traceback (most recent call last):
  File "/home/airflow/.local/lib/python3.7/site-packages/airflow/providers/postgres/operators/postgres.py", line 92, in execute
    self.hook.run(self.sql, self.autocommit, parameters=self.parameters)
  File "/home/airflow/.local/lib/python3.7/site-packages/airflow/hooks/dbapi.py", line 181, in run
    with closing(self.get_conn()) as conn:
  File "/home/airflow/.local/lib/python3.7/site-packages/airflow/providers/postgres/hooks/postgres.py", line 86, in get_conn
    conn = deepcopy(self.connection or self.get_connection(conn_id))
  File "/home/airflow/.local/lib/python3.7/site-packages/airflow/hooks/base.py", line 67, in get_connection
    conn = Connection.get_connection_from_secrets(conn_id)
  File "/home/airflow/.local/lib/python3.7/site-packages/airflow/models/connection.py", line 430, in get_connection_from_secrets
    raise AirflowNotFoundException(f"The conn_id `{conn_id}` isn't defined")
airflow.exceptions.AirflowNotFoundException: The conn_id `postgres_localhost` isn't defined
[2022-07-31 14:00:14,893] {taskinstance.py:1400} INFO - Marking task as FAILED. dag_id=dag_with_postgres_operator, task_id=create_postgres_table, execution_date=20220110T000000, start_date=20220731T140014, end_date=20220731T140014
[2022-07-31 14:00:14,913] {standard_task_runner.py:97} ERROR - Failed to execute job 185 for task create_postgres_table (The conn_id `postgres_localhost` isn't defined; 3458)
[2022-07-31 14:00:14,955] {local_task_job.py:156} INFO - Task exited with return code 1
[2022-07-31 14:00:15,071] {local_task_job.py:273} INFO - 0 downstream tasks scheduled from follow-on schedule check
