[2022-07-30 18:03:47,560] {taskinstance.py:1159} INFO - Dependencies all met for <TaskInstance: dag_with_postgres_operator.create_postgres_table scheduled__2022-01-10T00:00:00+00:00 [queued]>
[2022-07-30 18:03:47,576] {taskinstance.py:1159} INFO - Dependencies all met for <TaskInstance: dag_with_postgres_operator.create_postgres_table scheduled__2022-01-10T00:00:00+00:00 [queued]>
[2022-07-30 18:03:47,576] {taskinstance.py:1356} INFO - 
--------------------------------------------------------------------------------
[2022-07-30 18:03:47,576] {taskinstance.py:1357} INFO - Starting attempt 1 of 6
[2022-07-30 18:03:47,576] {taskinstance.py:1358} INFO - 
--------------------------------------------------------------------------------
[2022-07-30 18:03:47,602] {taskinstance.py:1377} INFO - Executing <Task(PostgresOperator): create_postgres_table> on 2022-01-10 00:00:00+00:00
[2022-07-30 18:03:47,608] {standard_task_runner.py:52} INFO - Started process 1736 to run task
[2022-07-30 18:03:47,612] {standard_task_runner.py:79} INFO - Running: ['***', 'tasks', 'run', 'dag_with_postgres_operator', 'create_postgres_table', 'scheduled__2022-01-10T00:00:00+00:00', '--job-id', '105', '--raw', '--subdir', 'DAGS_FOLDER/DAGWithPostgresOperator.py', '--cfg-path', '/tmp/tmpmi4d1oeo', '--error-file', '/tmp/tmpdyulngs3']
[2022-07-30 18:03:47,613] {standard_task_runner.py:80} INFO - Job 105: Subtask create_postgres_table
[2022-07-30 18:03:47,703] {task_command.py:369} INFO - Running <TaskInstance: dag_with_postgres_operator.create_postgres_table scheduled__2022-01-10T00:00:00+00:00 [running]> on host 66bf18ec08cc
[2022-07-30 18:03:47,808] {taskinstance.py:1571} INFO - Exporting the following env vars:
AIRFLOW_CTX_DAG_OWNER=yosr
AIRFLOW_CTX_DAG_ID=dag_with_postgres_operator
AIRFLOW_CTX_TASK_ID=create_postgres_table
AIRFLOW_CTX_EXECUTION_DATE=2022-01-10T00:00:00+00:00
AIRFLOW_CTX_TRY_NUMBER=1
AIRFLOW_CTX_DAG_RUN_ID=scheduled__2022-01-10T00:00:00+00:00
[2022-07-30 18:03:47,821] {base.py:68} INFO - Using connection ID 'postgres_localhost' for task execution.
[2022-07-30 18:03:47,823] {taskinstance.py:1889} ERROR - Task failed with exception
Traceback (most recent call last):
  File "/home/airflow/.local/lib/python3.7/site-packages/airflow/providers/postgres/operators/postgres.py", line 92, in execute
    self.hook.run(self.sql, self.autocommit, parameters=self.parameters)
  File "/home/airflow/.local/lib/python3.7/site-packages/airflow/hooks/dbapi.py", line 181, in run
    with closing(self.get_conn()) as conn:
  File "/home/airflow/.local/lib/python3.7/site-packages/airflow/providers/postgres/hooks/postgres.py", line 113, in get_conn
    self.conn = psycopg2.connect(**conn_args)
  File "/home/airflow/.local/lib/python3.7/site-packages/psycopg2/__init__.py", line 122, in connect
    conn = _connect(dsn, connection_factory=connection_factory, **kwasync)
psycopg2.OperationalError: could not translate host name "host.docker.internal " to address: Name or service not known

[2022-07-30 18:03:47,836] {taskinstance.py:1400} INFO - Marking task as UP_FOR_RETRY. dag_id=dag_with_postgres_operator, task_id=create_postgres_table, execution_date=20220110T000000, start_date=20220730T180347, end_date=20220730T180347
[2022-07-30 18:03:47,851] {standard_task_runner.py:97} ERROR - Failed to execute job 105 for task create_postgres_table (could not translate host name "host.docker.internal " to address: Name or service not known
; 1736)
[2022-07-30 18:03:47,870] {local_task_job.py:156} INFO - Task exited with return code 1
[2022-07-30 18:03:47,925] {local_task_job.py:273} INFO - 0 downstream tasks scheduled from follow-on schedule check
[2022-07-31 00:10:01,585] {taskinstance.py:1159} INFO - Dependencies all met for <TaskInstance: dag_with_postgres_operator.create_postgres_table scheduled__2022-01-10T00:00:00+00:00 [queued]>
[2022-07-31 00:10:01,605] {taskinstance.py:1159} INFO - Dependencies all met for <TaskInstance: dag_with_postgres_operator.create_postgres_table scheduled__2022-01-10T00:00:00+00:00 [queued]>
[2022-07-31 00:10:01,606] {taskinstance.py:1356} INFO - 
--------------------------------------------------------------------------------
[2022-07-31 00:10:01,606] {taskinstance.py:1357} INFO - Starting attempt 1 of 6
[2022-07-31 00:10:01,606] {taskinstance.py:1358} INFO - 
--------------------------------------------------------------------------------
[2022-07-31 00:10:01,634] {taskinstance.py:1377} INFO - Executing <Task(PostgresOperator): create_postgres_table> on 2022-01-10 00:00:00+00:00
[2022-07-31 00:10:01,640] {standard_task_runner.py:52} INFO - Started process 5664 to run task
[2022-07-31 00:10:01,644] {standard_task_runner.py:79} INFO - Running: ['***', 'tasks', 'run', 'dag_with_postgres_operator', 'create_postgres_table', 'scheduled__2022-01-10T00:00:00+00:00', '--job-id', '1113', '--raw', '--subdir', 'DAGS_FOLDER/DAGWithPostgresOperator.py', '--cfg-path', '/tmp/tmp5e1hhtm3', '--error-file', '/tmp/tmp_gh9_qhu']
[2022-07-31 00:10:01,644] {standard_task_runner.py:80} INFO - Job 1113: Subtask create_postgres_table
[2022-07-31 00:10:01,728] {task_command.py:369} INFO - Running <TaskInstance: dag_with_postgres_operator.create_postgres_table scheduled__2022-01-10T00:00:00+00:00 [running]> on host 66bf18ec08cc
[2022-07-31 00:10:01,835] {taskinstance.py:1571} INFO - Exporting the following env vars:
AIRFLOW_CTX_DAG_OWNER=yosr
AIRFLOW_CTX_DAG_ID=dag_with_postgres_operator
AIRFLOW_CTX_TASK_ID=create_postgres_table
AIRFLOW_CTX_EXECUTION_DATE=2022-01-10T00:00:00+00:00
AIRFLOW_CTX_TRY_NUMBER=1
AIRFLOW_CTX_DAG_RUN_ID=scheduled__2022-01-10T00:00:00+00:00
[2022-07-31 00:10:01,847] {base.py:68} INFO - Using connection ID 'postgres_localhost' for task execution.
[2022-07-31 00:10:01,848] {taskinstance.py:1889} ERROR - Task failed with exception
Traceback (most recent call last):
  File "/home/airflow/.local/lib/python3.7/site-packages/airflow/providers/postgres/operators/postgres.py", line 92, in execute
    self.hook.run(self.sql, self.autocommit, parameters=self.parameters)
  File "/home/airflow/.local/lib/python3.7/site-packages/airflow/hooks/dbapi.py", line 181, in run
    with closing(self.get_conn()) as conn:
  File "/home/airflow/.local/lib/python3.7/site-packages/airflow/providers/postgres/hooks/postgres.py", line 113, in get_conn
    self.conn = psycopg2.connect(**conn_args)
  File "/home/airflow/.local/lib/python3.7/site-packages/psycopg2/__init__.py", line 122, in connect
    conn = _connect(dsn, connection_factory=connection_factory, **kwasync)
psycopg2.OperationalError: could not translate host name "host.docker.local " to address: Name or service not known

[2022-07-31 00:10:01,861] {taskinstance.py:1400} INFO - Marking task as UP_FOR_RETRY. dag_id=dag_with_postgres_operator, task_id=create_postgres_table, execution_date=20220110T000000, start_date=20220731T001001, end_date=20220731T001001
[2022-07-31 00:10:01,875] {standard_task_runner.py:97} ERROR - Failed to execute job 1113 for task create_postgres_table (could not translate host name "host.docker.local " to address: Name or service not known
; 5664)
[2022-07-31 00:10:01,903] {local_task_job.py:156} INFO - Task exited with return code 1
[2022-07-31 00:10:01,961] {local_task_job.py:273} INFO - 0 downstream tasks scheduled from follow-on schedule check
[2022-07-31 11:03:27,142] {taskinstance.py:1159} INFO - Dependencies all met for <TaskInstance: dag_with_postgres_operator.create_postgres_table scheduled__2022-01-10T00:00:00+00:00 [queued]>
[2022-07-31 11:03:27,161] {taskinstance.py:1159} INFO - Dependencies all met for <TaskInstance: dag_with_postgres_operator.create_postgres_table scheduled__2022-01-10T00:00:00+00:00 [queued]>
[2022-07-31 11:03:27,161] {taskinstance.py:1356} INFO - 
--------------------------------------------------------------------------------
[2022-07-31 11:03:27,162] {taskinstance.py:1357} INFO - Starting attempt 1 of 6
[2022-07-31 11:03:27,162] {taskinstance.py:1358} INFO - 
--------------------------------------------------------------------------------
[2022-07-31 11:03:27,184] {taskinstance.py:1377} INFO - Executing <Task(PostgresOperator): create_postgres_table> on 2022-01-10 00:00:00+00:00
[2022-07-31 11:03:27,189] {standard_task_runner.py:52} INFO - Started process 4536 to run task
[2022-07-31 11:03:27,192] {standard_task_runner.py:79} INFO - Running: ['***', 'tasks', 'run', 'dag_with_postgres_operator', 'create_postgres_table', 'scheduled__2022-01-10T00:00:00+00:00', '--job-id', '1563', '--raw', '--subdir', 'DAGS_FOLDER/DAGWithPostgresOperator.py', '--cfg-path', '/tmp/tmpkh0xcgkk', '--error-file', '/tmp/tmpgmnzvk_f']
[2022-07-31 11:03:27,193] {standard_task_runner.py:80} INFO - Job 1563: Subtask create_postgres_table
[2022-07-31 11:03:27,295] {task_command.py:369} INFO - Running <TaskInstance: dag_with_postgres_operator.create_postgres_table scheduled__2022-01-10T00:00:00+00:00 [running]> on host 66bf18ec08cc
[2022-07-31 11:03:27,427] {taskinstance.py:1571} INFO - Exporting the following env vars:
AIRFLOW_CTX_DAG_OWNER=yosr
AIRFLOW_CTX_DAG_ID=dag_with_postgres_operator
AIRFLOW_CTX_TASK_ID=create_postgres_table
AIRFLOW_CTX_EXECUTION_DATE=2022-01-10T00:00:00+00:00
AIRFLOW_CTX_TRY_NUMBER=1
AIRFLOW_CTX_DAG_RUN_ID=scheduled__2022-01-10T00:00:00+00:00
[2022-07-31 11:03:27,446] {base.py:68} INFO - Using connection ID 'postgres_localhost' for task execution.
[2022-07-31 11:03:27,447] {taskinstance.py:1889} ERROR - Task failed with exception
Traceback (most recent call last):
  File "/home/airflow/.local/lib/python3.7/site-packages/airflow/providers/postgres/operators/postgres.py", line 92, in execute
    self.hook.run(self.sql, self.autocommit, parameters=self.parameters)
  File "/home/airflow/.local/lib/python3.7/site-packages/airflow/hooks/dbapi.py", line 181, in run
    with closing(self.get_conn()) as conn:
  File "/home/airflow/.local/lib/python3.7/site-packages/airflow/providers/postgres/hooks/postgres.py", line 113, in get_conn
    self.conn = psycopg2.connect(**conn_args)
  File "/home/airflow/.local/lib/python3.7/site-packages/psycopg2/__init__.py", line 122, in connect
    conn = _connect(dsn, connection_factory=connection_factory, **kwasync)
psycopg2.OperationalError: could not translate host name "host.docker.internal " to address: Name or service not known

[2022-07-31 11:03:27,468] {taskinstance.py:1400} INFO - Marking task as UP_FOR_RETRY. dag_id=dag_with_postgres_operator, task_id=create_postgres_table, execution_date=20220110T000000, start_date=20220731T110327, end_date=20220731T110327
[2022-07-31 11:03:27,489] {standard_task_runner.py:97} ERROR - Failed to execute job 1563 for task create_postgres_table (could not translate host name "host.docker.internal " to address: Name or service not known
; 4536)
[2022-07-31 11:03:27,534] {local_task_job.py:156} INFO - Task exited with return code 1
[2022-07-31 11:03:27,601] {local_task_job.py:273} INFO - 0 downstream tasks scheduled from follow-on schedule check
[2022-07-31 13:35:07,722] {taskinstance.py:1159} INFO - Dependencies all met for <TaskInstance: dag_with_postgres_operator.create_postgres_table scheduled__2022-01-10T00:00:00+00:00 [queued]>
[2022-07-31 13:35:07,740] {taskinstance.py:1159} INFO - Dependencies all met for <TaskInstance: dag_with_postgres_operator.create_postgres_table scheduled__2022-01-10T00:00:00+00:00 [queued]>
[2022-07-31 13:35:07,740] {taskinstance.py:1356} INFO - 
--------------------------------------------------------------------------------
[2022-07-31 13:35:07,740] {taskinstance.py:1357} INFO - Starting attempt 1 of 6
[2022-07-31 13:35:07,740] {taskinstance.py:1358} INFO - 
--------------------------------------------------------------------------------
[2022-07-31 13:35:07,761] {taskinstance.py:1377} INFO - Executing <Task(PostgresOperator): create_postgres_table> on 2022-01-10 00:00:00+00:00
[2022-07-31 13:35:07,766] {standard_task_runner.py:52} INFO - Started process 2129 to run task
[2022-07-31 13:35:07,770] {standard_task_runner.py:79} INFO - Running: ['***', 'tasks', 'run', 'dag_with_postgres_operator', 'create_postgres_table', 'scheduled__2022-01-10T00:00:00+00:00', '--job-id', '105', '--raw', '--subdir', 'DAGS_FOLDER/DAGWithPostgresOperator.py', '--cfg-path', '/tmp/tmplodaeo84', '--error-file', '/tmp/tmpn7pz8usx']
[2022-07-31 13:35:07,771] {standard_task_runner.py:80} INFO - Job 105: Subtask create_postgres_table
[2022-07-31 13:35:07,847] {task_command.py:369} INFO - Running <TaskInstance: dag_with_postgres_operator.create_postgres_table scheduled__2022-01-10T00:00:00+00:00 [running]> on host 4688dd3b7141
[2022-07-31 13:35:07,973] {taskinstance.py:1571} INFO - Exporting the following env vars:
AIRFLOW_CTX_DAG_OWNER=yosr
AIRFLOW_CTX_DAG_ID=dag_with_postgres_operator
AIRFLOW_CTX_TASK_ID=create_postgres_table
AIRFLOW_CTX_EXECUTION_DATE=2022-01-10T00:00:00+00:00
AIRFLOW_CTX_TRY_NUMBER=1
AIRFLOW_CTX_DAG_RUN_ID=scheduled__2022-01-10T00:00:00+00:00
[2022-07-31 13:35:08,016] {taskinstance.py:1889} ERROR - Task failed with exception
Traceback (most recent call last):
  File "/home/airflow/.local/lib/python3.7/site-packages/airflow/providers/postgres/operators/postgres.py", line 92, in execute
    self.hook.run(self.sql, self.autocommit, parameters=self.parameters)
  File "/home/airflow/.local/lib/python3.7/site-packages/airflow/hooks/dbapi.py", line 181, in run
    with closing(self.get_conn()) as conn:
  File "/home/airflow/.local/lib/python3.7/site-packages/airflow/providers/postgres/hooks/postgres.py", line 86, in get_conn
    conn = deepcopy(self.connection or self.get_connection(conn_id))
  File "/home/airflow/.local/lib/python3.7/site-packages/airflow/hooks/base.py", line 67, in get_connection
    conn = Connection.get_connection_from_secrets(conn_id)
  File "/home/airflow/.local/lib/python3.7/site-packages/airflow/models/connection.py", line 430, in get_connection_from_secrets
    raise AirflowNotFoundException(f"The conn_id `{conn_id}` isn't defined")
airflow.exceptions.AirflowNotFoundException: The conn_id `postgres_localhost` isn't defined
[2022-07-31 13:35:08,023] {taskinstance.py:1400} INFO - Marking task as UP_FOR_RETRY. dag_id=dag_with_postgres_operator, task_id=create_postgres_table, execution_date=20220110T000000, start_date=20220731T133507, end_date=20220731T133508
[2022-07-31 13:35:08,044] {standard_task_runner.py:97} ERROR - Failed to execute job 105 for task create_postgres_table (The conn_id `postgres_localhost` isn't defined; 2129)
[2022-07-31 13:35:08,073] {local_task_job.py:156} INFO - Task exited with return code 1
[2022-07-31 13:35:08,132] {local_task_job.py:273} INFO - 0 downstream tasks scheduled from follow-on schedule check
