[2022-07-30 18:08:48,689] {taskinstance.py:1159} INFO - Dependencies all met for <TaskInstance: dag_with_postgres_operator.create_postgres_table scheduled__2022-01-10T00:00:00+00:00 [queued]>
[2022-07-30 18:08:48,716] {taskinstance.py:1159} INFO - Dependencies all met for <TaskInstance: dag_with_postgres_operator.create_postgres_table scheduled__2022-01-10T00:00:00+00:00 [queued]>
[2022-07-30 18:08:48,716] {taskinstance.py:1356} INFO - 
--------------------------------------------------------------------------------
[2022-07-30 18:08:48,716] {taskinstance.py:1357} INFO - Starting attempt 2 of 6
[2022-07-30 18:08:48,717] {taskinstance.py:1358} INFO - 
--------------------------------------------------------------------------------
[2022-07-30 18:08:48,746] {taskinstance.py:1377} INFO - Executing <Task(PostgresOperator): create_postgres_table> on 2022-01-10 00:00:00+00:00
[2022-07-30 18:08:48,751] {standard_task_runner.py:52} INFO - Started process 2002 to run task
[2022-07-30 18:08:48,758] {standard_task_runner.py:79} INFO - Running: ['***', 'tasks', 'run', 'dag_with_postgres_operator', 'create_postgres_table', 'scheduled__2022-01-10T00:00:00+00:00', '--job-id', '120', '--raw', '--subdir', 'DAGS_FOLDER/DAGWithPostgresOperator.py', '--cfg-path', '/tmp/tmppnydydrg', '--error-file', '/tmp/tmpwexkt8fz']
[2022-07-30 18:08:48,758] {standard_task_runner.py:80} INFO - Job 120: Subtask create_postgres_table
[2022-07-30 18:08:48,865] {task_command.py:369} INFO - Running <TaskInstance: dag_with_postgres_operator.create_postgres_table scheduled__2022-01-10T00:00:00+00:00 [running]> on host 66bf18ec08cc
[2022-07-30 18:08:48,983] {taskinstance.py:1571} INFO - Exporting the following env vars:
AIRFLOW_CTX_DAG_OWNER=yosr
AIRFLOW_CTX_DAG_ID=dag_with_postgres_operator
AIRFLOW_CTX_TASK_ID=create_postgres_table
AIRFLOW_CTX_EXECUTION_DATE=2022-01-10T00:00:00+00:00
AIRFLOW_CTX_TRY_NUMBER=2
AIRFLOW_CTX_DAG_RUN_ID=scheduled__2022-01-10T00:00:00+00:00
[2022-07-30 18:08:48,996] {base.py:68} INFO - Using connection ID 'postgres_localhost' for task execution.
[2022-07-30 18:08:48,998] {taskinstance.py:1889} ERROR - Task failed with exception
Traceback (most recent call last):
  File "/home/airflow/.local/lib/python3.7/site-packages/airflow/providers/postgres/operators/postgres.py", line 92, in execute
    self.hook.run(self.sql, self.autocommit, parameters=self.parameters)
  File "/home/airflow/.local/lib/python3.7/site-packages/airflow/hooks/dbapi.py", line 181, in run
    with closing(self.get_conn()) as conn:
  File "/home/airflow/.local/lib/python3.7/site-packages/airflow/providers/postgres/hooks/postgres.py", line 113, in get_conn
    self.conn = psycopg2.connect(**conn_args)
  File "/home/airflow/.local/lib/python3.7/site-packages/psycopg2/__init__.py", line 122, in connect
    conn = _connect(dsn, connection_factory=connection_factory, **kwasync)
psycopg2.OperationalError: could not translate host name "host.docker.internal " to address: Name or service not known

[2022-07-30 18:08:49,011] {taskinstance.py:1400} INFO - Marking task as UP_FOR_RETRY. dag_id=dag_with_postgres_operator, task_id=create_postgres_table, execution_date=20220110T000000, start_date=20220730T180848, end_date=20220730T180849
[2022-07-30 18:08:49,027] {standard_task_runner.py:97} ERROR - Failed to execute job 120 for task create_postgres_table (could not translate host name "host.docker.internal " to address: Name or service not known
; 2002)
[2022-07-30 18:08:49,069] {local_task_job.py:156} INFO - Task exited with return code 1
[2022-07-30 18:08:49,241] {local_task_job.py:273} INFO - 0 downstream tasks scheduled from follow-on schedule check
[2022-07-31 00:15:02,724] {taskinstance.py:1159} INFO - Dependencies all met for <TaskInstance: dag_with_postgres_operator.create_postgres_table scheduled__2022-01-10T00:00:00+00:00 [queued]>
[2022-07-31 00:15:02,750] {taskinstance.py:1159} INFO - Dependencies all met for <TaskInstance: dag_with_postgres_operator.create_postgres_table scheduled__2022-01-10T00:00:00+00:00 [queued]>
[2022-07-31 00:15:02,751] {taskinstance.py:1356} INFO - 
--------------------------------------------------------------------------------
[2022-07-31 00:15:02,751] {taskinstance.py:1357} INFO - Starting attempt 2 of 6
[2022-07-31 00:15:02,751] {taskinstance.py:1358} INFO - 
--------------------------------------------------------------------------------
[2022-07-31 00:15:02,775] {taskinstance.py:1377} INFO - Executing <Task(PostgresOperator): create_postgres_table> on 2022-01-10 00:00:00+00:00
[2022-07-31 00:15:02,781] {standard_task_runner.py:52} INFO - Started process 5924 to run task
[2022-07-31 00:15:02,785] {standard_task_runner.py:79} INFO - Running: ['***', 'tasks', 'run', 'dag_with_postgres_operator', 'create_postgres_table', 'scheduled__2022-01-10T00:00:00+00:00', '--job-id', '1130', '--raw', '--subdir', 'DAGS_FOLDER/DAGWithPostgresOperator.py', '--cfg-path', '/tmp/tmpp77jiz6r', '--error-file', '/tmp/tmplsevj1c0']
[2022-07-31 00:15:02,785] {standard_task_runner.py:80} INFO - Job 1130: Subtask create_postgres_table
[2022-07-31 00:15:02,863] {task_command.py:369} INFO - Running <TaskInstance: dag_with_postgres_operator.create_postgres_table scheduled__2022-01-10T00:00:00+00:00 [running]> on host 66bf18ec08cc
[2022-07-31 00:15:02,972] {taskinstance.py:1571} INFO - Exporting the following env vars:
AIRFLOW_CTX_DAG_OWNER=yosr
AIRFLOW_CTX_DAG_ID=dag_with_postgres_operator
AIRFLOW_CTX_TASK_ID=create_postgres_table
AIRFLOW_CTX_EXECUTION_DATE=2022-01-10T00:00:00+00:00
AIRFLOW_CTX_TRY_NUMBER=2
AIRFLOW_CTX_DAG_RUN_ID=scheduled__2022-01-10T00:00:00+00:00
[2022-07-31 00:15:02,986] {base.py:68} INFO - Using connection ID 'postgres_localhost' for task execution.
[2022-07-31 00:15:02,987] {taskinstance.py:1889} ERROR - Task failed with exception
Traceback (most recent call last):
  File "/home/airflow/.local/lib/python3.7/site-packages/airflow/providers/postgres/operators/postgres.py", line 92, in execute
    self.hook.run(self.sql, self.autocommit, parameters=self.parameters)
  File "/home/airflow/.local/lib/python3.7/site-packages/airflow/hooks/dbapi.py", line 181, in run
    with closing(self.get_conn()) as conn:
  File "/home/airflow/.local/lib/python3.7/site-packages/airflow/providers/postgres/hooks/postgres.py", line 113, in get_conn
    self.conn = psycopg2.connect(**conn_args)
  File "/home/airflow/.local/lib/python3.7/site-packages/psycopg2/__init__.py", line 122, in connect
    conn = _connect(dsn, connection_factory=connection_factory, **kwasync)
psycopg2.OperationalError: could not translate host name "host.docker.local " to address: Name or service not known

[2022-07-31 00:15:03,002] {taskinstance.py:1400} INFO - Marking task as UP_FOR_RETRY. dag_id=dag_with_postgres_operator, task_id=create_postgres_table, execution_date=20220110T000000, start_date=20220731T001502, end_date=20220731T001503
[2022-07-31 00:15:03,018] {standard_task_runner.py:97} ERROR - Failed to execute job 1130 for task create_postgres_table (could not translate host name "host.docker.local " to address: Name or service not known
; 5924)
[2022-07-31 00:15:03,045] {local_task_job.py:156} INFO - Task exited with return code 1
[2022-07-31 00:15:03,165] {local_task_job.py:273} INFO - 0 downstream tasks scheduled from follow-on schedule check
[2022-07-31 11:08:28,086] {taskinstance.py:1159} INFO - Dependencies all met for <TaskInstance: dag_with_postgres_operator.create_postgres_table scheduled__2022-01-10T00:00:00+00:00 [queued]>
[2022-07-31 11:08:28,107] {taskinstance.py:1159} INFO - Dependencies all met for <TaskInstance: dag_with_postgres_operator.create_postgres_table scheduled__2022-01-10T00:00:00+00:00 [queued]>
[2022-07-31 11:08:28,107] {taskinstance.py:1356} INFO - 
--------------------------------------------------------------------------------
[2022-07-31 11:08:28,107] {taskinstance.py:1357} INFO - Starting attempt 2 of 6
[2022-07-31 11:08:28,107] {taskinstance.py:1358} INFO - 
--------------------------------------------------------------------------------
[2022-07-31 11:08:28,128] {taskinstance.py:1377} INFO - Executing <Task(PostgresOperator): create_postgres_table> on 2022-01-10 00:00:00+00:00
[2022-07-31 11:08:28,135] {standard_task_runner.py:52} INFO - Started process 4798 to run task
[2022-07-31 11:08:28,139] {standard_task_runner.py:79} INFO - Running: ['***', 'tasks', 'run', 'dag_with_postgres_operator', 'create_postgres_table', 'scheduled__2022-01-10T00:00:00+00:00', '--job-id', '1580', '--raw', '--subdir', 'DAGS_FOLDER/DAGWithPostgresOperator.py', '--cfg-path', '/tmp/tmp93ax7pnh', '--error-file', '/tmp/tmp836md88q']
[2022-07-31 11:08:28,140] {standard_task_runner.py:80} INFO - Job 1580: Subtask create_postgres_table
[2022-07-31 11:08:28,211] {task_command.py:369} INFO - Running <TaskInstance: dag_with_postgres_operator.create_postgres_table scheduled__2022-01-10T00:00:00+00:00 [running]> on host 66bf18ec08cc
[2022-07-31 11:08:28,315] {taskinstance.py:1571} INFO - Exporting the following env vars:
AIRFLOW_CTX_DAG_OWNER=yosr
AIRFLOW_CTX_DAG_ID=dag_with_postgres_operator
AIRFLOW_CTX_TASK_ID=create_postgres_table
AIRFLOW_CTX_EXECUTION_DATE=2022-01-10T00:00:00+00:00
AIRFLOW_CTX_TRY_NUMBER=2
AIRFLOW_CTX_DAG_RUN_ID=scheduled__2022-01-10T00:00:00+00:00
[2022-07-31 11:08:28,334] {base.py:68} INFO - Using connection ID 'postgres_localhost' for task execution.
[2022-07-31 11:08:28,336] {taskinstance.py:1889} ERROR - Task failed with exception
Traceback (most recent call last):
  File "/home/airflow/.local/lib/python3.7/site-packages/airflow/providers/postgres/operators/postgres.py", line 92, in execute
    self.hook.run(self.sql, self.autocommit, parameters=self.parameters)
  File "/home/airflow/.local/lib/python3.7/site-packages/airflow/hooks/dbapi.py", line 181, in run
    with closing(self.get_conn()) as conn:
  File "/home/airflow/.local/lib/python3.7/site-packages/airflow/providers/postgres/hooks/postgres.py", line 113, in get_conn
    self.conn = psycopg2.connect(**conn_args)
  File "/home/airflow/.local/lib/python3.7/site-packages/psycopg2/__init__.py", line 122, in connect
    conn = _connect(dsn, connection_factory=connection_factory, **kwasync)
psycopg2.OperationalError: connection to server at "localhost" (127.0.0.1), port 5432 failed: Connection refused
	Is the server running on that host and accepting TCP/IP connections?
connection to server at "localhost" (::1), port 5432 failed: Cannot assign requested address
	Is the server running on that host and accepting TCP/IP connections?

[2022-07-31 11:08:28,352] {taskinstance.py:1400} INFO - Marking task as UP_FOR_RETRY. dag_id=dag_with_postgres_operator, task_id=create_postgres_table, execution_date=20220110T000000, start_date=20220731T110828, end_date=20220731T110828
[2022-07-31 11:08:28,375] {standard_task_runner.py:97} ERROR - Failed to execute job 1580 for task create_postgres_table (connection to server at "localhost" (127.0.0.1), port 5432 failed: Connection refused
	Is the server running on that host and accepting TCP/IP connections?
connection to server at "localhost" (::1), port 5432 failed: Cannot assign requested address
	Is the server running on that host and accepting TCP/IP connections?
; 4798)
[2022-07-31 11:08:28,399] {local_task_job.py:156} INFO - Task exited with return code 1
[2022-07-31 11:08:28,456] {local_task_job.py:273} INFO - 0 downstream tasks scheduled from follow-on schedule check
[2022-07-31 13:40:08,604] {taskinstance.py:1159} INFO - Dependencies all met for <TaskInstance: dag_with_postgres_operator.create_postgres_table scheduled__2022-01-10T00:00:00+00:00 [queued]>
[2022-07-31 13:40:08,621] {taskinstance.py:1159} INFO - Dependencies all met for <TaskInstance: dag_with_postgres_operator.create_postgres_table scheduled__2022-01-10T00:00:00+00:00 [queued]>
[2022-07-31 13:40:08,621] {taskinstance.py:1356} INFO - 
--------------------------------------------------------------------------------
[2022-07-31 13:40:08,622] {taskinstance.py:1357} INFO - Starting attempt 2 of 6
[2022-07-31 13:40:08,622] {taskinstance.py:1358} INFO - 
--------------------------------------------------------------------------------
[2022-07-31 13:40:08,644] {taskinstance.py:1377} INFO - Executing <Task(PostgresOperator): create_postgres_table> on 2022-01-10 00:00:00+00:00
[2022-07-31 13:40:08,649] {standard_task_runner.py:52} INFO - Started process 2394 to run task
[2022-07-31 13:40:08,652] {standard_task_runner.py:79} INFO - Running: ['***', 'tasks', 'run', 'dag_with_postgres_operator', 'create_postgres_table', 'scheduled__2022-01-10T00:00:00+00:00', '--job-id', '120', '--raw', '--subdir', 'DAGS_FOLDER/DAGWithPostgresOperator.py', '--cfg-path', '/tmp/tmpg6_c8xvz', '--error-file', '/tmp/tmpf9_whxk5']
[2022-07-31 13:40:08,652] {standard_task_runner.py:80} INFO - Job 120: Subtask create_postgres_table
[2022-07-31 13:40:08,731] {task_command.py:369} INFO - Running <TaskInstance: dag_with_postgres_operator.create_postgres_table scheduled__2022-01-10T00:00:00+00:00 [running]> on host 4688dd3b7141
[2022-07-31 13:40:08,829] {taskinstance.py:1571} INFO - Exporting the following env vars:
AIRFLOW_CTX_DAG_OWNER=yosr
AIRFLOW_CTX_DAG_ID=dag_with_postgres_operator
AIRFLOW_CTX_TASK_ID=create_postgres_table
AIRFLOW_CTX_EXECUTION_DATE=2022-01-10T00:00:00+00:00
AIRFLOW_CTX_TRY_NUMBER=2
AIRFLOW_CTX_DAG_RUN_ID=scheduled__2022-01-10T00:00:00+00:00
[2022-07-31 13:40:08,867] {taskinstance.py:1889} ERROR - Task failed with exception
Traceback (most recent call last):
  File "/home/airflow/.local/lib/python3.7/site-packages/airflow/providers/postgres/operators/postgres.py", line 92, in execute
    self.hook.run(self.sql, self.autocommit, parameters=self.parameters)
  File "/home/airflow/.local/lib/python3.7/site-packages/airflow/hooks/dbapi.py", line 181, in run
    with closing(self.get_conn()) as conn:
  File "/home/airflow/.local/lib/python3.7/site-packages/airflow/providers/postgres/hooks/postgres.py", line 86, in get_conn
    conn = deepcopy(self.connection or self.get_connection(conn_id))
  File "/home/airflow/.local/lib/python3.7/site-packages/airflow/hooks/base.py", line 67, in get_connection
    conn = Connection.get_connection_from_secrets(conn_id)
  File "/home/airflow/.local/lib/python3.7/site-packages/airflow/models/connection.py", line 430, in get_connection_from_secrets
    raise AirflowNotFoundException(f"The conn_id `{conn_id}` isn't defined")
airflow.exceptions.AirflowNotFoundException: The conn_id `postgres_localhost` isn't defined
[2022-07-31 13:40:08,874] {taskinstance.py:1400} INFO - Marking task as UP_FOR_RETRY. dag_id=dag_with_postgres_operator, task_id=create_postgres_table, execution_date=20220110T000000, start_date=20220731T134008, end_date=20220731T134008
[2022-07-31 13:40:08,891] {standard_task_runner.py:97} ERROR - Failed to execute job 120 for task create_postgres_table (The conn_id `postgres_localhost` isn't defined; 2394)
[2022-07-31 13:40:08,913] {local_task_job.py:156} INFO - Task exited with return code 1
[2022-07-31 13:40:08,967] {local_task_job.py:273} INFO - 0 downstream tasks scheduled from follow-on schedule check
