[2022-07-29 10:54:18,667] {taskinstance.py:1159} INFO - Dependencies all met for <TaskInstance: Second_one.first_task scheduled__2021-11-20T00:00:00+00:00 [queued]>
[2022-07-29 10:54:18,687] {taskinstance.py:1159} INFO - Dependencies all met for <TaskInstance: Second_one.first_task scheduled__2021-11-20T00:00:00+00:00 [queued]>
[2022-07-29 10:54:18,688] {taskinstance.py:1356} INFO - 
--------------------------------------------------------------------------------
[2022-07-29 10:54:18,688] {taskinstance.py:1357} INFO - Starting attempt 1 of 6
[2022-07-29 10:54:18,688] {taskinstance.py:1358} INFO - 
--------------------------------------------------------------------------------
[2022-07-29 10:54:18,713] {taskinstance.py:1377} INFO - Executing <Task(BashOperator): first_task> on 2021-11-20 00:00:00+00:00
[2022-07-29 10:54:18,719] {standard_task_runner.py:52} INFO - Started process 2690 to run task
[2022-07-29 10:54:18,723] {standard_task_runner.py:79} INFO - Running: ['***', 'tasks', 'run', 'Second_one', 'first_task', 'scheduled__2021-11-20T00:00:00+00:00', '--job-id', '117', '--raw', '--subdir', 'DAGS_FOLDER/Second_One.py', '--cfg-path', '/tmp/tmpj318vlhu', '--error-file', '/tmp/tmp8imyzdgf']
[2022-07-29 10:54:18,724] {standard_task_runner.py:80} INFO - Job 117: Subtask first_task
[2022-07-29 10:54:18,825] {task_command.py:369} INFO - Running <TaskInstance: Second_one.first_task scheduled__2021-11-20T00:00:00+00:00 [running]> on host 9f0f006fc89d
[2022-07-29 10:54:18,958] {taskinstance.py:1571} INFO - Exporting the following env vars:
AIRFLOW_CTX_DAG_OWNER=yosr
AIRFLOW_CTX_DAG_ID=Second_one
AIRFLOW_CTX_TASK_ID=first_task
AIRFLOW_CTX_EXECUTION_DATE=2021-11-20T00:00:00+00:00
AIRFLOW_CTX_TRY_NUMBER=1
AIRFLOW_CTX_DAG_RUN_ID=scheduled__2021-11-20T00:00:00+00:00
[2022-07-29 10:54:18,959] {subprocess.py:62} INFO - Tmp dir root location: 
 /tmp
[2022-07-29 10:54:18,960] {subprocess.py:74} INFO - Running command: ['bash', '-c', 'echo hello world']
[2022-07-29 10:54:18,975] {subprocess.py:85} INFO - Output:
[2022-07-29 10:54:18,978] {subprocess.py:92} INFO - hello world
[2022-07-29 10:54:18,979] {subprocess.py:96} INFO - Command exited with return code 0
[2022-07-29 10:54:19,039] {taskinstance.py:1400} INFO - Marking task as SUCCESS. dag_id=Second_one, task_id=first_task, execution_date=20211120T000000, start_date=20220729T105418, end_date=20220729T105419
[2022-07-29 10:54:19,066] {local_task_job.py:156} INFO - Task exited with return code 0
[2022-07-29 10:54:19,112] {local_task_job.py:273} INFO - 0 downstream tasks scheduled from follow-on schedule check
